1.6428 	WARNING 	We strongly recommend you activate the PTB sound engine in PsychoPy prefs as the preferred audio engine. Its timing is vastly superior. Your prefs are currently set to use ['sounddevice', 'PTB', 'pyo', 'pygame'] (in that order).
8.4216 	WARNING 	Requested an unavailable screen number - using first available.
9.8993 	EXP 	Created window1 = Window(allowGUI=False, allowStencil=False, autoLog=True, backendConf=UNKNOWN, bitsMode=UNKNOWN, blendMode='avg', bpc=(8, 8, 8), color=array([0, 0, 0]), colorSpace='rgb', depthBits=8, fullscr=<method-wrapper '__getattribute__' of attributeSetter object at 0x0000013D51E628D0>, gamma=None, gammaErrorPolicy='raise', lms=UNKNOWN, monitor=<psychopy.monitors.calibTools.Monitor object at 0x0000013D51D917B8>, multiSample=False, name='window1', numSamples=2, pos=[0.0, 0.0], screen=1, size=array([1920, 1080]), stencilBits=0, stereo=False, units='height', useFBO=True, useRetina=False, viewOri=0.0, viewPos=None, viewScale=None, waitBlanking=True, winType='pyglet')
9.9002 	EXP 	window1: mouseVisible = True
9.9003 	EXP 	window1: recordFrameIntervals = False
10.0650 	EXP 	window1: recordFrameIntervals = True
10.2482 	EXP 	window1: recordFrameIntervals = False
10.7718 	EXP 	Created WelcomeText = TextStim(__class__=<class 'psychopy.visual.text.TextStim'>, alignHoriz=method-wrapper(...), alignText='center', alignVert=method-wrapper(...), anchorHoriz='center', anchorVert='center', antialias=True, autoLog=True, bold=False, color=array([-1., -1., -1.]), colorSpace='rgb', contrast=1.0, depth=0.0, flipHoriz=False, flipVert=False, font='Open Sans', fontFiles=[], height=0.03, italic=False, languageStyle='LTR', name='WelcomeText', opacity=1, ori=0.0, pos=array([0., 0.]), rgb=UNKNOWN, text=str(...), units='height', win=Window(...), wrapWidth=1)
10.7998 	EXP 	Created text_ActiveViewing = TextStim(__class__=<class 'psychopy.visual.text.TextStim'>, alignHoriz=method-wrapper(...), alignText='center', alignVert=method-wrapper(...), anchorHoriz='center', anchorVert='center', antialias=True, autoLog=True, bold=False, color=array([-1., -1., -1.]), colorSpace='rgb', contrast=1.0, depth=0.0, flipHoriz=False, flipVert=False, font='Open Sans', fontFiles=[], height=0.04, italic=False, languageStyle='LTR', name='text_ActiveViewing', opacity=1, ori=0.0, pos=array([0., 0.]), rgb=UNKNOWN, text=str(...), units='height', win=Window(...), wrapWidth=1)
10.8065 	EXP 	Created image_view = ImageStim(__class__=<class 'psychopy.visual.image.ImageStim'>, autoLog=True, color=array([1., 1., 1.]), colorSpace='rgb', contrast=1.0, depth=0.0, flipHoriz=False, flipVert=False, image='sin', interpolate=True, mask=None, maskParams=None, name='image_view', opacity=1, ori=0.0, pos=array([0., 0.]), size=array([1.  , 0.75]), texRes=128.0, units='height', win=Window(...))
10.8136 	EXP 	Created text_fixcross = TextStim(__class__=<class 'psychopy.visual.text.TextStim'>, alignHoriz=method-wrapper(...), alignText='center', alignVert=method-wrapper(...), anchorHoriz='center', anchorVert='center', antialias=True, autoLog=True, bold=False, color=array([-1., -1., -1.]), colorSpace='rgb', contrast=1.0, depth=0.0, flipHoriz=False, flipVert=False, font='Open Sans', fontFiles=[], height=0.1, italic=False, languageStyle='LTR', name='text_fixcross', opacity=1, ori=0.0, pos=array([0., 0.]), rgb=UNKNOWN, text='+', units='height', win=Window(...), wrapWidth=1)
10.8150 	EXP 	Created text_Instruction = TextStim(__class__=<class 'psychopy.visual.text.TextStim'>, alignHoriz=method-wrapper(...), alignText='center', alignVert=method-wrapper(...), anchorHoriz='center', anchorVert='center', antialias=True, autoLog=True, bold=False, color=array([-1., -1., -1.]), colorSpace='rgb', contrast=1.0, depth=0.0, flipHoriz=False, flipVert=False, font='Open Sans', fontFiles=[], height=0.04, italic=False, languageStyle='LTR', name='text_Instruction', opacity=1, ori=0.0, pos=array([0., 0.]), rgb=UNKNOWN, text='', units='height', win=Window(...), wrapWidth=1)
10.8190 	EXP 	Created image_reg = ImageStim(__class__=<class 'psychopy.visual.image.ImageStim'>, autoLog=True, color=array([1., 1., 1.]), colorSpace='rgb', contrast=1.0, depth=0.0, flipHoriz=False, flipVert=False, image='sin', interpolate=True, mask=None, maskParams=None, name='image_reg', opacity=1, ori=0.0, pos=array([0., 0.]), size=array([1.  , 0.75]), texRes=128.0, units='height', win=Window(...))
10.8395 	EXP 	Created text_slider_arousal = TextStim(__class__=<class 'psychopy.visual.text.TextStim'>, alignHoriz=method-wrapper(...), alignText='center', alignVert=method-wrapper(...), anchorHoriz='center', anchorVert='center', antialias=True, autoLog=True, bold=False, color=array([-1., -1., -1.]), colorSpace='rgb', contrast=1.0, depth=0.0, flipHoriz=False, flipVert=False, font='Open Sans', fontFiles=[], height=0.05, italic=False, languageStyle='LTR', name='text_slider_arousal', opacity=1, ori=0.0, pos=array([0., 0.]), rgb=UNKNOWN, text=str(...), units='height', win=Window(...), wrapWidth=1)
10.8479 	EXP 	window1: mouseVisible = True
10.8628 	EXP 	Created slider_arousal = Slider(__class__=<class 'psychopy.visual.slider.Slider'>, autoDraw=False, autoLog=True, borderColor=None, color=None, colorSpace='rgb', depth=-1, fillColor=None, flip=False, font='Open Sans', granularity=0.0, labelHeight=0.05, labelWrapWidth=None, labels=('sehr gering', 'sehr hoch'), name='slider_arousal', opacity=None, pos=(0, -0.2), readOnly=False, self=UNKNOWN, size=[1.0, 0.1], startValue=None, style=method-wrapper(...), styleTweaks=method-wrapper(...), ticks=array([  0, 400]), units='height', win=Window(...))
10.8757 	EXP 	Created text_slider_effort = TextStim(__class__=<class 'psychopy.visual.text.TextStim'>, alignHoriz=method-wrapper(...), alignText='center', alignVert=method-wrapper(...), anchorHoriz='center', anchorVert='center', antialias=True, autoLog=True, bold=False, color=array([-1., -1., -1.]), colorSpace='rgb', contrast=1.0, depth=0.0, flipHoriz=False, flipVert=False, font='Open Sans', fontFiles=[], height=0.05, italic=False, languageStyle='LTR', name='text_slider_effort', opacity=1, ori=0.0, pos=array([0., 0.]), rgb=UNKNOWN, text=str(...), units='height', win=Window(...), wrapWidth=1)
10.8820 	EXP 	window1: mouseVisible = True
10.8942 	EXP 	Created slider_effort = Slider(__class__=<class 'psychopy.visual.slider.Slider'>, autoDraw=False, autoLog=True, borderColor=None, color=None, colorSpace='rgb', depth=-1, fillColor=None, flip=False, font='Open Sans', granularity=0.0, labelHeight=0.05, labelWrapWidth=None, labels=('sehr gering', 'sehr hoch'), name='slider_effort', opacity=None, pos=(0, -0.2), readOnly=False, self=UNKNOWN, size=(1.0, 0.1), startValue=None, style=method-wrapper(...), styleTweaks=method-wrapper(...), ticks=array([  0, 400]), units='height', win=Window(...))
10.9588 	EXP 	Created text_EDinstruction = TextStim(__class__=<class 'psychopy.visual.text.TextStim'>, alignHoriz=method-wrapper(...), alignText='center', alignVert=method-wrapper(...), anchorHoriz='center', anchorVert='center', antialias=True, autoLog=True, bold=False, color=array([-1., -1., -1.]), colorSpace='rgb', contrast=1.0, depth=0.0, flipHoriz=False, flipVert=False, font='Open Sans', fontFiles=[], height=0.03, italic=False, languageStyle='LTR', name='text_EDinstruction', opacity=1, ori=0.0, pos=array([0., 0.]), rgb=UNKNOWN, text=str(...), units='height', win=Window(...), wrapWidth=1)
10.9696 	EXP 	Created question = TextStim(__class__=<class 'psychopy.visual.text.TextStim'>, alignHoriz=method-wrapper(...), alignText='center', alignVert=method-wrapper(...), anchorHoriz='center', anchorVert='center', antialias=True, autoLog=True, bold=False, color=array([-1., -1., -1.]), colorSpace='rgb', contrast=1.0, depth=0.0, flipHoriz=False, flipVert=False, font='Open Sans', fontFiles=[], height=0.03, italic=False, languageStyle='LTR', name='question', opacity=1, ori=0.0, pos=array([0. , 0.1]), rgb=UNKNOWN, text=str(...), units='height', win=Window(...), wrapWidth=1)
10.9697 	EXP 	window1: mouseVisible = True
10.9805 	EXP 	window1: mouseVisible = True
10.9901 	EXP 	window1: mouseVisible = True
10.9951 	EXP 	Created EDbufferscreen = TextStim(__class__=<class 'psychopy.visual.text.TextStim'>, alignHoriz=method-wrapper(...), alignText='center', alignVert=method-wrapper(...), anchorHoriz='center', anchorVert='center', antialias=True, autoLog=True, bold=False, color=array([-1., -1., -1.]), colorSpace='rgb', contrast=1.0, depth=0.0, flipHoriz=False, flipVert=False, font='Open Sans', fontFiles=[], height=0.03, italic=False, languageStyle='LTR', name='EDbufferscreen', opacity=1, ori=0.0, pos=array([0. , 0.1]), rgb=UNKNOWN, text=str(...), units='height', win=Window(...), wrapWidth=1)
11.0282 	EXP 	Created text_choice = TextStim(__class__=<class 'psychopy.visual.text.TextStim'>, alignHoriz=method-wrapper(...), alignText='center', alignVert=method-wrapper(...), anchorHoriz='center', anchorVert='center', antialias=True, autoLog=True, bold=False, color=array([-1., -1., -1.]), colorSpace='rgb', contrast=1.0, depth=0.0, flipHoriz=False, flipVert=False, font='Open Sans', fontFiles=[], height=0.04, italic=False, languageStyle='LTR', name='text_choice', opacity=1, ori=0.0, pos=array([0., 0.]), rgb=UNKNOWN, text=str(...), units='height', win=Window(...), wrapWidth=1)
11.0296 	EXP 	Created text_instr_choice = TextStim(__class__=<class 'psychopy.visual.text.TextStim'>, alignHoriz=method-wrapper(...), alignText='center', alignVert=method-wrapper(...), anchorHoriz='center', anchorVert='center', antialias=True, autoLog=True, bold=False, color=array([-1., -1., -1.]), colorSpace='rgb', contrast=1.0, depth=-1.0, flipHoriz=False, flipVert=False, font='Open Sans', fontFiles=[], height=0.04, italic=False, languageStyle='LTR', name='text_instr_choice', opacity=1, ori=0.0, pos=array([0., 0.]), rgb=UNKNOWN, text='', units='height', win=Window(...), wrapWidth=1)
11.0341 	EXP 	Created image = ImageStim(__class__=<class 'psychopy.visual.image.ImageStim'>, autoLog=True, color=array([1., 1., 1.]), colorSpace='rgb', contrast=1.0, depth=0.0, flipHoriz=False, flipVert=False, image='sin', interpolate=True, mask=None, maskParams=None, name='image', opacity=1, ori=0.0, pos=array([0., 0.]), size=array([1.  , 0.75]), texRes=128.0, units='height', win=Window(...))
11.0517 	EXP 	Created text_end = TextStim(__class__=<class 'psychopy.visual.text.TextStim'>, alignHoriz=method-wrapper(...), alignText='center', alignVert=method-wrapper(...), anchorHoriz='center', anchorVert='center', antialias=True, autoLog=True, bold=False, color=array([-1., -1., -1.]), colorSpace='rgb', contrast=1.0, depth=0.0, flipHoriz=False, flipVert=False, font='Open Sans', fontFiles=[], height=0.05, italic=False, languageStyle='LTR', name='text_end', opacity=1, ori=0.0, pos=array([0., 0.]), rgb=UNKNOWN, text=str(...), units='height', win=Window(...), wrapWidth=1)
11.0887 	EXP 	slider_arousal: autoLog = True
11.0887 	EXP 	slider_arousal: markerPos = None
11.0887 	EXP 	slider_arousal: rating = None
11.0887 	EXP 	slider_arousal: markerPos = None
11.0887 	EXP 	slider_arousal: contrast = 1.0
11.0887 	EXP 	slider_arousal: autoLog = True
11.0887 	EXP 	slider_arousal: styleTweaks = []
11.0887 	EXP 	slider_arousal: style = 'slider'
11.0887 	EXP 	slider_arousal: styleTweaks = []
11.0887 	EXP 	slider_effort: autoLog = True
11.0887 	EXP 	slider_effort: markerPos = None
11.0887 	EXP 	slider_effort: rating = None
11.0887 	EXP 	slider_effort: markerPos = None
11.0887 	EXP 	slider_effort: contrast = 1.0
11.0887 	EXP 	slider_effort: autoLog = True
11.0887 	EXP 	slider_effort: styleTweaks = []
11.0887 	EXP 	slider_effort: style = 'slider'
11.0887 	EXP 	slider_effort: styleTweaks = []
11.0887 	EXP 	WelcomeText: autoDraw = True
91.5883 	DATA 	Keypress: space
91.6216 	EXP 	Imported blocks_view.xlsx as conditions, 2 conditions, 5 params
91.6223 	EXP 	Created sequence: sequential, trialTypes=2, nReps=1, seed=None
91.6229 	EXP 	New trial (rep=0, index=0): {'Block': 1, 'conds_view_File': 'StimuliNeutral.xlsx', 'n_reps': 1, 'instr_1': 'ANSCHAUEN', 'TriggerBlockView': 21}
91.6312 	EXP 	WelcomeText: autoDraw = False
91.6312 	EXP 	text_ActiveViewing: autoDraw = True
97.6837 	DATA 	Keypress: space
97.7052 	EXP 	Imported StimuliNeutral.xlsx as conditions, 20 conditions, 2 params
97.7059 	EXP 	Created sequence: random, trialTypes=20, nReps=1, seed=None
97.7063 	EXP 	New trial (rep=0, index=0): {'ImageFile': 'Stimuli/7002.jpg', 'Trigger': 1}
97.7135 	EXP 	text_ActiveViewing: autoDraw = False
97.7135 	EXP 	text_fixcross: autoDraw = True
102.3880 	EXP 	text_fixcross: autoDraw = False
102.3880 	EXP 	text_fixcross: autoDraw = False
102.3880 	EXP 	image_view: image = 'Stimuli/7002.jpg'
102.3880 	EXP 	image_view: autoDraw = True
108.3854 	EXP 	New trial (rep=0, index=1): {'ImageFile': 'Stimuli/107.jpg', 'Trigger': 1}
108.3984 	EXP 	image_view: autoDraw = False
108.3984 	EXP 	image_view: autoDraw = False
108.3984 	EXP 	text_fixcross: autoDraw = True
111.8359 	EXP 	text_fixcross: autoDraw = False
111.8359 	EXP 	text_fixcross: autoDraw = False
111.8359 	EXP 	image_view: image = 'Stimuli/107.jpg'
111.8359 	EXP 	image_view: autoDraw = True
117.8351 	EXP 	New trial (rep=0, index=2): {'ImageFile': 'Stimuli/7000.jpg', 'Trigger': 1}
117.8490 	EXP 	image_view: autoDraw = False
117.8490 	EXP 	image_view: autoDraw = False
117.8490 	EXP 	text_fixcross: autoDraw = True
122.5141 	EXP 	text_fixcross: autoDraw = False
122.5141 	EXP 	text_fixcross: autoDraw = False
122.5141 	EXP 	image_view: image = 'Stimuli/7000.jpg'
122.5141 	EXP 	image_view: autoDraw = True
128.5015 	EXP 	New trial (rep=0, index=3): {'ImageFile': 'Stimuli/7185.jpg', 'Trigger': 1}
128.5154 	EXP 	image_view: autoDraw = False
128.5154 	EXP 	image_view: autoDraw = False
128.5154 	EXP 	text_fixcross: autoDraw = True
131.5670 	EXP 	text_fixcross: autoDraw = False
131.5670 	EXP 	text_fixcross: autoDraw = False
131.5670 	EXP 	image_view: image = 'Stimuli/7185.jpg'
131.5670 	EXP 	image_view: autoDraw = True
137.5680 	EXP 	New trial (rep=0, index=4): {'ImageFile': 'Stimuli/7211.jpg', 'Trigger': 1}
137.5820 	EXP 	image_view: autoDraw = False
137.5820 	EXP 	image_view: autoDraw = False
137.5820 	EXP 	text_fixcross: autoDraw = True
141.7274 	EXP 	text_fixcross: autoDraw = False
141.7274 	EXP 	text_fixcross: autoDraw = False
141.7274 	EXP 	image_view: image = 'Stimuli/7211.jpg'
141.7274 	EXP 	image_view: autoDraw = True
147.7183 	EXP 	New trial (rep=0, index=5): {'ImageFile': 'Stimuli/7025.jpg', 'Trigger': 1}
147.7323 	EXP 	image_view: autoDraw = False
147.7323 	EXP 	image_view: autoDraw = False
147.7323 	EXP 	text_fixcross: autoDraw = True
152.0764 	EXP 	text_fixcross: autoDraw = False
152.0764 	EXP 	text_fixcross: autoDraw = False
152.0764 	EXP 	image_view: image = 'Stimuli/7025.jpg'
152.0764 	EXP 	image_view: autoDraw = True
158.0679 	EXP 	New trial (rep=0, index=6): {'ImageFile': 'Stimuli/140.jpg', 'Trigger': 1}
158.0816 	EXP 	image_view: autoDraw = False
158.0816 	EXP 	image_view: autoDraw = False
158.0816 	EXP 	text_fixcross: autoDraw = True
161.4137 	EXP 	text_fixcross: autoDraw = False
161.4137 	EXP 	text_fixcross: autoDraw = False
161.4137 	EXP 	image_view: image = 'Stimuli/140.jpg'
161.4137 	EXP 	image_view: autoDraw = True
167.4017 	EXP 	New trial (rep=0, index=7): {'ImageFile': 'Stimuli/7233.jpg', 'Trigger': 1}
167.4155 	EXP 	image_view: autoDraw = False
167.4155 	EXP 	image_view: autoDraw = False
167.4155 	EXP 	text_fixcross: autoDraw = True
172.0810 	EXP 	text_fixcross: autoDraw = False
172.0810 	EXP 	text_fixcross: autoDraw = False
172.0810 	EXP 	image_view: image = 'Stimuli/7233.jpg'
172.0810 	EXP 	image_view: autoDraw = True
178.0682 	EXP 	New trial (rep=0, index=8): {'ImageFile': 'Stimuli/7100.jpg', 'Trigger': 1}
178.0822 	EXP 	image_view: autoDraw = False
178.0822 	EXP 	image_view: autoDraw = False
178.0822 	EXP 	text_fixcross: autoDraw = True
183.1311 	EXP 	text_fixcross: autoDraw = False
183.1311 	EXP 	text_fixcross: autoDraw = False
183.1311 	EXP 	image_view: image = 'Stimuli/7100.jpg'
183.1311 	EXP 	image_view: autoDraw = True
189.1183 	EXP 	New trial (rep=0, index=9): {'ImageFile': 'Stimuli/7004.jpg', 'Trigger': 1}
189.1322 	EXP 	image_view: autoDraw = False
189.1322 	EXP 	image_view: autoDraw = False
189.1322 	EXP 	text_fixcross: autoDraw = True
193.3831 	EXP 	text_fixcross: autoDraw = False
193.3831 	EXP 	text_fixcross: autoDraw = False
193.3831 	EXP 	image_view: image = 'Stimuli/7004.jpg'
193.3831 	EXP 	image_view: autoDraw = True
199.3850 	EXP 	New trial (rep=0, index=10): {'ImageFile': 'Stimuli/7235.jpg', 'Trigger': 1}
199.3986 	EXP 	image_view: autoDraw = False
199.3986 	EXP 	image_view: autoDraw = False
199.3986 	EXP 	text_fixcross: autoDraw = True
202.5425 	EXP 	text_fixcross: autoDraw = False
202.5425 	EXP 	text_fixcross: autoDraw = False
202.5425 	EXP 	image_view: image = 'Stimuli/7235.jpg'
202.5425 	EXP 	image_view: autoDraw = True
208.5351 	EXP 	New trial (rep=0, index=11): {'ImageFile': 'Stimuli/7009.jpg', 'Trigger': 1}
208.5487 	EXP 	image_view: autoDraw = False
208.5487 	EXP 	image_view: autoDraw = False
208.5487 	EXP 	text_fixcross: autoDraw = True
213.0975 	EXP 	text_fixcross: autoDraw = False
213.0975 	EXP 	text_fixcross: autoDraw = False
213.0975 	EXP 	image_view: image = 'Stimuli/7009.jpg'
213.0975 	EXP 	image_view: autoDraw = True
219.0850 	EXP 	New trial (rep=0, index=12): {'ImageFile': 'Stimuli/7006.jpg', 'Trigger': 1}
219.0990 	EXP 	image_view: autoDraw = False
219.0990 	EXP 	image_view: autoDraw = False
219.0990 	EXP 	text_fixcross: autoDraw = True
223.1488 	EXP 	text_fixcross: autoDraw = False
223.1488 	EXP 	text_fixcross: autoDraw = False
223.1488 	EXP 	image_view: image = 'Stimuli/7006.jpg'
223.1488 	EXP 	image_view: autoDraw = True
229.1348 	EXP 	New trial (rep=0, index=13): {'ImageFile': 'Stimuli/7021.jpg', 'Trigger': 1}
229.1486 	EXP 	image_view: autoDraw = False
229.1486 	EXP 	image_view: autoDraw = False
229.1486 	EXP 	text_fixcross: autoDraw = True
233.8033 	EXP 	text_fixcross: autoDraw = False
233.8033 	EXP 	text_fixcross: autoDraw = False
233.8033 	EXP 	image_view: image = 'Stimuli/7021.jpg'
233.8033 	EXP 	image_view: autoDraw = True
239.8015 	EXP 	New trial (rep=0, index=14): {'ImageFile': 'Stimuli/7150.jpg', 'Trigger': 1}
239.8154 	EXP 	image_view: autoDraw = False
239.8154 	EXP 	image_view: autoDraw = False
239.8154 	EXP 	text_fixcross: autoDraw = True
244.2696 	EXP 	text_fixcross: autoDraw = False
244.2696 	EXP 	text_fixcross: autoDraw = False
244.2696 	EXP 	image_view: image = 'Stimuli/7150.jpg'
244.2696 	EXP 	image_view: autoDraw = True
250.2678 	EXP 	New trial (rep=0, index=15): {'ImageFile': 'Stimuli/7041.jpg', 'Trigger': 1}
250.2815 	EXP 	image_view: autoDraw = False
250.2815 	EXP 	image_view: autoDraw = False
250.2815 	EXP 	text_fixcross: autoDraw = True
255.1191 	EXP 	text_fixcross: autoDraw = False
255.1191 	EXP 	text_fixcross: autoDraw = False
255.1191 	EXP 	image_view: image = 'Stimuli/7041.jpg'
255.1191 	EXP 	image_view: autoDraw = True
261.1182 	EXP 	New trial (rep=0, index=16): {'ImageFile': 'Stimuli/124.jpg', 'Trigger': 1}
261.1320 	EXP 	image_view: autoDraw = False
261.1320 	EXP 	image_view: autoDraw = False
261.1320 	EXP 	text_fixcross: autoDraw = True
264.6841 	EXP 	text_fixcross: autoDraw = False
264.6841 	EXP 	text_fixcross: autoDraw = False
264.6841 	EXP 	image_view: image = 'Stimuli/124.jpg'
264.6841 	EXP 	image_view: autoDraw = True
270.6850 	EXP 	New trial (rep=0, index=17): {'ImageFile': 'Stimuli/143.jpg', 'Trigger': 1}
270.6990 	EXP 	image_view: autoDraw = False
270.6990 	EXP 	image_view: autoDraw = False
270.6990 	EXP 	text_fixcross: autoDraw = True
273.8408 	EXP 	text_fixcross: autoDraw = False
273.8408 	EXP 	text_fixcross: autoDraw = False
273.8408 	EXP 	image_view: image = 'Stimuli/143.jpg'
273.8408 	EXP 	image_view: autoDraw = True
279.8349 	EXP 	New trial (rep=0, index=18): {'ImageFile': 'Stimuli/7224.jpg', 'Trigger': 1}
279.8487 	EXP 	image_view: autoDraw = False
279.8487 	EXP 	image_view: autoDraw = False
279.8487 	EXP 	text_fixcross: autoDraw = True
283.3008 	EXP 	text_fixcross: autoDraw = False
283.3008 	EXP 	text_fixcross: autoDraw = False
283.3008 	EXP 	image_view: image = 'Stimuli/7224.jpg'
283.3008 	EXP 	image_view: autoDraw = True
289.3013 	EXP 	New trial (rep=0, index=19): {'ImageFile': 'Stimuli/083.jpg', 'Trigger': 1}
289.3149 	EXP 	image_view: autoDraw = False
289.3149 	EXP 	image_view: autoDraw = False
289.3149 	EXP 	text_fixcross: autoDraw = True
292.5415 	EXP 	text_fixcross: autoDraw = False
292.5415 	EXP 	text_fixcross: autoDraw = False
292.5415 	EXP 	image_view: image = 'Stimuli/083.jpg'
292.5415 	EXP 	image_view: autoDraw = True
298.5687 	EXP 	image_view: autoDraw = False
298.5687 	EXP 	image_view: autoDraw = False
298.5687 	EXP 	slider_arousal: markerPos = None
298.5687 	EXP 	slider_arousal: markerPos = None
298.5687 	EXP 	slider_arousal: rating = None
298.5687 	EXP 	text_slider_arousal: autoDraw = True
298.5687 	EXP 	slider_arousal: autoDraw = True
304.1840 	DATA 	Mouse: Left button down, pos=(430,319)
304.1976 	EXP 	slider_arousal: markerPos = 3.703703703703698
304.2146 	EXP 	slider_arousal: markerPos = 3.703703703703698
304.2308 	EXP 	slider_arousal: markerPos = 3.703703703703698
304.2471 	EXP 	slider_arousal: markerPos = 3.703703703703698
304.2639 	EXP 	slider_arousal: markerPos = 3.703703703703698
304.2802 	EXP 	slider_arousal: markerPos = 3.703703703703698
304.2973 	EXP 	slider_arousal: markerPos = 3.703703703703698
304.3136 	EXP 	slider_arousal: markerPos = 3.703703703703698
304.3304 	EXP 	slider_arousal: markerPos = 3.703703703703698
304.3470 	EXP 	slider_arousal: markerPos = 3.703703703703698
304.3637 	EXP 	slider_arousal: markerPos = 3.703703703703698
304.3806 	EXP 	slider_arousal: markerPos = 3.703703703703698
304.3971 	EXP 	slider_arousal: markerPos = 3.703703703703698
304.4135 	EXP 	slider_arousal: markerPos = 3.703703703703698
304.4301 	EXP 	slider_arousal: markerPos = 3.703703703703698
304.4467 	EXP 	slider_arousal: markerPos = 3.703703703703698
304.4636 	EXP 	slider_arousal: markerPos = 3.703703703703698
304.4801 	EXP 	slider_arousal: markerPos = 3.703703703703698
304.4968 	EXP 	slider_arousal: markerPos = 3.703703703703698
304.5134 	EXP 	slider_arousal: markerPos = 3.703703703703698
304.5301 	EXP 	slider_arousal: markerPos = 3.703703703703698
304.5475 	EXP 	slider_arousal: markerPos = 3.703703703703698
304.5637 	EXP 	slider_arousal: markerPos = 3.703703703703698
304.5802 	EXP 	slider_arousal: markerPos = 3.703703703703698
304.5970 	EXP 	slider_arousal: markerPos = 3.703703703703698
304.6003 	DATA 	Mouse:  Left button up, pos=(430,319)
304.6142 	EXP 	slider_arousal: markerPos = 3.703703703703698
304.6142 	EXP 	slider_arousal: rating = 3.703703703703698
304.6375 	EXP 	text_slider_arousal: autoDraw = False
304.6375 	EXP 	slider_arousal: autoDraw = False
304.6375 	EXP 	slider_effort: markerPos = None
304.6375 	EXP 	slider_effort: markerPos = None
304.6375 	EXP 	slider_effort: rating = None
304.6375 	EXP 	text_slider_effort: autoDraw = True
304.6375 	EXP 	slider_effort: autoDraw = True
307.4001 	DATA 	Mouse: Left button down, pos=(473,322)
307.4139 	EXP 	slider_effort: markerPos = 19.62962962962962
307.4307 	EXP 	slider_effort: markerPos = 19.62962962962962
307.4471 	EXP 	slider_effort: markerPos = 19.62962962962962
307.4637 	EXP 	slider_effort: markerPos = 19.62962962962962
307.4805 	EXP 	slider_effort: markerPos = 19.62962962962962
307.4971 	EXP 	slider_effort: markerPos = 19.62962962962962
307.5136 	EXP 	slider_effort: markerPos = 19.62962962962962
307.5304 	EXP 	slider_effort: markerPos = 19.62962962962962
307.5471 	EXP 	slider_effort: markerPos = 19.62962962962962
307.5637 	EXP 	slider_effort: markerPos = 19.62962962962962
307.5804 	EXP 	slider_effort: markerPos = 19.62962962962962
307.5969 	EXP 	slider_effort: markerPos = 19.62962962962962
307.6004 	DATA 	Mouse:  Left button up, pos=(473,322)
307.6146 	EXP 	slider_effort: markerPos = 19.62962962962962
307.6146 	EXP 	slider_effort: rating = 19.62962962962962
307.6181 	EXP 	New trial (rep=0, index=1): {'Block': 2, 'conds_view_File': 'StimuliNegative.xlsx', 'n_reps': 1, 'instr_1': 'ANSCHAUEN', 'TriggerBlockView': 22}
307.6308 	EXP 	text_slider_effort: autoDraw = False
307.6308 	EXP 	slider_effort: autoDraw = False
307.6308 	EXP 	text_ActiveViewing: autoDraw = True
311.8881 	DATA 	Keypress: space
311.9383 	EXP 	Imported StimuliNegative_4.xlsx as conditions, 20 conditions, 1 params
311.9389 	EXP 	Created sequence: random, trialTypes=20, nReps=1, seed=None
311.9392 	EXP 	New trial (rep=0, index=0): {'ImageFile': 'Stimuli/9421.jpg'}
311.9461 	EXP 	text_ActiveViewing: autoDraw = False
311.9461 	EXP 	text_fixcross: autoDraw = True
316.3936 	EXP 	text_fixcross: autoDraw = False
316.3936 	EXP 	text_fixcross: autoDraw = False
316.3936 	EXP 	image_view: image = 'Stimuli/9421.jpg'
316.3936 	EXP 	image_view: autoDraw = True
322.3856 	EXP 	New trial (rep=0, index=1): {'ImageFile': 'Stimuli/9120.jpg'}
322.3987 	EXP 	image_view: autoDraw = False
322.3987 	EXP 	image_view: autoDraw = False
322.3987 	EXP 	text_fixcross: autoDraw = True
326.9535 	EXP 	text_fixcross: autoDraw = False
326.9535 	EXP 	text_fixcross: autoDraw = False
326.9535 	EXP 	image_view: image = 'Stimuli/9120.jpg'
326.9535 	EXP 	image_view: autoDraw = True
332.9515 	EXP 	New trial (rep=0, index=2): {'ImageFile': 'Stimuli/9420.jpg'}
332.9654 	EXP 	image_view: autoDraw = False
332.9654 	EXP 	image_view: autoDraw = False
332.9654 	EXP 	text_fixcross: autoDraw = True
337.2154 	EXP 	text_fixcross: autoDraw = False
337.2154 	EXP 	text_fixcross: autoDraw = False
337.2154 	EXP 	image_view: image = 'Stimuli/9420.jpg'
337.2154 	EXP 	image_view: autoDraw = True
343.2016 	EXP 	New trial (rep=0, index=3): {'ImageFile': 'Stimuli/9254.jpg'}
343.2157 	EXP 	image_view: autoDraw = False
343.2157 	EXP 	image_view: autoDraw = False
343.2157 	EXP 	text_fixcross: autoDraw = True
347.0611 	EXP 	text_fixcross: autoDraw = False
347.0611 	EXP 	text_fixcross: autoDraw = False
347.0611 	EXP 	image_view: image = 'Stimuli/9254.jpg'
347.0611 	EXP 	image_view: autoDraw = True
353.0514 	EXP 	New trial (rep=0, index=4): {'ImageFile': 'Stimuli/227.jpg'}
353.0651 	EXP 	image_view: autoDraw = False
353.0651 	EXP 	image_view: autoDraw = False
353.0651 	EXP 	text_fixcross: autoDraw = True
357.6247 	EXP 	text_fixcross: autoDraw = False
357.6247 	EXP 	text_fixcross: autoDraw = False
357.6247 	EXP 	image_view: image = 'Stimuli/227.jpg'
357.6247 	EXP 	image_view: autoDraw = True
363.6182 	EXP 	New trial (rep=0, index=5): {'ImageFile': 'Stimuli/9905.jpg'}
363.6322 	EXP 	image_view: autoDraw = False
363.6322 	EXP 	image_view: autoDraw = False
363.6322 	EXP 	text_fixcross: autoDraw = True
367.6885 	EXP 	text_fixcross: autoDraw = False
367.6885 	EXP 	text_fixcross: autoDraw = False
367.6885 	EXP 	image_view: image = 'Stimuli/9905.jpg'
367.6885 	EXP 	image_view: autoDraw = True
373.6849 	EXP 	New trial (rep=0, index=6): {'ImageFile': 'Stimuli/3230.jpg'}
373.6987 	EXP 	image_view: autoDraw = False
373.6987 	EXP 	image_view: autoDraw = False
373.6987 	EXP 	text_fixcross: autoDraw = True
377.9439 	EXP 	text_fixcross: autoDraw = False
377.9439 	EXP 	text_fixcross: autoDraw = False
377.9439 	EXP 	image_view: image = 'Stimuli/3230.jpg'
377.9439 	EXP 	image_view: autoDraw = True
383.9350 	EXP 	New trial (rep=0, index=7): {'ImageFile': 'Stimuli/3061.jpg'}
383.9488 	EXP 	image_view: autoDraw = False
383.9488 	EXP 	image_view: autoDraw = False
383.9488 	EXP 	text_fixcross: autoDraw = True
388.8965 	EXP 	text_fixcross: autoDraw = False
388.8965 	EXP 	text_fixcross: autoDraw = False
388.8965 	EXP 	image_view: image = 'Stimuli/3061.jpg'
388.8965 	EXP 	image_view: autoDraw = True
394.8849 	EXP 	New trial (rep=0, index=8): {'ImageFile': 'Stimuli/9185.jpg'}
394.8987 	EXP 	image_view: autoDraw = False
394.8987 	EXP 	image_view: autoDraw = False
394.8987 	EXP 	text_fixcross: autoDraw = True
399.1511 	EXP 	text_fixcross: autoDraw = False
399.1511 	EXP 	text_fixcross: autoDraw = False
399.1511 	EXP 	image_view: image = 'Stimuli/9185.jpg'
399.1511 	EXP 	image_view: autoDraw = True
405.1516 	EXP 	New trial (rep=0, index=9): {'ImageFile': 'Stimuli/9230.jpg'}
405.1657 	EXP 	image_view: autoDraw = False
405.1657 	EXP 	image_view: autoDraw = False
405.1657 	EXP 	text_fixcross: autoDraw = True
409.0157 	EXP 	text_fixcross: autoDraw = False
409.0157 	EXP 	text_fixcross: autoDraw = False
409.0157 	EXP 	image_view: image = 'Stimuli/9230.jpg'
409.0157 	EXP 	image_view: autoDraw = True
415.0182 	EXP 	New trial (rep=0, index=10): {'ImageFile': 'Stimuli/9332.jpg'}
415.0320 	EXP 	image_view: autoDraw = False
415.0320 	EXP 	image_view: autoDraw = False
415.0320 	EXP 	text_fixcross: autoDraw = True
418.6757 	EXP 	text_fixcross: autoDraw = False
418.6757 	EXP 	text_fixcross: autoDraw = False
418.6757 	EXP 	image_view: image = 'Stimuli/9332.jpg'
418.6757 	EXP 	image_view: autoDraw = True
424.6681 	EXP 	New trial (rep=0, index=11): {'ImageFile': 'Stimuli/2800.jpg'}
424.6820 	EXP 	image_view: autoDraw = False
424.6820 	EXP 	image_view: autoDraw = False
424.6820 	EXP 	text_fixcross: autoDraw = True
429.5392 	EXP 	text_fixcross: autoDraw = False
429.5392 	EXP 	text_fixcross: autoDraw = False
429.5392 	EXP 	image_view: image = 'Stimuli/2800.jpg'
429.5392 	EXP 	image_view: autoDraw = True
435.5349 	EXP 	New trial (rep=0, index=12): {'ImageFile': 'Stimuli/6838.jpg'}
435.5491 	EXP 	image_view: autoDraw = False
435.5491 	EXP 	image_view: autoDraw = False
435.5491 	EXP 	text_fixcross: autoDraw = True
438.8990 	EXP 	text_fixcross: autoDraw = False
438.8990 	EXP 	text_fixcross: autoDraw = False
438.8990 	EXP 	image_view: image = 'Stimuli/6838.jpg'
438.8990 	EXP 	image_view: autoDraw = True
444.9015 	EXP 	New trial (rep=0, index=13): {'ImageFile': 'Stimuli/9599.jpg'}
444.9153 	EXP 	image_view: autoDraw = False
444.9153 	EXP 	image_view: autoDraw = False
444.9153 	EXP 	text_fixcross: autoDraw = True
448.4731 	EXP 	text_fixcross: autoDraw = False
448.4731 	EXP 	text_fixcross: autoDraw = False
448.4731 	EXP 	image_view: image = 'Stimuli/9599.jpg'
448.4731 	EXP 	image_view: autoDraw = True
454.4683 	EXP 	New trial (rep=0, index=14): {'ImageFile': 'Stimuli/252.jpg'}
454.4824 	EXP 	image_view: autoDraw = False
454.4824 	EXP 	image_view: autoDraw = False
454.4824 	EXP 	text_fixcross: autoDraw = True
458.2303 	EXP 	text_fixcross: autoDraw = False
458.2303 	EXP 	text_fixcross: autoDraw = False
458.2303 	EXP 	image_view: image = 'Stimuli/252.jpg'
458.2303 	EXP 	image_view: autoDraw = True
464.2181 	EXP 	New trial (rep=0, index=15): {'ImageFile': 'Stimuli/9295.jpg'}
464.2321 	EXP 	image_view: autoDraw = False
464.2321 	EXP 	image_view: autoDraw = False
464.2321 	EXP 	text_fixcross: autoDraw = True
468.5875 	EXP 	text_fixcross: autoDraw = False
468.5875 	EXP 	text_fixcross: autoDraw = False
468.5875 	EXP 	image_view: image = 'Stimuli/9295.jpg'
468.5875 	EXP 	image_view: autoDraw = True
474.5848 	EXP 	New trial (rep=0, index=16): {'ImageFile': 'Stimuli/6561.jpg'}
474.5988 	EXP 	image_view: autoDraw = False
474.5988 	EXP 	image_view: autoDraw = False
474.5988 	EXP 	text_fixcross: autoDraw = True
479.3449 	EXP 	text_fixcross: autoDraw = False
479.3449 	EXP 	text_fixcross: autoDraw = False
479.3449 	EXP 	image_view: image = 'Stimuli/6561.jpg'
479.3449 	EXP 	image_view: autoDraw = True
485.3348 	EXP 	New trial (rep=0, index=17): {'ImageFile': 'Stimuli/9181.jpg'}
485.3486 	EXP 	image_view: autoDraw = False
485.3486 	EXP 	image_view: autoDraw = False
485.3486 	EXP 	text_fixcross: autoDraw = True
489.9012 	EXP 	text_fixcross: autoDraw = False
489.9012 	EXP 	text_fixcross: autoDraw = False
489.9012 	EXP 	image_view: image = 'Stimuli/9181.jpg'
489.9012 	EXP 	image_view: autoDraw = True
495.9016 	EXP 	New trial (rep=0, index=18): {'ImageFile': 'Stimuli/1051.jpg'}
495.9155 	EXP 	image_view: autoDraw = False
495.9155 	EXP 	image_view: autoDraw = False
495.9155 	EXP 	text_fixcross: autoDraw = True
499.3558 	EXP 	text_fixcross: autoDraw = False
499.3558 	EXP 	text_fixcross: autoDraw = False
499.3558 	EXP 	image_view: image = 'Stimuli/1051.jpg'
499.3558 	EXP 	image_view: autoDraw = True
505.3516 	EXP 	New trial (rep=0, index=19): {'ImageFile': 'Stimuli/9411.jpg'}
505.3656 	EXP 	image_view: autoDraw = False
505.3656 	EXP 	image_view: autoDraw = False
505.3656 	EXP 	text_fixcross: autoDraw = True
508.4131 	EXP 	text_fixcross: autoDraw = False
508.4131 	EXP 	text_fixcross: autoDraw = False
508.4131 	EXP 	image_view: image = 'Stimuli/9411.jpg'
508.4131 	EXP 	image_view: autoDraw = True
514.4308 	EXP 	image_view: autoDraw = False
514.4308 	EXP 	image_view: autoDraw = False
514.4308 	EXP 	slider_arousal: markerPos = None
514.4308 	EXP 	slider_arousal: markerPos = None
514.4308 	EXP 	slider_arousal: rating = None
514.4308 	EXP 	text_slider_arousal: autoDraw = True
514.4308 	EXP 	slider_arousal: autoDraw = True
517.4002 	DATA 	Mouse: Left button down, pos=(1159,325)
517.4139 	EXP 	slider_arousal: markerPos = 273.7037037037037
517.4307 	EXP 	slider_arousal: markerPos = 273.7037037037037
517.4473 	EXP 	slider_arousal: markerPos = 273.7037037037037
517.4640 	EXP 	slider_arousal: markerPos = 273.7037037037037
517.4807 	EXP 	slider_arousal: markerPos = 273.7037037037037
517.4973 	EXP 	slider_arousal: markerPos = 273.7037037037037
517.5138 	EXP 	slider_arousal: markerPos = 273.7037037037037
517.5304 	EXP 	slider_arousal: markerPos = 273.7037037037037
517.5470 	EXP 	slider_arousal: markerPos = 273.7037037037037
517.5636 	EXP 	slider_arousal: markerPos = 273.7037037037037
517.5669 	DATA 	Mouse:  Left button up, pos=(1159,324)
517.5811 	EXP 	slider_arousal: markerPos = 273.7037037037037
517.5811 	EXP 	slider_arousal: rating = 273.7037037037037
517.6026 	EXP 	text_slider_arousal: autoDraw = False
517.6026 	EXP 	slider_arousal: autoDraw = False
517.6026 	EXP 	slider_effort: markerPos = None
517.6026 	EXP 	slider_effort: markerPos = None
517.6026 	EXP 	slider_effort: rating = None
517.6026 	EXP 	text_slider_effort: autoDraw = True
517.6026 	EXP 	slider_effort: autoDraw = True
520.4839 	DATA 	Mouse: Left button down, pos=(1159,324)
520.4974 	EXP 	slider_effort: markerPos = 273.7037037037037
520.5138 	EXP 	slider_effort: markerPos = 273.7037037037037
520.5307 	EXP 	slider_effort: markerPos = 273.7037037037037
520.5473 	EXP 	slider_effort: markerPos = 273.7037037037037
520.5639 	EXP 	slider_effort: markerPos = 273.7037037037037
520.5801 	EXP 	slider_effort: markerPos = 273.7037037037037
520.5969 	EXP 	slider_effort: markerPos = 273.7037037037037
520.6135 	EXP 	slider_effort: markerPos = 273.7037037037037
520.6302 	EXP 	slider_effort: markerPos = 273.7037037037037
520.6479 	EXP 	slider_effort: markerPos = 273.7037037037037
520.6654 	DATA 	Mouse:  Left button up, pos=(1159,324)
520.6694 	EXP 	slider_effort: markerPos = 273.7037037037037
520.6936 	EXP 	slider_effort: markerPos = 273.7037037037037
520.6936 	EXP 	slider_effort: rating = 273.7037037037037
520.7139 	EXP 	Imported blocks_reg.xlsx as conditions, 3 conditions, 6 params
520.7143 	EXP 	Created sequence: random, trialTypes=3, nReps=1, seed=None
520.7146 	EXP 	New trial (rep=0, index=0): {'Block': 5, 'conds_reg_File': 'StimuliNegative.xlsx', 'n_reps': 1, 'TriggerBlockReg': 25, 'instr_1': 'UNTERDRÜCKEN', 'instr_2': 'Unterdrücken Sie alle aufkommenden Emotionen. Wenn Sie also die Bilder ansehen, verhalten Sie sich so, dass eine außenstehende Person nicht sehen kann, welche Emotionen Sie gerade empfinden.'}
520.7490 	EXP 	text_slider_effort: autoDraw = False
520.7490 	EXP 	slider_effort: autoDraw = False
520.7490 	EXP 	text_Instruction: text = 'UNTERDRÜCKEN\n\nIn diesem Block werden Sie eine Reihe von Bildern sehen. Diese sollen Sie aufmerksam ansehen.\nUnterdrücken Sie alle aufkommenden Emotionen. Wenn Sie also die Bilder ansehen, verhalten Sie sich so, dass eine außenstehende Person nicht sehen kann, welche Emotionen Sie gerade empfinden.\n\nBitte konzentrieren Sie Ihre Regulationsbemühungen nur auf das Bild, nicht aber auf die Zeiträume zwischen den Bildern.\n\nZum Starten des Blocks Leertaste dürcken'
520.7490 	EXP 	text_Instruction: autoDraw = True
529.5546 	DATA 	Keypress: space
534.6506 	EXP 	Imported StimuliNegative_2.xlsx as conditions, 20 conditions, 1 params
534.6512 	EXP 	Created sequence: random, trialTypes=20, nReps=1, seed=None
534.6515 	EXP 	New trial (rep=0, index=0): {'ImageFile': 'Stimuli/210.jpg'}
534.6547 	DATA 	Keypress: space
534.6584 	EXP 	text_Instruction: autoDraw = False
534.6584 	EXP 	text_fixcross: autoDraw = True
539.4911 	EXP 	text_fixcross: autoDraw = False
539.4911 	EXP 	text_fixcross: autoDraw = False
539.4911 	EXP 	image_reg: image = 'Stimuli/210.jpg'
539.4911 	EXP 	image_reg: autoDraw = True
545.4855 	EXP 	New trial (rep=0, index=1): {'ImageFile': 'Stimuli/9904.jpg'}
545.4987 	EXP 	image_reg: autoDraw = False
545.4987 	EXP 	image_reg: autoDraw = False
545.4987 	EXP 	text_fixcross: autoDraw = True
548.9558 	EXP 	text_fixcross: autoDraw = False
548.9558 	EXP 	text_fixcross: autoDraw = False
548.9558 	EXP 	image_reg: image = 'Stimuli/9904.jpg'
548.9558 	EXP 	image_reg: autoDraw = True
554.9512 	EXP 	New trial (rep=0, index=2): {'ImageFile': 'Stimuli/3051.jpg'}
554.9652 	EXP 	image_reg: autoDraw = False
554.9652 	EXP 	image_reg: autoDraw = False
554.9652 	EXP 	text_fixcross: autoDraw = True
559.5218 	EXP 	text_fixcross: autoDraw = False
559.5218 	EXP 	text_fixcross: autoDraw = False
559.5218 	EXP 	image_reg: image = 'Stimuli/3051.jpg'
559.5218 	EXP 	image_reg: autoDraw = True
565.5182 	EXP 	New trial (rep=0, index=3): {'ImageFile': 'Stimuli/9043.jpg'}
565.5320 	EXP 	image_reg: autoDraw = False
565.5320 	EXP 	image_reg: autoDraw = False
565.5320 	EXP 	text_fixcross: autoDraw = True
569.7905 	EXP 	text_fixcross: autoDraw = False
569.7905 	EXP 	text_fixcross: autoDraw = False
569.7905 	EXP 	image_reg: image = 'Stimuli/9043.jpg'
569.7905 	EXP 	image_reg: autoDraw = True
575.7849 	EXP 	New trial (rep=0, index=4): {'ImageFile': 'Stimuli/9031.jpg'}
575.7987 	EXP 	image_reg: autoDraw = False
575.7987 	EXP 	image_reg: autoDraw = False
575.7987 	EXP 	text_fixcross: autoDraw = True
578.9449 	EXP 	text_fixcross: autoDraw = False
578.9449 	EXP 	text_fixcross: autoDraw = False
578.9449 	EXP 	image_reg: image = 'Stimuli/9031.jpg'
578.9449 	EXP 	image_reg: autoDraw = True
584.9349 	EXP 	New trial (rep=0, index=5): {'ImageFile': 'Stimuli/228.jpg'}
584.9487 	EXP 	image_reg: autoDraw = False
584.9487 	EXP 	image_reg: autoDraw = False
584.9487 	EXP 	text_fixcross: autoDraw = True
588.8949 	EXP 	text_fixcross: autoDraw = False
588.8949 	EXP 	text_fixcross: autoDraw = False
588.8949 	EXP 	image_reg: image = 'Stimuli/228.jpg'
588.8949 	EXP 	image_reg: autoDraw = True
594.8850 	EXP 	New trial (rep=0, index=6): {'ImageFile': 'Stimuli/9040.jpg'}
594.8987 	EXP 	image_reg: autoDraw = False
594.8987 	EXP 	image_reg: autoDraw = False
594.8987 	EXP 	text_fixcross: autoDraw = True
599.1653 	EXP 	text_fixcross: autoDraw = False
599.1653 	EXP 	text_fixcross: autoDraw = False
599.1653 	EXP 	image_reg: image = 'Stimuli/9040.jpg'
599.1653 	EXP 	image_reg: autoDraw = True
605.1516 	EXP 	New trial (rep=0, index=7): {'ImageFile': 'Stimuli/218.jpg'}
605.1657 	EXP 	image_reg: autoDraw = False
605.1657 	EXP 	image_reg: autoDraw = False
605.1657 	EXP 	text_fixcross: autoDraw = True
609.0092 	EXP 	text_fixcross: autoDraw = False
609.0092 	EXP 	text_fixcross: autoDraw = False
609.0092 	EXP 	image_reg: image = 'Stimuli/218.jpg'
609.0092 	EXP 	image_reg: autoDraw = True
615.0019 	EXP 	New trial (rep=0, index=8): {'ImageFile': 'Stimuli/3185.jpg'}
615.0159 	EXP 	image_reg: autoDraw = False
615.0159 	EXP 	image_reg: autoDraw = False
615.0159 	EXP 	text_fixcross: autoDraw = True
619.4748 	EXP 	text_fixcross: autoDraw = False
619.4748 	EXP 	text_fixcross: autoDraw = False
619.4748 	EXP 	image_reg: image = 'Stimuli/3185.jpg'
619.4748 	EXP 	image_reg: autoDraw = True
625.4683 	EXP 	New trial (rep=0, index=9): {'ImageFile': 'Stimuli/9042.jpg'}
625.4820 	EXP 	image_reg: autoDraw = False
625.4820 	EXP 	image_reg: autoDraw = False
625.4820 	EXP 	text_fixcross: autoDraw = True
629.3322 	EXP 	text_fixcross: autoDraw = False
629.3322 	EXP 	text_fixcross: autoDraw = False
629.3322 	EXP 	image_reg: image = 'Stimuli/9042.jpg'
629.3322 	EXP 	image_reg: autoDraw = True
635.3185 	EXP 	New trial (rep=0, index=10): {'ImageFile': 'Stimuli/222.jpg'}
635.3322 	EXP 	image_reg: autoDraw = False
635.3322 	EXP 	image_reg: autoDraw = False
635.3322 	EXP 	text_fixcross: autoDraw = True
640.2822 	EXP 	text_fixcross: autoDraw = False
640.2822 	EXP 	text_fixcross: autoDraw = False
640.2822 	EXP 	image_reg: image = 'Stimuli/222.jpg'
640.2822 	EXP 	image_reg: autoDraw = True
646.2849 	EXP 	New trial (rep=0, index=11): {'ImageFile': 'Stimuli/9160.jpg'}
646.2986 	EXP 	image_reg: autoDraw = False
646.2986 	EXP 	image_reg: autoDraw = False
646.2986 	EXP 	text_fixcross: autoDraw = True
650.4582 	EXP 	text_fixcross: autoDraw = False
650.4582 	EXP 	text_fixcross: autoDraw = False
650.4582 	EXP 	image_reg: image = 'Stimuli/9160.jpg'
650.4582 	EXP 	image_reg: autoDraw = True
656.4516 	EXP 	New trial (rep=0, index=12): {'ImageFile': 'Stimuli/2703.jpg'}
656.4661 	EXP 	image_reg: autoDraw = False
656.4661 	EXP 	image_reg: autoDraw = False
656.4661 	EXP 	text_fixcross: autoDraw = True
659.7087 	EXP 	text_fixcross: autoDraw = False
659.7087 	EXP 	text_fixcross: autoDraw = False
659.7087 	EXP 	image_reg: image = 'Stimuli/2703.jpg'
659.7087 	EXP 	image_reg: autoDraw = True
665.7017 	EXP 	New trial (rep=0, index=13): {'ImageFile': 'Stimuli/3301.jpg'}
665.7157 	EXP 	image_reg: autoDraw = False
665.7157 	EXP 	image_reg: autoDraw = False
665.7157 	EXP 	text_fixcross: autoDraw = True
669.9699 	EXP 	text_fixcross: autoDraw = False
669.9699 	EXP 	text_fixcross: autoDraw = False
669.9699 	EXP 	image_reg: image = 'Stimuli/3301.jpg'
669.9699 	EXP 	image_reg: autoDraw = True
675.9683 	EXP 	New trial (rep=0, index=14): {'ImageFile': 'Stimuli/3160.jpg'}
675.9821 	EXP 	image_reg: autoDraw = False
675.9821 	EXP 	image_reg: autoDraw = False
675.9821 	EXP 	text_fixcross: autoDraw = True
680.8282 	EXP 	text_fixcross: autoDraw = False
680.8282 	EXP 	text_fixcross: autoDraw = False
680.8282 	EXP 	image_reg: image = 'Stimuli/3160.jpg'
680.8282 	EXP 	image_reg: autoDraw = True
686.8184 	EXP 	New trial (rep=0, index=15): {'ImageFile': 'Stimuli/251.jpg'}
686.8321 	EXP 	image_reg: autoDraw = False
686.8321 	EXP 	image_reg: autoDraw = False
686.8321 	EXP 	text_fixcross: autoDraw = True
691.2804 	EXP 	text_fixcross: autoDraw = False
691.2804 	EXP 	text_fixcross: autoDraw = False
691.2804 	EXP 	image_reg: image = 'Stimuli/251.jpg'
691.2804 	EXP 	image_reg: autoDraw = True
697.2680 	EXP 	New trial (rep=0, index=16): {'ImageFile': 'Stimuli/9145.jpg'}
697.2812 	EXP 	image_reg: autoDraw = False
697.2812 	EXP 	image_reg: autoDraw = False
697.2812 	EXP 	text_fixcross: autoDraw = True
701.3274 	EXP 	text_fixcross: autoDraw = False
701.3274 	EXP 	text_fixcross: autoDraw = False
701.3274 	EXP 	image_reg: image = 'Stimuli/9145.jpg'
701.3274 	EXP 	image_reg: autoDraw = True
707.3183 	EXP 	New trial (rep=0, index=17): {'ImageFile': 'Stimuli/9184.jpg'}
707.3321 	EXP 	image_reg: autoDraw = False
707.3321 	EXP 	image_reg: autoDraw = False
707.3321 	EXP 	text_fixcross: autoDraw = True
711.4837 	EXP 	text_fixcross: autoDraw = False
711.4837 	EXP 	text_fixcross: autoDraw = False
711.4837 	EXP 	image_reg: image = 'Stimuli/9184.jpg'
711.4837 	EXP 	image_reg: autoDraw = True
717.4850 	EXP 	New trial (rep=0, index=18): {'ImageFile': 'Stimuli/6562.jpg'}
717.4987 	EXP 	image_reg: autoDraw = False
717.4987 	EXP 	image_reg: autoDraw = False
717.4987 	EXP 	text_fixcross: autoDraw = True
721.6406 	EXP 	text_fixcross: autoDraw = False
721.6406 	EXP 	text_fixcross: autoDraw = False
721.6406 	EXP 	image_reg: image = 'Stimuli/6562.jpg'
721.6406 	EXP 	image_reg: autoDraw = True
727.6348 	EXP 	New trial (rep=0, index=19): {'ImageFile': 'Stimuli/246.jpg'}
727.6487 	EXP 	image_reg: autoDraw = False
727.6487 	EXP 	image_reg: autoDraw = False
727.6487 	EXP 	text_fixcross: autoDraw = True
731.0969 	EXP 	text_fixcross: autoDraw = False
731.0969 	EXP 	text_fixcross: autoDraw = False
731.0969 	EXP 	image_reg: image = 'Stimuli/246.jpg'
731.0969 	EXP 	image_reg: autoDraw = True
737.1154 	EXP 	image_reg: autoDraw = False
737.1154 	EXP 	image_reg: autoDraw = False
737.1154 	EXP 	slider_arousal: markerPos = None
737.1154 	EXP 	slider_arousal: markerPos = None
737.1154 	EXP 	slider_arousal: rating = None
737.1154 	EXP 	text_slider_arousal: autoDraw = True
737.1154 	EXP 	slider_arousal: autoDraw = True
743.1506 	DATA 	Mouse: Left button down, pos=(1210,321)
743.1649 	EXP 	slider_arousal: markerPos = 292.5925925925926
743.1813 	EXP 	slider_arousal: markerPos = 292.5925925925926
743.1971 	EXP 	slider_arousal: markerPos = 292.5925925925926
743.2137 	EXP 	slider_arousal: markerPos = 292.5925925925926
743.2302 	EXP 	slider_arousal: markerPos = 292.5925925925926
743.2467 	EXP 	slider_arousal: markerPos = 292.5925925925926
743.2635 	EXP 	slider_arousal: markerPos = 292.5925925925926
743.2802 	EXP 	slider_arousal: markerPos = 292.5925925925926
743.2968 	EXP 	slider_arousal: markerPos = 292.5925925925926
743.3133 	EXP 	slider_arousal: markerPos = 292.5925925925926
743.3302 	EXP 	slider_arousal: markerPos = 292.5925925925926
743.3385 	DATA 	Mouse:  Left button up, pos=(1210,321)
743.3472 	EXP 	slider_arousal: markerPos = 292.5925925925926
743.3642 	EXP 	slider_arousal: markerPos = 292.5925925925926
743.3642 	EXP 	slider_arousal: rating = 292.5925925925926
743.3856 	EXP 	text_slider_arousal: autoDraw = False
743.3856 	EXP 	slider_arousal: autoDraw = False
743.3856 	EXP 	slider_effort: markerPos = None
743.3856 	EXP 	slider_effort: markerPos = None
743.3856 	EXP 	slider_effort: rating = None
743.3856 	EXP 	text_slider_effort: autoDraw = True
743.3856 	EXP 	slider_effort: autoDraw = True
746.6004 	DATA 	Mouse: Left button down, pos=(1210,320)
746.6140 	EXP 	slider_effort: markerPos = 292.5925925925926
746.6306 	EXP 	slider_effort: markerPos = 292.5925925925926
746.6471 	EXP 	slider_effort: markerPos = 292.5925925925926
746.6638 	EXP 	slider_effort: markerPos = 292.5925925925926
746.6808 	EXP 	slider_effort: markerPos = 292.5925925925926
746.6974 	EXP 	slider_effort: markerPos = 292.5925925925926
746.7139 	EXP 	slider_effort: markerPos = 292.5925925925926
746.7301 	EXP 	slider_effort: markerPos = 292.5925925925926
746.7469 	EXP 	slider_effort: markerPos = 292.5925925925926
746.7635 	EXP 	slider_effort: markerPos = 292.5925925925926
746.7802 	EXP 	slider_effort: markerPos = 292.5925925925926
746.7969 	EXP 	slider_effort: markerPos = 292.5925925925926
746.8136 	EXP 	slider_effort: markerPos = 292.5925925925926
746.8302 	EXP 	slider_effort: markerPos = 292.5925925925926
746.8336 	DATA 	Mouse:  Left button up, pos=(1210,320)
746.8474 	EXP 	slider_effort: markerPos = 292.5925925925926
746.8474 	EXP 	slider_effort: rating = 292.5925925925926
746.8516 	EXP 	New trial (rep=0, index=1): {'Block': 3, 'conds_reg_File': 'StimuliNegative.xlsx', 'n_reps': 1, 'TriggerBlockReg': 23, 'instr_1': 'ABLENKEN', 'instr_2': 'Denken Sie während des Betrachtens der Bilder an etwas Neutrales, das mit dem Bild nichts zu tun hat. Das könnten geometrische Figuren, Alltagstätigkeiten oder bekannte Orte sein.'}
746.8809 	EXP 	text_slider_effort: autoDraw = False
746.8809 	EXP 	slider_effort: autoDraw = False
746.8809 	EXP 	text_Instruction: text = 'ABLENKEN\n\nIn diesem Block werden Sie eine Reihe von Bildern sehen. Diese sollen Sie aufmerksam ansehen.\nDenken Sie während des Betrachtens der Bilder an etwas Neutrales, das mit dem Bild nichts zu tun hat. Das könnten geometrische Figuren, Alltagstätigkeiten oder bekannte Orte sein.\n\nBitte konzentrieren Sie Ihre Regulationsbemühungen nur auf das Bild, nicht aber auf die Zeiträume zwischen den Bildern.\n\nZum Starten des Blocks Leertaste dürcken'
746.8809 	EXP 	text_Instruction: autoDraw = True
752.6362 	EXP 	Imported StimuliNegative_1.xlsx as conditions, 20 conditions, 1 params
752.6368 	EXP 	Created sequence: random, trialTypes=20, nReps=1, seed=None
752.6371 	EXP 	New trial (rep=0, index=0): {'ImageFile': 'Stimuli/3017.jpg'}
752.6401 	DATA 	Keypress: space
752.6439 	EXP 	text_Instruction: autoDraw = False
752.6439 	EXP 	text_fixcross: autoDraw = True
757.5882 	EXP 	text_fixcross: autoDraw = False
757.5882 	EXP 	text_fixcross: autoDraw = False
757.5882 	EXP 	image_reg: image = 'Stimuli/3017.jpg'
757.5882 	EXP 	image_reg: autoDraw = True
763.5856 	EXP 	New trial (rep=0, index=1): {'ImageFile': 'Stimuli/225.jpg'}
763.5987 	EXP 	image_reg: autoDraw = False
763.5987 	EXP 	image_reg: autoDraw = False
763.5987 	EXP 	text_fixcross: autoDraw = True
766.6356 	EXP 	text_fixcross: autoDraw = False
766.6356 	EXP 	text_fixcross: autoDraw = False
766.6356 	EXP 	image_reg: image = 'Stimuli/225.jpg'
766.6356 	EXP 	image_reg: autoDraw = True
772.6350 	EXP 	New trial (rep=0, index=2): {'ImageFile': 'Stimuli/3022.jpg'}
772.6489 	EXP 	image_reg: autoDraw = False
772.6489 	EXP 	image_reg: autoDraw = False
772.6489 	EXP 	text_fixcross: autoDraw = True
776.2042 	EXP 	text_fixcross: autoDraw = False
776.2042 	EXP 	text_fixcross: autoDraw = False
776.2042 	EXP 	image_reg: image = 'Stimuli/3022.jpg'
776.2042 	EXP 	image_reg: autoDraw = True
782.2016 	EXP 	New trial (rep=0, index=3): {'ImageFile': 'Stimuli/9180.jpg'}
782.2154 	EXP 	image_reg: autoDraw = False
782.2154 	EXP 	image_reg: autoDraw = False
782.2154 	EXP 	text_fixcross: autoDraw = True
785.5719 	EXP 	text_fixcross: autoDraw = False
785.5719 	EXP 	text_fixcross: autoDraw = False
785.5719 	EXP 	image_reg: image = 'Stimuli/9180.jpg'
785.5719 	EXP 	image_reg: autoDraw = True
791.5682 	EXP 	New trial (rep=0, index=4): {'ImageFile': 'Stimuli/255.jpg'}
791.5821 	EXP 	image_reg: autoDraw = False
791.5821 	EXP 	image_reg: autoDraw = False
791.5821 	EXP 	text_fixcross: autoDraw = True
794.9342 	EXP 	text_fixcross: autoDraw = False
794.9342 	EXP 	text_fixcross: autoDraw = False
794.9342 	EXP 	image_reg: image = 'Stimuli/255.jpg'
794.9342 	EXP 	image_reg: autoDraw = True
800.9351 	EXP 	New trial (rep=0, index=5): {'ImageFile': 'Stimuli/6244.jpg'}
800.9488 	EXP 	image_reg: autoDraw = False
800.9488 	EXP 	image_reg: autoDraw = False
800.9488 	EXP 	text_fixcross: autoDraw = True
805.0019 	EXP 	text_fixcross: autoDraw = False
805.0019 	EXP 	text_fixcross: autoDraw = False
805.0019 	EXP 	image_reg: image = 'Stimuli/6244.jpg'
805.0019 	EXP 	image_reg: autoDraw = True
811.0016 	EXP 	New trial (rep=0, index=6): {'ImageFile': 'Stimuli/3180.jpg'}
811.0157 	EXP 	image_reg: autoDraw = False
811.0157 	EXP 	image_reg: autoDraw = False
811.0157 	EXP 	text_fixcross: autoDraw = True
814.5633 	EXP 	text_fixcross: autoDraw = False
814.5633 	EXP 	text_fixcross: autoDraw = False
814.5633 	EXP 	image_reg: image = 'Stimuli/3180.jpg'
814.5633 	EXP 	image_reg: autoDraw = True
820.5517 	EXP 	New trial (rep=0, index=7): {'ImageFile': 'Stimuli/9424.jpg'}
820.5653 	EXP 	image_reg: autoDraw = False
820.5653 	EXP 	image_reg: autoDraw = False
820.5653 	EXP 	text_fixcross: autoDraw = True
824.9210 	EXP 	text_fixcross: autoDraw = False
824.9210 	EXP 	text_fixcross: autoDraw = False
824.9210 	EXP 	image_reg: image = 'Stimuli/9424.jpg'
824.9210 	EXP 	image_reg: autoDraw = True
830.9181 	EXP 	New trial (rep=0, index=8): {'ImageFile': 'Stimuli/9253.jpg'}
830.9321 	EXP 	image_reg: autoDraw = False
830.9321 	EXP 	image_reg: autoDraw = False
830.9321 	EXP 	text_fixcross: autoDraw = True
834.4743 	EXP 	text_fixcross: autoDraw = False
834.4743 	EXP 	text_fixcross: autoDraw = False
834.4743 	EXP 	image_reg: image = 'Stimuli/9253.jpg'
834.4743 	EXP 	image_reg: autoDraw = True
840.4683 	EXP 	New trial (rep=0, index=9): {'ImageFile': 'Stimuli/3280.jpg'}
840.4825 	EXP 	image_reg: autoDraw = False
840.4825 	EXP 	image_reg: autoDraw = False
840.4825 	EXP 	text_fixcross: autoDraw = True
844.4310 	EXP 	text_fixcross: autoDraw = False
844.4310 	EXP 	text_fixcross: autoDraw = False
844.4310 	EXP 	image_reg: image = 'Stimuli/3280.jpg'
844.4310 	EXP 	image_reg: autoDraw = True
850.4181 	EXP 	New trial (rep=0, index=10): {'ImageFile': 'Stimuli/6836.jpg'}
850.4322 	EXP 	image_reg: autoDraw = False
850.4322 	EXP 	image_reg: autoDraw = False
850.4322 	EXP 	text_fixcross: autoDraw = True
855.2907 	EXP 	text_fixcross: autoDraw = False
855.2907 	EXP 	text_fixcross: autoDraw = False
855.2907 	EXP 	image_reg: image = 'Stimuli/6836.jpg'
855.2907 	EXP 	image_reg: autoDraw = True
861.2849 	EXP 	New trial (rep=0, index=11): {'ImageFile': 'Stimuli/230.jpg'}
861.2988 	EXP 	image_reg: autoDraw = False
861.2988 	EXP 	image_reg: autoDraw = False
861.2988 	EXP 	text_fixcross: autoDraw = True
866.1590 	EXP 	text_fixcross: autoDraw = False
866.1590 	EXP 	text_fixcross: autoDraw = False
866.1590 	EXP 	image_reg: image = 'Stimuli/230.jpg'
866.1590 	EXP 	image_reg: autoDraw = True
872.1517 	EXP 	New trial (rep=0, index=12): {'ImageFile': 'Stimuli/9425.jpg'}
872.1653 	EXP 	image_reg: autoDraw = False
872.1653 	EXP 	image_reg: autoDraw = False
872.1653 	EXP 	text_fixcross: autoDraw = True
876.5241 	EXP 	text_fixcross: autoDraw = False
876.5241 	EXP 	text_fixcross: autoDraw = False
876.5241 	EXP 	image_reg: image = 'Stimuli/9425.jpg'
876.5241 	EXP 	image_reg: autoDraw = True
882.5178 	EXP 	New trial (rep=0, index=13): {'ImageFile': 'Stimuli/9300.jpg'}
882.5311 	EXP 	image_reg: autoDraw = False
882.5311 	EXP 	image_reg: autoDraw = False
882.5311 	EXP 	text_fixcross: autoDraw = True
885.9636 	EXP 	text_fixcross: autoDraw = False
885.9636 	EXP 	text_fixcross: autoDraw = False
885.9636 	EXP 	image_reg: image = 'Stimuli/9300.jpg'
885.9636 	EXP 	image_reg: autoDraw = True
891.9516 	EXP 	New trial (rep=0, index=14): {'ImageFile': 'Stimuli/6190.jpg'}
891.9655 	EXP 	image_reg: autoDraw = False
891.9655 	EXP 	image_reg: autoDraw = False
891.9655 	EXP 	text_fixcross: autoDraw = True
895.7204 	EXP 	text_fixcross: autoDraw = False
895.7204 	EXP 	text_fixcross: autoDraw = False
895.7204 	EXP 	image_reg: image = 'Stimuli/6190.jpg'
895.7204 	EXP 	image_reg: autoDraw = True
901.7183 	EXP 	New trial (rep=0, index=15): {'ImageFile': 'Stimuli/9326.jpg'}
901.7323 	EXP 	image_reg: autoDraw = False
901.7323 	EXP 	image_reg: autoDraw = False
901.7323 	EXP 	text_fixcross: autoDraw = True
904.8945 	EXP 	text_fixcross: autoDraw = False
904.8945 	EXP 	text_fixcross: autoDraw = False
904.8945 	EXP 	image_reg: image = 'Stimuli/9326.jpg'
904.8945 	EXP 	image_reg: autoDraw = True
910.8849 	EXP 	New trial (rep=0, index=16): {'ImageFile': 'Stimuli/9920.jpg'}
910.8987 	EXP 	image_reg: autoDraw = False
910.8987 	EXP 	image_reg: autoDraw = False
910.8987 	EXP 	text_fixcross: autoDraw = True
914.9471 	EXP 	text_fixcross: autoDraw = False
914.9471 	EXP 	text_fixcross: autoDraw = False
914.9471 	EXP 	image_reg: image = 'Stimuli/9920.jpg'
914.9471 	EXP 	image_reg: autoDraw = True
920.9349 	EXP 	New trial (rep=0, index=17): {'ImageFile': 'Stimuli/9182.jpg'}
920.9487 	EXP 	image_reg: autoDraw = False
920.9487 	EXP 	image_reg: autoDraw = False
920.9487 	EXP 	text_fixcross: autoDraw = True
924.0915 	EXP 	text_fixcross: autoDraw = False
924.0915 	EXP 	text_fixcross: autoDraw = False
924.0915 	EXP 	image_reg: image = 'Stimuli/9182.jpg'
924.0915 	EXP 	image_reg: autoDraw = True
930.0850 	EXP 	New trial (rep=0, index=18): {'ImageFile': 'Stimuli/327.jpg'}
930.0987 	EXP 	image_reg: autoDraw = False
930.0987 	EXP 	image_reg: autoDraw = False
930.0987 	EXP 	text_fixcross: autoDraw = True
933.4449 	EXP 	text_fixcross: autoDraw = False
933.4449 	EXP 	text_fixcross: autoDraw = False
933.4449 	EXP 	image_reg: image = 'Stimuli/327.jpg'
933.4449 	EXP 	image_reg: autoDraw = True
939.4349 	EXP 	New trial (rep=0, index=19): {'ImageFile': 'Stimuli/1111.jpg'}
939.4487 	EXP 	image_reg: autoDraw = False
939.4487 	EXP 	image_reg: autoDraw = False
939.4487 	EXP 	text_fixcross: autoDraw = True
942.7817 	EXP 	text_fixcross: autoDraw = False
942.7817 	EXP 	text_fixcross: autoDraw = False
942.7817 	EXP 	image_reg: image = 'Stimuli/1111.jpg'
942.7817 	EXP 	image_reg: autoDraw = True
948.8004 	EXP 	image_reg: autoDraw = False
948.8004 	EXP 	image_reg: autoDraw = False
948.8004 	EXP 	slider_arousal: markerPos = None
948.8004 	EXP 	slider_arousal: markerPos = None
948.8004 	EXP 	slider_arousal: rating = None
948.8004 	EXP 	text_slider_arousal: autoDraw = True
948.8004 	EXP 	slider_arousal: autoDraw = True
951.9673 	DATA 	Mouse: Left button down, pos=(1362,326)
951.9807 	EXP 	slider_arousal: markerPos = 348.8888888888889
951.9973 	EXP 	slider_arousal: markerPos = 348.8888888888889
952.0140 	EXP 	slider_arousal: markerPos = 348.8888888888889
952.0308 	EXP 	slider_arousal: markerPos = 348.8888888888889
952.0472 	EXP 	slider_arousal: markerPos = 348.8888888888889
952.0640 	EXP 	slider_arousal: markerPos = 348.8888888888889
952.0805 	EXP 	slider_arousal: markerPos = 348.8888888888889
952.0882 	DATA 	Mouse:  Left button up, pos=(1362,326)
952.0968 	EXP 	slider_arousal: markerPos = 348.8888888888889
952.1140 	EXP 	slider_arousal: markerPos = 348.8888888888889
952.1140 	EXP 	slider_arousal: rating = 348.8888888888889
952.1361 	EXP 	text_slider_arousal: autoDraw = False
952.1361 	EXP 	slider_arousal: autoDraw = False
952.1361 	EXP 	slider_effort: markerPos = None
952.1361 	EXP 	slider_effort: markerPos = None
952.1361 	EXP 	slider_effort: rating = None
952.1361 	EXP 	text_slider_effort: autoDraw = True
952.1361 	EXP 	slider_effort: autoDraw = True
956.3524 	DATA 	Mouse: Left button down, pos=(1378,320)
956.3805 	EXP 	slider_effort: markerPos = 354.81481481481484
956.3971 	EXP 	slider_effort: markerPos = 354.81481481481484
956.4138 	EXP 	slider_effort: markerPos = 354.81481481481484
956.4306 	EXP 	slider_effort: markerPos = 354.81481481481484
956.4471 	EXP 	slider_effort: markerPos = 354.81481481481484
956.4639 	EXP 	slider_effort: markerPos = 354.81481481481484
956.4804 	EXP 	slider_effort: markerPos = 354.81481481481484
956.4971 	EXP 	slider_effort: markerPos = 354.81481481481484
956.5139 	EXP 	slider_effort: markerPos = 354.81481481481484
956.5305 	EXP 	slider_effort: markerPos = 354.81481481481484
956.5472 	EXP 	slider_effort: markerPos = 354.81481481481484
956.5557 	DATA 	Mouse:  Left button up, pos=(1378,320)
956.5637 	EXP 	slider_effort: markerPos = 354.81481481481484
956.5807 	EXP 	slider_effort: markerPos = 354.81481481481484
956.5807 	EXP 	slider_effort: rating = 354.81481481481484
956.5847 	EXP 	New trial (rep=0, index=2): {'Block': 4, 'conds_reg_File': 'StimuliNegative.xlsx', 'n_reps': 1, 'TriggerBlockReg': 24, 'instr_1': 'DISTANZIEREN', 'instr_2': 'Nehmen Sie die Position eines uninvolvierten Beobachters ein. Denken Sie über das Bild in einer neutralen Weise nach.'}
956.6107 	EXP 	text_slider_effort: autoDraw = False
956.6107 	EXP 	slider_effort: autoDraw = False
956.6107 	EXP 	text_Instruction: text = 'DISTANZIEREN\n\nIn diesem Block werden Sie eine Reihe von Bildern sehen. Diese sollen Sie aufmerksam ansehen.\nNehmen Sie die Position eines uninvolvierten Beobachters ein. Denken Sie über das Bild in einer neutralen Weise nach.\n\nBitte konzentrieren Sie Ihre Regulationsbemühungen nur auf das Bild, nicht aber auf die Zeiträume zwischen den Bildern.\n\nZum Starten des Blocks Leertaste dürcken'
956.6107 	EXP 	text_Instruction: autoDraw = True
965.1216 	DATA 	Keypress: space
965.1687 	EXP 	Imported StimuliNegative_5.xlsx as conditions, 20 conditions, 1 params
965.1693 	EXP 	Created sequence: random, trialTypes=20, nReps=1, seed=None
965.1696 	EXP 	New trial (rep=0, index=0): {'ImageFile': 'Stimuli/223.jpg'}
965.1759 	EXP 	text_Instruction: autoDraw = False
965.1759 	EXP 	text_fixcross: autoDraw = True
968.4105 	EXP 	text_fixcross: autoDraw = False
968.4105 	EXP 	text_fixcross: autoDraw = False
968.4105 	EXP 	image_reg: image = 'Stimuli/223.jpg'
968.4105 	EXP 	image_reg: autoDraw = True
974.4022 	EXP 	New trial (rep=0, index=1): {'ImageFile': 'Stimuli/9405.jpg'}
974.4155 	EXP 	image_reg: autoDraw = False
974.4155 	EXP 	image_reg: autoDraw = False
974.4155 	EXP 	text_fixcross: autoDraw = True
977.6721 	EXP 	text_fixcross: autoDraw = False
977.6721 	EXP 	text_fixcross: autoDraw = False
977.6721 	EXP 	image_reg: image = 'Stimuli/9405.jpg'
977.6721 	EXP 	image_reg: autoDraw = True
983.6684 	EXP 	New trial (rep=0, index=2): {'ImageFile': 'Stimuli/3220.jpg'}
983.6824 	EXP 	image_reg: autoDraw = False
983.6824 	EXP 	image_reg: autoDraw = False
983.6824 	EXP 	text_fixcross: autoDraw = True
988.5285 	EXP 	text_fixcross: autoDraw = False
988.5285 	EXP 	text_fixcross: autoDraw = False
988.5285 	EXP 	image_reg: image = 'Stimuli/3220.jpg'
988.5285 	EXP 	image_reg: autoDraw = True
994.5182 	EXP 	New trial (rep=0, index=3): {'ImageFile': 'Stimuli/8231.jpg'}
994.5319 	EXP 	image_reg: autoDraw = False
994.5319 	EXP 	image_reg: autoDraw = False
994.5319 	EXP 	text_fixcross: autoDraw = True
997.8803 	EXP 	text_fixcross: autoDraw = False
997.8803 	EXP 	text_fixcross: autoDraw = False
997.8803 	EXP 	image_reg: image = 'Stimuli/8231.jpg'
997.8803 	EXP 	image_reg: autoDraw = True
1003.8683 	EXP 	New trial (rep=0, index=4): {'ImageFile': 'Stimuli/6831.jpg'}
1003.8819 	EXP 	image_reg: autoDraw = False
1003.8819 	EXP 	image_reg: autoDraw = False
1003.8819 	EXP 	text_fixcross: autoDraw = True
1007.6308 	EXP 	text_fixcross: autoDraw = False
1007.6308 	EXP 	text_fixcross: autoDraw = False
1007.6308 	EXP 	image_reg: image = 'Stimuli/6831.jpg'
1007.6308 	EXP 	image_reg: autoDraw = True
1013.6183 	EXP 	New trial (rep=0, index=5): {'ImageFile': 'Stimuli/3225.jpg'}
1013.6320 	EXP 	image_reg: autoDraw = False
1013.6320 	EXP 	image_reg: autoDraw = False
1013.6320 	EXP 	text_fixcross: autoDraw = True
1018.5666 	EXP 	text_fixcross: autoDraw = False
1018.5666 	EXP 	text_fixcross: autoDraw = False
1018.5666 	EXP 	image_reg: image = 'Stimuli/3225.jpg'
1018.5666 	EXP 	image_reg: autoDraw = True
1024.5682 	EXP 	New trial (rep=0, index=6): {'ImageFile': 'Stimuli/3101.jpg'}
1024.5821 	EXP 	image_reg: autoDraw = False
1024.5821 	EXP 	image_reg: autoDraw = False
1024.5821 	EXP 	text_fixcross: autoDraw = True
1028.1302 	EXP 	text_fixcross: autoDraw = False
1028.1302 	EXP 	text_fixcross: autoDraw = False
1028.1302 	EXP 	image_reg: image = 'Stimuli/3101.jpg'
1028.1302 	EXP 	image_reg: autoDraw = True
1034.1183 	EXP 	New trial (rep=0, index=7): {'ImageFile': 'Stimuli/9402.jpg'}
1034.1320 	EXP 	image_reg: autoDraw = False
1034.1320 	EXP 	image_reg: autoDraw = False
1034.1320 	EXP 	text_fixcross: autoDraw = True
1037.6804 	EXP 	text_fixcross: autoDraw = False
1037.6804 	EXP 	text_fixcross: autoDraw = False
1037.6804 	EXP 	image_reg: image = 'Stimuli/9402.jpg'
1037.6804 	EXP 	image_reg: autoDraw = True
1043.6683 	EXP 	New trial (rep=0, index=8): {'ImageFile': 'Stimuli/3215.jpg'}
1043.6821 	EXP 	image_reg: autoDraw = False
1043.6821 	EXP 	image_reg: autoDraw = False
1043.6821 	EXP 	text_fixcross: autoDraw = True
1048.2378 	EXP 	text_fixcross: autoDraw = False
1048.2378 	EXP 	text_fixcross: autoDraw = False
1048.2378 	EXP 	image_reg: image = 'Stimuli/3215.jpg'
1048.2378 	EXP 	image_reg: autoDraw = True
1054.2344 	EXP 	New trial (rep=0, index=9): {'ImageFile': 'Stimuli/3181.jpg'}
1054.2480 	EXP 	image_reg: autoDraw = False
1054.2480 	EXP 	image_reg: autoDraw = False
1054.2480 	EXP 	text_fixcross: autoDraw = True
1057.5803 	EXP 	text_fixcross: autoDraw = False
1057.5803 	EXP 	text_fixcross: autoDraw = False
1057.5803 	EXP 	image_reg: image = 'Stimuli/3181.jpg'
1057.5803 	EXP 	image_reg: autoDraw = True
1063.5682 	EXP 	New trial (rep=0, index=10): {'ImageFile': 'Stimuli/9373.jpg'}
1063.5820 	EXP 	image_reg: autoDraw = False
1063.5820 	EXP 	image_reg: autoDraw = False
1063.5820 	EXP 	text_fixcross: autoDraw = True
1067.4325 	EXP 	text_fixcross: autoDraw = False
1067.4325 	EXP 	text_fixcross: autoDraw = False
1067.4325 	EXP 	image_reg: image = 'Stimuli/9373.jpg'
1067.4325 	EXP 	image_reg: autoDraw = True
1073.4350 	EXP 	New trial (rep=0, index=11): {'ImageFile': 'Stimuli/245.jpg'}
1073.4490 	EXP 	image_reg: autoDraw = False
1073.4490 	EXP 	image_reg: autoDraw = False
1073.4490 	EXP 	text_fixcross: autoDraw = True
1076.6887 	EXP 	text_fixcross: autoDraw = False
1076.6887 	EXP 	text_fixcross: autoDraw = False
1076.6887 	EXP 	image_reg: image = 'Stimuli/245.jpg'
1076.6887 	EXP 	image_reg: autoDraw = True
1082.6849 	EXP 	New trial (rep=0, index=12): {'ImageFile': 'Stimuli/9403.jpg'}
1082.6987 	EXP 	image_reg: autoDraw = False
1082.6987 	EXP 	image_reg: autoDraw = False
1082.6987 	EXP 	text_fixcross: autoDraw = True
1087.3619 	EXP 	text_fixcross: autoDraw = False
1087.3619 	EXP 	text_fixcross: autoDraw = False
1087.3619 	EXP 	image_reg: image = 'Stimuli/9403.jpg'
1087.3619 	EXP 	image_reg: autoDraw = True
1093.3517 	EXP 	New trial (rep=0, index=13): {'ImageFile': 'Stimuli/2981.jpg'}
1093.3657 	EXP 	image_reg: autoDraw = False
1093.3657 	EXP 	image_reg: autoDraw = False
1093.3657 	EXP 	text_fixcross: autoDraw = True
1098.3151 	EXP 	text_fixcross: autoDraw = False
1098.3151 	EXP 	text_fixcross: autoDraw = False
1098.3151 	EXP 	image_reg: image = 'Stimuli/2981.jpg'
1098.3151 	EXP 	image_reg: autoDraw = True
1104.3016 	EXP 	New trial (rep=0, index=14): {'ImageFile': 'Stimuli/6571.jpg'}
1104.3156 	EXP 	image_reg: autoDraw = False
1104.3156 	EXP 	image_reg: autoDraw = False
1104.3156 	EXP 	text_fixcross: autoDraw = True
1107.6628 	EXP 	text_fixcross: autoDraw = False
1107.6628 	EXP 	text_fixcross: autoDraw = False
1107.6628 	EXP 	image_reg: image = 'Stimuli/6571.jpg'
1107.6628 	EXP 	image_reg: autoDraw = True
1113.6518 	EXP 	New trial (rep=0, index=15): {'ImageFile': 'Stimuli/3016.jpg'}
1113.6657 	EXP 	image_reg: autoDraw = False
1113.6657 	EXP 	image_reg: autoDraw = False
1113.6657 	EXP 	text_fixcross: autoDraw = True
1117.0125 	EXP 	text_fixcross: autoDraw = False
1117.0125 	EXP 	text_fixcross: autoDraw = False
1117.0125 	EXP 	image_reg: image = 'Stimuli/3016.jpg'
1117.0125 	EXP 	image_reg: autoDraw = True
1123.0016 	EXP 	New trial (rep=0, index=16): {'ImageFile': 'Stimuli/6020.jpg'}
1123.0155 	EXP 	image_reg: autoDraw = False
1123.0155 	EXP 	image_reg: autoDraw = False
1123.0155 	EXP 	text_fixcross: autoDraw = True
1126.5627 	EXP 	text_fixcross: autoDraw = False
1126.5627 	EXP 	text_fixcross: autoDraw = False
1126.5627 	EXP 	image_reg: image = 'Stimuli/6020.jpg'
1126.5627 	EXP 	image_reg: autoDraw = True
1132.5516 	EXP 	New trial (rep=0, index=17): {'ImageFile': 'Stimuli/9423.jpg'}
1132.5652 	EXP 	image_reg: autoDraw = False
1132.5652 	EXP 	image_reg: autoDraw = False
1132.5652 	EXP 	text_fixcross: autoDraw = True
1137.2155 	EXP 	text_fixcross: autoDraw = False
1137.2155 	EXP 	text_fixcross: autoDraw = False
1137.2155 	EXP 	image_reg: image = 'Stimuli/9423.jpg'
1137.2155 	EXP 	image_reg: autoDraw = True
1143.2183 	EXP 	New trial (rep=0, index=18): {'ImageFile': 'Stimuli/238.jpg'}
1143.2320 	EXP 	image_reg: autoDraw = False
1143.2320 	EXP 	image_reg: autoDraw = False
1143.2320 	EXP 	text_fixcross: autoDraw = True
1147.7785 	EXP 	text_fixcross: autoDraw = False
1147.7785 	EXP 	text_fixcross: autoDraw = False
1147.7785 	EXP 	image_reg: image = 'Stimuli/238.jpg'
1147.7785 	EXP 	image_reg: autoDraw = True
1153.7680 	EXP 	New trial (rep=0, index=19): {'ImageFile': 'Stimuli/9400.jpg'}
1153.7818 	EXP 	image_reg: autoDraw = False
1153.7818 	EXP 	image_reg: autoDraw = False
1153.7818 	EXP 	text_fixcross: autoDraw = True
1158.6352 	EXP 	text_fixcross: autoDraw = False
1158.6352 	EXP 	text_fixcross: autoDraw = False
1158.6352 	EXP 	image_reg: image = 'Stimuli/9400.jpg'
1158.6352 	EXP 	image_reg: autoDraw = True
1164.6676 	EXP 	image_reg: autoDraw = False
1164.6676 	EXP 	image_reg: autoDraw = False
1164.6676 	EXP 	slider_arousal: markerPos = None
1164.6676 	EXP 	slider_arousal: markerPos = None
1164.6676 	EXP 	slider_arousal: rating = None
1164.6676 	EXP 	text_slider_arousal: autoDraw = True
1164.6676 	EXP 	slider_arousal: autoDraw = True
1168.1170 	DATA 	Mouse: Left button down, pos=(1315,328)
1168.1305 	EXP 	slider_arousal: markerPos = 331.48148148148147
1168.1471 	EXP 	slider_arousal: markerPos = 331.48148148148147
1168.1636 	EXP 	slider_arousal: markerPos = 331.48148148148147
1168.1803 	EXP 	slider_arousal: markerPos = 331.48148148148147
1168.1969 	EXP 	slider_arousal: markerPos = 331.48148148148147
1168.2136 	EXP 	slider_arousal: markerPos = 331.48148148148147
1168.2303 	EXP 	slider_arousal: markerPos = 331.48148148148147
1168.2470 	EXP 	slider_arousal: markerPos = 331.48148148148147
1168.2638 	EXP 	slider_arousal: markerPos = 331.48148148148147
1168.2720 	DATA 	Mouse:  Left button up, pos=(1315,328)
1168.2805 	EXP 	slider_arousal: markerPos = 331.48148148148147
1168.2974 	EXP 	slider_arousal: markerPos = 331.48148148148147
1168.2974 	EXP 	slider_arousal: rating = 331.48148148148147
1168.3193 	EXP 	text_slider_arousal: autoDraw = False
1168.3193 	EXP 	slider_arousal: autoDraw = False
1168.3193 	EXP 	slider_effort: markerPos = None
1168.3193 	EXP 	slider_effort: markerPos = None
1168.3193 	EXP 	slider_effort: rating = None
1168.3193 	EXP 	text_slider_effort: autoDraw = True
1168.3193 	EXP 	slider_effort: autoDraw = True
1176.0503 	DATA 	Mouse: Left button down, pos=(965,312)
1176.0640 	EXP 	slider_effort: markerPos = 201.85185185185185
1176.0806 	EXP 	slider_effort: markerPos = 201.85185185185185
1176.0973 	EXP 	slider_effort: markerPos = 201.85185185185185
1176.1136 	EXP 	slider_effort: markerPos = 201.85185185185185
1176.1301 	EXP 	slider_effort: markerPos = 201.85185185185185
1176.1467 	EXP 	slider_effort: markerPos = 201.85185185185185
1176.1634 	EXP 	slider_effort: markerPos = 201.85185185185185
1176.1804 	EXP 	slider_effort: markerPos = 201.85185185185185
1176.1837 	DATA 	Mouse:  Left button up, pos=(965,312)
1176.1975 	EXP 	slider_effort: markerPos = 201.85185185185185
1176.1975 	EXP 	slider_effort: rating = 201.85185185185185
1176.2137 	EXP 	text_slider_effort: autoDraw = False
1176.2137 	EXP 	slider_effort: autoDraw = False
1176.2137 	EXP 	text_EDinstruction: autoDraw = True
1193.4242 	EXP 	Imported Moneyvalues.xlsx as conditions, 7 conditions, 1 params
1193.4250 	EXP 	Created sequence: sequential, trialTypes=7, nReps=1, seed=None
1193.4255 	EXP 	New trial (rep=0, index=0): {'Currentstep': 0}
1193.4298 	DATA 	Keypress: space
1193.4337 	EXP 	text_EDinstruction: autoDraw = False
1193.4337 	EXP 	EDbufferscreen: autoDraw = True
1193.8107 	EXP 	EDbufferscreen: autoDraw = False
1193.8107 	EXP 	question: autoDraw = True
1202.8304 	DATA 	Mouse: Left button down, pos=(1198,330)
1202.8335 	EXP 	New trial (rep=0, index=1): {'Currentstep': 1}
1202.8542 	EXP 	question: autoDraw = False
1202.8542 	EXP 	EDbufferscreen: autoDraw = False
1202.8542 	EXP 	question: autoDraw = True
1202.9867 	DATA 	Mouse:  Left button up, pos=(1198,330)
1218.2805 	DATA 	Mouse: Left button down, pos=(1229,314)
1218.2835 	EXP 	New trial (rep=0, index=2): {'Currentstep': 2}
1218.3073 	EXP 	question: autoDraw = False
1218.3073 	EXP 	EDbufferscreen: autoDraw = False
1218.3073 	EXP 	question: autoDraw = True
1218.3971 	DATA 	Mouse:  Left button up, pos=(1229,314)
1219.5143 	DATA 	Mouse: Left button down, pos=(1229,314)
1219.5171 	EXP 	New trial (rep=0, index=3): {'Currentstep': 3}
1219.5330 	EXP 	question: autoDraw = False
1219.5330 	EXP 	EDbufferscreen: autoDraw = False
1219.5330 	EXP 	question: autoDraw = True
1219.6475 	DATA 	Mouse:  Left button up, pos=(1229,314)
1223.1306 	DATA 	Mouse: Left button down, pos=(1229,315)
1223.1335 	EXP 	New trial (rep=0, index=4): {'Currentstep': 4}
1223.1492 	EXP 	question: autoDraw = False
1223.1492 	EXP 	EDbufferscreen: autoDraw = False
1223.1492 	EXP 	question: autoDraw = True
1223.2637 	DATA 	Mouse:  Left button up, pos=(1229,315)
1229.0035 	DATA 	Mouse: Left button down, pos=(780,305)
1229.0165 	EXP 	New trial (rep=0, index=5): {'Currentstep': 5}
1229.0404 	EXP 	question: autoDraw = False
1229.0404 	EXP 	EDbufferscreen: autoDraw = False
1229.0404 	EXP 	question: autoDraw = True
1229.2639 	DATA 	Mouse:  Left button up, pos=(780,305)
1230.6638 	DATA 	Mouse: Left button down, pos=(785,307)
1230.6675 	EXP 	New trial (rep=0, index=6): {'Currentstep': 6}
1230.6826 	EXP 	question: autoDraw = False
1230.6826 	EXP 	EDbufferscreen: autoDraw = False
1230.6826 	EXP 	question: autoDraw = True
1230.7472 	DATA 	Mouse:  Left button up, pos=(785,307)
1232.0473 	DATA 	Mouse: Left button down, pos=(813,293)
1232.0544 	EXP 	Imported Moneyvalues.xlsx as conditions, 7 conditions, 1 params
1232.0548 	EXP 	Created sequence: sequential, trialTypes=7, nReps=1, seed=None
1232.0550 	EXP 	New trial (rep=0, index=0): {'Currentstep': 0}
1232.0650 	EXP 	question: autoDraw = False
1232.0650 	EXP 	EDbufferscreen: autoDraw = False
1232.0650 	EXP 	EDbufferscreen: autoDraw = True
1232.1350 	DATA 	Mouse:  Left button up, pos=(813,293)
1232.3938 	EXP 	EDbufferscreen: autoDraw = False
1232.3938 	EXP 	question: autoDraw = True
1235.6201 	DATA 	Mouse: Left button down, pos=(815,311)
1235.6336 	EXP 	New trial (rep=0, index=1): {'Currentstep': 1}
1235.6491 	EXP 	question: autoDraw = False
1235.6491 	EXP 	EDbufferscreen: autoDraw = False
1235.6491 	EXP 	question: autoDraw = True
1235.7367 	DATA 	Mouse:  Left button up, pos=(815,311)
1237.9703 	DATA 	Mouse: Left button down, pos=(815,311)
1237.9834 	EXP 	New trial (rep=0, index=2): {'Currentstep': 2}
1237.9993 	EXP 	question: autoDraw = False
1237.9993 	EXP 	EDbufferscreen: autoDraw = False
1237.9993 	EXP 	question: autoDraw = True
1238.1200 	DATA 	Mouse:  Left button up, pos=(815,311)
1238.6972 	DATA 	Mouse: Left button down, pos=(815,311)
1238.7001 	EXP 	New trial (rep=0, index=3): {'Currentstep': 3}
1238.7161 	EXP 	question: autoDraw = False
1238.7161 	EXP 	EDbufferscreen: autoDraw = False
1238.7161 	EXP 	question: autoDraw = True
1238.7971 	DATA 	Mouse:  Left button up, pos=(815,311)
1239.1307 	DATA 	Mouse: Left button down, pos=(815,311)
1239.1336 	EXP 	New trial (rep=0, index=4): {'Currentstep': 4}
1239.1495 	EXP 	question: autoDraw = False
1239.1495 	EXP 	EDbufferscreen: autoDraw = False
1239.1495 	EXP 	question: autoDraw = True
1239.2476 	DATA 	Mouse:  Left button up, pos=(815,311)
1239.5970 	DATA 	Mouse: Left button down, pos=(815,311)
1239.6000 	EXP 	New trial (rep=0, index=5): {'Currentstep': 5}
1239.6186 	EXP 	question: autoDraw = False
1239.6186 	EXP 	EDbufferscreen: autoDraw = False
1239.6186 	EXP 	question: autoDraw = True
1239.7201 	DATA 	Mouse:  Left button up, pos=(815,311)
1240.1869 	DATA 	Mouse: Left button down, pos=(815,309)
1240.2002 	EXP 	New trial (rep=0, index=6): {'Currentstep': 6}
1240.2167 	EXP 	question: autoDraw = False
1240.2167 	EXP 	EDbufferscreen: autoDraw = False
1240.2167 	EXP 	question: autoDraw = True
1240.3140 	DATA 	Mouse:  Left button up, pos=(815,309)
1240.8974 	DATA 	Mouse: Left button down, pos=(815,309)
1240.9051 	EXP 	Imported Moneyvalues.xlsx as conditions, 7 conditions, 1 params
1240.9054 	EXP 	Created sequence: sequential, trialTypes=7, nReps=1, seed=None
1240.9056 	EXP 	New trial (rep=0, index=0): {'Currentstep': 0}
1240.9153 	EXP 	question: autoDraw = False
1240.9153 	EXP 	EDbufferscreen: autoDraw = False
1240.9153 	EXP 	EDbufferscreen: autoDraw = True
1240.9839 	DATA 	Mouse:  Left button up, pos=(815,309)
1241.2363 	EXP 	EDbufferscreen: autoDraw = False
1241.2363 	EXP 	question: autoDraw = True
1244.9306 	DATA 	Mouse: Left button down, pos=(815,307)
1244.9337 	EXP 	New trial (rep=0, index=1): {'Currentstep': 1}
1244.9492 	EXP 	question: autoDraw = False
1244.9492 	EXP 	EDbufferscreen: autoDraw = False
1244.9492 	EXP 	question: autoDraw = True
1245.0472 	DATA 	Mouse:  Left button up, pos=(815,307)
1246.0535 	DATA 	Mouse: Left button down, pos=(815,307)
1246.0668 	EXP 	New trial (rep=0, index=2): {'Currentstep': 2}
1246.0830 	EXP 	question: autoDraw = False
1246.0830 	EXP 	EDbufferscreen: autoDraw = False
1246.0830 	EXP 	question: autoDraw = True
1246.1471 	DATA 	Mouse:  Left button up, pos=(815,307)
1246.6973 	DATA 	Mouse: Left button down, pos=(815,307)
1246.7001 	EXP 	New trial (rep=0, index=3): {'Currentstep': 3}
1246.7165 	EXP 	question: autoDraw = False
1246.7165 	EXP 	EDbufferscreen: autoDraw = False
1246.7165 	EXP 	question: autoDraw = True
1246.8638 	DATA 	Mouse:  Left button up, pos=(815,307)
1247.2198 	DATA 	Mouse: Left button down, pos=(815,307)
1247.2334 	EXP 	New trial (rep=0, index=4): {'Currentstep': 4}
1247.2489 	EXP 	question: autoDraw = False
1247.2489 	EXP 	EDbufferscreen: autoDraw = False
1247.2489 	EXP 	question: autoDraw = True
1247.3532 	DATA 	Mouse:  Left button up, pos=(815,307)
1249.2304 	DATA 	Mouse: Left button down, pos=(815,307)
1249.2332 	EXP 	New trial (rep=0, index=5): {'Currentstep': 5}
1249.2493 	EXP 	question: autoDraw = False
1249.2493 	EXP 	EDbufferscreen: autoDraw = False
1249.2493 	EXP 	question: autoDraw = True
1249.3140 	DATA 	Mouse:  Left button up, pos=(815,307)
1249.7306 	DATA 	Mouse: Left button down, pos=(815,307)
1249.7334 	EXP 	New trial (rep=0, index=6): {'Currentstep': 6}
1249.7489 	EXP 	question: autoDraw = False
1249.7489 	EXP 	EDbufferscreen: autoDraw = False
1249.7489 	EXP 	question: autoDraw = True
1249.8531 	DATA 	Mouse:  Left button up, pos=(815,307)
1250.2973 	DATA 	Mouse: Left button down, pos=(815,307)
1250.3135 	EXP 	question: autoDraw = False
1250.3135 	EXP 	EDbufferscreen: autoDraw = False
1250.3135 	EXP 	text_choice: autoDraw = True
1250.3837 	DATA 	Mouse:  Left button up, pos=(815,307)
1270.3719 	DATA 	Keypress: 2
1270.4240 	EXP 	text_choice: autoDraw = False
1270.4240 	EXP 	text_instr_choice: text = 'DISTANZIEREN\n\nIn diesem Block werden Sie eine Reihe von Bildern sehen. Diese sollen Sie aufmerksam ansehen.\nNehmen Sie die Position eines uninvolvierten Beobachters ein. Denken Sie über das Bild in einer neutralen Weise nach.\n\nBitte konzentrieren Sie Ihre Regulationsbemühungen nur auf das Bild, nicht aber auf die Zeiträume zwischen den Bildern.\n\nZum Starten des Blocks Leertaste dürcken'
1270.4240 	EXP 	text_instr_choice: autoDraw = True
1276.7042 	DATA 	Keypress: space
1276.7530 	EXP 	Imported StimuliNegative_3.xlsx as conditions, 20 conditions, 1 params
1276.7536 	EXP 	Created sequence: random, trialTypes=20, nReps=1, seed=None
1276.7538 	EXP 	New trial (rep=0, index=0): {'ImageFile': 'Stimuli/6242.jpg'}
1276.7609 	EXP 	text_instr_choice: autoDraw = False
1276.7609 	EXP 	text_fixcross: autoDraw = True
1280.7140 	EXP 	text_fixcross: autoDraw = False
1280.7140 	EXP 	text_fixcross: autoDraw = False
1280.7140 	EXP 	image: image = 'Stimuli/6242.jpg'
1280.7140 	EXP 	image: autoDraw = True
1286.7021 	EXP 	New trial (rep=0, index=1): {'ImageFile': 'Stimuli/8230.jpg'}
1286.7154 	EXP 	image: autoDraw = False
1286.7154 	EXP 	image: autoDraw = False
1286.7154 	EXP 	text_fixcross: autoDraw = True
1291.7629 	EXP 	text_fixcross: autoDraw = False
1291.7629 	EXP 	text_fixcross: autoDraw = False
1291.7629 	EXP 	image: image = 'Stimuli/8230.jpg'
1291.7629 	EXP 	image: autoDraw = True
1297.7512 	EXP 	New trial (rep=0, index=2): {'ImageFile': 'Stimuli/6825.jpg'}
1297.7644 	EXP 	image: autoDraw = False
1297.7644 	EXP 	image: autoDraw = False
1297.7644 	EXP 	text_fixcross: autoDraw = True
1302.6031 	EXP 	text_fixcross: autoDraw = False
1302.6031 	EXP 	text_fixcross: autoDraw = False
1302.6031 	EXP 	image: image = 'Stimuli/6825.jpg'
1302.6031 	EXP 	image: autoDraw = True
1308.6014 	EXP 	New trial (rep=0, index=3): {'ImageFile': 'Stimuli/9340.jpg'}
1308.6153 	EXP 	image: autoDraw = False
1308.6153 	EXP 	image: autoDraw = False
1308.6153 	EXP 	text_fixcross: autoDraw = True
1312.5701 	EXP 	text_fixcross: autoDraw = False
1312.5701 	EXP 	text_fixcross: autoDraw = False
1312.5701 	EXP 	image: image = 'Stimuli/9340.jpg'
1312.5701 	EXP 	image: autoDraw = True
1318.5684 	EXP 	New trial (rep=0, index=4): {'ImageFile': 'Stimuli/226.jpg'}
1318.5824 	EXP 	image: autoDraw = False
1318.5824 	EXP 	image: autoDraw = False
1318.5824 	EXP 	text_fixcross: autoDraw = True
1323.1291 	EXP 	text_fixcross: autoDraw = False
1323.1291 	EXP 	text_fixcross: autoDraw = False
1323.1291 	EXP 	image: image = 'Stimuli/226.jpg'
1323.1291 	EXP 	image: autoDraw = True
1329.1182 	EXP 	New trial (rep=0, index=5): {'ImageFile': 'Stimuli/9800.jpg'}
1329.1321 	EXP 	image: autoDraw = False
1329.1321 	EXP 	image: autoDraw = False
1329.1321 	EXP 	text_fixcross: autoDraw = True
1332.6862 	EXP 	text_fixcross: autoDraw = False
1332.6862 	EXP 	text_fixcross: autoDraw = False
1332.6862 	EXP 	image: image = 'Stimuli/9800.jpg'
1332.6862 	EXP 	image: autoDraw = True
1338.6849 	EXP 	New trial (rep=0, index=6): {'ImageFile': 'Stimuli/219.jpg'}
1338.6987 	EXP 	image: autoDraw = False
1338.6987 	EXP 	image: autoDraw = False
1338.6987 	EXP 	text_fixcross: autoDraw = True
1342.8420 	EXP 	text_fixcross: autoDraw = False
1342.8420 	EXP 	text_fixcross: autoDraw = False
1342.8420 	EXP 	image: image = 'Stimuli/219.jpg'
1342.8420 	EXP 	image: autoDraw = True
1348.8349 	EXP 	New trial (rep=0, index=7): {'ImageFile': 'Stimuli/9041.jpg'}
1348.8487 	EXP 	image: autoDraw = False
1348.8487 	EXP 	image: autoDraw = False
1348.8487 	EXP 	text_fixcross: autoDraw = True
1353.2031 	EXP 	text_fixcross: autoDraw = False
1353.2031 	EXP 	text_fixcross: autoDraw = False
1353.2031 	EXP 	image: image = 'Stimuli/9041.jpg'
1353.2031 	EXP 	image: autoDraw = True
1359.2016 	EXP 	New trial (rep=0, index=8): {'ImageFile': 'Stimuli/9409.jpg'}
1359.2155 	EXP 	image: autoDraw = False
1359.2155 	EXP 	image: autoDraw = False
1359.2155 	EXP 	text_fixcross: autoDraw = True
1363.3749 	EXP 	text_fixcross: autoDraw = False
1363.3749 	EXP 	text_fixcross: autoDraw = False
1363.3749 	EXP 	image: image = 'Stimuli/9409.jpg'
1363.3749 	EXP 	image: autoDraw = True
1369.3682 	EXP 	New trial (rep=0, index=9): {'ImageFile': 'Stimuli/9140.jpg'}
1369.3820 	EXP 	image: autoDraw = False
1369.3820 	EXP 	image: autoDraw = False
1369.3820 	EXP 	text_fixcross: autoDraw = True
1374.2388 	EXP 	text_fixcross: autoDraw = False
1374.2388 	EXP 	text_fixcross: autoDraw = False
1374.2388 	EXP 	image: image = 'Stimuli/9140.jpg'
1374.2388 	EXP 	image: autoDraw = True
1380.2348 	EXP 	New trial (rep=0, index=10): {'ImageFile': 'Stimuli/6940.jpg'}
1380.2487 	EXP 	image: autoDraw = False
1380.2487 	EXP 	image: autoDraw = False
1380.2487 	EXP 	text_fixcross: autoDraw = True
1385.0082 	EXP 	text_fixcross: autoDraw = False
1385.0082 	EXP 	text_fixcross: autoDraw = False
1385.0082 	EXP 	image: image = 'Stimuli/6940.jpg'
1385.0082 	EXP 	image: autoDraw = True
1391.0016 	EXP 	New trial (rep=0, index=11): {'ImageFile': 'Stimuli/326.jpg'}
1391.0156 	EXP 	image: autoDraw = False
1391.0156 	EXP 	image: autoDraw = False
1391.0156 	EXP 	text_fixcross: autoDraw = True
1394.8608 	EXP 	text_fixcross: autoDraw = False
1394.8608 	EXP 	text_fixcross: autoDraw = False
1394.8608 	EXP 	image: image = 'Stimuli/326.jpg'
1394.8608 	EXP 	image: autoDraw = True
1400.8516 	EXP 	New trial (rep=0, index=12): {'ImageFile': 'Stimuli/1301.jpg'}
1400.8661 	EXP 	image: autoDraw = False
1400.8661 	EXP 	image: autoDraw = False
1400.8661 	EXP 	text_fixcross: autoDraw = True
1404.0206 	EXP 	text_fixcross: autoDraw = False
1404.0206 	EXP 	text_fixcross: autoDraw = False
1404.0206 	EXP 	image: image = 'Stimuli/1301.jpg'
1404.0206 	EXP 	image: autoDraw = True
1410.0181 	EXP 	New trial (rep=0, index=13): {'ImageFile': 'Stimuli/254.jpg'}
1410.0320 	EXP 	image: autoDraw = False
1410.0320 	EXP 	image: autoDraw = False
1410.0320 	EXP 	text_fixcross: autoDraw = True
1413.5698 	EXP 	text_fixcross: autoDraw = False
1413.5698 	EXP 	text_fixcross: autoDraw = False
1413.5698 	EXP 	image: image = 'Stimuli/254.jpg'
1413.5698 	EXP 	image: autoDraw = True
1419.5683 	EXP 	New trial (rep=0, index=14): {'ImageFile': 'Stimuli/208.jpg'}
1419.5823 	EXP 	image: autoDraw = False
1419.5823 	EXP 	image: autoDraw = False
1419.5823 	EXP 	text_fixcross: autoDraw = True
1423.5318 	EXP 	text_fixcross: autoDraw = False
1423.5318 	EXP 	text_fixcross: autoDraw = False
1423.5318 	EXP 	image: image = 'Stimuli/208.jpg'
1423.5318 	EXP 	image: autoDraw = True
1429.5182 	EXP 	New trial (rep=0, index=15): {'ImageFile': 'Stimuli/253.jpg'}
1429.5322 	EXP 	image: autoDraw = False
1429.5322 	EXP 	image: autoDraw = False
1429.5322 	EXP 	text_fixcross: autoDraw = True
1434.0812 	EXP 	text_fixcross: autoDraw = False
1434.0812 	EXP 	text_fixcross: autoDraw = False
1434.0812 	EXP 	image: image = 'Stimuli/253.jpg'
1434.0812 	EXP 	image: autoDraw = True
1440.0682 	EXP 	New trial (rep=0, index=16): {'ImageFile': 'Stimuli/9570.jpg'}
1440.0823 	EXP 	image: autoDraw = False
1440.0823 	EXP 	image: autoDraw = False
1440.0823 	EXP 	text_fixcross: autoDraw = True
1444.8499 	EXP 	text_fixcross: autoDraw = False
1444.8499 	EXP 	text_fixcross: autoDraw = False
1444.8499 	EXP 	image: image = 'Stimuli/9570.jpg'
1444.8499 	EXP 	image: autoDraw = True
1450.8516 	EXP 	New trial (rep=0, index=17): {'ImageFile': 'Stimuli/6555.jpg'}
1450.8653 	EXP 	image: autoDraw = False
1450.8653 	EXP 	image: autoDraw = False
1450.8653 	EXP 	text_fixcross: autoDraw = True
1454.4124 	EXP 	text_fixcross: autoDraw = False
1454.4124 	EXP 	text_fixcross: autoDraw = False
1454.4124 	EXP 	image: image = 'Stimuli/6555.jpg'
1454.4124 	EXP 	image: autoDraw = True
1460.4015 	EXP 	New trial (rep=0, index=18): {'ImageFile': 'Stimuli/3350.jpg'}
1460.4153 	EXP 	image: autoDraw = False
1460.4153 	EXP 	image: autoDraw = False
1460.4153 	EXP 	text_fixcross: autoDraw = True
1464.5637 	EXP 	text_fixcross: autoDraw = False
1464.5637 	EXP 	text_fixcross: autoDraw = False
1464.5637 	EXP 	image: image = 'Stimuli/3350.jpg'
1464.5637 	EXP 	image: autoDraw = True
1470.5515 	EXP 	New trial (rep=0, index=19): {'ImageFile': 'Stimuli/6410.jpg'}
1470.5653 	EXP 	image: autoDraw = False
1470.5653 	EXP 	image: autoDraw = False
1470.5653 	EXP 	text_fixcross: autoDraw = True
1474.7134 	EXP 	text_fixcross: autoDraw = False
1474.7134 	EXP 	text_fixcross: autoDraw = False
1474.7134 	EXP 	image: image = 'Stimuli/6410.jpg'
1474.7134 	EXP 	image: autoDraw = True
1480.7333 	EXP 	image: autoDraw = False
1480.7333 	EXP 	image: autoDraw = False
1480.7333 	EXP 	slider_arousal: markerPos = None
1480.7333 	EXP 	slider_arousal: markerPos = None
1480.7333 	EXP 	slider_arousal: rating = None
1480.7333 	EXP 	text_slider_arousal: autoDraw = True
1480.7333 	EXP 	slider_arousal: autoDraw = True
1484.9542 	DATA 	Mouse: Left button down, pos=(1118,317)
1484.9808 	EXP 	slider_arousal: markerPos = 258.5185185185185
1484.9979 	EXP 	slider_arousal: markerPos = 258.5185185185185
1485.0142 	EXP 	slider_arousal: markerPos = 258.5185185185185
1485.0305 	EXP 	slider_arousal: markerPos = 258.5185185185185
1485.0473 	EXP 	slider_arousal: markerPos = 258.5185185185185
1485.0635 	EXP 	slider_arousal: markerPos = 258.5185185185185
1485.0803 	EXP 	slider_arousal: markerPos = 258.5185185185185
1485.0969 	EXP 	slider_arousal: markerPos = 258.5185185185185
1485.1002 	DATA 	Mouse:  Left button up, pos=(1118,317)
1485.1139 	EXP 	slider_arousal: markerPos = 258.5185185185185
1485.1139 	EXP 	slider_arousal: rating = 258.5185185185185
1485.1357 	EXP 	text_slider_arousal: autoDraw = False
1485.1357 	EXP 	slider_arousal: autoDraw = False
1485.1357 	EXP 	slider_effort: markerPos = None
1485.1357 	EXP 	slider_effort: markerPos = None
1485.1357 	EXP 	slider_effort: rating = None
1485.1357 	EXP 	text_slider_effort: autoDraw = True
1485.1357 	EXP 	slider_effort: autoDraw = True
1487.3837 	DATA 	Mouse: Left button down, pos=(628,319)
1487.3971 	EXP 	slider_effort: markerPos = 77.03703703703704
1487.4136 	EXP 	slider_effort: markerPos = 77.03703703703704
1487.4303 	EXP 	slider_effort: markerPos = 77.03703703703704
1487.4471 	EXP 	slider_effort: markerPos = 77.03703703703704
1487.4639 	EXP 	slider_effort: markerPos = 77.03703703703704
1487.4805 	EXP 	slider_effort: markerPos = 77.03703703703704
1487.4836 	DATA 	Mouse:  Left button up, pos=(628,319)
1487.4977 	EXP 	slider_effort: markerPos = 77.03703703703704
1487.4977 	EXP 	slider_effort: rating = 77.03703703703704
1487.5140 	EXP 	text_slider_effort: autoDraw = False
1487.5140 	EXP 	slider_effort: autoDraw = False
1487.5140 	EXP 	text_end: autoDraw = True
1490.1853 	DATA 	Keypress: space
1490.1979 	EXP 	text_end: autoDraw = False
1490.2655 	EXP 	window1: mouseVisible = True
