1.6174 	WARNING 	We strongly recommend you activate the PTB sound engine in PsychoPy prefs as the preferred audio engine. Its timing is vastly superior. Your prefs are currently set to use ['sounddevice', 'PTB', 'pyo', 'pygame'] (in that order).
12.2834 	WARNING 	Requested an unavailable screen number - using first available.
13.7704 	EXP 	Created window1 = Window(allowGUI=False, allowStencil=False, autoLog=True, backendConf=UNKNOWN, bitsMode=UNKNOWN, blendMode='avg', bpc=(8, 8, 8), color=array([0, 0, 0]), colorSpace='rgb', depthBits=8, fullscr=<method-wrapper '__getattribute__' of attributeSetter object at 0x000002B6866D1940>, gamma=None, gammaErrorPolicy='raise', lms=UNKNOWN, monitor=<psychopy.monitors.calibTools.Monitor object at 0x000002B686600668>, multiSample=False, name='window1', numSamples=2, pos=[0.0, 0.0], screen=1, size=array([1920, 1080]), stencilBits=0, stereo=False, units='height', useFBO=True, useRetina=False, viewOri=0.0, viewPos=None, viewScale=None, waitBlanking=True, winType='pyglet')
13.7712 	EXP 	window1: mouseVisible = True
13.7713 	EXP 	window1: recordFrameIntervals = False
13.9357 	EXP 	window1: recordFrameIntervals = True
14.1193 	EXP 	window1: recordFrameIntervals = False
14.6278 	EXP 	Created WelcomeText = TextStim(__class__=<class 'psychopy.visual.text.TextStim'>, alignHoriz=method-wrapper(...), alignText='center', alignVert=method-wrapper(...), anchorHoriz='center', anchorVert='center', antialias=True, autoLog=True, bold=False, color=array([-1., -1., -1.]), colorSpace='rgb', contrast=1.0, depth=0.0, flipHoriz=False, flipVert=False, font='Open Sans', fontFiles=[], height=0.03, italic=False, languageStyle='LTR', name='WelcomeText', opacity=1, ori=0.0, pos=array([0., 0.]), rgb=UNKNOWN, text=str(...), units='height', win=Window(...), wrapWidth=1)
14.6571 	EXP 	Created text_ActiveViewing = TextStim(__class__=<class 'psychopy.visual.text.TextStim'>, alignHoriz=method-wrapper(...), alignText='center', alignVert=method-wrapper(...), anchorHoriz='center', anchorVert='center', antialias=True, autoLog=True, bold=False, color=array([-1., -1., -1.]), colorSpace='rgb', contrast=1.0, depth=0.0, flipHoriz=False, flipVert=False, font='Open Sans', fontFiles=[], height=0.04, italic=False, languageStyle='LTR', name='text_ActiveViewing', opacity=1, ori=0.0, pos=array([0., 0.]), rgb=UNKNOWN, text=str(...), units='height', win=Window(...), wrapWidth=1)
14.6631 	EXP 	Created image_view = ImageStim(__class__=<class 'psychopy.visual.image.ImageStim'>, autoLog=True, color=array([1., 1., 1.]), colorSpace='rgb', contrast=1.0, depth=0.0, flipHoriz=False, flipVert=False, image='sin', interpolate=True, mask=None, maskParams=None, name='image_view', opacity=1, ori=0.0, pos=array([0., 0.]), size=array([1.  , 0.75]), texRes=128.0, units='height', win=Window(...))
14.6702 	EXP 	Created text_fixcross = TextStim(__class__=<class 'psychopy.visual.text.TextStim'>, alignHoriz=method-wrapper(...), alignText='center', alignVert=method-wrapper(...), anchorHoriz='center', anchorVert='center', antialias=True, autoLog=True, bold=False, color=array([-1., -1., -1.]), colorSpace='rgb', contrast=1.0, depth=0.0, flipHoriz=False, flipVert=False, font='Open Sans', fontFiles=[], height=0.1, italic=False, languageStyle='LTR', name='text_fixcross', opacity=1, ori=0.0, pos=array([0., 0.]), rgb=UNKNOWN, text='+', units='height', win=Window(...), wrapWidth=1)
14.6716 	EXP 	Created text_Instruction = TextStim(__class__=<class 'psychopy.visual.text.TextStim'>, alignHoriz=method-wrapper(...), alignText='center', alignVert=method-wrapper(...), anchorHoriz='center', anchorVert='center', antialias=True, autoLog=True, bold=False, color=array([-1., -1., -1.]), colorSpace='rgb', contrast=1.0, depth=0.0, flipHoriz=False, flipVert=False, font='Open Sans', fontFiles=[], height=0.04, italic=False, languageStyle='LTR', name='text_Instruction', opacity=1, ori=0.0, pos=array([0., 0.]), rgb=UNKNOWN, text='', units='height', win=Window(...), wrapWidth=1)
14.6754 	EXP 	Created image_reg = ImageStim(__class__=<class 'psychopy.visual.image.ImageStim'>, autoLog=True, color=array([1., 1., 1.]), colorSpace='rgb', contrast=1.0, depth=0.0, flipHoriz=False, flipVert=False, image='sin', interpolate=True, mask=None, maskParams=None, name='image_reg', opacity=1, ori=0.0, pos=array([0., 0.]), size=array([1.  , 0.75]), texRes=128.0, units='height', win=Window(...))
14.6987 	EXP 	Created text_slider_arousal = TextStim(__class__=<class 'psychopy.visual.text.TextStim'>, alignHoriz=method-wrapper(...), alignText='center', alignVert=method-wrapper(...), anchorHoriz='center', anchorVert='center', antialias=True, autoLog=True, bold=False, color=array([-1., -1., -1.]), colorSpace='rgb', contrast=1.0, depth=0.0, flipHoriz=False, flipVert=False, font='Open Sans', fontFiles=[], height=0.05, italic=False, languageStyle='LTR', name='text_slider_arousal', opacity=1, ori=0.0, pos=array([0., 0.]), rgb=UNKNOWN, text=str(...), units='height', win=Window(...), wrapWidth=1)
14.7071 	EXP 	window1: mouseVisible = True
14.7220 	EXP 	Created slider_arousal = Slider(__class__=<class 'psychopy.visual.slider.Slider'>, autoDraw=False, autoLog=True, borderColor=None, color=None, colorSpace='rgb', depth=-1, fillColor=None, flip=False, font='Open Sans', granularity=0.0, labelHeight=0.05, labelWrapWidth=None, labels=('sehr gering', 'sehr hoch'), name='slider_arousal', opacity=None, pos=(0, -0.2), readOnly=False, self=UNKNOWN, size=[1.0, 0.1], startValue=None, style=method-wrapper(...), styleTweaks=method-wrapper(...), ticks=array([  0, 400]), units='height', win=Window(...))
14.7351 	EXP 	Created text_slider_effort = TextStim(__class__=<class 'psychopy.visual.text.TextStim'>, alignHoriz=method-wrapper(...), alignText='center', alignVert=method-wrapper(...), anchorHoriz='center', anchorVert='center', antialias=True, autoLog=True, bold=False, color=array([-1., -1., -1.]), colorSpace='rgb', contrast=1.0, depth=0.0, flipHoriz=False, flipVert=False, font='Open Sans', fontFiles=[], height=0.05, italic=False, languageStyle='LTR', name='text_slider_effort', opacity=1, ori=0.0, pos=array([0., 0.]), rgb=UNKNOWN, text=str(...), units='height', win=Window(...), wrapWidth=1)
14.7413 	EXP 	window1: mouseVisible = True
14.7536 	EXP 	Created slider_effort = Slider(__class__=<class 'psychopy.visual.slider.Slider'>, autoDraw=False, autoLog=True, borderColor=None, color=None, colorSpace='rgb', depth=-1, fillColor=None, flip=False, font='Open Sans', granularity=0.0, labelHeight=0.05, labelWrapWidth=None, labels=('sehr gering', 'sehr hoch'), name='slider_effort', opacity=None, pos=(0, -0.2), readOnly=False, self=UNKNOWN, size=(1.0, 0.1), startValue=None, style=method-wrapper(...), styleTweaks=method-wrapper(...), ticks=array([  0, 400]), units='height', win=Window(...))
14.8174 	EXP 	Created text_EDinstruction = TextStim(__class__=<class 'psychopy.visual.text.TextStim'>, alignHoriz=method-wrapper(...), alignText='center', alignVert=method-wrapper(...), anchorHoriz='center', anchorVert='center', antialias=True, autoLog=True, bold=False, color=array([-1., -1., -1.]), colorSpace='rgb', contrast=1.0, depth=0.0, flipHoriz=False, flipVert=False, font='Open Sans', fontFiles=[], height=0.03, italic=False, languageStyle='LTR', name='text_EDinstruction', opacity=1, ori=0.0, pos=array([0., 0.]), rgb=UNKNOWN, text=str(...), units='height', win=Window(...), wrapWidth=1)
14.8271 	EXP 	Created question = TextStim(__class__=<class 'psychopy.visual.text.TextStim'>, alignHoriz=method-wrapper(...), alignText='center', alignVert=method-wrapper(...), anchorHoriz='center', anchorVert='center', antialias=True, autoLog=True, bold=False, color=array([-1., -1., -1.]), colorSpace='rgb', contrast=1.0, depth=0.0, flipHoriz=False, flipVert=False, font='Open Sans', fontFiles=[], height=0.03, italic=False, languageStyle='LTR', name='question', opacity=1, ori=0.0, pos=array([0. , 0.1]), rgb=UNKNOWN, text=str(...), units='height', win=Window(...), wrapWidth=1)
14.8271 	EXP 	window1: mouseVisible = True
14.8382 	EXP 	window1: mouseVisible = True
14.8483 	EXP 	window1: mouseVisible = True
14.8535 	EXP 	Created EDbufferscreen = TextStim(__class__=<class 'psychopy.visual.text.TextStim'>, alignHoriz=method-wrapper(...), alignText='center', alignVert=method-wrapper(...), anchorHoriz='center', anchorVert='center', antialias=True, autoLog=True, bold=False, color=array([-1., -1., -1.]), colorSpace='rgb', contrast=1.0, depth=0.0, flipHoriz=False, flipVert=False, font='Open Sans', fontFiles=[], height=0.03, italic=False, languageStyle='LTR', name='EDbufferscreen', opacity=1, ori=0.0, pos=array([0. , 0.1]), rgb=UNKNOWN, text=str(...), units='height', win=Window(...), wrapWidth=1)
14.8864 	EXP 	Created text_choice = TextStim(__class__=<class 'psychopy.visual.text.TextStim'>, alignHoriz=method-wrapper(...), alignText='center', alignVert=method-wrapper(...), anchorHoriz='center', anchorVert='center', antialias=True, autoLog=True, bold=False, color=array([-1., -1., -1.]), colorSpace='rgb', contrast=1.0, depth=0.0, flipHoriz=False, flipVert=False, font='Open Sans', fontFiles=[], height=0.04, italic=False, languageStyle='LTR', name='text_choice', opacity=1, ori=0.0, pos=array([0., 0.]), rgb=UNKNOWN, text=str(...), units='height', win=Window(...), wrapWidth=1)
14.8877 	EXP 	Created text_instr_choice = TextStim(__class__=<class 'psychopy.visual.text.TextStim'>, alignHoriz=method-wrapper(...), alignText='center', alignVert=method-wrapper(...), anchorHoriz='center', anchorVert='center', antialias=True, autoLog=True, bold=False, color=array([-1., -1., -1.]), colorSpace='rgb', contrast=1.0, depth=-1.0, flipHoriz=False, flipVert=False, font='Open Sans', fontFiles=[], height=0.04, italic=False, languageStyle='LTR', name='text_instr_choice', opacity=1, ori=0.0, pos=array([0., 0.]), rgb=UNKNOWN, text='', units='height', win=Window(...), wrapWidth=1)
14.8923 	EXP 	Created image = ImageStim(__class__=<class 'psychopy.visual.image.ImageStim'>, autoLog=True, color=array([1., 1., 1.]), colorSpace='rgb', contrast=1.0, depth=0.0, flipHoriz=False, flipVert=False, image='sin', interpolate=True, mask=None, maskParams=None, name='image', opacity=1, ori=0.0, pos=array([0., 0.]), size=array([1.  , 0.75]), texRes=128.0, units='height', win=Window(...))
14.9105 	EXP 	Created text_end = TextStim(__class__=<class 'psychopy.visual.text.TextStim'>, alignHoriz=method-wrapper(...), alignText='center', alignVert=method-wrapper(...), anchorHoriz='center', anchorVert='center', antialias=True, autoLog=True, bold=False, color=array([-1., -1., -1.]), colorSpace='rgb', contrast=1.0, depth=0.0, flipHoriz=False, flipVert=False, font='Open Sans', fontFiles=[], height=0.05, italic=False, languageStyle='LTR', name='text_end', opacity=1, ori=0.0, pos=array([0., 0.]), rgb=UNKNOWN, text=str(...), units='height', win=Window(...), wrapWidth=1)
14.9424 	EXP 	slider_arousal: autoLog = True
14.9424 	EXP 	slider_arousal: markerPos = None
14.9424 	EXP 	slider_arousal: rating = None
14.9424 	EXP 	slider_arousal: markerPos = None
14.9424 	EXP 	slider_arousal: contrast = 1.0
14.9424 	EXP 	slider_arousal: autoLog = True
14.9424 	EXP 	slider_arousal: styleTweaks = []
14.9424 	EXP 	slider_arousal: style = 'slider'
14.9424 	EXP 	slider_arousal: styleTweaks = []
14.9424 	EXP 	slider_effort: autoLog = True
14.9424 	EXP 	slider_effort: markerPos = None
14.9424 	EXP 	slider_effort: rating = None
14.9424 	EXP 	slider_effort: markerPos = None
14.9424 	EXP 	slider_effort: contrast = 1.0
14.9424 	EXP 	slider_effort: autoLog = True
14.9424 	EXP 	slider_effort: styleTweaks = []
14.9424 	EXP 	slider_effort: style = 'slider'
14.9424 	EXP 	slider_effort: styleTweaks = []
14.9424 	EXP 	WelcomeText: autoDraw = True
68.1215 	DATA 	Keypress: space
68.1505 	EXP 	Imported blocks_view.xlsx as conditions, 2 conditions, 5 params
68.1511 	EXP 	Created sequence: sequential, trialTypes=2, nReps=1, seed=None
68.1514 	EXP 	New trial (rep=0, index=0): {'Block': 1, 'conds_view_File': 'StimuliNeutral.xlsx', 'n_reps': 1, 'instr_1': 'ANSCHAUEN', 'TriggerBlockView': 21}
68.1597 	EXP 	WelcomeText: autoDraw = False
68.1597 	EXP 	text_ActiveViewing: autoDraw = True
88.7087 	DATA 	Keypress: space
88.7496 	EXP 	Imported StimuliNeutral.xlsx as conditions, 20 conditions, 2 params
88.7504 	EXP 	Created sequence: random, trialTypes=20, nReps=1, seed=None
88.7508 	EXP 	New trial (rep=0, index=0): {'ImageFile': 'Stimuli/7224.jpg', 'Trigger': 1}
88.7589 	EXP 	text_ActiveViewing: autoDraw = False
88.7589 	EXP 	text_fixcross: autoDraw = True
93.6408 	EXP 	text_fixcross: autoDraw = False
93.6408 	EXP 	text_fixcross: autoDraw = False
93.6408 	EXP 	image_view: image = 'Stimuli/7224.jpg'
93.6408 	EXP 	image_view: autoDraw = True
99.6404 	EXP 	New trial (rep=0, index=1): {'ImageFile': 'Stimuli/7185.jpg', 'Trigger': 1}
99.6544 	EXP 	image_view: autoDraw = False
99.6544 	EXP 	image_view: autoDraw = False
99.6544 	EXP 	text_fixcross: autoDraw = True
104.0008 	EXP 	text_fixcross: autoDraw = False
104.0008 	EXP 	text_fixcross: autoDraw = False
104.0008 	EXP 	image_view: image = 'Stimuli/7185.jpg'
104.0008 	EXP 	image_view: autoDraw = True
109.9894 	EXP 	New trial (rep=0, index=2): {'ImageFile': 'Stimuli/7006.jpg', 'Trigger': 1}
110.0032 	EXP 	image_view: autoDraw = False
110.0032 	EXP 	image_view: autoDraw = False
110.0032 	EXP 	text_fixcross: autoDraw = True
113.2522 	EXP 	text_fixcross: autoDraw = False
113.2522 	EXP 	text_fixcross: autoDraw = False
113.2522 	EXP 	image_view: image = 'Stimuli/7006.jpg'
113.2522 	EXP 	image_view: autoDraw = True
119.2394 	EXP 	New trial (rep=0, index=3): {'ImageFile': 'Stimuli/7009.jpg', 'Trigger': 1}
119.2534 	EXP 	image_view: autoDraw = False
119.2534 	EXP 	image_view: autoDraw = False
119.2534 	EXP 	text_fixcross: autoDraw = True
123.2024 	EXP 	text_fixcross: autoDraw = False
123.2024 	EXP 	text_fixcross: autoDraw = False
123.2024 	EXP 	image_view: image = 'Stimuli/7009.jpg'
123.2024 	EXP 	image_view: autoDraw = True
129.1894 	EXP 	New trial (rep=0, index=4): {'ImageFile': 'Stimuli/7000.jpg', 'Trigger': 1}
129.2033 	EXP 	image_view: autoDraw = False
129.2033 	EXP 	image_view: autoDraw = False
129.2033 	EXP 	text_fixcross: autoDraw = True
133.1526 	EXP 	text_fixcross: autoDraw = False
133.1526 	EXP 	text_fixcross: autoDraw = False
133.1526 	EXP 	image_view: image = 'Stimuli/7000.jpg'
133.1526 	EXP 	image_view: autoDraw = True
139.1394 	EXP 	New trial (rep=0, index=5): {'ImageFile': 'Stimuli/7025.jpg', 'Trigger': 1}
139.1533 	EXP 	image_view: autoDraw = False
139.1533 	EXP 	image_view: autoDraw = False
139.1533 	EXP 	text_fixcross: autoDraw = True
144.2080 	EXP 	text_fixcross: autoDraw = False
144.2080 	EXP 	text_fixcross: autoDraw = False
144.2080 	EXP 	image_view: image = 'Stimuli/7025.jpg'
144.2080 	EXP 	image_view: autoDraw = True
150.2057 	EXP 	New trial (rep=0, index=6): {'ImageFile': 'Stimuli/083.jpg', 'Trigger': 1}
150.2198 	EXP 	image_view: autoDraw = False
150.2198 	EXP 	image_view: autoDraw = False
150.2198 	EXP 	text_fixcross: autoDraw = True
153.5664 	EXP 	text_fixcross: autoDraw = False
153.5664 	EXP 	text_fixcross: autoDraw = False
153.5664 	EXP 	image_view: image = 'Stimuli/083.jpg'
153.5664 	EXP 	image_view: autoDraw = True
159.5561 	EXP 	New trial (rep=0, index=7): {'ImageFile': 'Stimuli/7002.jpg', 'Trigger': 1}
159.5699 	EXP 	image_view: autoDraw = False
159.5699 	EXP 	image_view: autoDraw = False
159.5699 	EXP 	text_fixcross: autoDraw = True
163.7302 	EXP 	text_fixcross: autoDraw = False
163.7302 	EXP 	text_fixcross: autoDraw = False
163.7302 	EXP 	image_view: image = 'Stimuli/7002.jpg'
163.7302 	EXP 	image_view: autoDraw = True
169.7227 	EXP 	New trial (rep=0, index=8): {'ImageFile': 'Stimuli/7235.jpg', 'Trigger': 1}
169.7369 	EXP 	image_view: autoDraw = False
169.7369 	EXP 	image_view: autoDraw = False
169.7369 	EXP 	text_fixcross: autoDraw = True
173.2747 	EXP 	text_fixcross: autoDraw = False
173.2747 	EXP 	text_fixcross: autoDraw = False
173.2747 	EXP 	image_view: image = 'Stimuli/7235.jpg'
173.2747 	EXP 	image_view: autoDraw = True
179.2727 	EXP 	New trial (rep=0, index=9): {'ImageFile': 'Stimuli/7233.jpg', 'Trigger': 1}
179.2865 	EXP 	image_view: autoDraw = False
179.2865 	EXP 	image_view: autoDraw = False
179.2865 	EXP 	text_fixcross: autoDraw = True
182.5372 	EXP 	text_fixcross: autoDraw = False
182.5372 	EXP 	text_fixcross: autoDraw = False
182.5372 	EXP 	image_view: image = 'Stimuli/7233.jpg'
182.5372 	EXP 	image_view: autoDraw = True
188.5395 	EXP 	New trial (rep=0, index=10): {'ImageFile': 'Stimuli/124.jpg', 'Trigger': 1}
188.5535 	EXP 	image_view: autoDraw = False
188.5535 	EXP 	image_view: autoDraw = False
188.5535 	EXP 	text_fixcross: autoDraw = True
193.5041 	EXP 	text_fixcross: autoDraw = False
193.5041 	EXP 	text_fixcross: autoDraw = False
193.5041 	EXP 	image_view: image = 'Stimuli/124.jpg'
193.5041 	EXP 	image_view: autoDraw = True
199.5063 	EXP 	New trial (rep=0, index=11): {'ImageFile': 'Stimuli/143.jpg', 'Trigger': 1}
199.5198 	EXP 	image_view: autoDraw = False
199.5198 	EXP 	image_view: autoDraw = False
199.5198 	EXP 	text_fixcross: autoDraw = True
203.8658 	EXP 	text_fixcross: autoDraw = False
203.8658 	EXP 	text_fixcross: autoDraw = False
203.8658 	EXP 	image_view: image = 'Stimuli/143.jpg'
203.8658 	EXP 	image_view: autoDraw = True
209.8560 	EXP 	New trial (rep=0, index=12): {'ImageFile': 'Stimuli/7021.jpg', 'Trigger': 1}
209.8698 	EXP 	image_view: autoDraw = False
209.8698 	EXP 	image_view: autoDraw = False
209.8698 	EXP 	text_fixcross: autoDraw = True
213.1422 	EXP 	text_fixcross: autoDraw = False
213.1422 	EXP 	text_fixcross: autoDraw = False
213.1422 	EXP 	image_view: image = 'Stimuli/7021.jpg'
213.1422 	EXP 	image_view: autoDraw = True
219.1392 	EXP 	New trial (rep=0, index=13): {'ImageFile': 'Stimuli/7211.jpg', 'Trigger': 1}
219.1531 	EXP 	image_view: autoDraw = False
219.1531 	EXP 	image_view: autoDraw = False
219.1531 	EXP 	text_fixcross: autoDraw = True
223.7107 	EXP 	text_fixcross: autoDraw = False
223.7107 	EXP 	text_fixcross: autoDraw = False
223.7107 	EXP 	image_view: image = 'Stimuli/7211.jpg'
223.7107 	EXP 	image_view: autoDraw = True
229.7057 	EXP 	New trial (rep=0, index=14): {'ImageFile': 'Stimuli/140.jpg', 'Trigger': 1}
229.7199 	EXP 	image_view: autoDraw = False
229.7199 	EXP 	image_view: autoDraw = False
229.7199 	EXP 	text_fixcross: autoDraw = True
234.3629 	EXP 	text_fixcross: autoDraw = False
234.3629 	EXP 	text_fixcross: autoDraw = False
234.3629 	EXP 	image_view: image = 'Stimuli/140.jpg'
234.3629 	EXP 	image_view: autoDraw = True
240.3561 	EXP 	New trial (rep=0, index=15): {'ImageFile': 'Stimuli/7004.jpg', 'Trigger': 1}
240.3697 	EXP 	image_view: autoDraw = False
240.3697 	EXP 	image_view: autoDraw = False
240.3697 	EXP 	text_fixcross: autoDraw = True
243.8270 	EXP 	text_fixcross: autoDraw = False
243.8270 	EXP 	text_fixcross: autoDraw = False
243.8270 	EXP 	image_view: image = 'Stimuli/7004.jpg'
243.8270 	EXP 	image_view: autoDraw = True
249.8230 	EXP 	New trial (rep=0, index=16): {'ImageFile': 'Stimuli/7041.jpg', 'Trigger': 1}
249.8367 	EXP 	image_view: autoDraw = False
249.8367 	EXP 	image_view: autoDraw = False
249.8367 	EXP 	text_fixcross: autoDraw = True
254.3939 	EXP 	text_fixcross: autoDraw = False
254.3939 	EXP 	text_fixcross: autoDraw = False
254.3939 	EXP 	image_view: image = 'Stimuli/7041.jpg'
254.3939 	EXP 	image_view: autoDraw = True
260.3894 	EXP 	New trial (rep=0, index=17): {'ImageFile': 'Stimuli/107.jpg', 'Trigger': 1}
260.4033 	EXP 	image_view: autoDraw = False
260.4033 	EXP 	image_view: autoDraw = False
260.4033 	EXP 	text_fixcross: autoDraw = True
263.8503 	EXP 	text_fixcross: autoDraw = False
263.8503 	EXP 	text_fixcross: autoDraw = False
263.8503 	EXP 	image_view: image = 'Stimuli/107.jpg'
263.8503 	EXP 	image_view: autoDraw = True
269.8394 	EXP 	New trial (rep=0, index=18): {'ImageFile': 'Stimuli/7100.jpg', 'Trigger': 1}
269.8532 	EXP 	image_view: autoDraw = False
269.8532 	EXP 	image_view: autoDraw = False
269.8532 	EXP 	text_fixcross: autoDraw = True
274.4281 	EXP 	text_fixcross: autoDraw = False
274.4281 	EXP 	text_fixcross: autoDraw = False
274.4281 	EXP 	image_view: image = 'Stimuli/7100.jpg'
274.4281 	EXP 	image_view: autoDraw = True
280.4227 	EXP 	New trial (rep=0, index=19): {'ImageFile': 'Stimuli/7150.jpg', 'Trigger': 1}
280.4367 	EXP 	image_view: autoDraw = False
280.4367 	EXP 	image_view: autoDraw = False
280.4367 	EXP 	text_fixcross: autoDraw = True
283.8845 	EXP 	text_fixcross: autoDraw = False
283.8845 	EXP 	text_fixcross: autoDraw = False
283.8845 	EXP 	image_view: image = 'Stimuli/7150.jpg'
283.8845 	EXP 	image_view: autoDraw = True
289.9077 	EXP 	image_view: autoDraw = False
289.9077 	EXP 	image_view: autoDraw = False
289.9077 	EXP 	slider_arousal: markerPos = None
289.9077 	EXP 	slider_arousal: markerPos = None
289.9077 	EXP 	slider_arousal: rating = None
289.9077 	EXP 	text_slider_arousal: autoDraw = True
289.9077 	EXP 	slider_arousal: autoDraw = True
296.6375 	DATA 	Mouse: Left button down, pos=(467,320)
296.6513 	EXP 	slider_arousal: markerPos = 17.407407407407405
296.6679 	EXP 	slider_arousal: markerPos = 17.407407407407405
296.6846 	EXP 	slider_arousal: markerPos = 17.407407407407405
296.7013 	EXP 	slider_arousal: markerPos = 17.407407407407405
296.7179 	EXP 	slider_arousal: markerPos = 17.407407407407405
296.7345 	EXP 	slider_arousal: markerPos = 17.407407407407405
296.7513 	EXP 	slider_arousal: markerPos = 17.407407407407405
296.7596 	DATA 	Mouse:  Left button up, pos=(467,320)
296.7681 	EXP 	slider_arousal: markerPos = 17.407407407407405
296.7849 	EXP 	slider_arousal: markerPos = 17.407407407407405
296.7849 	EXP 	slider_arousal: rating = 17.407407407407405
296.8091 	EXP 	text_slider_arousal: autoDraw = False
296.8091 	EXP 	slider_arousal: autoDraw = False
296.8091 	EXP 	slider_effort: markerPos = None
296.8091 	EXP 	slider_effort: markerPos = None
296.8091 	EXP 	slider_effort: rating = None
296.8091 	EXP 	text_slider_effort: autoDraw = True
296.8091 	EXP 	slider_effort: autoDraw = True
306.7244 	DATA 	Mouse: Left button down, pos=(436,305)
306.7517 	EXP 	slider_effort: markerPos = 5.9259259259259345
306.7683 	EXP 	slider_effort: markerPos = 5.9259259259259345
306.7848 	EXP 	slider_effort: markerPos = 5.9259259259259345
306.8015 	EXP 	slider_effort: markerPos = 5.9259259259259345
306.8182 	EXP 	slider_effort: markerPos = 5.9259259259259345
306.8215 	DATA 	Mouse:  Left button up, pos=(436,305)
306.8360 	EXP 	slider_effort: markerPos = 5.9259259259259345
306.8360 	EXP 	slider_effort: rating = 5.9259259259259345
306.8402 	EXP 	New trial (rep=0, index=1): {'Block': 2, 'conds_view_File': 'StimuliNegative.xlsx', 'n_reps': 1, 'instr_1': 'ANSCHAUEN', 'TriggerBlockView': 22}
306.8516 	EXP 	text_slider_effort: autoDraw = False
306.8516 	EXP 	slider_effort: autoDraw = False
306.8516 	EXP 	text_ActiveViewing: autoDraw = True
315.1609 	DATA 	Keypress: space
315.2113 	EXP 	Imported StimuliNegative_5.xlsx as conditions, 20 conditions, 1 params
315.2119 	EXP 	Created sequence: random, trialTypes=20, nReps=1, seed=None
315.2122 	EXP 	New trial (rep=0, index=0): {'ImageFile': 'Stimuli/9403.jpg'}
315.2185 	EXP 	text_ActiveViewing: autoDraw = False
315.2185 	EXP 	text_fixcross: autoDraw = True
319.4581 	EXP 	text_fixcross: autoDraw = False
319.4581 	EXP 	text_fixcross: autoDraw = False
319.4581 	EXP 	image_view: image = 'Stimuli/9403.jpg'
319.4581 	EXP 	image_view: autoDraw = True
325.4565 	EXP 	New trial (rep=0, index=1): {'ImageFile': 'Stimuli/3101.jpg'}
325.4709 	EXP 	image_view: autoDraw = False
325.4709 	EXP 	image_view: autoDraw = False
325.4709 	EXP 	text_fixcross: autoDraw = True
329.9244 	EXP 	text_fixcross: autoDraw = False
329.9244 	EXP 	text_fixcross: autoDraw = False
329.9244 	EXP 	image_view: image = 'Stimuli/3101.jpg'
329.9244 	EXP 	image_view: autoDraw = True
335.9226 	EXP 	New trial (rep=0, index=2): {'ImageFile': 'Stimuli/6571.jpg'}
335.9366 	EXP 	image_view: autoDraw = False
335.9366 	EXP 	image_view: autoDraw = False
335.9366 	EXP 	text_fixcross: autoDraw = True
339.5835 	EXP 	text_fixcross: autoDraw = False
339.5835 	EXP 	text_fixcross: autoDraw = False
339.5835 	EXP 	image_view: image = 'Stimuli/6571.jpg'
339.5835 	EXP 	image_view: autoDraw = True
345.5726 	EXP 	New trial (rep=0, index=3): {'ImageFile': 'Stimuli/9405.jpg'}
345.5867 	EXP 	image_view: autoDraw = False
345.5867 	EXP 	image_view: autoDraw = False
345.5867 	EXP 	text_fixcross: autoDraw = True
349.8434 	EXP 	text_fixcross: autoDraw = False
349.8434 	EXP 	text_fixcross: autoDraw = False
349.8434 	EXP 	image_view: image = 'Stimuli/9405.jpg'
349.8434 	EXP 	image_view: autoDraw = True
355.8393 	EXP 	New trial (rep=0, index=4): {'ImageFile': 'Stimuli/3225.jpg'}
355.8532 	EXP 	image_view: autoDraw = False
355.8532 	EXP 	image_view: autoDraw = False
355.8532 	EXP 	text_fixcross: autoDraw = True
359.8076 	EXP 	text_fixcross: autoDraw = False
359.8076 	EXP 	text_fixcross: autoDraw = False
359.8076 	EXP 	image_view: image = 'Stimuli/3225.jpg'
359.8076 	EXP 	image_view: autoDraw = True
365.8062 	EXP 	New trial (rep=0, index=5): {'ImageFile': 'Stimuli/9402.jpg'}
365.8199 	EXP 	image_view: autoDraw = False
365.8199 	EXP 	image_view: autoDraw = False
365.8199 	EXP 	text_fixcross: autoDraw = True
370.8594 	EXP 	text_fixcross: autoDraw = False
370.8594 	EXP 	text_fixcross: autoDraw = False
370.8594 	EXP 	image_view: image = 'Stimuli/9402.jpg'
370.8594 	EXP 	image_view: autoDraw = True
376.8559 	EXP 	New trial (rep=0, index=6): {'ImageFile': 'Stimuli/3215.jpg'}
376.8698 	EXP 	image_view: autoDraw = False
376.8698 	EXP 	image_view: autoDraw = False
376.8698 	EXP 	text_fixcross: autoDraw = True
381.0145 	EXP 	text_fixcross: autoDraw = False
381.0145 	EXP 	text_fixcross: autoDraw = False
381.0145 	EXP 	image_view: image = 'Stimuli/3215.jpg'
381.0145 	EXP 	image_view: autoDraw = True
387.0059 	EXP 	New trial (rep=0, index=7): {'ImageFile': 'Stimuli/6020.jpg'}
387.0199 	EXP 	image_view: autoDraw = False
387.0199 	EXP 	image_view: autoDraw = False
387.0199 	EXP 	text_fixcross: autoDraw = True
391.4766 	EXP 	text_fixcross: autoDraw = False
391.4766 	EXP 	text_fixcross: autoDraw = False
391.4766 	EXP 	image_view: image = 'Stimuli/6020.jpg'
391.4766 	EXP 	image_view: autoDraw = True
397.4726 	EXP 	New trial (rep=0, index=8): {'ImageFile': 'Stimuli/8231.jpg'}
397.4865 	EXP 	image_view: autoDraw = False
397.4865 	EXP 	image_view: autoDraw = False
397.4865 	EXP 	text_fixcross: autoDraw = True
402.4355 	EXP 	text_fixcross: autoDraw = False
402.4355 	EXP 	text_fixcross: autoDraw = False
402.4355 	EXP 	image_view: image = 'Stimuli/8231.jpg'
402.4355 	EXP 	image_view: autoDraw = True
408.4226 	EXP 	New trial (rep=0, index=9): {'ImageFile': 'Stimuli/245.jpg'}
408.4364 	EXP 	image_view: autoDraw = False
408.4364 	EXP 	image_view: autoDraw = False
408.4364 	EXP 	text_fixcross: autoDraw = True
411.9720 	EXP 	text_fixcross: autoDraw = False
411.9720 	EXP 	text_fixcross: autoDraw = False
411.9720 	EXP 	image_view: image = 'Stimuli/245.jpg'
411.9720 	EXP 	image_view: autoDraw = True
417.9724 	EXP 	New trial (rep=0, index=10): {'ImageFile': 'Stimuli/9373.jpg'}
417.9866 	EXP 	image_view: autoDraw = False
417.9866 	EXP 	image_view: autoDraw = False
417.9866 	EXP 	text_fixcross: autoDraw = True
422.2428 	EXP 	text_fixcross: autoDraw = False
422.2428 	EXP 	text_fixcross: autoDraw = False
422.2428 	EXP 	image_view: image = 'Stimuli/9373.jpg'
422.2428 	EXP 	image_view: autoDraw = True
428.2392 	EXP 	New trial (rep=0, index=11): {'ImageFile': 'Stimuli/6831.jpg'}
428.2530 	EXP 	image_view: autoDraw = False
428.2530 	EXP 	image_view: autoDraw = False
428.2530 	EXP 	text_fixcross: autoDraw = True
432.0000 	EXP 	text_fixcross: autoDraw = False
432.0000 	EXP 	text_fixcross: autoDraw = False
432.0000 	EXP 	image_view: image = 'Stimuli/6831.jpg'
432.0000 	EXP 	image_view: autoDraw = True
437.9891 	EXP 	New trial (rep=0, index=12): {'ImageFile': 'Stimuli/3220.jpg'}
438.0031 	EXP 	image_view: autoDraw = False
438.0031 	EXP 	image_view: autoDraw = False
438.0031 	EXP 	text_fixcross: autoDraw = True
442.8434 	EXP 	text_fixcross: autoDraw = False
442.8434 	EXP 	text_fixcross: autoDraw = False
442.8434 	EXP 	image_view: image = 'Stimuli/3220.jpg'
442.8434 	EXP 	image_view: autoDraw = True
448.8395 	EXP 	New trial (rep=0, index=13): {'ImageFile': 'Stimuli/3016.jpg'}
448.8531 	EXP 	image_view: autoDraw = False
448.8531 	EXP 	image_view: autoDraw = False
448.8531 	EXP 	text_fixcross: autoDraw = True
453.7988 	EXP 	text_fixcross: autoDraw = False
453.7988 	EXP 	text_fixcross: autoDraw = False
453.7988 	EXP 	image_view: image = 'Stimuli/3016.jpg'
453.7988 	EXP 	image_view: autoDraw = True
459.7892 	EXP 	New trial (rep=0, index=14): {'ImageFile': 'Stimuli/223.jpg'}
459.8030 	EXP 	image_view: autoDraw = False
459.8030 	EXP 	image_view: autoDraw = False
459.8030 	EXP 	text_fixcross: autoDraw = True
463.0522 	EXP 	text_fixcross: autoDraw = False
463.0522 	EXP 	text_fixcross: autoDraw = False
463.0522 	EXP 	image_view: image = 'Stimuli/223.jpg'
463.0522 	EXP 	image_view: autoDraw = True
469.0391 	EXP 	New trial (rep=0, index=15): {'ImageFile': 'Stimuli/3181.jpg'}
469.0531 	EXP 	image_view: autoDraw = False
469.0531 	EXP 	image_view: autoDraw = False
469.0531 	EXP 	text_fixcross: autoDraw = True
472.4010 	EXP 	text_fixcross: autoDraw = False
472.4010 	EXP 	text_fixcross: autoDraw = False
472.4010 	EXP 	image_view: image = 'Stimuli/3181.jpg'
472.4010 	EXP 	image_view: autoDraw = True
478.3891 	EXP 	New trial (rep=0, index=16): {'ImageFile': 'Stimuli/2981.jpg'}
478.4032 	EXP 	image_view: autoDraw = False
478.4032 	EXP 	image_view: autoDraw = False
478.4032 	EXP 	text_fixcross: autoDraw = True
482.4637 	EXP 	text_fixcross: autoDraw = False
482.4637 	EXP 	text_fixcross: autoDraw = False
482.4637 	EXP 	image_view: image = 'Stimuli/2981.jpg'
482.4637 	EXP 	image_view: autoDraw = True
488.4557 	EXP 	New trial (rep=0, index=17): {'ImageFile': 'Stimuli/238.jpg'}
488.4696 	EXP 	image_view: autoDraw = False
488.4696 	EXP 	image_view: autoDraw = False
488.4696 	EXP 	text_fixcross: autoDraw = True
492.2155 	EXP 	text_fixcross: autoDraw = False
492.2155 	EXP 	text_fixcross: autoDraw = False
492.2155 	EXP 	image_view: image = 'Stimuli/238.jpg'
492.2155 	EXP 	image_view: autoDraw = True
498.2059 	EXP 	New trial (rep=0, index=18): {'ImageFile': 'Stimuli/9400.jpg'}
498.2197 	EXP 	image_view: autoDraw = False
498.2197 	EXP 	image_view: autoDraw = False
498.2197 	EXP 	text_fixcross: autoDraw = True
501.7636 	EXP 	text_fixcross: autoDraw = False
501.7636 	EXP 	text_fixcross: autoDraw = False
501.7636 	EXP 	image_view: image = 'Stimuli/9400.jpg'
501.7636 	EXP 	image_view: autoDraw = True
507.7558 	EXP 	New trial (rep=0, index=19): {'ImageFile': 'Stimuli/9423.jpg'}
507.7697 	EXP 	image_view: autoDraw = False
507.7697 	EXP 	image_view: autoDraw = False
507.7697 	EXP 	text_fixcross: autoDraw = True
511.2223 	EXP 	text_fixcross: autoDraw = False
511.2223 	EXP 	text_fixcross: autoDraw = False
511.2223 	EXP 	image_view: image = 'Stimuli/9423.jpg'
511.2223 	EXP 	image_view: autoDraw = True
517.2488 	EXP 	image_view: autoDraw = False
517.2488 	EXP 	image_view: autoDraw = False
517.2488 	EXP 	slider_arousal: markerPos = None
517.2488 	EXP 	slider_arousal: markerPos = None
517.2488 	EXP 	slider_arousal: rating = None
517.2488 	EXP 	text_slider_arousal: autoDraw = True
517.2488 	EXP 	slider_arousal: autoDraw = True
524.1212 	DATA 	Mouse: Left button down, pos=(894,294)
524.1348 	EXP 	slider_arousal: markerPos = 175.55555555555554
524.1515 	EXP 	slider_arousal: markerPos = 175.55555555555554
524.1682 	EXP 	slider_arousal: markerPos = 175.55555555555554
524.1848 	EXP 	slider_arousal: markerPos = 175.55555555555554
524.1881 	DATA 	Mouse:  Left button up, pos=(894,294)
524.2021 	EXP 	slider_arousal: markerPos = 175.55555555555554
524.2021 	EXP 	slider_arousal: rating = 175.55555555555554
524.2235 	EXP 	text_slider_arousal: autoDraw = False
524.2235 	EXP 	slider_arousal: autoDraw = False
524.2235 	EXP 	slider_effort: markerPos = None
524.2235 	EXP 	slider_effort: markerPos = None
524.2235 	EXP 	slider_effort: rating = None
524.2235 	EXP 	text_slider_effort: autoDraw = True
524.2235 	EXP 	slider_effort: autoDraw = True
530.5042 	DATA 	Mouse: Left button down, pos=(578,306)
530.5178 	EXP 	slider_effort: markerPos = 58.518518518518526
530.5345 	EXP 	slider_effort: markerPos = 58.518518518518526
530.5511 	EXP 	slider_effort: markerPos = 58.518518518518526
530.5680 	EXP 	slider_effort: markerPos = 58.518518518518526
530.5763 	DATA 	Mouse:  Left button up, pos=(578,306)
530.5847 	EXP 	slider_effort: markerPos = 58.518518518518526
530.6015 	EXP 	slider_effort: markerPos = 58.518518518518526
530.6015 	EXP 	slider_effort: rating = 58.518518518518526
530.6212 	EXP 	Imported blocks_reg.xlsx as conditions, 3 conditions, 6 params
530.6216 	EXP 	Created sequence: random, trialTypes=3, nReps=1, seed=None
530.6219 	EXP 	New trial (rep=0, index=0): {'Block': 3, 'conds_reg_File': 'StimuliNegative.xlsx', 'n_reps': 1, 'TriggerBlockReg': 23, 'instr_1': 'ABLENKEN', 'instr_2': 'Denken Sie während des Betrachtens der Bilder an etwas Neutrales, das mit dem Bild nichts zu tun hat. Das könnten geometrische Figuren, Alltagstätigkeiten oder bekannte Orte sein.'}
530.6529 	EXP 	text_slider_effort: autoDraw = False
530.6529 	EXP 	slider_effort: autoDraw = False
530.6529 	EXP 	text_Instruction: text = 'ABLENKEN\n\nIn diesem Block werden Sie eine Reihe von Bildern sehen. Diese sollen Sie aufmerksam ansehen.\nDenken Sie während des Betrachtens der Bilder an etwas Neutrales, das mit dem Bild nichts zu tun hat. Das könnten geometrische Figuren, Alltagstätigkeiten oder bekannte Orte sein.\n\nBitte konzentrieren Sie Ihre Regulationsbemühungen nur auf das Bild, nicht aber auf die Zeiträume zwischen den Bildern.\n\nZum Starten des Blocks Leertaste dürcken'
530.6529 	EXP 	text_Instruction: autoDraw = True
544.5049 	EXP 	Imported StimuliNegative_3.xlsx as conditions, 20 conditions, 1 params
544.5055 	EXP 	Created sequence: random, trialTypes=20, nReps=1, seed=None
544.5058 	EXP 	New trial (rep=0, index=0): {'ImageFile': 'Stimuli/6940.jpg'}
544.5091 	DATA 	Keypress: space
544.5128 	EXP 	text_Instruction: autoDraw = False
544.5128 	EXP 	text_fixcross: autoDraw = True
548.9592 	EXP 	text_fixcross: autoDraw = False
548.9592 	EXP 	text_fixcross: autoDraw = False
548.9592 	EXP 	image_reg: image = 'Stimuli/6940.jpg'
548.9592 	EXP 	image_reg: autoDraw = True
554.9563 	EXP 	New trial (rep=0, index=1): {'ImageFile': 'Stimuli/226.jpg'}
554.9698 	EXP 	image_reg: autoDraw = False
554.9698 	EXP 	image_reg: autoDraw = False
554.9698 	EXP 	text_fixcross: autoDraw = True
560.0332 	EXP 	text_fixcross: autoDraw = False
560.0332 	EXP 	text_fixcross: autoDraw = False
560.0332 	EXP 	image_reg: image = 'Stimuli/226.jpg'
560.0332 	EXP 	image_reg: autoDraw = True
566.0227 	EXP 	New trial (rep=0, index=2): {'ImageFile': 'Stimuli/9140.jpg'}
566.0364 	EXP 	image_reg: autoDraw = False
566.0364 	EXP 	image_reg: autoDraw = False
566.0364 	EXP 	text_fixcross: autoDraw = True
569.6916 	EXP 	text_fixcross: autoDraw = False
569.6916 	EXP 	text_fixcross: autoDraw = False
569.6916 	EXP 	image_reg: image = 'Stimuli/9140.jpg'
569.6916 	EXP 	image_reg: autoDraw = True
575.6890 	EXP 	New trial (rep=0, index=3): {'ImageFile': 'Stimuli/9409.jpg'}
575.7029 	EXP 	image_reg: autoDraw = False
575.7029 	EXP 	image_reg: autoDraw = False
575.7029 	EXP 	text_fixcross: autoDraw = True
579.2553 	EXP 	text_fixcross: autoDraw = False
579.2553 	EXP 	text_fixcross: autoDraw = False
579.2553 	EXP 	image_reg: image = 'Stimuli/9409.jpg'
579.2553 	EXP 	image_reg: autoDraw = True
585.2559 	EXP 	New trial (rep=0, index=4): {'ImageFile': 'Stimuli/219.jpg'}
585.2697 	EXP 	image_reg: autoDraw = False
585.2697 	EXP 	image_reg: autoDraw = False
585.2697 	EXP 	text_fixcross: autoDraw = True
589.4990 	EXP 	text_fixcross: autoDraw = False
589.4990 	EXP 	text_fixcross: autoDraw = False
589.4990 	EXP 	image_reg: image = 'Stimuli/219.jpg'
589.4990 	EXP 	image_reg: autoDraw = True
595.4891 	EXP 	New trial (rep=0, index=5): {'ImageFile': 'Stimuli/6242.jpg'}
595.5029 	EXP 	image_reg: autoDraw = False
595.5029 	EXP 	image_reg: autoDraw = False
595.5029 	EXP 	text_fixcross: autoDraw = True
600.2668 	EXP 	text_fixcross: autoDraw = False
600.2668 	EXP 	text_fixcross: autoDraw = False
600.2668 	EXP 	image_reg: image = 'Stimuli/6242.jpg'
600.2668 	EXP 	image_reg: autoDraw = True
606.2557 	EXP 	New trial (rep=0, index=6): {'ImageFile': 'Stimuli/208.jpg'}
606.2696 	EXP 	image_reg: autoDraw = False
606.2696 	EXP 	image_reg: autoDraw = False
606.2696 	EXP 	text_fixcross: autoDraw = True
609.4187 	EXP 	text_fixcross: autoDraw = False
609.4187 	EXP 	text_fixcross: autoDraw = False
609.4187 	EXP 	image_reg: image = 'Stimuli/208.jpg'
609.4187 	EXP 	image_reg: autoDraw = True
615.4059 	EXP 	New trial (rep=0, index=7): {'ImageFile': 'Stimuli/8230.jpg'}
615.4198 	EXP 	image_reg: autoDraw = False
615.4198 	EXP 	image_reg: autoDraw = False
615.4198 	EXP 	text_fixcross: autoDraw = True
618.9690 	EXP 	text_fixcross: autoDraw = False
618.9690 	EXP 	text_fixcross: autoDraw = False
618.9690 	EXP 	image_reg: image = 'Stimuli/8230.jpg'
618.9690 	EXP 	image_reg: autoDraw = True
624.9557 	EXP 	New trial (rep=0, index=8): {'ImageFile': 'Stimuli/9340.jpg'}
624.9694 	EXP 	image_reg: autoDraw = False
624.9694 	EXP 	image_reg: autoDraw = False
624.9694 	EXP 	text_fixcross: autoDraw = True
628.7100 	EXP 	text_fixcross: autoDraw = False
628.7100 	EXP 	text_fixcross: autoDraw = False
628.7100 	EXP 	image_reg: image = 'Stimuli/9340.jpg'
628.7100 	EXP 	image_reg: autoDraw = True
634.7058 	EXP 	New trial (rep=0, index=9): {'ImageFile': 'Stimuli/3350.jpg'}
634.7197 	EXP 	image_reg: autoDraw = False
634.7197 	EXP 	image_reg: autoDraw = False
634.7197 	EXP 	text_fixcross: autoDraw = True
639.3754 	EXP 	text_fixcross: autoDraw = False
639.3754 	EXP 	text_fixcross: autoDraw = False
639.3754 	EXP 	image_reg: image = 'Stimuli/3350.jpg'
639.3754 	EXP 	image_reg: autoDraw = True
645.3723 	EXP 	New trial (rep=0, index=10): {'ImageFile': 'Stimuli/1301.jpg'}
645.3862 	EXP 	image_reg: autoDraw = False
645.3862 	EXP 	image_reg: autoDraw = False
645.3862 	EXP 	text_fixcross: autoDraw = True
650.1408 	EXP 	text_fixcross: autoDraw = False
650.1408 	EXP 	text_fixcross: autoDraw = False
650.1408 	EXP 	image_reg: image = 'Stimuli/1301.jpg'
650.1408 	EXP 	image_reg: autoDraw = True
656.1390 	EXP 	New trial (rep=0, index=11): {'ImageFile': 'Stimuli/254.jpg'}
656.1530 	EXP 	image_reg: autoDraw = False
656.1530 	EXP 	image_reg: autoDraw = False
656.1530 	EXP 	text_fixcross: autoDraw = True
661.2045 	EXP 	text_fixcross: autoDraw = False
661.2045 	EXP 	text_fixcross: autoDraw = False
661.2045 	EXP 	image_reg: image = 'Stimuli/254.jpg'
661.2045 	EXP 	image_reg: autoDraw = True
667.2057 	EXP 	New trial (rep=0, index=12): {'ImageFile': 'Stimuli/9570.jpg'}
667.2196 	EXP 	image_reg: autoDraw = False
667.2196 	EXP 	image_reg: autoDraw = False
667.2196 	EXP 	text_fixcross: autoDraw = True
671.9801 	EXP 	text_fixcross: autoDraw = False
671.9801 	EXP 	text_fixcross: autoDraw = False
671.9801 	EXP 	image_reg: image = 'Stimuli/9570.jpg'
671.9801 	EXP 	image_reg: autoDraw = True
677.9724 	EXP 	New trial (rep=0, index=13): {'ImageFile': 'Stimuli/9041.jpg'}
677.9864 	EXP 	image_reg: autoDraw = False
677.9864 	EXP 	image_reg: autoDraw = False
677.9864 	EXP 	text_fixcross: autoDraw = True
681.3365 	EXP 	text_fixcross: autoDraw = False
681.3365 	EXP 	text_fixcross: autoDraw = False
681.3365 	EXP 	image_reg: image = 'Stimuli/9041.jpg'
681.3365 	EXP 	image_reg: autoDraw = True
687.3226 	EXP 	New trial (rep=0, index=14): {'ImageFile': 'Stimuli/326.jpg'}
687.3366 	EXP 	image_reg: autoDraw = False
687.3366 	EXP 	image_reg: autoDraw = False
687.3366 	EXP 	text_fixcross: autoDraw = True
691.5897 	EXP 	text_fixcross: autoDraw = False
691.5897 	EXP 	text_fixcross: autoDraw = False
691.5897 	EXP 	image_reg: image = 'Stimuli/326.jpg'
691.5897 	EXP 	image_reg: autoDraw = True
697.5892 	EXP 	New trial (rep=0, index=15): {'ImageFile': 'Stimuli/6410.jpg'}
697.6031 	EXP 	image_reg: autoDraw = False
697.6031 	EXP 	image_reg: autoDraw = False
697.6031 	EXP 	text_fixcross: autoDraw = True
702.2610 	EXP 	text_fixcross: autoDraw = False
702.2610 	EXP 	text_fixcross: autoDraw = False
702.2610 	EXP 	image_reg: image = 'Stimuli/6410.jpg'
702.2610 	EXP 	image_reg: autoDraw = True
708.2558 	EXP 	New trial (rep=0, index=16): {'ImageFile': 'Stimuli/9800.jpg'}
708.2697 	EXP 	image_reg: autoDraw = False
708.2697 	EXP 	image_reg: autoDraw = False
708.2697 	EXP 	text_fixcross: autoDraw = True
712.4243 	EXP 	text_fixcross: autoDraw = False
712.4243 	EXP 	text_fixcross: autoDraw = False
712.4243 	EXP 	image_reg: image = 'Stimuli/9800.jpg'
712.4243 	EXP 	image_reg: autoDraw = True
718.4223 	EXP 	New trial (rep=0, index=17): {'ImageFile': 'Stimuli/253.jpg'}
718.4363 	EXP 	image_reg: autoDraw = False
718.4363 	EXP 	image_reg: autoDraw = False
718.4363 	EXP 	text_fixcross: autoDraw = True
722.0887 	EXP 	text_fixcross: autoDraw = False
722.0887 	EXP 	text_fixcross: autoDraw = False
722.0887 	EXP 	image_reg: image = 'Stimuli/253.jpg'
722.0887 	EXP 	image_reg: autoDraw = True
728.0891 	EXP 	New trial (rep=0, index=18): {'ImageFile': 'Stimuli/6555.jpg'}
728.1032 	EXP 	image_reg: autoDraw = False
728.1032 	EXP 	image_reg: autoDraw = False
728.1032 	EXP 	text_fixcross: autoDraw = True
731.5574 	EXP 	text_fixcross: autoDraw = False
731.5574 	EXP 	text_fixcross: autoDraw = False
731.5574 	EXP 	image_reg: image = 'Stimuli/6555.jpg'
731.5574 	EXP 	image_reg: autoDraw = True
737.5556 	EXP 	New trial (rep=0, index=19): {'ImageFile': 'Stimuli/6825.jpg'}
737.5696 	EXP 	image_reg: autoDraw = False
737.5696 	EXP 	image_reg: autoDraw = False
737.5696 	EXP 	text_fixcross: autoDraw = True
742.0234 	EXP 	text_fixcross: autoDraw = False
742.0234 	EXP 	text_fixcross: autoDraw = False
742.0234 	EXP 	image_reg: image = 'Stimuli/6825.jpg'
742.0234 	EXP 	image_reg: autoDraw = True
748.0552 	EXP 	image_reg: autoDraw = False
748.0552 	EXP 	image_reg: autoDraw = False
748.0552 	EXP 	slider_arousal: markerPos = None
748.0552 	EXP 	slider_arousal: markerPos = None
748.0552 	EXP 	slider_arousal: rating = None
748.0552 	EXP 	text_slider_arousal: autoDraw = True
748.0552 	EXP 	slider_arousal: autoDraw = True
759.5586 	DATA 	Mouse: Left button down, pos=(826,310)
759.5857 	EXP 	slider_arousal: markerPos = 150.37037037037038
759.6030 	EXP 	slider_arousal: markerPos = 150.37037037037038
759.6194 	EXP 	slider_arousal: markerPos = 150.37037037037038
759.6357 	EXP 	slider_arousal: markerPos = 150.37037037037038
759.6519 	EXP 	slider_arousal: markerPos = 150.37037037037038
759.6550 	DATA 	Mouse:  Left button up, pos=(826,310)
759.6692 	EXP 	slider_arousal: markerPos = 150.37037037037038
759.6692 	EXP 	slider_arousal: rating = 150.37037037037038
759.6904 	EXP 	text_slider_arousal: autoDraw = False
759.6904 	EXP 	slider_arousal: autoDraw = False
759.6904 	EXP 	slider_effort: markerPos = None
759.6904 	EXP 	slider_effort: markerPos = None
759.6904 	EXP 	slider_effort: rating = None
759.6904 	EXP 	text_slider_effort: autoDraw = True
759.6904 	EXP 	slider_effort: autoDraw = True
766.0872 	DATA 	Mouse: Left button down, pos=(1025,308)
766.1014 	EXP 	slider_effort: markerPos = 224.0740740740741
766.1179 	EXP 	slider_effort: markerPos = 224.0740740740741
766.1347 	EXP 	slider_effort: markerPos = 224.0740740740741
766.1514 	EXP 	slider_effort: markerPos = 224.0740740740741
766.1680 	EXP 	slider_effort: markerPos = 224.0740740740741
766.1847 	EXP 	slider_effort: markerPos = 224.0740740740741
766.2012 	EXP 	slider_effort: markerPos = 224.0740740740741
766.2179 	EXP 	slider_effort: markerPos = 224.0740740740741
766.2212 	DATA 	Mouse:  Left button up, pos=(1025,308)
766.2356 	EXP 	slider_effort: markerPos = 224.0740740740741
766.2356 	EXP 	slider_effort: rating = 224.0740740740741
766.2397 	EXP 	New trial (rep=0, index=1): {'Block': 4, 'conds_reg_File': 'StimuliNegative.xlsx', 'n_reps': 1, 'TriggerBlockReg': 24, 'instr_1': 'DISTANZIEREN', 'instr_2': 'Nehmen Sie die Position eines uninvolvierten Beobachters ein. Denken Sie über das Bild in einer neutralen Weise nach.'}
766.2665 	EXP 	text_slider_effort: autoDraw = False
766.2665 	EXP 	slider_effort: autoDraw = False
766.2665 	EXP 	text_Instruction: text = 'DISTANZIEREN\n\nIn diesem Block werden Sie eine Reihe von Bildern sehen. Diese sollen Sie aufmerksam ansehen.\nNehmen Sie die Position eines uninvolvierten Beobachters ein. Denken Sie über das Bild in einer neutralen Weise nach.\n\nBitte konzentrieren Sie Ihre Regulationsbemühungen nur auf das Bild, nicht aber auf die Zeiträume zwischen den Bildern.\n\nZum Starten des Blocks Leertaste dürcken'
766.2665 	EXP 	text_Instruction: autoDraw = True
780.2695 	EXP 	Imported StimuliNegative_4.xlsx as conditions, 20 conditions, 1 params
780.2701 	EXP 	Created sequence: random, trialTypes=20, nReps=1, seed=None
780.2703 	EXP 	New trial (rep=0, index=0): {'ImageFile': 'Stimuli/9905.jpg'}
780.2738 	DATA 	Keypress: space
780.2775 	EXP 	text_Instruction: autoDraw = False
780.2775 	EXP 	text_fixcross: autoDraw = True
783.7237 	EXP 	text_fixcross: autoDraw = False
783.7237 	EXP 	text_fixcross: autoDraw = False
783.7237 	EXP 	image_reg: image = 'Stimuli/9905.jpg'
783.7237 	EXP 	image_reg: autoDraw = True
789.7228 	EXP 	New trial (rep=0, index=1): {'ImageFile': 'Stimuli/2800.jpg'}
789.7363 	EXP 	image_reg: autoDraw = False
789.7363 	EXP 	image_reg: autoDraw = False
789.7363 	EXP 	text_fixcross: autoDraw = True
794.7802 	EXP 	text_fixcross: autoDraw = False
794.7802 	EXP 	text_fixcross: autoDraw = False
794.7802 	EXP 	image_reg: image = 'Stimuli/2800.jpg'
794.7802 	EXP 	image_reg: autoDraw = True
800.7722 	EXP 	New trial (rep=0, index=2): {'ImageFile': 'Stimuli/9230.jpg'}
800.7862 	EXP 	image_reg: autoDraw = False
800.7862 	EXP 	image_reg: autoDraw = False
800.7862 	EXP 	text_fixcross: autoDraw = True
803.9320 	EXP 	text_fixcross: autoDraw = False
803.9320 	EXP 	text_fixcross: autoDraw = False
803.9320 	EXP 	image_reg: image = 'Stimuli/9230.jpg'
803.9320 	EXP 	image_reg: autoDraw = True
809.9221 	EXP 	New trial (rep=0, index=3): {'ImageFile': 'Stimuli/1051.jpg'}
809.9362 	EXP 	image_reg: autoDraw = False
809.9362 	EXP 	image_reg: autoDraw = False
809.9362 	EXP 	text_fixcross: autoDraw = True
814.3678 	EXP 	text_fixcross: autoDraw = False
814.3678 	EXP 	text_fixcross: autoDraw = False
814.3678 	EXP 	image_reg: image = 'Stimuli/1051.jpg'
814.3678 	EXP 	image_reg: autoDraw = True
820.3557 	EXP 	New trial (rep=0, index=4): {'ImageFile': 'Stimuli/9254.jpg'}
820.3696 	EXP 	image_reg: autoDraw = False
820.3696 	EXP 	image_reg: autoDraw = False
820.3696 	EXP 	text_fixcross: autoDraw = True
824.0291 	EXP 	text_fixcross: autoDraw = False
824.0291 	EXP 	text_fixcross: autoDraw = False
824.0291 	EXP 	image_reg: image = 'Stimuli/9254.jpg'
824.0291 	EXP 	image_reg: autoDraw = True
830.0223 	EXP 	New trial (rep=0, index=5): {'ImageFile': 'Stimuli/227.jpg'}
830.0362 	EXP 	image_reg: autoDraw = False
830.0362 	EXP 	image_reg: autoDraw = False
830.0362 	EXP 	text_fixcross: autoDraw = True
833.7930 	EXP 	text_fixcross: autoDraw = False
833.7930 	EXP 	text_fixcross: autoDraw = False
833.7930 	EXP 	image_reg: image = 'Stimuli/227.jpg'
833.7930 	EXP 	image_reg: autoDraw = True
839.7889 	EXP 	New trial (rep=0, index=6): {'ImageFile': 'Stimuli/9295.jpg'}
839.8028 	EXP 	image_reg: autoDraw = False
839.8028 	EXP 	image_reg: autoDraw = False
839.8028 	EXP 	text_fixcross: autoDraw = True
843.2591 	EXP 	text_fixcross: autoDraw = False
843.2591 	EXP 	text_fixcross: autoDraw = False
843.2591 	EXP 	image_reg: image = 'Stimuli/9295.jpg'
843.2591 	EXP 	image_reg: autoDraw = True
849.2560 	EXP 	New trial (rep=0, index=7): {'ImageFile': 'Stimuli/252.jpg'}
849.2695 	EXP 	image_reg: autoDraw = False
849.2695 	EXP 	image_reg: autoDraw = False
849.2695 	EXP 	text_fixcross: autoDraw = True
853.9014 	EXP 	text_fixcross: autoDraw = False
853.9014 	EXP 	text_fixcross: autoDraw = False
853.9014 	EXP 	image_reg: image = 'Stimuli/252.jpg'
853.9014 	EXP 	image_reg: autoDraw = True
859.8890 	EXP 	New trial (rep=0, index=8): {'ImageFile': 'Stimuli/9332.jpg'}
859.9029 	EXP 	image_reg: autoDraw = False
859.9029 	EXP 	image_reg: autoDraw = False
859.9029 	EXP 	text_fixcross: autoDraw = True
864.7641 	EXP 	text_fixcross: autoDraw = False
864.7641 	EXP 	text_fixcross: autoDraw = False
864.7641 	EXP 	image_reg: image = 'Stimuli/9332.jpg'
864.7641 	EXP 	image_reg: autoDraw = True
870.7556 	EXP 	New trial (rep=0, index=9): {'ImageFile': 'Stimuli/9421.jpg'}
870.7695 	EXP 	image_reg: autoDraw = False
870.7695 	EXP 	image_reg: autoDraw = False
870.7695 	EXP 	text_fixcross: autoDraw = True
875.5244 	EXP 	text_fixcross: autoDraw = False
875.5244 	EXP 	text_fixcross: autoDraw = False
875.5244 	EXP 	image_reg: image = 'Stimuli/9421.jpg'
875.5244 	EXP 	image_reg: autoDraw = True
881.5221 	EXP 	New trial (rep=0, index=10): {'ImageFile': 'Stimuli/3230.jpg'}
881.5362 	EXP 	image_reg: autoDraw = False
881.5362 	EXP 	image_reg: autoDraw = False
881.5362 	EXP 	text_fixcross: autoDraw = True
886.0891 	EXP 	text_fixcross: autoDraw = False
886.0891 	EXP 	text_fixcross: autoDraw = False
886.0891 	EXP 	image_reg: image = 'Stimuli/3230.jpg'
886.0891 	EXP 	image_reg: autoDraw = True
892.0889 	EXP 	New trial (rep=0, index=11): {'ImageFile': 'Stimuli/9185.jpg'}
892.1027 	EXP 	image_reg: autoDraw = False
892.1027 	EXP 	image_reg: autoDraw = False
892.1027 	EXP 	text_fixcross: autoDraw = True
896.3394 	EXP 	text_fixcross: autoDraw = False
896.3394 	EXP 	text_fixcross: autoDraw = False
896.3394 	EXP 	image_reg: image = 'Stimuli/9185.jpg'
896.3394 	EXP 	image_reg: autoDraw = True
902.3390 	EXP 	New trial (rep=0, index=12): {'ImageFile': 'Stimuli/3061.jpg'}
902.3526 	EXP 	image_reg: autoDraw = False
902.3526 	EXP 	image_reg: autoDraw = False
902.3526 	EXP 	text_fixcross: autoDraw = True
905.4897 	EXP 	text_fixcross: autoDraw = False
905.4897 	EXP 	text_fixcross: autoDraw = False
905.4897 	EXP 	image_reg: image = 'Stimuli/3061.jpg'
905.4897 	EXP 	image_reg: autoDraw = True
911.4888 	EXP 	New trial (rep=0, index=13): {'ImageFile': 'Stimuli/9411.jpg'}
911.5035 	EXP 	image_reg: autoDraw = False
911.5035 	EXP 	image_reg: autoDraw = False
911.5035 	EXP 	text_fixcross: autoDraw = True
916.3423 	EXP 	text_fixcross: autoDraw = False
916.3423 	EXP 	text_fixcross: autoDraw = False
916.3423 	EXP 	image_reg: image = 'Stimuli/9411.jpg'
916.3423 	EXP 	image_reg: autoDraw = True
922.3388 	EXP 	New trial (rep=0, index=14): {'ImageFile': 'Stimuli/6838.jpg'}
922.3529 	EXP 	image_reg: autoDraw = False
922.3529 	EXP 	image_reg: autoDraw = False
922.3529 	EXP 	text_fixcross: autoDraw = True
925.6957 	EXP 	text_fixcross: autoDraw = False
925.6957 	EXP 	text_fixcross: autoDraw = False
925.6957 	EXP 	image_reg: image = 'Stimuli/6838.jpg'
925.6957 	EXP 	image_reg: autoDraw = True
931.6887 	EXP 	New trial (rep=0, index=15): {'ImageFile': 'Stimuli/9181.jpg'}
931.7028 	EXP 	image_reg: autoDraw = False
931.7028 	EXP 	image_reg: autoDraw = False
931.7028 	EXP 	text_fixcross: autoDraw = True
935.4439 	EXP 	text_fixcross: autoDraw = False
935.4439 	EXP 	text_fixcross: autoDraw = False
935.4439 	EXP 	image_reg: image = 'Stimuli/9181.jpg'
935.4439 	EXP 	image_reg: autoDraw = True
941.4390 	EXP 	New trial (rep=0, index=16): {'ImageFile': 'Stimuli/9120.jpg'}
941.4529 	EXP 	image_reg: autoDraw = False
941.4529 	EXP 	image_reg: autoDraw = False
941.4529 	EXP 	text_fixcross: autoDraw = True
944.9914 	EXP 	text_fixcross: autoDraw = False
944.9914 	EXP 	text_fixcross: autoDraw = False
944.9914 	EXP 	image_reg: image = 'Stimuli/9120.jpg'
944.9914 	EXP 	image_reg: autoDraw = True
950.9886 	EXP 	New trial (rep=0, index=17): {'ImageFile': 'Stimuli/9599.jpg'}
951.0028 	EXP 	image_reg: autoDraw = False
951.0028 	EXP 	image_reg: autoDraw = False
951.0028 	EXP 	text_fixcross: autoDraw = True
954.4564 	EXP 	text_fixcross: autoDraw = False
954.4564 	EXP 	text_fixcross: autoDraw = False
954.4564 	EXP 	image_reg: image = 'Stimuli/9599.jpg'
954.4564 	EXP 	image_reg: autoDraw = True
960.4555 	EXP 	New trial (rep=0, index=18): {'ImageFile': 'Stimuli/6561.jpg'}
960.4694 	EXP 	image_reg: autoDraw = False
960.4694 	EXP 	image_reg: autoDraw = False
960.4694 	EXP 	text_fixcross: autoDraw = True
963.6074 	EXP 	text_fixcross: autoDraw = False
963.6074 	EXP 	text_fixcross: autoDraw = False
963.6074 	EXP 	image_reg: image = 'Stimuli/6561.jpg'
963.6074 	EXP 	image_reg: autoDraw = True
969.6057 	EXP 	New trial (rep=0, index=19): {'ImageFile': 'Stimuli/9420.jpg'}
969.6198 	EXP 	image_reg: autoDraw = False
969.6198 	EXP 	image_reg: autoDraw = False
969.6198 	EXP 	text_fixcross: autoDraw = True
974.3585 	EXP 	text_fixcross: autoDraw = False
974.3585 	EXP 	text_fixcross: autoDraw = False
974.3585 	EXP 	image_reg: image = 'Stimuli/9420.jpg'
974.3585 	EXP 	image_reg: autoDraw = True
980.3859 	EXP 	image_reg: autoDraw = False
980.3859 	EXP 	image_reg: autoDraw = False
980.3859 	EXP 	slider_arousal: markerPos = None
980.3859 	EXP 	slider_arousal: markerPos = None
980.3859 	EXP 	slider_arousal: rating = None
980.3859 	EXP 	text_slider_arousal: autoDraw = True
980.3859 	EXP 	slider_arousal: autoDraw = True
990.5713 	DATA 	Mouse: Left button down, pos=(1153,307)
990.5846 	EXP 	slider_arousal: markerPos = 271.48148148148147
990.6012 	EXP 	slider_arousal: markerPos = 271.48148148148147
990.6179 	EXP 	slider_arousal: markerPos = 271.48148148148147
990.6345 	EXP 	slider_arousal: markerPos = 271.48148148148147
990.6511 	EXP 	slider_arousal: markerPos = 271.48148148148147
990.6599 	DATA 	Mouse:  Left button up, pos=(1153,307)
990.6678 	EXP 	slider_arousal: markerPos = 271.48148148148147
990.6846 	EXP 	slider_arousal: markerPos = 271.48148148148147
990.6846 	EXP 	slider_arousal: rating = 271.48148148148147
990.7060 	EXP 	text_slider_arousal: autoDraw = False
990.7060 	EXP 	slider_arousal: autoDraw = False
990.7060 	EXP 	slider_effort: markerPos = None
990.7060 	EXP 	slider_effort: markerPos = None
990.7060 	EXP 	slider_effort: rating = None
990.7060 	EXP 	text_slider_effort: autoDraw = True
990.7060 	EXP 	slider_effort: autoDraw = True
998.9377 	DATA 	Mouse: Left button down, pos=(1162,312)
998.9511 	EXP 	slider_effort: markerPos = 274.8148148148148
998.9676 	EXP 	slider_effort: markerPos = 274.8148148148148
998.9845 	EXP 	slider_effort: markerPos = 274.8148148148148
999.0012 	EXP 	slider_effort: markerPos = 274.8148148148148
999.0178 	EXP 	slider_effort: markerPos = 274.8148148148148
999.0344 	EXP 	slider_effort: markerPos = 274.8148148148148
999.0377 	DATA 	Mouse:  Left button up, pos=(1162,312)
999.0519 	EXP 	slider_effort: markerPos = 274.8148148148148
999.0519 	EXP 	slider_effort: rating = 274.8148148148148
999.0559 	EXP 	New trial (rep=0, index=2): {'Block': 5, 'conds_reg_File': 'StimuliNegative.xlsx', 'n_reps': 1, 'TriggerBlockReg': 25, 'instr_1': 'UNTERDRÜCKEN', 'instr_2': 'Unterdrücken Sie alle aufkommenden Emotionen. Wenn Sie also die Bilder ansehen, verhalten Sie sich so, dass eine außenstehende Person nicht sehen kann, welche Emotionen Sie gerade empfinden.'}
999.0873 	EXP 	text_slider_effort: autoDraw = False
999.0873 	EXP 	slider_effort: autoDraw = False
999.0873 	EXP 	text_Instruction: text = 'UNTERDRÜCKEN\n\nIn diesem Block werden Sie eine Reihe von Bildern sehen. Diese sollen Sie aufmerksam ansehen.\nUnterdrücken Sie alle aufkommenden Emotionen. Wenn Sie also die Bilder ansehen, verhalten Sie sich so, dass eine außenstehende Person nicht sehen kann, welche Emotionen Sie gerade empfinden.\n\nBitte konzentrieren Sie Ihre Regulationsbemühungen nur auf das Bild, nicht aber auf die Zeiträume zwischen den Bildern.\n\nZum Starten des Blocks Leertaste dürcken'
999.0873 	EXP 	text_Instruction: autoDraw = True
1015.9079 	DATA 	Keypress: space
1015.9516 	EXP 	Imported StimuliNegative_1.xlsx as conditions, 20 conditions, 1 params
1015.9520 	EXP 	Created sequence: random, trialTypes=20, nReps=1, seed=None
1015.9522 	EXP 	New trial (rep=0, index=0): {'ImageFile': 'Stimuli/6190.jpg'}
1015.9591 	EXP 	text_Instruction: autoDraw = False
1015.9591 	EXP 	text_fixcross: autoDraw = True
1020.1993 	EXP 	text_fixcross: autoDraw = False
1020.1993 	EXP 	text_fixcross: autoDraw = False
1020.1993 	EXP 	image_reg: image = 'Stimuli/6190.jpg'
1020.1993 	EXP 	image_reg: autoDraw = True
1026.1894 	EXP 	New trial (rep=0, index=1): {'ImageFile': 'Stimuli/225.jpg'}
1026.2039 	EXP 	image_reg: autoDraw = False
1026.2039 	EXP 	image_reg: autoDraw = False
1026.2039 	EXP 	text_fixcross: autoDraw = True
1030.4524 	EXP 	text_fixcross: autoDraw = False
1030.4524 	EXP 	text_fixcross: autoDraw = False
1030.4524 	EXP 	image_reg: image = 'Stimuli/225.jpg'
1030.4524 	EXP 	image_reg: autoDraw = True
1036.4388 	EXP 	New trial (rep=0, index=2): {'ImageFile': 'Stimuli/6244.jpg'}
1036.4526 	EXP 	image_reg: autoDraw = False
1036.4526 	EXP 	image_reg: autoDraw = False
1036.4526 	EXP 	text_fixcross: autoDraw = True
1039.6022 	EXP 	text_fixcross: autoDraw = False
1039.6022 	EXP 	text_fixcross: autoDraw = False
1039.6022 	EXP 	image_reg: image = 'Stimuli/6244.jpg'
1039.6022 	EXP 	image_reg: autoDraw = True
1045.5886 	EXP 	New trial (rep=0, index=3): {'ImageFile': 'Stimuli/9326.jpg'}
1045.6026 	EXP 	image_reg: autoDraw = False
1045.6026 	EXP 	image_reg: autoDraw = False
1045.6026 	EXP 	text_fixcross: autoDraw = True
1050.5593 	EXP 	text_fixcross: autoDraw = False
1050.5593 	EXP 	text_fixcross: autoDraw = False
1050.5593 	EXP 	image_reg: image = 'Stimuli/9326.jpg'
1050.5593 	EXP 	image_reg: autoDraw = True
1056.5554 	EXP 	New trial (rep=0, index=4): {'ImageFile': 'Stimuli/9425.jpg'}
1056.5694 	EXP 	image_reg: autoDraw = False
1056.5694 	EXP 	image_reg: autoDraw = False
1056.5694 	EXP 	text_fixcross: autoDraw = True
1059.8239 	EXP 	text_fixcross: autoDraw = False
1059.8239 	EXP 	text_fixcross: autoDraw = False
1059.8239 	EXP 	image_reg: image = 'Stimuli/9425.jpg'
1059.8239 	EXP 	image_reg: autoDraw = True
1065.8223 	EXP 	New trial (rep=0, index=5): {'ImageFile': 'Stimuli/230.jpg'}
1065.8359 	EXP 	image_reg: autoDraw = False
1065.8359 	EXP 	image_reg: autoDraw = False
1065.8359 	EXP 	text_fixcross: autoDraw = True
1069.8802 	EXP 	text_fixcross: autoDraw = False
1069.8802 	EXP 	text_fixcross: autoDraw = False
1069.8802 	EXP 	image_reg: image = 'Stimuli/230.jpg'
1069.8802 	EXP 	image_reg: autoDraw = True
1075.8721 	EXP 	New trial (rep=0, index=6): {'ImageFile': 'Stimuli/3022.jpg'}
1075.8861 	EXP 	image_reg: autoDraw = False
1075.8861 	EXP 	image_reg: autoDraw = False
1075.8861 	EXP 	text_fixcross: autoDraw = True
1079.7482 	EXP 	text_fixcross: autoDraw = False
1079.7482 	EXP 	text_fixcross: autoDraw = False
1079.7482 	EXP 	image_reg: image = 'Stimuli/3022.jpg'
1079.7482 	EXP 	image_reg: autoDraw = True
1085.7385 	EXP 	New trial (rep=0, index=7): {'ImageFile': 'Stimuli/327.jpg'}
1085.7523 	EXP 	image_reg: autoDraw = False
1085.7523 	EXP 	image_reg: autoDraw = False
1085.7523 	EXP 	text_fixcross: autoDraw = True
1089.4899 	EXP 	text_fixcross: autoDraw = False
1089.4899 	EXP 	text_fixcross: autoDraw = False
1089.4899 	EXP 	image_reg: image = 'Stimuli/327.jpg'
1089.4899 	EXP 	image_reg: autoDraw = True
1095.4888 	EXP 	New trial (rep=0, index=8): {'ImageFile': 'Stimuli/1111.jpg'}
1095.5026 	EXP 	image_reg: autoDraw = False
1095.5026 	EXP 	image_reg: autoDraw = False
1095.5026 	EXP 	text_fixcross: autoDraw = True
1099.5566 	EXP 	text_fixcross: autoDraw = False
1099.5566 	EXP 	text_fixcross: autoDraw = False
1099.5566 	EXP 	image_reg: image = 'Stimuli/1111.jpg'
1099.5566 	EXP 	image_reg: autoDraw = True
1105.5555 	EXP 	New trial (rep=0, index=9): {'ImageFile': 'Stimuli/3280.jpg'}
1105.5693 	EXP 	image_reg: autoDraw = False
1105.5693 	EXP 	image_reg: autoDraw = False
1105.5693 	EXP 	text_fixcross: autoDraw = True
1110.6253 	EXP 	text_fixcross: autoDraw = False
1110.6253 	EXP 	text_fixcross: autoDraw = False
1110.6253 	EXP 	image_reg: image = 'Stimuli/3280.jpg'
1110.6253 	EXP 	image_reg: autoDraw = True
1116.6224 	EXP 	New trial (rep=0, index=10): {'ImageFile': 'Stimuli/9253.jpg'}
1116.6360 	EXP 	image_reg: autoDraw = False
1116.6360 	EXP 	image_reg: autoDraw = False
1116.6360 	EXP 	text_fixcross: autoDraw = True
1120.2770 	EXP 	text_fixcross: autoDraw = False
1120.2770 	EXP 	text_fixcross: autoDraw = False
1120.2770 	EXP 	image_reg: image = 'Stimuli/9253.jpg'
1120.2770 	EXP 	image_reg: autoDraw = True
1126.2722 	EXP 	New trial (rep=0, index=11): {'ImageFile': 'Stimuli/3180.jpg'}
1126.2861 	EXP 	image_reg: autoDraw = False
1126.2861 	EXP 	image_reg: autoDraw = False
1126.2861 	EXP 	text_fixcross: autoDraw = True
1130.0417 	EXP 	text_fixcross: autoDraw = False
1130.0417 	EXP 	text_fixcross: autoDraw = False
1130.0417 	EXP 	image_reg: image = 'Stimuli/3180.jpg'
1130.0417 	EXP 	image_reg: autoDraw = True
1136.0387 	EXP 	New trial (rep=0, index=12): {'ImageFile': 'Stimuli/9180.jpg'}
1136.0529 	EXP 	image_reg: autoDraw = False
1136.0529 	EXP 	image_reg: autoDraw = False
1136.0529 	EXP 	text_fixcross: autoDraw = True
1140.2975 	EXP 	text_fixcross: autoDraw = False
1140.2975 	EXP 	text_fixcross: autoDraw = False
1140.2975 	EXP 	image_reg: image = 'Stimuli/9180.jpg'
1140.2975 	EXP 	image_reg: autoDraw = True
1146.2886 	EXP 	New trial (rep=0, index=13): {'ImageFile': 'Stimuli/3017.jpg'}
1146.3027 	EXP 	image_reg: autoDraw = False
1146.3027 	EXP 	image_reg: autoDraw = False
1146.3027 	EXP 	text_fixcross: autoDraw = True
1150.9365 	EXP 	text_fixcross: autoDraw = False
1150.9365 	EXP 	text_fixcross: autoDraw = False
1150.9365 	EXP 	image_reg: image = 'Stimuli/3017.jpg'
1150.9365 	EXP 	image_reg: autoDraw = True
1156.9386 	EXP 	New trial (rep=0, index=14): {'ImageFile': 'Stimuli/9300.jpg'}
1156.9525 	EXP 	image_reg: autoDraw = False
1156.9525 	EXP 	image_reg: autoDraw = False
1156.9525 	EXP 	text_fixcross: autoDraw = True
1161.2087 	EXP 	text_fixcross: autoDraw = False
1161.2087 	EXP 	text_fixcross: autoDraw = False
1161.2087 	EXP 	image_reg: image = 'Stimuli/9300.jpg'
1161.2087 	EXP 	image_reg: autoDraw = True
1167.2056 	EXP 	New trial (rep=0, index=15): {'ImageFile': 'Stimuli/9920.jpg'}
1167.2192 	EXP 	image_reg: autoDraw = False
1167.2192 	EXP 	image_reg: autoDraw = False
1167.2192 	EXP 	text_fixcross: autoDraw = True
1171.5763 	EXP 	text_fixcross: autoDraw = False
1171.5763 	EXP 	text_fixcross: autoDraw = False
1171.5763 	EXP 	image_reg: image = 'Stimuli/9920.jpg'
1171.5763 	EXP 	image_reg: autoDraw = True
1177.5721 	EXP 	New trial (rep=0, index=16): {'ImageFile': 'Stimuli/9424.jpg'}
1177.5859 	EXP 	image_reg: autoDraw = False
1177.5859 	EXP 	image_reg: autoDraw = False
1177.5859 	EXP 	text_fixcross: autoDraw = True
1181.3392 	EXP 	text_fixcross: autoDraw = False
1181.3392 	EXP 	text_fixcross: autoDraw = False
1181.3392 	EXP 	image_reg: image = 'Stimuli/9424.jpg'
1181.3392 	EXP 	image_reg: autoDraw = True
1187.3386 	EXP 	New trial (rep=0, index=17): {'ImageFile': 'Stimuli/9182.jpg'}
1187.3526 	EXP 	image_reg: autoDraw = False
1187.3526 	EXP 	image_reg: autoDraw = False
1187.3526 	EXP 	text_fixcross: autoDraw = True
1190.7023 	EXP 	text_fixcross: autoDraw = False
1190.7023 	EXP 	text_fixcross: autoDraw = False
1190.7023 	EXP 	image_reg: image = 'Stimuli/9182.jpg'
1190.7023 	EXP 	image_reg: autoDraw = True
1196.6885 	EXP 	New trial (rep=0, index=18): {'ImageFile': 'Stimuli/255.jpg'}
1196.7026 	EXP 	image_reg: autoDraw = False
1196.7026 	EXP 	image_reg: autoDraw = False
1196.7026 	EXP 	text_fixcross: autoDraw = True
1200.3478 	EXP 	text_fixcross: autoDraw = False
1200.3478 	EXP 	text_fixcross: autoDraw = False
1200.3478 	EXP 	image_reg: image = 'Stimuli/255.jpg'
1200.3478 	EXP 	image_reg: autoDraw = True
1206.3386 	EXP 	New trial (rep=0, index=19): {'ImageFile': 'Stimuli/6836.jpg'}
1206.3526 	EXP 	image_reg: autoDraw = False
1206.3526 	EXP 	image_reg: autoDraw = False
1206.3526 	EXP 	text_fixcross: autoDraw = True
1210.2012 	EXP 	text_fixcross: autoDraw = False
1210.2012 	EXP 	text_fixcross: autoDraw = False
1210.2012 	EXP 	image_reg: image = 'Stimuli/6836.jpg'
1210.2012 	EXP 	image_reg: autoDraw = True
1216.2188 	EXP 	image_reg: autoDraw = False
1216.2188 	EXP 	image_reg: autoDraw = False
1216.2188 	EXP 	slider_arousal: markerPos = None
1216.2188 	EXP 	slider_arousal: markerPos = None
1216.2188 	EXP 	slider_arousal: rating = None
1216.2188 	EXP 	text_slider_arousal: autoDraw = True
1216.2188 	EXP 	slider_arousal: autoDraw = True
1223.7209 	DATA 	Mouse: Left button down, pos=(1079,314)
1223.7345 	EXP 	slider_arousal: markerPos = 244.07407407407408
1223.7509 	EXP 	slider_arousal: markerPos = 244.07407407407408
1223.7677 	EXP 	slider_arousal: markerPos = 244.07407407407408
1223.7845 	EXP 	slider_arousal: markerPos = 244.07407407407408
1223.8011 	EXP 	slider_arousal: markerPos = 244.07407407407408
1223.8177 	EXP 	slider_arousal: markerPos = 244.07407407407408
1223.8210 	DATA 	Mouse:  Left button up, pos=(1079,314)
1223.8354 	EXP 	slider_arousal: markerPos = 244.07407407407408
1223.8354 	EXP 	slider_arousal: rating = 244.07407407407408
1223.8566 	EXP 	text_slider_arousal: autoDraw = False
1223.8566 	EXP 	slider_arousal: autoDraw = False
1223.8566 	EXP 	slider_effort: markerPos = None
1223.8566 	EXP 	slider_effort: markerPos = None
1223.8566 	EXP 	slider_effort: rating = None
1223.8566 	EXP 	text_slider_effort: autoDraw = True
1223.8566 	EXP 	slider_effort: autoDraw = True
1227.9206 	DATA 	Mouse: Left button down, pos=(736,319)
1227.9342 	EXP 	slider_effort: markerPos = 117.03703703703705
1227.9508 	EXP 	slider_effort: markerPos = 117.03703703703705
1227.9675 	EXP 	slider_effort: markerPos = 117.03703703703705
1227.9843 	EXP 	slider_effort: markerPos = 117.03703703703705
1228.0007 	EXP 	slider_effort: markerPos = 117.03703703703705
1228.0175 	EXP 	slider_effort: markerPos = 117.03703703703705
1228.0207 	DATA 	Mouse:  Left button up, pos=(736,319)
1228.0346 	EXP 	slider_effort: markerPos = 117.03703703703705
1228.0346 	EXP 	slider_effort: rating = 117.03703703703705
1228.0511 	EXP 	text_slider_effort: autoDraw = False
1228.0511 	EXP 	slider_effort: autoDraw = False
1228.0511 	EXP 	text_EDinstruction: autoDraw = True
1256.2109 	EXP 	Imported Moneyvalues.xlsx as conditions, 7 conditions, 1 params
1256.2116 	EXP 	Created sequence: sequential, trialTypes=7, nReps=1, seed=None
1256.2121 	EXP 	New trial (rep=0, index=0): {'Currentstep': 0}
1256.2159 	DATA 	Keypress: space
1256.2197 	EXP 	text_EDinstruction: autoDraw = False
1256.2197 	EXP 	EDbufferscreen: autoDraw = True
1256.5979 	EXP 	EDbufferscreen: autoDraw = False
1256.5979 	EXP 	question: autoDraw = True
1265.3677 	DATA 	Mouse: Left button down, pos=(1136,310)
1265.3707 	EXP 	New trial (rep=0, index=1): {'Currentstep': 1}
1265.3916 	EXP 	question: autoDraw = False
1265.3916 	EXP 	EDbufferscreen: autoDraw = False
1265.3916 	EXP 	question: autoDraw = True
1265.4570 	DATA 	Mouse:  Left button up, pos=(1136,310)
1267.5178 	DATA 	Mouse: Left button down, pos=(1108,283)
1267.5205 	EXP 	New trial (rep=0, index=2): {'Currentstep': 2}
1267.5382 	EXP 	question: autoDraw = False
1267.5382 	EXP 	EDbufferscreen: autoDraw = False
1267.5382 	EXP 	question: autoDraw = True
1267.6075 	DATA 	Mouse:  Left button up, pos=(1108,283)
1271.1009 	DATA 	Mouse: Left button down, pos=(828,301)
1271.1037 	EXP 	New trial (rep=0, index=3): {'Currentstep': 3}
1271.1215 	EXP 	question: autoDraw = False
1271.1215 	EXP 	EDbufferscreen: autoDraw = False
1271.1215 	EXP 	question: autoDraw = True
1271.2011 	DATA 	Mouse:  Left button up, pos=(828,301)
1273.6174 	DATA 	Mouse: Left button down, pos=(712,257)
1273.6201 	EXP 	New trial (rep=0, index=4): {'Currentstep': 4}
1273.6377 	EXP 	question: autoDraw = False
1273.6377 	EXP 	EDbufferscreen: autoDraw = False
1273.6377 	EXP 	question: autoDraw = True
1273.7179 	DATA 	Mouse:  Left button up, pos=(712,257)
1276.8405 	DATA 	Mouse: Left button down, pos=(852,251)
1276.8538 	EXP 	New trial (rep=0, index=5): {'Currentstep': 5}
1276.8729 	EXP 	question: autoDraw = False
1276.8729 	EXP 	EDbufferscreen: autoDraw = False
1276.8729 	EXP 	question: autoDraw = True
1276.9346 	DATA 	Mouse:  Left button up, pos=(852,251)
1279.6404 	DATA 	Mouse: Left button down, pos=(1098,239)
1279.6537 	EXP 	New trial (rep=0, index=6): {'Currentstep': 6}
1279.6695 	EXP 	question: autoDraw = False
1279.6695 	EXP 	EDbufferscreen: autoDraw = False
1279.6695 	EXP 	question: autoDraw = True
1279.7239 	DATA 	Mouse:  Left button up, pos=(1098,239)
1281.1571 	DATA 	Mouse: Left button down, pos=(1150,266)
1281.1747 	EXP 	Imported Moneyvalues.xlsx as conditions, 7 conditions, 1 params
1281.1751 	EXP 	Created sequence: sequential, trialTypes=7, nReps=1, seed=None
1281.1753 	EXP 	New trial (rep=0, index=0): {'Currentstep': 0}
1281.1860 	EXP 	question: autoDraw = False
1281.1860 	EXP 	EDbufferscreen: autoDraw = False
1281.1860 	EXP 	EDbufferscreen: autoDraw = True
1281.3059 	DATA 	Mouse:  Left button up, pos=(1150,266)
1281.5137 	EXP 	EDbufferscreen: autoDraw = False
1281.5137 	EXP 	question: autoDraw = True
1285.4239 	DATA 	Mouse: Left button down, pos=(1161,271)
1285.4373 	EXP 	New trial (rep=0, index=1): {'Currentstep': 1}
1285.4640 	EXP 	question: autoDraw = False
1285.4640 	EXP 	EDbufferscreen: autoDraw = False
1285.4640 	EXP 	question: autoDraw = True
1285.5176 	DATA 	Mouse:  Left button up, pos=(1161,271)
1286.4238 	DATA 	Mouse: Left button down, pos=(1139,259)
1286.4371 	EXP 	New trial (rep=0, index=2): {'Currentstep': 2}
1286.4527 	EXP 	question: autoDraw = False
1286.4527 	EXP 	EDbufferscreen: autoDraw = False
1286.4527 	EXP 	question: autoDraw = True
1286.5343 	DATA 	Mouse:  Left button up, pos=(1139,259)
1287.0241 	DATA 	Mouse: Left button down, pos=(1132,244)
1287.0371 	EXP 	New trial (rep=0, index=3): {'Currentstep': 3}
1287.0530 	EXP 	question: autoDraw = False
1287.0530 	EXP 	EDbufferscreen: autoDraw = False
1287.0530 	EXP 	question: autoDraw = True
1287.1177 	DATA 	Mouse:  Left button up, pos=(1132,244)
1290.3404 	DATA 	Mouse: Left button down, pos=(1065,256)
1290.3536 	EXP 	New trial (rep=0, index=4): {'Currentstep': 4}
1290.3698 	EXP 	question: autoDraw = False
1290.3698 	EXP 	EDbufferscreen: autoDraw = False
1290.3698 	EXP 	question: autoDraw = True
1290.4400 	DATA 	Mouse:  Left button up, pos=(1065,256)
1290.9178 	DATA 	Mouse: Left button down, pos=(1065,256)
1290.9206 	EXP 	New trial (rep=0, index=5): {'Currentstep': 5}
1290.9387 	EXP 	question: autoDraw = False
1290.9387 	EXP 	EDbufferscreen: autoDraw = False
1290.9387 	EXP 	question: autoDraw = True
1291.0174 	DATA 	Mouse:  Left button up, pos=(1065,256)
1291.3738 	DATA 	Mouse: Left button down, pos=(1065,256)
1291.3871 	EXP 	New trial (rep=0, index=6): {'Currentstep': 6}
1291.4048 	EXP 	question: autoDraw = False
1291.4048 	EXP 	EDbufferscreen: autoDraw = False
1291.4048 	EXP 	question: autoDraw = True
1291.4676 	DATA 	Mouse:  Left button up, pos=(1065,256)
1291.9677 	DATA 	Mouse: Left button down, pos=(1065,256)
1291.9749 	EXP 	Imported Moneyvalues.xlsx as conditions, 7 conditions, 1 params
1291.9752 	EXP 	Created sequence: sequential, trialTypes=7, nReps=1, seed=None
1291.9754 	EXP 	New trial (rep=0, index=0): {'Currentstep': 0}
1291.9859 	EXP 	question: autoDraw = False
1291.9859 	EXP 	EDbufferscreen: autoDraw = False
1291.9859 	EXP 	EDbufferscreen: autoDraw = True
1292.0560 	DATA 	Mouse:  Left button up, pos=(1065,256)
1292.3067 	EXP 	EDbufferscreen: autoDraw = False
1292.3067 	EXP 	question: autoDraw = True
1295.5913 	DATA 	Mouse: Left button down, pos=(1111,257)
1295.6041 	EXP 	New trial (rep=0, index=1): {'Currentstep': 1}
1295.6196 	EXP 	question: autoDraw = False
1295.6196 	EXP 	EDbufferscreen: autoDraw = False
1295.6196 	EXP 	question: autoDraw = True
1295.6517 	DATA 	Mouse:  Left button up, pos=(1111,257)
1297.5010 	DATA 	Mouse: Left button down, pos=(1135,254)
1297.5037 	EXP 	New trial (rep=0, index=2): {'Currentstep': 2}
1297.5191 	EXP 	question: autoDraw = False
1297.5191 	EXP 	EDbufferscreen: autoDraw = False
1297.5191 	EXP 	question: autoDraw = True
1297.5904 	DATA 	Mouse:  Left button up, pos=(1135,254)
1298.6239 	DATA 	Mouse: Left button down, pos=(1136,250)
1298.6371 	EXP 	New trial (rep=0, index=3): {'Currentstep': 3}
1298.6528 	EXP 	question: autoDraw = False
1298.6528 	EXP 	EDbufferscreen: autoDraw = False
1298.6528 	EXP 	question: autoDraw = True
1298.7009 	DATA 	Mouse:  Left button up, pos=(1136,250)
1299.6240 	DATA 	Mouse: Left button down, pos=(816,239)
1299.6371 	EXP 	New trial (rep=0, index=4): {'Currentstep': 4}
1299.6640 	EXP 	question: autoDraw = False
1299.6640 	EXP 	EDbufferscreen: autoDraw = False
1299.6640 	EXP 	question: autoDraw = True
1299.7177 	DATA 	Mouse:  Left button up, pos=(816,239)
1300.1239 	DATA 	Mouse: Left button down, pos=(816,239)
1300.1370 	EXP 	New trial (rep=0, index=5): {'Currentstep': 5}
1300.1526 	EXP 	question: autoDraw = False
1300.1526 	EXP 	EDbufferscreen: autoDraw = False
1300.1526 	EXP 	question: autoDraw = True
1300.2240 	DATA 	Mouse:  Left button up, pos=(816,239)
1301.4079 	DATA 	Mouse: Left button down, pos=(1145,240)
1301.4203 	EXP 	New trial (rep=0, index=6): {'Currentstep': 6}
1301.4474 	EXP 	question: autoDraw = False
1301.4474 	EXP 	EDbufferscreen: autoDraw = False
1301.4474 	EXP 	question: autoDraw = True
1301.5176 	DATA 	Mouse:  Left button up, pos=(1145,240)
1302.3238 	DATA 	Mouse: Left button down, pos=(1145,240)
1302.3506 	EXP 	question: autoDraw = False
1302.3506 	EXP 	EDbufferscreen: autoDraw = False
1302.3506 	EXP 	text_choice: autoDraw = True
1302.4209 	DATA 	Mouse:  Left button up, pos=(1145,240)
1319.6873 	DATA 	Keypress: 3
1319.7304 	EXP 	text_choice: autoDraw = False
1319.7304 	EXP 	text_instr_choice: text = 'UNTERDRÜCKEN\n\nIn diesem Block werden Sie eine Reihe von Bildern sehen. Diese sollen Sie aufmerksam ansehen.\nUnterdrücken Sie alle aufkommenden Emotionen. Wenn Sie also die Bilder ansehen, verhalten Sie sich so, dass eine außenstehende Person nicht sehen kann, welche Emotionen Sie gerade empfinden.\n\nBitte konzentrieren Sie Ihre Regulationsbemühungen nur auf das Bild, nicht aber auf die Zeiträume zwischen den Bildern.\n\nZum Starten des Blocks Leertaste dürcken'
1319.7304 	EXP 	text_instr_choice: autoDraw = True
1330.1371 	DATA 	Keypress: space
1330.1742 	EXP 	Imported StimuliNegative_2.xlsx as conditions, 20 conditions, 1 params
1330.1748 	EXP 	Created sequence: random, trialTypes=20, nReps=1, seed=None
1330.1751 	EXP 	New trial (rep=0, index=0): {'ImageFile': 'Stimuli/9904.jpg'}
1330.1817 	EXP 	text_instr_choice: autoDraw = False
1330.1817 	EXP 	text_fixcross: autoDraw = True
1334.5324 	EXP 	text_fixcross: autoDraw = False
1334.5324 	EXP 	text_fixcross: autoDraw = False
1334.5324 	EXP 	image: image = 'Stimuli/9904.jpg'
1334.5324 	EXP 	image: autoDraw = True
1340.5225 	EXP 	New trial (rep=0, index=1): {'ImageFile': 'Stimuli/246.jpg'}
1340.5357 	EXP 	image: autoDraw = False
1340.5357 	EXP 	image: autoDraw = False
1340.5357 	EXP 	text_fixcross: autoDraw = True
1344.8951 	EXP 	text_fixcross: autoDraw = False
1344.8951 	EXP 	text_fixcross: autoDraw = False
1344.8951 	EXP 	image: image = 'Stimuli/246.jpg'
1344.8951 	EXP 	image: autoDraw = True
1350.8890 	EXP 	New trial (rep=0, index=2): {'ImageFile': 'Stimuli/3301.jpg'}
1350.9025 	EXP 	image: autoDraw = False
1350.9025 	EXP 	image: autoDraw = False
1350.9025 	EXP 	text_fixcross: autoDraw = True
1354.6578 	EXP 	text_fixcross: autoDraw = False
1354.6578 	EXP 	text_fixcross: autoDraw = False
1354.6578 	EXP 	image: image = 'Stimuli/3301.jpg'
1354.6578 	EXP 	image: autoDraw = True
1360.6551 	EXP 	New trial (rep=0, index=3): {'ImageFile': 'Stimuli/9145.jpg'}
1360.6692 	EXP 	image: autoDraw = False
1360.6692 	EXP 	image: autoDraw = False
1360.6692 	EXP 	text_fixcross: autoDraw = True
1365.2219 	EXP 	text_fixcross: autoDraw = False
1365.2219 	EXP 	text_fixcross: autoDraw = False
1365.2219 	EXP 	image: image = 'Stimuli/9145.jpg'
1365.2219 	EXP 	image: autoDraw = True
1371.2219 	EXP 	New trial (rep=0, index=4): {'ImageFile': 'Stimuli/9040.jpg'}
1371.2358 	EXP 	image: autoDraw = False
1371.2358 	EXP 	image: autoDraw = False
1371.2358 	EXP 	text_fixcross: autoDraw = True
1375.4922 	EXP 	text_fixcross: autoDraw = False
1375.4922 	EXP 	text_fixcross: autoDraw = False
1375.4922 	EXP 	image: image = 'Stimuli/9040.jpg'
1375.4922 	EXP 	image: autoDraw = True
1381.4885 	EXP 	New trial (rep=0, index=5): {'ImageFile': 'Stimuli/9160.jpg'}
1381.5026 	EXP 	image: autoDraw = False
1381.5026 	EXP 	image: autoDraw = False
1381.5026 	EXP 	text_fixcross: autoDraw = True
1386.1512 	EXP 	text_fixcross: autoDraw = False
1386.1512 	EXP 	text_fixcross: autoDraw = False
1386.1512 	EXP 	image: image = 'Stimuli/9160.jpg'
1386.1512 	EXP 	image: autoDraw = True
1392.1385 	EXP 	New trial (rep=0, index=6): {'ImageFile': 'Stimuli/9031.jpg'}
1392.1525 	EXP 	image: autoDraw = False
1392.1525 	EXP 	image: autoDraw = False
1392.1525 	EXP 	text_fixcross: autoDraw = True
1396.9046 	EXP 	text_fixcross: autoDraw = False
1396.9046 	EXP 	text_fixcross: autoDraw = False
1396.9046 	EXP 	image: image = 'Stimuli/9031.jpg'
1396.9046 	EXP 	image: autoDraw = True
1402.9051 	EXP 	New trial (rep=0, index=7): {'ImageFile': 'Stimuli/6562.jpg'}
1402.9191 	EXP 	image: autoDraw = False
1402.9191 	EXP 	image: autoDraw = False
1402.9191 	EXP 	text_fixcross: autoDraw = True
1406.0579 	EXP 	text_fixcross: autoDraw = False
1406.0579 	EXP 	text_fixcross: autoDraw = False
1406.0579 	EXP 	image: image = 'Stimuli/6562.jpg'
1406.0579 	EXP 	image: autoDraw = True
1412.0552 	EXP 	New trial (rep=0, index=8): {'ImageFile': 'Stimuli/251.jpg'}
1412.0691 	EXP 	image: autoDraw = False
1412.0691 	EXP 	image: autoDraw = False
1412.0691 	EXP 	text_fixcross: autoDraw = True
1415.5142 	EXP 	text_fixcross: autoDraw = False
1415.5142 	EXP 	text_fixcross: autoDraw = False
1415.5142 	EXP 	image: image = 'Stimuli/251.jpg'
1415.5142 	EXP 	image: autoDraw = True
1421.5051 	EXP 	New trial (rep=0, index=9): {'ImageFile': 'Stimuli/3185.jpg'}
1421.5192 	EXP 	image: autoDraw = False
1421.5192 	EXP 	image: autoDraw = False
1421.5192 	EXP 	text_fixcross: autoDraw = True
1426.4810 	EXP 	text_fixcross: autoDraw = False
1426.4810 	EXP 	text_fixcross: autoDraw = False
1426.4810 	EXP 	image: image = 'Stimuli/3185.jpg'
1426.4810 	EXP 	image: autoDraw = True
1432.4719 	EXP 	New trial (rep=0, index=10): {'ImageFile': 'Stimuli/9043.jpg'}
1432.4858 	EXP 	image: autoDraw = False
1432.4858 	EXP 	image: autoDraw = False
1432.4858 	EXP 	text_fixcross: autoDraw = True
1435.6448 	EXP 	text_fixcross: autoDraw = False
1435.6448 	EXP 	text_fixcross: autoDraw = False
1435.6448 	EXP 	image: image = 'Stimuli/9043.jpg'
1435.6448 	EXP 	image: autoDraw = True
1441.6386 	EXP 	New trial (rep=0, index=11): {'ImageFile': 'Stimuli/3051.jpg'}
1441.6525 	EXP 	image: autoDraw = False
1441.6525 	EXP 	image: autoDraw = False
1441.6525 	EXP 	text_fixcross: autoDraw = True
1445.9083 	EXP 	text_fixcross: autoDraw = False
1445.9083 	EXP 	text_fixcross: autoDraw = False
1445.9083 	EXP 	image: image = 'Stimuli/3051.jpg'
1445.9083 	EXP 	image: autoDraw = True
1451.9051 	EXP 	New trial (rep=0, index=12): {'ImageFile': 'Stimuli/228.jpg'}
1451.9197 	EXP 	image: autoDraw = False
1451.9197 	EXP 	image: autoDraw = False
1451.9197 	EXP 	text_fixcross: autoDraw = True
1455.1649 	EXP 	text_fixcross: autoDraw = False
1455.1649 	EXP 	text_fixcross: autoDraw = False
1455.1649 	EXP 	image: image = 'Stimuli/228.jpg'
1455.1649 	EXP 	image: autoDraw = True
1461.1552 	EXP 	New trial (rep=0, index=13): {'ImageFile': 'Stimuli/2703.jpg'}
1461.1691 	EXP 	image: autoDraw = False
1461.1691 	EXP 	image: autoDraw = False
1461.1691 	EXP 	text_fixcross: autoDraw = True
1465.1285 	EXP 	text_fixcross: autoDraw = False
1465.1285 	EXP 	text_fixcross: autoDraw = False
1465.1285 	EXP 	image: image = 'Stimuli/2703.jpg'
1465.1285 	EXP 	image: autoDraw = True
1471.1218 	EXP 	New trial (rep=0, index=14): {'ImageFile': 'Stimuli/9184.jpg'}
1471.1360 	EXP 	image: autoDraw = False
1471.1360 	EXP 	image: autoDraw = False
1471.1360 	EXP 	text_fixcross: autoDraw = True
1474.5915 	EXP 	text_fixcross: autoDraw = False
1474.5915 	EXP 	text_fixcross: autoDraw = False
1474.5915 	EXP 	image: image = 'Stimuli/9184.jpg'
1474.5915 	EXP 	image: autoDraw = True
1480.5885 	EXP 	New trial (rep=0, index=15): {'ImageFile': 'Stimuli/218.jpg'}
1480.6024 	EXP 	image: autoDraw = False
1480.6024 	EXP 	image: autoDraw = False
1480.6024 	EXP 	text_fixcross: autoDraw = True
1485.4466 	EXP 	text_fixcross: autoDraw = False
1485.4466 	EXP 	text_fixcross: autoDraw = False
1485.4466 	EXP 	image: image = 'Stimuli/218.jpg'
1485.4466 	EXP 	image: autoDraw = True
1491.4386 	EXP 	New trial (rep=0, index=16): {'ImageFile': 'Stimuli/210.jpg'}
1491.4525 	EXP 	image: autoDraw = False
1491.4525 	EXP 	image: autoDraw = False
1491.4525 	EXP 	text_fixcross: autoDraw = True
1496.2020 	EXP 	text_fixcross: autoDraw = False
1496.2020 	EXP 	text_fixcross: autoDraw = False
1496.2020 	EXP 	image: image = 'Stimuli/210.jpg'
1496.2020 	EXP 	image: autoDraw = True
1502.1884 	EXP 	New trial (rep=0, index=17): {'ImageFile': 'Stimuli/3160.jpg'}
1502.2024 	EXP 	image: autoDraw = False
1502.2024 	EXP 	image: autoDraw = False
1502.2024 	EXP 	text_fixcross: autoDraw = True
1506.3601 	EXP 	text_fixcross: autoDraw = False
1506.3601 	EXP 	text_fixcross: autoDraw = False
1506.3601 	EXP 	image: image = 'Stimuli/3160.jpg'
1506.3601 	EXP 	image: autoDraw = True
1512.3551 	EXP 	New trial (rep=0, index=18): {'ImageFile': 'Stimuli/9042.jpg'}
1512.3691 	EXP 	image: autoDraw = False
1512.3691 	EXP 	image: autoDraw = False
1512.3691 	EXP 	text_fixcross: autoDraw = True
1517.4274 	EXP 	text_fixcross: autoDraw = False
1517.4274 	EXP 	text_fixcross: autoDraw = False
1517.4274 	EXP 	image: image = 'Stimuli/9042.jpg'
1517.4274 	EXP 	image: autoDraw = True
1523.4218 	EXP 	New trial (rep=0, index=19): {'ImageFile': 'Stimuli/222.jpg'}
1523.4358 	EXP 	image: autoDraw = False
1523.4358 	EXP 	image: autoDraw = False
1523.4358 	EXP 	text_fixcross: autoDraw = True
1527.6871 	EXP 	text_fixcross: autoDraw = False
1527.6871 	EXP 	text_fixcross: autoDraw = False
1527.6871 	EXP 	image: image = 'Stimuli/222.jpg'
1527.6871 	EXP 	image: autoDraw = True
1533.7203 	EXP 	image: autoDraw = False
1533.7203 	EXP 	image: autoDraw = False
1533.7203 	EXP 	slider_arousal: markerPos = None
1533.7203 	EXP 	slider_arousal: markerPos = None
1533.7203 	EXP 	slider_arousal: rating = None
1533.7203 	EXP 	text_slider_arousal: autoDraw = True
1533.7203 	EXP 	slider_arousal: autoDraw = True
1537.8039 	DATA 	Mouse: Left button down, pos=(1200,310)
1537.8173 	EXP 	slider_arousal: markerPos = 288.88888888888886
1537.8338 	EXP 	slider_arousal: markerPos = 288.88888888888886
1537.8504 	EXP 	slider_arousal: markerPos = 288.88888888888886
1537.8671 	EXP 	slider_arousal: markerPos = 288.88888888888886
1537.8839 	EXP 	slider_arousal: markerPos = 288.88888888888886
1537.8921 	DATA 	Mouse:  Left button up, pos=(1200,310)
1537.9006 	EXP 	slider_arousal: markerPos = 288.88888888888886
1537.9175 	EXP 	slider_arousal: markerPos = 288.88888888888886
1537.9175 	EXP 	slider_arousal: rating = 288.88888888888886
1537.9390 	EXP 	text_slider_arousal: autoDraw = False
1537.9390 	EXP 	slider_arousal: autoDraw = False
1537.9390 	EXP 	slider_effort: markerPos = None
1537.9390 	EXP 	slider_effort: markerPos = None
1537.9390 	EXP 	slider_effort: rating = None
1537.9390 	EXP 	text_slider_effort: autoDraw = True
1537.9390 	EXP 	slider_effort: autoDraw = True
1541.3732 	DATA 	Mouse: Left button down, pos=(1054,315)
1541.4006 	EXP 	slider_effort: markerPos = 234.8148148148148
1541.4171 	EXP 	slider_effort: markerPos = 234.8148148148148
1541.4336 	EXP 	slider_effort: markerPos = 234.8148148148148
1541.4504 	EXP 	slider_effort: markerPos = 234.8148148148148
1541.4671 	EXP 	slider_effort: markerPos = 234.8148148148148
1541.4704 	DATA 	Mouse:  Left button up, pos=(1054,315)
1541.4844 	EXP 	slider_effort: markerPos = 234.8148148148148
1541.4844 	EXP 	slider_effort: rating = 234.8148148148148
1541.5006 	EXP 	text_slider_effort: autoDraw = False
1541.5006 	EXP 	slider_effort: autoDraw = False
1541.5006 	EXP 	text_end: autoDraw = True
1693.9065 	DATA 	Keypress: space
1693.9194 	EXP 	text_end: autoDraw = False
1693.9882 	EXP 	window1: mouseVisible = True
