1.5838 	WARNING 	We strongly recommend you activate the PTB sound engine in PsychoPy prefs as the preferred audio engine. Its timing is vastly superior. Your prefs are currently set to use ['sounddevice', 'PTB', 'pyo', 'pygame'] (in that order).
13.7766 	WARNING 	Requested an unavailable screen number - using first available.
15.2582 	EXP 	Created window1 = Window(allowGUI=False, allowStencil=False, autoLog=True, backendConf=UNKNOWN, bitsMode=UNKNOWN, blendMode='avg', bpc=(8, 8, 8), color=array([0, 0, 0]), colorSpace='rgb', depthBits=8, fullscr=<method-wrapper '__getattribute__' of attributeSetter object at 0x000001F6707828D0>, gamma=None, gammaErrorPolicy='raise', lms=UNKNOWN, monitor=<psychopy.monitors.calibTools.Monitor object at 0x000001F6706B25F8>, multiSample=False, name='window1', numSamples=2, pos=[0.0, 0.0], screen=1, size=array([1920, 1080]), stencilBits=0, stereo=False, units='height', useFBO=True, useRetina=False, viewOri=0.0, viewPos=None, viewScale=None, waitBlanking=True, winType='pyglet')
15.2591 	EXP 	window1: mouseVisible = True
15.2592 	EXP 	window1: recordFrameIntervals = False
15.4235 	EXP 	window1: recordFrameIntervals = True
15.6072 	EXP 	window1: recordFrameIntervals = False
16.1469 	EXP 	Created WelcomeText = TextStim(__class__=<class 'psychopy.visual.text.TextStim'>, alignHoriz=method-wrapper(...), alignText='center', alignVert=method-wrapper(...), anchorHoriz='center', anchorVert='center', antialias=True, autoLog=True, bold=False, color=array([-1., -1., -1.]), colorSpace='rgb', contrast=1.0, depth=0.0, flipHoriz=False, flipVert=False, font='Open Sans', fontFiles=[], height=0.03, italic=False, languageStyle='LTR', name='WelcomeText', opacity=1, ori=0.0, pos=array([0., 0.]), rgb=UNKNOWN, text=str(...), units='height', win=Window(...), wrapWidth=1)
16.1748 	EXP 	Created text_ActiveViewing = TextStim(__class__=<class 'psychopy.visual.text.TextStim'>, alignHoriz=method-wrapper(...), alignText='center', alignVert=method-wrapper(...), anchorHoriz='center', anchorVert='center', antialias=True, autoLog=True, bold=False, color=array([-1., -1., -1.]), colorSpace='rgb', contrast=1.0, depth=0.0, flipHoriz=False, flipVert=False, font='Open Sans', fontFiles=[], height=0.04, italic=False, languageStyle='LTR', name='text_ActiveViewing', opacity=1, ori=0.0, pos=array([0., 0.]), rgb=UNKNOWN, text=str(...), units='height', win=Window(...), wrapWidth=1)
16.1807 	EXP 	Created image_view = ImageStim(__class__=<class 'psychopy.visual.image.ImageStim'>, autoLog=True, color=array([1., 1., 1.]), colorSpace='rgb', contrast=1.0, depth=0.0, flipHoriz=False, flipVert=False, image='sin', interpolate=True, mask=None, maskParams=None, name='image_view', opacity=1, ori=0.0, pos=array([0., 0.]), size=array([1.  , 0.75]), texRes=128.0, units='height', win=Window(...))
16.1877 	EXP 	Created text_fixcross = TextStim(__class__=<class 'psychopy.visual.text.TextStim'>, alignHoriz=method-wrapper(...), alignText='center', alignVert=method-wrapper(...), anchorHoriz='center', anchorVert='center', antialias=True, autoLog=True, bold=False, color=array([-1., -1., -1.]), colorSpace='rgb', contrast=1.0, depth=0.0, flipHoriz=False, flipVert=False, font='Open Sans', fontFiles=[], height=0.1, italic=False, languageStyle='LTR', name='text_fixcross', opacity=1, ori=0.0, pos=array([0., 0.]), rgb=UNKNOWN, text='+', units='height', win=Window(...), wrapWidth=1)
16.1890 	EXP 	Created text_Instruction = TextStim(__class__=<class 'psychopy.visual.text.TextStim'>, alignHoriz=method-wrapper(...), alignText='center', alignVert=method-wrapper(...), anchorHoriz='center', anchorVert='center', antialias=True, autoLog=True, bold=False, color=array([-1., -1., -1.]), colorSpace='rgb', contrast=1.0, depth=0.0, flipHoriz=False, flipVert=False, font='Open Sans', fontFiles=[], height=0.04, italic=False, languageStyle='LTR', name='text_Instruction', opacity=1, ori=0.0, pos=array([0., 0.]), rgb=UNKNOWN, text='', units='height', win=Window(...), wrapWidth=1)
16.1934 	EXP 	Created image_reg = ImageStim(__class__=<class 'psychopy.visual.image.ImageStim'>, autoLog=True, color=array([1., 1., 1.]), colorSpace='rgb', contrast=1.0, depth=0.0, flipHoriz=False, flipVert=False, image='sin', interpolate=True, mask=None, maskParams=None, name='image_reg', opacity=1, ori=0.0, pos=array([0., 0.]), size=array([1.  , 0.75]), texRes=128.0, units='height', win=Window(...))
16.2138 	EXP 	Created text_slider_arousal = TextStim(__class__=<class 'psychopy.visual.text.TextStim'>, alignHoriz=method-wrapper(...), alignText='center', alignVert=method-wrapper(...), anchorHoriz='center', anchorVert='center', antialias=True, autoLog=True, bold=False, color=array([-1., -1., -1.]), colorSpace='rgb', contrast=1.0, depth=0.0, flipHoriz=False, flipVert=False, font='Open Sans', fontFiles=[], height=0.05, italic=False, languageStyle='LTR', name='text_slider_arousal', opacity=1, ori=0.0, pos=array([0., 0.]), rgb=UNKNOWN, text=str(...), units='height', win=Window(...), wrapWidth=1)
16.2224 	EXP 	window1: mouseVisible = True
16.2381 	EXP 	Created slider_arousal = Slider(__class__=<class 'psychopy.visual.slider.Slider'>, autoDraw=False, autoLog=True, borderColor=None, color=None, colorSpace='rgb', depth=-1, fillColor=None, flip=False, font='Open Sans', granularity=0.0, labelHeight=0.05, labelWrapWidth=None, labels=('sehr gering', 'sehr hoch'), name='slider_arousal', opacity=None, pos=(0, -0.2), readOnly=False, self=UNKNOWN, size=[1.0, 0.1], startValue=None, style=method-wrapper(...), styleTweaks=method-wrapper(...), ticks=array([  0, 400]), units='height', win=Window(...))
16.2512 	EXP 	Created text_slider_effort = TextStim(__class__=<class 'psychopy.visual.text.TextStim'>, alignHoriz=method-wrapper(...), alignText='center', alignVert=method-wrapper(...), anchorHoriz='center', anchorVert='center', antialias=True, autoLog=True, bold=False, color=array([-1., -1., -1.]), colorSpace='rgb', contrast=1.0, depth=0.0, flipHoriz=False, flipVert=False, font='Open Sans', fontFiles=[], height=0.05, italic=False, languageStyle='LTR', name='text_slider_effort', opacity=1, ori=0.0, pos=array([0., 0.]), rgb=UNKNOWN, text=str(...), units='height', win=Window(...), wrapWidth=1)
16.2576 	EXP 	window1: mouseVisible = True
16.2700 	EXP 	Created slider_effort = Slider(__class__=<class 'psychopy.visual.slider.Slider'>, autoDraw=False, autoLog=True, borderColor=None, color=None, colorSpace='rgb', depth=-1, fillColor=None, flip=False, font='Open Sans', granularity=0.0, labelHeight=0.05, labelWrapWidth=None, labels=('sehr gering', 'sehr hoch'), name='slider_effort', opacity=None, pos=(0, -0.2), readOnly=False, self=UNKNOWN, size=(1.0, 0.1), startValue=None, style=method-wrapper(...), styleTweaks=method-wrapper(...), ticks=array([  0, 400]), units='height', win=Window(...))
16.3431 	EXP 	Created text_EDinstruction = TextStim(__class__=<class 'psychopy.visual.text.TextStim'>, alignHoriz=method-wrapper(...), alignText='center', alignVert=method-wrapper(...), anchorHoriz='center', anchorVert='center', antialias=True, autoLog=True, bold=False, color=array([-1., -1., -1.]), colorSpace='rgb', contrast=1.0, depth=0.0, flipHoriz=False, flipVert=False, font='Open Sans', fontFiles=[], height=0.03, italic=False, languageStyle='LTR', name='text_EDinstruction', opacity=1, ori=0.0, pos=array([0., 0.]), rgb=UNKNOWN, text=str(...), units='height', win=Window(...), wrapWidth=1)
16.3537 	EXP 	Created question = TextStim(__class__=<class 'psychopy.visual.text.TextStim'>, alignHoriz=method-wrapper(...), alignText='center', alignVert=method-wrapper(...), anchorHoriz='center', anchorVert='center', antialias=True, autoLog=True, bold=False, color=array([-1., -1., -1.]), colorSpace='rgb', contrast=1.0, depth=0.0, flipHoriz=False, flipVert=False, font='Open Sans', fontFiles=[], height=0.03, italic=False, languageStyle='LTR', name='question', opacity=1, ori=0.0, pos=array([0. , 0.1]), rgb=UNKNOWN, text=str(...), units='height', win=Window(...), wrapWidth=1)
16.3538 	EXP 	window1: mouseVisible = True
16.3650 	EXP 	window1: mouseVisible = True
16.3751 	EXP 	window1: mouseVisible = True
16.3801 	EXP 	Created EDbufferscreen = TextStim(__class__=<class 'psychopy.visual.text.TextStim'>, alignHoriz=method-wrapper(...), alignText='center', alignVert=method-wrapper(...), anchorHoriz='center', anchorVert='center', antialias=True, autoLog=True, bold=False, color=array([-1., -1., -1.]), colorSpace='rgb', contrast=1.0, depth=0.0, flipHoriz=False, flipVert=False, font='Open Sans', fontFiles=[], height=0.03, italic=False, languageStyle='LTR', name='EDbufferscreen', opacity=1, ori=0.0, pos=array([0. , 0.1]), rgb=UNKNOWN, text=str(...), units='height', win=Window(...), wrapWidth=1)
16.4134 	EXP 	Created text_choice = TextStim(__class__=<class 'psychopy.visual.text.TextStim'>, alignHoriz=method-wrapper(...), alignText='center', alignVert=method-wrapper(...), anchorHoriz='center', anchorVert='center', antialias=True, autoLog=True, bold=False, color=array([-1., -1., -1.]), colorSpace='rgb', contrast=1.0, depth=0.0, flipHoriz=False, flipVert=False, font='Open Sans', fontFiles=[], height=0.04, italic=False, languageStyle='LTR', name='text_choice', opacity=1, ori=0.0, pos=array([0., 0.]), rgb=UNKNOWN, text=str(...), units='height', win=Window(...), wrapWidth=1)
16.4147 	EXP 	Created text_instr_choice = TextStim(__class__=<class 'psychopy.visual.text.TextStim'>, alignHoriz=method-wrapper(...), alignText='center', alignVert=method-wrapper(...), anchorHoriz='center', anchorVert='center', antialias=True, autoLog=True, bold=False, color=array([-1., -1., -1.]), colorSpace='rgb', contrast=1.0, depth=-1.0, flipHoriz=False, flipVert=False, font='Open Sans', fontFiles=[], height=0.04, italic=False, languageStyle='LTR', name='text_instr_choice', opacity=1, ori=0.0, pos=array([0., 0.]), rgb=UNKNOWN, text='', units='height', win=Window(...), wrapWidth=1)
16.4194 	EXP 	Created image = ImageStim(__class__=<class 'psychopy.visual.image.ImageStim'>, autoLog=True, color=array([1., 1., 1.]), colorSpace='rgb', contrast=1.0, depth=0.0, flipHoriz=False, flipVert=False, image='sin', interpolate=True, mask=None, maskParams=None, name='image', opacity=1, ori=0.0, pos=array([0., 0.]), size=array([1.  , 0.75]), texRes=128.0, units='height', win=Window(...))
16.4370 	EXP 	Created text_end = TextStim(__class__=<class 'psychopy.visual.text.TextStim'>, alignHoriz=method-wrapper(...), alignText='center', alignVert=method-wrapper(...), anchorHoriz='center', anchorVert='center', antialias=True, autoLog=True, bold=False, color=array([-1., -1., -1.]), colorSpace='rgb', contrast=1.0, depth=0.0, flipHoriz=False, flipVert=False, font='Open Sans', fontFiles=[], height=0.05, italic=False, languageStyle='LTR', name='text_end', opacity=1, ori=0.0, pos=array([0., 0.]), rgb=UNKNOWN, text=str(...), units='height', win=Window(...), wrapWidth=1)
16.4714 	EXP 	slider_arousal: autoLog = True
16.4714 	EXP 	slider_arousal: markerPos = None
16.4714 	EXP 	slider_arousal: rating = None
16.4714 	EXP 	slider_arousal: markerPos = None
16.4714 	EXP 	slider_arousal: contrast = 1.0
16.4714 	EXP 	slider_arousal: autoLog = True
16.4714 	EXP 	slider_arousal: styleTweaks = []
16.4714 	EXP 	slider_arousal: style = 'slider'
16.4714 	EXP 	slider_arousal: styleTweaks = []
16.4714 	EXP 	slider_effort: autoLog = True
16.4714 	EXP 	slider_effort: markerPos = None
16.4714 	EXP 	slider_effort: rating = None
16.4714 	EXP 	slider_effort: markerPos = None
16.4714 	EXP 	slider_effort: contrast = 1.0
16.4714 	EXP 	slider_effort: autoLog = True
16.4714 	EXP 	slider_effort: styleTweaks = []
16.4714 	EXP 	slider_effort: style = 'slider'
16.4714 	EXP 	slider_effort: styleTweaks = []
16.4714 	EXP 	WelcomeText: autoDraw = True
102.9090 	DATA 	Keypress: space
102.9407 	EXP 	Imported blocks_view.xlsx as conditions, 2 conditions, 5 params
102.9414 	EXP 	Created sequence: sequential, trialTypes=2, nReps=1, seed=None
102.9420 	EXP 	New trial (rep=0, index=0): {'Block': 1, 'conds_view_File': 'StimuliNeutral.xlsx', 'n_reps': 1, 'instr_1': 'ANSCHAUEN', 'TriggerBlockView': 21}
102.9502 	EXP 	WelcomeText: autoDraw = False
102.9502 	EXP 	text_ActiveViewing: autoDraw = True
110.0600 	DATA 	Keypress: space
110.0932 	EXP 	Imported StimuliNeutral.xlsx as conditions, 20 conditions, 2 params
110.0941 	EXP 	Created sequence: random, trialTypes=20, nReps=1, seed=None
110.0946 	EXP 	New trial (rep=0, index=0): {'ImageFile': 'Stimuli/7224.jpg', 'Trigger': 1}
110.1025 	EXP 	text_ActiveViewing: autoDraw = False
110.1025 	EXP 	text_fixcross: autoDraw = True
113.9812 	EXP 	text_fixcross: autoDraw = False
113.9812 	EXP 	text_fixcross: autoDraw = False
113.9812 	EXP 	image_view: image = 'Stimuli/7224.jpg'
113.9812 	EXP 	image_view: autoDraw = True
119.9779 	EXP 	New trial (rep=0, index=1): {'ImageFile': 'Stimuli/7233.jpg', 'Trigger': 1}
119.9919 	EXP 	image_view: autoDraw = False
119.9919 	EXP 	image_view: autoDraw = False
119.9919 	EXP 	text_fixcross: autoDraw = True
124.8527 	EXP 	text_fixcross: autoDraw = False
124.8527 	EXP 	text_fixcross: autoDraw = False
124.8527 	EXP 	image_view: image = 'Stimuli/7233.jpg'
124.8527 	EXP 	image_view: autoDraw = True
130.8433 	EXP 	New trial (rep=0, index=2): {'ImageFile': 'Stimuli/7211.jpg', 'Trigger': 1}
130.8573 	EXP 	image_view: autoDraw = False
130.8573 	EXP 	image_view: autoDraw = False
130.8573 	EXP 	text_fixcross: autoDraw = True
135.2003 	EXP 	text_fixcross: autoDraw = False
135.2003 	EXP 	text_fixcross: autoDraw = False
135.2003 	EXP 	image_view: image = 'Stimuli/7211.jpg'
135.2003 	EXP 	image_view: autoDraw = True
141.1938 	EXP 	New trial (rep=0, index=3): {'ImageFile': 'Stimuli/083.jpg', 'Trigger': 1}
141.2075 	EXP 	image_view: autoDraw = False
141.2075 	EXP 	image_view: autoDraw = False
141.2075 	EXP 	text_fixcross: autoDraw = True
144.6542 	EXP 	text_fixcross: autoDraw = False
144.6542 	EXP 	text_fixcross: autoDraw = False
144.6542 	EXP 	image_view: image = 'Stimuli/083.jpg'
144.6542 	EXP 	image_view: autoDraw = True
150.6438 	EXP 	New trial (rep=0, index=4): {'ImageFile': 'Stimuli/7000.jpg', 'Trigger': 1}
150.6577 	EXP 	image_view: autoDraw = False
150.6577 	EXP 	image_view: autoDraw = False
150.6577 	EXP 	text_fixcross: autoDraw = True
153.8172 	EXP 	text_fixcross: autoDraw = False
153.8172 	EXP 	text_fixcross: autoDraw = False
153.8172 	EXP 	image_view: image = 'Stimuli/7000.jpg'
153.8172 	EXP 	image_view: autoDraw = True
159.8106 	EXP 	New trial (rep=0, index=5): {'ImageFile': 'Stimuli/7004.jpg', 'Trigger': 1}
159.8252 	EXP 	image_view: autoDraw = False
159.8252 	EXP 	image_view: autoDraw = False
159.8252 	EXP 	text_fixcross: autoDraw = True
163.7789 	EXP 	text_fixcross: autoDraw = False
163.7789 	EXP 	text_fixcross: autoDraw = False
163.7789 	EXP 	image_view: image = 'Stimuli/7004.jpg'
163.7789 	EXP 	image_view: autoDraw = True
169.7772 	EXP 	New trial (rep=0, index=6): {'ImageFile': 'Stimuli/7006.jpg', 'Trigger': 1}
169.7912 	EXP 	image_view: autoDraw = False
169.7912 	EXP 	image_view: autoDraw = False
169.7912 	EXP 	text_fixcross: autoDraw = True
173.8436 	EXP 	text_fixcross: autoDraw = False
173.8436 	EXP 	text_fixcross: autoDraw = False
173.8436 	EXP 	image_view: image = 'Stimuli/7006.jpg'
173.8436 	EXP 	image_view: autoDraw = True
179.8436 	EXP 	New trial (rep=0, index=7): {'ImageFile': 'Stimuli/124.jpg', 'Trigger': 1}
179.8578 	EXP 	image_view: autoDraw = False
179.8578 	EXP 	image_view: autoDraw = False
179.8578 	EXP 	text_fixcross: autoDraw = True
183.0079 	EXP 	text_fixcross: autoDraw = False
183.0079 	EXP 	text_fixcross: autoDraw = False
183.0079 	EXP 	image_view: image = 'Stimuli/124.jpg'
183.0079 	EXP 	image_view: autoDraw = True
189.0103 	EXP 	New trial (rep=0, index=8): {'ImageFile': 'Stimuli/7100.jpg', 'Trigger': 1}
189.0243 	EXP 	image_view: autoDraw = False
189.0243 	EXP 	image_view: autoDraw = False
189.0243 	EXP 	text_fixcross: autoDraw = True
193.6906 	EXP 	text_fixcross: autoDraw = False
193.6906 	EXP 	text_fixcross: autoDraw = False
193.6906 	EXP 	image_view: image = 'Stimuli/7100.jpg'
193.6906 	EXP 	image_view: autoDraw = True
199.6771 	EXP 	New trial (rep=0, index=9): {'ImageFile': 'Stimuli/140.jpg', 'Trigger': 1}
199.6910 	EXP 	image_view: autoDraw = False
199.6910 	EXP 	image_view: autoDraw = False
199.6910 	EXP 	text_fixcross: autoDraw = True
203.2480 	EXP 	text_fixcross: autoDraw = False
203.2480 	EXP 	text_fixcross: autoDraw = False
203.2480 	EXP 	image_view: image = 'Stimuli/140.jpg'
203.2480 	EXP 	image_view: autoDraw = True
209.2437 	EXP 	New trial (rep=0, index=10): {'ImageFile': 'Stimuli/143.jpg', 'Trigger': 1}
209.2576 	EXP 	image_view: autoDraw = False
209.2576 	EXP 	image_view: autoDraw = False
209.2576 	EXP 	text_fixcross: autoDraw = True
213.6903 	EXP 	text_fixcross: autoDraw = False
213.6903 	EXP 	text_fixcross: autoDraw = False
213.6903 	EXP 	image_view: image = 'Stimuli/143.jpg'
213.6903 	EXP 	image_view: autoDraw = True
219.6770 	EXP 	New trial (rep=0, index=11): {'ImageFile': 'Stimuli/7002.jpg', 'Trigger': 1}
219.6910 	EXP 	image_view: autoDraw = False
219.6910 	EXP 	image_view: autoDraw = False
219.6910 	EXP 	text_fixcross: autoDraw = True
223.1291 	EXP 	text_fixcross: autoDraw = False
223.1291 	EXP 	text_fixcross: autoDraw = False
223.1291 	EXP 	image_view: image = 'Stimuli/7002.jpg'
223.1291 	EXP 	image_view: autoDraw = True
229.1271 	EXP 	New trial (rep=0, index=12): {'ImageFile': 'Stimuli/7041.jpg', 'Trigger': 1}
229.1410 	EXP 	image_view: autoDraw = False
229.1410 	EXP 	image_view: autoDraw = False
229.1410 	EXP 	text_fixcross: autoDraw = True
232.1847 	EXP 	text_fixcross: autoDraw = False
232.1847 	EXP 	text_fixcross: autoDraw = False
232.1847 	EXP 	image_view: image = 'Stimuli/7041.jpg'
232.1847 	EXP 	image_view: autoDraw = True
238.1769 	EXP 	New trial (rep=0, index=13): {'ImageFile': 'Stimuli/7025.jpg', 'Trigger': 1}
238.1909 	EXP 	image_view: autoDraw = False
238.1909 	EXP 	image_view: autoDraw = False
238.1909 	EXP 	text_fixcross: autoDraw = True
242.4420 	EXP 	text_fixcross: autoDraw = False
242.4420 	EXP 	text_fixcross: autoDraw = False
242.4420 	EXP 	image_view: image = 'Stimuli/7025.jpg'
242.4420 	EXP 	image_view: autoDraw = True
248.4437 	EXP 	New trial (rep=0, index=14): {'ImageFile': 'Stimuli/7021.jpg', 'Trigger': 1}
248.4576 	EXP 	image_view: autoDraw = False
248.4576 	EXP 	image_view: autoDraw = False
248.4576 	EXP 	text_fixcross: autoDraw = True
251.6002 	EXP 	text_fixcross: autoDraw = False
251.6002 	EXP 	text_fixcross: autoDraw = False
251.6002 	EXP 	image_view: image = 'Stimuli/7021.jpg'
251.6002 	EXP 	image_view: autoDraw = True
257.5937 	EXP 	New trial (rep=0, index=15): {'ImageFile': 'Stimuli/7185.jpg', 'Trigger': 1}
257.6075 	EXP 	image_view: autoDraw = False
257.6075 	EXP 	image_view: autoDraw = False
257.6075 	EXP 	text_fixcross: autoDraw = True
261.3456 	EXP 	text_fixcross: autoDraw = False
261.3456 	EXP 	text_fixcross: autoDraw = False
261.3456 	EXP 	image_view: image = 'Stimuli/7185.jpg'
261.3456 	EXP 	image_view: autoDraw = True
267.3438 	EXP 	New trial (rep=0, index=16): {'ImageFile': 'Stimuli/7009.jpg', 'Trigger': 1}
267.3579 	EXP 	image_view: autoDraw = False
267.3579 	EXP 	image_view: autoDraw = False
267.3579 	EXP 	text_fixcross: autoDraw = True
272.2183 	EXP 	text_fixcross: autoDraw = False
272.2183 	EXP 	text_fixcross: autoDraw = False
272.2183 	EXP 	image_view: image = 'Stimuli/7009.jpg'
272.2183 	EXP 	image_view: autoDraw = True
278.2105 	EXP 	New trial (rep=0, index=17): {'ImageFile': 'Stimuli/7235.jpg', 'Trigger': 1}
278.2242 	EXP 	image_view: autoDraw = False
278.2242 	EXP 	image_view: autoDraw = False
278.2242 	EXP 	text_fixcross: autoDraw = True
282.0762 	EXP 	text_fixcross: autoDraw = False
282.0762 	EXP 	text_fixcross: autoDraw = False
282.0762 	EXP 	image_view: image = 'Stimuli/7235.jpg'
282.0762 	EXP 	image_view: autoDraw = True
288.0770 	EXP 	New trial (rep=0, index=18): {'ImageFile': 'Stimuli/107.jpg', 'Trigger': 1}
288.0911 	EXP 	image_view: autoDraw = False
288.0911 	EXP 	image_view: autoDraw = False
288.0911 	EXP 	text_fixcross: autoDraw = True
291.3308 	EXP 	text_fixcross: autoDraw = False
291.3308 	EXP 	text_fixcross: autoDraw = False
291.3308 	EXP 	image_view: image = 'Stimuli/107.jpg'
291.3308 	EXP 	image_view: autoDraw = True
297.3271 	EXP 	New trial (rep=0, index=19): {'ImageFile': 'Stimuli/7150.jpg', 'Trigger': 1}
297.3412 	EXP 	image_view: autoDraw = False
297.3412 	EXP 	image_view: autoDraw = False
297.3412 	EXP 	text_fixcross: autoDraw = True
301.4079 	EXP 	text_fixcross: autoDraw = False
301.4079 	EXP 	text_fixcross: autoDraw = False
301.4079 	EXP 	image_view: image = 'Stimuli/7150.jpg'
301.4079 	EXP 	image_view: autoDraw = True
307.4470 	EXP 	image_view: autoDraw = False
307.4470 	EXP 	image_view: autoDraw = False
307.4470 	EXP 	slider_arousal: markerPos = None
307.4470 	EXP 	slider_arousal: markerPos = None
307.4470 	EXP 	slider_arousal: rating = None
307.4470 	EXP 	text_slider_arousal: autoDraw = True
307.4470 	EXP 	slider_arousal: autoDraw = True
311.4296 	DATA 	Mouse: Left button down, pos=(446,320)
311.4568 	EXP 	slider_arousal: markerPos = 9.629629629629633
311.4740 	EXP 	slider_arousal: markerPos = 9.629629629629633
311.4909 	EXP 	slider_arousal: markerPos = 9.629629629629633
311.5077 	EXP 	slider_arousal: markerPos = 9.629629629629633
311.5171 	DATA 	Mouse:  Left button up, pos=(446,320)
311.5242 	EXP 	slider_arousal: markerPos = 9.629629629629633
311.5410 	EXP 	slider_arousal: markerPos = 9.629629629629633
311.5410 	EXP 	slider_arousal: rating = 9.629629629629633
311.5645 	EXP 	text_slider_arousal: autoDraw = False
311.5645 	EXP 	slider_arousal: autoDraw = False
311.5645 	EXP 	slider_effort: markerPos = None
311.5645 	EXP 	slider_effort: markerPos = None
311.5645 	EXP 	slider_effort: rating = None
311.5645 	EXP 	text_slider_effort: autoDraw = True
311.5645 	EXP 	slider_effort: autoDraw = True
313.6296 	DATA 	Mouse: Left button down, pos=(473,325)
313.6425 	DATA 	Mouse:  Left button up, pos=(473,325)
313.6426 	DATA 	Mouse: Left button down, pos=(473,325)
313.6560 	EXP 	slider_effort: markerPos = 19.62962962962962
313.6725 	EXP 	slider_effort: markerPos = 19.62962962962962
313.6892 	EXP 	slider_effort: markerPos = 19.62962962962962
313.7058 	EXP 	slider_effort: markerPos = 19.62962962962962
313.7225 	EXP 	slider_effort: markerPos = 19.62962962962962
313.7391 	EXP 	slider_effort: markerPos = 19.62962962962962
313.7559 	EXP 	slider_effort: markerPos = 19.62962962962962
313.7585 	DATA 	Mouse:  Left button up, pos=(473,325)
313.7727 	EXP 	slider_effort: markerPos = 19.62962962962962
313.7727 	EXP 	slider_effort: rating = 19.62962962962962
313.7769 	EXP 	New trial (rep=0, index=1): {'Block': 2, 'conds_view_File': 'StimuliNegative.xlsx', 'n_reps': 1, 'instr_1': 'ANSCHAUEN', 'TriggerBlockView': 22}
313.7892 	EXP 	text_slider_effort: autoDraw = False
313.7892 	EXP 	slider_effort: autoDraw = False
313.7892 	EXP 	text_ActiveViewing: autoDraw = True
319.4986 	DATA 	Keypress: space
319.5441 	EXP 	Imported StimuliNegative_4.xlsx as conditions, 20 conditions, 1 params
319.5447 	EXP 	Created sequence: random, trialTypes=20, nReps=1, seed=None
319.5450 	EXP 	New trial (rep=0, index=0): {'ImageFile': 'Stimuli/9420.jpg'}
319.5519 	EXP 	text_ActiveViewing: autoDraw = False
319.5519 	EXP 	text_fixcross: autoDraw = True
322.6992 	EXP 	text_fixcross: autoDraw = False
322.6992 	EXP 	text_fixcross: autoDraw = False
322.6992 	EXP 	image_view: image = 'Stimuli/9420.jpg'
322.6992 	EXP 	image_view: autoDraw = True
328.6944 	EXP 	New trial (rep=0, index=1): {'ImageFile': 'Stimuli/3061.jpg'}
328.7078 	EXP 	image_view: autoDraw = False
328.7078 	EXP 	image_view: autoDraw = False
328.7078 	EXP 	text_fixcross: autoDraw = True
333.0554 	EXP 	text_fixcross: autoDraw = False
333.0554 	EXP 	text_fixcross: autoDraw = False
333.0554 	EXP 	image_view: image = 'Stimuli/3061.jpg'
333.0554 	EXP 	image_view: autoDraw = True
339.0436 	EXP 	New trial (rep=0, index=2): {'ImageFile': 'Stimuli/9181.jpg'}
339.0576 	EXP 	image_view: autoDraw = False
339.0576 	EXP 	image_view: autoDraw = False
339.0576 	EXP 	text_fixcross: autoDraw = True
343.4020 	EXP 	text_fixcross: autoDraw = False
343.4020 	EXP 	text_fixcross: autoDraw = False
343.4020 	EXP 	image_view: image = 'Stimuli/9181.jpg'
343.4020 	EXP 	image_view: autoDraw = True
349.3937 	EXP 	New trial (rep=0, index=3): {'ImageFile': 'Stimuli/9421.jpg'}
349.4078 	EXP 	image_view: autoDraw = False
349.4078 	EXP 	image_view: autoDraw = False
349.4078 	EXP 	text_fixcross: autoDraw = True
353.5653 	EXP 	text_fixcross: autoDraw = False
353.5653 	EXP 	text_fixcross: autoDraw = False
353.5653 	EXP 	image_view: image = 'Stimuli/9421.jpg'
353.5653 	EXP 	image_view: autoDraw = True
359.5602 	EXP 	New trial (rep=0, index=4): {'ImageFile': 'Stimuli/9254.jpg'}
359.5742 	EXP 	image_view: autoDraw = False
359.5742 	EXP 	image_view: autoDraw = False
359.5742 	EXP 	text_fixcross: autoDraw = True
364.4303 	EXP 	text_fixcross: autoDraw = False
364.4303 	EXP 	text_fixcross: autoDraw = False
364.4303 	EXP 	image_view: image = 'Stimuli/9254.jpg'
364.4303 	EXP 	image_view: autoDraw = True
370.4271 	EXP 	New trial (rep=0, index=5): {'ImageFile': 'Stimuli/9599.jpg'}
370.4411 	EXP 	image_view: autoDraw = False
370.4411 	EXP 	image_view: autoDraw = False
370.4411 	EXP 	text_fixcross: autoDraw = True
374.2985 	EXP 	text_fixcross: autoDraw = False
374.2985 	EXP 	text_fixcross: autoDraw = False
374.2985 	EXP 	image_view: image = 'Stimuli/9599.jpg'
374.2985 	EXP 	image_view: autoDraw = True
380.2937 	EXP 	New trial (rep=0, index=6): {'ImageFile': 'Stimuli/1051.jpg'}
380.3077 	EXP 	image_view: autoDraw = False
380.3077 	EXP 	image_view: autoDraw = False
380.3077 	EXP 	text_fixcross: autoDraw = True
384.7655 	EXP 	text_fixcross: autoDraw = False
384.7655 	EXP 	text_fixcross: autoDraw = False
384.7655 	EXP 	image_view: image = 'Stimuli/1051.jpg'
384.7655 	EXP 	image_view: autoDraw = True
390.7604 	EXP 	New trial (rep=0, index=7): {'ImageFile': 'Stimuli/9411.jpg'}
390.7741 	EXP 	image_view: autoDraw = False
390.7741 	EXP 	image_view: autoDraw = False
390.7741 	EXP 	text_fixcross: autoDraw = True
395.7105 	EXP 	text_fixcross: autoDraw = False
395.7105 	EXP 	text_fixcross: autoDraw = False
395.7105 	EXP 	image_view: image = 'Stimuli/9411.jpg'
395.7105 	EXP 	image_view: autoDraw = True
401.7103 	EXP 	New trial (rep=0, index=8): {'ImageFile': 'Stimuli/9295.jpg'}
401.7242 	EXP 	image_view: autoDraw = False
401.7242 	EXP 	image_view: autoDraw = False
401.7242 	EXP 	text_fixcross: autoDraw = True
405.0869 	EXP 	text_fixcross: autoDraw = False
405.0869 	EXP 	text_fixcross: autoDraw = False
405.0869 	EXP 	image_view: image = 'Stimuli/9295.jpg'
405.0869 	EXP 	image_view: autoDraw = True
411.0770 	EXP 	New trial (rep=0, index=9): {'ImageFile': 'Stimuli/2800.jpg'}
411.0909 	EXP 	image_view: autoDraw = False
411.0909 	EXP 	image_view: autoDraw = False
411.0909 	EXP 	text_fixcross: autoDraw = True
414.4453 	EXP 	text_fixcross: autoDraw = False
414.4453 	EXP 	text_fixcross: autoDraw = False
414.4453 	EXP 	image_view: image = 'Stimuli/2800.jpg'
414.4453 	EXP 	image_view: autoDraw = True
420.4439 	EXP 	New trial (rep=0, index=10): {'ImageFile': 'Stimuli/9905.jpg'}
420.4578 	EXP 	image_view: autoDraw = False
420.4578 	EXP 	image_view: autoDraw = False
420.4578 	EXP 	text_fixcross: autoDraw = True
424.7209 	EXP 	text_fixcross: autoDraw = False
424.7209 	EXP 	text_fixcross: autoDraw = False
424.7209 	EXP 	image_view: image = 'Stimuli/9905.jpg'
424.7209 	EXP 	image_view: autoDraw = True
430.7102 	EXP 	New trial (rep=0, index=11): {'ImageFile': 'Stimuli/3230.jpg'}
430.7242 	EXP 	image_view: autoDraw = False
430.7242 	EXP 	image_view: autoDraw = False
430.7242 	EXP 	text_fixcross: autoDraw = True
434.4786 	EXP 	text_fixcross: autoDraw = False
434.4786 	EXP 	text_fixcross: autoDraw = False
434.4786 	EXP 	image_view: image = 'Stimuli/3230.jpg'
434.4786 	EXP 	image_view: autoDraw = True
440.4770 	EXP 	New trial (rep=0, index=12): {'ImageFile': 'Stimuli/9185.jpg'}
440.4913 	EXP 	image_view: autoDraw = False
440.4913 	EXP 	image_view: autoDraw = False
440.4913 	EXP 	text_fixcross: autoDraw = True
443.7394 	EXP 	text_fixcross: autoDraw = False
443.7394 	EXP 	text_fixcross: autoDraw = False
443.7394 	EXP 	image_view: image = 'Stimuli/9185.jpg'
443.7394 	EXP 	image_view: autoDraw = True
449.7270 	EXP 	New trial (rep=0, index=13): {'ImageFile': 'Stimuli/6838.jpg'}
449.7411 	EXP 	image_view: autoDraw = False
449.7411 	EXP 	image_view: autoDraw = False
449.7411 	EXP 	text_fixcross: autoDraw = True
454.3002 	EXP 	text_fixcross: autoDraw = False
454.3002 	EXP 	text_fixcross: autoDraw = False
454.3002 	EXP 	image_view: image = 'Stimuli/6838.jpg'
454.3002 	EXP 	image_view: autoDraw = True
460.2936 	EXP 	New trial (rep=0, index=14): {'ImageFile': 'Stimuli/252.jpg'}
460.3073 	EXP 	image_view: autoDraw = False
460.3073 	EXP 	image_view: autoDraw = False
460.3073 	EXP 	text_fixcross: autoDraw = True
465.0526 	EXP 	text_fixcross: autoDraw = False
465.0526 	EXP 	text_fixcross: autoDraw = False
465.0526 	EXP 	image_view: image = 'Stimuli/252.jpg'
465.0526 	EXP 	image_view: autoDraw = True
471.0430 	EXP 	New trial (rep=0, index=15): {'ImageFile': 'Stimuli/9120.jpg'}
471.0571 	EXP 	image_view: autoDraw = False
471.0571 	EXP 	image_view: autoDraw = False
471.0571 	EXP 	text_fixcross: autoDraw = True
475.5020 	EXP 	text_fixcross: autoDraw = False
475.5020 	EXP 	text_fixcross: autoDraw = False
475.5020 	EXP 	image_view: image = 'Stimuli/9120.jpg'
475.5020 	EXP 	image_view: autoDraw = True
481.4937 	EXP 	New trial (rep=0, index=16): {'ImageFile': 'Stimuli/6561.jpg'}
481.5077 	EXP 	image_view: autoDraw = False
481.5077 	EXP 	image_view: autoDraw = False
481.5077 	EXP 	text_fixcross: autoDraw = True
485.3597 	EXP 	text_fixcross: autoDraw = False
485.3597 	EXP 	text_fixcross: autoDraw = False
485.3597 	EXP 	image_view: image = 'Stimuli/6561.jpg'
485.3597 	EXP 	image_view: autoDraw = True
491.3603 	EXP 	New trial (rep=0, index=17): {'ImageFile': 'Stimuli/9230.jpg'}
491.3741 	EXP 	image_view: autoDraw = False
491.3741 	EXP 	image_view: autoDraw = False
491.3741 	EXP 	text_fixcross: autoDraw = True
496.1334 	EXP 	text_fixcross: autoDraw = False
496.1334 	EXP 	text_fixcross: autoDraw = False
496.1334 	EXP 	image_view: image = 'Stimuli/9230.jpg'
496.1334 	EXP 	image_view: autoDraw = True
502.1269 	EXP 	New trial (rep=0, index=18): {'ImageFile': 'Stimuli/227.jpg'}
502.1408 	EXP 	image_view: autoDraw = False
502.1408 	EXP 	image_view: autoDraw = False
502.1408 	EXP 	text_fixcross: autoDraw = True
506.4886 	EXP 	text_fixcross: autoDraw = False
506.4886 	EXP 	text_fixcross: autoDraw = False
506.4886 	EXP 	image_view: image = 'Stimuli/227.jpg'
506.4886 	EXP 	image_view: autoDraw = True
512.4774 	EXP 	New trial (rep=0, index=19): {'ImageFile': 'Stimuli/9332.jpg'}
512.4913 	EXP 	image_view: autoDraw = False
512.4913 	EXP 	image_view: autoDraw = False
512.4913 	EXP 	text_fixcross: autoDraw = True
517.2599 	EXP 	text_fixcross: autoDraw = False
517.2599 	EXP 	text_fixcross: autoDraw = False
517.2599 	EXP 	image_view: image = 'Stimuli/9332.jpg'
517.2599 	EXP 	image_view: autoDraw = True
523.2918 	EXP 	image_view: autoDraw = False
523.2918 	EXP 	image_view: autoDraw = False
523.2918 	EXP 	slider_arousal: markerPos = None
523.2918 	EXP 	slider_arousal: markerPos = None
523.2918 	EXP 	slider_arousal: rating = None
523.2918 	EXP 	text_slider_arousal: autoDraw = True
523.2918 	EXP 	slider_arousal: autoDraw = True
527.5256 	DATA 	Mouse: Left button down, pos=(754,334)
527.5398 	EXP 	slider_arousal: markerPos = 123.7037037037037
527.5573 	EXP 	slider_arousal: markerPos = 123.7037037037037
527.5740 	EXP 	slider_arousal: markerPos = 123.7037037037037
527.5907 	EXP 	slider_arousal: markerPos = 123.7037037037037
527.6072 	EXP 	slider_arousal: markerPos = 123.7037037037037
527.6230 	EXP 	slider_arousal: markerPos = 123.7037037037037
527.6264 	DATA 	Mouse:  Left button up, pos=(754,334)
527.6405 	EXP 	slider_arousal: markerPos = 123.7037037037037
527.6405 	EXP 	slider_arousal: rating = 123.7037037037037
527.6617 	EXP 	text_slider_arousal: autoDraw = False
527.6617 	EXP 	slider_arousal: autoDraw = False
527.6617 	EXP 	slider_effort: markerPos = None
527.6617 	EXP 	slider_effort: markerPos = None
527.6617 	EXP 	slider_effort: rating = None
527.6617 	EXP 	text_slider_effort: autoDraw = True
527.6617 	EXP 	slider_effort: autoDraw = True
530.1260 	DATA 	Mouse: Left button down, pos=(698,341)
530.1403 	EXP 	slider_effort: markerPos = 102.96296296296296
530.1574 	EXP 	slider_effort: markerPos = 102.96296296296296
530.1744 	EXP 	slider_effort: markerPos = 102.96296296296296
530.1908 	EXP 	slider_effort: markerPos = 102.96296296296296
530.2065 	EXP 	slider_effort: markerPos = 102.96296296296296
530.2148 	DATA 	Mouse:  Left button up, pos=(698,341)
530.2227 	EXP 	slider_effort: markerPos = 102.96296296296296
530.2396 	EXP 	slider_effort: markerPos = 102.96296296296296
530.2396 	EXP 	slider_effort: rating = 102.96296296296296
530.2591 	EXP 	Imported blocks_reg.xlsx as conditions, 3 conditions, 6 params
530.2595 	EXP 	Created sequence: random, trialTypes=3, nReps=1, seed=None
530.2598 	EXP 	New trial (rep=0, index=0): {'Block': 3, 'conds_reg_File': 'StimuliNegative.xlsx', 'n_reps': 1, 'TriggerBlockReg': 23, 'instr_1': 'ABLENKEN', 'instr_2': 'Denken Sie während des Betrachtens der Bilder an etwas Neutrales, das mit dem Bild nichts zu tun hat. Das könnten geometrische Figuren, Alltagstätigkeiten oder bekannte Orte sein.'}
530.2904 	EXP 	text_slider_effort: autoDraw = False
530.2904 	EXP 	slider_effort: autoDraw = False
530.2904 	EXP 	text_Instruction: text = 'ABLENKEN\n\nIn diesem Block werden Sie eine Reihe von Bildern sehen. Diese sollen Sie aufmerksam ansehen.\nDenken Sie während des Betrachtens der Bilder an etwas Neutrales, das mit dem Bild nichts zu tun hat. Das könnten geometrische Figuren, Alltagstätigkeiten oder bekannte Orte sein.\n\nBitte konzentrieren Sie Ihre Regulationsbemühungen nur auf das Bild, nicht aber auf die Zeiträume zwischen den Bildern.\n\nZum Starten des Blocks Leertaste dürcken'
530.2904 	EXP 	text_Instruction: autoDraw = True
562.2190 	DATA 	Keypress: space
562.2647 	EXP 	Imported StimuliNegative_1.xlsx as conditions, 20 conditions, 1 params
562.2653 	EXP 	Created sequence: random, trialTypes=20, nReps=1, seed=None
562.2656 	EXP 	New trial (rep=0, index=0): {'ImageFile': 'Stimuli/9300.jpg'}
562.2729 	EXP 	text_Instruction: autoDraw = False
562.2729 	EXP 	text_fixcross: autoDraw = True
566.8140 	EXP 	text_fixcross: autoDraw = False
566.8140 	EXP 	text_fixcross: autoDraw = False
566.8140 	EXP 	image_reg: image = 'Stimuli/9300.jpg'
566.8140 	EXP 	image_reg: autoDraw = True
572.8109 	EXP 	New trial (rep=0, index=1): {'ImageFile': 'Stimuli/225.jpg'}
572.8241 	EXP 	image_reg: autoDraw = False
572.8241 	EXP 	image_reg: autoDraw = False
572.8241 	EXP 	text_fixcross: autoDraw = True
577.3869 	EXP 	text_fixcross: autoDraw = False
577.3869 	EXP 	text_fixcross: autoDraw = False
577.3869 	EXP 	image_reg: image = 'Stimuli/225.jpg'
577.3869 	EXP 	image_reg: autoDraw = True
583.3769 	EXP 	New trial (rep=0, index=2): {'ImageFile': 'Stimuli/6190.jpg'}
583.3909 	EXP 	image_reg: autoDraw = False
583.3909 	EXP 	image_reg: autoDraw = False
583.3909 	EXP 	text_fixcross: autoDraw = True
586.5520 	EXP 	text_fixcross: autoDraw = False
586.5520 	EXP 	text_fixcross: autoDraw = False
586.5520 	EXP 	image_reg: image = 'Stimuli/6190.jpg'
586.5520 	EXP 	image_reg: autoDraw = True
592.5437 	EXP 	New trial (rep=0, index=3): {'ImageFile': 'Stimuli/1111.jpg'}
592.5576 	EXP 	image_reg: autoDraw = False
592.5576 	EXP 	image_reg: autoDraw = False
592.5576 	EXP 	text_fixcross: autoDraw = True
597.3161 	EXP 	text_fixcross: autoDraw = False
597.3161 	EXP 	text_fixcross: autoDraw = False
597.3161 	EXP 	image_reg: image = 'Stimuli/1111.jpg'
597.3161 	EXP 	image_reg: autoDraw = True
603.3102 	EXP 	New trial (rep=0, index=4): {'ImageFile': 'Stimuli/3180.jpg'}
603.3240 	EXP 	image_reg: autoDraw = False
603.3240 	EXP 	image_reg: autoDraw = False
603.3240 	EXP 	text_fixcross: autoDraw = True
608.0637 	EXP 	text_fixcross: autoDraw = False
608.0637 	EXP 	text_fixcross: autoDraw = False
608.0637 	EXP 	image_reg: image = 'Stimuli/3180.jpg'
608.0637 	EXP 	image_reg: autoDraw = True
614.0602 	EXP 	New trial (rep=0, index=5): {'ImageFile': 'Stimuli/3017.jpg'}
614.0744 	EXP 	image_reg: autoDraw = False
614.0744 	EXP 	image_reg: autoDraw = False
614.0744 	EXP 	text_fixcross: autoDraw = True
618.2383 	EXP 	text_fixcross: autoDraw = False
618.2383 	EXP 	text_fixcross: autoDraw = False
618.2383 	EXP 	image_reg: image = 'Stimuli/3017.jpg'
618.2383 	EXP 	image_reg: autoDraw = True
624.2270 	EXP 	New trial (rep=0, index=6): {'ImageFile': 'Stimuli/9182.jpg'}
624.2410 	EXP 	image_reg: autoDraw = False
624.2410 	EXP 	image_reg: autoDraw = False
624.2410 	EXP 	text_fixcross: autoDraw = True
628.7057 	EXP 	text_fixcross: autoDraw = False
628.7057 	EXP 	text_fixcross: autoDraw = False
628.7057 	EXP 	image_reg: image = 'Stimuli/9182.jpg'
628.7057 	EXP 	image_reg: autoDraw = True
634.6937 	EXP 	New trial (rep=0, index=7): {'ImageFile': 'Stimuli/3022.jpg'}
634.7077 	EXP 	image_reg: autoDraw = False
634.7077 	EXP 	image_reg: autoDraw = False
634.7077 	EXP 	text_fixcross: autoDraw = True
638.3609 	EXP 	text_fixcross: autoDraw = False
638.3609 	EXP 	text_fixcross: autoDraw = False
638.3609 	EXP 	image_reg: image = 'Stimuli/3022.jpg'
638.3609 	EXP 	image_reg: autoDraw = True
644.3603 	EXP 	New trial (rep=0, index=8): {'ImageFile': 'Stimuli/9180.jpg'}
644.3744 	EXP 	image_reg: autoDraw = False
644.3744 	EXP 	image_reg: autoDraw = False
644.3744 	EXP 	text_fixcross: autoDraw = True
647.8302 	EXP 	text_fixcross: autoDraw = False
647.8302 	EXP 	text_fixcross: autoDraw = False
647.8302 	EXP 	image_reg: image = 'Stimuli/9180.jpg'
647.8302 	EXP 	image_reg: autoDraw = True
653.8270 	EXP 	New trial (rep=0, index=9): {'ImageFile': 'Stimuli/9253.jpg'}
653.8411 	EXP 	image_reg: autoDraw = False
653.8411 	EXP 	image_reg: autoDraw = False
653.8411 	EXP 	text_fixcross: autoDraw = True
657.8015 	EXP 	text_fixcross: autoDraw = False
657.8015 	EXP 	text_fixcross: autoDraw = False
657.8015 	EXP 	image_reg: image = 'Stimuli/9253.jpg'
657.8015 	EXP 	image_reg: autoDraw = True
663.7936 	EXP 	New trial (rep=0, index=10): {'ImageFile': 'Stimuli/255.jpg'}
663.8077 	EXP 	image_reg: autoDraw = False
663.8077 	EXP 	image_reg: autoDraw = False
663.8077 	EXP 	text_fixcross: autoDraw = True
666.9597 	EXP 	text_fixcross: autoDraw = False
666.9597 	EXP 	text_fixcross: autoDraw = False
666.9597 	EXP 	image_reg: image = 'Stimuli/255.jpg'
666.9597 	EXP 	image_reg: autoDraw = True
672.9601 	EXP 	New trial (rep=0, index=11): {'ImageFile': 'Stimuli/9326.jpg'}
672.9744 	EXP 	image_reg: autoDraw = False
672.9744 	EXP 	image_reg: autoDraw = False
672.9744 	EXP 	text_fixcross: autoDraw = True
677.1283 	EXP 	text_fixcross: autoDraw = False
677.1283 	EXP 	text_fixcross: autoDraw = False
677.1283 	EXP 	image_reg: image = 'Stimuli/9326.jpg'
677.1283 	EXP 	image_reg: autoDraw = True
683.1270 	EXP 	New trial (rep=0, index=12): {'ImageFile': 'Stimuli/3280.jpg'}
683.1410 	EXP 	image_reg: autoDraw = False
683.1410 	EXP 	image_reg: autoDraw = False
683.1410 	EXP 	text_fixcross: autoDraw = True
687.6992 	EXP 	text_fixcross: autoDraw = False
687.6992 	EXP 	text_fixcross: autoDraw = False
687.6992 	EXP 	image_reg: image = 'Stimuli/3280.jpg'
687.6992 	EXP 	image_reg: autoDraw = True
693.6936 	EXP 	New trial (rep=0, index=13): {'ImageFile': 'Stimuli/327.jpg'}
693.7075 	EXP 	image_reg: autoDraw = False
693.7075 	EXP 	image_reg: autoDraw = False
693.7075 	EXP 	text_fixcross: autoDraw = True
696.7616 	EXP 	text_fixcross: autoDraw = False
696.7616 	EXP 	text_fixcross: autoDraw = False
696.7616 	EXP 	image_reg: image = 'Stimuli/327.jpg'
696.7616 	EXP 	image_reg: autoDraw = True
702.7601 	EXP 	New trial (rep=0, index=14): {'ImageFile': 'Stimuli/6244.jpg'}
702.7741 	EXP 	image_reg: autoDraw = False
702.7741 	EXP 	image_reg: autoDraw = False
702.7741 	EXP 	text_fixcross: autoDraw = True
707.4316 	EXP 	text_fixcross: autoDraw = False
707.4316 	EXP 	text_fixcross: autoDraw = False
707.4316 	EXP 	image_reg: image = 'Stimuli/6244.jpg'
707.4316 	EXP 	image_reg: autoDraw = True
713.4270 	EXP 	New trial (rep=0, index=15): {'ImageFile': 'Stimuli/230.jpg'}
713.4409 	EXP 	image_reg: autoDraw = False
713.4409 	EXP 	image_reg: autoDraw = False
713.4409 	EXP 	text_fixcross: autoDraw = True
717.9978 	EXP 	text_fixcross: autoDraw = False
717.9978 	EXP 	text_fixcross: autoDraw = False
717.9978 	EXP 	image_reg: image = 'Stimuli/230.jpg'
717.9978 	EXP 	image_reg: autoDraw = True
723.9937 	EXP 	New trial (rep=0, index=16): {'ImageFile': 'Stimuli/9424.jpg'}
724.0077 	EXP 	image_reg: autoDraw = False
724.0077 	EXP 	image_reg: autoDraw = False
724.0077 	EXP 	text_fixcross: autoDraw = True
727.1727 	EXP 	text_fixcross: autoDraw = False
727.1727 	EXP 	text_fixcross: autoDraw = False
727.1727 	EXP 	image_reg: image = 'Stimuli/9424.jpg'
727.1727 	EXP 	image_reg: autoDraw = True
733.1600 	EXP 	New trial (rep=0, index=17): {'ImageFile': 'Stimuli/6836.jpg'}
733.1740 	EXP 	image_reg: autoDraw = False
733.1740 	EXP 	image_reg: autoDraw = False
733.1740 	EXP 	text_fixcross: autoDraw = True
736.7020 	EXP 	text_fixcross: autoDraw = False
736.7020 	EXP 	text_fixcross: autoDraw = False
736.7020 	EXP 	image_reg: image = 'Stimuli/6836.jpg'
736.7020 	EXP 	image_reg: autoDraw = True
742.6936 	EXP 	New trial (rep=0, index=18): {'ImageFile': 'Stimuli/9920.jpg'}
742.7074 	EXP 	image_reg: autoDraw = False
742.7074 	EXP 	image_reg: autoDraw = False
742.7074 	EXP 	text_fixcross: autoDraw = True
747.1569 	EXP 	text_fixcross: autoDraw = False
747.1569 	EXP 	text_fixcross: autoDraw = False
747.1569 	EXP 	image_reg: image = 'Stimuli/9920.jpg'
747.1569 	EXP 	image_reg: autoDraw = True
753.1436 	EXP 	New trial (rep=0, index=19): {'ImageFile': 'Stimuli/9425.jpg'}
753.1577 	EXP 	image_reg: autoDraw = False
753.1577 	EXP 	image_reg: autoDraw = False
753.1577 	EXP 	text_fixcross: autoDraw = True
757.8115 	EXP 	text_fixcross: autoDraw = False
757.8115 	EXP 	text_fixcross: autoDraw = False
757.8115 	EXP 	image_reg: image = 'Stimuli/9425.jpg'
757.8115 	EXP 	image_reg: autoDraw = True
763.8415 	EXP 	image_reg: autoDraw = False
763.8415 	EXP 	image_reg: autoDraw = False
763.8415 	EXP 	slider_arousal: markerPos = None
763.8415 	EXP 	slider_arousal: markerPos = None
763.8415 	EXP 	slider_arousal: rating = None
763.8415 	EXP 	text_slider_arousal: autoDraw = True
763.8415 	EXP 	slider_arousal: autoDraw = True
767.0924 	DATA 	Mouse: Left button down, pos=(682,301)
767.1060 	EXP 	slider_arousal: markerPos = 97.03703703703704
767.1227 	EXP 	slider_arousal: markerPos = 97.03703703703704
767.1393 	EXP 	slider_arousal: markerPos = 97.03703703703704
767.1561 	EXP 	slider_arousal: markerPos = 97.03703703703704
767.1651 	DATA 	Mouse:  Left button up, pos=(682,301)
767.1726 	EXP 	slider_arousal: markerPos = 97.03703703703704
767.1900 	EXP 	slider_arousal: markerPos = 97.03703703703704
767.1900 	EXP 	slider_arousal: rating = 97.03703703703704
767.2120 	EXP 	text_slider_arousal: autoDraw = False
767.2120 	EXP 	slider_arousal: autoDraw = False
767.2120 	EXP 	slider_effort: markerPos = None
767.2120 	EXP 	slider_effort: markerPos = None
767.2120 	EXP 	slider_effort: rating = None
767.2120 	EXP 	text_slider_effort: autoDraw = True
767.2120 	EXP 	slider_effort: autoDraw = True
772.8756 	DATA 	Mouse: Left button down, pos=(825,340)
772.8892 	EXP 	slider_effort: markerPos = 150.0
772.9060 	EXP 	slider_effort: markerPos = 150.0
772.9229 	EXP 	slider_effort: markerPos = 150.0
772.9393 	EXP 	slider_effort: markerPos = 150.0
772.9560 	EXP 	slider_effort: markerPos = 150.0
772.9649 	DATA 	Mouse:  Left button up, pos=(824,340)
772.9727 	EXP 	slider_effort: markerPos = 150.0
772.9901 	EXP 	slider_effort: markerPos = 150.0
772.9901 	EXP 	slider_effort: rating = 150.0
772.9943 	EXP 	New trial (rep=0, index=1): {'Block': 5, 'conds_reg_File': 'StimuliNegative.xlsx', 'n_reps': 1, 'TriggerBlockReg': 25, 'instr_1': 'UNTERDRÜCKEN', 'instr_2': 'Unterdrücken Sie alle aufkommenden Emotionen. Wenn Sie also die Bilder ansehen, verhalten Sie sich so, dass eine außenstehende Person nicht sehen kann, welche Emotionen Sie gerade empfinden.'}
773.0284 	EXP 	text_slider_effort: autoDraw = False
773.0284 	EXP 	slider_effort: autoDraw = False
773.0284 	EXP 	text_Instruction: text = 'UNTERDRÜCKEN\n\nIn diesem Block werden Sie eine Reihe von Bildern sehen. Diese sollen Sie aufmerksam ansehen.\nUnterdrücken Sie alle aufkommenden Emotionen. Wenn Sie also die Bilder ansehen, verhalten Sie sich so, dass eine außenstehende Person nicht sehen kann, welche Emotionen Sie gerade empfinden.\n\nBitte konzentrieren Sie Ihre Regulationsbemühungen nur auf das Bild, nicht aber auf die Zeiträume zwischen den Bildern.\n\nZum Starten des Blocks Leertaste dürcken'
773.0284 	EXP 	text_Instruction: autoDraw = True
781.5646 	DATA 	Keypress: space
781.6123 	EXP 	Imported StimuliNegative_3.xlsx as conditions, 20 conditions, 1 params
781.6128 	EXP 	Created sequence: random, trialTypes=20, nReps=1, seed=None
781.6131 	EXP 	New trial (rep=0, index=0): {'ImageFile': 'Stimuli/219.jpg'}
781.6202 	EXP 	text_Instruction: autoDraw = False
781.6202 	EXP 	text_fixcross: autoDraw = True
785.0626 	EXP 	text_fixcross: autoDraw = False
785.0626 	EXP 	text_fixcross: autoDraw = False
785.0626 	EXP 	image_reg: image = 'Stimuli/219.jpg'
785.0626 	EXP 	image_reg: autoDraw = True
791.0579 	EXP 	New trial (rep=0, index=1): {'ImageFile': 'Stimuli/254.jpg'}
791.0728 	EXP 	image_reg: autoDraw = False
791.0728 	EXP 	image_reg: autoDraw = False
791.0728 	EXP 	text_fixcross: autoDraw = True
794.7965 	EXP 	text_fixcross: autoDraw = False
794.7965 	EXP 	text_fixcross: autoDraw = False
794.7965 	EXP 	image_reg: image = 'Stimuli/254.jpg'
794.7965 	EXP 	image_reg: autoDraw = True
800.7936 	EXP 	New trial (rep=0, index=2): {'ImageFile': 'Stimuli/6555.jpg'}
800.8073 	EXP 	image_reg: autoDraw = False
800.8073 	EXP 	image_reg: autoDraw = False
800.8073 	EXP 	text_fixcross: autoDraw = True
804.7566 	EXP 	text_fixcross: autoDraw = False
804.7566 	EXP 	text_fixcross: autoDraw = False
804.7566 	EXP 	image_reg: image = 'Stimuli/6555.jpg'
804.7566 	EXP 	image_reg: autoDraw = True
810.7435 	EXP 	New trial (rep=0, index=3): {'ImageFile': 'Stimuli/253.jpg'}
810.7573 	EXP 	image_reg: autoDraw = False
810.7573 	EXP 	image_reg: autoDraw = False
810.7573 	EXP 	text_fixcross: autoDraw = True
814.0782 	EXP 	text_fixcross: autoDraw = False
814.0782 	EXP 	text_fixcross: autoDraw = False
814.0782 	EXP 	image_reg: image = 'Stimuli/253.jpg'
814.0782 	EXP 	image_reg: autoDraw = True
820.0768 	EXP 	New trial (rep=0, index=4): {'ImageFile': 'Stimuli/6242.jpg'}
820.0906 	EXP 	image_reg: autoDraw = False
820.0906 	EXP 	image_reg: autoDraw = False
820.0906 	EXP 	text_fixcross: autoDraw = True
823.7462 	EXP 	text_fixcross: autoDraw = False
823.7462 	EXP 	text_fixcross: autoDraw = False
823.7462 	EXP 	image_reg: image = 'Stimuli/6242.jpg'
823.7462 	EXP 	image_reg: autoDraw = True
829.7434 	EXP 	New trial (rep=0, index=5): {'ImageFile': 'Stimuli/9340.jpg'}
829.7573 	EXP 	image_reg: autoDraw = False
829.7573 	EXP 	image_reg: autoDraw = False
829.7573 	EXP 	text_fixcross: autoDraw = True
833.6109 	EXP 	text_fixcross: autoDraw = False
833.6109 	EXP 	text_fixcross: autoDraw = False
833.6109 	EXP 	image_reg: image = 'Stimuli/9340.jpg'
833.6109 	EXP 	image_reg: autoDraw = True
839.6104 	EXP 	New trial (rep=0, index=6): {'ImageFile': 'Stimuli/6940.jpg'}
839.6242 	EXP 	image_reg: autoDraw = False
839.6242 	EXP 	image_reg: autoDraw = False
839.6242 	EXP 	text_fixcross: autoDraw = True
844.4743 	EXP 	text_fixcross: autoDraw = False
844.4743 	EXP 	text_fixcross: autoDraw = False
844.4743 	EXP 	image_reg: image = 'Stimuli/6940.jpg'
844.4743 	EXP 	image_reg: autoDraw = True
850.4767 	EXP 	New trial (rep=0, index=7): {'ImageFile': 'Stimuli/9409.jpg'}
850.4906 	EXP 	image_reg: autoDraw = False
850.4906 	EXP 	image_reg: autoDraw = False
850.4906 	EXP 	text_fixcross: autoDraw = True
855.4375 	EXP 	text_fixcross: autoDraw = False
855.4375 	EXP 	text_fixcross: autoDraw = False
855.4375 	EXP 	image_reg: image = 'Stimuli/9409.jpg'
855.4375 	EXP 	image_reg: autoDraw = True
861.4269 	EXP 	New trial (rep=0, index=8): {'ImageFile': 'Stimuli/8230.jpg'}
861.4409 	EXP 	image_reg: autoDraw = False
861.4409 	EXP 	image_reg: autoDraw = False
861.4409 	EXP 	text_fixcross: autoDraw = True
865.0915 	EXP 	text_fixcross: autoDraw = False
865.0915 	EXP 	text_fixcross: autoDraw = False
865.0915 	EXP 	image_reg: image = 'Stimuli/8230.jpg'
865.0915 	EXP 	image_reg: autoDraw = True
871.0936 	EXP 	New trial (rep=0, index=9): {'ImageFile': 'Stimuli/9800.jpg'}
871.1074 	EXP 	image_reg: autoDraw = False
871.1074 	EXP 	image_reg: autoDraw = False
871.1074 	EXP 	text_fixcross: autoDraw = True
875.4647 	EXP 	text_fixcross: autoDraw = False
875.4647 	EXP 	text_fixcross: autoDraw = False
875.4647 	EXP 	image_reg: image = 'Stimuli/9800.jpg'
875.4647 	EXP 	image_reg: autoDraw = True
881.4602 	EXP 	New trial (rep=0, index=10): {'ImageFile': 'Stimuli/326.jpg'}
881.4741 	EXP 	image_reg: autoDraw = False
881.4741 	EXP 	image_reg: autoDraw = False
881.4741 	EXP 	text_fixcross: autoDraw = True
886.0232 	EXP 	text_fixcross: autoDraw = False
886.0232 	EXP 	text_fixcross: autoDraw = False
886.0232 	EXP 	image_reg: image = 'Stimuli/326.jpg'
886.0232 	EXP 	image_reg: autoDraw = True
892.0102 	EXP 	New trial (rep=0, index=11): {'ImageFile': 'Stimuli/226.jpg'}
892.0243 	EXP 	image_reg: autoDraw = False
892.0243 	EXP 	image_reg: autoDraw = False
892.0243 	EXP 	text_fixcross: autoDraw = True
895.6627 	EXP 	text_fixcross: autoDraw = False
895.6627 	EXP 	text_fixcross: autoDraw = False
895.6627 	EXP 	image_reg: image = 'Stimuli/226.jpg'
895.6627 	EXP 	image_reg: autoDraw = True
901.6602 	EXP 	New trial (rep=0, index=12): {'ImageFile': 'Stimuli/6825.jpg'}
901.6740 	EXP 	image_reg: autoDraw = False
901.6740 	EXP 	image_reg: autoDraw = False
901.6740 	EXP 	text_fixcross: autoDraw = True
906.4323 	EXP 	text_fixcross: autoDraw = False
906.4323 	EXP 	text_fixcross: autoDraw = False
906.4323 	EXP 	image_reg: image = 'Stimuli/6825.jpg'
906.4323 	EXP 	image_reg: autoDraw = True
912.4267 	EXP 	New trial (rep=0, index=13): {'ImageFile': 'Stimuli/1301.jpg'}
912.4406 	EXP 	image_reg: autoDraw = False
912.4406 	EXP 	image_reg: autoDraw = False
912.4406 	EXP 	text_fixcross: autoDraw = True
916.4741 	EXP 	text_fixcross: autoDraw = False
916.4741 	EXP 	text_fixcross: autoDraw = False
916.4741 	EXP 	image_reg: image = 'Stimuli/1301.jpg'
916.4741 	EXP 	image_reg: autoDraw = True
922.4767 	EXP 	New trial (rep=0, index=14): {'ImageFile': 'Stimuli/9041.jpg'}
922.4907 	EXP 	image_reg: autoDraw = False
922.4907 	EXP 	image_reg: autoDraw = False
922.4907 	EXP 	text_fixcross: autoDraw = True
927.0452 	EXP 	text_fixcross: autoDraw = False
927.0452 	EXP 	text_fixcross: autoDraw = False
927.0452 	EXP 	image_reg: image = 'Stimuli/9041.jpg'
927.0452 	EXP 	image_reg: autoDraw = True
933.0435 	EXP 	New trial (rep=0, index=15): {'ImageFile': 'Stimuli/3350.jpg'}
933.0573 	EXP 	image_reg: autoDraw = False
933.0573 	EXP 	image_reg: autoDraw = False
933.0573 	EXP 	text_fixcross: autoDraw = True
938.1064 	EXP 	text_fixcross: autoDraw = False
938.1064 	EXP 	text_fixcross: autoDraw = False
938.1064 	EXP 	image_reg: image = 'Stimuli/3350.jpg'
938.1064 	EXP 	image_reg: autoDraw = True
944.0935 	EXP 	New trial (rep=0, index=16): {'ImageFile': 'Stimuli/9140.jpg'}
944.1074 	EXP 	image_reg: autoDraw = False
944.1074 	EXP 	image_reg: autoDraw = False
944.1074 	EXP 	text_fixcross: autoDraw = True
947.2509 	EXP 	text_fixcross: autoDraw = False
947.2509 	EXP 	text_fixcross: autoDraw = False
947.2509 	EXP 	image_reg: image = 'Stimuli/9140.jpg'
947.2509 	EXP 	image_reg: autoDraw = True
953.2435 	EXP 	New trial (rep=0, index=17): {'ImageFile': 'Stimuli/6410.jpg'}
953.2573 	EXP 	image_reg: autoDraw = False
953.2573 	EXP 	image_reg: autoDraw = False
953.2573 	EXP 	text_fixcross: autoDraw = True
957.5886 	EXP 	text_fixcross: autoDraw = False
957.5886 	EXP 	text_fixcross: autoDraw = False
957.5886 	EXP 	image_reg: image = 'Stimuli/6410.jpg'
957.5886 	EXP 	image_reg: autoDraw = True
963.5773 	EXP 	New trial (rep=0, index=18): {'ImageFile': 'Stimuli/208.jpg'}
963.5914 	EXP 	image_reg: autoDraw = False
963.5914 	EXP 	image_reg: autoDraw = False
963.5914 	EXP 	text_fixcross: autoDraw = True
967.4396 	EXP 	text_fixcross: autoDraw = False
967.4396 	EXP 	text_fixcross: autoDraw = False
967.4396 	EXP 	image_reg: image = 'Stimuli/208.jpg'
967.4396 	EXP 	image_reg: autoDraw = True
973.4269 	EXP 	New trial (rep=0, index=19): {'ImageFile': 'Stimuli/9570.jpg'}
973.4407 	EXP 	image_reg: autoDraw = False
973.4407 	EXP 	image_reg: autoDraw = False
973.4407 	EXP 	text_fixcross: autoDraw = True
978.3050 	EXP 	text_fixcross: autoDraw = False
978.3050 	EXP 	text_fixcross: autoDraw = False
978.3050 	EXP 	image_reg: image = 'Stimuli/9570.jpg'
978.3050 	EXP 	image_reg: autoDraw = True
984.3251 	EXP 	image_reg: autoDraw = False
984.3251 	EXP 	image_reg: autoDraw = False
984.3251 	EXP 	slider_arousal: markerPos = None
984.3251 	EXP 	slider_arousal: markerPos = None
984.3251 	EXP 	slider_arousal: rating = None
984.3251 	EXP 	text_slider_arousal: autoDraw = True
984.3251 	EXP 	slider_arousal: autoDraw = True
989.6919 	DATA 	Mouse: Left button down, pos=(1087,325)
989.7054 	EXP 	slider_arousal: markerPos = 247.03703703703704
989.7219 	EXP 	slider_arousal: markerPos = 247.03703703703704
989.7386 	EXP 	slider_arousal: markerPos = 247.03703703703704
989.7553 	EXP 	slider_arousal: markerPos = 247.03703703703704
989.7722 	EXP 	slider_arousal: markerPos = 247.03703703703704
989.7754 	DATA 	Mouse:  Left button up, pos=(1087,325)
989.7892 	EXP 	slider_arousal: markerPos = 247.03703703703704
989.7892 	EXP 	slider_arousal: rating = 247.03703703703704
989.8108 	EXP 	text_slider_arousal: autoDraw = False
989.8108 	EXP 	slider_arousal: autoDraw = False
989.8108 	EXP 	slider_effort: markerPos = None
989.8108 	EXP 	slider_effort: markerPos = None
989.8108 	EXP 	slider_effort: rating = None
989.8108 	EXP 	text_slider_effort: autoDraw = True
989.8108 	EXP 	slider_effort: autoDraw = True
992.5423 	DATA 	Mouse: Left button down, pos=(1105,327)
992.5556 	EXP 	slider_effort: markerPos = 253.70370370370372
992.5725 	EXP 	slider_effort: markerPos = 253.70370370370372
992.5892 	EXP 	slider_effort: markerPos = 253.70370370370372
992.6057 	EXP 	slider_effort: markerPos = 253.70370370370372
992.6224 	EXP 	slider_effort: markerPos = 253.70370370370372
992.6389 	EXP 	slider_effort: markerPos = 253.70370370370372
992.6422 	DATA 	Mouse:  Left button up, pos=(1105,327)
992.6566 	EXP 	slider_effort: markerPos = 253.70370370370372
992.6566 	EXP 	slider_effort: rating = 253.70370370370372
992.6608 	EXP 	New trial (rep=0, index=2): {'Block': 4, 'conds_reg_File': 'StimuliNegative.xlsx', 'n_reps': 1, 'TriggerBlockReg': 24, 'instr_1': 'DISTANZIEREN', 'instr_2': 'Nehmen Sie die Position eines uninvolvierten Beobachters ein. Denken Sie über das Bild in einer neutralen Weise nach.'}
992.6854 	EXP 	text_slider_effort: autoDraw = False
992.6854 	EXP 	slider_effort: autoDraw = False
992.6854 	EXP 	text_Instruction: text = 'DISTANZIEREN\n\nIn diesem Block werden Sie eine Reihe von Bildern sehen. Diese sollen Sie aufmerksam ansehen.\nNehmen Sie die Position eines uninvolvierten Beobachters ein. Denken Sie über das Bild in einer neutralen Weise nach.\n\nBitte konzentrieren Sie Ihre Regulationsbemühungen nur auf das Bild, nicht aber auf die Zeiträume zwischen den Bildern.\n\nZum Starten des Blocks Leertaste dürcken'
992.6854 	EXP 	text_Instruction: autoDraw = True
1002.6589 	EXP 	Imported StimuliNegative_2.xlsx as conditions, 20 conditions, 1 params
1002.6595 	EXP 	Created sequence: random, trialTypes=20, nReps=1, seed=None
1002.6598 	EXP 	New trial (rep=0, index=0): {'ImageFile': 'Stimuli/9145.jpg'}
1002.6629 	DATA 	Keypress: space
1002.6667 	EXP 	text_Instruction: autoDraw = False
1002.6667 	EXP 	text_fixcross: autoDraw = True
1005.7251 	EXP 	text_fixcross: autoDraw = False
1005.7251 	EXP 	text_fixcross: autoDraw = False
1005.7251 	EXP 	image_reg: image = 'Stimuli/9145.jpg'
1005.7251 	EXP 	image_reg: autoDraw = True
1011.7275 	EXP 	New trial (rep=0, index=1): {'ImageFile': 'Stimuli/9160.jpg'}
1011.7409 	EXP 	image_reg: autoDraw = False
1011.7409 	EXP 	image_reg: autoDraw = False
1011.7409 	EXP 	text_fixcross: autoDraw = True
1016.5023 	EXP 	text_fixcross: autoDraw = False
1016.5023 	EXP 	text_fixcross: autoDraw = False
1016.5023 	EXP 	image_reg: image = 'Stimuli/9160.jpg'
1016.5023 	EXP 	image_reg: autoDraw = True
1022.4935 	EXP 	New trial (rep=0, index=2): {'ImageFile': 'Stimuli/9040.jpg'}
1022.5074 	EXP 	image_reg: autoDraw = False
1022.5074 	EXP 	image_reg: autoDraw = False
1022.5074 	EXP 	text_fixcross: autoDraw = True
1025.8603 	EXP 	text_fixcross: autoDraw = False
1025.8603 	EXP 	text_fixcross: autoDraw = False
1025.8603 	EXP 	image_reg: image = 'Stimuli/9040.jpg'
1025.8603 	EXP 	image_reg: autoDraw = True
1031.8601 	EXP 	New trial (rep=0, index=3): {'ImageFile': 'Stimuli/210.jpg'}
1031.8739 	EXP 	image_reg: autoDraw = False
1031.8739 	EXP 	image_reg: autoDraw = False
1031.8739 	EXP 	text_fixcross: autoDraw = True
1035.5001 	EXP 	text_fixcross: autoDraw = False
1035.5001 	EXP 	text_fixcross: autoDraw = False
1035.5001 	EXP 	image_reg: image = 'Stimuli/210.jpg'
1035.5001 	EXP 	image_reg: autoDraw = True
1041.4935 	EXP 	New trial (rep=0, index=4): {'ImageFile': 'Stimuli/3301.jpg'}
1041.5073 	EXP 	image_reg: autoDraw = False
1041.5073 	EXP 	image_reg: autoDraw = False
1041.5073 	EXP 	text_fixcross: autoDraw = True
1045.5661 	EXP 	text_fixcross: autoDraw = False
1045.5661 	EXP 	text_fixcross: autoDraw = False
1045.5661 	EXP 	image_reg: image = 'Stimuli/3301.jpg'
1045.5661 	EXP 	image_reg: autoDraw = True
1051.5600 	EXP 	New trial (rep=0, index=5): {'ImageFile': 'Stimuli/251.jpg'}
1051.5740 	EXP 	image_reg: autoDraw = False
1051.5740 	EXP 	image_reg: autoDraw = False
1051.5740 	EXP 	text_fixcross: autoDraw = True
1056.3230 	EXP 	text_fixcross: autoDraw = False
1056.3230 	EXP 	text_fixcross: autoDraw = False
1056.3230 	EXP 	image_reg: image = 'Stimuli/251.jpg'
1056.3230 	EXP 	image_reg: autoDraw = True
1062.3098 	EXP 	New trial (rep=0, index=6): {'ImageFile': 'Stimuli/228.jpg'}
1062.3240 	EXP 	image_reg: autoDraw = False
1062.3240 	EXP 	image_reg: autoDraw = False
1062.3240 	EXP 	text_fixcross: autoDraw = True
1066.5705 	EXP 	text_fixcross: autoDraw = False
1066.5705 	EXP 	text_fixcross: autoDraw = False
1066.5705 	EXP 	image_reg: image = 'Stimuli/228.jpg'
1066.5705 	EXP 	image_reg: autoDraw = True
1072.5602 	EXP 	New trial (rep=0, index=7): {'ImageFile': 'Stimuli/3185.jpg'}
1072.5743 	EXP 	image_reg: autoDraw = False
1072.5743 	EXP 	image_reg: autoDraw = False
1072.5743 	EXP 	text_fixcross: autoDraw = True
1077.6318 	EXP 	text_fixcross: autoDraw = False
1077.6318 	EXP 	text_fixcross: autoDraw = False
1077.6318 	EXP 	image_reg: image = 'Stimuli/3185.jpg'
1077.6318 	EXP 	image_reg: autoDraw = True
1083.6268 	EXP 	New trial (rep=0, index=8): {'ImageFile': 'Stimuli/246.jpg'}
1083.6406 	EXP 	image_reg: autoDraw = False
1083.6406 	EXP 	image_reg: autoDraw = False
1083.6406 	EXP 	text_fixcross: autoDraw = True
1086.7881 	EXP 	text_fixcross: autoDraw = False
1086.7881 	EXP 	text_fixcross: autoDraw = False
1086.7881 	EXP 	image_reg: image = 'Stimuli/246.jpg'
1086.7881 	EXP 	image_reg: autoDraw = True
1092.7767 	EXP 	New trial (rep=0, index=9): {'ImageFile': 'Stimuli/3051.jpg'}
1092.7906 	EXP 	image_reg: autoDraw = False
1092.7906 	EXP 	image_reg: autoDraw = False
1092.7906 	EXP 	text_fixcross: autoDraw = True
1096.7408 	EXP 	text_fixcross: autoDraw = False
1096.7408 	EXP 	text_fixcross: autoDraw = False
1096.7408 	EXP 	image_reg: image = 'Stimuli/3051.jpg'
1096.7408 	EXP 	image_reg: autoDraw = True
1102.7434 	EXP 	New trial (rep=0, index=10): {'ImageFile': 'Stimuli/218.jpg'}
1102.7573 	EXP 	image_reg: autoDraw = False
1102.7573 	EXP 	image_reg: autoDraw = False
1102.7573 	EXP 	text_fixcross: autoDraw = True
1106.2872 	EXP 	text_fixcross: autoDraw = False
1106.2872 	EXP 	text_fixcross: autoDraw = False
1106.2872 	EXP 	image_reg: image = 'Stimuli/218.jpg'
1106.2872 	EXP 	image_reg: autoDraw = True
1112.2767 	EXP 	New trial (rep=0, index=11): {'ImageFile': 'Stimuli/9904.jpg'}
1112.2906 	EXP 	image_reg: autoDraw = False
1112.2906 	EXP 	image_reg: autoDraw = False
1112.2906 	EXP 	text_fixcross: autoDraw = True
1116.2468 	EXP 	text_fixcross: autoDraw = False
1116.2468 	EXP 	text_fixcross: autoDraw = False
1116.2468 	EXP 	image_reg: image = 'Stimuli/9904.jpg'
1116.2468 	EXP 	image_reg: autoDraw = True
1122.2435 	EXP 	New trial (rep=0, index=12): {'ImageFile': 'Stimuli/6562.jpg'}
1122.2577 	EXP 	image_reg: autoDraw = False
1122.2577 	EXP 	image_reg: autoDraw = False
1122.2577 	EXP 	text_fixcross: autoDraw = True
1126.5155 	EXP 	text_fixcross: autoDraw = False
1126.5155 	EXP 	text_fixcross: autoDraw = False
1126.5155 	EXP 	image_reg: image = 'Stimuli/6562.jpg'
1126.5155 	EXP 	image_reg: autoDraw = True
1132.5102 	EXP 	New trial (rep=0, index=13): {'ImageFile': 'Stimuli/9042.jpg'}
1132.5242 	EXP 	image_reg: autoDraw = False
1132.5242 	EXP 	image_reg: autoDraw = False
1132.5242 	EXP 	text_fixcross: autoDraw = True
1137.4680 	EXP 	text_fixcross: autoDraw = False
1137.4680 	EXP 	text_fixcross: autoDraw = False
1137.4680 	EXP 	image_reg: image = 'Stimuli/9042.jpg'
1137.4680 	EXP 	image_reg: autoDraw = True
1143.4601 	EXP 	New trial (rep=0, index=14): {'ImageFile': 'Stimuli/9184.jpg'}
1143.4740 	EXP 	image_reg: autoDraw = False
1143.4740 	EXP 	image_reg: autoDraw = False
1143.4740 	EXP 	text_fixcross: autoDraw = True
1148.0213 	EXP 	text_fixcross: autoDraw = False
1148.0213 	EXP 	text_fixcross: autoDraw = False
1148.0213 	EXP 	image_reg: image = 'Stimuli/9184.jpg'
1148.0213 	EXP 	image_reg: autoDraw = True
1154.0100 	EXP 	New trial (rep=0, index=15): {'ImageFile': 'Stimuli/9031.jpg'}
1154.0239 	EXP 	image_reg: autoDraw = False
1154.0239 	EXP 	image_reg: autoDraw = False
1154.0239 	EXP 	text_fixcross: autoDraw = True
1158.0539 	EXP 	text_fixcross: autoDraw = False
1158.0539 	EXP 	text_fixcross: autoDraw = False
1158.0539 	EXP 	image_reg: image = 'Stimuli/9031.jpg'
1158.0539 	EXP 	image_reg: autoDraw = True
1164.0436 	EXP 	New trial (rep=0, index=16): {'ImageFile': 'Stimuli/2703.jpg'}
1164.0576 	EXP 	image_reg: autoDraw = False
1164.0576 	EXP 	image_reg: autoDraw = False
1164.0576 	EXP 	text_fixcross: autoDraw = True
1168.8160 	EXP 	text_fixcross: autoDraw = False
1168.8160 	EXP 	text_fixcross: autoDraw = False
1168.8160 	EXP 	image_reg: image = 'Stimuli/2703.jpg'
1168.8160 	EXP 	image_reg: autoDraw = True
1174.8102 	EXP 	New trial (rep=0, index=17): {'ImageFile': 'Stimuli/222.jpg'}
1174.8242 	EXP 	image_reg: autoDraw = False
1174.8242 	EXP 	image_reg: autoDraw = False
1174.8242 	EXP 	text_fixcross: autoDraw = True
1178.9809 	EXP 	text_fixcross: autoDraw = False
1178.9809 	EXP 	text_fixcross: autoDraw = False
1178.9809 	EXP 	image_reg: image = 'Stimuli/222.jpg'
1178.9809 	EXP 	image_reg: autoDraw = True
1184.9767 	EXP 	New trial (rep=0, index=18): {'ImageFile': 'Stimuli/3160.jpg'}
1184.9906 	EXP 	image_reg: autoDraw = False
1184.9906 	EXP 	image_reg: autoDraw = False
1184.9906 	EXP 	text_fixcross: autoDraw = True
1188.9345 	EXP 	text_fixcross: autoDraw = False
1188.9345 	EXP 	text_fixcross: autoDraw = False
1188.9345 	EXP 	image_reg: image = 'Stimuli/3160.jpg'
1188.9345 	EXP 	image_reg: autoDraw = True
1194.9267 	EXP 	New trial (rep=0, index=19): {'ImageFile': 'Stimuli/9043.jpg'}
1194.9406 	EXP 	image_reg: autoDraw = False
1194.9406 	EXP 	image_reg: autoDraw = False
1194.9406 	EXP 	text_fixcross: autoDraw = True
1199.8121 	EXP 	text_fixcross: autoDraw = False
1199.8121 	EXP 	text_fixcross: autoDraw = False
1199.8121 	EXP 	image_reg: image = 'Stimuli/9043.jpg'
1199.8121 	EXP 	image_reg: autoDraw = True
1205.8416 	EXP 	image_reg: autoDraw = False
1205.8416 	EXP 	image_reg: autoDraw = False
1205.8416 	EXP 	slider_arousal: markerPos = None
1205.8416 	EXP 	slider_arousal: markerPos = None
1205.8416 	EXP 	slider_arousal: rating = None
1205.8416 	EXP 	text_slider_arousal: autoDraw = True
1205.8416 	EXP 	slider_arousal: autoDraw = True
1209.7089 	DATA 	Mouse: Left button down, pos=(866,325)
1209.7228 	EXP 	slider_arousal: markerPos = 165.1851851851852
1209.7392 	EXP 	slider_arousal: markerPos = 165.1851851851852
1209.7556 	EXP 	slider_arousal: markerPos = 165.1851851851852
1209.7723 	EXP 	slider_arousal: markerPos = 165.1851851851852
1209.7889 	EXP 	slider_arousal: markerPos = 165.1851851851852
1209.7973 	DATA 	Mouse:  Left button up, pos=(866,325)
1209.8056 	EXP 	slider_arousal: markerPos = 165.1851851851852
1209.8232 	EXP 	slider_arousal: markerPos = 165.1851851851852
1209.8232 	EXP 	slider_arousal: rating = 165.1851851851852
1209.8452 	EXP 	text_slider_arousal: autoDraw = False
1209.8452 	EXP 	slider_arousal: autoDraw = False
1209.8452 	EXP 	slider_effort: markerPos = None
1209.8452 	EXP 	slider_effort: markerPos = None
1209.8452 	EXP 	slider_effort: rating = None
1209.8452 	EXP 	text_slider_effort: autoDraw = True
1209.8452 	EXP 	slider_effort: autoDraw = True
1211.8421 	DATA 	Mouse: Left button down, pos=(802,326)
1211.8556 	EXP 	slider_effort: markerPos = 141.4814814814815
1211.8723 	EXP 	slider_effort: markerPos = 141.4814814814815
1211.8888 	EXP 	slider_effort: markerPos = 141.4814814814815
1211.8922 	DATA 	Mouse:  Left button up, pos=(802,326)
1211.9060 	EXP 	slider_effort: markerPos = 141.4814814814815
1211.9060 	EXP 	slider_effort: rating = 141.4814814814815
1211.9221 	EXP 	text_slider_effort: autoDraw = False
1211.9221 	EXP 	slider_effort: autoDraw = False
1211.9221 	EXP 	text_EDinstruction: autoDraw = True
1226.0312 	DATA 	Keypress: space
1226.0694 	EXP 	Imported Moneyvalues.xlsx as conditions, 7 conditions, 1 params
1226.0702 	EXP 	Created sequence: sequential, trialTypes=7, nReps=1, seed=None
1226.0707 	EXP 	New trial (rep=0, index=0): {'Currentstep': 0}
1226.0785 	EXP 	text_EDinstruction: autoDraw = False
1226.0785 	EXP 	EDbufferscreen: autoDraw = True
1226.4605 	EXP 	EDbufferscreen: autoDraw = False
1226.4605 	EXP 	question: autoDraw = True
1231.5126 	DATA 	Mouse: Left button down, pos=(1185,336)
1231.5254 	EXP 	New trial (rep=0, index=1): {'Currentstep': 1}
1231.5598 	EXP 	question: autoDraw = False
1231.5598 	EXP 	EDbufferscreen: autoDraw = False
1231.5598 	EXP 	question: autoDraw = True
1231.5895 	DATA 	Mouse:  Left button up, pos=(1185,336)
1239.8958 	DATA 	Mouse: Left button down, pos=(1086,350)
1239.9085 	EXP 	New trial (rep=0, index=2): {'Currentstep': 2}
1239.9264 	EXP 	question: autoDraw = False
1239.9264 	EXP 	EDbufferscreen: autoDraw = False
1239.9264 	EXP 	question: autoDraw = True
1239.9951 	DATA 	Mouse:  Left button up, pos=(1086,350)
1241.1555 	DATA 	Mouse: Left button down, pos=(791,366)
1241.1584 	EXP 	New trial (rep=0, index=3): {'Currentstep': 3}
1241.1757 	EXP 	question: autoDraw = False
1241.1757 	EXP 	EDbufferscreen: autoDraw = False
1241.1757 	EXP 	question: autoDraw = True
1241.3556 	DATA 	Mouse:  Left button up, pos=(791,366)
1242.8958 	DATA 	Mouse: Left button down, pos=(791,363)
1242.9085 	EXP 	New trial (rep=0, index=4): {'Currentstep': 4}
1242.9266 	EXP 	question: autoDraw = False
1242.9266 	EXP 	EDbufferscreen: autoDraw = False
1242.9266 	EXP 	question: autoDraw = True
1243.0118 	DATA 	Mouse:  Left button up, pos=(791,363)
1243.8554 	DATA 	Mouse: Left button down, pos=(791,363)
1243.8583 	EXP 	New trial (rep=0, index=5): {'Currentstep': 5}
1243.8774 	EXP 	question: autoDraw = False
1243.8774 	EXP 	EDbufferscreen: autoDraw = False
1243.8774 	EXP 	question: autoDraw = True
1243.9390 	DATA 	Mouse:  Left button up, pos=(791,363)
1244.6723 	DATA 	Mouse: Left button down, pos=(791,363)
1244.6751 	EXP 	New trial (rep=0, index=6): {'Currentstep': 6}
1244.6909 	EXP 	question: autoDraw = False
1244.6909 	EXP 	EDbufferscreen: autoDraw = False
1244.6909 	EXP 	question: autoDraw = True
1244.7722 	DATA 	Mouse:  Left button up, pos=(791,363)
1245.8055 	DATA 	Mouse: Left button down, pos=(791,363)
1245.8129 	EXP 	Imported Moneyvalues.xlsx as conditions, 7 conditions, 1 params
1245.8132 	EXP 	Created sequence: sequential, trialTypes=7, nReps=1, seed=None
1245.8134 	EXP 	New trial (rep=0, index=0): {'Currentstep': 0}
1245.8239 	EXP 	question: autoDraw = False
1245.8239 	EXP 	EDbufferscreen: autoDraw = False
1245.8239 	EXP 	EDbufferscreen: autoDraw = True
1245.8931 	DATA 	Mouse:  Left button up, pos=(791,363)
1246.1549 	EXP 	EDbufferscreen: autoDraw = False
1246.1549 	EXP 	question: autoDraw = True
1249.2460 	DATA 	Mouse: Left button down, pos=(1172,342)
1249.2589 	EXP 	New trial (rep=0, index=1): {'Currentstep': 1}
1249.2743 	EXP 	question: autoDraw = False
1249.2743 	EXP 	EDbufferscreen: autoDraw = False
1249.2743 	EXP 	question: autoDraw = True
1249.3221 	DATA 	Mouse:  Left button up, pos=(1172,342)
1253.1890 	DATA 	Mouse: Left button down, pos=(1153,338)
1253.1920 	EXP 	New trial (rep=0, index=2): {'Currentstep': 2}
1253.2076 	EXP 	question: autoDraw = False
1253.2076 	EXP 	EDbufferscreen: autoDraw = False
1253.2076 	EXP 	question: autoDraw = True
1253.3223 	DATA 	Mouse:  Left button up, pos=(1153,338)
1255.4619 	DATA 	Mouse: Left button down, pos=(822,340)
1255.4752 	EXP 	New trial (rep=0, index=3): {'Currentstep': 3}
1255.5021 	EXP 	question: autoDraw = False
1255.5021 	EXP 	EDbufferscreen: autoDraw = False
1255.5021 	EXP 	question: autoDraw = True
1255.5890 	DATA 	Mouse:  Left button up, pos=(822,340)
1256.1554 	DATA 	Mouse: Left button down, pos=(1124,354)
1256.1582 	EXP 	New trial (rep=0, index=4): {'Currentstep': 4}
1256.1790 	EXP 	question: autoDraw = False
1256.1790 	EXP 	EDbufferscreen: autoDraw = False
1256.1790 	EXP 	question: autoDraw = True
1256.2784 	DATA 	Mouse:  Left button up, pos=(1124,354)
1257.2783 	DATA 	Mouse: Left button down, pos=(1121,354)
1257.2916 	EXP 	New trial (rep=0, index=5): {'Currentstep': 5}
1257.3073 	EXP 	question: autoDraw = False
1257.3073 	EXP 	EDbufferscreen: autoDraw = False
1257.3073 	EXP 	question: autoDraw = True
1257.3890 	DATA 	Mouse:  Left button up, pos=(1121,354)
1257.8955 	DATA 	Mouse: Left button down, pos=(1121,354)
1257.9084 	EXP 	New trial (rep=0, index=6): {'Currentstep': 6}
1257.9259 	EXP 	question: autoDraw = False
1257.9259 	EXP 	EDbufferscreen: autoDraw = False
1257.9259 	EXP 	question: autoDraw = True
1257.9786 	DATA 	Mouse:  Left button up, pos=(1121,354)
1259.1389 	DATA 	Mouse: Left button down, pos=(749,360)
1259.1464 	EXP 	Imported Moneyvalues.xlsx as conditions, 7 conditions, 1 params
1259.1467 	EXP 	Created sequence: sequential, trialTypes=7, nReps=1, seed=None
1259.1469 	EXP 	New trial (rep=0, index=0): {'Currentstep': 0}
1259.1571 	EXP 	question: autoDraw = False
1259.1571 	EXP 	EDbufferscreen: autoDraw = False
1259.1571 	EXP 	EDbufferscreen: autoDraw = True
1259.2441 	DATA 	Mouse:  Left button up, pos=(749,360)
1259.4802 	EXP 	EDbufferscreen: autoDraw = False
1259.4802 	EXP 	question: autoDraw = True
1262.9723 	DATA 	Mouse: Left button down, pos=(1179,347)
1262.9754 	EXP 	New trial (rep=0, index=1): {'Currentstep': 1}
1262.9909 	EXP 	question: autoDraw = False
1262.9909 	EXP 	EDbufferscreen: autoDraw = False
1262.9909 	EXP 	question: autoDraw = True
1263.0618 	DATA 	Mouse:  Left button up, pos=(1179,347)
1264.5555 	DATA 	Mouse: Left button down, pos=(1179,347)
1264.5590 	EXP 	New trial (rep=0, index=2): {'Currentstep': 2}
1264.5854 	EXP 	question: autoDraw = False
1264.5854 	EXP 	EDbufferscreen: autoDraw = False
1264.5854 	EXP 	question: autoDraw = True
1264.7055 	DATA 	Mouse:  Left button up, pos=(1179,347)
1265.4223 	DATA 	Mouse: Left button down, pos=(1179,347)
1265.4252 	EXP 	New trial (rep=0, index=3): {'Currentstep': 3}
1265.4406 	EXP 	question: autoDraw = False
1265.4406 	EXP 	EDbufferscreen: autoDraw = False
1265.4406 	EXP 	question: autoDraw = True
1265.5721 	DATA 	Mouse:  Left button up, pos=(1179,347)
1266.4058 	DATA 	Mouse: Left button down, pos=(1179,347)
1266.4087 	EXP 	New trial (rep=0, index=4): {'Currentstep': 4}
1266.4246 	EXP 	question: autoDraw = False
1266.4246 	EXP 	EDbufferscreen: autoDraw = False
1266.4246 	EXP 	question: autoDraw = True
1266.5554 	DATA 	Mouse:  Left button up, pos=(1179,347)
1267.2223 	DATA 	Mouse: Left button down, pos=(1155,345)
1267.2252 	EXP 	New trial (rep=0, index=5): {'Currentstep': 5}
1267.2409 	EXP 	question: autoDraw = False
1267.2409 	EXP 	EDbufferscreen: autoDraw = False
1267.2409 	EXP 	question: autoDraw = True
1267.3554 	DATA 	Mouse:  Left button up, pos=(1155,345)
1267.8118 	DATA 	Mouse: Left button down, pos=(1155,345)
1267.8251 	EXP 	New trial (rep=0, index=6): {'Currentstep': 6}
1267.8408 	EXP 	question: autoDraw = False
1267.8408 	EXP 	EDbufferscreen: autoDraw = False
1267.8408 	EXP 	question: autoDraw = True
1267.9222 	DATA 	Mouse:  Left button up, pos=(1155,345)
1268.4120 	DATA 	Mouse: Left button down, pos=(1155,345)
1268.4388 	EXP 	question: autoDraw = False
1268.4388 	EXP 	EDbufferscreen: autoDraw = False
1268.4388 	EXP 	text_choice: autoDraw = True
1268.5265 	DATA 	Mouse:  Left button up, pos=(1155,345)
1282.5120 	DATA 	Keypress: 3
1282.5488 	EXP 	text_choice: autoDraw = False
1282.5488 	EXP 	text_instr_choice: text = 'UNTERDRÜCKEN\n\nIn diesem Block werden Sie eine Reihe von Bildern sehen. Diese sollen Sie aufmerksam ansehen.\nUnterdrücken Sie alle aufkommenden Emotionen. Wenn Sie also die Bilder ansehen, verhalten Sie sich so, dass eine außenstehende Person nicht sehen kann, welche Emotionen Sie gerade empfinden.\n\nBitte konzentrieren Sie Ihre Regulationsbemühungen nur auf das Bild, nicht aber auf die Zeiträume zwischen den Bildern.\n\nZum Starten des Blocks Leertaste dürcken'
1282.5488 	EXP 	text_instr_choice: autoDraw = True
1289.9846 	DATA 	Mouse: Left button down, pos=(1158,292)
1290.1146 	DATA 	Mouse:  Left button up, pos=(1158,292)
1291.2911 	DATA 	Keypress: space
1291.3178 	EXP 	Imported StimuliNegative_5.xlsx as conditions, 20 conditions, 1 params
1291.3182 	EXP 	Created sequence: random, trialTypes=20, nReps=1, seed=None
1291.3184 	EXP 	New trial (rep=0, index=0): {'ImageFile': 'Stimuli/9373.jpg'}
1291.3247 	EXP 	text_instr_choice: autoDraw = False
1291.3247 	EXP 	text_fixcross: autoDraw = True
1295.2909 	EXP 	text_fixcross: autoDraw = False
1295.2909 	EXP 	text_fixcross: autoDraw = False
1295.2909 	EXP 	image: image = 'Stimuli/9373.jpg'
1295.2909 	EXP 	image: autoDraw = True
1301.2940 	EXP 	New trial (rep=0, index=1): {'ImageFile': 'Stimuli/3101.jpg'}
1301.3082 	EXP 	image: autoDraw = False
1301.3082 	EXP 	image: autoDraw = False
1301.3082 	EXP 	text_fixcross: autoDraw = True
1305.3664 	EXP 	text_fixcross: autoDraw = False
1305.3664 	EXP 	text_fixcross: autoDraw = False
1305.3664 	EXP 	image: image = 'Stimuli/3101.jpg'
1305.3664 	EXP 	image: autoDraw = True
1311.3601 	EXP 	New trial (rep=0, index=2): {'ImageFile': 'Stimuli/9402.jpg'}
1311.3742 	EXP 	image: autoDraw = False
1311.3742 	EXP 	image: autoDraw = False
1311.3742 	EXP 	text_fixcross: autoDraw = True
1316.2239 	EXP 	text_fixcross: autoDraw = False
1316.2239 	EXP 	text_fixcross: autoDraw = False
1316.2239 	EXP 	image: image = 'Stimuli/9402.jpg'
1316.2239 	EXP 	image: autoDraw = True
1322.2100 	EXP 	New trial (rep=0, index=3): {'ImageFile': 'Stimuli/3225.jpg'}
1322.2239 	EXP 	image: autoDraw = False
1322.2239 	EXP 	image: autoDraw = False
1322.2239 	EXP 	text_fixcross: autoDraw = True
1325.9810 	EXP 	text_fixcross: autoDraw = False
1325.9810 	EXP 	text_fixcross: autoDraw = False
1325.9810 	EXP 	image: image = 'Stimuli/3225.jpg'
1325.9810 	EXP 	image: autoDraw = True
1331.9764 	EXP 	New trial (rep=0, index=4): {'ImageFile': 'Stimuli/6020.jpg'}
1331.9904 	EXP 	image: autoDraw = False
1331.9904 	EXP 	image: autoDraw = False
1331.9904 	EXP 	text_fixcross: autoDraw = True
1335.5323 	EXP 	text_fixcross: autoDraw = False
1335.5323 	EXP 	text_fixcross: autoDraw = False
1335.5323 	EXP 	image: image = 'Stimuli/6020.jpg'
1335.5323 	EXP 	image: autoDraw = True
1341.5267 	EXP 	New trial (rep=0, index=5): {'ImageFile': 'Stimuli/2981.jpg'}
1341.5404 	EXP 	image: autoDraw = False
1341.5404 	EXP 	image: autoDraw = False
1341.5404 	EXP 	text_fixcross: autoDraw = True
1345.8930 	EXP 	text_fixcross: autoDraw = False
1345.8930 	EXP 	text_fixcross: autoDraw = False
1345.8930 	EXP 	image: image = 'Stimuli/2981.jpg'
1345.8930 	EXP 	image: autoDraw = True
1351.8934 	EXP 	New trial (rep=0, index=6): {'ImageFile': 'Stimuli/3215.jpg'}
1351.9075 	EXP 	image: autoDraw = False
1351.9075 	EXP 	image: autoDraw = False
1351.9075 	EXP 	text_fixcross: autoDraw = True
1354.9490 	EXP 	text_fixcross: autoDraw = False
1354.9490 	EXP 	text_fixcross: autoDraw = False
1354.9490 	EXP 	image: image = 'Stimuli/3215.jpg'
1354.9490 	EXP 	image: autoDraw = True
1360.9433 	EXP 	New trial (rep=0, index=7): {'ImageFile': 'Stimuli/9405.jpg'}
1360.9571 	EXP 	image: autoDraw = False
1360.9571 	EXP 	image: autoDraw = False
1360.9571 	EXP 	text_fixcross: autoDraw = True
1365.7109 	EXP 	text_fixcross: autoDraw = False
1365.7109 	EXP 	text_fixcross: autoDraw = False
1365.7109 	EXP 	image: image = 'Stimuli/9405.jpg'
1365.7109 	EXP 	image: autoDraw = True
1371.7097 	EXP 	New trial (rep=0, index=8): {'ImageFile': 'Stimuli/9403.jpg'}
1371.7237 	EXP 	image: autoDraw = False
1371.7237 	EXP 	image: autoDraw = False
1371.7237 	EXP 	text_fixcross: autoDraw = True
1374.8574 	EXP 	text_fixcross: autoDraw = False
1374.8574 	EXP 	text_fixcross: autoDraw = False
1374.8574 	EXP 	image: image = 'Stimuli/9403.jpg'
1374.8574 	EXP 	image: autoDraw = True
1380.8600 	EXP 	New trial (rep=0, index=9): {'ImageFile': 'Stimuli/9423.jpg'}
1380.8741 	EXP 	image: autoDraw = False
1380.8741 	EXP 	image: autoDraw = False
1380.8741 	EXP 	text_fixcross: autoDraw = True
1384.8355 	EXP 	text_fixcross: autoDraw = False
1384.8355 	EXP 	text_fixcross: autoDraw = False
1384.8355 	EXP 	image: image = 'Stimuli/9423.jpg'
1384.8355 	EXP 	image: autoDraw = True
1390.8267 	EXP 	New trial (rep=0, index=10): {'ImageFile': 'Stimuli/6571.jpg'}
1390.8408 	EXP 	image: autoDraw = False
1390.8408 	EXP 	image: autoDraw = False
1390.8408 	EXP 	text_fixcross: autoDraw = True
1393.9929 	EXP 	text_fixcross: autoDraw = False
1393.9929 	EXP 	text_fixcross: autoDraw = False
1393.9929 	EXP 	image: image = 'Stimuli/6571.jpg'
1393.9929 	EXP 	image: autoDraw = True
1399.9934 	EXP 	New trial (rep=0, index=11): {'ImageFile': 'Stimuli/223.jpg'}
1400.0075 	EXP 	image: autoDraw = False
1400.0075 	EXP 	image: autoDraw = False
1400.0075 	EXP 	text_fixcross: autoDraw = True
1404.6679 	EXP 	text_fixcross: autoDraw = False
1404.6679 	EXP 	text_fixcross: autoDraw = False
1404.6679 	EXP 	image: image = 'Stimuli/223.jpg'
1404.6679 	EXP 	image: autoDraw = True
1410.6600 	EXP 	New trial (rep=0, index=12): {'ImageFile': 'Stimuli/9400.jpg'}
1410.6742 	EXP 	image: autoDraw = False
1410.6742 	EXP 	image: autoDraw = False
1410.6742 	EXP 	text_fixcross: autoDraw = True
1414.8294 	EXP 	text_fixcross: autoDraw = False
1414.8294 	EXP 	text_fixcross: autoDraw = False
1414.8294 	EXP 	image: image = 'Stimuli/9400.jpg'
1414.8294 	EXP 	image: autoDraw = True
1420.8267 	EXP 	New trial (rep=0, index=13): {'ImageFile': 'Stimuli/3016.jpg'}
1420.8408 	EXP 	image: autoDraw = False
1420.8408 	EXP 	image: autoDraw = False
1420.8408 	EXP 	text_fixcross: autoDraw = True
1425.2978 	EXP 	text_fixcross: autoDraw = False
1425.2978 	EXP 	text_fixcross: autoDraw = False
1425.2978 	EXP 	image: image = 'Stimuli/3016.jpg'
1425.2978 	EXP 	image: autoDraw = True
1431.2934 	EXP 	New trial (rep=0, index=14): {'ImageFile': 'Stimuli/238.jpg'}
1431.3073 	EXP 	image: autoDraw = False
1431.3073 	EXP 	image: autoDraw = False
1431.3073 	EXP 	text_fixcross: autoDraw = True
1436.1593 	EXP 	text_fixcross: autoDraw = False
1436.1593 	EXP 	text_fixcross: autoDraw = False
1436.1593 	EXP 	image: image = 'Stimuli/238.jpg'
1436.1593 	EXP 	image: autoDraw = True
1442.1599 	EXP 	New trial (rep=0, index=15): {'ImageFile': 'Stimuli/3181.jpg'}
1442.1738 	EXP 	image: autoDraw = False
1442.1738 	EXP 	image: autoDraw = False
1442.1738 	EXP 	text_fixcross: autoDraw = True
1445.4322 	EXP 	text_fixcross: autoDraw = False
1445.4322 	EXP 	text_fixcross: autoDraw = False
1445.4322 	EXP 	image: image = 'Stimuli/3181.jpg'
1445.4322 	EXP 	image: autoDraw = True
1451.4266 	EXP 	New trial (rep=0, index=16): {'ImageFile': 'Stimuli/245.jpg'}
1451.4405 	EXP 	image: autoDraw = False
1451.4405 	EXP 	image: autoDraw = False
1451.4405 	EXP 	text_fixcross: autoDraw = True
1454.4717 	EXP 	text_fixcross: autoDraw = False
1454.4717 	EXP 	text_fixcross: autoDraw = False
1454.4717 	EXP 	image: image = 'Stimuli/245.jpg'
1454.4717 	EXP 	image: autoDraw = True
1460.4599 	EXP 	New trial (rep=0, index=17): {'ImageFile': 'Stimuli/6831.jpg'}
1460.4746 	EXP 	image: autoDraw = False
1460.4746 	EXP 	image: autoDraw = False
1460.4746 	EXP 	text_fixcross: autoDraw = True
1463.7351 	EXP 	text_fixcross: autoDraw = False
1463.7351 	EXP 	text_fixcross: autoDraw = False
1463.7351 	EXP 	image: image = 'Stimuli/6831.jpg'
1463.7351 	EXP 	image: autoDraw = True
1469.7266 	EXP 	New trial (rep=0, index=18): {'ImageFile': 'Stimuli/3220.jpg'}
1469.7404 	EXP 	image: autoDraw = False
1469.7404 	EXP 	image: autoDraw = False
1469.7404 	EXP 	text_fixcross: autoDraw = True
1474.1808 	EXP 	text_fixcross: autoDraw = False
1474.1808 	EXP 	text_fixcross: autoDraw = False
1474.1808 	EXP 	image: image = 'Stimuli/3220.jpg'
1474.1808 	EXP 	image: autoDraw = True
1480.1765 	EXP 	New trial (rep=0, index=19): {'ImageFile': 'Stimuli/8231.jpg'}
1480.1904 	EXP 	image: autoDraw = False
1480.1904 	EXP 	image: autoDraw = False
1480.1904 	EXP 	text_fixcross: autoDraw = True
1484.5375 	EXP 	text_fixcross: autoDraw = False
1484.5375 	EXP 	text_fixcross: autoDraw = False
1484.5375 	EXP 	image: image = 'Stimuli/8231.jpg'
1484.5375 	EXP 	image: autoDraw = True
1490.5601 	EXP 	image: autoDraw = False
1490.5601 	EXP 	image: autoDraw = False
1490.5601 	EXP 	slider_arousal: markerPos = None
1490.5601 	EXP 	slider_arousal: markerPos = None
1490.5601 	EXP 	slider_arousal: rating = None
1490.5601 	EXP 	text_slider_arousal: autoDraw = True
1490.5601 	EXP 	slider_arousal: autoDraw = True
1494.2921 	DATA 	Mouse: Left button down, pos=(884,324)
1494.3059 	EXP 	slider_arousal: markerPos = 171.85185185185185
1494.3232 	EXP 	slider_arousal: markerPos = 171.85185185185185
1494.3404 	EXP 	slider_arousal: markerPos = 171.85185185185185
1494.3687 	EXP 	slider_arousal: markerPos = 171.85185185185185
1494.3887 	EXP 	slider_arousal: markerPos = 171.85185185185185
1494.3921 	DATA 	Mouse:  Left button up, pos=(884,324)
1494.4066 	EXP 	slider_arousal: markerPos = 171.85185185185185
1494.4066 	EXP 	slider_arousal: rating = 171.85185185185185
1494.4277 	EXP 	text_slider_arousal: autoDraw = False
1494.4277 	EXP 	slider_arousal: autoDraw = False
1494.4277 	EXP 	slider_effort: markerPos = None
1494.4277 	EXP 	slider_effort: markerPos = None
1494.4277 	EXP 	slider_effort: rating = None
1494.4277 	EXP 	text_slider_effort: autoDraw = True
1494.4277 	EXP 	slider_effort: autoDraw = True
1494.9921 	DATA 	Mouse: Left button down, pos=(849,319)
1495.0056 	EXP 	slider_effort: markerPos = 158.8888888888889
1495.0224 	EXP 	slider_effort: markerPos = 158.8888888888889
1495.0391 	EXP 	slider_effort: markerPos = 158.8888888888889
1495.0556 	EXP 	slider_effort: markerPos = 158.8888888888889
1495.0590 	DATA 	Mouse:  Left button up, pos=(849,319)
1495.0733 	EXP 	slider_effort: markerPos = 158.8888888888889
1495.0733 	EXP 	slider_effort: rating = 158.8888888888889
1495.0889 	EXP 	text_slider_effort: autoDraw = False
1495.0889 	EXP 	slider_effort: autoDraw = False
1495.0889 	EXP 	text_end: autoDraw = True
1503.1487 	DATA 	Keypress: space
1503.1744 	EXP 	text_end: autoDraw = False
1503.2521 	EXP 	window1: mouseVisible = True
