1.6137 	WARNING 	We strongly recommend you activate the PTB sound engine in PsychoPy prefs as the preferred audio engine. Its timing is vastly superior. Your prefs are currently set to use ['sounddevice', 'PTB', 'pyo', 'pygame'] (in that order).
7.8119 	WARNING 	Requested an unavailable screen number - using first available.
9.2951 	EXP 	Created window1 = Window(allowGUI=False, allowStencil=False, autoLog=True, backendConf=UNKNOWN, bitsMode=UNKNOWN, blendMode='avg', bpc=(8, 8, 8), color=array([0, 0, 0]), colorSpace='rgb', depthBits=8, fullscr=<method-wrapper '__getattribute__' of attributeSetter object at 0x000001E805306940>, gamma=None, gammaErrorPolicy='raise', lms=UNKNOWN, monitor=<psychopy.monitors.calibTools.Monitor object at 0x000001E805230630>, multiSample=False, name='window1', numSamples=2, pos=[0.0, 0.0], screen=1, size=array([1920, 1080]), stencilBits=0, stereo=False, units='height', useFBO=True, useRetina=False, viewOri=0.0, viewPos=None, viewScale=None, waitBlanking=True, winType='pyglet')
9.2960 	EXP 	window1: mouseVisible = True
9.2961 	EXP 	window1: recordFrameIntervals = False
9.4599 	EXP 	window1: recordFrameIntervals = True
9.6437 	EXP 	window1: recordFrameIntervals = False
10.1167 	EXP 	Created WelcomeText = TextStim(__class__=<class 'psychopy.visual.text.TextStim'>, alignHoriz=method-wrapper(...), alignText='center', alignVert=method-wrapper(...), anchorHoriz='center', anchorVert='center', antialias=True, autoLog=True, bold=False, color=array([-1., -1., -1.]), colorSpace='rgb', contrast=1.0, depth=0.0, flipHoriz=False, flipVert=False, font='Open Sans', fontFiles=[], height=0.03, italic=False, languageStyle='LTR', name='WelcomeText', opacity=1, ori=0.0, pos=array([0., 0.]), rgb=UNKNOWN, text=str(...), units='height', win=Window(...), wrapWidth=1)
10.1454 	EXP 	Created text_ActiveViewing = TextStim(__class__=<class 'psychopy.visual.text.TextStim'>, alignHoriz=method-wrapper(...), alignText='center', alignVert=method-wrapper(...), anchorHoriz='center', anchorVert='center', antialias=True, autoLog=True, bold=False, color=array([-1., -1., -1.]), colorSpace='rgb', contrast=1.0, depth=0.0, flipHoriz=False, flipVert=False, font='Open Sans', fontFiles=[], height=0.04, italic=False, languageStyle='LTR', name='text_ActiveViewing', opacity=1, ori=0.0, pos=array([0., 0.]), rgb=UNKNOWN, text=str(...), units='height', win=Window(...), wrapWidth=1)
10.1531 	EXP 	Created image_view = ImageStim(__class__=<class 'psychopy.visual.image.ImageStim'>, autoLog=True, color=array([1., 1., 1.]), colorSpace='rgb', contrast=1.0, depth=0.0, flipHoriz=False, flipVert=False, image='sin', interpolate=True, mask=None, maskParams=None, name='image_view', opacity=1, ori=0.0, pos=array([0., 0.]), size=array([1.  , 0.75]), texRes=128.0, units='height', win=Window(...))
10.1606 	EXP 	Created text_fixcross = TextStim(__class__=<class 'psychopy.visual.text.TextStim'>, alignHoriz=method-wrapper(...), alignText='center', alignVert=method-wrapper(...), anchorHoriz='center', anchorVert='center', antialias=True, autoLog=True, bold=False, color=array([-1., -1., -1.]), colorSpace='rgb', contrast=1.0, depth=0.0, flipHoriz=False, flipVert=False, font='Open Sans', fontFiles=[], height=0.1, italic=False, languageStyle='LTR', name='text_fixcross', opacity=1, ori=0.0, pos=array([0., 0.]), rgb=UNKNOWN, text='+', units='height', win=Window(...), wrapWidth=1)
10.1619 	EXP 	Created text_Instruction = TextStim(__class__=<class 'psychopy.visual.text.TextStim'>, alignHoriz=method-wrapper(...), alignText='center', alignVert=method-wrapper(...), anchorHoriz='center', anchorVert='center', antialias=True, autoLog=True, bold=False, color=array([-1., -1., -1.]), colorSpace='rgb', contrast=1.0, depth=0.0, flipHoriz=False, flipVert=False, font='Open Sans', fontFiles=[], height=0.04, italic=False, languageStyle='LTR', name='text_Instruction', opacity=1, ori=0.0, pos=array([0., 0.]), rgb=UNKNOWN, text='', units='height', win=Window(...), wrapWidth=1)
10.1664 	EXP 	Created image_reg = ImageStim(__class__=<class 'psychopy.visual.image.ImageStim'>, autoLog=True, color=array([1., 1., 1.]), colorSpace='rgb', contrast=1.0, depth=0.0, flipHoriz=False, flipVert=False, image='sin', interpolate=True, mask=None, maskParams=None, name='image_reg', opacity=1, ori=0.0, pos=array([0., 0.]), size=array([1.  , 0.75]), texRes=128.0, units='height', win=Window(...))
10.1893 	EXP 	Created text_slider_arousal = TextStim(__class__=<class 'psychopy.visual.text.TextStim'>, alignHoriz=method-wrapper(...), alignText='center', alignVert=method-wrapper(...), anchorHoriz='center', anchorVert='center', antialias=True, autoLog=True, bold=False, color=array([-1., -1., -1.]), colorSpace='rgb', contrast=1.0, depth=0.0, flipHoriz=False, flipVert=False, font='Open Sans', fontFiles=[], height=0.05, italic=False, languageStyle='LTR', name='text_slider_arousal', opacity=1, ori=0.0, pos=array([0., 0.]), rgb=UNKNOWN, text=str(...), units='height', win=Window(...), wrapWidth=1)
10.1977 	EXP 	window1: mouseVisible = True
10.2127 	EXP 	Created slider_arousal = Slider(__class__=<class 'psychopy.visual.slider.Slider'>, autoDraw=False, autoLog=True, borderColor=None, color=None, colorSpace='rgb', depth=-1, fillColor=None, flip=False, font='Open Sans', granularity=0.0, labelHeight=0.05, labelWrapWidth=None, labels=('sehr gering', 'sehr hoch'), name='slider_arousal', opacity=None, pos=(0, -0.2), readOnly=False, self=UNKNOWN, size=[1.0, 0.1], startValue=None, style=method-wrapper(...), styleTweaks=method-wrapper(...), ticks=array([  0, 400]), units='height', win=Window(...))
10.2262 	EXP 	Created text_slider_effort = TextStim(__class__=<class 'psychopy.visual.text.TextStim'>, alignHoriz=method-wrapper(...), alignText='center', alignVert=method-wrapper(...), anchorHoriz='center', anchorVert='center', antialias=True, autoLog=True, bold=False, color=array([-1., -1., -1.]), colorSpace='rgb', contrast=1.0, depth=0.0, flipHoriz=False, flipVert=False, font='Open Sans', fontFiles=[], height=0.05, italic=False, languageStyle='LTR', name='text_slider_effort', opacity=1, ori=0.0, pos=array([0., 0.]), rgb=UNKNOWN, text=str(...), units='height', win=Window(...), wrapWidth=1)
10.2326 	EXP 	window1: mouseVisible = True
10.2455 	EXP 	Created slider_effort = Slider(__class__=<class 'psychopy.visual.slider.Slider'>, autoDraw=False, autoLog=True, borderColor=None, color=None, colorSpace='rgb', depth=-1, fillColor=None, flip=False, font='Open Sans', granularity=0.0, labelHeight=0.05, labelWrapWidth=None, labels=('sehr gering', 'sehr hoch'), name='slider_effort', opacity=None, pos=(0, -0.2), readOnly=False, self=UNKNOWN, size=(1.0, 0.1), startValue=None, style=method-wrapper(...), styleTweaks=method-wrapper(...), ticks=array([  0, 400]), units='height', win=Window(...))
10.3030 	EXP 	Created text_EDinstruction = TextStim(__class__=<class 'psychopy.visual.text.TextStim'>, alignHoriz=method-wrapper(...), alignText='center', alignVert=method-wrapper(...), anchorHoriz='center', anchorVert='center', antialias=True, autoLog=True, bold=False, color=array([-1., -1., -1.]), colorSpace='rgb', contrast=1.0, depth=0.0, flipHoriz=False, flipVert=False, font='Open Sans', fontFiles=[], height=0.03, italic=False, languageStyle='LTR', name='text_EDinstruction', opacity=1, ori=0.0, pos=array([0., 0.]), rgb=UNKNOWN, text=str(...), units='height', win=Window(...), wrapWidth=1)
10.3128 	EXP 	Created question = TextStim(__class__=<class 'psychopy.visual.text.TextStim'>, alignHoriz=method-wrapper(...), alignText='center', alignVert=method-wrapper(...), anchorHoriz='center', anchorVert='center', antialias=True, autoLog=True, bold=False, color=array([-1., -1., -1.]), colorSpace='rgb', contrast=1.0, depth=0.0, flipHoriz=False, flipVert=False, font='Open Sans', fontFiles=[], height=0.03, italic=False, languageStyle='LTR', name='question', opacity=1, ori=0.0, pos=array([0. , 0.1]), rgb=UNKNOWN, text=str(...), units='height', win=Window(...), wrapWidth=1)
10.3129 	EXP 	window1: mouseVisible = True
10.3239 	EXP 	window1: mouseVisible = True
10.3338 	EXP 	window1: mouseVisible = True
10.3391 	EXP 	Created EDbufferscreen = TextStim(__class__=<class 'psychopy.visual.text.TextStim'>, alignHoriz=method-wrapper(...), alignText='center', alignVert=method-wrapper(...), anchorHoriz='center', anchorVert='center', antialias=True, autoLog=True, bold=False, color=array([-1., -1., -1.]), colorSpace='rgb', contrast=1.0, depth=0.0, flipHoriz=False, flipVert=False, font='Open Sans', fontFiles=[], height=0.03, italic=False, languageStyle='LTR', name='EDbufferscreen', opacity=1, ori=0.0, pos=array([0. , 0.1]), rgb=UNKNOWN, text=str(...), units='height', win=Window(...), wrapWidth=1)
10.3723 	EXP 	Created text_choice = TextStim(__class__=<class 'psychopy.visual.text.TextStim'>, alignHoriz=method-wrapper(...), alignText='center', alignVert=method-wrapper(...), anchorHoriz='center', anchorVert='center', antialias=True, autoLog=True, bold=False, color=array([-1., -1., -1.]), colorSpace='rgb', contrast=1.0, depth=0.0, flipHoriz=False, flipVert=False, font='Open Sans', fontFiles=[], height=0.04, italic=False, languageStyle='LTR', name='text_choice', opacity=1, ori=0.0, pos=array([0., 0.]), rgb=UNKNOWN, text=str(...), units='height', win=Window(...), wrapWidth=1)
10.3736 	EXP 	Created text_instr_choice = TextStim(__class__=<class 'psychopy.visual.text.TextStim'>, alignHoriz=method-wrapper(...), alignText='center', alignVert=method-wrapper(...), anchorHoriz='center', anchorVert='center', antialias=True, autoLog=True, bold=False, color=array([-1., -1., -1.]), colorSpace='rgb', contrast=1.0, depth=-1.0, flipHoriz=False, flipVert=False, font='Open Sans', fontFiles=[], height=0.04, italic=False, languageStyle='LTR', name='text_instr_choice', opacity=1, ori=0.0, pos=array([0., 0.]), rgb=UNKNOWN, text='', units='height', win=Window(...), wrapWidth=1)
10.3782 	EXP 	Created image = ImageStim(__class__=<class 'psychopy.visual.image.ImageStim'>, autoLog=True, color=array([1., 1., 1.]), colorSpace='rgb', contrast=1.0, depth=0.0, flipHoriz=False, flipVert=False, image='sin', interpolate=True, mask=None, maskParams=None, name='image', opacity=1, ori=0.0, pos=array([0., 0.]), size=array([1.  , 0.75]), texRes=128.0, units='height', win=Window(...))
10.3963 	EXP 	Created text_end = TextStim(__class__=<class 'psychopy.visual.text.TextStim'>, alignHoriz=method-wrapper(...), alignText='center', alignVert=method-wrapper(...), anchorHoriz='center', anchorVert='center', antialias=True, autoLog=True, bold=False, color=array([-1., -1., -1.]), colorSpace='rgb', contrast=1.0, depth=0.0, flipHoriz=False, flipVert=False, font='Open Sans', fontFiles=[], height=0.05, italic=False, languageStyle='LTR', name='text_end', opacity=1, ori=0.0, pos=array([0., 0.]), rgb=UNKNOWN, text=str(...), units='height', win=Window(...), wrapWidth=1)
10.4426 	EXP 	slider_arousal: autoLog = True
10.4426 	EXP 	slider_arousal: markerPos = None
10.4426 	EXP 	slider_arousal: rating = None
10.4426 	EXP 	slider_arousal: markerPos = None
10.4426 	EXP 	slider_arousal: contrast = 1.0
10.4426 	EXP 	slider_arousal: autoLog = True
10.4426 	EXP 	slider_arousal: styleTweaks = []
10.4426 	EXP 	slider_arousal: style = 'slider'
10.4426 	EXP 	slider_arousal: styleTweaks = []
10.4426 	EXP 	slider_effort: autoLog = True
10.4426 	EXP 	slider_effort: markerPos = None
10.4426 	EXP 	slider_effort: rating = None
10.4426 	EXP 	slider_effort: markerPos = None
10.4426 	EXP 	slider_effort: contrast = 1.0
10.4426 	EXP 	slider_effort: autoLog = True
10.4426 	EXP 	slider_effort: styleTweaks = []
10.4426 	EXP 	slider_effort: style = 'slider'
10.4426 	EXP 	slider_effort: styleTweaks = []
10.4426 	EXP 	WelcomeText: autoDraw = True
74.0133 	DATA 	Keypress: space
74.0359 	EXP 	Imported blocks_view.xlsx as conditions, 2 conditions, 5 params
74.0366 	EXP 	Created sequence: sequential, trialTypes=2, nReps=1, seed=None
74.0372 	EXP 	New trial (rep=0, index=0): {'Block': 1, 'conds_view_File': 'StimuliNeutral.xlsx', 'n_reps': 1, 'instr_1': 'ANSCHAUEN', 'TriggerBlockView': 21}
74.0454 	EXP 	WelcomeText: autoDraw = False
74.0454 	EXP 	text_ActiveViewing: autoDraw = True
82.2296 	DATA 	Keypress: space
82.2477 	EXP 	Imported StimuliNeutral.xlsx as conditions, 20 conditions, 2 params
82.2481 	EXP 	Created sequence: random, trialTypes=20, nReps=1, seed=None
82.2484 	EXP 	New trial (rep=0, index=0): {'ImageFile': 'Stimuli/083.jpg', 'Trigger': 1}
82.2552 	EXP 	text_ActiveViewing: autoDraw = False
82.2552 	EXP 	text_fixcross: autoDraw = True
85.5240 	EXP 	text_fixcross: autoDraw = False
85.5240 	EXP 	text_fixcross: autoDraw = False
85.5240 	EXP 	image_view: image = 'Stimuli/083.jpg'
85.5240 	EXP 	image_view: autoDraw = True
91.5143 	EXP 	New trial (rep=0, index=1): {'ImageFile': 'Stimuli/7009.jpg', 'Trigger': 1}
91.5284 	EXP 	image_view: autoDraw = False
91.5284 	EXP 	image_view: autoDraw = False
91.5284 	EXP 	text_fixcross: autoDraw = True
94.7815 	EXP 	text_fixcross: autoDraw = False
94.7815 	EXP 	text_fixcross: autoDraw = False
94.7815 	EXP 	image_view: image = 'Stimuli/7009.jpg'
94.7815 	EXP 	image_view: autoDraw = True
100.7800 	EXP 	New trial (rep=0, index=2): {'ImageFile': 'Stimuli/7041.jpg', 'Trigger': 1}
100.7940 	EXP 	image_view: autoDraw = False
100.7940 	EXP 	image_view: autoDraw = False
100.7940 	EXP 	text_fixcross: autoDraw = True
104.8474 	EXP 	text_fixcross: autoDraw = False
104.8474 	EXP 	text_fixcross: autoDraw = False
104.8474 	EXP 	image_view: image = 'Stimuli/7041.jpg'
104.8474 	EXP 	image_view: autoDraw = True
110.8468 	EXP 	New trial (rep=0, index=3): {'ImageFile': 'Stimuli/7100.jpg', 'Trigger': 1}
110.8606 	EXP 	image_view: autoDraw = False
110.8606 	EXP 	image_view: autoDraw = False
110.8606 	EXP 	text_fixcross: autoDraw = True
114.0002 	EXP 	text_fixcross: autoDraw = False
114.0002 	EXP 	text_fixcross: autoDraw = False
114.0002 	EXP 	image_view: image = 'Stimuli/7100.jpg'
114.0002 	EXP 	image_view: autoDraw = True
119.9970 	EXP 	New trial (rep=0, index=4): {'ImageFile': 'Stimuli/7235.jpg', 'Trigger': 1}
120.0107 	EXP 	image_view: autoDraw = False
120.0107 	EXP 	image_view: autoDraw = False
120.0107 	EXP 	text_fixcross: autoDraw = True
124.5557 	EXP 	text_fixcross: autoDraw = False
124.5557 	EXP 	text_fixcross: autoDraw = False
124.5557 	EXP 	image_view: image = 'Stimuli/7235.jpg'
124.5557 	EXP 	image_view: autoDraw = True
130.5468 	EXP 	New trial (rep=0, index=5): {'ImageFile': 'Stimuli/7002.jpg', 'Trigger': 1}
130.5607 	EXP 	image_view: autoDraw = False
130.5607 	EXP 	image_view: autoDraw = False
130.5607 	EXP 	text_fixcross: autoDraw = True
134.8941 	EXP 	text_fixcross: autoDraw = False
134.8941 	EXP 	text_fixcross: autoDraw = False
134.8941 	EXP 	image_view: image = 'Stimuli/7002.jpg'
134.8941 	EXP 	image_view: autoDraw = True
140.8968 	EXP 	New trial (rep=0, index=6): {'ImageFile': 'Stimuli/7025.jpg', 'Trigger': 1}
140.9107 	EXP 	image_view: autoDraw = False
140.9107 	EXP 	image_view: autoDraw = False
140.9107 	EXP 	text_fixcross: autoDraw = True
144.2328 	EXP 	text_fixcross: autoDraw = False
144.2328 	EXP 	text_fixcross: autoDraw = False
144.2328 	EXP 	image_view: image = 'Stimuli/7025.jpg'
144.2328 	EXP 	image_view: autoDraw = True
150.2302 	EXP 	New trial (rep=0, index=7): {'ImageFile': 'Stimuli/124.jpg', 'Trigger': 1}
150.2437 	EXP 	image_view: autoDraw = False
150.2437 	EXP 	image_view: autoDraw = False
150.2437 	EXP 	text_fixcross: autoDraw = True
155.1819 	EXP 	text_fixcross: autoDraw = False
155.1819 	EXP 	text_fixcross: autoDraw = False
155.1819 	EXP 	image_view: image = 'Stimuli/124.jpg'
155.1819 	EXP 	image_view: autoDraw = True
161.1802 	EXP 	New trial (rep=0, index=8): {'ImageFile': 'Stimuli/107.jpg', 'Trigger': 1}
161.1940 	EXP 	image_view: autoDraw = False
161.1940 	EXP 	image_view: autoDraw = False
161.1940 	EXP 	text_fixcross: autoDraw = True
165.3256 	EXP 	text_fixcross: autoDraw = False
165.3256 	EXP 	text_fixcross: autoDraw = False
165.3256 	EXP 	image_view: image = 'Stimuli/107.jpg'
165.3256 	EXP 	image_view: autoDraw = True
171.3133 	EXP 	New trial (rep=0, index=9): {'ImageFile': 'Stimuli/140.jpg', 'Trigger': 1}
171.3273 	EXP 	image_view: autoDraw = False
171.3273 	EXP 	image_view: autoDraw = False
171.3273 	EXP 	text_fixcross: autoDraw = True
174.3758 	EXP 	text_fixcross: autoDraw = False
174.3758 	EXP 	text_fixcross: autoDraw = False
174.3758 	EXP 	image_view: image = 'Stimuli/140.jpg'
174.3758 	EXP 	image_view: autoDraw = True
180.3634 	EXP 	New trial (rep=0, index=10): {'ImageFile': 'Stimuli/7004.jpg', 'Trigger': 1}
180.3772 	EXP 	image_view: autoDraw = False
180.3772 	EXP 	image_view: autoDraw = False
180.3772 	EXP 	text_fixcross: autoDraw = True
184.2371 	EXP 	text_fixcross: autoDraw = False
184.2371 	EXP 	text_fixcross: autoDraw = False
184.2371 	EXP 	image_view: image = 'Stimuli/7004.jpg'
184.2371 	EXP 	image_view: autoDraw = True
190.2302 	EXP 	New trial (rep=0, index=11): {'ImageFile': 'Stimuli/7233.jpg', 'Trigger': 1}
190.2438 	EXP 	image_view: autoDraw = False
190.2438 	EXP 	image_view: autoDraw = False
190.2438 	EXP 	text_fixcross: autoDraw = True
194.0725 	EXP 	text_fixcross: autoDraw = False
194.0725 	EXP 	text_fixcross: autoDraw = False
194.0725 	EXP 	image_view: image = 'Stimuli/7233.jpg'
194.0725 	EXP 	image_view: autoDraw = True
200.0635 	EXP 	New trial (rep=0, index=12): {'ImageFile': 'Stimuli/7006.jpg', 'Trigger': 1}
200.0773 	EXP 	image_view: autoDraw = False
200.0773 	EXP 	image_view: autoDraw = False
200.0773 	EXP 	text_fixcross: autoDraw = True
204.2218 	EXP 	text_fixcross: autoDraw = False
204.2218 	EXP 	text_fixcross: autoDraw = False
204.2218 	EXP 	image_view: image = 'Stimuli/7006.jpg'
204.2218 	EXP 	image_view: autoDraw = True
210.2135 	EXP 	New trial (rep=0, index=13): {'ImageFile': 'Stimuli/7021.jpg', 'Trigger': 1}
210.2272 	EXP 	image_view: autoDraw = False
210.2272 	EXP 	image_view: autoDraw = False
210.2272 	EXP 	text_fixcross: autoDraw = True
213.7628 	EXP 	text_fixcross: autoDraw = False
213.7628 	EXP 	text_fixcross: autoDraw = False
213.7628 	EXP 	image_view: image = 'Stimuli/7021.jpg'
213.7628 	EXP 	image_view: autoDraw = True
219.7636 	EXP 	New trial (rep=0, index=14): {'ImageFile': 'Stimuli/7000.jpg', 'Trigger': 1}
219.7777 	EXP 	image_view: autoDraw = False
219.7777 	EXP 	image_view: autoDraw = False
219.7777 	EXP 	text_fixcross: autoDraw = True
224.1204 	EXP 	text_fixcross: autoDraw = False
224.1204 	EXP 	text_fixcross: autoDraw = False
224.1204 	EXP 	image_view: image = 'Stimuli/7000.jpg'
224.1204 	EXP 	image_view: autoDraw = True
230.1134 	EXP 	New trial (rep=0, index=15): {'ImageFile': 'Stimuli/143.jpg', 'Trigger': 1}
230.1273 	EXP 	image_view: autoDraw = False
230.1273 	EXP 	image_view: autoDraw = False
230.1273 	EXP 	text_fixcross: autoDraw = True
234.8680 	EXP 	text_fixcross: autoDraw = False
234.8680 	EXP 	text_fixcross: autoDraw = False
234.8680 	EXP 	image_view: image = 'Stimuli/143.jpg'
234.8680 	EXP 	image_view: autoDraw = True
240.8633 	EXP 	New trial (rep=0, index=16): {'ImageFile': 'Stimuli/7150.jpg', 'Trigger': 1}
240.8767 	EXP 	image_view: autoDraw = False
240.8767 	EXP 	image_view: autoDraw = False
240.8767 	EXP 	text_fixcross: autoDraw = True
244.0126 	EXP 	text_fixcross: autoDraw = False
244.0126 	EXP 	text_fixcross: autoDraw = False
244.0126 	EXP 	image_view: image = 'Stimuli/7150.jpg'
244.0126 	EXP 	image_view: autoDraw = True
250.0135 	EXP 	New trial (rep=0, index=17): {'ImageFile': 'Stimuli/7224.jpg', 'Trigger': 1}
250.0273 	EXP 	image_view: autoDraw = False
250.0273 	EXP 	image_view: autoDraw = False
250.0273 	EXP 	text_fixcross: autoDraw = True
254.6736 	EXP 	text_fixcross: autoDraw = False
254.6736 	EXP 	text_fixcross: autoDraw = False
254.6736 	EXP 	image_view: image = 'Stimuli/7224.jpg'
254.6736 	EXP 	image_view: autoDraw = True
260.6633 	EXP 	New trial (rep=0, index=18): {'ImageFile': 'Stimuli/7185.jpg', 'Trigger': 1}
260.6772 	EXP 	image_view: autoDraw = False
260.6772 	EXP 	image_view: autoDraw = False
260.6772 	EXP 	text_fixcross: autoDraw = True
265.0212 	EXP 	text_fixcross: autoDraw = False
265.0212 	EXP 	text_fixcross: autoDraw = False
265.0212 	EXP 	image_view: image = 'Stimuli/7185.jpg'
265.0212 	EXP 	image_view: autoDraw = True
271.0134 	EXP 	New trial (rep=0, index=19): {'ImageFile': 'Stimuli/7211.jpg', 'Trigger': 1}
271.0273 	EXP 	image_view: autoDraw = False
271.0273 	EXP 	image_view: autoDraw = False
271.0273 	EXP 	text_fixcross: autoDraw = True
274.3725 	EXP 	text_fixcross: autoDraw = False
274.3725 	EXP 	text_fixcross: autoDraw = False
274.3725 	EXP 	image_view: image = 'Stimuli/7211.jpg'
274.3725 	EXP 	image_view: autoDraw = True
280.3999 	EXP 	image_view: autoDraw = False
280.3999 	EXP 	image_view: autoDraw = False
280.3999 	EXP 	slider_arousal: markerPos = None
280.3999 	EXP 	slider_arousal: markerPos = None
280.3999 	EXP 	slider_arousal: rating = None
280.3999 	EXP 	text_slider_arousal: autoDraw = True
280.3999 	EXP 	slider_arousal: autoDraw = True
287.3457 	DATA 	Mouse: Left button down, pos=(453,319)
287.3593 	EXP 	slider_arousal: markerPos = 12.222222222222223
287.3759 	EXP 	slider_arousal: markerPos = 12.222222222222223
287.3927 	EXP 	slider_arousal: markerPos = 12.222222222222223
287.4092 	EXP 	slider_arousal: markerPos = 12.222222222222223
287.4259 	EXP 	slider_arousal: markerPos = 12.222222222222223
287.4434 	EXP 	slider_arousal: markerPos = 12.222222222222223
287.4601 	EXP 	slider_arousal: markerPos = 12.222222222222223
287.4635 	DATA 	Mouse:  Left button up, pos=(453,319)
287.4773 	EXP 	slider_arousal: markerPos = 12.222222222222223
287.4773 	EXP 	slider_arousal: rating = 12.222222222222223
287.5007 	EXP 	text_slider_arousal: autoDraw = False
287.5007 	EXP 	slider_arousal: autoDraw = False
287.5007 	EXP 	slider_effort: markerPos = None
287.5007 	EXP 	slider_effort: markerPos = None
287.5007 	EXP 	slider_effort: rating = None
287.5007 	EXP 	text_slider_effort: autoDraw = True
287.5007 	EXP 	slider_effort: autoDraw = True
293.6456 	DATA 	Mouse: Left button down, pos=(484,324)
293.6590 	EXP 	slider_effort: markerPos = 23.703703703703695
293.6757 	EXP 	slider_effort: markerPos = 23.703703703703695
293.6923 	EXP 	slider_effort: markerPos = 23.703703703703695
293.7091 	EXP 	slider_effort: markerPos = 23.703703703703695
293.7258 	EXP 	slider_effort: markerPos = 23.703703703703695
293.7425 	EXP 	slider_effort: markerPos = 23.703703703703695
293.7589 	EXP 	slider_effort: markerPos = 23.703703703703695
293.7756 	EXP 	slider_effort: markerPos = 23.703703703703695
293.7923 	EXP 	slider_effort: markerPos = 23.703703703703695
293.7956 	DATA 	Mouse:  Left button up, pos=(484,324)
293.8097 	EXP 	slider_effort: markerPos = 23.703703703703695
293.8097 	EXP 	slider_effort: rating = 23.703703703703695
293.8140 	EXP 	New trial (rep=0, index=1): {'Block': 2, 'conds_view_File': 'StimuliNegative.xlsx', 'n_reps': 1, 'instr_1': 'ANSCHAUEN', 'TriggerBlockView': 22}
293.8258 	EXP 	text_slider_effort: autoDraw = False
293.8258 	EXP 	slider_effort: autoDraw = False
293.8258 	EXP 	text_ActiveViewing: autoDraw = True
302.7287 	DATA 	Keypress: space
302.7579 	EXP 	Imported StimuliNegative_1.xlsx as conditions, 20 conditions, 1 params
302.7584 	EXP 	Created sequence: random, trialTypes=20, nReps=1, seed=None
302.7587 	EXP 	New trial (rep=0, index=0): {'ImageFile': 'Stimuli/6190.jpg'}
302.7649 	EXP 	text_ActiveViewing: autoDraw = False
302.7649 	EXP 	text_fixcross: autoDraw = True
306.6048 	EXP 	text_fixcross: autoDraw = False
306.6048 	EXP 	text_fixcross: autoDraw = False
306.6048 	EXP 	image_view: image = 'Stimuli/6190.jpg'
306.6048 	EXP 	image_view: autoDraw = True
312.5974 	EXP 	New trial (rep=0, index=1): {'ImageFile': 'Stimuli/3022.jpg'}
312.6105 	EXP 	image_view: autoDraw = False
312.6105 	EXP 	image_view: autoDraw = False
312.6105 	EXP 	text_fixcross: autoDraw = True
316.5441 	EXP 	text_fixcross: autoDraw = False
316.5441 	EXP 	text_fixcross: autoDraw = False
316.5441 	EXP 	image_view: image = 'Stimuli/3022.jpg'
316.5441 	EXP 	image_view: autoDraw = True
322.5468 	EXP 	New trial (rep=0, index=2): {'ImageFile': 'Stimuli/6836.jpg'}
322.5605 	EXP 	image_view: autoDraw = False
322.5605 	EXP 	image_view: autoDraw = False
322.5605 	EXP 	text_fixcross: autoDraw = True
327.2880 	EXP 	text_fixcross: autoDraw = False
327.2880 	EXP 	text_fixcross: autoDraw = False
327.2880 	EXP 	image_view: image = 'Stimuli/6836.jpg'
327.2880 	EXP 	image_view: autoDraw = True
333.2799 	EXP 	New trial (rep=0, index=3): {'ImageFile': 'Stimuli/3180.jpg'}
333.2938 	EXP 	image_view: autoDraw = False
333.2938 	EXP 	image_view: autoDraw = False
333.2938 	EXP 	text_fixcross: autoDraw = True
336.8214 	EXP 	text_fixcross: autoDraw = False
336.8214 	EXP 	text_fixcross: autoDraw = False
336.8214 	EXP 	image_view: image = 'Stimuli/3180.jpg'
336.8214 	EXP 	image_view: autoDraw = True
342.8134 	EXP 	New trial (rep=0, index=4): {'ImageFile': 'Stimuli/9180.jpg'}
342.8271 	EXP 	image_view: autoDraw = False
342.8271 	EXP 	image_view: autoDraw = False
342.8271 	EXP 	text_fixcross: autoDraw = True
347.6755 	EXP 	text_fixcross: autoDraw = False
347.6755 	EXP 	text_fixcross: autoDraw = False
347.6755 	EXP 	image_view: image = 'Stimuli/9180.jpg'
347.6755 	EXP 	image_view: autoDraw = True
353.6634 	EXP 	New trial (rep=0, index=5): {'ImageFile': 'Stimuli/6244.jpg'}
353.6772 	EXP 	image_view: autoDraw = False
353.6772 	EXP 	image_view: autoDraw = False
353.6772 	EXP 	text_fixcross: autoDraw = True
357.6044 	EXP 	text_fixcross: autoDraw = False
357.6044 	EXP 	text_fixcross: autoDraw = False
357.6044 	EXP 	image_view: image = 'Stimuli/6244.jpg'
357.6044 	EXP 	image_view: autoDraw = True
363.5967 	EXP 	New trial (rep=0, index=6): {'ImageFile': 'Stimuli/3280.jpg'}
363.6106 	EXP 	image_view: autoDraw = False
363.6106 	EXP 	image_view: autoDraw = False
363.6106 	EXP 	text_fixcross: autoDraw = True
367.2392 	EXP 	text_fixcross: autoDraw = False
367.2392 	EXP 	text_fixcross: autoDraw = False
367.2392 	EXP 	image_view: image = 'Stimuli/3280.jpg'
367.2392 	EXP 	image_view: autoDraw = True
373.2300 	EXP 	New trial (rep=0, index=7): {'ImageFile': 'Stimuli/9326.jpg'}
373.2436 	EXP 	image_view: autoDraw = False
373.2436 	EXP 	image_view: autoDraw = False
373.2436 	EXP 	text_fixcross: autoDraw = True
377.0755 	EXP 	text_fixcross: autoDraw = False
377.0755 	EXP 	text_fixcross: autoDraw = False
377.0755 	EXP 	image_view: image = 'Stimuli/9326.jpg'
377.0755 	EXP 	image_view: autoDraw = True
383.0634 	EXP 	New trial (rep=0, index=8): {'ImageFile': 'Stimuli/3017.jpg'}
383.0774 	EXP 	image_view: autoDraw = False
383.0774 	EXP 	image_view: autoDraw = False
383.0774 	EXP 	text_fixcross: autoDraw = True
387.3250 	EXP 	text_fixcross: autoDraw = False
387.3250 	EXP 	text_fixcross: autoDraw = False
387.3250 	EXP 	image_view: image = 'Stimuli/3017.jpg'
387.3250 	EXP 	image_view: autoDraw = True
393.3133 	EXP 	New trial (rep=0, index=9): {'ImageFile': 'Stimuli/327.jpg'}
393.3271 	EXP 	image_view: autoDraw = False
393.3271 	EXP 	image_view: autoDraw = False
393.3271 	EXP 	text_fixcross: autoDraw = True
398.1515 	EXP 	text_fixcross: autoDraw = False
398.1515 	EXP 	text_fixcross: autoDraw = False
398.1515 	EXP 	image_view: image = 'Stimuli/327.jpg'
398.1515 	EXP 	image_view: autoDraw = True
404.1468 	EXP 	New trial (rep=0, index=10): {'ImageFile': 'Stimuli/9253.jpg'}
404.1605 	EXP 	image_view: autoDraw = False
404.1605 	EXP 	image_view: autoDraw = False
404.1605 	EXP 	text_fixcross: autoDraw = True
409.0144 	EXP 	text_fixcross: autoDraw = False
409.0144 	EXP 	text_fixcross: autoDraw = False
409.0144 	EXP 	image_view: image = 'Stimuli/9253.jpg'
409.0144 	EXP 	image_view: autoDraw = True
415.0134 	EXP 	New trial (rep=0, index=11): {'ImageFile': 'Stimuli/9182.jpg'}
415.0270 	EXP 	image_view: autoDraw = False
415.0270 	EXP 	image_view: autoDraw = False
415.0270 	EXP 	text_fixcross: autoDraw = True
420.0563 	EXP 	text_fixcross: autoDraw = False
420.0563 	EXP 	text_fixcross: autoDraw = False
420.0563 	EXP 	image_view: image = 'Stimuli/9182.jpg'
420.0563 	EXP 	image_view: autoDraw = True
426.0467 	EXP 	New trial (rep=0, index=12): {'ImageFile': 'Stimuli/255.jpg'}
426.0616 	EXP 	image_view: autoDraw = False
426.0616 	EXP 	image_view: autoDraw = False
426.0616 	EXP 	text_fixcross: autoDraw = True
430.1935 	EXP 	text_fixcross: autoDraw = False
430.1935 	EXP 	text_fixcross: autoDraw = False
430.1935 	EXP 	image_view: image = 'Stimuli/255.jpg'
430.1935 	EXP 	image_view: autoDraw = True
436.1800 	EXP 	New trial (rep=0, index=13): {'ImageFile': 'Stimuli/9300.jpg'}
436.1938 	EXP 	image_view: autoDraw = False
436.1938 	EXP 	image_view: autoDraw = False
436.1938 	EXP 	text_fixcross: autoDraw = True
441.0529 	EXP 	text_fixcross: autoDraw = False
441.0529 	EXP 	text_fixcross: autoDraw = False
441.0529 	EXP 	image_view: image = 'Stimuli/9300.jpg'
441.0529 	EXP 	image_view: autoDraw = True
447.0467 	EXP 	New trial (rep=0, index=14): {'ImageFile': 'Stimuli/230.jpg'}
447.0604 	EXP 	image_view: autoDraw = False
447.0604 	EXP 	image_view: autoDraw = False
447.0604 	EXP 	text_fixcross: autoDraw = True
451.3060 	EXP 	text_fixcross: autoDraw = False
451.3060 	EXP 	text_fixcross: autoDraw = False
451.3060 	EXP 	image_view: image = 'Stimuli/230.jpg'
451.3060 	EXP 	image_view: autoDraw = True
457.2966 	EXP 	New trial (rep=0, index=15): {'ImageFile': 'Stimuli/225.jpg'}
457.3104 	EXP 	image_view: autoDraw = False
457.3104 	EXP 	image_view: autoDraw = False
457.3104 	EXP 	text_fixcross: autoDraw = True
460.6288 	EXP 	text_fixcross: autoDraw = False
460.6288 	EXP 	text_fixcross: autoDraw = False
460.6288 	EXP 	image_view: image = 'Stimuli/225.jpg'
460.6288 	EXP 	image_view: autoDraw = True
466.6299 	EXP 	New trial (rep=0, index=16): {'ImageFile': 'Stimuli/9920.jpg'}
466.6438 	EXP 	image_view: autoDraw = False
466.6438 	EXP 	image_view: autoDraw = False
466.6438 	EXP 	text_fixcross: autoDraw = True
470.3795 	EXP 	text_fixcross: autoDraw = False
470.3795 	EXP 	text_fixcross: autoDraw = False
470.3795 	EXP 	image_view: image = 'Stimuli/9920.jpg'
470.3795 	EXP 	image_view: autoDraw = True
476.3801 	EXP 	New trial (rep=0, index=17): {'ImageFile': 'Stimuli/1111.jpg'}
476.3942 	EXP 	image_view: autoDraw = False
476.3942 	EXP 	image_view: autoDraw = False
476.3942 	EXP 	text_fixcross: autoDraw = True
481.1395 	EXP 	text_fixcross: autoDraw = False
481.1395 	EXP 	text_fixcross: autoDraw = False
481.1395 	EXP 	image_view: image = 'Stimuli/1111.jpg'
481.1395 	EXP 	image_view: autoDraw = True
487.1300 	EXP 	New trial (rep=0, index=18): {'ImageFile': 'Stimuli/9425.jpg'}
487.1437 	EXP 	image_view: autoDraw = False
487.1437 	EXP 	image_view: autoDraw = False
487.1437 	EXP 	text_fixcross: autoDraw = True
490.2863 	EXP 	text_fixcross: autoDraw = False
490.2863 	EXP 	text_fixcross: autoDraw = False
490.2863 	EXP 	image_view: image = 'Stimuli/9425.jpg'
490.2863 	EXP 	image_view: autoDraw = True
496.2798 	EXP 	New trial (rep=0, index=19): {'ImageFile': 'Stimuli/9424.jpg'}
496.2937 	EXP 	image_view: autoDraw = False
496.2937 	EXP 	image_view: autoDraw = False
496.2937 	EXP 	text_fixcross: autoDraw = True
500.1212 	EXP 	text_fixcross: autoDraw = False
500.1212 	EXP 	text_fixcross: autoDraw = False
500.1212 	EXP 	image_view: image = 'Stimuli/9424.jpg'
500.1212 	EXP 	image_view: autoDraw = True
506.1386 	EXP 	image_view: autoDraw = False
506.1386 	EXP 	image_view: autoDraw = False
506.1386 	EXP 	slider_arousal: markerPos = None
506.1386 	EXP 	slider_arousal: markerPos = None
506.1386 	EXP 	slider_arousal: rating = None
506.1386 	EXP 	text_slider_arousal: autoDraw = True
506.1386 	EXP 	slider_arousal: autoDraw = True
513.4453 	DATA 	Mouse: Left button down, pos=(739,320)
513.4591 	EXP 	slider_arousal: markerPos = 118.14814814814815
513.4755 	EXP 	slider_arousal: markerPos = 118.14814814814815
513.4924 	EXP 	slider_arousal: markerPos = 118.14814814814815
513.5089 	EXP 	slider_arousal: markerPos = 118.14814814814815
513.5254 	EXP 	slider_arousal: markerPos = 118.14814814814815
513.5418 	EXP 	slider_arousal: markerPos = 118.14814814814815
513.5586 	EXP 	slider_arousal: markerPos = 118.14814814814815
513.5754 	EXP 	slider_arousal: markerPos = 118.14814814814815
513.5921 	EXP 	slider_arousal: markerPos = 118.14814814814815
513.6087 	EXP 	slider_arousal: markerPos = 118.14814814814815
513.6118 	DATA 	Mouse:  Left button up, pos=(739,320)
513.6257 	EXP 	slider_arousal: markerPos = 118.14814814814815
513.6257 	EXP 	slider_arousal: rating = 118.14814814814815
513.6470 	EXP 	text_slider_arousal: autoDraw = False
513.6470 	EXP 	slider_arousal: autoDraw = False
513.6470 	EXP 	slider_effort: markerPos = None
513.6470 	EXP 	slider_effort: markerPos = None
513.6470 	EXP 	slider_effort: rating = None
513.6470 	EXP 	text_slider_effort: autoDraw = True
513.6470 	EXP 	slider_effort: autoDraw = True
519.7787 	DATA 	Mouse: Left button down, pos=(583,312)
519.7924 	EXP 	slider_effort: markerPos = 60.37037037037037
519.8091 	EXP 	slider_effort: markerPos = 60.37037037037037
519.8256 	EXP 	slider_effort: markerPos = 60.37037037037037
519.8423 	EXP 	slider_effort: markerPos = 60.37037037037037
519.8590 	EXP 	slider_effort: markerPos = 60.37037037037037
519.8754 	EXP 	slider_effort: markerPos = 60.37037037037037
519.8923 	EXP 	slider_effort: markerPos = 60.37037037037037
519.8956 	DATA 	Mouse:  Left button up, pos=(583,312)
519.9097 	EXP 	slider_effort: markerPos = 60.37037037037037
519.9097 	EXP 	slider_effort: rating = 60.37037037037037
519.9196 	EXP 	Imported blocks_reg.xlsx as conditions, 3 conditions, 6 params
519.9200 	EXP 	Created sequence: random, trialTypes=3, nReps=1, seed=None
519.9204 	EXP 	New trial (rep=0, index=0): {'Block': 3, 'conds_reg_File': 'StimuliNegative.xlsx', 'n_reps': 1, 'TriggerBlockReg': 23, 'instr_1': 'ABLENKEN', 'instr_2': 'Denken Sie während des Betrachtens der Bilder an etwas Neutrales, das mit dem Bild nichts zu tun hat. Das könnten geometrische Figuren, Alltagstätigkeiten oder bekannte Orte sein.'}
519.9542 	EXP 	text_slider_effort: autoDraw = False
519.9542 	EXP 	slider_effort: autoDraw = False
519.9542 	EXP 	text_Instruction: text = 'ABLENKEN\n\nIn diesem Block werden Sie eine Reihe von Bildern sehen. Diese sollen Sie aufmerksam ansehen.\nDenken Sie während des Betrachtens der Bilder an etwas Neutrales, das mit dem Bild nichts zu tun hat. Das könnten geometrische Figuren, Alltagstätigkeiten oder bekannte Orte sein.\n\nBitte konzentrieren Sie Ihre Regulationsbemühungen nur auf das Bild, nicht aber auf die Zeiträume zwischen den Bildern.\n\nZum Starten des Blocks Leertaste drücken'
519.9542 	EXP 	text_Instruction: autoDraw = True
534.1602 	EXP 	Imported StimuliNegative_2.xlsx as conditions, 20 conditions, 1 params
534.1606 	EXP 	Created sequence: random, trialTypes=20, nReps=1, seed=None
534.1608 	EXP 	New trial (rep=0, index=0): {'ImageFile': 'Stimuli/228.jpg'}
534.1640 	DATA 	Keypress: space
534.1678 	EXP 	text_Instruction: autoDraw = False
534.1678 	EXP 	text_fixcross: autoDraw = True
538.7066 	EXP 	text_fixcross: autoDraw = False
538.7066 	EXP 	text_fixcross: autoDraw = False
538.7066 	EXP 	image_reg: image = 'Stimuli/228.jpg'
538.7066 	EXP 	image_reg: autoDraw = True
544.6973 	EXP 	New trial (rep=0, index=1): {'ImageFile': 'Stimuli/2703.jpg'}
544.7113 	EXP 	image_reg: autoDraw = False
544.7113 	EXP 	image_reg: autoDraw = False
544.7113 	EXP 	text_fixcross: autoDraw = True
549.1730 	EXP 	text_fixcross: autoDraw = False
549.1730 	EXP 	text_fixcross: autoDraw = False
549.1730 	EXP 	image_reg: image = 'Stimuli/2703.jpg'
549.1730 	EXP 	image_reg: autoDraw = True
555.1632 	EXP 	New trial (rep=0, index=2): {'ImageFile': 'Stimuli/3051.jpg'}
555.1770 	EXP 	image_reg: autoDraw = False
555.1770 	EXP 	image_reg: autoDraw = False
555.1770 	EXP 	text_fixcross: autoDraw = True
558.6079 	EXP 	text_fixcross: autoDraw = False
558.6079 	EXP 	text_fixcross: autoDraw = False
558.6079 	EXP 	image_reg: image = 'Stimuli/3051.jpg'
558.6079 	EXP 	image_reg: autoDraw = True
564.5966 	EXP 	New trial (rep=0, index=3): {'ImageFile': 'Stimuli/9904.jpg'}
564.6103 	EXP 	image_reg: autoDraw = False
564.6103 	EXP 	image_reg: autoDraw = False
564.6103 	EXP 	text_fixcross: autoDraw = True
569.0544 	EXP 	text_fixcross: autoDraw = False
569.0544 	EXP 	text_fixcross: autoDraw = False
569.0544 	EXP 	image_reg: image = 'Stimuli/9904.jpg'
569.0544 	EXP 	image_reg: autoDraw = True
575.0465 	EXP 	New trial (rep=0, index=4): {'ImageFile': 'Stimuli/3185.jpg'}
575.0603 	EXP 	image_reg: autoDraw = False
575.0603 	EXP 	image_reg: autoDraw = False
575.0603 	EXP 	text_fixcross: autoDraw = True
578.3030 	EXP 	text_fixcross: autoDraw = False
578.3030 	EXP 	text_fixcross: autoDraw = False
578.3030 	EXP 	image_reg: image = 'Stimuli/3185.jpg'
578.3030 	EXP 	image_reg: autoDraw = True
584.2966 	EXP 	New trial (rep=0, index=5): {'ImageFile': 'Stimuli/3301.jpg'}
584.3105 	EXP 	image_reg: autoDraw = False
584.3105 	EXP 	image_reg: autoDraw = False
584.3105 	EXP 	text_fixcross: autoDraw = True
587.5520 	EXP 	text_fixcross: autoDraw = False
587.5520 	EXP 	text_fixcross: autoDraw = False
587.5520 	EXP 	image_reg: image = 'Stimuli/3301.jpg'
587.5520 	EXP 	image_reg: autoDraw = True
593.5466 	EXP 	New trial (rep=0, index=6): {'ImageFile': 'Stimuli/9145.jpg'}
593.5605 	EXP 	image_reg: autoDraw = False
593.5605 	EXP 	image_reg: autoDraw = False
593.5605 	EXP 	text_fixcross: autoDraw = True
598.0095 	EXP 	text_fixcross: autoDraw = False
598.0095 	EXP 	text_fixcross: autoDraw = False
598.0095 	EXP 	image_reg: image = 'Stimuli/9145.jpg'
598.0095 	EXP 	image_reg: autoDraw = True
603.9966 	EXP 	New trial (rep=0, index=7): {'ImageFile': 'Stimuli/9043.jpg'}
604.0104 	EXP 	image_reg: autoDraw = False
604.0104 	EXP 	image_reg: autoDraw = False
604.0104 	EXP 	text_fixcross: autoDraw = True
607.2597 	EXP 	text_fixcross: autoDraw = False
607.2597 	EXP 	text_fixcross: autoDraw = False
607.2597 	EXP 	image_reg: image = 'Stimuli/9043.jpg'
607.2597 	EXP 	image_reg: autoDraw = True
613.2465 	EXP 	New trial (rep=0, index=8): {'ImageFile': 'Stimuli/3160.jpg'}
613.2605 	EXP 	image_reg: autoDraw = False
613.2605 	EXP 	image_reg: autoDraw = False
613.2605 	EXP 	text_fixcross: autoDraw = True
616.4014 	EXP 	text_fixcross: autoDraw = False
616.4014 	EXP 	text_fixcross: autoDraw = False
616.4014 	EXP 	image_reg: image = 'Stimuli/3160.jpg'
616.4014 	EXP 	image_reg: autoDraw = True
622.3963 	EXP 	New trial (rep=0, index=9): {'ImageFile': 'Stimuli/9040.jpg'}
622.4101 	EXP 	image_reg: autoDraw = False
622.4101 	EXP 	image_reg: autoDraw = False
622.4101 	EXP 	text_fixcross: autoDraw = True
625.5391 	EXP 	text_fixcross: autoDraw = False
625.5391 	EXP 	text_fixcross: autoDraw = False
625.5391 	EXP 	image_reg: image = 'Stimuli/9040.jpg'
625.5391 	EXP 	image_reg: autoDraw = True
631.5301 	EXP 	New trial (rep=0, index=10): {'ImageFile': 'Stimuli/222.jpg'}
631.5437 	EXP 	image_reg: autoDraw = False
631.5437 	EXP 	image_reg: autoDraw = False
631.5437 	EXP 	text_fixcross: autoDraw = True
635.4718 	EXP 	text_fixcross: autoDraw = False
635.4718 	EXP 	text_fixcross: autoDraw = False
635.4718 	EXP 	image_reg: image = 'Stimuli/222.jpg'
635.4718 	EXP 	image_reg: autoDraw = True
641.4630 	EXP 	New trial (rep=0, index=11): {'ImageFile': 'Stimuli/9160.jpg'}
641.4775 	EXP 	image_reg: autoDraw = False
641.4775 	EXP 	image_reg: autoDraw = False
641.4775 	EXP 	text_fixcross: autoDraw = True
645.5322 	EXP 	text_fixcross: autoDraw = False
645.5322 	EXP 	text_fixcross: autoDraw = False
645.5322 	EXP 	image_reg: image = 'Stimuli/9160.jpg'
645.5322 	EXP 	image_reg: autoDraw = True
651.5299 	EXP 	New trial (rep=0, index=12): {'ImageFile': 'Stimuli/210.jpg'}
651.5435 	EXP 	image_reg: autoDraw = False
651.5435 	EXP 	image_reg: autoDraw = False
651.5435 	EXP 	text_fixcross: autoDraw = True
655.2667 	EXP 	text_fixcross: autoDraw = False
655.2667 	EXP 	text_fixcross: autoDraw = False
655.2667 	EXP 	image_reg: image = 'Stimuli/210.jpg'
655.2667 	EXP 	image_reg: autoDraw = True
661.2631 	EXP 	New trial (rep=0, index=13): {'ImageFile': 'Stimuli/6562.jpg'}
661.2770 	EXP 	image_reg: autoDraw = False
661.2770 	EXP 	image_reg: autoDraw = False
661.2770 	EXP 	text_fixcross: autoDraw = True
666.2259 	EXP 	text_fixcross: autoDraw = False
666.2259 	EXP 	text_fixcross: autoDraw = False
666.2259 	EXP 	image_reg: image = 'Stimuli/6562.jpg'
666.2259 	EXP 	image_reg: autoDraw = True
672.2132 	EXP 	New trial (rep=0, index=14): {'ImageFile': 'Stimuli/218.jpg'}
672.2274 	EXP 	image_reg: autoDraw = False
672.2274 	EXP 	image_reg: autoDraw = False
672.2274 	EXP 	text_fixcross: autoDraw = True
676.6687 	EXP 	text_fixcross: autoDraw = False
676.6687 	EXP 	text_fixcross: autoDraw = False
676.6687 	EXP 	image_reg: image = 'Stimuli/218.jpg'
676.6687 	EXP 	image_reg: autoDraw = True
682.6632 	EXP 	New trial (rep=0, index=15): {'ImageFile': 'Stimuli/251.jpg'}
682.6770 	EXP 	image_reg: autoDraw = False
682.6770 	EXP 	image_reg: autoDraw = False
682.6770 	EXP 	text_fixcross: autoDraw = True
685.8042 	EXP 	text_fixcross: autoDraw = False
685.8042 	EXP 	text_fixcross: autoDraw = False
685.8042 	EXP 	image_reg: image = 'Stimuli/251.jpg'
685.8042 	EXP 	image_reg: autoDraw = True
691.7964 	EXP 	New trial (rep=0, index=16): {'ImageFile': 'Stimuli/9031.jpg'}
691.8103 	EXP 	image_reg: autoDraw = False
691.8103 	EXP 	image_reg: autoDraw = False
691.8103 	EXP 	text_fixcross: autoDraw = True
696.7699 	EXP 	text_fixcross: autoDraw = False
696.7699 	EXP 	text_fixcross: autoDraw = False
696.7699 	EXP 	image_reg: image = 'Stimuli/9031.jpg'
696.7699 	EXP 	image_reg: autoDraw = True
702.7632 	EXP 	New trial (rep=0, index=17): {'ImageFile': 'Stimuli/9184.jpg'}
702.7769 	EXP 	image_reg: autoDraw = False
702.7769 	EXP 	image_reg: autoDraw = False
702.7769 	EXP 	text_fixcross: autoDraw = True
707.0270 	EXP 	text_fixcross: autoDraw = False
707.0270 	EXP 	text_fixcross: autoDraw = False
707.0270 	EXP 	image_reg: image = 'Stimuli/9184.jpg'
707.0270 	EXP 	image_reg: autoDraw = True
713.0132 	EXP 	New trial (rep=0, index=18): {'ImageFile': 'Stimuli/246.jpg'}
713.0270 	EXP 	image_reg: autoDraw = False
713.0270 	EXP 	image_reg: autoDraw = False
713.0270 	EXP 	text_fixcross: autoDraw = True
717.6501 	EXP 	text_fixcross: autoDraw = False
717.6501 	EXP 	text_fixcross: autoDraw = False
717.6501 	EXP 	image_reg: image = 'Stimuli/246.jpg'
717.6501 	EXP 	image_reg: autoDraw = True
723.6466 	EXP 	New trial (rep=0, index=19): {'ImageFile': 'Stimuli/9042.jpg'}
723.6604 	EXP 	image_reg: autoDraw = False
723.6604 	EXP 	image_reg: autoDraw = False
723.6604 	EXP 	text_fixcross: autoDraw = True
726.8080 	EXP 	text_fixcross: autoDraw = False
726.8080 	EXP 	text_fixcross: autoDraw = False
726.8080 	EXP 	image_reg: image = 'Stimuli/9042.jpg'
726.8080 	EXP 	image_reg: autoDraw = True
732.8291 	EXP 	image_reg: autoDraw = False
732.8291 	EXP 	image_reg: autoDraw = False
732.8291 	EXP 	slider_arousal: markerPos = None
732.8291 	EXP 	slider_arousal: markerPos = None
732.8291 	EXP 	slider_arousal: rating = None
732.8291 	EXP 	text_slider_arousal: autoDraw = True
732.8291 	EXP 	slider_arousal: autoDraw = True
740.2457 	DATA 	Mouse: Left button down, pos=(495,332)
740.2605 	EXP 	slider_arousal: markerPos = 27.777777777777768
740.2774 	EXP 	slider_arousal: markerPos = 27.777777777777768
740.2940 	EXP 	slider_arousal: markerPos = 27.777777777777768
740.3098 	EXP 	slider_arousal: markerPos = 27.777777777777768
740.3255 	EXP 	slider_arousal: markerPos = 27.777777777777768
740.3420 	EXP 	slider_arousal: markerPos = 27.777777777777768
740.3583 	EXP 	slider_arousal: markerPos = 27.777777777777768
740.3750 	EXP 	slider_arousal: markerPos = 27.777777777777768
740.3916 	EXP 	slider_arousal: markerPos = 27.777777777777768
740.4084 	EXP 	slider_arousal: markerPos = 27.777777777777768
740.4251 	EXP 	slider_arousal: markerPos = 27.777777777777768
740.4333 	DATA 	Mouse:  Left button up, pos=(495,332)
740.4416 	EXP 	slider_arousal: markerPos = 27.777777777777768
740.4588 	EXP 	slider_arousal: markerPos = 27.777777777777768
740.4588 	EXP 	slider_arousal: rating = 27.777777777777768
740.4804 	EXP 	text_slider_arousal: autoDraw = False
740.4804 	EXP 	slider_arousal: autoDraw = False
740.4804 	EXP 	slider_effort: markerPos = None
740.4804 	EXP 	slider_effort: markerPos = None
740.4804 	EXP 	slider_effort: rating = None
740.4804 	EXP 	text_slider_effort: autoDraw = True
740.4804 	EXP 	slider_effort: autoDraw = True
744.7783 	DATA 	Mouse: Left button down, pos=(610,316)
744.7919 	EXP 	slider_effort: markerPos = 70.37037037037037
744.8087 	EXP 	slider_effort: markerPos = 70.37037037037037
744.8253 	EXP 	slider_effort: markerPos = 70.37037037037037
744.8420 	EXP 	slider_effort: markerPos = 70.37037037037037
744.8586 	EXP 	slider_effort: markerPos = 70.37037037037037
744.8753 	EXP 	slider_effort: markerPos = 70.37037037037037
744.8839 	DATA 	Mouse:  Left button up, pos=(610,316)
744.8920 	EXP 	slider_effort: markerPos = 70.37037037037037
744.9094 	EXP 	slider_effort: markerPos = 70.37037037037037
744.9094 	EXP 	slider_effort: rating = 70.37037037037037
744.9139 	EXP 	New trial (rep=0, index=1): {'Block': 5, 'conds_reg_File': 'StimuliNegative.xlsx', 'n_reps': 1, 'TriggerBlockReg': 25, 'instr_1': 'UNTERDRÜCKEN', 'instr_2': 'Unterdrücken Sie alle aufkommenden Emotionen. Wenn Sie also die Bilder ansehen, verhalten Sie sich so, dass eine außenstehende Person nicht sehen kann, welche Emotionen Sie gerade empfinden.'}
744.9459 	EXP 	text_slider_effort: autoDraw = False
744.9459 	EXP 	slider_effort: autoDraw = False
744.9459 	EXP 	text_Instruction: text = 'UNTERDRÜCKEN\n\nIn diesem Block werden Sie eine Reihe von Bildern sehen. Diese sollen Sie aufmerksam ansehen.\nUnterdrücken Sie alle aufkommenden Emotionen. Wenn Sie also die Bilder ansehen, verhalten Sie sich so, dass eine außenstehende Person nicht sehen kann, welche Emotionen Sie gerade empfinden.\n\nBitte konzentrieren Sie Ihre Regulationsbemühungen nur auf das Bild, nicht aber auf die Zeiträume zwischen den Bildern.\n\nZum Starten des Blocks Leertaste drücken'
744.9459 	EXP 	text_Instruction: autoDraw = True
762.7100 	EXP 	Imported StimuliNegative_4.xlsx as conditions, 20 conditions, 1 params
762.7104 	EXP 	Created sequence: random, trialTypes=20, nReps=1, seed=None
762.7106 	EXP 	New trial (rep=0, index=0): {'ImageFile': 'Stimuli/9420.jpg'}
762.7138 	DATA 	Keypress: space
762.7177 	EXP 	text_Instruction: autoDraw = False
762.7177 	EXP 	text_fixcross: autoDraw = True
767.5545 	EXP 	text_fixcross: autoDraw = False
767.5545 	EXP 	text_fixcross: autoDraw = False
767.5545 	EXP 	image_reg: image = 'Stimuli/9420.jpg'
767.5545 	EXP 	image_reg: autoDraw = True
773.5473 	EXP 	New trial (rep=0, index=1): {'ImageFile': 'Stimuli/9599.jpg'}
773.5605 	EXP 	image_reg: autoDraw = False
773.5605 	EXP 	image_reg: autoDraw = False
773.5605 	EXP 	text_fixcross: autoDraw = True
777.9125 	EXP 	text_fixcross: autoDraw = False
777.9125 	EXP 	text_fixcross: autoDraw = False
777.9125 	EXP 	image_reg: image = 'Stimuli/9599.jpg'
777.9125 	EXP 	image_reg: autoDraw = True
783.9131 	EXP 	New trial (rep=0, index=2): {'ImageFile': 'Stimuli/9120.jpg'}
783.9269 	EXP 	image_reg: autoDraw = False
783.9269 	EXP 	image_reg: autoDraw = False
783.9269 	EXP 	text_fixcross: autoDraw = True
787.0696 	EXP 	text_fixcross: autoDraw = False
787.0696 	EXP 	text_fixcross: autoDraw = False
787.0696 	EXP 	image_reg: image = 'Stimuli/9120.jpg'
787.0696 	EXP 	image_reg: autoDraw = True
793.0631 	EXP 	New trial (rep=0, index=3): {'ImageFile': 'Stimuli/6838.jpg'}
793.0769 	EXP 	image_reg: autoDraw = False
793.0769 	EXP 	image_reg: autoDraw = False
793.0769 	EXP 	text_fixcross: autoDraw = True
797.7046 	EXP 	text_fixcross: autoDraw = False
797.7046 	EXP 	text_fixcross: autoDraw = False
797.7046 	EXP 	image_reg: image = 'Stimuli/6838.jpg'
797.7046 	EXP 	image_reg: autoDraw = True
803.6964 	EXP 	New trial (rep=0, index=4): {'ImageFile': 'Stimuli/6561.jpg'}
803.7104 	EXP 	image_reg: autoDraw = False
803.7104 	EXP 	image_reg: autoDraw = False
803.7104 	EXP 	text_fixcross: autoDraw = True
808.2594 	EXP 	text_fixcross: autoDraw = False
808.2594 	EXP 	text_fixcross: autoDraw = False
808.2594 	EXP 	image_reg: image = 'Stimuli/6561.jpg'
808.2594 	EXP 	image_reg: autoDraw = True
814.2469 	EXP 	New trial (rep=0, index=5): {'ImageFile': 'Stimuli/2800.jpg'}
814.2609 	EXP 	image_reg: autoDraw = False
814.2609 	EXP 	image_reg: autoDraw = False
814.2609 	EXP 	text_fixcross: autoDraw = True
817.4102 	EXP 	text_fixcross: autoDraw = False
817.4102 	EXP 	text_fixcross: autoDraw = False
817.4102 	EXP 	image_reg: image = 'Stimuli/2800.jpg'
817.4102 	EXP 	image_reg: autoDraw = True
823.3964 	EXP 	New trial (rep=0, index=6): {'ImageFile': 'Stimuli/9295.jpg'}
823.4103 	EXP 	image_reg: autoDraw = False
823.4103 	EXP 	image_reg: autoDraw = False
823.4103 	EXP 	text_fixcross: autoDraw = True
826.4606 	EXP 	text_fixcross: autoDraw = False
826.4606 	EXP 	text_fixcross: autoDraw = False
826.4606 	EXP 	image_reg: image = 'Stimuli/9295.jpg'
826.4606 	EXP 	image_reg: autoDraw = True
832.4632 	EXP 	New trial (rep=0, index=7): {'ImageFile': 'Stimuli/9254.jpg'}
832.4769 	EXP 	image_reg: autoDraw = False
832.4769 	EXP 	image_reg: autoDraw = False
832.4769 	EXP 	text_fixcross: autoDraw = True
836.3095 	EXP 	text_fixcross: autoDraw = False
836.3095 	EXP 	text_fixcross: autoDraw = False
836.3095 	EXP 	image_reg: image = 'Stimuli/9254.jpg'
836.3095 	EXP 	image_reg: autoDraw = True
842.2966 	EXP 	New trial (rep=0, index=8): {'ImageFile': 'Stimuli/9421.jpg'}
842.3105 	EXP 	image_reg: autoDraw = False
842.3105 	EXP 	image_reg: autoDraw = False
842.3105 	EXP 	text_fixcross: autoDraw = True
846.7583 	EXP 	text_fixcross: autoDraw = False
846.7583 	EXP 	text_fixcross: autoDraw = False
846.7583 	EXP 	image_reg: image = 'Stimuli/9421.jpg'
846.7583 	EXP 	image_reg: autoDraw = True
852.7459 	EXP 	New trial (rep=0, index=9): {'ImageFile': 'Stimuli/9230.jpg'}
852.7600 	EXP 	image_reg: autoDraw = False
852.7600 	EXP 	image_reg: autoDraw = False
852.7600 	EXP 	text_fixcross: autoDraw = True
855.8844 	EXP 	text_fixcross: autoDraw = False
855.8844 	EXP 	text_fixcross: autoDraw = False
855.8844 	EXP 	image_reg: image = 'Stimuli/9230.jpg'
855.8844 	EXP 	image_reg: autoDraw = True
861.8798 	EXP 	New trial (rep=0, index=10): {'ImageFile': 'Stimuli/9905.jpg'}
861.8935 	EXP 	image_reg: autoDraw = False
861.8935 	EXP 	image_reg: autoDraw = False
861.8935 	EXP 	text_fixcross: autoDraw = True
865.6435 	EXP 	text_fixcross: autoDraw = False
865.6435 	EXP 	text_fixcross: autoDraw = False
865.6435 	EXP 	image_reg: image = 'Stimuli/9905.jpg'
865.6435 	EXP 	image_reg: autoDraw = True
871.6299 	EXP 	New trial (rep=0, index=11): {'ImageFile': 'Stimuli/3061.jpg'}
871.6437 	EXP 	image_reg: autoDraw = False
871.6437 	EXP 	image_reg: autoDraw = False
871.6437 	EXP 	text_fixcross: autoDraw = True
875.0952 	EXP 	text_fixcross: autoDraw = False
875.0952 	EXP 	text_fixcross: autoDraw = False
875.0952 	EXP 	image_reg: image = 'Stimuli/3061.jpg'
875.0952 	EXP 	image_reg: autoDraw = True
881.0964 	EXP 	New trial (rep=0, index=12): {'ImageFile': 'Stimuli/227.jpg'}
881.1102 	EXP 	image_reg: autoDraw = False
881.1102 	EXP 	image_reg: autoDraw = False
881.1102 	EXP 	text_fixcross: autoDraw = True
884.6437 	EXP 	text_fixcross: autoDraw = False
884.6437 	EXP 	text_fixcross: autoDraw = False
884.6437 	EXP 	image_reg: image = 'Stimuli/227.jpg'
884.6437 	EXP 	image_reg: autoDraw = True
890.6462 	EXP 	New trial (rep=0, index=13): {'ImageFile': 'Stimuli/9332.jpg'}
890.6602 	EXP 	image_reg: autoDraw = False
890.6602 	EXP 	image_reg: autoDraw = False
890.6602 	EXP 	text_fixcross: autoDraw = True
895.5185 	EXP 	text_fixcross: autoDraw = False
895.5185 	EXP 	text_fixcross: autoDraw = False
895.5185 	EXP 	image_reg: image = 'Stimuli/9332.jpg'
895.5185 	EXP 	image_reg: autoDraw = True
901.5130 	EXP 	New trial (rep=0, index=14): {'ImageFile': 'Stimuli/9181.jpg'}
901.5266 	EXP 	image_reg: autoDraw = False
901.5266 	EXP 	image_reg: autoDraw = False
901.5266 	EXP 	text_fixcross: autoDraw = True
905.5735 	EXP 	text_fixcross: autoDraw = False
905.5735 	EXP 	text_fixcross: autoDraw = False
905.5735 	EXP 	image_reg: image = 'Stimuli/9181.jpg'
905.5735 	EXP 	image_reg: autoDraw = True
911.5629 	EXP 	New trial (rep=0, index=15): {'ImageFile': 'Stimuli/1051.jpg'}
911.5768 	EXP 	image_reg: autoDraw = False
911.5768 	EXP 	image_reg: autoDraw = False
911.5768 	EXP 	text_fixcross: autoDraw = True
915.0028 	EXP 	text_fixcross: autoDraw = False
915.0028 	EXP 	text_fixcross: autoDraw = False
915.0028 	EXP 	image_reg: image = 'Stimuli/1051.jpg'
915.0028 	EXP 	image_reg: autoDraw = True
920.9964 	EXP 	New trial (rep=0, index=16): {'ImageFile': 'Stimuli/9411.jpg'}
921.0102 	EXP 	image_reg: autoDraw = False
921.0102 	EXP 	image_reg: autoDraw = False
921.0102 	EXP 	text_fixcross: autoDraw = True
925.8580 	EXP 	text_fixcross: autoDraw = False
925.8580 	EXP 	text_fixcross: autoDraw = False
925.8580 	EXP 	image_reg: image = 'Stimuli/9411.jpg'
925.8580 	EXP 	image_reg: autoDraw = True
931.8465 	EXP 	New trial (rep=0, index=17): {'ImageFile': 'Stimuli/3230.jpg'}
931.8606 	EXP 	image_reg: autoDraw = False
931.8606 	EXP 	image_reg: autoDraw = False
931.8606 	EXP 	text_fixcross: autoDraw = True
936.8032 	EXP 	text_fixcross: autoDraw = False
936.8032 	EXP 	text_fixcross: autoDraw = False
936.8032 	EXP 	image_reg: image = 'Stimuli/3230.jpg'
936.8032 	EXP 	image_reg: autoDraw = True
942.7964 	EXP 	New trial (rep=0, index=18): {'ImageFile': 'Stimuli/252.jpg'}
942.8101 	EXP 	image_reg: autoDraw = False
942.8101 	EXP 	image_reg: autoDraw = False
942.8101 	EXP 	text_fixcross: autoDraw = True
947.0344 	EXP 	text_fixcross: autoDraw = False
947.0344 	EXP 	text_fixcross: autoDraw = False
947.0344 	EXP 	image_reg: image = 'Stimuli/252.jpg'
947.0344 	EXP 	image_reg: autoDraw = True
953.0297 	EXP 	New trial (rep=0, index=19): {'ImageFile': 'Stimuli/9185.jpg'}
953.0435 	EXP 	image_reg: autoDraw = False
953.0435 	EXP 	image_reg: autoDraw = False
953.0435 	EXP 	text_fixcross: autoDraw = True
956.3968 	EXP 	text_fixcross: autoDraw = False
956.3968 	EXP 	text_fixcross: autoDraw = False
956.3968 	EXP 	image_reg: image = 'Stimuli/9185.jpg'
956.3968 	EXP 	image_reg: autoDraw = True
962.4300 	EXP 	image_reg: autoDraw = False
962.4300 	EXP 	image_reg: autoDraw = False
962.4300 	EXP 	slider_arousal: markerPos = None
962.4300 	EXP 	slider_arousal: markerPos = None
962.4300 	EXP 	slider_arousal: rating = None
962.4300 	EXP 	text_slider_arousal: autoDraw = True
962.4300 	EXP 	slider_arousal: autoDraw = True
969.8331 	DATA 	Mouse: Left button down, pos=(610,311)
969.8604 	EXP 	slider_arousal: markerPos = 70.37037037037037
969.8774 	EXP 	slider_arousal: markerPos = 70.37037037037037
969.8938 	EXP 	slider_arousal: markerPos = 70.37037037037037
969.9096 	EXP 	slider_arousal: markerPos = 70.37037037037037
969.9255 	EXP 	slider_arousal: markerPos = 70.37037037037037
969.9289 	DATA 	Mouse:  Left button up, pos=(610,311)
969.9426 	EXP 	slider_arousal: markerPos = 70.37037037037037
969.9426 	EXP 	slider_arousal: rating = 70.37037037037037
969.9641 	EXP 	text_slider_arousal: autoDraw = False
969.9641 	EXP 	slider_arousal: autoDraw = False
969.9641 	EXP 	slider_effort: markerPos = None
969.9641 	EXP 	slider_effort: markerPos = None
969.9641 	EXP 	slider_effort: rating = None
969.9641 	EXP 	text_slider_effort: autoDraw = True
969.9641 	EXP 	slider_effort: autoDraw = True
971.6121 	DATA 	Mouse: Left button down, pos=(709,322)
971.6267 	EXP 	slider_effort: markerPos = 107.03703703703704
971.6437 	EXP 	slider_effort: markerPos = 107.03703703703704
971.6605 	EXP 	slider_effort: markerPos = 107.03703703703704
971.6771 	EXP 	slider_effort: markerPos = 107.03703703703704
971.6931 	EXP 	slider_effort: markerPos = 107.03703703703704
971.7088 	EXP 	slider_effort: markerPos = 107.03703703703704
971.7249 	EXP 	slider_effort: markerPos = 107.03703703703704
971.7332 	DATA 	Mouse:  Left button up, pos=(709,322)
971.7420 	EXP 	slider_effort: markerPos = 107.03703703703704
971.7587 	EXP 	slider_effort: markerPos = 107.03703703703704
971.7587 	EXP 	slider_effort: rating = 107.03703703703704
971.7627 	EXP 	New trial (rep=0, index=2): {'Block': 4, 'conds_reg_File': 'StimuliNegative.xlsx', 'n_reps': 1, 'TriggerBlockReg': 24, 'instr_1': 'DISTANZIEREN', 'instr_2': 'Nehmen Sie die Position eines uninvolvierten Beobachters ein. Denken Sie über das Bild in einer neutralen Weise nach.'}
971.7873 	EXP 	text_slider_effort: autoDraw = False
971.7873 	EXP 	slider_effort: autoDraw = False
971.7873 	EXP 	text_Instruction: text = 'DISTANZIEREN\n\nIn diesem Block werden Sie eine Reihe von Bildern sehen. Diese sollen Sie aufmerksam ansehen.\nNehmen Sie die Position eines uninvolvierten Beobachters ein. Denken Sie über das Bild in einer neutralen Weise nach.\n\nBitte konzentrieren Sie Ihre Regulationsbemühungen nur auf das Bild, nicht aber auf die Zeiträume zwischen den Bildern.\n\nZum Starten des Blocks Leertaste drücken'
971.7873 	EXP 	text_Instruction: autoDraw = True
985.9570 	EXP 	Imported StimuliNegative_5.xlsx as conditions, 20 conditions, 1 params
985.9576 	EXP 	Created sequence: random, trialTypes=20, nReps=1, seed=None
985.9579 	EXP 	New trial (rep=0, index=0): {'ImageFile': 'Stimuli/3220.jpg'}
985.9612 	DATA 	Keypress: space
985.9651 	EXP 	text_Instruction: autoDraw = False
985.9651 	EXP 	text_fixcross: autoDraw = True
990.7086 	EXP 	text_fixcross: autoDraw = False
990.7086 	EXP 	text_fixcross: autoDraw = False
990.7086 	EXP 	image_reg: image = 'Stimuli/3220.jpg'
990.7086 	EXP 	image_reg: autoDraw = True
996.6971 	EXP 	New trial (rep=0, index=1): {'ImageFile': 'Stimuli/9423.jpg'}
996.7103 	EXP 	image_reg: autoDraw = False
996.7103 	EXP 	image_reg: autoDraw = False
996.7103 	EXP 	text_fixcross: autoDraw = True
1000.2568 	EXP 	text_fixcross: autoDraw = False
1000.2568 	EXP 	text_fixcross: autoDraw = False
1000.2568 	EXP 	image_reg: image = 'Stimuli/9423.jpg'
1000.2568 	EXP 	image_reg: autoDraw = True
1006.2463 	EXP 	New trial (rep=0, index=2): {'ImageFile': 'Stimuli/223.jpg'}
1006.2600 	EXP 	image_reg: autoDraw = False
1006.2600 	EXP 	image_reg: autoDraw = False
1006.2600 	EXP 	text_fixcross: autoDraw = True
1010.5037 	EXP 	text_fixcross: autoDraw = False
1010.5037 	EXP 	text_fixcross: autoDraw = False
1010.5037 	EXP 	image_reg: image = 'Stimuli/223.jpg'
1010.5037 	EXP 	image_reg: autoDraw = True
1016.4965 	EXP 	New trial (rep=0, index=3): {'ImageFile': 'Stimuli/6020.jpg'}
1016.5102 	EXP 	image_reg: autoDraw = False
1016.5102 	EXP 	image_reg: autoDraw = False
1016.5102 	EXP 	text_fixcross: autoDraw = True
1020.4531 	EXP 	text_fixcross: autoDraw = False
1020.4531 	EXP 	text_fixcross: autoDraw = False
1020.4531 	EXP 	image_reg: image = 'Stimuli/6020.jpg'
1020.4531 	EXP 	image_reg: autoDraw = True
1026.4462 	EXP 	New trial (rep=0, index=4): {'ImageFile': 'Stimuli/238.jpg'}
1026.4601 	EXP 	image_reg: autoDraw = False
1026.4601 	EXP 	image_reg: autoDraw = False
1026.4601 	EXP 	text_fixcross: autoDraw = True
1030.6051 	EXP 	text_fixcross: autoDraw = False
1030.6051 	EXP 	text_fixcross: autoDraw = False
1030.6051 	EXP 	image_reg: image = 'Stimuli/238.jpg'
1030.6051 	EXP 	image_reg: autoDraw = True
1036.5958 	EXP 	New trial (rep=0, index=5): {'ImageFile': 'Stimuli/2981.jpg'}
1036.6098 	EXP 	image_reg: autoDraw = False
1036.6098 	EXP 	image_reg: autoDraw = False
1036.6098 	EXP 	text_fixcross: autoDraw = True
1041.4439 	EXP 	text_fixcross: autoDraw = False
1041.4439 	EXP 	text_fixcross: autoDraw = False
1041.4439 	EXP 	image_reg: image = 'Stimuli/2981.jpg'
1041.4439 	EXP 	image_reg: autoDraw = True
1047.4463 	EXP 	New trial (rep=0, index=6): {'ImageFile': 'Stimuli/3101.jpg'}
1047.4601 	EXP 	image_reg: autoDraw = False
1047.4601 	EXP 	image_reg: autoDraw = False
1047.4601 	EXP 	text_fixcross: autoDraw = True
1050.9886 	EXP 	text_fixcross: autoDraw = False
1050.9886 	EXP 	text_fixcross: autoDraw = False
1050.9886 	EXP 	image_reg: image = 'Stimuli/3101.jpg'
1050.9886 	EXP 	image_reg: autoDraw = True
1056.9796 	EXP 	New trial (rep=0, index=7): {'ImageFile': 'Stimuli/3225.jpg'}
1056.9935 	EXP 	image_reg: autoDraw = False
1056.9935 	EXP 	image_reg: autoDraw = False
1056.9935 	EXP 	text_fixcross: autoDraw = True
1060.3416 	EXP 	text_fixcross: autoDraw = False
1060.3416 	EXP 	text_fixcross: autoDraw = False
1060.3416 	EXP 	image_reg: image = 'Stimuli/3225.jpg'
1060.3416 	EXP 	image_reg: autoDraw = True
1066.3294 	EXP 	New trial (rep=0, index=8): {'ImageFile': 'Stimuli/9405.jpg'}
1066.3432 	EXP 	image_reg: autoDraw = False
1066.3432 	EXP 	image_reg: autoDraw = False
1066.3432 	EXP 	text_fixcross: autoDraw = True
1071.0877 	EXP 	text_fixcross: autoDraw = False
1071.0877 	EXP 	text_fixcross: autoDraw = False
1071.0877 	EXP 	image_reg: image = 'Stimuli/9405.jpg'
1071.0877 	EXP 	image_reg: autoDraw = True
1077.0795 	EXP 	New trial (rep=0, index=9): {'ImageFile': 'Stimuli/245.jpg'}
1077.0932 	EXP 	image_reg: autoDraw = False
1077.0932 	EXP 	image_reg: autoDraw = False
1077.0932 	EXP 	text_fixcross: autoDraw = True
1081.8208 	EXP 	text_fixcross: autoDraw = False
1081.8208 	EXP 	text_fixcross: autoDraw = False
1081.8208 	EXP 	image_reg: image = 'Stimuli/245.jpg'
1081.8208 	EXP 	image_reg: autoDraw = True
1087.8129 	EXP 	New trial (rep=0, index=10): {'ImageFile': 'Stimuli/6571.jpg'}
1087.8267 	EXP 	image_reg: autoDraw = False
1087.8267 	EXP 	image_reg: autoDraw = False
1087.8267 	EXP 	text_fixcross: autoDraw = True
1090.8622 	EXP 	text_fixcross: autoDraw = False
1090.8622 	EXP 	text_fixcross: autoDraw = False
1090.8622 	EXP 	image_reg: image = 'Stimuli/6571.jpg'
1090.8622 	EXP 	image_reg: autoDraw = True
1096.8630 	EXP 	New trial (rep=0, index=11): {'ImageFile': 'Stimuli/6831.jpg'}
1096.8771 	EXP 	image_reg: autoDraw = False
1096.8771 	EXP 	image_reg: autoDraw = False
1096.8771 	EXP 	text_fixcross: autoDraw = True
1101.5257 	EXP 	text_fixcross: autoDraw = False
1101.5257 	EXP 	text_fixcross: autoDraw = False
1101.5257 	EXP 	image_reg: image = 'Stimuli/6831.jpg'
1101.5257 	EXP 	image_reg: autoDraw = True
1107.5130 	EXP 	New trial (rep=0, index=12): {'ImageFile': 'Stimuli/3181.jpg'}
1107.5272 	EXP 	image_reg: autoDraw = False
1107.5272 	EXP 	image_reg: autoDraw = False
1107.5272 	EXP 	text_fixcross: autoDraw = True
1111.9767 	EXP 	text_fixcross: autoDraw = False
1111.9767 	EXP 	text_fixcross: autoDraw = False
1111.9767 	EXP 	image_reg: image = 'Stimuli/3181.jpg'
1111.9767 	EXP 	image_reg: autoDraw = True
1117.9627 	EXP 	New trial (rep=0, index=13): {'ImageFile': 'Stimuli/9402.jpg'}
1117.9766 	EXP 	image_reg: autoDraw = False
1117.9766 	EXP 	image_reg: autoDraw = False
1117.9766 	EXP 	text_fixcross: autoDraw = True
1122.0225 	EXP 	text_fixcross: autoDraw = False
1122.0225 	EXP 	text_fixcross: autoDraw = False
1122.0225 	EXP 	image_reg: image = 'Stimuli/9402.jpg'
1122.0225 	EXP 	image_reg: autoDraw = True
1128.0129 	EXP 	New trial (rep=0, index=14): {'ImageFile': 'Stimuli/3215.jpg'}
1128.0267 	EXP 	image_reg: autoDraw = False
1128.0267 	EXP 	image_reg: autoDraw = False
1128.0267 	EXP 	text_fixcross: autoDraw = True
1132.5724 	EXP 	text_fixcross: autoDraw = False
1132.5724 	EXP 	text_fixcross: autoDraw = False
1132.5724 	EXP 	image_reg: image = 'Stimuli/3215.jpg'
1132.5724 	EXP 	image_reg: autoDraw = True
1138.5628 	EXP 	New trial (rep=0, index=15): {'ImageFile': 'Stimuli/3016.jpg'}
1138.5767 	EXP 	image_reg: autoDraw = False
1138.5767 	EXP 	image_reg: autoDraw = False
1138.5767 	EXP 	text_fixcross: autoDraw = True
1142.2021 	EXP 	text_fixcross: autoDraw = False
1142.2021 	EXP 	text_fixcross: autoDraw = False
1142.2021 	EXP 	image_reg: image = 'Stimuli/3016.jpg'
1142.2021 	EXP 	image_reg: autoDraw = True
1148.1964 	EXP 	New trial (rep=0, index=16): {'ImageFile': 'Stimuli/9373.jpg'}
1148.2104 	EXP 	image_reg: autoDraw = False
1148.2104 	EXP 	image_reg: autoDraw = False
1148.2104 	EXP 	text_fixcross: autoDraw = True
1152.7588 	EXP 	text_fixcross: autoDraw = False
1152.7588 	EXP 	text_fixcross: autoDraw = False
1152.7588 	EXP 	image_reg: image = 'Stimuli/9373.jpg'
1152.7588 	EXP 	image_reg: autoDraw = True
1158.7462 	EXP 	New trial (rep=0, index=17): {'ImageFile': 'Stimuli/9400.jpg'}
1158.7600 	EXP 	image_reg: autoDraw = False
1158.7600 	EXP 	image_reg: autoDraw = False
1158.7600 	EXP 	text_fixcross: autoDraw = True
1162.9084 	EXP 	text_fixcross: autoDraw = False
1162.9084 	EXP 	text_fixcross: autoDraw = False
1162.9084 	EXP 	image_reg: image = 'Stimuli/9400.jpg'
1162.9084 	EXP 	image_reg: autoDraw = True
1168.8962 	EXP 	New trial (rep=0, index=18): {'ImageFile': 'Stimuli/9403.jpg'}
1168.9100 	EXP 	image_reg: autoDraw = False
1168.9100 	EXP 	image_reg: autoDraw = False
1168.9100 	EXP 	text_fixcross: autoDraw = True
1172.2529 	EXP 	text_fixcross: autoDraw = False
1172.2529 	EXP 	text_fixcross: autoDraw = False
1172.2529 	EXP 	image_reg: image = 'Stimuli/9403.jpg'
1172.2529 	EXP 	image_reg: autoDraw = True
1178.2464 	EXP 	New trial (rep=0, index=19): {'ImageFile': 'Stimuli/8231.jpg'}
1178.2603 	EXP 	image_reg: autoDraw = False
1178.2603 	EXP 	image_reg: autoDraw = False
1178.2603 	EXP 	text_fixcross: autoDraw = True
1182.9054 	EXP 	text_fixcross: autoDraw = False
1182.9054 	EXP 	text_fixcross: autoDraw = False
1182.9054 	EXP 	image_reg: image = 'Stimuli/8231.jpg'
1182.9054 	EXP 	image_reg: autoDraw = True
1188.9226 	EXP 	image_reg: autoDraw = False
1188.9226 	EXP 	image_reg: autoDraw = False
1188.9226 	EXP 	slider_arousal: markerPos = None
1188.9226 	EXP 	slider_arousal: markerPos = None
1188.9226 	EXP 	slider_arousal: rating = None
1188.9226 	EXP 	text_slider_arousal: autoDraw = True
1188.9226 	EXP 	slider_arousal: autoDraw = True
1196.4117 	DATA 	Mouse: Left button down, pos=(600,321)
1196.4252 	EXP 	slider_arousal: markerPos = 66.66666666666667
1196.4418 	EXP 	slider_arousal: markerPos = 66.66666666666667
1196.4584 	EXP 	slider_arousal: markerPos = 66.66666666666667
1196.4752 	EXP 	slider_arousal: markerPos = 66.66666666666667
1196.4920 	EXP 	slider_arousal: markerPos = 66.66666666666667
1196.5087 	EXP 	slider_arousal: markerPos = 66.66666666666667
1196.5173 	DATA 	Mouse:  Left button up, pos=(600,321)
1196.5252 	EXP 	slider_arousal: markerPos = 66.66666666666667
1196.5423 	EXP 	slider_arousal: markerPos = 66.66666666666667
1196.5423 	EXP 	slider_arousal: rating = 66.66666666666667
1196.5639 	EXP 	text_slider_arousal: autoDraw = False
1196.5639 	EXP 	slider_arousal: autoDraw = False
1196.5639 	EXP 	slider_effort: markerPos = None
1196.5639 	EXP 	slider_effort: markerPos = None
1196.5639 	EXP 	slider_effort: rating = None
1196.5639 	EXP 	text_slider_effort: autoDraw = True
1196.5639 	EXP 	slider_effort: autoDraw = True
1202.5453 	DATA 	Mouse: Left button down, pos=(714,316)
1202.5601 	EXP 	slider_effort: markerPos = 108.8888888888889
1202.5770 	EXP 	slider_effort: markerPos = 108.8888888888889
1202.5937 	EXP 	slider_effort: markerPos = 108.8888888888889
1202.6095 	EXP 	slider_effort: markerPos = 108.8888888888889
1202.6253 	EXP 	slider_effort: markerPos = 108.8888888888889
1202.6287 	DATA 	Mouse:  Left button up, pos=(714,316)
1202.6428 	EXP 	slider_effort: markerPos = 108.8888888888889
1202.6428 	EXP 	slider_effort: rating = 108.8888888888889
1202.6590 	EXP 	text_slider_effort: autoDraw = False
1202.6590 	EXP 	slider_effort: autoDraw = False
1202.6590 	EXP 	text_EDinstruction: autoDraw = True
1229.8809 	EXP 	Imported Moneyvalues.xlsx as conditions, 7 conditions, 1 params
1229.8815 	EXP 	Created sequence: sequential, trialTypes=7, nReps=1, seed=None
1229.8819 	EXP 	New trial (rep=0, index=0): {'Currentstep': 0}
1229.8860 	DATA 	Keypress: space
1229.8897 	EXP 	text_EDinstruction: autoDraw = False
1229.8897 	EXP 	EDbufferscreen: autoDraw = True
1230.2539 	EXP 	EDbufferscreen: autoDraw = False
1230.2539 	EXP 	question: autoDraw = True
1246.8417 	DATA 	Mouse: Left button down, pos=(1112,380)
1246.8460 	EXP 	New trial (rep=0, index=1): {'Currentstep': 1}
1246.8680 	EXP 	question: autoDraw = False
1246.8680 	EXP 	EDbufferscreen: autoDraw = False
1246.8680 	EXP 	question: autoDraw = True
1246.9918 	DATA 	Mouse:  Left button up, pos=(1112,380)
1249.1147 	DATA 	Mouse: Left button down, pos=(765,381)
1249.1278 	EXP 	New trial (rep=0, index=2): {'Currentstep': 2}
1249.1454 	EXP 	question: autoDraw = False
1249.1454 	EXP 	EDbufferscreen: autoDraw = False
1249.1454 	EXP 	question: autoDraw = True
1249.2418 	DATA 	Mouse:  Left button up, pos=(765,381)
1263.4086 	DATA 	Mouse: Left button down, pos=(732,376)
1263.4123 	EXP 	New trial (rep=0, index=3): {'Currentstep': 3}
1263.4341 	EXP 	question: autoDraw = False
1263.4341 	EXP 	EDbufferscreen: autoDraw = False
1263.4341 	EXP 	question: autoDraw = True
1263.6087 	DATA 	Mouse:  Left button up, pos=(732,376)
1269.6751 	DATA 	Mouse: Left button down, pos=(1041,397)
1269.6779 	EXP 	New trial (rep=0, index=4): {'Currentstep': 4}
1269.6957 	EXP 	question: autoDraw = False
1269.6957 	EXP 	EDbufferscreen: autoDraw = False
1269.6957 	EXP 	question: autoDraw = True
1269.7917 	DATA 	Mouse:  Left button up, pos=(1041,396)
1271.0419 	DATA 	Mouse: Left button down, pos=(745,374)
1271.0447 	EXP 	New trial (rep=0, index=5): {'Currentstep': 5}
1271.0620 	EXP 	question: autoDraw = False
1271.0620 	EXP 	EDbufferscreen: autoDraw = False
1271.0620 	EXP 	question: autoDraw = True
1271.1750 	DATA 	Mouse:  Left button up, pos=(745,374)
1273.6811 	DATA 	Mouse: Left button down, pos=(769,370)
1273.6946 	EXP 	New trial (rep=0, index=6): {'Currentstep': 6}
1273.7102 	EXP 	question: autoDraw = False
1273.7102 	EXP 	EDbufferscreen: autoDraw = False
1273.7102 	EXP 	question: autoDraw = True
1273.7748 	DATA 	Mouse:  Left button up, pos=(772,370)
1274.7917 	DATA 	Mouse: Left button down, pos=(772,370)
1274.7990 	EXP 	Imported Moneyvalues.xlsx as conditions, 7 conditions, 1 params
1274.7993 	EXP 	Created sequence: sequential, trialTypes=7, nReps=1, seed=None
1274.7995 	EXP 	New trial (rep=0, index=0): {'Currentstep': 0}
1274.8101 	EXP 	question: autoDraw = False
1274.8101 	EXP 	EDbufferscreen: autoDraw = False
1274.8101 	EXP 	EDbufferscreen: autoDraw = True
1274.9469 	DATA 	Mouse:  Left button up, pos=(772,370)
1275.1363 	EXP 	EDbufferscreen: autoDraw = False
1275.1363 	EXP 	question: autoDraw = True
1282.2418 	DATA 	Mouse: Left button down, pos=(715,379)
1282.2461 	EXP 	New trial (rep=0, index=1): {'Currentstep': 1}
1282.2609 	EXP 	question: autoDraw = False
1282.2609 	EXP 	EDbufferscreen: autoDraw = False
1282.2609 	EXP 	question: autoDraw = True
1282.3251 	DATA 	Mouse:  Left button up, pos=(715,379)
1286.4918 	DATA 	Mouse: Left button down, pos=(1105,406)
1286.4946 	EXP 	New trial (rep=0, index=2): {'Currentstep': 2}
1286.5103 	EXP 	question: autoDraw = False
1286.5103 	EXP 	EDbufferscreen: autoDraw = False
1286.5103 	EXP 	question: autoDraw = True
1286.6085 	DATA 	Mouse:  Left button up, pos=(1106,406)
1287.3147 	DATA 	Mouse: Left button down, pos=(749,372)
1287.3278 	EXP 	New trial (rep=0, index=3): {'Currentstep': 3}
1287.3434 	EXP 	question: autoDraw = False
1287.3434 	EXP 	EDbufferscreen: autoDraw = False
1287.3434 	EXP 	question: autoDraw = True
1287.4251 	DATA 	Mouse:  Left button up, pos=(749,372)
1288.9814 	DATA 	Mouse: Left button down, pos=(1109,381)
1288.9946 	EXP 	New trial (rep=0, index=4): {'Currentstep': 4}
1289.0174 	EXP 	question: autoDraw = False
1289.0174 	EXP 	EDbufferscreen: autoDraw = False
1289.0174 	EXP 	question: autoDraw = True
1289.0586 	DATA 	Mouse:  Left button up, pos=(1109,381)
1293.5316 	DATA 	Mouse: Left button down, pos=(761,358)
1293.5447 	EXP 	New trial (rep=0, index=5): {'Currentstep': 5}
1293.5604 	EXP 	question: autoDraw = False
1293.5604 	EXP 	EDbufferscreen: autoDraw = False
1293.5604 	EXP 	question: autoDraw = True
1293.6420 	DATA 	Mouse:  Left button up, pos=(761,358)
1294.0584 	DATA 	Mouse: Left button down, pos=(760,364)
1294.0618 	EXP 	New trial (rep=0, index=6): {'Currentstep': 6}
1294.0769 	EXP 	question: autoDraw = False
1294.0769 	EXP 	EDbufferscreen: autoDraw = False
1294.0769 	EXP 	question: autoDraw = True
1294.1981 	DATA 	Mouse:  Left button up, pos=(760,364)
1295.2250 	DATA 	Mouse: Left button down, pos=(760,364)
1295.2329 	EXP 	Imported Moneyvalues.xlsx as conditions, 7 conditions, 1 params
1295.2332 	EXP 	Created sequence: sequential, trialTypes=7, nReps=1, seed=None
1295.2334 	EXP 	New trial (rep=0, index=0): {'Currentstep': 0}
1295.2432 	EXP 	question: autoDraw = False
1295.2432 	EXP 	EDbufferscreen: autoDraw = False
1295.2432 	EXP 	EDbufferscreen: autoDraw = True
1295.3967 	DATA 	Mouse:  Left button up, pos=(760,364)
1295.5684 	EXP 	EDbufferscreen: autoDraw = False
1295.5684 	EXP 	question: autoDraw = True
1303.4752 	DATA 	Mouse: Left button down, pos=(822,371)
1303.4791 	EXP 	New trial (rep=0, index=1): {'Currentstep': 1}
1303.4937 	EXP 	question: autoDraw = False
1303.4937 	EXP 	EDbufferscreen: autoDraw = False
1303.4937 	EXP 	question: autoDraw = True
1303.6418 	DATA 	Mouse:  Left button up, pos=(826,371)
1311.5417 	DATA 	Mouse: Left button down, pos=(848,371)
1311.5445 	EXP 	New trial (rep=0, index=2): {'Currentstep': 2}
1311.5603 	EXP 	question: autoDraw = False
1311.5603 	EXP 	EDbufferscreen: autoDraw = False
1311.5603 	EXP 	question: autoDraw = True
1311.6646 	DATA 	Mouse:  Left button up, pos=(848,370)
1312.3814 	DATA 	Mouse: Left button down, pos=(1212,384)
1312.3946 	EXP 	New trial (rep=0, index=3): {'Currentstep': 3}
1312.4102 	EXP 	question: autoDraw = False
1312.4102 	EXP 	EDbufferscreen: autoDraw = False
1312.4102 	EXP 	question: autoDraw = True
1312.4647 	DATA 	Mouse:  Left button up, pos=(1212,383)
1313.7917 	DATA 	Mouse: Left button down, pos=(1150,378)
1313.7944 	EXP 	New trial (rep=0, index=4): {'Currentstep': 4}
1313.8102 	EXP 	question: autoDraw = False
1313.8102 	EXP 	EDbufferscreen: autoDraw = False
1313.8102 	EXP 	question: autoDraw = True
1313.9145 	DATA 	Mouse:  Left button up, pos=(1150,378)
1314.2417 	DATA 	Mouse: Left button down, pos=(1150,378)
1314.2444 	EXP 	New trial (rep=0, index=5): {'Currentstep': 5}
1314.2650 	EXP 	question: autoDraw = False
1314.2650 	EXP 	EDbufferscreen: autoDraw = False
1314.2650 	EXP 	question: autoDraw = True
1314.3751 	DATA 	Mouse:  Left button up, pos=(1150,378)
1314.6818 	DATA 	Mouse: Left button down, pos=(1150,378)
1314.6947 	EXP 	New trial (rep=0, index=6): {'Currentstep': 6}
1314.7104 	EXP 	question: autoDraw = False
1314.7104 	EXP 	EDbufferscreen: autoDraw = False
1314.7104 	EXP 	question: autoDraw = True
1314.7982 	DATA 	Mouse:  Left button up, pos=(1150,378)
1315.0650 	DATA 	Mouse: Left button down, pos=(1150,378)
1315.0917 	EXP 	question: autoDraw = False
1315.0917 	EXP 	EDbufferscreen: autoDraw = False
1315.0917 	EXP 	text_choice: autoDraw = True
1315.1618 	DATA 	Mouse:  Left button up, pos=(1150,378)
1339.5497 	DATA 	Keypress: num_2
1342.3849 	DATA 	Mouse: Left button down, pos=(944,254)
1342.4817 	DATA 	Mouse:  Left button up, pos=(944,254)
1343.6989 	DATA 	Keypress: 2
1343.7511 	EXP 	text_choice: autoDraw = False
1343.7511 	EXP 	text_instr_choice: text = 'DISTANZIEREN\n\nIn diesem Block werden Sie eine Reihe von Bildern sehen. Diese sollen Sie aufmerksam ansehen.\nNehmen Sie die Position eines uninvolvierten Beobachters ein. Denken Sie über das Bild in einer neutralen Weise nach.\n\nBitte konzentrieren Sie Ihre Regulationsbemühungen nur auf das Bild, nicht aber auf die Zeiträume zwischen den Bildern.\n\nZum Starten des Blocks Leertaste drücken'
1343.7511 	EXP 	text_instr_choice: autoDraw = True
1349.7782 	DATA 	Keypress: space
1349.8073 	EXP 	Imported StimuliNegative_3.xlsx as conditions, 20 conditions, 1 params
1349.8078 	EXP 	Created sequence: random, trialTypes=20, nReps=1, seed=None
1349.8081 	EXP 	New trial (rep=0, index=0): {'ImageFile': 'Stimuli/226.jpg'}
1349.8145 	EXP 	text_instr_choice: autoDraw = False
1349.8145 	EXP 	text_fixcross: autoDraw = True
1353.4621 	EXP 	text_fixcross: autoDraw = False
1353.4621 	EXP 	text_fixcross: autoDraw = False
1353.4621 	EXP 	image: image = 'Stimuli/226.jpg'
1353.4621 	EXP 	image: autoDraw = True
1359.4633 	EXP 	New trial (rep=0, index=1): {'ImageFile': 'Stimuli/3350.jpg'}
1359.4766 	EXP 	image: autoDraw = False
1359.4766 	EXP 	image: autoDraw = False
1359.4766 	EXP 	text_fixcross: autoDraw = True
1363.5360 	EXP 	text_fixcross: autoDraw = False
1363.5360 	EXP 	text_fixcross: autoDraw = False
1363.5360 	EXP 	image: image = 'Stimuli/3350.jpg'
1363.5360 	EXP 	image: autoDraw = True
1369.5294 	EXP 	New trial (rep=0, index=2): {'ImageFile': 'Stimuli/326.jpg'}
1369.5431 	EXP 	image: autoDraw = False
1369.5431 	EXP 	image: autoDraw = False
1369.5431 	EXP 	text_fixcross: autoDraw = True
1373.7995 	EXP 	text_fixcross: autoDraw = False
1373.7995 	EXP 	text_fixcross: autoDraw = False
1373.7995 	EXP 	image: image = 'Stimuli/326.jpg'
1373.7995 	EXP 	image: autoDraw = True
1379.7960 	EXP 	New trial (rep=0, index=3): {'ImageFile': 'Stimuli/9570.jpg'}
1379.8099 	EXP 	image: autoDraw = False
1379.8099 	EXP 	image: autoDraw = False
1379.8099 	EXP 	text_fixcross: autoDraw = True
1383.2578 	EXP 	text_fixcross: autoDraw = False
1383.2578 	EXP 	text_fixcross: autoDraw = False
1383.2578 	EXP 	image: image = 'Stimuli/9570.jpg'
1383.2578 	EXP 	image: autoDraw = True
1389.2460 	EXP 	New trial (rep=0, index=4): {'ImageFile': 'Stimuli/6555.jpg'}
1389.2598 	EXP 	image: autoDraw = False
1389.2598 	EXP 	image: autoDraw = False
1389.2598 	EXP 	text_fixcross: autoDraw = True
1392.5982 	EXP 	text_fixcross: autoDraw = False
1392.5982 	EXP 	text_fixcross: autoDraw = False
1392.5982 	EXP 	image: image = 'Stimuli/6555.jpg'
1392.5982 	EXP 	image: autoDraw = True
1398.5960 	EXP 	New trial (rep=0, index=5): {'ImageFile': 'Stimuli/6825.jpg'}
1398.6097 	EXP 	image: autoDraw = False
1398.6097 	EXP 	image: autoDraw = False
1398.6097 	EXP 	text_fixcross: autoDraw = True
1402.3485 	EXP 	text_fixcross: autoDraw = False
1402.3485 	EXP 	text_fixcross: autoDraw = False
1402.3485 	EXP 	image: image = 'Stimuli/6825.jpg'
1402.3485 	EXP 	image: autoDraw = True
1408.3458 	EXP 	New trial (rep=0, index=6): {'ImageFile': 'Stimuli/6940.jpg'}
1408.3599 	EXP 	image: autoDraw = False
1408.3599 	EXP 	image: autoDraw = False
1408.3599 	EXP 	text_fixcross: autoDraw = True
1413.3099 	EXP 	text_fixcross: autoDraw = False
1413.3099 	EXP 	text_fixcross: autoDraw = False
1413.3099 	EXP 	image: image = 'Stimuli/6940.jpg'
1413.3099 	EXP 	image: autoDraw = True
1419.2961 	EXP 	New trial (rep=0, index=7): {'ImageFile': 'Stimuli/1301.jpg'}
1419.3102 	EXP 	image: autoDraw = False
1419.3102 	EXP 	image: autoDraw = False
1419.3102 	EXP 	text_fixcross: autoDraw = True
1423.3525 	EXP 	text_fixcross: autoDraw = False
1423.3525 	EXP 	text_fixcross: autoDraw = False
1423.3525 	EXP 	image: image = 'Stimuli/1301.jpg'
1423.3525 	EXP 	image: autoDraw = True
1429.3460 	EXP 	New trial (rep=0, index=8): {'ImageFile': 'Stimuli/6410.jpg'}
1429.3599 	EXP 	image: autoDraw = False
1429.3599 	EXP 	image: autoDraw = False
1429.3599 	EXP 	text_fixcross: autoDraw = True
1433.6098 	EXP 	text_fixcross: autoDraw = False
1433.6098 	EXP 	text_fixcross: autoDraw = False
1433.6098 	EXP 	image: image = 'Stimuli/6410.jpg'
1433.6098 	EXP 	image: autoDraw = True
1439.6123 	EXP 	New trial (rep=0, index=9): {'ImageFile': 'Stimuli/9409.jpg'}
1439.6265 	EXP 	image: autoDraw = False
1439.6265 	EXP 	image: autoDraw = False
1439.6265 	EXP 	text_fixcross: autoDraw = True
1444.5790 	EXP 	text_fixcross: autoDraw = False
1444.5790 	EXP 	text_fixcross: autoDraw = False
1444.5790 	EXP 	image: image = 'Stimuli/9409.jpg'
1444.5790 	EXP 	image: autoDraw = True
1450.5792 	EXP 	New trial (rep=0, index=10): {'ImageFile': 'Stimuli/6242.jpg'}
1450.5931 	EXP 	image: autoDraw = False
1450.5931 	EXP 	image: autoDraw = False
1450.5931 	EXP 	text_fixcross: autoDraw = True
1455.5442 	EXP 	text_fixcross: autoDraw = False
1455.5442 	EXP 	text_fixcross: autoDraw = False
1455.5442 	EXP 	image: image = 'Stimuli/6242.jpg'
1455.5442 	EXP 	image: autoDraw = True
1461.5458 	EXP 	New trial (rep=0, index=11): {'ImageFile': 'Stimuli/8230.jpg'}
1461.5598 	EXP 	image: autoDraw = False
1461.5598 	EXP 	image: autoDraw = False
1461.5598 	EXP 	text_fixcross: autoDraw = True
1465.8911 	EXP 	text_fixcross: autoDraw = False
1465.8911 	EXP 	text_fixcross: autoDraw = False
1465.8911 	EXP 	image: image = 'Stimuli/8230.jpg'
1465.8911 	EXP 	image: autoDraw = True
1471.8792 	EXP 	New trial (rep=0, index=12): {'ImageFile': 'Stimuli/9340.jpg'}
1471.8936 	EXP 	image: autoDraw = False
1471.8936 	EXP 	image: autoDraw = False
1471.8936 	EXP 	text_fixcross: autoDraw = True
1475.7455 	EXP 	text_fixcross: autoDraw = False
1475.7455 	EXP 	text_fixcross: autoDraw = False
1475.7455 	EXP 	image: image = 'Stimuli/9340.jpg'
1475.7455 	EXP 	image: autoDraw = True
1481.7460 	EXP 	New trial (rep=0, index=13): {'ImageFile': 'Stimuli/208.jpg'}
1481.7599 	EXP 	image: autoDraw = False
1481.7599 	EXP 	image: autoDraw = False
1481.7599 	EXP 	text_fixcross: autoDraw = True
1485.2008 	EXP 	text_fixcross: autoDraw = False
1485.2008 	EXP 	text_fixcross: autoDraw = False
1485.2008 	EXP 	image: image = 'Stimuli/208.jpg'
1485.2008 	EXP 	image: autoDraw = True
1491.1960 	EXP 	New trial (rep=0, index=14): {'ImageFile': 'Stimuli/9041.jpg'}
1491.2098 	EXP 	image: autoDraw = False
1491.2098 	EXP 	image: autoDraw = False
1491.2098 	EXP 	text_fixcross: autoDraw = True
1495.2649 	EXP 	text_fixcross: autoDraw = False
1495.2649 	EXP 	text_fixcross: autoDraw = False
1495.2649 	EXP 	image: image = 'Stimuli/9041.jpg'
1495.2649 	EXP 	image: autoDraw = True
1501.2625 	EXP 	New trial (rep=0, index=15): {'ImageFile': 'Stimuli/254.jpg'}
1501.2765 	EXP 	image: autoDraw = False
1501.2765 	EXP 	image: autoDraw = False
1501.2765 	EXP 	text_fixcross: autoDraw = True
1505.2123 	EXP 	text_fixcross: autoDraw = False
1505.2123 	EXP 	text_fixcross: autoDraw = False
1505.2123 	EXP 	image: image = 'Stimuli/254.jpg'
1505.2123 	EXP 	image: autoDraw = True
1511.2127 	EXP 	New trial (rep=0, index=16): {'ImageFile': 'Stimuli/219.jpg'}
1511.2265 	EXP 	image: autoDraw = False
1511.2265 	EXP 	image: autoDraw = False
1511.2265 	EXP 	text_fixcross: autoDraw = True
1516.0683 	EXP 	text_fixcross: autoDraw = False
1516.0683 	EXP 	text_fixcross: autoDraw = False
1516.0683 	EXP 	image: image = 'Stimuli/219.jpg'
1516.0683 	EXP 	image: autoDraw = True
1522.0626 	EXP 	New trial (rep=0, index=17): {'ImageFile': 'Stimuli/9140.jpg'}
1522.0765 	EXP 	image: autoDraw = False
1522.0765 	EXP 	image: autoDraw = False
1522.0765 	EXP 	text_fixcross: autoDraw = True
1526.8339 	EXP 	text_fixcross: autoDraw = False
1526.8339 	EXP 	text_fixcross: autoDraw = False
1526.8339 	EXP 	image: image = 'Stimuli/9140.jpg'
1526.8339 	EXP 	image: autoDraw = True
1532.8290 	EXP 	New trial (rep=0, index=18): {'ImageFile': 'Stimuli/253.jpg'}
1532.8429 	EXP 	image: autoDraw = False
1532.8429 	EXP 	image: autoDraw = False
1532.8429 	EXP 	text_fixcross: autoDraw = True
1537.6743 	EXP 	text_fixcross: autoDraw = False
1537.6743 	EXP 	text_fixcross: autoDraw = False
1537.6743 	EXP 	image: image = 'Stimuli/253.jpg'
1537.6743 	EXP 	image: autoDraw = True
1543.6627 	EXP 	New trial (rep=0, index=19): {'ImageFile': 'Stimuli/9800.jpg'}
1543.6764 	EXP 	image: autoDraw = False
1543.6764 	EXP 	image: autoDraw = False
1543.6764 	EXP 	text_fixcross: autoDraw = True
1548.5280 	EXP 	text_fixcross: autoDraw = False
1548.5280 	EXP 	text_fixcross: autoDraw = False
1548.5280 	EXP 	image: image = 'Stimuli/9800.jpg'
1548.5280 	EXP 	image: autoDraw = True
1554.5620 	EXP 	image: autoDraw = False
1554.5620 	EXP 	image: autoDraw = False
1554.5620 	EXP 	slider_arousal: markerPos = None
1554.5620 	EXP 	slider_arousal: markerPos = None
1554.5620 	EXP 	slider_arousal: rating = None
1554.5620 	EXP 	text_slider_arousal: autoDraw = True
1554.5620 	EXP 	slider_arousal: autoDraw = True
1566.3781 	DATA 	Mouse: Left button down, pos=(601,319)
1566.3918 	EXP 	slider_arousal: markerPos = 67.03703703703702
1566.4085 	EXP 	slider_arousal: markerPos = 67.03703703703702
1566.4249 	EXP 	slider_arousal: markerPos = 67.03703703703702
1566.4417 	EXP 	slider_arousal: markerPos = 67.03703703703702
1566.4508 	DATA 	Mouse:  Left button up, pos=(602,319)
1566.4586 	EXP 	slider_arousal: markerPos = 67.03703703703702
1566.4756 	EXP 	slider_arousal: markerPos = 67.03703703703702
1566.4756 	EXP 	slider_arousal: rating = 67.03703703703702
1566.4968 	EXP 	text_slider_arousal: autoDraw = False
1566.4968 	EXP 	slider_arousal: autoDraw = False
1566.4968 	EXP 	slider_effort: markerPos = None
1566.4968 	EXP 	slider_effort: markerPos = None
1566.4968 	EXP 	slider_effort: rating = None
1566.4968 	EXP 	text_slider_effort: autoDraw = True
1566.4968 	EXP 	slider_effort: autoDraw = True
1569.6448 	DATA 	Mouse: Left button down, pos=(743,319)
1569.6585 	EXP 	slider_effort: markerPos = 119.62962962962962
1569.6751 	EXP 	slider_effort: markerPos = 119.62962962962962
1569.6918 	EXP 	slider_effort: markerPos = 119.62962962962962
1569.7084 	EXP 	slider_effort: markerPos = 119.62962962962962
1569.7250 	EXP 	slider_effort: markerPos = 119.62962962962962
1569.7415 	EXP 	slider_effort: markerPos = 119.62962962962962
1569.7448 	DATA 	Mouse:  Left button up, pos=(743,319)
1569.7587 	EXP 	slider_effort: markerPos = 119.62962962962962
1569.7587 	EXP 	slider_effort: rating = 119.62962962962962
1569.7746 	EXP 	text_slider_effort: autoDraw = False
1569.7746 	EXP 	slider_effort: autoDraw = False
1569.7746 	EXP 	text_end: autoDraw = True
1574.8311 	DATA 	Keypress: space
1574.8440 	EXP 	text_end: autoDraw = False
1574.9197 	EXP 	window1: mouseVisible = True
