1.5826 	WARNING 	We strongly recommend you activate the PTB sound engine in PsychoPy prefs as the preferred audio engine. Its timing is vastly superior. Your prefs are currently set to use ['sounddevice', 'PTB', 'pyo', 'pygame'] (in that order).
7.7222 	WARNING 	Requested an unavailable screen number - using first available.
9.2208 	EXP 	Created window1 = Window(allowGUI=False, allowStencil=False, autoLog=True, backendConf=UNKNOWN, bitsMode=UNKNOWN, blendMode='avg', bpc=(8, 8, 8), color=array([0, 0, 0]), colorSpace='rgb', depthBits=8, fullscr=<method-wrapper '__getattribute__' of attributeSetter object at 0x000001EB4B425908>, gamma=None, gammaErrorPolicy='raise', lms=UNKNOWN, monitor=<psychopy.monitors.calibTools.Monitor object at 0x000001EB4B3505F8>, multiSample=False, name='window1', numSamples=2, pos=[0.0, 0.0], screen=1, size=array([1920, 1080]), stencilBits=0, stereo=False, units='height', useFBO=True, useRetina=False, viewOri=0.0, viewPos=None, viewScale=None, waitBlanking=True, winType='pyglet')
9.2215 	EXP 	window1: mouseVisible = True
9.2216 	EXP 	window1: recordFrameIntervals = False
9.3860 	EXP 	window1: recordFrameIntervals = True
9.5702 	EXP 	window1: recordFrameIntervals = False
10.0672 	EXP 	Created WelcomeText = TextStim(__class__=<class 'psychopy.visual.text.TextStim'>, alignHoriz=method-wrapper(...), alignText='center', alignVert=method-wrapper(...), anchorHoriz='center', anchorVert='center', antialias=True, autoLog=True, bold=False, color=array([-1., -1., -1.]), colorSpace='rgb', contrast=1.0, depth=0.0, flipHoriz=False, flipVert=False, font='Open Sans', fontFiles=[], height=0.03, italic=False, languageStyle='LTR', name='WelcomeText', opacity=1, ori=0.0, pos=array([0., 0.]), rgb=UNKNOWN, text=str(...), units='height', win=Window(...), wrapWidth=1)
10.0976 	EXP 	Created text_ActiveViewing = TextStim(__class__=<class 'psychopy.visual.text.TextStim'>, alignHoriz=method-wrapper(...), alignText='center', alignVert=method-wrapper(...), anchorHoriz='center', anchorVert='center', antialias=True, autoLog=True, bold=False, color=array([-1., -1., -1.]), colorSpace='rgb', contrast=1.0, depth=0.0, flipHoriz=False, flipVert=False, font='Open Sans', fontFiles=[], height=0.04, italic=False, languageStyle='LTR', name='text_ActiveViewing', opacity=1, ori=0.0, pos=array([0., 0.]), rgb=UNKNOWN, text=str(...), units='height', win=Window(...), wrapWidth=1)
10.1039 	EXP 	Created image_view = ImageStim(__class__=<class 'psychopy.visual.image.ImageStim'>, autoLog=True, color=array([1., 1., 1.]), colorSpace='rgb', contrast=1.0, depth=0.0, flipHoriz=False, flipVert=False, image='sin', interpolate=True, mask=None, maskParams=None, name='image_view', opacity=1, ori=0.0, pos=array([0., 0.]), size=array([1.  , 0.75]), texRes=128.0, units='height', win=Window(...))
10.1108 	EXP 	Created text_fixcross = TextStim(__class__=<class 'psychopy.visual.text.TextStim'>, alignHoriz=method-wrapper(...), alignText='center', alignVert=method-wrapper(...), anchorHoriz='center', anchorVert='center', antialias=True, autoLog=True, bold=False, color=array([-1., -1., -1.]), colorSpace='rgb', contrast=1.0, depth=0.0, flipHoriz=False, flipVert=False, font='Open Sans', fontFiles=[], height=0.1, italic=False, languageStyle='LTR', name='text_fixcross', opacity=1, ori=0.0, pos=array([0., 0.]), rgb=UNKNOWN, text='+', units='height', win=Window(...), wrapWidth=1)
10.1121 	EXP 	Created text_Instruction = TextStim(__class__=<class 'psychopy.visual.text.TextStim'>, alignHoriz=method-wrapper(...), alignText='center', alignVert=method-wrapper(...), anchorHoriz='center', anchorVert='center', antialias=True, autoLog=True, bold=False, color=array([-1., -1., -1.]), colorSpace='rgb', contrast=1.0, depth=0.0, flipHoriz=False, flipVert=False, font='Open Sans', fontFiles=[], height=0.04, italic=False, languageStyle='LTR', name='text_Instruction', opacity=1, ori=0.0, pos=array([0., 0.]), rgb=UNKNOWN, text='', units='height', win=Window(...), wrapWidth=1)
10.1164 	EXP 	Created image_reg = ImageStim(__class__=<class 'psychopy.visual.image.ImageStim'>, autoLog=True, color=array([1., 1., 1.]), colorSpace='rgb', contrast=1.0, depth=0.0, flipHoriz=False, flipVert=False, image='sin', interpolate=True, mask=None, maskParams=None, name='image_reg', opacity=1, ori=0.0, pos=array([0., 0.]), size=array([1.  , 0.75]), texRes=128.0, units='height', win=Window(...))
10.1374 	EXP 	Created text_slider_arousal = TextStim(__class__=<class 'psychopy.visual.text.TextStim'>, alignHoriz=method-wrapper(...), alignText='center', alignVert=method-wrapper(...), anchorHoriz='center', anchorVert='center', antialias=True, autoLog=True, bold=False, color=array([-1., -1., -1.]), colorSpace='rgb', contrast=1.0, depth=0.0, flipHoriz=False, flipVert=False, font='Open Sans', fontFiles=[], height=0.05, italic=False, languageStyle='LTR', name='text_slider_arousal', opacity=1, ori=0.0, pos=array([0., 0.]), rgb=UNKNOWN, text=str(...), units='height', win=Window(...), wrapWidth=1)
10.1459 	EXP 	window1: mouseVisible = True
10.1614 	EXP 	Created slider_arousal = Slider(__class__=<class 'psychopy.visual.slider.Slider'>, autoDraw=False, autoLog=True, borderColor=None, color=None, colorSpace='rgb', depth=-1, fillColor=None, flip=False, font='Open Sans', granularity=0.0, labelHeight=0.05, labelWrapWidth=None, labels=('sehr gering', 'sehr hoch'), name='slider_arousal', opacity=None, pos=(0, -0.2), readOnly=False, self=UNKNOWN, size=[1.0, 0.1], startValue=None, style=method-wrapper(...), styleTweaks=method-wrapper(...), ticks=array([  0, 400]), units='height', win=Window(...))
10.1744 	EXP 	Created text_slider_effort = TextStim(__class__=<class 'psychopy.visual.text.TextStim'>, alignHoriz=method-wrapper(...), alignText='center', alignVert=method-wrapper(...), anchorHoriz='center', anchorVert='center', antialias=True, autoLog=True, bold=False, color=array([-1., -1., -1.]), colorSpace='rgb', contrast=1.0, depth=0.0, flipHoriz=False, flipVert=False, font='Open Sans', fontFiles=[], height=0.05, italic=False, languageStyle='LTR', name='text_slider_effort', opacity=1, ori=0.0, pos=array([0., 0.]), rgb=UNKNOWN, text=str(...), units='height', win=Window(...), wrapWidth=1)
10.1811 	EXP 	window1: mouseVisible = True
10.1937 	EXP 	Created slider_effort = Slider(__class__=<class 'psychopy.visual.slider.Slider'>, autoDraw=False, autoLog=True, borderColor=None, color=None, colorSpace='rgb', depth=-1, fillColor=None, flip=False, font='Open Sans', granularity=0.0, labelHeight=0.05, labelWrapWidth=None, labels=('sehr gering', 'sehr hoch'), name='slider_effort', opacity=None, pos=(0, -0.2), readOnly=False, self=UNKNOWN, size=(1.0, 0.1), startValue=None, style=method-wrapper(...), styleTweaks=method-wrapper(...), ticks=array([  0, 400]), units='height', win=Window(...))
10.2522 	EXP 	Created text_EDinstruction = TextStim(__class__=<class 'psychopy.visual.text.TextStim'>, alignHoriz=method-wrapper(...), alignText='center', alignVert=method-wrapper(...), anchorHoriz='center', anchorVert='center', antialias=True, autoLog=True, bold=False, color=array([-1., -1., -1.]), colorSpace='rgb', contrast=1.0, depth=0.0, flipHoriz=False, flipVert=False, font='Open Sans', fontFiles=[], height=0.03, italic=False, languageStyle='LTR', name='text_EDinstruction', opacity=1, ori=0.0, pos=array([0., 0.]), rgb=UNKNOWN, text=str(...), units='height', win=Window(...), wrapWidth=1)
10.2625 	EXP 	Created question = TextStim(__class__=<class 'psychopy.visual.text.TextStim'>, alignHoriz=method-wrapper(...), alignText='center', alignVert=method-wrapper(...), anchorHoriz='center', anchorVert='center', antialias=True, autoLog=True, bold=False, color=array([-1., -1., -1.]), colorSpace='rgb', contrast=1.0, depth=0.0, flipHoriz=False, flipVert=False, font='Open Sans', fontFiles=[], height=0.03, italic=False, languageStyle='LTR', name='question', opacity=1, ori=0.0, pos=array([0. , 0.1]), rgb=UNKNOWN, text=str(...), units='height', win=Window(...), wrapWidth=1)
10.2626 	EXP 	window1: mouseVisible = True
10.2736 	EXP 	window1: mouseVisible = True
10.2840 	EXP 	window1: mouseVisible = True
10.2892 	EXP 	Created EDbufferscreen = TextStim(__class__=<class 'psychopy.visual.text.TextStim'>, alignHoriz=method-wrapper(...), alignText='center', alignVert=method-wrapper(...), anchorHoriz='center', anchorVert='center', antialias=True, autoLog=True, bold=False, color=array([-1., -1., -1.]), colorSpace='rgb', contrast=1.0, depth=0.0, flipHoriz=False, flipVert=False, font='Open Sans', fontFiles=[], height=0.03, italic=False, languageStyle='LTR', name='EDbufferscreen', opacity=1, ori=0.0, pos=array([0. , 0.1]), rgb=UNKNOWN, text=str(...), units='height', win=Window(...), wrapWidth=1)
10.3217 	EXP 	Created text_choice = TextStim(__class__=<class 'psychopy.visual.text.TextStim'>, alignHoriz=method-wrapper(...), alignText='center', alignVert=method-wrapper(...), anchorHoriz='center', anchorVert='center', antialias=True, autoLog=True, bold=False, color=array([-1., -1., -1.]), colorSpace='rgb', contrast=1.0, depth=0.0, flipHoriz=False, flipVert=False, font='Open Sans', fontFiles=[], height=0.04, italic=False, languageStyle='LTR', name='text_choice', opacity=1, ori=0.0, pos=array([0., 0.]), rgb=UNKNOWN, text=str(...), units='height', win=Window(...), wrapWidth=1)
10.3231 	EXP 	Created text_instr_choice = TextStim(__class__=<class 'psychopy.visual.text.TextStim'>, alignHoriz=method-wrapper(...), alignText='center', alignVert=method-wrapper(...), anchorHoriz='center', anchorVert='center', antialias=True, autoLog=True, bold=False, color=array([-1., -1., -1.]), colorSpace='rgb', contrast=1.0, depth=-1.0, flipHoriz=False, flipVert=False, font='Open Sans', fontFiles=[], height=0.04, italic=False, languageStyle='LTR', name='text_instr_choice', opacity=1, ori=0.0, pos=array([0., 0.]), rgb=UNKNOWN, text='', units='height', win=Window(...), wrapWidth=1)
10.3278 	EXP 	Created image = ImageStim(__class__=<class 'psychopy.visual.image.ImageStim'>, autoLog=True, color=array([1., 1., 1.]), colorSpace='rgb', contrast=1.0, depth=0.0, flipHoriz=False, flipVert=False, image='sin', interpolate=True, mask=None, maskParams=None, name='image', opacity=1, ori=0.0, pos=array([0., 0.]), size=array([1.  , 0.75]), texRes=128.0, units='height', win=Window(...))
10.3453 	EXP 	Created text_end = TextStim(__class__=<class 'psychopy.visual.text.TextStim'>, alignHoriz=method-wrapper(...), alignText='center', alignVert=method-wrapper(...), anchorHoriz='center', anchorVert='center', antialias=True, autoLog=True, bold=False, color=array([-1., -1., -1.]), colorSpace='rgb', contrast=1.0, depth=0.0, flipHoriz=False, flipVert=False, font='Open Sans', fontFiles=[], height=0.05, italic=False, languageStyle='LTR', name='text_end', opacity=1, ori=0.0, pos=array([0., 0.]), rgb=UNKNOWN, text=str(...), units='height', win=Window(...), wrapWidth=1)
10.3785 	EXP 	slider_arousal: autoLog = True
10.3785 	EXP 	slider_arousal: markerPos = None
10.3785 	EXP 	slider_arousal: rating = None
10.3785 	EXP 	slider_arousal: markerPos = None
10.3785 	EXP 	slider_arousal: contrast = 1.0
10.3785 	EXP 	slider_arousal: autoLog = True
10.3785 	EXP 	slider_arousal: styleTweaks = []
10.3785 	EXP 	slider_arousal: style = 'slider'
10.3785 	EXP 	slider_arousal: styleTweaks = []
10.3785 	EXP 	slider_effort: autoLog = True
10.3785 	EXP 	slider_effort: markerPos = None
10.3785 	EXP 	slider_effort: rating = None
10.3785 	EXP 	slider_effort: markerPos = None
10.3785 	EXP 	slider_effort: contrast = 1.0
10.3785 	EXP 	slider_effort: autoLog = True
10.3785 	EXP 	slider_effort: styleTweaks = []
10.3785 	EXP 	slider_effort: style = 'slider'
10.3785 	EXP 	slider_effort: styleTweaks = []
10.3785 	EXP 	WelcomeText: autoDraw = True
41.9621 	DATA 	Mouse: Left button down, pos=(954,548)
42.0253 	DATA 	Mouse:  Left button up, pos=(954,548)
70.5231 	DATA 	Keypress: space
70.5466 	EXP 	Imported blocks_view.xlsx as conditions, 2 conditions, 5 params
70.5473 	EXP 	Created sequence: sequential, trialTypes=2, nReps=1, seed=None
70.5478 	EXP 	New trial (rep=0, index=0): {'Block': 1, 'conds_view_File': 'StimuliNeutral.xlsx', 'n_reps': 1, 'instr_1': 'ANSCHAUEN', 'TriggerBlockView': 21}
70.5564 	EXP 	WelcomeText: autoDraw = False
70.5564 	EXP 	text_ActiveViewing: autoDraw = True
74.0780 	DATA 	Keypress: space
74.1120 	EXP 	Imported StimuliNeutral.xlsx as conditions, 20 conditions, 2 params
74.1127 	EXP 	Created sequence: random, trialTypes=20, nReps=1, seed=None
74.1131 	EXP 	New trial (rep=0, index=0): {'ImageFile': 'Stimuli/7006.jpg', 'Trigger': 1}
74.1203 	EXP 	text_ActiveViewing: autoDraw = False
74.1203 	EXP 	text_fixcross: autoDraw = True
78.9873 	EXP 	text_fixcross: autoDraw = False
78.9873 	EXP 	text_fixcross: autoDraw = False
78.9873 	EXP 	image_view: image = 'Stimuli/7006.jpg'
78.9873 	EXP 	image_view: autoDraw = True
84.9906 	EXP 	New trial (rep=0, index=1): {'ImageFile': 'Stimuli/7009.jpg', 'Trigger': 1}
85.0048 	EXP 	image_view: autoDraw = False
85.0048 	EXP 	image_view: autoDraw = False
85.0048 	EXP 	text_fixcross: autoDraw = True
88.9511 	EXP 	text_fixcross: autoDraw = False
88.9511 	EXP 	text_fixcross: autoDraw = False
88.9511 	EXP 	image_view: image = 'Stimuli/7009.jpg'
88.9511 	EXP 	image_view: autoDraw = True
94.9399 	EXP 	New trial (rep=0, index=2): {'ImageFile': 'Stimuli/7021.jpg', 'Trigger': 1}
94.9537 	EXP 	image_view: autoDraw = False
94.9537 	EXP 	image_view: autoDraw = False
94.9537 	EXP 	text_fixcross: autoDraw = True
98.8037 	EXP 	text_fixcross: autoDraw = False
98.8037 	EXP 	text_fixcross: autoDraw = False
98.8037 	EXP 	image_view: image = 'Stimuli/7021.jpg'
98.8037 	EXP 	image_view: autoDraw = True
104.7900 	EXP 	New trial (rep=0, index=3): {'ImageFile': 'Stimuli/140.jpg', 'Trigger': 1}
104.8039 	EXP 	image_view: autoDraw = False
104.8039 	EXP 	image_view: autoDraw = False
104.8039 	EXP 	text_fixcross: autoDraw = True
107.9596 	EXP 	text_fixcross: autoDraw = False
107.9596 	EXP 	text_fixcross: autoDraw = False
107.9596 	EXP 	image_view: image = 'Stimuli/140.jpg'
107.9596 	EXP 	image_view: autoDraw = True
113.9566 	EXP 	New trial (rep=0, index=4): {'ImageFile': 'Stimuli/7150.jpg', 'Trigger': 1}
113.9704 	EXP 	image_view: autoDraw = False
113.9704 	EXP 	image_view: autoDraw = False
113.9704 	EXP 	text_fixcross: autoDraw = True
118.4254 	EXP 	text_fixcross: autoDraw = False
118.4254 	EXP 	text_fixcross: autoDraw = False
118.4254 	EXP 	image_view: image = 'Stimuli/7150.jpg'
118.4254 	EXP 	image_view: autoDraw = True
124.4231 	EXP 	New trial (rep=0, index=5): {'ImageFile': 'Stimuli/7211.jpg', 'Trigger': 1}
124.4370 	EXP 	image_view: autoDraw = False
124.4370 	EXP 	image_view: autoDraw = False
124.4370 	EXP 	text_fixcross: autoDraw = True
127.9670 	EXP 	text_fixcross: autoDraw = False
127.9670 	EXP 	text_fixcross: autoDraw = False
127.9670 	EXP 	image_view: image = 'Stimuli/7211.jpg'
127.9670 	EXP 	image_view: autoDraw = True
133.9567 	EXP 	New trial (rep=0, index=6): {'ImageFile': 'Stimuli/7224.jpg', 'Trigger': 1}
133.9704 	EXP 	image_view: autoDraw = False
133.9704 	EXP 	image_view: autoDraw = False
133.9704 	EXP 	text_fixcross: autoDraw = True
138.5995 	EXP 	text_fixcross: autoDraw = False
138.5995 	EXP 	text_fixcross: autoDraw = False
138.5995 	EXP 	image_view: image = 'Stimuli/7224.jpg'
138.5995 	EXP 	image_view: autoDraw = True
144.5898 	EXP 	New trial (rep=0, index=7): {'ImageFile': 'Stimuli/124.jpg', 'Trigger': 1}
144.6035 	EXP 	image_view: autoDraw = False
144.6035 	EXP 	image_view: autoDraw = False
144.6035 	EXP 	text_fixcross: autoDraw = True
147.7259 	EXP 	text_fixcross: autoDraw = False
147.7259 	EXP 	text_fixcross: autoDraw = False
147.7259 	EXP 	image_view: image = 'Stimuli/124.jpg'
147.7259 	EXP 	image_view: autoDraw = True
153.7238 	EXP 	New trial (rep=0, index=8): {'ImageFile': 'Stimuli/107.jpg', 'Trigger': 1}
153.7379 	EXP 	image_view: autoDraw = False
153.7379 	EXP 	image_view: autoDraw = False
153.7379 	EXP 	text_fixcross: autoDraw = True
158.2815 	EXP 	text_fixcross: autoDraw = False
158.2815 	EXP 	text_fixcross: autoDraw = False
158.2815 	EXP 	image_view: image = 'Stimuli/107.jpg'
158.2815 	EXP 	image_view: autoDraw = True
164.2732 	EXP 	New trial (rep=0, index=9): {'ImageFile': 'Stimuli/7041.jpg', 'Trigger': 1}
164.2870 	EXP 	image_view: autoDraw = False
164.2870 	EXP 	image_view: autoDraw = False
164.2870 	EXP 	text_fixcross: autoDraw = True
169.3260 	EXP 	text_fixcross: autoDraw = False
169.3260 	EXP 	text_fixcross: autoDraw = False
169.3260 	EXP 	image_view: image = 'Stimuli/7041.jpg'
169.3260 	EXP 	image_view: autoDraw = True
175.3232 	EXP 	New trial (rep=0, index=10): {'ImageFile': 'Stimuli/7002.jpg', 'Trigger': 1}
175.3377 	EXP 	image_view: autoDraw = False
175.3377 	EXP 	image_view: autoDraw = False
175.3377 	EXP 	text_fixcross: autoDraw = True
179.1783 	EXP 	text_fixcross: autoDraw = False
179.1783 	EXP 	text_fixcross: autoDraw = False
179.1783 	EXP 	image_view: image = 'Stimuli/7002.jpg'
179.1783 	EXP 	image_view: autoDraw = True
185.1733 	EXP 	New trial (rep=0, index=11): {'ImageFile': 'Stimuli/7025.jpg', 'Trigger': 1}
185.1870 	EXP 	image_view: autoDraw = False
185.1870 	EXP 	image_view: autoDraw = False
185.1870 	EXP 	text_fixcross: autoDraw = True
188.5204 	EXP 	text_fixcross: autoDraw = False
188.5204 	EXP 	text_fixcross: autoDraw = False
188.5204 	EXP 	image_view: image = 'Stimuli/7025.jpg'
188.5204 	EXP 	image_view: autoDraw = True
194.5067 	EXP 	New trial (rep=0, index=12): {'ImageFile': 'Stimuli/7100.jpg', 'Trigger': 1}
194.5207 	EXP 	image_view: autoDraw = False
194.5207 	EXP 	image_view: autoDraw = False
194.5207 	EXP 	text_fixcross: autoDraw = True
198.8687 	EXP 	text_fixcross: autoDraw = False
198.8687 	EXP 	text_fixcross: autoDraw = False
198.8687 	EXP 	image_view: image = 'Stimuli/7100.jpg'
198.8687 	EXP 	image_view: autoDraw = True
204.8566 	EXP 	New trial (rep=0, index=13): {'ImageFile': 'Stimuli/7233.jpg', 'Trigger': 1}
204.8704 	EXP 	image_view: autoDraw = False
204.8704 	EXP 	image_view: autoDraw = False
204.8704 	EXP 	text_fixcross: autoDraw = True
208.0224 	EXP 	text_fixcross: autoDraw = False
208.0224 	EXP 	text_fixcross: autoDraw = False
208.0224 	EXP 	image_view: image = 'Stimuli/7233.jpg'
208.0224 	EXP 	image_view: autoDraw = True
214.0234 	EXP 	New trial (rep=0, index=14): {'ImageFile': 'Stimuli/7000.jpg', 'Trigger': 1}
214.0370 	EXP 	image_view: autoDraw = False
214.0370 	EXP 	image_view: autoDraw = False
214.0370 	EXP 	text_fixcross: autoDraw = True
217.8735 	EXP 	text_fixcross: autoDraw = False
217.8735 	EXP 	text_fixcross: autoDraw = False
217.8735 	EXP 	image_view: image = 'Stimuli/7000.jpg'
217.8735 	EXP 	image_view: autoDraw = True
223.8734 	EXP 	New trial (rep=0, index=15): {'ImageFile': 'Stimuli/143.jpg', 'Trigger': 1}
223.8870 	EXP 	image_view: autoDraw = False
223.8870 	EXP 	image_view: autoDraw = False
223.8870 	EXP 	text_fixcross: autoDraw = True
228.4156 	EXP 	text_fixcross: autoDraw = False
228.4156 	EXP 	text_fixcross: autoDraw = False
228.4156 	EXP 	image_view: image = 'Stimuli/143.jpg'
228.4156 	EXP 	image_view: autoDraw = True
234.4066 	EXP 	New trial (rep=0, index=16): {'ImageFile': 'Stimuli/7185.jpg', 'Trigger': 1}
234.4203 	EXP 	image_view: autoDraw = False
234.4203 	EXP 	image_view: autoDraw = False
234.4203 	EXP 	text_fixcross: autoDraw = True
238.4726 	EXP 	text_fixcross: autoDraw = False
238.4726 	EXP 	text_fixcross: autoDraw = False
238.4726 	EXP 	image_view: image = 'Stimuli/7185.jpg'
238.4726 	EXP 	image_view: autoDraw = True
244.4731 	EXP 	New trial (rep=0, index=17): {'ImageFile': 'Stimuli/7235.jpg', 'Trigger': 1}
244.4870 	EXP 	image_view: autoDraw = False
244.4870 	EXP 	image_view: autoDraw = False
244.4870 	EXP 	text_fixcross: autoDraw = True
248.8192 	EXP 	text_fixcross: autoDraw = False
248.8192 	EXP 	text_fixcross: autoDraw = False
248.8192 	EXP 	image_view: image = 'Stimuli/7235.jpg'
248.8192 	EXP 	image_view: autoDraw = True
254.8066 	EXP 	New trial (rep=0, index=18): {'ImageFile': 'Stimuli/7004.jpg', 'Trigger': 1}
254.8203 	EXP 	image_view: autoDraw = False
254.8203 	EXP 	image_view: autoDraw = False
254.8203 	EXP 	text_fixcross: autoDraw = True
258.1495 	EXP 	text_fixcross: autoDraw = False
258.1495 	EXP 	text_fixcross: autoDraw = False
258.1495 	EXP 	image_view: image = 'Stimuli/7004.jpg'
258.1495 	EXP 	image_view: autoDraw = True
264.1400 	EXP 	New trial (rep=0, index=19): {'ImageFile': 'Stimuli/083.jpg', 'Trigger': 1}
264.1537 	EXP 	image_view: autoDraw = False
264.1537 	EXP 	image_view: autoDraw = False
264.1537 	EXP 	text_fixcross: autoDraw = True
268.0023 	EXP 	text_fixcross: autoDraw = False
268.0023 	EXP 	text_fixcross: autoDraw = False
268.0023 	EXP 	image_view: image = 'Stimuli/083.jpg'
268.0023 	EXP 	image_view: autoDraw = True
274.0266 	EXP 	image_view: autoDraw = False
274.0266 	EXP 	image_view: autoDraw = False
274.0266 	EXP 	slider_arousal: markerPos = None
274.0266 	EXP 	slider_arousal: markerPos = None
274.0266 	EXP 	slider_arousal: rating = None
274.0266 	EXP 	text_slider_arousal: autoDraw = True
274.0266 	EXP 	slider_arousal: autoDraw = True
277.8222 	DATA 	Mouse: Left button down, pos=(425,317)
277.8360 	EXP 	slider_arousal: markerPos = 1.85185185185186
277.8529 	EXP 	slider_arousal: markerPos = 1.85185185185186
277.8700 	EXP 	slider_arousal: markerPos = 1.85185185185186
277.8869 	EXP 	slider_arousal: markerPos = 1.85185185185186
277.9037 	EXP 	slider_arousal: markerPos = 1.85185185185186
277.9206 	EXP 	slider_arousal: markerPos = 1.85185185185186
277.9373 	EXP 	slider_arousal: markerPos = 1.85185185185186
277.9407 	DATA 	Mouse:  Left button up, pos=(425,317)
277.9542 	EXP 	slider_arousal: markerPos = 1.85185185185186
277.9542 	EXP 	slider_arousal: rating = 1.85185185185186
277.9769 	EXP 	text_slider_arousal: autoDraw = False
277.9769 	EXP 	slider_arousal: autoDraw = False
277.9769 	EXP 	slider_effort: markerPos = None
277.9769 	EXP 	slider_effort: markerPos = None
277.9769 	EXP 	slider_effort: rating = None
277.9769 	EXP 	text_slider_effort: autoDraw = True
277.9769 	EXP 	slider_effort: autoDraw = True
284.3556 	DATA 	Mouse: Left button down, pos=(557,322)
284.3699 	EXP 	slider_effort: markerPos = 50.74074074074073
284.3874 	EXP 	slider_effort: markerPos = 50.74074074074073
284.4041 	EXP 	slider_effort: markerPos = 50.74074074074073
284.4205 	EXP 	slider_effort: markerPos = 50.74074074074073
284.4367 	EXP 	slider_effort: markerPos = 50.74074074074073
284.4400 	DATA 	Mouse:  Left button up, pos=(557,322)
284.4536 	EXP 	slider_effort: markerPos = 50.74074074074073
284.4536 	EXP 	slider_effort: rating = 50.74074074074073
284.4577 	EXP 	New trial (rep=0, index=1): {'Block': 2, 'conds_view_File': 'StimuliNegative.xlsx', 'n_reps': 1, 'instr_1': 'ANSCHAUEN', 'TriggerBlockView': 22}
284.4692 	EXP 	text_slider_effort: autoDraw = False
284.4692 	EXP 	slider_effort: autoDraw = False
284.4692 	EXP 	text_ActiveViewing: autoDraw = True
288.2059 	DATA 	Keypress: space
288.2360 	EXP 	Imported StimuliNegative_1.xlsx as conditions, 20 conditions, 1 params
288.2364 	EXP 	Created sequence: random, trialTypes=20, nReps=1, seed=None
288.2366 	EXP 	New trial (rep=0, index=0): {'ImageFile': 'Stimuli/6836.jpg'}
288.2428 	EXP 	text_ActiveViewing: autoDraw = False
288.2428 	EXP 	text_fixcross: autoDraw = True
291.2932 	EXP 	text_fixcross: autoDraw = False
291.2932 	EXP 	text_fixcross: autoDraw = False
291.2932 	EXP 	image_view: image = 'Stimuli/6836.jpg'
291.2932 	EXP 	image_view: autoDraw = True
297.2904 	EXP 	New trial (rep=0, index=1): {'ImageFile': 'Stimuli/3180.jpg'}
297.3037 	EXP 	image_view: autoDraw = False
297.3037 	EXP 	image_view: autoDraw = False
297.3037 	EXP 	text_fixcross: autoDraw = True
300.5461 	EXP 	text_fixcross: autoDraw = False
300.5461 	EXP 	text_fixcross: autoDraw = False
300.5461 	EXP 	image_view: image = 'Stimuli/3180.jpg'
300.5461 	EXP 	image_view: autoDraw = True
306.5400 	EXP 	New trial (rep=0, index=2): {'ImageFile': 'Stimuli/9425.jpg'}
306.5537 	EXP 	image_view: autoDraw = False
306.5537 	EXP 	image_view: autoDraw = False
306.5537 	EXP 	text_fixcross: autoDraw = True
310.7086 	EXP 	text_fixcross: autoDraw = False
310.7086 	EXP 	text_fixcross: autoDraw = False
310.7086 	EXP 	image_view: image = 'Stimuli/9425.jpg'
310.7086 	EXP 	image_view: autoDraw = True
316.7063 	EXP 	New trial (rep=0, index=3): {'ImageFile': 'Stimuli/9180.jpg'}
316.7203 	EXP 	image_view: autoDraw = False
316.7203 	EXP 	image_view: autoDraw = False
316.7203 	EXP 	text_fixcross: autoDraw = True
319.8481 	EXP 	text_fixcross: autoDraw = False
319.8481 	EXP 	text_fixcross: autoDraw = False
319.8481 	EXP 	image_view: image = 'Stimuli/9180.jpg'
319.8481 	EXP 	image_view: autoDraw = True
325.8399 	EXP 	New trial (rep=0, index=4): {'ImageFile': 'Stimuli/6190.jpg'}
325.8537 	EXP 	image_view: autoDraw = False
325.8537 	EXP 	image_view: autoDraw = False
325.8537 	EXP 	text_fixcross: autoDraw = True
329.4979 	EXP 	text_fixcross: autoDraw = False
329.4979 	EXP 	text_fixcross: autoDraw = False
329.4979 	EXP 	image_view: image = 'Stimuli/6190.jpg'
329.4979 	EXP 	image_view: autoDraw = True
335.4897 	EXP 	New trial (rep=0, index=5): {'ImageFile': 'Stimuli/3022.jpg'}
335.5038 	EXP 	image_view: autoDraw = False
335.5038 	EXP 	image_view: autoDraw = False
335.5038 	EXP 	text_fixcross: autoDraw = True
339.4511 	EXP 	text_fixcross: autoDraw = False
339.4511 	EXP 	text_fixcross: autoDraw = False
339.4511 	EXP 	image_view: image = 'Stimuli/3022.jpg'
339.4511 	EXP 	image_view: autoDraw = True
345.4401 	EXP 	New trial (rep=0, index=6): {'ImageFile': 'Stimuli/327.jpg'}
345.4540 	EXP 	image_view: autoDraw = False
345.4540 	EXP 	image_view: autoDraw = False
345.4540 	EXP 	text_fixcross: autoDraw = True
348.7997 	EXP 	text_fixcross: autoDraw = False
348.7997 	EXP 	text_fixcross: autoDraw = False
348.7997 	EXP 	image_view: image = 'Stimuli/327.jpg'
348.7997 	EXP 	image_view: autoDraw = True
354.7899 	EXP 	New trial (rep=0, index=7): {'ImageFile': 'Stimuli/9920.jpg'}
354.8037 	EXP 	image_view: autoDraw = False
354.8037 	EXP 	image_view: autoDraw = False
354.8037 	EXP 	text_fixcross: autoDraw = True
358.0542 	EXP 	text_fixcross: autoDraw = False
358.0542 	EXP 	text_fixcross: autoDraw = False
358.0542 	EXP 	image_view: image = 'Stimuli/9920.jpg'
358.0542 	EXP 	image_view: autoDraw = True
364.0565 	EXP 	New trial (rep=0, index=8): {'ImageFile': 'Stimuli/9182.jpg'}
364.0702 	EXP 	image_view: autoDraw = False
364.0702 	EXP 	image_view: autoDraw = False
364.0702 	EXP 	text_fixcross: autoDraw = True
368.3093 	EXP 	text_fixcross: autoDraw = False
368.3093 	EXP 	text_fixcross: autoDraw = False
368.3093 	EXP 	image_view: image = 'Stimuli/9182.jpg'
368.3093 	EXP 	image_view: autoDraw = True
374.3065 	EXP 	New trial (rep=0, index=9): {'ImageFile': 'Stimuli/9424.jpg'}
374.3203 	EXP 	image_view: autoDraw = False
374.3203 	EXP 	image_view: autoDraw = False
374.3203 	EXP 	text_fixcross: autoDraw = True
378.8666 	EXP 	text_fixcross: autoDraw = False
378.8666 	EXP 	text_fixcross: autoDraw = False
378.8666 	EXP 	image_view: image = 'Stimuli/9424.jpg'
378.8666 	EXP 	image_view: autoDraw = True
384.8565 	EXP 	New trial (rep=0, index=10): {'ImageFile': 'Stimuli/9253.jpg'}
384.8703 	EXP 	image_view: autoDraw = False
384.8703 	EXP 	image_view: autoDraw = False
384.8703 	EXP 	text_fixcross: autoDraw = True
389.7230 	EXP 	text_fixcross: autoDraw = False
389.7230 	EXP 	text_fixcross: autoDraw = False
389.7230 	EXP 	image_view: image = 'Stimuli/9253.jpg'
389.7230 	EXP 	image_view: autoDraw = True
395.7232 	EXP 	New trial (rep=0, index=11): {'ImageFile': 'Stimuli/3280.jpg'}
395.7370 	EXP 	image_view: autoDraw = False
395.7370 	EXP 	image_view: autoDraw = False
395.7370 	EXP 	text_fixcross: autoDraw = True
399.3625 	EXP 	text_fixcross: autoDraw = False
399.3625 	EXP 	text_fixcross: autoDraw = False
399.3625 	EXP 	image_view: image = 'Stimuli/3280.jpg'
399.3625 	EXP 	image_view: autoDraw = True
405.3564 	EXP 	New trial (rep=0, index=12): {'ImageFile': 'Stimuli/6244.jpg'}
405.3702 	EXP 	image_view: autoDraw = False
405.3702 	EXP 	image_view: autoDraw = False
405.3702 	EXP 	text_fixcross: autoDraw = True
408.8975 	EXP 	text_fixcross: autoDraw = False
408.8975 	EXP 	text_fixcross: autoDraw = False
408.8975 	EXP 	image_view: image = 'Stimuli/6244.jpg'
408.8975 	EXP 	image_view: autoDraw = True
414.8899 	EXP 	New trial (rep=0, index=13): {'ImageFile': 'Stimuli/255.jpg'}
414.9035 	EXP 	image_view: autoDraw = False
414.9035 	EXP 	image_view: autoDraw = False
414.9035 	EXP 	text_fixcross: autoDraw = True
419.3270 	EXP 	text_fixcross: autoDraw = False
419.3270 	EXP 	text_fixcross: autoDraw = False
419.3270 	EXP 	image_view: image = 'Stimuli/255.jpg'
419.3270 	EXP 	image_view: autoDraw = True
425.3233 	EXP 	New trial (rep=0, index=14): {'ImageFile': 'Stimuli/3017.jpg'}
425.3370 	EXP 	image_view: autoDraw = False
425.3370 	EXP 	image_view: autoDraw = False
425.3370 	EXP 	text_fixcross: autoDraw = True
430.2937 	EXP 	text_fixcross: autoDraw = False
430.2937 	EXP 	text_fixcross: autoDraw = False
430.2937 	EXP 	image_view: image = 'Stimuli/3017.jpg'
430.2937 	EXP 	image_view: autoDraw = True
436.2899 	EXP 	New trial (rep=0, index=15): {'ImageFile': 'Stimuli/230.jpg'}
436.3039 	EXP 	image_view: autoDraw = False
436.3039 	EXP 	image_view: autoDraw = False
436.3039 	EXP 	text_fixcross: autoDraw = True
439.8448 	EXP 	text_fixcross: autoDraw = False
439.8448 	EXP 	text_fixcross: autoDraw = False
439.8448 	EXP 	image_view: image = 'Stimuli/230.jpg'
439.8448 	EXP 	image_view: autoDraw = True
445.8397 	EXP 	New trial (rep=0, index=16): {'ImageFile': 'Stimuli/9326.jpg'}
445.8536 	EXP 	image_view: autoDraw = False
445.8536 	EXP 	image_view: autoDraw = False
445.8536 	EXP 	text_fixcross: autoDraw = True
450.6902 	EXP 	text_fixcross: autoDraw = False
450.6902 	EXP 	text_fixcross: autoDraw = False
450.6902 	EXP 	image_view: image = 'Stimuli/9326.jpg'
450.6902 	EXP 	image_view: autoDraw = True
456.6899 	EXP 	New trial (rep=0, index=17): {'ImageFile': 'Stimuli/1111.jpg'}
456.7037 	EXP 	image_view: autoDraw = False
456.7037 	EXP 	image_view: autoDraw = False
456.7037 	EXP 	text_fixcross: autoDraw = True
460.1440 	EXP 	text_fixcross: autoDraw = False
460.1440 	EXP 	text_fixcross: autoDraw = False
460.1440 	EXP 	image_view: image = 'Stimuli/1111.jpg'
460.1440 	EXP 	image_view: autoDraw = True
466.1398 	EXP 	New trial (rep=0, index=18): {'ImageFile': 'Stimuli/9300.jpg'}
466.1535 	EXP 	image_view: autoDraw = False
466.1535 	EXP 	image_view: autoDraw = False
466.1535 	EXP 	text_fixcross: autoDraw = True
470.5813 	EXP 	text_fixcross: autoDraw = False
470.5813 	EXP 	text_fixcross: autoDraw = False
470.5813 	EXP 	image_view: image = 'Stimuli/9300.jpg'
470.5813 	EXP 	image_view: autoDraw = True
476.5733 	EXP 	New trial (rep=0, index=19): {'ImageFile': 'Stimuli/225.jpg'}
476.5869 	EXP 	image_view: autoDraw = False
476.5869 	EXP 	image_view: autoDraw = False
476.5869 	EXP 	text_fixcross: autoDraw = True
481.0321 	EXP 	text_fixcross: autoDraw = False
481.0321 	EXP 	text_fixcross: autoDraw = False
481.0321 	EXP 	image_view: image = 'Stimuli/225.jpg'
481.0321 	EXP 	image_view: autoDraw = True
487.0556 	EXP 	image_view: autoDraw = False
487.0556 	EXP 	image_view: autoDraw = False
487.0556 	EXP 	slider_arousal: markerPos = None
487.0556 	EXP 	slider_arousal: markerPos = None
487.0556 	EXP 	slider_arousal: rating = None
487.0556 	EXP 	text_slider_arousal: autoDraw = True
487.0556 	EXP 	slider_arousal: autoDraw = True
492.7556 	DATA 	Mouse: Left button down, pos=(441,336)
492.7702 	EXP 	slider_arousal: markerPos = 7.777777777777772
492.7873 	EXP 	slider_arousal: markerPos = 7.777777777777772
492.8036 	EXP 	slider_arousal: markerPos = 7.777777777777772
492.8198 	EXP 	slider_arousal: markerPos = 7.777777777777772
492.8231 	DATA 	Mouse:  Left button up, pos=(441,336)
492.8370 	EXP 	slider_arousal: markerPos = 7.777777777777772
492.8370 	EXP 	slider_arousal: rating = 7.777777777777772
492.8579 	EXP 	text_slider_arousal: autoDraw = False
492.8579 	EXP 	slider_arousal: autoDraw = False
492.8579 	EXP 	slider_effort: markerPos = None
492.8579 	EXP 	slider_effort: markerPos = None
492.8579 	EXP 	slider_effort: rating = None
492.8579 	EXP 	text_slider_effort: autoDraw = True
492.8579 	EXP 	slider_effort: autoDraw = True
500.0754 	DATA 	Mouse: Left button down, pos=(498,331)
500.1021 	EXP 	slider_effort: markerPos = 28.888888888888896
500.1189 	EXP 	slider_effort: markerPos = 28.888888888888896
500.1356 	EXP 	slider_effort: markerPos = 28.888888888888896
500.1520 	EXP 	slider_effort: markerPos = 28.888888888888896
500.1689 	EXP 	slider_effort: markerPos = 28.888888888888896
500.1852 	EXP 	slider_effort: markerPos = 28.888888888888896
500.1887 	DATA 	Mouse:  Left button up, pos=(498,330)
500.2032 	EXP 	slider_effort: markerPos = 28.888888888888896
500.2032 	EXP 	slider_effort: rating = 28.888888888888896
500.2126 	EXP 	Imported blocks_reg.xlsx as conditions, 3 conditions, 6 params
500.2130 	EXP 	Created sequence: random, trialTypes=3, nReps=1, seed=None
500.2133 	EXP 	New trial (rep=0, index=0): {'Block': 4, 'conds_reg_File': 'StimuliNegative.xlsx', 'n_reps': 1, 'TriggerBlockReg': 24, 'instr_1': 'DISTANZIEREN', 'instr_2': 'Nehmen Sie die Position eines uninvolvierten Beobachters ein. Denken Sie über das Bild in einer neutralen Weise nach.'}
500.2457 	EXP 	text_slider_effort: autoDraw = False
500.2457 	EXP 	slider_effort: autoDraw = False
500.2457 	EXP 	text_Instruction: text = 'DISTANZIEREN\n\nIn diesem Block werden Sie eine Reihe von Bildern sehen. Diese sollen Sie aufmerksam ansehen.\nNehmen Sie die Position eines uninvolvierten Beobachters ein. Denken Sie über das Bild in einer neutralen Weise nach.\n\nBitte konzentrieren Sie Ihre Regulationsbemühungen nur auf das Bild, nicht aber auf die Zeiträume zwischen den Bildern.\n\nZum Starten des Blocks Leertaste drücken'
500.2457 	EXP 	text_Instruction: autoDraw = True
505.4453 	EXP 	Imported StimuliNegative_4.xlsx as conditions, 20 conditions, 1 params
505.4457 	EXP 	Created sequence: random, trialTypes=20, nReps=1, seed=None
505.4459 	EXP 	New trial (rep=0, index=0): {'ImageFile': 'Stimuli/9254.jpg'}
505.4486 	DATA 	Keypress: space
505.4523 	EXP 	text_Instruction: autoDraw = False
505.4523 	EXP 	text_fixcross: autoDraw = True
509.9923 	EXP 	text_fixcross: autoDraw = False
509.9923 	EXP 	text_fixcross: autoDraw = False
509.9923 	EXP 	image_reg: image = 'Stimuli/9254.jpg'
509.9923 	EXP 	image_reg: autoDraw = True
515.9905 	EXP 	New trial (rep=0, index=1): {'ImageFile': 'Stimuli/2800.jpg'}
516.0048 	EXP 	image_reg: autoDraw = False
516.0048 	EXP 	image_reg: autoDraw = False
516.0048 	EXP 	text_fixcross: autoDraw = True
519.6472 	EXP 	text_fixcross: autoDraw = False
519.6472 	EXP 	text_fixcross: autoDraw = False
519.6472 	EXP 	image_reg: image = 'Stimuli/2800.jpg'
519.6472 	EXP 	image_reg: autoDraw = True
525.6398 	EXP 	New trial (rep=0, index=2): {'ImageFile': 'Stimuli/3230.jpg'}
525.6535 	EXP 	image_reg: autoDraw = False
525.6535 	EXP 	image_reg: autoDraw = False
525.6535 	EXP 	text_fixcross: autoDraw = True
529.7048 	EXP 	text_fixcross: autoDraw = False
529.7048 	EXP 	text_fixcross: autoDraw = False
529.7048 	EXP 	image_reg: image = 'Stimuli/3230.jpg'
529.7048 	EXP 	image_reg: autoDraw = True
535.7066 	EXP 	New trial (rep=0, index=3): {'ImageFile': 'Stimuli/9120.jpg'}
535.7206 	EXP 	image_reg: autoDraw = False
535.7206 	EXP 	image_reg: autoDraw = False
535.7206 	EXP 	text_fixcross: autoDraw = True
539.9629 	EXP 	text_fixcross: autoDraw = False
539.9629 	EXP 	text_fixcross: autoDraw = False
539.9629 	EXP 	image_reg: image = 'Stimuli/9120.jpg'
539.9629 	EXP 	image_reg: autoDraw = True
545.9565 	EXP 	New trial (rep=0, index=4): {'ImageFile': 'Stimuli/9599.jpg'}
545.9702 	EXP 	image_reg: autoDraw = False
545.9702 	EXP 	image_reg: autoDraw = False
545.9702 	EXP 	text_fixcross: autoDraw = True
549.6137 	EXP 	text_fixcross: autoDraw = False
549.6137 	EXP 	text_fixcross: autoDraw = False
549.6137 	EXP 	image_reg: image = 'Stimuli/9599.jpg'
549.6137 	EXP 	image_reg: autoDraw = True
555.6064 	EXP 	New trial (rep=0, index=5): {'ImageFile': 'Stimuli/9230.jpg'}
555.6204 	EXP 	image_reg: autoDraw = False
555.6204 	EXP 	image_reg: autoDraw = False
555.6204 	EXP 	text_fixcross: autoDraw = True
558.7667 	EXP 	text_fixcross: autoDraw = False
558.7667 	EXP 	text_fixcross: autoDraw = False
558.7667 	EXP 	image_reg: image = 'Stimuli/9230.jpg'
558.7667 	EXP 	image_reg: autoDraw = True
564.7565 	EXP 	New trial (rep=0, index=6): {'ImageFile': 'Stimuli/9421.jpg'}
564.7703 	EXP 	image_reg: autoDraw = False
564.7703 	EXP 	image_reg: autoDraw = False
564.7703 	EXP 	text_fixcross: autoDraw = True
568.2165 	EXP 	text_fixcross: autoDraw = False
568.2165 	EXP 	text_fixcross: autoDraw = False
568.2165 	EXP 	image_reg: image = 'Stimuli/9421.jpg'
568.2165 	EXP 	image_reg: autoDraw = True
574.2066 	EXP 	New trial (rep=0, index=7): {'ImageFile': 'Stimuli/9185.jpg'}
574.2203 	EXP 	image_reg: autoDraw = False
574.2203 	EXP 	image_reg: autoDraw = False
574.2203 	EXP 	text_fixcross: autoDraw = True
578.8592 	EXP 	text_fixcross: autoDraw = False
578.8592 	EXP 	text_fixcross: autoDraw = False
578.8592 	EXP 	image_reg: image = 'Stimuli/9185.jpg'
578.8592 	EXP 	image_reg: autoDraw = True
584.8565 	EXP 	New trial (rep=0, index=8): {'ImageFile': 'Stimuli/9905.jpg'}
584.8702 	EXP 	image_reg: autoDraw = False
584.8702 	EXP 	image_reg: autoDraw = False
584.8702 	EXP 	text_fixcross: autoDraw = True
588.4186 	EXP 	text_fixcross: autoDraw = False
588.4186 	EXP 	text_fixcross: autoDraw = False
588.4186 	EXP 	image_reg: image = 'Stimuli/9905.jpg'
588.4186 	EXP 	image_reg: autoDraw = True
594.4065 	EXP 	New trial (rep=0, index=9): {'ImageFile': 'Stimuli/252.jpg'}
594.4203 	EXP 	image_reg: autoDraw = False
594.4203 	EXP 	image_reg: autoDraw = False
594.4203 	EXP 	text_fixcross: autoDraw = True
598.2718 	EXP 	text_fixcross: autoDraw = False
598.2718 	EXP 	text_fixcross: autoDraw = False
598.2718 	EXP 	image_reg: image = 'Stimuli/252.jpg'
598.2718 	EXP 	image_reg: autoDraw = True
604.2732 	EXP 	New trial (rep=0, index=10): {'ImageFile': 'Stimuli/9420.jpg'}
604.2873 	EXP 	image_reg: autoDraw = False
604.2873 	EXP 	image_reg: autoDraw = False
604.2873 	EXP 	text_fixcross: autoDraw = True
609.1419 	EXP 	text_fixcross: autoDraw = False
609.1419 	EXP 	text_fixcross: autoDraw = False
609.1419 	EXP 	image_reg: image = 'Stimuli/9420.jpg'
609.1419 	EXP 	image_reg: autoDraw = True
615.1398 	EXP 	New trial (rep=0, index=11): {'ImageFile': 'Stimuli/6838.jpg'}
615.1534 	EXP 	image_reg: autoDraw = False
615.1534 	EXP 	image_reg: autoDraw = False
615.1534 	EXP 	text_fixcross: autoDraw = True
618.7773 	EXP 	text_fixcross: autoDraw = False
618.7773 	EXP 	text_fixcross: autoDraw = False
618.7773 	EXP 	image_reg: image = 'Stimuli/6838.jpg'
618.7773 	EXP 	image_reg: autoDraw = True
624.7729 	EXP 	New trial (rep=0, index=12): {'ImageFile': 'Stimuli/9181.jpg'}
624.7869 	EXP 	image_reg: autoDraw = False
624.7869 	EXP 	image_reg: autoDraw = False
624.7869 	EXP 	text_fixcross: autoDraw = True
629.6210 	EXP 	text_fixcross: autoDraw = False
629.6210 	EXP 	text_fixcross: autoDraw = False
629.6210 	EXP 	image_reg: image = 'Stimuli/9181.jpg'
629.6210 	EXP 	image_reg: autoDraw = True
635.6233 	EXP 	New trial (rep=0, index=13): {'ImageFile': 'Stimuli/1051.jpg'}
635.6368 	EXP 	image_reg: autoDraw = False
635.6368 	EXP 	image_reg: autoDraw = False
635.6368 	EXP 	text_fixcross: autoDraw = True
640.6652 	EXP 	text_fixcross: autoDraw = False
640.6652 	EXP 	text_fixcross: autoDraw = False
640.6652 	EXP 	image_reg: image = 'Stimuli/1051.jpg'
640.6652 	EXP 	image_reg: autoDraw = True
646.6565 	EXP 	New trial (rep=0, index=14): {'ImageFile': 'Stimuli/9411.jpg'}
646.6702 	EXP 	image_reg: autoDraw = False
646.6702 	EXP 	image_reg: autoDraw = False
646.6702 	EXP 	text_fixcross: autoDraw = True
650.4965 	EXP 	text_fixcross: autoDraw = False
650.4965 	EXP 	text_fixcross: autoDraw = False
650.4965 	EXP 	image_reg: image = 'Stimuli/9411.jpg'
650.4965 	EXP 	image_reg: autoDraw = True
656.4898 	EXP 	New trial (rep=0, index=15): {'ImageFile': 'Stimuli/227.jpg'}
656.5036 	EXP 	image_reg: autoDraw = False
656.5036 	EXP 	image_reg: autoDraw = False
656.5036 	EXP 	text_fixcross: autoDraw = True
660.0535 	EXP 	text_fixcross: autoDraw = False
660.0535 	EXP 	text_fixcross: autoDraw = False
660.0535 	EXP 	image_reg: image = 'Stimuli/227.jpg'
660.0535 	EXP 	image_reg: autoDraw = True
666.0398 	EXP 	New trial (rep=0, index=16): {'ImageFile': 'Stimuli/9332.jpg'}
666.0535 	EXP 	image_reg: autoDraw = False
666.0535 	EXP 	image_reg: autoDraw = False
666.0535 	EXP 	text_fixcross: autoDraw = True
671.1131 	EXP 	text_fixcross: autoDraw = False
671.1131 	EXP 	text_fixcross: autoDraw = False
671.1131 	EXP 	image_reg: image = 'Stimuli/9332.jpg'
671.1131 	EXP 	image_reg: autoDraw = True
677.1066 	EXP 	New trial (rep=0, index=17): {'ImageFile': 'Stimuli/3061.jpg'}
677.1205 	EXP 	image_reg: autoDraw = False
677.1205 	EXP 	image_reg: autoDraw = False
677.1205 	EXP 	text_fixcross: autoDraw = True
681.5695 	EXP 	text_fixcross: autoDraw = False
681.5695 	EXP 	text_fixcross: autoDraw = False
681.5695 	EXP 	image_reg: image = 'Stimuli/3061.jpg'
681.5695 	EXP 	image_reg: autoDraw = True
687.5565 	EXP 	New trial (rep=0, index=18): {'ImageFile': 'Stimuli/9295.jpg'}
687.5703 	EXP 	image_reg: autoDraw = False
687.5703 	EXP 	image_reg: autoDraw = False
687.5703 	EXP 	text_fixcross: autoDraw = True
692.0296 	EXP 	text_fixcross: autoDraw = False
692.0296 	EXP 	text_fixcross: autoDraw = False
692.0296 	EXP 	image_reg: image = 'Stimuli/9295.jpg'
692.0296 	EXP 	image_reg: autoDraw = True
698.0232 	EXP 	New trial (rep=0, index=19): {'ImageFile': 'Stimuli/6561.jpg'}
698.0368 	EXP 	image_reg: autoDraw = False
698.0368 	EXP 	image_reg: autoDraw = False
698.0368 	EXP 	text_fixcross: autoDraw = True
702.8808 	EXP 	text_fixcross: autoDraw = False
702.8808 	EXP 	text_fixcross: autoDraw = False
702.8808 	EXP 	image_reg: image = 'Stimuli/6561.jpg'
702.8808 	EXP 	image_reg: autoDraw = True
708.9068 	EXP 	image_reg: autoDraw = False
708.9068 	EXP 	image_reg: autoDraw = False
708.9068 	EXP 	slider_arousal: markerPos = None
708.9068 	EXP 	slider_arousal: markerPos = None
708.9068 	EXP 	slider_arousal: rating = None
708.9068 	EXP 	text_slider_arousal: autoDraw = True
708.9068 	EXP 	slider_arousal: autoDraw = True
712.9388 	DATA 	Mouse: Left button down, pos=(451,335)
712.9529 	EXP 	slider_arousal: markerPos = 11.481481481481492
712.9703 	EXP 	slider_arousal: markerPos = 11.481481481481492
712.9984 	EXP 	slider_arousal: markerPos = 11.481481481481492
713.0183 	EXP 	slider_arousal: markerPos = 11.481481481481492
713.0353 	EXP 	slider_arousal: markerPos = 11.481481481481492
713.0386 	DATA 	Mouse:  Left button up, pos=(451,335)
713.0530 	EXP 	slider_arousal: markerPos = 11.481481481481492
713.0530 	EXP 	slider_arousal: rating = 11.481481481481492
713.0748 	EXP 	text_slider_arousal: autoDraw = False
713.0748 	EXP 	slider_arousal: autoDraw = False
713.0748 	EXP 	slider_effort: markerPos = None
713.0748 	EXP 	slider_effort: markerPos = None
713.0748 	EXP 	slider_effort: rating = None
713.0748 	EXP 	text_slider_effort: autoDraw = True
713.0748 	EXP 	slider_effort: autoDraw = True
716.7385 	DATA 	Mouse: Left button down, pos=(646,331)
716.7520 	EXP 	slider_effort: markerPos = 83.7037037037037
716.7686 	EXP 	slider_effort: markerPos = 83.7037037037037
716.7852 	EXP 	slider_effort: markerPos = 83.7037037037037
716.8020 	EXP 	slider_effort: markerPos = 83.7037037037037
716.8186 	EXP 	slider_effort: markerPos = 83.7037037037037
716.8273 	DATA 	Mouse:  Left button up, pos=(646,329)
716.8353 	EXP 	slider_effort: markerPos = 83.7037037037037
716.8528 	EXP 	slider_effort: markerPos = 83.7037037037037
716.8528 	EXP 	slider_effort: rating = 83.7037037037037
716.8573 	EXP 	New trial (rep=0, index=1): {'Block': 3, 'conds_reg_File': 'StimuliNegative.xlsx', 'n_reps': 1, 'TriggerBlockReg': 23, 'instr_1': 'ABLENKEN', 'instr_2': 'Denken Sie während des Betrachtens der Bilder an etwas Neutrales, das mit dem Bild nichts zu tun hat. Das könnten geometrische Figuren, Alltagstätigkeiten oder bekannte Orte sein.'}
716.8907 	EXP 	text_slider_effort: autoDraw = False
716.8907 	EXP 	slider_effort: autoDraw = False
716.8907 	EXP 	text_Instruction: text = 'ABLENKEN\n\nIn diesem Block werden Sie eine Reihe von Bildern sehen. Diese sollen Sie aufmerksam ansehen.\nDenken Sie während des Betrachtens der Bilder an etwas Neutrales, das mit dem Bild nichts zu tun hat. Das könnten geometrische Figuren, Alltagstätigkeiten oder bekannte Orte sein.\n\nBitte konzentrieren Sie Ihre Regulationsbemühungen nur auf das Bild, nicht aber auf die Zeiträume zwischen den Bildern.\n\nZum Starten des Blocks Leertaste drücken'
716.8907 	EXP 	text_Instruction: autoDraw = True
722.7026 	EXP 	Imported StimuliNegative_3.xlsx as conditions, 20 conditions, 1 params
722.7030 	EXP 	Created sequence: random, trialTypes=20, nReps=1, seed=None
722.7032 	EXP 	New trial (rep=0, index=0): {'ImageFile': 'Stimuli/326.jpg'}
722.7064 	DATA 	Keypress: space
722.7103 	EXP 	text_Instruction: autoDraw = False
722.7103 	EXP 	text_fixcross: autoDraw = True
726.8547 	EXP 	text_fixcross: autoDraw = False
726.8547 	EXP 	text_fixcross: autoDraw = False
726.8547 	EXP 	image_reg: image = 'Stimuli/326.jpg'
726.8547 	EXP 	image_reg: autoDraw = True
732.8571 	EXP 	New trial (rep=0, index=1): {'ImageFile': 'Stimuli/6410.jpg'}
732.8702 	EXP 	image_reg: autoDraw = False
732.8702 	EXP 	image_reg: autoDraw = False
732.8702 	EXP 	text_fixcross: autoDraw = True
736.1163 	EXP 	text_fixcross: autoDraw = False
736.1163 	EXP 	text_fixcross: autoDraw = False
736.1163 	EXP 	image_reg: image = 'Stimuli/6410.jpg'
736.1163 	EXP 	image_reg: autoDraw = True
742.1062 	EXP 	New trial (rep=0, index=2): {'ImageFile': 'Stimuli/1301.jpg'}
742.1203 	EXP 	image_reg: autoDraw = False
742.1203 	EXP 	image_reg: autoDraw = False
742.1203 	EXP 	text_fixcross: autoDraw = True
745.8700 	EXP 	text_fixcross: autoDraw = False
745.8700 	EXP 	text_fixcross: autoDraw = False
745.8700 	EXP 	image_reg: image = 'Stimuli/1301.jpg'
745.8700 	EXP 	image_reg: autoDraw = True
751.8564 	EXP 	New trial (rep=0, index=3): {'ImageFile': 'Stimuli/3350.jpg'}
751.8701 	EXP 	image_reg: autoDraw = False
751.8701 	EXP 	image_reg: autoDraw = False
751.8701 	EXP 	text_fixcross: autoDraw = True
755.9029 	EXP 	text_fixcross: autoDraw = False
755.9029 	EXP 	text_fixcross: autoDraw = False
755.9029 	EXP 	image_reg: image = 'Stimuli/3350.jpg'
755.9029 	EXP 	image_reg: autoDraw = True
761.8896 	EXP 	New trial (rep=0, index=4): {'ImageFile': 'Stimuli/6555.jpg'}
761.9036 	EXP 	image_reg: autoDraw = False
761.9036 	EXP 	image_reg: autoDraw = False
761.9036 	EXP 	text_fixcross: autoDraw = True
765.6512 	EXP 	text_fixcross: autoDraw = False
765.6512 	EXP 	text_fixcross: autoDraw = False
765.6512 	EXP 	image_reg: image = 'Stimuli/6555.jpg'
765.6512 	EXP 	image_reg: autoDraw = True
771.6397 	EXP 	New trial (rep=0, index=5): {'ImageFile': 'Stimuli/6940.jpg'}
771.6535 	EXP 	image_reg: autoDraw = False
771.6535 	EXP 	image_reg: autoDraw = False
771.6535 	EXP 	text_fixcross: autoDraw = True
776.1864 	EXP 	text_fixcross: autoDraw = False
776.1864 	EXP 	text_fixcross: autoDraw = False
776.1864 	EXP 	image_reg: image = 'Stimuli/6940.jpg'
776.1864 	EXP 	image_reg: autoDraw = True
782.1730 	EXP 	New trial (rep=0, index=6): {'ImageFile': 'Stimuli/254.jpg'}
782.1870 	EXP 	image_reg: autoDraw = False
782.1870 	EXP 	image_reg: autoDraw = False
782.1870 	EXP 	text_fixcross: autoDraw = True
785.8268 	EXP 	text_fixcross: autoDraw = False
785.8268 	EXP 	text_fixcross: autoDraw = False
785.8268 	EXP 	image_reg: image = 'Stimuli/254.jpg'
785.8268 	EXP 	image_reg: autoDraw = True
791.8232 	EXP 	New trial (rep=0, index=7): {'ImageFile': 'Stimuli/6825.jpg'}
791.8368 	EXP 	image_reg: autoDraw = False
791.8368 	EXP 	image_reg: autoDraw = False
791.8368 	EXP 	text_fixcross: autoDraw = True
796.2948 	EXP 	text_fixcross: autoDraw = False
796.2948 	EXP 	text_fixcross: autoDraw = False
796.2948 	EXP 	image_reg: image = 'Stimuli/6825.jpg'
796.2948 	EXP 	image_reg: autoDraw = True
802.2897 	EXP 	New trial (rep=0, index=8): {'ImageFile': 'Stimuli/9570.jpg'}
802.3038 	EXP 	image_reg: autoDraw = False
802.3038 	EXP 	image_reg: autoDraw = False
802.3038 	EXP 	text_fixcross: autoDraw = True
807.2512 	EXP 	text_fixcross: autoDraw = False
807.2512 	EXP 	text_fixcross: autoDraw = False
807.2512 	EXP 	image_reg: image = 'Stimuli/9570.jpg'
807.2512 	EXP 	image_reg: autoDraw = True
813.2397 	EXP 	New trial (rep=0, index=9): {'ImageFile': 'Stimuli/253.jpg'}
813.2535 	EXP 	image_reg: autoDraw = False
813.2535 	EXP 	image_reg: autoDraw = False
813.2535 	EXP 	text_fixcross: autoDraw = True
816.6964 	EXP 	text_fixcross: autoDraw = False
816.6964 	EXP 	text_fixcross: autoDraw = False
816.6964 	EXP 	image_reg: image = 'Stimuli/253.jpg'
816.6964 	EXP 	image_reg: autoDraw = True
822.6898 	EXP 	New trial (rep=0, index=10): {'ImageFile': 'Stimuli/9041.jpg'}
822.7035 	EXP 	image_reg: autoDraw = False
822.7035 	EXP 	image_reg: autoDraw = False
822.7035 	EXP 	text_fixcross: autoDraw = True
826.9519 	EXP 	text_fixcross: autoDraw = False
826.9519 	EXP 	text_fixcross: autoDraw = False
826.9519 	EXP 	image_reg: image = 'Stimuli/9041.jpg'
826.9519 	EXP 	image_reg: autoDraw = True
832.9398 	EXP 	New trial (rep=0, index=11): {'ImageFile': 'Stimuli/208.jpg'}
832.9535 	EXP 	image_reg: autoDraw = False
832.9535 	EXP 	image_reg: autoDraw = False
832.9535 	EXP 	text_fixcross: autoDraw = True
836.9833 	EXP 	text_fixcross: autoDraw = False
836.9833 	EXP 	text_fixcross: autoDraw = False
836.9833 	EXP 	image_reg: image = 'Stimuli/208.jpg'
836.9833 	EXP 	image_reg: autoDraw = True
842.9732 	EXP 	New trial (rep=0, index=12): {'ImageFile': 'Stimuli/8230.jpg'}
842.9872 	EXP 	image_reg: autoDraw = False
842.9872 	EXP 	image_reg: autoDraw = False
842.9872 	EXP 	text_fixcross: autoDraw = True
847.9364 	EXP 	text_fixcross: autoDraw = False
847.9364 	EXP 	text_fixcross: autoDraw = False
847.9364 	EXP 	image_reg: image = 'Stimuli/8230.jpg'
847.9364 	EXP 	image_reg: autoDraw = True
853.9230 	EXP 	New trial (rep=0, index=13): {'ImageFile': 'Stimuli/226.jpg'}
853.9369 	EXP 	image_reg: autoDraw = False
853.9369 	EXP 	image_reg: autoDraw = False
853.9369 	EXP 	text_fixcross: autoDraw = True
858.6819 	EXP 	text_fixcross: autoDraw = False
858.6819 	EXP 	text_fixcross: autoDraw = False
858.6819 	EXP 	image_reg: image = 'Stimuli/226.jpg'
858.6819 	EXP 	image_reg: autoDraw = True
864.6733 	EXP 	New trial (rep=0, index=14): {'ImageFile': 'Stimuli/6242.jpg'}
864.6870 	EXP 	image_reg: autoDraw = False
864.6870 	EXP 	image_reg: autoDraw = False
864.6870 	EXP 	text_fixcross: autoDraw = True
867.9320 	EXP 	text_fixcross: autoDraw = False
867.9320 	EXP 	text_fixcross: autoDraw = False
867.9320 	EXP 	image_reg: image = 'Stimuli/6242.jpg'
867.9320 	EXP 	image_reg: autoDraw = True
873.9232 	EXP 	New trial (rep=0, index=15): {'ImageFile': 'Stimuli/9340.jpg'}
873.9368 	EXP 	image_reg: autoDraw = False
873.9368 	EXP 	image_reg: autoDraw = False
873.9368 	EXP 	text_fixcross: autoDraw = True
877.4824 	EXP 	text_fixcross: autoDraw = False
877.4824 	EXP 	text_fixcross: autoDraw = False
877.4824 	EXP 	image_reg: image = 'Stimuli/9340.jpg'
877.4824 	EXP 	image_reg: autoDraw = True
883.4730 	EXP 	New trial (rep=0, index=16): {'ImageFile': 'Stimuli/9800.jpg'}
883.4868 	EXP 	image_reg: autoDraw = False
883.4868 	EXP 	image_reg: autoDraw = False
883.4868 	EXP 	text_fixcross: autoDraw = True
887.1197 	EXP 	text_fixcross: autoDraw = False
887.1197 	EXP 	text_fixcross: autoDraw = False
887.1197 	EXP 	image_reg: image = 'Stimuli/9800.jpg'
887.1197 	EXP 	image_reg: autoDraw = True
893.1062 	EXP 	New trial (rep=0, index=17): {'ImageFile': 'Stimuli/9409.jpg'}
893.1199 	EXP 	image_reg: autoDraw = False
893.1199 	EXP 	image_reg: autoDraw = False
893.1199 	EXP 	text_fixcross: autoDraw = True
896.9531 	EXP 	text_fixcross: autoDraw = False
896.9531 	EXP 	text_fixcross: autoDraw = False
896.9531 	EXP 	image_reg: image = 'Stimuli/9409.jpg'
896.9531 	EXP 	image_reg: autoDraw = True
902.9397 	EXP 	New trial (rep=0, index=18): {'ImageFile': 'Stimuli/219.jpg'}
902.9536 	EXP 	image_reg: autoDraw = False
902.9536 	EXP 	image_reg: autoDraw = False
902.9536 	EXP 	text_fixcross: autoDraw = True
906.4939 	EXP 	text_fixcross: autoDraw = False
906.4939 	EXP 	text_fixcross: autoDraw = False
906.4939 	EXP 	image_reg: image = 'Stimuli/219.jpg'
906.4939 	EXP 	image_reg: autoDraw = True
912.4897 	EXP 	New trial (rep=0, index=19): {'ImageFile': 'Stimuli/9140.jpg'}
912.5034 	EXP 	image_reg: autoDraw = False
912.5034 	EXP 	image_reg: autoDraw = False
912.5034 	EXP 	text_fixcross: autoDraw = True
916.4393 	EXP 	text_fixcross: autoDraw = False
916.4393 	EXP 	text_fixcross: autoDraw = False
916.4393 	EXP 	image_reg: image = 'Stimuli/9140.jpg'
916.4393 	EXP 	image_reg: autoDraw = True
922.4661 	EXP 	image_reg: autoDraw = False
922.4661 	EXP 	image_reg: autoDraw = False
922.4661 	EXP 	slider_arousal: markerPos = None
922.4661 	EXP 	slider_arousal: markerPos = None
922.4661 	EXP 	slider_arousal: rating = None
922.4661 	EXP 	text_slider_arousal: autoDraw = True
922.4661 	EXP 	slider_arousal: autoDraw = True
926.5219 	DATA 	Mouse: Left button down, pos=(431,352)
926.5354 	EXP 	slider_arousal: markerPos = 4.074074074074074
926.5521 	EXP 	slider_arousal: markerPos = 4.074074074074074
926.5689 	EXP 	slider_arousal: markerPos = 4.074074074074074
926.5857 	EXP 	slider_arousal: markerPos = 4.074074074074074
926.6023 	EXP 	slider_arousal: markerPos = 4.074074074074074
926.6188 	EXP 	slider_arousal: markerPos = 4.074074074074074
926.6278 	DATA 	Mouse:  Left button up, pos=(431,352)
926.6353 	EXP 	slider_arousal: markerPos = 4.074074074074074
926.6528 	EXP 	slider_arousal: markerPos = 4.074074074074074
926.6528 	EXP 	slider_arousal: rating = 4.074074074074074
926.6741 	EXP 	text_slider_arousal: autoDraw = False
926.6741 	EXP 	slider_arousal: autoDraw = False
926.6741 	EXP 	slider_effort: markerPos = None
926.6741 	EXP 	slider_effort: markerPos = None
926.6741 	EXP 	slider_effort: rating = None
926.6741 	EXP 	text_slider_effort: autoDraw = True
926.6741 	EXP 	slider_effort: autoDraw = True
928.8754 	DATA 	Mouse: Left button down, pos=(738,342)
928.9022 	EXP 	slider_effort: markerPos = 117.77777777777779
928.9190 	EXP 	slider_effort: markerPos = 117.77777777777779
928.9352 	EXP 	slider_effort: markerPos = 117.77777777777779
928.9519 	EXP 	slider_effort: markerPos = 117.77777777777779
928.9607 	DATA 	Mouse:  Left button up, pos=(738,342)
928.9685 	EXP 	slider_effort: markerPos = 117.77777777777779
928.9860 	EXP 	slider_effort: markerPos = 117.77777777777779
928.9860 	EXP 	slider_effort: rating = 117.77777777777779
928.9902 	EXP 	New trial (rep=0, index=2): {'Block': 5, 'conds_reg_File': 'StimuliNegative.xlsx', 'n_reps': 1, 'TriggerBlockReg': 25, 'instr_1': 'UNTERDRÜCKEN', 'instr_2': 'Unterdrücken Sie alle aufkommenden Emotionen. Wenn Sie also die Bilder ansehen, verhalten Sie sich so, dass eine außenstehende Person nicht sehen kann, welche Emotionen Sie gerade empfinden.'}
929.0212 	EXP 	text_slider_effort: autoDraw = False
929.0212 	EXP 	slider_effort: autoDraw = False
929.0212 	EXP 	text_Instruction: text = 'UNTERDRÜCKEN\n\nIn diesem Block werden Sie eine Reihe von Bildern sehen. Diese sollen Sie aufmerksam ansehen.\nUnterdrücken Sie alle aufkommenden Emotionen. Wenn Sie also die Bilder ansehen, verhalten Sie sich so, dass eine außenstehende Person nicht sehen kann, welche Emotionen Sie gerade empfinden.\n\nBitte konzentrieren Sie Ihre Regulationsbemühungen nur auf das Bild, nicht aber auf die Zeiträume zwischen den Bildern.\n\nZum Starten des Blocks Leertaste drücken'
929.0212 	EXP 	text_Instruction: autoDraw = True
934.9859 	EXP 	Imported StimuliNegative_2.xlsx as conditions, 20 conditions, 1 params
934.9865 	EXP 	Created sequence: random, trialTypes=20, nReps=1, seed=None
934.9868 	EXP 	New trial (rep=0, index=0): {'ImageFile': 'Stimuli/9904.jpg'}
934.9900 	DATA 	Keypress: space
934.9938 	EXP 	text_Instruction: autoDraw = False
934.9938 	EXP 	text_fixcross: autoDraw = True
939.6429 	EXP 	text_fixcross: autoDraw = False
939.6429 	EXP 	text_fixcross: autoDraw = False
939.6429 	EXP 	image_reg: image = 'Stimuli/9904.jpg'
939.6429 	EXP 	image_reg: autoDraw = True
945.6404 	EXP 	New trial (rep=0, index=1): {'ImageFile': 'Stimuli/228.jpg'}
945.6546 	EXP 	image_reg: autoDraw = False
945.6546 	EXP 	image_reg: autoDraw = False
945.6546 	EXP 	text_fixcross: autoDraw = True
949.5975 	EXP 	text_fixcross: autoDraw = False
949.5975 	EXP 	text_fixcross: autoDraw = False
949.5975 	EXP 	image_reg: image = 'Stimuli/228.jpg'
949.5975 	EXP 	image_reg: autoDraw = True
955.5897 	EXP 	New trial (rep=0, index=2): {'ImageFile': 'Stimuli/3185.jpg'}
955.6034 	EXP 	image_reg: autoDraw = False
955.6034 	EXP 	image_reg: autoDraw = False
955.6034 	EXP 	text_fixcross: autoDraw = True
960.2398 	EXP 	text_fixcross: autoDraw = False
960.2398 	EXP 	text_fixcross: autoDraw = False
960.2398 	EXP 	image_reg: image = 'Stimuli/3185.jpg'
960.2398 	EXP 	image_reg: autoDraw = True
966.2398 	EXP 	New trial (rep=0, index=3): {'ImageFile': 'Stimuli/9145.jpg'}
966.2535 	EXP 	image_reg: autoDraw = False
966.2535 	EXP 	image_reg: autoDraw = False
966.2535 	EXP 	text_fixcross: autoDraw = True
970.4965 	EXP 	text_fixcross: autoDraw = False
970.4965 	EXP 	text_fixcross: autoDraw = False
970.4965 	EXP 	image_reg: image = 'Stimuli/9145.jpg'
970.4965 	EXP 	image_reg: autoDraw = True
976.4897 	EXP 	New trial (rep=0, index=4): {'ImageFile': 'Stimuli/9042.jpg'}
976.5033 	EXP 	image_reg: autoDraw = False
976.5033 	EXP 	image_reg: autoDraw = False
976.5033 	EXP 	text_fixcross: autoDraw = True
980.6537 	EXP 	text_fixcross: autoDraw = False
980.6537 	EXP 	text_fixcross: autoDraw = False
980.6537 	EXP 	image_reg: image = 'Stimuli/9042.jpg'
980.6537 	EXP 	image_reg: autoDraw = True
986.6563 	EXP 	New trial (rep=0, index=5): {'ImageFile': 'Stimuli/3051.jpg'}
986.6700 	EXP 	image_reg: autoDraw = False
986.6700 	EXP 	image_reg: autoDraw = False
986.6700 	EXP 	text_fixcross: autoDraw = True
990.9118 	EXP 	text_fixcross: autoDraw = False
990.9118 	EXP 	text_fixcross: autoDraw = False
990.9118 	EXP 	image_reg: image = 'Stimuli/3051.jpg'
990.9118 	EXP 	image_reg: autoDraw = True
996.9064 	EXP 	New trial (rep=0, index=6): {'ImageFile': 'Stimuli/9031.jpg'}
996.9201 	EXP 	image_reg: autoDraw = False
996.9201 	EXP 	image_reg: autoDraw = False
996.9201 	EXP 	text_fixcross: autoDraw = True
1000.3459 	EXP 	text_fixcross: autoDraw = False
1000.3459 	EXP 	text_fixcross: autoDraw = False
1000.3459 	EXP 	image_reg: image = 'Stimuli/9031.jpg'
1000.3459 	EXP 	image_reg: autoDraw = True
1006.3397 	EXP 	New trial (rep=0, index=7): {'ImageFile': 'Stimuli/246.jpg'}
1006.3534 	EXP 	image_reg: autoDraw = False
1006.3534 	EXP 	image_reg: autoDraw = False
1006.3534 	EXP 	text_fixcross: autoDraw = True
1010.5954 	EXP 	text_fixcross: autoDraw = False
1010.5954 	EXP 	text_fixcross: autoDraw = False
1010.5954 	EXP 	image_reg: image = 'Stimuli/246.jpg'
1010.5954 	EXP 	image_reg: autoDraw = True
1016.5897 	EXP 	New trial (rep=0, index=8): {'ImageFile': 'Stimuli/9040.jpg'}
1016.6033 	EXP 	image_reg: autoDraw = False
1016.6033 	EXP 	image_reg: autoDraw = False
1016.6033 	EXP 	text_fixcross: autoDraw = True
1019.7392 	EXP 	text_fixcross: autoDraw = False
1019.7392 	EXP 	text_fixcross: autoDraw = False
1019.7392 	EXP 	image_reg: image = 'Stimuli/9040.jpg'
1019.7392 	EXP 	image_reg: autoDraw = True
1025.7397 	EXP 	New trial (rep=0, index=9): {'ImageFile': 'Stimuli/3301.jpg'}
1025.7532 	EXP 	image_reg: autoDraw = False
1025.7532 	EXP 	image_reg: autoDraw = False
1025.7532 	EXP 	text_fixcross: autoDraw = True
1029.4961 	EXP 	text_fixcross: autoDraw = False
1029.4961 	EXP 	text_fixcross: autoDraw = False
1029.4961 	EXP 	image_reg: image = 'Stimuli/3301.jpg'
1029.4961 	EXP 	image_reg: autoDraw = True
1035.4895 	EXP 	New trial (rep=0, index=10): {'ImageFile': 'Stimuli/210.jpg'}
1035.5032 	EXP 	image_reg: autoDraw = False
1035.5032 	EXP 	image_reg: autoDraw = False
1035.5032 	EXP 	text_fixcross: autoDraw = True
1040.0337 	EXP 	text_fixcross: autoDraw = False
1040.0337 	EXP 	text_fixcross: autoDraw = False
1040.0337 	EXP 	image_reg: image = 'Stimuli/210.jpg'
1040.0337 	EXP 	image_reg: autoDraw = True
1046.0231 	EXP 	New trial (rep=0, index=11): {'ImageFile': 'Stimuli/218.jpg'}
1046.0372 	EXP 	image_reg: autoDraw = False
1046.0372 	EXP 	image_reg: autoDraw = False
1046.0372 	EXP 	text_fixcross: autoDraw = True
1050.7771 	EXP 	text_fixcross: autoDraw = False
1050.7771 	EXP 	text_fixcross: autoDraw = False
1050.7771 	EXP 	image_reg: image = 'Stimuli/218.jpg'
1050.7771 	EXP 	image_reg: autoDraw = True
1056.7730 	EXP 	New trial (rep=0, index=12): {'ImageFile': 'Stimuli/251.jpg'}
1056.7872 	EXP 	image_reg: autoDraw = False
1056.7872 	EXP 	image_reg: autoDraw = False
1056.7872 	EXP 	text_fixcross: autoDraw = True
1060.3250 	EXP 	text_fixcross: autoDraw = False
1060.3250 	EXP 	text_fixcross: autoDraw = False
1060.3250 	EXP 	image_reg: image = 'Stimuli/251.jpg'
1060.3250 	EXP 	image_reg: autoDraw = True
1066.3230 	EXP 	New trial (rep=0, index=13): {'ImageFile': 'Stimuli/9043.jpg'}
1066.3367 	EXP 	image_reg: autoDraw = False
1066.3367 	EXP 	image_reg: autoDraw = False
1066.3367 	EXP 	text_fixcross: autoDraw = True
1069.5854 	EXP 	text_fixcross: autoDraw = False
1069.5854 	EXP 	text_fixcross: autoDraw = False
1069.5854 	EXP 	image_reg: image = 'Stimuli/9043.jpg'
1069.5854 	EXP 	image_reg: autoDraw = True
1075.5731 	EXP 	New trial (rep=0, index=14): {'ImageFile': 'Stimuli/3160.jpg'}
1075.5871 	EXP 	image_reg: autoDraw = False
1075.5871 	EXP 	image_reg: autoDraw = False
1075.5871 	EXP 	text_fixcross: autoDraw = True
1079.4250 	EXP 	text_fixcross: autoDraw = False
1079.4250 	EXP 	text_fixcross: autoDraw = False
1079.4250 	EXP 	image_reg: image = 'Stimuli/3160.jpg'
1079.4250 	EXP 	image_reg: autoDraw = True
1085.4229 	EXP 	New trial (rep=0, index=15): {'ImageFile': 'Stimuli/6562.jpg'}
1085.4367 	EXP 	image_reg: autoDraw = False
1085.4367 	EXP 	image_reg: autoDraw = False
1085.4367 	EXP 	text_fixcross: autoDraw = True
1090.2645 	EXP 	text_fixcross: autoDraw = False
1090.2645 	EXP 	text_fixcross: autoDraw = False
1090.2645 	EXP 	image_reg: image = 'Stimuli/6562.jpg'
1090.2645 	EXP 	image_reg: autoDraw = True
1096.2562 	EXP 	New trial (rep=0, index=16): {'ImageFile': 'Stimuli/9184.jpg'}
1096.2701 	EXP 	image_reg: autoDraw = False
1096.2701 	EXP 	image_reg: autoDraw = False
1096.2701 	EXP 	text_fixcross: autoDraw = True
1099.8047 	EXP 	text_fixcross: autoDraw = False
1099.8047 	EXP 	text_fixcross: autoDraw = False
1099.8047 	EXP 	image_reg: image = 'Stimuli/9184.jpg'
1099.8047 	EXP 	image_reg: autoDraw = True
1105.8062 	EXP 	New trial (rep=0, index=17): {'ImageFile': 'Stimuli/2703.jpg'}
1105.8201 	EXP 	image_reg: autoDraw = False
1105.8201 	EXP 	image_reg: autoDraw = False
1105.8201 	EXP 	text_fixcross: autoDraw = True
1110.6687 	EXP 	text_fixcross: autoDraw = False
1110.6687 	EXP 	text_fixcross: autoDraw = False
1110.6687 	EXP 	image_reg: image = 'Stimuli/2703.jpg'
1110.6687 	EXP 	image_reg: autoDraw = True
1116.6565 	EXP 	New trial (rep=0, index=18): {'ImageFile': 'Stimuli/222.jpg'}
1116.6703 	EXP 	image_reg: autoDraw = False
1116.6703 	EXP 	image_reg: autoDraw = False
1116.6703 	EXP 	text_fixcross: autoDraw = True
1120.9151 	EXP 	text_fixcross: autoDraw = False
1120.9151 	EXP 	text_fixcross: autoDraw = False
1120.9151 	EXP 	image_reg: image = 'Stimuli/222.jpg'
1120.9151 	EXP 	image_reg: autoDraw = True
1126.9064 	EXP 	New trial (rep=0, index=19): {'ImageFile': 'Stimuli/9160.jpg'}
1126.9199 	EXP 	image_reg: autoDraw = False
1126.9199 	EXP 	image_reg: autoDraw = False
1126.9199 	EXP 	text_fixcross: autoDraw = True
1131.4587 	EXP 	text_fixcross: autoDraw = False
1131.4587 	EXP 	text_fixcross: autoDraw = False
1131.4587 	EXP 	image_reg: image = 'Stimuli/9160.jpg'
1131.4587 	EXP 	image_reg: autoDraw = True
1137.4829 	EXP 	image_reg: autoDraw = False
1137.4829 	EXP 	image_reg: autoDraw = False
1137.4829 	EXP 	slider_arousal: markerPos = None
1137.4829 	EXP 	slider_arousal: markerPos = None
1137.4829 	EXP 	slider_arousal: rating = None
1137.4829 	EXP 	text_slider_arousal: autoDraw = True
1137.4829 	EXP 	slider_arousal: autoDraw = True
1144.7052 	DATA 	Mouse: Left button down, pos=(727,296)
1144.7196 	EXP 	slider_arousal: markerPos = 113.70370370370371
1144.7371 	EXP 	slider_arousal: markerPos = 113.70370370370371
1144.7538 	EXP 	slider_arousal: markerPos = 113.70370370370371
1144.7703 	EXP 	slider_arousal: markerPos = 113.70370370370371
1144.7862 	EXP 	slider_arousal: markerPos = 113.70370370370371
1144.8018 	EXP 	slider_arousal: markerPos = 113.70370370370371
1144.8185 	EXP 	slider_arousal: markerPos = 113.70370370370371
1144.8218 	DATA 	Mouse:  Left button up, pos=(727,296)
1144.8360 	EXP 	slider_arousal: markerPos = 113.70370370370371
1144.8360 	EXP 	slider_arousal: rating = 113.70370370370371
1144.8576 	EXP 	text_slider_arousal: autoDraw = False
1144.8576 	EXP 	slider_arousal: autoDraw = False
1144.8576 	EXP 	slider_effort: markerPos = None
1144.8576 	EXP 	slider_effort: markerPos = None
1144.8576 	EXP 	slider_effort: rating = None
1144.8576 	EXP 	text_slider_effort: autoDraw = True
1144.8576 	EXP 	slider_effort: autoDraw = True
1146.9550 	DATA 	Mouse: Left button down, pos=(906,312)
1146.9684 	EXP 	slider_effort: markerPos = 180.0
1146.9851 	EXP 	slider_effort: markerPos = 180.0
1147.0019 	EXP 	slider_effort: markerPos = 180.0
1147.0184 	EXP 	slider_effort: markerPos = 180.0
1147.0350 	EXP 	slider_effort: markerPos = 180.0
1147.0518 	EXP 	slider_effort: markerPos = 180.0
1147.0685 	EXP 	slider_effort: markerPos = 180.0
1147.0850 	EXP 	slider_effort: markerPos = 180.0
1147.1018 	EXP 	slider_effort: markerPos = 180.0
1147.1185 	EXP 	slider_effort: markerPos = 180.0
1147.1218 	DATA 	Mouse:  Left button up, pos=(906,312)
1147.1360 	EXP 	slider_effort: markerPos = 180.0
1147.1360 	EXP 	slider_effort: rating = 180.0
1147.1524 	EXP 	text_slider_effort: autoDraw = False
1147.1524 	EXP 	slider_effort: autoDraw = False
1147.1524 	EXP 	text_EDinstruction: autoDraw = True
1179.3631 	DATA 	Mouse: Left button down, pos=(1818,388)
1179.4801 	DATA 	Mouse:  Left button up, pos=(1818,388)
1181.0364 	EXP 	Imported Moneyvalues.xlsx as conditions, 7 conditions, 1 params
1181.0368 	EXP 	Created sequence: sequential, trialTypes=7, nReps=1, seed=None
1181.0370 	EXP 	New trial (rep=0, index=0): {'Currentstep': 0}
1181.0400 	DATA 	Keypress: space
1181.0438 	EXP 	text_EDinstruction: autoDraw = False
1181.0438 	EXP 	EDbufferscreen: autoDraw = True
1181.4172 	EXP 	EDbufferscreen: autoDraw = False
1181.4172 	EXP 	question: autoDraw = True
1184.7522 	DATA 	Mouse: Left button down, pos=(1081,374)
1184.7560 	EXP 	New trial (rep=0, index=1): {'Currentstep': 1}
1184.7795 	EXP 	question: autoDraw = False
1184.7795 	EXP 	EDbufferscreen: autoDraw = False
1184.7795 	EXP 	question: autoDraw = True
1184.8853 	DATA 	Mouse:  Left button up, pos=(1081,374)
1185.9853 	DATA 	Mouse: Left button down, pos=(774,396)
1185.9880 	EXP 	New trial (rep=0, index=2): {'Currentstep': 2}
1186.0064 	EXP 	question: autoDraw = False
1186.0064 	EXP 	EDbufferscreen: autoDraw = False
1186.0064 	EXP 	question: autoDraw = True
1186.1017 	DATA 	Mouse:  Left button up, pos=(774,396)
1188.0852 	DATA 	Mouse: Left button down, pos=(837,401)
1188.0880 	EXP 	New trial (rep=0, index=3): {'Currentstep': 3}
1188.1058 	EXP 	question: autoDraw = False
1188.1058 	EXP 	EDbufferscreen: autoDraw = False
1188.1058 	EXP 	question: autoDraw = True
1188.1852 	DATA 	Mouse:  Left button up, pos=(837,401)
1190.1415 	DATA 	Mouse: Left button down, pos=(898,399)
1190.1547 	EXP 	New trial (rep=0, index=4): {'Currentstep': 4}
1190.1724 	EXP 	question: autoDraw = False
1190.1724 	EXP 	EDbufferscreen: autoDraw = False
1190.1724 	EXP 	question: autoDraw = True
1190.3412 	DATA 	Mouse:  Left button up, pos=(898,399)
1192.9686 	DATA 	Mouse: Left button down, pos=(834,401)
1192.9713 	EXP 	New trial (rep=0, index=5): {'Currentstep': 5}
1192.9904 	EXP 	question: autoDraw = False
1192.9904 	EXP 	EDbufferscreen: autoDraw = False
1192.9904 	EXP 	question: autoDraw = True
1193.0853 	DATA 	Mouse:  Left button up, pos=(845,393)
1193.7246 	DATA 	Mouse: Left button down, pos=(1090,369)
1193.7381 	EXP 	New trial (rep=0, index=6): {'Currentstep': 6}
1193.7537 	EXP 	question: autoDraw = False
1193.7537 	EXP 	EDbufferscreen: autoDraw = False
1193.7537 	EXP 	question: autoDraw = True
1193.8351 	DATA 	Mouse:  Left button up, pos=(1091,368)
1195.5853 	DATA 	Mouse: Left button down, pos=(1090,370)
1195.5930 	EXP 	Imported Moneyvalues.xlsx as conditions, 7 conditions, 1 params
1195.5934 	EXP 	Created sequence: sequential, trialTypes=7, nReps=1, seed=None
1195.5936 	EXP 	New trial (rep=0, index=0): {'Currentstep': 0}
1195.6038 	EXP 	question: autoDraw = False
1195.6038 	EXP 	EDbufferscreen: autoDraw = False
1195.6038 	EXP 	EDbufferscreen: autoDraw = True
1195.7075 	DATA 	Mouse:  Left button up, pos=(1090,370)
1195.9399 	EXP 	EDbufferscreen: autoDraw = False
1195.9399 	EXP 	question: autoDraw = True
1198.9351 	DATA 	Mouse: Left button down, pos=(807,390)
1198.9383 	EXP 	New trial (rep=0, index=1): {'Currentstep': 1}
1198.9539 	EXP 	question: autoDraw = False
1198.9539 	EXP 	EDbufferscreen: autoDraw = False
1198.9539 	EXP 	question: autoDraw = True
1199.0352 	DATA 	Mouse:  Left button up, pos=(807,390)
1200.0082 	DATA 	Mouse: Left button down, pos=(807,392)
1200.0213 	EXP 	New trial (rep=0, index=2): {'Currentstep': 2}
1200.0369 	EXP 	question: autoDraw = False
1200.0369 	EXP 	EDbufferscreen: autoDraw = False
1200.0369 	EXP 	question: autoDraw = True
1200.0914 	DATA 	Mouse:  Left button up, pos=(807,392)
1200.7080 	DATA 	Mouse: Left button down, pos=(1197,315)
1200.7213 	EXP 	New trial (rep=0, index=3): {'Currentstep': 3}
1200.7369 	EXP 	question: autoDraw = False
1200.7369 	EXP 	EDbufferscreen: autoDraw = False
1200.7369 	EXP 	question: autoDraw = True
1200.8082 	DATA 	Mouse:  Left button up, pos=(1197,319)
1201.3351 	DATA 	Mouse: Left button down, pos=(1192,337)
1201.3378 	EXP 	New trial (rep=0, index=4): {'Currentstep': 4}
1201.3537 	EXP 	question: autoDraw = False
1201.3537 	EXP 	EDbufferscreen: autoDraw = False
1201.3537 	EXP 	question: autoDraw = True
1201.4352 	DATA 	Mouse:  Left button up, pos=(1191,336)
1201.7352 	DATA 	Mouse: Left button down, pos=(1191,336)
1201.7380 	EXP 	New trial (rep=0, index=5): {'Currentstep': 5}
1201.7538 	EXP 	question: autoDraw = False
1201.7538 	EXP 	EDbufferscreen: autoDraw = False
1201.7538 	EXP 	question: autoDraw = True
1201.8414 	DATA 	Mouse:  Left button up, pos=(1191,336)
1202.1521 	DATA 	Mouse: Left button down, pos=(1191,336)
1202.1550 	EXP 	New trial (rep=0, index=6): {'Currentstep': 6}
1202.1707 	EXP 	question: autoDraw = False
1202.1707 	EXP 	EDbufferscreen: autoDraw = False
1202.1707 	EXP 	question: autoDraw = True
1202.2413 	DATA 	Mouse:  Left button up, pos=(1191,336)
1202.6416 	DATA 	Mouse: Left button down, pos=(1186,338)
1202.6593 	EXP 	Imported Moneyvalues.xlsx as conditions, 7 conditions, 1 params
1202.6596 	EXP 	Created sequence: sequential, trialTypes=7, nReps=1, seed=None
1202.6598 	EXP 	New trial (rep=0, index=0): {'Currentstep': 0}
1202.6701 	EXP 	question: autoDraw = False
1202.6701 	EXP 	EDbufferscreen: autoDraw = False
1202.6701 	EXP 	EDbufferscreen: autoDraw = True
1202.7908 	DATA 	Mouse:  Left button up, pos=(1186,338)
1202.9873 	EXP 	EDbufferscreen: autoDraw = False
1202.9873 	EXP 	question: autoDraw = True
1205.1420 	DATA 	Mouse: Left button down, pos=(880,351)
1205.1549 	EXP 	New trial (rep=0, index=1): {'Currentstep': 1}
1205.1706 	EXP 	question: autoDraw = False
1205.1706 	EXP 	EDbufferscreen: autoDraw = False
1205.1706 	EXP 	question: autoDraw = True
1205.2851 	DATA 	Mouse:  Left button up, pos=(880,352)
1207.2019 	DATA 	Mouse: Left button down, pos=(1102,333)
1207.2047 	EXP 	New trial (rep=0, index=2): {'Currentstep': 2}
1207.2205 	EXP 	question: autoDraw = False
1207.2205 	EXP 	EDbufferscreen: autoDraw = False
1207.2205 	EXP 	question: autoDraw = True
1207.3518 	DATA 	Mouse:  Left button up, pos=(1103,333)
1207.9852 	DATA 	Mouse: Left button down, pos=(1103,333)
1207.9880 	EXP 	New trial (rep=0, index=3): {'Currentstep': 3}
1208.0038 	EXP 	question: autoDraw = False
1208.0038 	EXP 	EDbufferscreen: autoDraw = False
1208.0038 	EXP 	question: autoDraw = True
1208.1016 	DATA 	Mouse:  Left button up, pos=(1103,333)
1208.5081 	DATA 	Mouse: Left button down, pos=(1087,335)
1208.5213 	EXP 	New trial (rep=0, index=4): {'Currentstep': 4}
1208.5370 	EXP 	question: autoDraw = False
1208.5370 	EXP 	EDbufferscreen: autoDraw = False
1208.5370 	EXP 	question: autoDraw = True
1208.6246 	DATA 	Mouse:  Left button up, pos=(1087,335)
1209.1853 	DATA 	Mouse: Left button down, pos=(848,355)
1209.1881 	EXP 	New trial (rep=0, index=5): {'Currentstep': 5}
1209.2038 	EXP 	question: autoDraw = False
1209.2038 	EXP 	EDbufferscreen: autoDraw = False
1209.2038 	EXP 	question: autoDraw = True
1209.3079 	DATA 	Mouse:  Left button up, pos=(848,355)
1210.0019 	DATA 	Mouse: Left button down, pos=(798,368)
1210.0048 	EXP 	New trial (rep=0, index=6): {'Currentstep': 6}
1210.0203 	EXP 	question: autoDraw = False
1210.0203 	EXP 	EDbufferscreen: autoDraw = False
1210.0203 	EXP 	question: autoDraw = True
1210.1081 	DATA 	Mouse:  Left button up, pos=(798,368)
1210.9580 	DATA 	Mouse: Left button down, pos=(808,366)
1210.9848 	EXP 	question: autoDraw = False
1210.9848 	EXP 	EDbufferscreen: autoDraw = False
1210.9848 	EXP 	text_choice: autoDraw = True
1211.0730 	DATA 	Mouse:  Left button up, pos=(809,366)
1219.6774 	DATA 	Keypress: space
1222.8282 	DATA 	Keypress: num_1
1223.2451 	DATA 	Keypress: num_2
1223.7284 	DATA 	Keypress: num_3
1224.2117 	DATA 	Keypress: num_2
1224.2623 	DATA 	Keypress: num_1
1224.2629 	DATA 	Keypress: num_3
1227.2643 	DATA 	Mouse: Left button down, pos=(1074,374)
1227.4276 	DATA 	Mouse:  Left button up, pos=(1074,374)
1228.6749 	DATA 	Keypress: 1
1228.7187 	EXP 	text_choice: autoDraw = False
1228.7187 	EXP 	text_instr_choice: text = 'ABLENKEN\n\nIn diesem Block werden Sie eine Reihe von Bildern sehen. Diese sollen Sie aufmerksam ansehen.\nDenken Sie während des Betrachtens der Bilder an etwas Neutrales, das mit dem Bild nichts zu tun hat. Das könnten geometrische Figuren, Alltagstätigkeiten oder bekannte Orte sein.\n\nBitte konzentrieren Sie Ihre Regulationsbemühungen nur auf das Bild, nicht aber auf die Zeiträume zwischen den Bildern.\n\nZum Starten des Blocks Leertaste drücken'
1228.7187 	EXP 	text_instr_choice: autoDraw = True
1238.2069 	DATA 	Keypress: space
1238.2359 	EXP 	Imported StimuliNegative_5.xlsx as conditions, 20 conditions, 1 params
1238.2365 	EXP 	Created sequence: random, trialTypes=20, nReps=1, seed=None
1238.2368 	EXP 	New trial (rep=0, index=0): {'ImageFile': 'Stimuli/223.jpg'}
1238.2438 	EXP 	text_instr_choice: autoDraw = False
1238.2438 	EXP 	text_fixcross: autoDraw = True
1241.7790 	EXP 	text_fixcross: autoDraw = False
1241.7790 	EXP 	text_fixcross: autoDraw = False
1241.7790 	EXP 	image: image = 'Stimuli/223.jpg'
1241.7790 	EXP 	image: autoDraw = True
1247.7735 	EXP 	New trial (rep=0, index=1): {'ImageFile': 'Stimuli/245.jpg'}
1247.7868 	EXP 	image: autoDraw = False
1247.7868 	EXP 	image: autoDraw = False
1247.7868 	EXP 	text_fixcross: autoDraw = True
1251.4296 	EXP 	text_fixcross: autoDraw = False
1251.4296 	EXP 	text_fixcross: autoDraw = False
1251.4296 	EXP 	image: image = 'Stimuli/245.jpg'
1251.4296 	EXP 	image: autoDraw = True
1257.4230 	EXP 	New trial (rep=0, index=2): {'ImageFile': 'Stimuli/9400.jpg'}
1257.4369 	EXP 	image: autoDraw = False
1257.4369 	EXP 	image: autoDraw = False
1257.4369 	EXP 	text_fixcross: autoDraw = True
1261.5965 	EXP 	text_fixcross: autoDraw = False
1261.5965 	EXP 	text_fixcross: autoDraw = False
1261.5965 	EXP 	image: image = 'Stimuli/9400.jpg'
1261.5965 	EXP 	image: autoDraw = True
1267.5894 	EXP 	New trial (rep=0, index=3): {'ImageFile': 'Stimuli/3016.jpg'}
1267.6034 	EXP 	image: autoDraw = False
1267.6034 	EXP 	image: autoDraw = False
1267.6034 	EXP 	text_fixcross: autoDraw = True
1270.8266 	EXP 	text_fixcross: autoDraw = False
1270.8266 	EXP 	text_fixcross: autoDraw = False
1270.8266 	EXP 	image: image = 'Stimuli/3016.jpg'
1270.8266 	EXP 	image: autoDraw = True
1276.8228 	EXP 	New trial (rep=0, index=4): {'ImageFile': 'Stimuli/9402.jpg'}
1276.8366 	EXP 	image: autoDraw = False
1276.8366 	EXP 	image: autoDraw = False
1276.8366 	EXP 	text_fixcross: autoDraw = True
1281.4644 	EXP 	text_fixcross: autoDraw = False
1281.4644 	EXP 	text_fixcross: autoDraw = False
1281.4644 	EXP 	image: image = 'Stimuli/9402.jpg'
1281.4644 	EXP 	image: autoDraw = True
1287.4563 	EXP 	New trial (rep=0, index=5): {'ImageFile': 'Stimuli/3215.jpg'}
1287.4701 	EXP 	image: autoDraw = False
1287.4701 	EXP 	image: autoDraw = False
1287.4701 	EXP 	text_fixcross: autoDraw = True
1290.8976 	EXP 	text_fixcross: autoDraw = False
1290.8976 	EXP 	text_fixcross: autoDraw = False
1290.8976 	EXP 	image: image = 'Stimuli/3215.jpg'
1290.8976 	EXP 	image: autoDraw = True
1296.8893 	EXP 	New trial (rep=0, index=6): {'ImageFile': 'Stimuli/6831.jpg'}
1296.9032 	EXP 	image: autoDraw = False
1296.9032 	EXP 	image: autoDraw = False
1296.9032 	EXP 	text_fixcross: autoDraw = True
1301.2375 	EXP 	text_fixcross: autoDraw = False
1301.2375 	EXP 	text_fixcross: autoDraw = False
1301.2375 	EXP 	image: image = 'Stimuli/6831.jpg'
1301.2375 	EXP 	image: autoDraw = True
1307.2395 	EXP 	New trial (rep=0, index=7): {'ImageFile': 'Stimuli/3101.jpg'}
1307.2534 	EXP 	image: autoDraw = False
1307.2534 	EXP 	image: autoDraw = False
1307.2534 	EXP 	text_fixcross: autoDraw = True
1311.7847 	EXP 	text_fixcross: autoDraw = False
1311.7847 	EXP 	text_fixcross: autoDraw = False
1311.7847 	EXP 	image: image = 'Stimuli/3101.jpg'
1311.7847 	EXP 	image: autoDraw = True
1317.7730 	EXP 	New trial (rep=0, index=8): {'ImageFile': 'Stimuli/8231.jpg'}
1317.7867 	EXP 	image: autoDraw = False
1317.7867 	EXP 	image: autoDraw = False
1317.7867 	EXP 	text_fixcross: autoDraw = True
1320.8259 	EXP 	text_fixcross: autoDraw = False
1320.8259 	EXP 	text_fixcross: autoDraw = False
1320.8259 	EXP 	image: image = 'Stimuli/8231.jpg'
1320.8259 	EXP 	image: autoDraw = True
1326.8229 	EXP 	New trial (rep=0, index=9): {'ImageFile': 'Stimuli/9405.jpg'}
1326.8367 	EXP 	image: autoDraw = False
1326.8367 	EXP 	image: autoDraw = False
1326.8367 	EXP 	text_fixcross: autoDraw = True
1331.2896 	EXP 	text_fixcross: autoDraw = False
1331.2896 	EXP 	text_fixcross: autoDraw = False
1331.2896 	EXP 	image: image = 'Stimuli/9405.jpg'
1331.2896 	EXP 	image: autoDraw = True
1337.2896 	EXP 	New trial (rep=0, index=10): {'ImageFile': 'Stimuli/9423.jpg'}
1337.3033 	EXP 	image: autoDraw = False
1337.3033 	EXP 	image: autoDraw = False
1337.3033 	EXP 	text_fixcross: autoDraw = True
1340.4507 	EXP 	text_fixcross: autoDraw = False
1340.4507 	EXP 	text_fixcross: autoDraw = False
1340.4507 	EXP 	image: image = 'Stimuli/9423.jpg'
1340.4507 	EXP 	image: autoDraw = True
1346.4395 	EXP 	New trial (rep=0, index=11): {'ImageFile': 'Stimuli/2981.jpg'}
1346.4533 	EXP 	image: autoDraw = False
1346.4533 	EXP 	image: autoDraw = False
1346.4533 	EXP 	text_fixcross: autoDraw = True
1350.0880 	EXP 	text_fixcross: autoDraw = False
1350.0880 	EXP 	text_fixcross: autoDraw = False
1350.0880 	EXP 	image: image = 'Stimuli/2981.jpg'
1350.0880 	EXP 	image: autoDraw = True
1356.0894 	EXP 	New trial (rep=0, index=12): {'ImageFile': 'Stimuli/6571.jpg'}
1356.1038 	EXP 	image: autoDraw = False
1356.1038 	EXP 	image: autoDraw = False
1356.1038 	EXP 	text_fixcross: autoDraw = True
1360.6533 	EXP 	text_fixcross: autoDraw = False
1360.6533 	EXP 	text_fixcross: autoDraw = False
1360.6533 	EXP 	image: image = 'Stimuli/6571.jpg'
1360.6533 	EXP 	image: autoDraw = True
1366.6395 	EXP 	New trial (rep=0, index=13): {'ImageFile': 'Stimuli/3181.jpg'}
1366.6535 	EXP 	image: autoDraw = False
1366.6535 	EXP 	image: autoDraw = False
1366.6535 	EXP 	text_fixcross: autoDraw = True
1371.4033 	EXP 	text_fixcross: autoDraw = False
1371.4033 	EXP 	text_fixcross: autoDraw = False
1371.4033 	EXP 	image: image = 'Stimuli/3181.jpg'
1371.4033 	EXP 	image: autoDraw = True
1377.3895 	EXP 	New trial (rep=0, index=14): {'ImageFile': 'Stimuli/238.jpg'}
1377.4033 	EXP 	image: autoDraw = False
1377.4033 	EXP 	image: autoDraw = False
1377.4033 	EXP 	text_fixcross: autoDraw = True
1382.3392 	EXP 	text_fixcross: autoDraw = False
1382.3392 	EXP 	text_fixcross: autoDraw = False
1382.3392 	EXP 	image: image = 'Stimuli/238.jpg'
1382.3392 	EXP 	image: autoDraw = True
1388.3394 	EXP 	New trial (rep=0, index=15): {'ImageFile': 'Stimuli/3225.jpg'}
1388.3534 	EXP 	image: autoDraw = False
1388.3534 	EXP 	image: autoDraw = False
1388.3534 	EXP 	text_fixcross: autoDraw = True
1392.5173 	EXP 	text_fixcross: autoDraw = False
1392.5173 	EXP 	text_fixcross: autoDraw = False
1392.5173 	EXP 	image: image = 'Stimuli/3225.jpg'
1392.5173 	EXP 	image: autoDraw = True
1398.5062 	EXP 	New trial (rep=0, index=16): {'ImageFile': 'Stimuli/6020.jpg'}
1398.5201 	EXP 	image: autoDraw = False
1398.5201 	EXP 	image: autoDraw = False
1398.5201 	EXP 	text_fixcross: autoDraw = True
1401.5610 	EXP 	text_fixcross: autoDraw = False
1401.5610 	EXP 	text_fixcross: autoDraw = False
1401.5610 	EXP 	image: image = 'Stimuli/6020.jpg'
1401.5610 	EXP 	image: autoDraw = True
1407.5563 	EXP 	New trial (rep=0, index=17): {'ImageFile': 'Stimuli/9403.jpg'}
1407.5701 	EXP 	image: autoDraw = False
1407.5701 	EXP 	image: autoDraw = False
1407.5701 	EXP 	text_fixcross: autoDraw = True
1411.6305 	EXP 	text_fixcross: autoDraw = False
1411.6305 	EXP 	text_fixcross: autoDraw = False
1411.6305 	EXP 	image: image = 'Stimuli/9403.jpg'
1411.6305 	EXP 	image: autoDraw = True
1417.6228 	EXP 	New trial (rep=0, index=18): {'ImageFile': 'Stimuli/3220.jpg'}
1417.6366 	EXP 	image: autoDraw = False
1417.6366 	EXP 	image: autoDraw = False
1417.6366 	EXP 	text_fixcross: autoDraw = True
1420.6794 	EXP 	text_fixcross: autoDraw = False
1420.6794 	EXP 	text_fixcross: autoDraw = False
1420.6794 	EXP 	image: image = 'Stimuli/3220.jpg'
1420.6794 	EXP 	image: autoDraw = True
1426.6729 	EXP 	New trial (rep=0, index=19): {'ImageFile': 'Stimuli/9373.jpg'}
1426.6870 	EXP 	image: autoDraw = False
1426.6870 	EXP 	image: autoDraw = False
1426.6870 	EXP 	text_fixcross: autoDraw = True
1431.1389 	EXP 	text_fixcross: autoDraw = False
1431.1389 	EXP 	text_fixcross: autoDraw = False
1431.1389 	EXP 	image: image = 'Stimuli/9373.jpg'
1431.1389 	EXP 	image: autoDraw = True
1437.1735 	EXP 	image: autoDraw = False
1437.1735 	EXP 	image: autoDraw = False
1437.1735 	EXP 	slider_arousal: markerPos = None
1437.1735 	EXP 	slider_arousal: markerPos = None
1437.1735 	EXP 	slider_arousal: rating = None
1437.1735 	EXP 	text_slider_arousal: autoDraw = True
1437.1735 	EXP 	slider_arousal: autoDraw = True
1445.1048 	DATA 	Mouse: Left button down, pos=(871,324)
1445.1184 	EXP 	slider_arousal: markerPos = 167.03703703703704
1445.1352 	EXP 	slider_arousal: markerPos = 167.03703703703704
1445.1518 	EXP 	slider_arousal: markerPos = 167.03703703703704
1445.1684 	EXP 	slider_arousal: markerPos = 167.03703703703704
1445.1852 	EXP 	slider_arousal: markerPos = 167.03703703703704
1445.2018 	EXP 	slider_arousal: markerPos = 167.03703703703704
1445.2185 	EXP 	slider_arousal: markerPos = 167.03703703703704
1445.2353 	EXP 	slider_arousal: markerPos = 167.03703703703704
1445.2517 	EXP 	slider_arousal: markerPos = 167.03703703703704
1445.2602 	DATA 	Mouse:  Left button up, pos=(871,324)
1445.2682 	EXP 	slider_arousal: markerPos = 167.03703703703704
1445.2853 	EXP 	slider_arousal: markerPos = 167.03703703703704
1445.2853 	EXP 	slider_arousal: rating = 167.03703703703704
1445.3076 	EXP 	text_slider_arousal: autoDraw = False
1445.3076 	EXP 	slider_arousal: autoDraw = False
1445.3076 	EXP 	slider_effort: markerPos = None
1445.3076 	EXP 	slider_effort: markerPos = None
1445.3076 	EXP 	slider_effort: rating = None
1445.3076 	EXP 	text_slider_effort: autoDraw = True
1445.3076 	EXP 	slider_effort: autoDraw = True
1449.8221 	DATA 	Mouse: Left button down, pos=(998,311)
1449.8366 	EXP 	slider_effort: markerPos = 214.07407407407408
1449.8537 	EXP 	slider_effort: markerPos = 214.07407407407408
1449.8703 	EXP 	slider_effort: markerPos = 214.07407407407408
1449.8864 	EXP 	slider_effort: markerPos = 214.07407407407408
1449.9023 	EXP 	slider_effort: markerPos = 214.07407407407408
1449.9056 	DATA 	Mouse:  Left button up, pos=(998,311)
1449.9202 	EXP 	slider_effort: markerPos = 214.07407407407408
1449.9202 	EXP 	slider_effort: rating = 214.07407407407408
1449.9353 	EXP 	text_slider_effort: autoDraw = False
1449.9353 	EXP 	slider_effort: autoDraw = False
1449.9353 	EXP 	text_end: autoDraw = True
1451.5910 	DATA 	Keypress: space
1451.6039 	EXP 	text_end: autoDraw = False
1451.6664 	EXP 	window1: mouseVisible = True
