1.5808 	WARNING 	We strongly recommend you activate the PTB sound engine in PsychoPy prefs as the preferred audio engine. Its timing is vastly superior. Your prefs are currently set to use ['sounddevice', 'PTB', 'pyo', 'pygame'] (in that order).
14.1558 	WARNING 	Requested an unavailable screen number - using first available.
15.6187 	EXP 	Created window1 = Window(allowGUI=False, allowStencil=False, autoLog=True, backendConf=UNKNOWN, bitsMode=UNKNOWN, blendMode='avg', bpc=(8, 8, 8), color=array([0, 0, 0]), colorSpace='rgb', depthBits=8, fullscr=<method-wrapper '__getattribute__' of attributeSetter object at 0x000001E1BAFC1908>, gamma=None, gammaErrorPolicy='raise', lms=UNKNOWN, monitor=<psychopy.monitors.calibTools.Monitor object at 0x000001E1BAEF05F8>, multiSample=False, name='window1', numSamples=2, pos=[0.0, 0.0], screen=1, size=array([1920, 1080]), stencilBits=0, stereo=False, units='height', useFBO=True, useRetina=False, viewOri=0.0, viewPos=None, viewScale=None, waitBlanking=True, winType='pyglet')
15.6196 	EXP 	window1: mouseVisible = True
15.6197 	EXP 	window1: recordFrameIntervals = False
15.7838 	EXP 	window1: recordFrameIntervals = True
15.9677 	EXP 	window1: recordFrameIntervals = False
16.4494 	EXP 	Created WelcomeText = TextStim(__class__=<class 'psychopy.visual.text.TextStim'>, alignHoriz=method-wrapper(...), alignText='center', alignVert=method-wrapper(...), anchorHoriz='center', anchorVert='center', antialias=True, autoLog=True, bold=False, color=array([-1., -1., -1.]), colorSpace='rgb', contrast=1.0, depth=0.0, flipHoriz=False, flipVert=False, font='Open Sans', fontFiles=[], height=0.03, italic=False, languageStyle='LTR', name='WelcomeText', opacity=1, ori=0.0, pos=array([0., 0.]), rgb=UNKNOWN, text=str(...), units='height', win=Window(...), wrapWidth=1)
16.4783 	EXP 	Created text_ActiveViewing = TextStim(__class__=<class 'psychopy.visual.text.TextStim'>, alignHoriz=method-wrapper(...), alignText='center', alignVert=method-wrapper(...), anchorHoriz='center', anchorVert='center', antialias=True, autoLog=True, bold=False, color=array([-1., -1., -1.]), colorSpace='rgb', contrast=1.0, depth=0.0, flipHoriz=False, flipVert=False, font='Open Sans', fontFiles=[], height=0.04, italic=False, languageStyle='LTR', name='text_ActiveViewing', opacity=1, ori=0.0, pos=array([0., 0.]), rgb=UNKNOWN, text=str(...), units='height', win=Window(...), wrapWidth=1)
16.4849 	EXP 	Created image_view = ImageStim(__class__=<class 'psychopy.visual.image.ImageStim'>, autoLog=True, color=array([1., 1., 1.]), colorSpace='rgb', contrast=1.0, depth=0.0, flipHoriz=False, flipVert=False, image='sin', interpolate=True, mask=None, maskParams=None, name='image_view', opacity=1, ori=0.0, pos=array([0., 0.]), size=array([1.  , 0.75]), texRes=128.0, units='height', win=Window(...))
16.4919 	EXP 	Created text_fixcross = TextStim(__class__=<class 'psychopy.visual.text.TextStim'>, alignHoriz=method-wrapper(...), alignText='center', alignVert=method-wrapper(...), anchorHoriz='center', anchorVert='center', antialias=True, autoLog=True, bold=False, color=array([-1., -1., -1.]), colorSpace='rgb', contrast=1.0, depth=0.0, flipHoriz=False, flipVert=False, font='Open Sans', fontFiles=[], height=0.1, italic=False, languageStyle='LTR', name='text_fixcross', opacity=1, ori=0.0, pos=array([0., 0.]), rgb=UNKNOWN, text='+', units='height', win=Window(...), wrapWidth=1)
16.4932 	EXP 	Created text_Instruction = TextStim(__class__=<class 'psychopy.visual.text.TextStim'>, alignHoriz=method-wrapper(...), alignText='center', alignVert=method-wrapper(...), anchorHoriz='center', anchorVert='center', antialias=True, autoLog=True, bold=False, color=array([-1., -1., -1.]), colorSpace='rgb', contrast=1.0, depth=0.0, flipHoriz=False, flipVert=False, font='Open Sans', fontFiles=[], height=0.04, italic=False, languageStyle='LTR', name='text_Instruction', opacity=1, ori=0.0, pos=array([0., 0.]), rgb=UNKNOWN, text='', units='height', win=Window(...), wrapWidth=1)
16.4975 	EXP 	Created image_reg = ImageStim(__class__=<class 'psychopy.visual.image.ImageStim'>, autoLog=True, color=array([1., 1., 1.]), colorSpace='rgb', contrast=1.0, depth=0.0, flipHoriz=False, flipVert=False, image='sin', interpolate=True, mask=None, maskParams=None, name='image_reg', opacity=1, ori=0.0, pos=array([0., 0.]), size=array([1.  , 0.75]), texRes=128.0, units='height', win=Window(...))
16.5183 	EXP 	Created text_slider_arousal = TextStim(__class__=<class 'psychopy.visual.text.TextStim'>, alignHoriz=method-wrapper(...), alignText='center', alignVert=method-wrapper(...), anchorHoriz='center', anchorVert='center', antialias=True, autoLog=True, bold=False, color=array([-1., -1., -1.]), colorSpace='rgb', contrast=1.0, depth=0.0, flipHoriz=False, flipVert=False, font='Open Sans', fontFiles=[], height=0.05, italic=False, languageStyle='LTR', name='text_slider_arousal', opacity=1, ori=0.0, pos=array([0., 0.]), rgb=UNKNOWN, text=str(...), units='height', win=Window(...), wrapWidth=1)
16.5268 	EXP 	window1: mouseVisible = True
16.5420 	EXP 	Created slider_arousal = Slider(__class__=<class 'psychopy.visual.slider.Slider'>, autoDraw=False, autoLog=True, borderColor=None, color=None, colorSpace='rgb', depth=-1, fillColor=None, flip=False, font='Open Sans', granularity=0.0, labelHeight=0.05, labelWrapWidth=None, labels=('sehr gering', 'sehr hoch'), name='slider_arousal', opacity=None, pos=(0, -0.2), readOnly=False, self=UNKNOWN, size=[1.0, 0.1], startValue=None, style=method-wrapper(...), styleTweaks=method-wrapper(...), ticks=array([  0, 400]), units='height', win=Window(...))
16.5553 	EXP 	Created text_slider_effort = TextStim(__class__=<class 'psychopy.visual.text.TextStim'>, alignHoriz=method-wrapper(...), alignText='center', alignVert=method-wrapper(...), anchorHoriz='center', anchorVert='center', antialias=True, autoLog=True, bold=False, color=array([-1., -1., -1.]), colorSpace='rgb', contrast=1.0, depth=0.0, flipHoriz=False, flipVert=False, font='Open Sans', fontFiles=[], height=0.05, italic=False, languageStyle='LTR', name='text_slider_effort', opacity=1, ori=0.0, pos=array([0., 0.]), rgb=UNKNOWN, text=str(...), units='height', win=Window(...), wrapWidth=1)
16.5617 	EXP 	window1: mouseVisible = True
16.5737 	EXP 	Created slider_effort = Slider(__class__=<class 'psychopy.visual.slider.Slider'>, autoDraw=False, autoLog=True, borderColor=None, color=None, colorSpace='rgb', depth=-1, fillColor=None, flip=False, font='Open Sans', granularity=0.0, labelHeight=0.05, labelWrapWidth=None, labels=('sehr gering', 'sehr hoch'), name='slider_effort', opacity=None, pos=(0, -0.2), readOnly=False, self=UNKNOWN, size=(1.0, 0.1), startValue=None, style=method-wrapper(...), styleTweaks=method-wrapper(...), ticks=array([  0, 400]), units='height', win=Window(...))
16.6308 	EXP 	Created text_EDinstruction = TextStim(__class__=<class 'psychopy.visual.text.TextStim'>, alignHoriz=method-wrapper(...), alignText='center', alignVert=method-wrapper(...), anchorHoriz='center', anchorVert='center', antialias=True, autoLog=True, bold=False, color=array([-1., -1., -1.]), colorSpace='rgb', contrast=1.0, depth=0.0, flipHoriz=False, flipVert=False, font='Open Sans', fontFiles=[], height=0.03, italic=False, languageStyle='LTR', name='text_EDinstruction', opacity=1, ori=0.0, pos=array([0., 0.]), rgb=UNKNOWN, text=str(...), units='height', win=Window(...), wrapWidth=1)
16.6404 	EXP 	Created question = TextStim(__class__=<class 'psychopy.visual.text.TextStim'>, alignHoriz=method-wrapper(...), alignText='center', alignVert=method-wrapper(...), anchorHoriz='center', anchorVert='center', antialias=True, autoLog=True, bold=False, color=array([-1., -1., -1.]), colorSpace='rgb', contrast=1.0, depth=0.0, flipHoriz=False, flipVert=False, font='Open Sans', fontFiles=[], height=0.03, italic=False, languageStyle='LTR', name='question', opacity=1, ori=0.0, pos=array([0. , 0.1]), rgb=UNKNOWN, text=str(...), units='height', win=Window(...), wrapWidth=1)
16.6405 	EXP 	window1: mouseVisible = True
16.6514 	EXP 	window1: mouseVisible = True
16.6615 	EXP 	window1: mouseVisible = True
16.6665 	EXP 	Created EDbufferscreen = TextStim(__class__=<class 'psychopy.visual.text.TextStim'>, alignHoriz=method-wrapper(...), alignText='center', alignVert=method-wrapper(...), anchorHoriz='center', anchorVert='center', antialias=True, autoLog=True, bold=False, color=array([-1., -1., -1.]), colorSpace='rgb', contrast=1.0, depth=0.0, flipHoriz=False, flipVert=False, font='Open Sans', fontFiles=[], height=0.03, italic=False, languageStyle='LTR', name='EDbufferscreen', opacity=1, ori=0.0, pos=array([0. , 0.1]), rgb=UNKNOWN, text=str(...), units='height', win=Window(...), wrapWidth=1)
16.7000 	EXP 	Created text_choice = TextStim(__class__=<class 'psychopy.visual.text.TextStim'>, alignHoriz=method-wrapper(...), alignText='center', alignVert=method-wrapper(...), anchorHoriz='center', anchorVert='center', antialias=True, autoLog=True, bold=False, color=array([-1., -1., -1.]), colorSpace='rgb', contrast=1.0, depth=0.0, flipHoriz=False, flipVert=False, font='Open Sans', fontFiles=[], height=0.04, italic=False, languageStyle='LTR', name='text_choice', opacity=1, ori=0.0, pos=array([0., 0.]), rgb=UNKNOWN, text=str(...), units='height', win=Window(...), wrapWidth=1)
16.7013 	EXP 	Created text_instr_choice = TextStim(__class__=<class 'psychopy.visual.text.TextStim'>, alignHoriz=method-wrapper(...), alignText='center', alignVert=method-wrapper(...), anchorHoriz='center', anchorVert='center', antialias=True, autoLog=True, bold=False, color=array([-1., -1., -1.]), colorSpace='rgb', contrast=1.0, depth=-1.0, flipHoriz=False, flipVert=False, font='Open Sans', fontFiles=[], height=0.04, italic=False, languageStyle='LTR', name='text_instr_choice', opacity=1, ori=0.0, pos=array([0., 0.]), rgb=UNKNOWN, text='', units='height', win=Window(...), wrapWidth=1)
16.7057 	EXP 	Created image = ImageStim(__class__=<class 'psychopy.visual.image.ImageStim'>, autoLog=True, color=array([1., 1., 1.]), colorSpace='rgb', contrast=1.0, depth=0.0, flipHoriz=False, flipVert=False, image='sin', interpolate=True, mask=None, maskParams=None, name='image', opacity=1, ori=0.0, pos=array([0., 0.]), size=array([1.  , 0.75]), texRes=128.0, units='height', win=Window(...))
16.7234 	EXP 	Created text_end = TextStim(__class__=<class 'psychopy.visual.text.TextStim'>, alignHoriz=method-wrapper(...), alignText='center', alignVert=method-wrapper(...), anchorHoriz='center', anchorVert='center', antialias=True, autoLog=True, bold=False, color=array([-1., -1., -1.]), colorSpace='rgb', contrast=1.0, depth=0.0, flipHoriz=False, flipVert=False, font='Open Sans', fontFiles=[], height=0.05, italic=False, languageStyle='LTR', name='text_end', opacity=1, ori=0.0, pos=array([0., 0.]), rgb=UNKNOWN, text=str(...), units='height', win=Window(...), wrapWidth=1)
16.7563 	EXP 	slider_arousal: autoLog = True
16.7563 	EXP 	slider_arousal: markerPos = None
16.7563 	EXP 	slider_arousal: rating = None
16.7563 	EXP 	slider_arousal: markerPos = None
16.7563 	EXP 	slider_arousal: contrast = 1.0
16.7563 	EXP 	slider_arousal: autoLog = True
16.7563 	EXP 	slider_arousal: styleTweaks = []
16.7563 	EXP 	slider_arousal: style = 'slider'
16.7563 	EXP 	slider_arousal: styleTweaks = []
16.7563 	EXP 	slider_effort: autoLog = True
16.7563 	EXP 	slider_effort: markerPos = None
16.7563 	EXP 	slider_effort: rating = None
16.7563 	EXP 	slider_effort: markerPos = None
16.7563 	EXP 	slider_effort: contrast = 1.0
16.7563 	EXP 	slider_effort: autoLog = True
16.7563 	EXP 	slider_effort: styleTweaks = []
16.7563 	EXP 	slider_effort: style = 'slider'
16.7563 	EXP 	slider_effort: styleTweaks = []
16.7563 	EXP 	WelcomeText: autoDraw = True
78.6875 	DATA 	Keypress: space
78.7092 	EXP 	Imported blocks_view.xlsx as conditions, 2 conditions, 5 params
78.7099 	EXP 	Created sequence: sequential, trialTypes=2, nReps=1, seed=None
78.7104 	EXP 	New trial (rep=0, index=0): {'Block': 1, 'conds_view_File': 'StimuliNeutral.xlsx', 'n_reps': 1, 'instr_1': 'ANSCHAUEN', 'TriggerBlockView': 21}
78.7191 	EXP 	WelcomeText: autoDraw = False
78.7191 	EXP 	text_ActiveViewing: autoDraw = True
83.8424 	DATA 	Keypress: space
83.8782 	EXP 	Imported StimuliNeutral.xlsx as conditions, 20 conditions, 2 params
83.8789 	EXP 	Created sequence: random, trialTypes=20, nReps=1, seed=None
83.8793 	EXP 	New trial (rep=0, index=0): {'ImageFile': 'Stimuli/7025.jpg', 'Trigger': 1}
83.8871 	EXP 	text_ActiveViewing: autoDraw = False
83.8871 	EXP 	text_fixcross: autoDraw = True
88.4669 	EXP 	text_fixcross: autoDraw = False
88.4669 	EXP 	text_fixcross: autoDraw = False
88.4669 	EXP 	image_view: image = 'Stimuli/7025.jpg'
88.4669 	EXP 	image_view: autoDraw = True
94.4549 	EXP 	New trial (rep=0, index=1): {'ImageFile': 'Stimuli/7006.jpg', 'Trigger': 1}
94.4690 	EXP 	image_view: autoDraw = False
94.4690 	EXP 	image_view: autoDraw = False
94.4690 	EXP 	text_fixcross: autoDraw = True
97.9116 	EXP 	text_fixcross: autoDraw = False
97.9116 	EXP 	text_fixcross: autoDraw = False
97.9116 	EXP 	image_view: image = 'Stimuli/7006.jpg'
97.9116 	EXP 	image_view: autoDraw = True
103.9041 	EXP 	New trial (rep=0, index=2): {'ImageFile': 'Stimuli/7100.jpg', 'Trigger': 1}
103.9185 	EXP 	image_view: autoDraw = False
103.9185 	EXP 	image_view: autoDraw = False
103.9185 	EXP 	text_fixcross: autoDraw = True
107.2614 	EXP 	text_fixcross: autoDraw = False
107.2614 	EXP 	text_fixcross: autoDraw = False
107.2614 	EXP 	image_view: image = 'Stimuli/7100.jpg'
107.2614 	EXP 	image_view: autoDraw = True
113.2540 	EXP 	New trial (rep=0, index=3): {'ImageFile': 'Stimuli/143.jpg', 'Trigger': 1}
113.2684 	EXP 	image_view: autoDraw = False
113.2684 	EXP 	image_view: autoDraw = False
113.2684 	EXP 	text_fixcross: autoDraw = True
118.0172 	EXP 	text_fixcross: autoDraw = False
118.0172 	EXP 	text_fixcross: autoDraw = False
118.0172 	EXP 	image_view: image = 'Stimuli/143.jpg'
118.0172 	EXP 	image_view: autoDraw = True
124.0042 	EXP 	New trial (rep=0, index=4): {'ImageFile': 'Stimuli/7009.jpg', 'Trigger': 1}
124.0186 	EXP 	image_view: autoDraw = False
124.0186 	EXP 	image_view: autoDraw = False
124.0186 	EXP 	text_fixcross: autoDraw = True
128.3745 	EXP 	text_fixcross: autoDraw = False
128.3745 	EXP 	text_fixcross: autoDraw = False
128.3745 	EXP 	image_view: image = 'Stimuli/7009.jpg'
128.3745 	EXP 	image_view: autoDraw = True
134.3708 	EXP 	New trial (rep=0, index=5): {'ImageFile': 'Stimuli/7211.jpg', 'Trigger': 1}
134.3846 	EXP 	image_view: autoDraw = False
134.3846 	EXP 	image_view: autoDraw = False
134.3846 	EXP 	text_fixcross: autoDraw = True
139.0356 	EXP 	text_fixcross: autoDraw = False
139.0356 	EXP 	text_fixcross: autoDraw = False
139.0356 	EXP 	image_view: image = 'Stimuli/7211.jpg'
139.0356 	EXP 	image_view: autoDraw = True
145.0376 	EXP 	New trial (rep=0, index=6): {'ImageFile': 'Stimuli/124.jpg', 'Trigger': 1}
145.0519 	EXP 	image_view: autoDraw = False
145.0519 	EXP 	image_view: autoDraw = False
145.0519 	EXP 	text_fixcross: autoDraw = True
148.4975 	EXP 	text_fixcross: autoDraw = False
148.4975 	EXP 	text_fixcross: autoDraw = False
148.4975 	EXP 	image_view: image = 'Stimuli/124.jpg'
148.4975 	EXP 	image_view: autoDraw = True
154.4875 	EXP 	New trial (rep=0, index=7): {'ImageFile': 'Stimuli/7002.jpg', 'Trigger': 1}
154.5018 	EXP 	image_view: autoDraw = False
154.5018 	EXP 	image_view: autoDraw = False
154.5018 	EXP 	text_fixcross: autoDraw = True
157.8507 	EXP 	text_fixcross: autoDraw = False
157.8507 	EXP 	text_fixcross: autoDraw = False
157.8507 	EXP 	image_view: image = 'Stimuli/7002.jpg'
157.8507 	EXP 	image_view: autoDraw = True
163.8374 	EXP 	New trial (rep=0, index=8): {'ImageFile': 'Stimuli/7004.jpg', 'Trigger': 1}
163.8517 	EXP 	image_view: autoDraw = False
163.8517 	EXP 	image_view: autoDraw = False
163.8517 	EXP 	text_fixcross: autoDraw = True
168.3972 	EXP 	text_fixcross: autoDraw = False
168.3972 	EXP 	text_fixcross: autoDraw = False
168.3972 	EXP 	image_view: image = 'Stimuli/7004.jpg'
168.3972 	EXP 	image_view: autoDraw = True
174.3875 	EXP 	New trial (rep=0, index=9): {'ImageFile': 'Stimuli/083.jpg', 'Trigger': 1}
174.4015 	EXP 	image_view: autoDraw = False
174.4015 	EXP 	image_view: autoDraw = False
174.4015 	EXP 	text_fixcross: autoDraw = True
178.6546 	EXP 	text_fixcross: autoDraw = False
178.6546 	EXP 	text_fixcross: autoDraw = False
178.6546 	EXP 	image_view: image = 'Stimuli/083.jpg'
178.6546 	EXP 	image_view: autoDraw = True
184.6541 	EXP 	New trial (rep=0, index=10): {'ImageFile': 'Stimuli/7185.jpg', 'Trigger': 1}
184.6684 	EXP 	image_view: autoDraw = False
184.6684 	EXP 	image_view: autoDraw = False
184.6684 	EXP 	text_fixcross: autoDraw = True
189.3259 	EXP 	text_fixcross: autoDraw = False
189.3259 	EXP 	text_fixcross: autoDraw = False
189.3259 	EXP 	image_view: image = 'Stimuli/7185.jpg'
189.3259 	EXP 	image_view: autoDraw = True
195.3207 	EXP 	New trial (rep=0, index=11): {'ImageFile': 'Stimuli/7233.jpg', 'Trigger': 1}
195.3351 	EXP 	image_view: autoDraw = False
195.3351 	EXP 	image_view: autoDraw = False
195.3351 	EXP 	text_fixcross: autoDraw = True
200.2873 	EXP 	text_fixcross: autoDraw = False
200.2873 	EXP 	text_fixcross: autoDraw = False
200.2873 	EXP 	image_view: image = 'Stimuli/7233.jpg'
200.2873 	EXP 	image_view: autoDraw = True
206.2874 	EXP 	New trial (rep=0, index=12): {'ImageFile': 'Stimuli/7224.jpg', 'Trigger': 1}
206.3018 	EXP 	image_view: autoDraw = False
206.3018 	EXP 	image_view: autoDraw = False
206.3018 	EXP 	text_fixcross: autoDraw = True
210.5485 	EXP 	text_fixcross: autoDraw = False
210.5485 	EXP 	text_fixcross: autoDraw = False
210.5485 	EXP 	image_view: image = 'Stimuli/7224.jpg'
210.5485 	EXP 	image_view: autoDraw = True
216.5374 	EXP 	New trial (rep=0, index=13): {'ImageFile': 'Stimuli/7000.jpg', 'Trigger': 1}
216.5518 	EXP 	image_view: autoDraw = False
216.5518 	EXP 	image_view: autoDraw = False
216.5518 	EXP 	text_fixcross: autoDraw = True
220.0989 	EXP 	text_fixcross: autoDraw = False
220.0989 	EXP 	text_fixcross: autoDraw = False
220.0989 	EXP 	image_view: image = 'Stimuli/7000.jpg'
220.0989 	EXP 	image_view: autoDraw = True
226.0875 	EXP 	New trial (rep=0, index=14): {'ImageFile': 'Stimuli/7021.jpg', 'Trigger': 1}
226.1018 	EXP 	image_view: autoDraw = False
226.1018 	EXP 	image_view: autoDraw = False
226.1018 	EXP 	text_fixcross: autoDraw = True
231.0583 	EXP 	text_fixcross: autoDraw = False
231.0583 	EXP 	text_fixcross: autoDraw = False
231.0583 	EXP 	image_view: image = 'Stimuli/7021.jpg'
231.0583 	EXP 	image_view: autoDraw = True
237.0541 	EXP 	New trial (rep=0, index=15): {'ImageFile': 'Stimuli/7235.jpg', 'Trigger': 1}
237.0684 	EXP 	image_view: autoDraw = False
237.0684 	EXP 	image_view: autoDraw = False
237.0684 	EXP 	text_fixcross: autoDraw = True
241.2131 	EXP 	text_fixcross: autoDraw = False
241.2131 	EXP 	text_fixcross: autoDraw = False
241.2131 	EXP 	image_view: image = 'Stimuli/7235.jpg'
241.2131 	EXP 	image_view: autoDraw = True
247.2038 	EXP 	New trial (rep=0, index=16): {'ImageFile': 'Stimuli/7041.jpg', 'Trigger': 1}
247.2180 	EXP 	image_view: autoDraw = False
247.2180 	EXP 	image_view: autoDraw = False
247.2180 	EXP 	text_fixcross: autoDraw = True
252.1680 	EXP 	text_fixcross: autoDraw = False
252.1680 	EXP 	text_fixcross: autoDraw = False
252.1680 	EXP 	image_view: image = 'Stimuli/7041.jpg'
252.1680 	EXP 	image_view: autoDraw = True
258.1539 	EXP 	New trial (rep=0, index=17): {'ImageFile': 'Stimuli/7150.jpg', 'Trigger': 1}
258.1679 	EXP 	image_view: autoDraw = False
258.1679 	EXP 	image_view: autoDraw = False
258.1679 	EXP 	text_fixcross: autoDraw = True
263.1016 	EXP 	text_fixcross: autoDraw = False
263.1016 	EXP 	text_fixcross: autoDraw = False
263.1016 	EXP 	image_view: image = 'Stimuli/7150.jpg'
263.1016 	EXP 	image_view: autoDraw = True
269.1042 	EXP 	New trial (rep=0, index=18): {'ImageFile': 'Stimuli/140.jpg', 'Trigger': 1}
269.1184 	EXP 	image_view: autoDraw = False
269.1184 	EXP 	image_view: autoDraw = False
269.1184 	EXP 	text_fixcross: autoDraw = True
273.3688 	EXP 	text_fixcross: autoDraw = False
273.3688 	EXP 	text_fixcross: autoDraw = False
273.3688 	EXP 	image_view: image = 'Stimuli/140.jpg'
273.3688 	EXP 	image_view: autoDraw = True
279.3707 	EXP 	New trial (rep=0, index=19): {'ImageFile': 'Stimuli/107.jpg', 'Trigger': 1}
279.3851 	EXP 	image_view: autoDraw = False
279.3851 	EXP 	image_view: autoDraw = False
279.3851 	EXP 	text_fixcross: autoDraw = True
282.8136 	EXP 	text_fixcross: autoDraw = False
282.8136 	EXP 	text_fixcross: autoDraw = False
282.8136 	EXP 	image_view: image = 'Stimuli/107.jpg'
282.8136 	EXP 	image_view: autoDraw = True
288.8422 	EXP 	image_view: autoDraw = False
288.8422 	EXP 	image_view: autoDraw = False
288.8422 	EXP 	slider_arousal: markerPos = None
288.8422 	EXP 	slider_arousal: markerPos = None
288.8422 	EXP 	slider_arousal: rating = None
288.8422 	EXP 	text_slider_arousal: autoDraw = True
288.8422 	EXP 	slider_arousal: autoDraw = True
293.5036 	DATA 	Mouse: Left button down, pos=(458,326)
293.5183 	EXP 	slider_arousal: markerPos = 14.074074074074083
293.5351 	EXP 	slider_arousal: markerPos = 14.074074074074083
293.5515 	EXP 	slider_arousal: markerPos = 14.074074074074083
293.5669 	EXP 	slider_arousal: markerPos = 14.074074074074083
293.5832 	EXP 	slider_arousal: markerPos = 14.074074074074083
293.5997 	EXP 	slider_arousal: markerPos = 14.074074074074083
293.6165 	EXP 	slider_arousal: markerPos = 14.074074074074083
293.6245 	DATA 	Mouse:  Left button up, pos=(458,326)
293.6330 	EXP 	slider_arousal: markerPos = 14.074074074074083
293.6505 	EXP 	slider_arousal: markerPos = 14.074074074074083
293.6505 	EXP 	slider_arousal: rating = 14.074074074074083
293.6743 	EXP 	text_slider_arousal: autoDraw = False
293.6743 	EXP 	slider_arousal: autoDraw = False
293.6743 	EXP 	slider_effort: markerPos = None
293.6743 	EXP 	slider_effort: markerPos = None
293.6743 	EXP 	slider_effort: rating = None
293.6743 	EXP 	text_slider_effort: autoDraw = True
293.6743 	EXP 	slider_effort: autoDraw = True
296.1029 	DATA 	Mouse: Left button down, pos=(488,316)
296.1173 	EXP 	slider_effort: markerPos = 25.185185185185176
296.1343 	EXP 	slider_effort: markerPos = 25.185185185185176
296.1512 	EXP 	slider_effort: markerPos = 25.185185185185176
296.1793 	EXP 	slider_effort: markerPos = 25.185185185185176
296.1992 	EXP 	slider_effort: markerPos = 25.185185185185176
296.2080 	DATA 	Mouse:  Left button up, pos=(488,316)
296.2163 	EXP 	slider_effort: markerPos = 25.185185185185176
296.2341 	EXP 	slider_effort: markerPos = 25.185185185185176
296.2341 	EXP 	slider_effort: rating = 25.185185185185176
296.2385 	EXP 	New trial (rep=0, index=1): {'Block': 2, 'conds_view_File': 'StimuliNegative.xlsx', 'n_reps': 1, 'instr_1': 'ANSCHAUEN', 'TriggerBlockView': 22}
296.2501 	EXP 	text_slider_effort: autoDraw = False
296.2501 	EXP 	slider_effort: autoDraw = False
296.2501 	EXP 	text_ActiveViewing: autoDraw = True
300.3704 	DATA 	Keypress: space
300.4006 	EXP 	Imported StimuliNegative_5.xlsx as conditions, 20 conditions, 1 params
300.4012 	EXP 	Created sequence: random, trialTypes=20, nReps=1, seed=None
300.4015 	EXP 	New trial (rep=0, index=0): {'ImageFile': 'Stimuli/9402.jpg'}
300.4084 	EXP 	text_ActiveViewing: autoDraw = False
300.4084 	EXP 	text_fixcross: autoDraw = True
304.8572 	EXP 	text_fixcross: autoDraw = False
304.8572 	EXP 	text_fixcross: autoDraw = False
304.8572 	EXP 	image_view: image = 'Stimuli/9402.jpg'
304.8572 	EXP 	image_view: autoDraw = True
310.8545 	EXP 	New trial (rep=0, index=1): {'ImageFile': 'Stimuli/8231.jpg'}
310.8680 	EXP 	image_view: autoDraw = False
310.8680 	EXP 	image_view: autoDraw = False
310.8680 	EXP 	text_fixcross: autoDraw = True
315.5175 	EXP 	text_fixcross: autoDraw = False
315.5175 	EXP 	text_fixcross: autoDraw = False
315.5175 	EXP 	image_view: image = 'Stimuli/8231.jpg'
315.5175 	EXP 	image_view: autoDraw = True
321.5043 	EXP 	New trial (rep=0, index=2): {'ImageFile': 'Stimuli/6831.jpg'}
321.5188 	EXP 	image_view: autoDraw = False
321.5188 	EXP 	image_view: autoDraw = False
321.5188 	EXP 	text_fixcross: autoDraw = True
325.2641 	EXP 	text_fixcross: autoDraw = False
325.2641 	EXP 	text_fixcross: autoDraw = False
325.2641 	EXP 	image_view: image = 'Stimuli/6831.jpg'
325.2641 	EXP 	image_view: autoDraw = True
331.2541 	EXP 	New trial (rep=0, index=3): {'ImageFile': 'Stimuli/3225.jpg'}
331.2682 	EXP 	image_view: autoDraw = False
331.2682 	EXP 	image_view: autoDraw = False
331.2682 	EXP 	text_fixcross: autoDraw = True
335.9221 	EXP 	text_fixcross: autoDraw = False
335.9221 	EXP 	text_fixcross: autoDraw = False
335.9221 	EXP 	image_view: image = 'Stimuli/3225.jpg'
335.9221 	EXP 	image_view: autoDraw = True
341.9207 	EXP 	New trial (rep=0, index=4): {'ImageFile': 'Stimuli/238.jpg'}
341.9349 	EXP 	image_view: autoDraw = False
341.9349 	EXP 	image_view: autoDraw = False
341.9349 	EXP 	text_fixcross: autoDraw = True
345.1766 	EXP 	text_fixcross: autoDraw = False
345.1766 	EXP 	text_fixcross: autoDraw = False
345.1766 	EXP 	image_view: image = 'Stimuli/238.jpg'
345.1766 	EXP 	image_view: autoDraw = True
351.1704 	EXP 	New trial (rep=0, index=5): {'ImageFile': 'Stimuli/6571.jpg'}
351.1845 	EXP 	image_view: autoDraw = False
351.1845 	EXP 	image_view: autoDraw = False
351.1845 	EXP 	text_fixcross: autoDraw = True
355.5400 	EXP 	text_fixcross: autoDraw = False
355.5400 	EXP 	text_fixcross: autoDraw = False
355.5400 	EXP 	image_view: image = 'Stimuli/6571.jpg'
355.5400 	EXP 	image_view: autoDraw = True
361.5373 	EXP 	New trial (rep=0, index=6): {'ImageFile': 'Stimuli/245.jpg'}
361.5517 	EXP 	image_view: autoDraw = False
361.5517 	EXP 	image_view: autoDraw = False
361.5517 	EXP 	text_fixcross: autoDraw = True
364.5894 	EXP 	text_fixcross: autoDraw = False
364.5894 	EXP 	text_fixcross: autoDraw = False
364.5894 	EXP 	image_view: image = 'Stimuli/245.jpg'
364.5894 	EXP 	image_view: autoDraw = True
370.5873 	EXP 	New trial (rep=0, index=7): {'ImageFile': 'Stimuli/223.jpg'}
370.6011 	EXP 	image_view: autoDraw = False
370.6011 	EXP 	image_view: autoDraw = False
370.6011 	EXP 	text_fixcross: autoDraw = True
374.7306 	EXP 	text_fixcross: autoDraw = False
374.7306 	EXP 	text_fixcross: autoDraw = False
374.7306 	EXP 	image_view: image = 'Stimuli/223.jpg'
374.7306 	EXP 	image_view: autoDraw = True
380.7206 	EXP 	New trial (rep=0, index=8): {'ImageFile': 'Stimuli/2981.jpg'}
380.7349 	EXP 	image_view: autoDraw = False
380.7349 	EXP 	image_view: autoDraw = False
380.7349 	EXP 	text_fixcross: autoDraw = True
384.8904 	EXP 	text_fixcross: autoDraw = False
384.8904 	EXP 	text_fixcross: autoDraw = False
384.8904 	EXP 	image_view: image = 'Stimuli/2981.jpg'
384.8904 	EXP 	image_view: autoDraw = True
390.8873 	EXP 	New trial (rep=0, index=9): {'ImageFile': 'Stimuli/3215.jpg'}
390.9016 	EXP 	image_view: autoDraw = False
390.9016 	EXP 	image_view: autoDraw = False
390.9016 	EXP 	text_fixcross: autoDraw = True
395.7481 	EXP 	text_fixcross: autoDraw = False
395.7481 	EXP 	text_fixcross: autoDraw = False
395.7481 	EXP 	image_view: image = 'Stimuli/3215.jpg'
395.7481 	EXP 	image_view: autoDraw = True
401.7371 	EXP 	New trial (rep=0, index=10): {'ImageFile': 'Stimuli/3016.jpg'}
401.7511 	EXP 	image_view: autoDraw = False
401.7511 	EXP 	image_view: autoDraw = False
401.7511 	EXP 	text_fixcross: autoDraw = True
405.1781 	EXP 	text_fixcross: autoDraw = False
405.1781 	EXP 	text_fixcross: autoDraw = False
405.1781 	EXP 	image_view: image = 'Stimuli/3016.jpg'
405.1781 	EXP 	image_view: autoDraw = True
411.1707 	EXP 	New trial (rep=0, index=11): {'ImageFile': 'Stimuli/3220.jpg'}
411.1849 	EXP 	image_view: autoDraw = False
411.1849 	EXP 	image_view: autoDraw = False
411.1849 	EXP 	text_fixcross: autoDraw = True
416.2332 	EXP 	text_fixcross: autoDraw = False
416.2332 	EXP 	text_fixcross: autoDraw = False
416.2332 	EXP 	image_view: image = 'Stimuli/3220.jpg'
416.2332 	EXP 	image_view: autoDraw = True
422.2207 	EXP 	New trial (rep=0, index=12): {'ImageFile': 'Stimuli/9373.jpg'}
422.2354 	EXP 	image_view: autoDraw = False
422.2354 	EXP 	image_view: autoDraw = False
422.2354 	EXP 	text_fixcross: autoDraw = True
425.9802 	EXP 	text_fixcross: autoDraw = False
425.9802 	EXP 	text_fixcross: autoDraw = False
425.9802 	EXP 	image_view: image = 'Stimuli/9373.jpg'
425.9802 	EXP 	image_view: autoDraw = True
431.9708 	EXP 	New trial (rep=0, index=13): {'ImageFile': 'Stimuli/9405.jpg'}
431.9850 	EXP 	image_view: autoDraw = False
431.9850 	EXP 	image_view: autoDraw = False
431.9850 	EXP 	text_fixcross: autoDraw = True
436.8352 	EXP 	text_fixcross: autoDraw = False
436.8352 	EXP 	text_fixcross: autoDraw = False
436.8352 	EXP 	image_view: image = 'Stimuli/9405.jpg'
436.8352 	EXP 	image_view: autoDraw = True
442.8371 	EXP 	New trial (rep=0, index=14): {'ImageFile': 'Stimuli/3101.jpg'}
442.8517 	EXP 	image_view: autoDraw = False
442.8517 	EXP 	image_view: autoDraw = False
442.8517 	EXP 	text_fixcross: autoDraw = True
447.7987 	EXP 	text_fixcross: autoDraw = False
447.7987 	EXP 	text_fixcross: autoDraw = False
447.7987 	EXP 	image_view: image = 'Stimuli/3101.jpg'
447.7987 	EXP 	image_view: autoDraw = True
453.7874 	EXP 	New trial (rep=0, index=15): {'ImageFile': 'Stimuli/3181.jpg'}
453.8011 	EXP 	image_view: autoDraw = False
453.8011 	EXP 	image_view: autoDraw = False
453.8011 	EXP 	text_fixcross: autoDraw = True
458.0348 	EXP 	text_fixcross: autoDraw = False
458.0348 	EXP 	text_fixcross: autoDraw = False
458.0348 	EXP 	image_view: image = 'Stimuli/3181.jpg'
458.0348 	EXP 	image_view: autoDraw = True
464.0373 	EXP 	New trial (rep=0, index=16): {'ImageFile': 'Stimuli/9403.jpg'}
464.0516 	EXP 	image_view: autoDraw = False
464.0516 	EXP 	image_view: autoDraw = False
464.0516 	EXP 	text_fixcross: autoDraw = True
468.6106 	EXP 	text_fixcross: autoDraw = False
468.6106 	EXP 	text_fixcross: autoDraw = False
468.6106 	EXP 	image_view: image = 'Stimuli/9403.jpg'
468.6106 	EXP 	image_view: autoDraw = True
474.6040 	EXP 	New trial (rep=0, index=17): {'ImageFile': 'Stimuli/6020.jpg'}
474.6182 	EXP 	image_view: autoDraw = False
474.6182 	EXP 	image_view: autoDraw = False
474.6182 	EXP 	text_fixcross: autoDraw = True
478.7688 	EXP 	text_fixcross: autoDraw = False
478.7688 	EXP 	text_fixcross: autoDraw = False
478.7688 	EXP 	image_view: image = 'Stimuli/6020.jpg'
478.7688 	EXP 	image_view: autoDraw = True
484.7705 	EXP 	New trial (rep=0, index=18): {'ImageFile': 'Stimuli/9400.jpg'}
484.7844 	EXP 	image_view: autoDraw = False
484.7844 	EXP 	image_view: autoDraw = False
484.7844 	EXP 	text_fixcross: autoDraw = True
489.2171 	EXP 	text_fixcross: autoDraw = False
489.2171 	EXP 	text_fixcross: autoDraw = False
489.2171 	EXP 	image_view: image = 'Stimuli/9400.jpg'
489.2171 	EXP 	image_view: autoDraw = True
495.2038 	EXP 	New trial (rep=0, index=19): {'ImageFile': 'Stimuli/9423.jpg'}
495.2178 	EXP 	image_view: autoDraw = False
495.2178 	EXP 	image_view: autoDraw = False
495.2178 	EXP 	text_fixcross: autoDraw = True
498.9664 	EXP 	text_fixcross: autoDraw = False
498.9664 	EXP 	text_fixcross: autoDraw = False
498.9664 	EXP 	image_view: image = 'Stimuli/9423.jpg'
498.9664 	EXP 	image_view: autoDraw = True
504.9873 	EXP 	image_view: autoDraw = False
504.9873 	EXP 	image_view: autoDraw = False
504.9873 	EXP 	slider_arousal: markerPos = None
504.9873 	EXP 	slider_arousal: markerPos = None
504.9873 	EXP 	slider_arousal: rating = None
504.9873 	EXP 	text_slider_arousal: autoDraw = True
504.9873 	EXP 	slider_arousal: autoDraw = True
510.4694 	DATA 	Mouse: Left button down, pos=(901,313)
510.4836 	EXP 	slider_arousal: markerPos = 178.14814814814815
510.5011 	EXP 	slider_arousal: markerPos = 178.14814814814815
510.5178 	EXP 	slider_arousal: markerPos = 178.14814814814815
510.5346 	EXP 	slider_arousal: markerPos = 178.14814814814815
510.5513 	EXP 	slider_arousal: markerPos = 178.14814814814815
510.5680 	EXP 	slider_arousal: markerPos = 178.14814814814815
510.5844 	EXP 	slider_arousal: markerPos = 178.14814814814815
510.5877 	DATA 	Mouse:  Left button up, pos=(901,313)
510.6125 	EXP 	slider_arousal: markerPos = 178.14814814814815
510.6125 	EXP 	slider_arousal: rating = 178.14814814814815
510.6346 	EXP 	text_slider_arousal: autoDraw = False
510.6346 	EXP 	slider_arousal: autoDraw = False
510.6346 	EXP 	slider_effort: markerPos = None
510.6346 	EXP 	slider_effort: markerPos = None
510.6346 	EXP 	slider_effort: rating = None
510.6346 	EXP 	text_slider_effort: autoDraw = True
510.6346 	EXP 	slider_effort: autoDraw = True
512.8696 	DATA 	Mouse: Left button down, pos=(655,309)
512.8844 	EXP 	slider_effort: markerPos = 87.03703703703705
512.9013 	EXP 	slider_effort: markerPos = 87.03703703703705
512.9184 	EXP 	slider_effort: markerPos = 87.03703703703705
512.9215 	DATA 	Mouse:  Left button up, pos=(655,309)
512.9350 	EXP 	slider_effort: markerPos = 87.03703703703705
512.9350 	EXP 	slider_effort: rating = 87.03703703703705
512.9443 	EXP 	Imported blocks_reg.xlsx as conditions, 3 conditions, 6 params
512.9450 	EXP 	Created sequence: random, trialTypes=3, nReps=1, seed=None
512.9455 	EXP 	New trial (rep=0, index=0): {'Block': 3, 'conds_reg_File': 'StimuliNegative.xlsx', 'n_reps': 1, 'TriggerBlockReg': 23, 'instr_1': 'ABLENKEN', 'instr_2': 'Denken Sie während des Betrachtens der Bilder an etwas Neutrales, das mit dem Bild nichts zu tun hat. Das könnten geometrische Figuren, Alltagstätigkeiten oder bekannte Orte sein.'}
512.9783 	EXP 	text_slider_effort: autoDraw = False
512.9783 	EXP 	slider_effort: autoDraw = False
512.9783 	EXP 	text_Instruction: text = 'ABLENKEN\n\nIn diesem Block werden Sie eine Reihe von Bildern sehen. Diese sollen Sie aufmerksam ansehen.\nDenken Sie während des Betrachtens der Bilder an etwas Neutrales, das mit dem Bild nichts zu tun hat. Das könnten geometrische Figuren, Alltagstätigkeiten oder bekannte Orte sein.\n\nBitte konzentrieren Sie Ihre Regulationsbemühungen nur auf das Bild, nicht aber auf die Zeiträume zwischen den Bildern.\n\nZum Starten des Blocks Leertaste dürcken'
512.9783 	EXP 	text_Instruction: autoDraw = True
520.8188 	EXP 	Imported StimuliNegative_2.xlsx as conditions, 20 conditions, 1 params
520.8194 	EXP 	Created sequence: random, trialTypes=20, nReps=1, seed=None
520.8197 	EXP 	New trial (rep=0, index=0): {'ImageFile': 'Stimuli/2703.jpg'}
520.8230 	DATA 	Keypress: space
520.8268 	EXP 	text_Instruction: autoDraw = False
520.8268 	EXP 	text_fixcross: autoDraw = True
523.9765 	EXP 	text_fixcross: autoDraw = False
523.9765 	EXP 	text_fixcross: autoDraw = False
523.9765 	EXP 	image_reg: image = 'Stimuli/2703.jpg'
523.9765 	EXP 	image_reg: autoDraw = True
529.9714 	EXP 	New trial (rep=0, index=1): {'ImageFile': 'Stimuli/9040.jpg'}
529.9850 	EXP 	image_reg: autoDraw = False
529.9850 	EXP 	image_reg: autoDraw = False
529.9850 	EXP 	text_fixcross: autoDraw = True
533.8300 	EXP 	text_fixcross: autoDraw = False
533.8300 	EXP 	text_fixcross: autoDraw = False
533.8300 	EXP 	image_reg: image = 'Stimuli/9040.jpg'
533.8300 	EXP 	image_reg: autoDraw = True
539.8206 	EXP 	New trial (rep=0, index=2): {'ImageFile': 'Stimuli/3051.jpg'}
539.8351 	EXP 	image_reg: autoDraw = False
539.8351 	EXP 	image_reg: autoDraw = False
539.8351 	EXP 	text_fixcross: autoDraw = True
543.6850 	EXP 	text_fixcross: autoDraw = False
543.6850 	EXP 	text_fixcross: autoDraw = False
543.6850 	EXP 	image_reg: image = 'Stimuli/3051.jpg'
543.6850 	EXP 	image_reg: autoDraw = True
549.6873 	EXP 	New trial (rep=0, index=3): {'ImageFile': 'Stimuli/218.jpg'}
549.7013 	EXP 	image_reg: autoDraw = False
549.7013 	EXP 	image_reg: autoDraw = False
549.7013 	EXP 	text_fixcross: autoDraw = True
553.5522 	EXP 	text_fixcross: autoDraw = False
553.5522 	EXP 	text_fixcross: autoDraw = False
553.5522 	EXP 	image_reg: image = 'Stimuli/218.jpg'
553.5522 	EXP 	image_reg: autoDraw = True
559.5539 	EXP 	New trial (rep=0, index=4): {'ImageFile': 'Stimuli/3185.jpg'}
559.5683 	EXP 	image_reg: autoDraw = False
559.5683 	EXP 	image_reg: autoDraw = False
559.5683 	EXP 	text_fixcross: autoDraw = True
563.9239 	EXP 	text_fixcross: autoDraw = False
563.9239 	EXP 	text_fixcross: autoDraw = False
563.9239 	EXP 	image_reg: image = 'Stimuli/3185.jpg'
563.9239 	EXP 	image_reg: autoDraw = True
569.9205 	EXP 	New trial (rep=0, index=5): {'ImageFile': 'Stimuli/6562.jpg'}
569.9347 	EXP 	image_reg: autoDraw = False
569.9347 	EXP 	image_reg: autoDraw = False
569.9347 	EXP 	text_fixcross: autoDraw = True
574.6801 	EXP 	text_fixcross: autoDraw = False
574.6801 	EXP 	text_fixcross: autoDraw = False
574.6801 	EXP 	image_reg: image = 'Stimuli/6562.jpg'
574.6801 	EXP 	image_reg: autoDraw = True
580.6704 	EXP 	New trial (rep=0, index=6): {'ImageFile': 'Stimuli/9042.jpg'}
580.6848 	EXP 	image_reg: autoDraw = False
580.6848 	EXP 	image_reg: autoDraw = False
580.6848 	EXP 	text_fixcross: autoDraw = True
585.2369 	EXP 	text_fixcross: autoDraw = False
585.2369 	EXP 	text_fixcross: autoDraw = False
585.2369 	EXP 	image_reg: image = 'Stimuli/9042.jpg'
585.2369 	EXP 	image_reg: autoDraw = True
591.2372 	EXP 	New trial (rep=0, index=7): {'ImageFile': 'Stimuli/3301.jpg'}
591.2515 	EXP 	image_reg: autoDraw = False
591.2515 	EXP 	image_reg: autoDraw = False
591.2515 	EXP 	text_fixcross: autoDraw = True
595.7988 	EXP 	text_fixcross: autoDraw = False
595.7988 	EXP 	text_fixcross: autoDraw = False
595.7988 	EXP 	image_reg: image = 'Stimuli/3301.jpg'
595.7988 	EXP 	image_reg: autoDraw = True
601.7871 	EXP 	New trial (rep=0, index=8): {'ImageFile': 'Stimuli/9904.jpg'}
601.8011 	EXP 	image_reg: autoDraw = False
601.8011 	EXP 	image_reg: autoDraw = False
601.8011 	EXP 	text_fixcross: autoDraw = True
605.4496 	EXP 	text_fixcross: autoDraw = False
605.4496 	EXP 	text_fixcross: autoDraw = False
605.4496 	EXP 	image_reg: image = 'Stimuli/9904.jpg'
605.4496 	EXP 	image_reg: autoDraw = True
611.4368 	EXP 	New trial (rep=0, index=9): {'ImageFile': 'Stimuli/251.jpg'}
611.4509 	EXP 	image_reg: autoDraw = False
611.4509 	EXP 	image_reg: autoDraw = False
611.4509 	EXP 	text_fixcross: autoDraw = True
615.5866 	EXP 	text_fixcross: autoDraw = False
615.5866 	EXP 	text_fixcross: autoDraw = False
615.5866 	EXP 	image_reg: image = 'Stimuli/251.jpg'
615.5866 	EXP 	image_reg: autoDraw = True
621.5872 	EXP 	New trial (rep=0, index=10): {'ImageFile': 'Stimuli/222.jpg'}
621.6015 	EXP 	image_reg: autoDraw = False
621.6015 	EXP 	image_reg: autoDraw = False
621.6015 	EXP 	text_fixcross: autoDraw = True
624.9394 	EXP 	text_fixcross: autoDraw = False
624.9394 	EXP 	text_fixcross: autoDraw = False
624.9394 	EXP 	image_reg: image = 'Stimuli/222.jpg'
624.9394 	EXP 	image_reg: autoDraw = True
630.9372 	EXP 	New trial (rep=0, index=11): {'ImageFile': 'Stimuli/9043.jpg'}
630.9515 	EXP 	image_reg: autoDraw = False
630.9515 	EXP 	image_reg: autoDraw = False
630.9515 	EXP 	text_fixcross: autoDraw = True
635.8177 	EXP 	text_fixcross: autoDraw = False
635.8177 	EXP 	text_fixcross: autoDraw = False
635.8177 	EXP 	image_reg: image = 'Stimuli/9043.jpg'
635.8177 	EXP 	image_reg: autoDraw = True
641.8039 	EXP 	New trial (rep=0, index=12): {'ImageFile': 'Stimuli/210.jpg'}
641.8181 	EXP 	image_reg: autoDraw = False
641.8181 	EXP 	image_reg: autoDraw = False
641.8181 	EXP 	text_fixcross: autoDraw = True
646.0638 	EXP 	text_fixcross: autoDraw = False
646.0638 	EXP 	text_fixcross: autoDraw = False
646.0638 	EXP 	image_reg: image = 'Stimuli/210.jpg'
646.0638 	EXP 	image_reg: autoDraw = True
652.0537 	EXP 	New trial (rep=0, index=13): {'ImageFile': 'Stimuli/246.jpg'}
652.0679 	EXP 	image_reg: autoDraw = False
652.0679 	EXP 	image_reg: autoDraw = False
652.0679 	EXP 	text_fixcross: autoDraw = True
655.2088 	EXP 	text_fixcross: autoDraw = False
655.2088 	EXP 	text_fixcross: autoDraw = False
655.2088 	EXP 	image_reg: image = 'Stimuli/246.jpg'
655.2088 	EXP 	image_reg: autoDraw = True
661.2040 	EXP 	New trial (rep=0, index=14): {'ImageFile': 'Stimuli/9184.jpg'}
661.2182 	EXP 	image_reg: autoDraw = False
661.2182 	EXP 	image_reg: autoDraw = False
661.2182 	EXP 	text_fixcross: autoDraw = True
665.1779 	EXP 	text_fixcross: autoDraw = False
665.1779 	EXP 	text_fixcross: autoDraw = False
665.1779 	EXP 	image_reg: image = 'Stimuli/9184.jpg'
665.1779 	EXP 	image_reg: autoDraw = True
671.1704 	EXP 	New trial (rep=0, index=15): {'ImageFile': 'Stimuli/9145.jpg'}
671.1847 	EXP 	image_reg: autoDraw = False
671.1847 	EXP 	image_reg: autoDraw = False
671.1847 	EXP 	text_fixcross: autoDraw = True
676.0385 	EXP 	text_fixcross: autoDraw = False
676.0385 	EXP 	text_fixcross: autoDraw = False
676.0385 	EXP 	image_reg: image = 'Stimuli/9145.jpg'
676.0385 	EXP 	image_reg: autoDraw = True
682.0370 	EXP 	New trial (rep=0, index=16): {'ImageFile': 'Stimuli/3160.jpg'}
682.0513 	EXP 	image_reg: autoDraw = False
682.0513 	EXP 	image_reg: autoDraw = False
682.0513 	EXP 	text_fixcross: autoDraw = True
686.9005 	EXP 	text_fixcross: autoDraw = False
686.9005 	EXP 	text_fixcross: autoDraw = False
686.9005 	EXP 	image_reg: image = 'Stimuli/3160.jpg'
686.9005 	EXP 	image_reg: autoDraw = True
692.8872 	EXP 	New trial (rep=0, index=17): {'ImageFile': 'Stimuli/9031.jpg'}
692.9013 	EXP 	image_reg: autoDraw = False
692.9013 	EXP 	image_reg: autoDraw = False
692.9013 	EXP 	text_fixcross: autoDraw = True
696.5506 	EXP 	text_fixcross: autoDraw = False
696.5506 	EXP 	text_fixcross: autoDraw = False
696.5506 	EXP 	image_reg: image = 'Stimuli/9031.jpg'
696.5506 	EXP 	image_reg: autoDraw = True
702.5368 	EXP 	New trial (rep=0, index=18): {'ImageFile': 'Stimuli/228.jpg'}
702.5510 	EXP 	image_reg: autoDraw = False
702.5510 	EXP 	image_reg: autoDraw = False
702.5510 	EXP 	text_fixcross: autoDraw = True
705.8942 	EXP 	text_fixcross: autoDraw = False
705.8942 	EXP 	text_fixcross: autoDraw = False
705.8942 	EXP 	image_reg: image = 'Stimuli/228.jpg'
705.8942 	EXP 	image_reg: autoDraw = True
711.8870 	EXP 	New trial (rep=0, index=19): {'ImageFile': 'Stimuli/9160.jpg'}
711.9011 	EXP 	image_reg: autoDraw = False
711.9011 	EXP 	image_reg: autoDraw = False
711.9011 	EXP 	text_fixcross: autoDraw = True
716.2556 	EXP 	text_fixcross: autoDraw = False
716.2556 	EXP 	text_fixcross: autoDraw = False
716.2556 	EXP 	image_reg: image = 'Stimuli/9160.jpg'
716.2556 	EXP 	image_reg: autoDraw = True
722.2724 	EXP 	image_reg: autoDraw = False
722.2724 	EXP 	image_reg: autoDraw = False
722.2724 	EXP 	slider_arousal: markerPos = None
722.2724 	EXP 	slider_arousal: markerPos = None
722.2724 	EXP 	slider_arousal: rating = None
722.2724 	EXP 	text_slider_arousal: autoDraw = True
722.2724 	EXP 	slider_arousal: autoDraw = True
726.3027 	DATA 	Mouse: Left button down, pos=(793,332)
726.3172 	EXP 	slider_arousal: markerPos = 138.14814814814815
726.3349 	EXP 	slider_arousal: markerPos = 138.14814814814815
726.3514 	EXP 	slider_arousal: markerPos = 138.14814814814815
726.3790 	EXP 	slider_arousal: markerPos = 138.14814814814815
726.3990 	EXP 	slider_arousal: markerPos = 138.14814814814815
726.4162 	EXP 	slider_arousal: markerPos = 138.14814814814815
726.4328 	EXP 	slider_arousal: markerPos = 138.14814814814815
726.4494 	EXP 	slider_arousal: markerPos = 138.14814814814815
726.4661 	EXP 	slider_arousal: markerPos = 138.14814814814815
726.4695 	DATA 	Mouse:  Left button up, pos=(793,332)
726.4841 	EXP 	slider_arousal: markerPos = 138.14814814814815
726.4841 	EXP 	slider_arousal: rating = 138.14814814814815
726.5053 	EXP 	text_slider_arousal: autoDraw = False
726.5053 	EXP 	slider_arousal: autoDraw = False
726.5053 	EXP 	slider_effort: markerPos = None
726.5053 	EXP 	slider_effort: markerPos = None
726.5053 	EXP 	slider_effort: rating = None
726.5053 	EXP 	text_slider_effort: autoDraw = True
726.5053 	EXP 	slider_effort: autoDraw = True
729.2862 	DATA 	Mouse: Left button down, pos=(993,314)
729.3008 	EXP 	slider_effort: markerPos = 212.22222222222223
729.3289 	EXP 	slider_effort: markerPos = 212.22222222222223
729.3491 	EXP 	slider_effort: markerPos = 212.22222222222223
729.3669 	EXP 	slider_effort: markerPos = 212.22222222222223
729.3846 	EXP 	slider_effort: markerPos = 212.22222222222223
729.3879 	DATA 	Mouse:  Left button up, pos=(993,314)
729.4014 	EXP 	slider_effort: markerPos = 212.22222222222223
729.4014 	EXP 	slider_effort: rating = 212.22222222222223
729.4055 	EXP 	New trial (rep=0, index=1): {'Block': 5, 'conds_reg_File': 'StimuliNegative.xlsx', 'n_reps': 1, 'TriggerBlockReg': 25, 'instr_1': 'UNTERDRÜCKEN', 'instr_2': 'Unterdrücken Sie alle aufkommenden Emotionen. Wenn Sie also die Bilder ansehen, verhalten Sie sich so, dass eine außenstehende Person nicht sehen kann, welche Emotionen Sie gerade empfinden.'}
729.4377 	EXP 	text_slider_effort: autoDraw = False
729.4377 	EXP 	slider_effort: autoDraw = False
729.4377 	EXP 	text_Instruction: text = 'UNTERDRÜCKEN\n\nIn diesem Block werden Sie eine Reihe von Bildern sehen. Diese sollen Sie aufmerksam ansehen.\nUnterdrücken Sie alle aufkommenden Emotionen. Wenn Sie also die Bilder ansehen, verhalten Sie sich so, dass eine außenstehende Person nicht sehen kann, welche Emotionen Sie gerade empfinden.\n\nBitte konzentrieren Sie Ihre Regulationsbemühungen nur auf das Bild, nicht aber auf die Zeiträume zwischen den Bildern.\n\nZum Starten des Blocks Leertaste dürcken'
729.4377 	EXP 	text_Instruction: autoDraw = True
735.9191 	EXP 	Imported StimuliNegative_1.xlsx as conditions, 20 conditions, 1 params
735.9197 	EXP 	Created sequence: random, trialTypes=20, nReps=1, seed=None
735.9200 	EXP 	New trial (rep=0, index=0): {'ImageFile': 'Stimuli/3280.jpg'}
735.9233 	DATA 	Keypress: space
735.9271 	EXP 	text_Instruction: autoDraw = False
735.9271 	EXP 	text_fixcross: autoDraw = True
740.2689 	EXP 	text_fixcross: autoDraw = False
740.2689 	EXP 	text_fixcross: autoDraw = False
740.2689 	EXP 	image_reg: image = 'Stimuli/3280.jpg'
740.2689 	EXP 	image_reg: autoDraw = True
746.2712 	EXP 	New trial (rep=0, index=1): {'ImageFile': 'Stimuli/9326.jpg'}
746.2852 	EXP 	image_reg: autoDraw = False
746.2852 	EXP 	image_reg: autoDraw = False
746.2852 	EXP 	text_fixcross: autoDraw = True
749.9340 	EXP 	text_fixcross: autoDraw = False
749.9340 	EXP 	text_fixcross: autoDraw = False
749.9340 	EXP 	image_reg: image = 'Stimuli/9326.jpg'
749.9340 	EXP 	image_reg: autoDraw = True
755.9201 	EXP 	New trial (rep=0, index=2): {'ImageFile': 'Stimuli/6244.jpg'}
755.9345 	EXP 	image_reg: autoDraw = False
755.9345 	EXP 	image_reg: autoDraw = False
755.9345 	EXP 	text_fixcross: autoDraw = True
759.0772 	EXP 	text_fixcross: autoDraw = False
759.0772 	EXP 	text_fixcross: autoDraw = False
759.0772 	EXP 	image_reg: image = 'Stimuli/6244.jpg'
759.0772 	EXP 	image_reg: autoDraw = True
765.0701 	EXP 	New trial (rep=0, index=3): {'ImageFile': 'Stimuli/9180.jpg'}
765.0843 	EXP 	image_reg: autoDraw = False
765.0843 	EXP 	image_reg: autoDraw = False
765.0843 	EXP 	text_fixcross: autoDraw = True
768.6286 	EXP 	text_fixcross: autoDraw = False
768.6286 	EXP 	text_fixcross: autoDraw = False
768.6286 	EXP 	image_reg: image = 'Stimuli/9180.jpg'
768.6286 	EXP 	image_reg: autoDraw = True
774.6198 	EXP 	New trial (rep=0, index=4): {'ImageFile': 'Stimuli/9425.jpg'}
774.6341 	EXP 	image_reg: autoDraw = False
774.6341 	EXP 	image_reg: autoDraw = False
774.6341 	EXP 	text_fixcross: autoDraw = True
778.5689 	EXP 	text_fixcross: autoDraw = False
778.5689 	EXP 	text_fixcross: autoDraw = False
778.5689 	EXP 	image_reg: image = 'Stimuli/9425.jpg'
778.5689 	EXP 	image_reg: autoDraw = True
784.5705 	EXP 	New trial (rep=0, index=5): {'ImageFile': 'Stimuli/3022.jpg'}
784.5846 	EXP 	image_reg: autoDraw = False
784.5846 	EXP 	image_reg: autoDraw = False
784.5846 	EXP 	text_fixcross: autoDraw = True
788.1287 	EXP 	text_fixcross: autoDraw = False
788.1287 	EXP 	text_fixcross: autoDraw = False
788.1287 	EXP 	image_reg: image = 'Stimuli/3022.jpg'
788.1287 	EXP 	image_reg: autoDraw = True
794.1200 	EXP 	New trial (rep=0, index=6): {'ImageFile': 'Stimuli/9253.jpg'}
794.1341 	EXP 	image_reg: autoDraw = False
794.1341 	EXP 	image_reg: autoDraw = False
794.1341 	EXP 	text_fixcross: autoDraw = True
798.4857 	EXP 	text_fixcross: autoDraw = False
798.4857 	EXP 	text_fixcross: autoDraw = False
798.4857 	EXP 	image_reg: image = 'Stimuli/9253.jpg'
798.4857 	EXP 	image_reg: autoDraw = True
804.4872 	EXP 	New trial (rep=0, index=7): {'ImageFile': 'Stimuli/327.jpg'}
804.5012 	EXP 	image_reg: autoDraw = False
804.5012 	EXP 	image_reg: autoDraw = False
804.5012 	EXP 	text_fixcross: autoDraw = True
808.0440 	EXP 	text_fixcross: autoDraw = False
808.0440 	EXP 	text_fixcross: autoDraw = False
808.0440 	EXP 	image_reg: image = 'Stimuli/327.jpg'
808.0440 	EXP 	image_reg: autoDraw = True
814.0371 	EXP 	New trial (rep=0, index=8): {'ImageFile': 'Stimuli/3017.jpg'}
814.0514 	EXP 	image_reg: autoDraw = False
814.0514 	EXP 	image_reg: autoDraw = False
814.0514 	EXP 	text_fixcross: autoDraw = True
819.0109 	EXP 	text_fixcross: autoDraw = False
819.0109 	EXP 	text_fixcross: autoDraw = False
819.0109 	EXP 	image_reg: image = 'Stimuli/3017.jpg'
819.0109 	EXP 	image_reg: autoDraw = True
825.0037 	EXP 	New trial (rep=0, index=9): {'ImageFile': 'Stimuli/6190.jpg'}
825.0180 	EXP 	image_reg: autoDraw = False
825.0180 	EXP 	image_reg: autoDraw = False
825.0180 	EXP 	text_fixcross: autoDraw = True
829.9677 	EXP 	text_fixcross: autoDraw = False
829.9677 	EXP 	text_fixcross: autoDraw = False
829.9677 	EXP 	image_reg: image = 'Stimuli/6190.jpg'
829.9677 	EXP 	image_reg: autoDraw = True
835.9701 	EXP 	New trial (rep=0, index=10): {'ImageFile': 'Stimuli/9920.jpg'}
835.9845 	EXP 	image_reg: autoDraw = False
835.9845 	EXP 	image_reg: autoDraw = False
835.9845 	EXP 	text_fixcross: autoDraw = True
839.6299 	EXP 	text_fixcross: autoDraw = False
839.6299 	EXP 	text_fixcross: autoDraw = False
839.6299 	EXP 	image_reg: image = 'Stimuli/9920.jpg'
839.6299 	EXP 	image_reg: autoDraw = True
845.6200 	EXP 	New trial (rep=0, index=11): {'ImageFile': 'Stimuli/3180.jpg'}
845.6342 	EXP 	image_reg: autoDraw = False
845.6342 	EXP 	image_reg: autoDraw = False
845.6342 	EXP 	text_fixcross: autoDraw = True
849.7653 	EXP 	text_fixcross: autoDraw = False
849.7653 	EXP 	text_fixcross: autoDraw = False
849.7653 	EXP 	image_reg: image = 'Stimuli/3180.jpg'
849.7653 	EXP 	image_reg: autoDraw = True
855.7537 	EXP 	New trial (rep=0, index=12): {'ImageFile': 'Stimuli/9424.jpg'}
855.7677 	EXP 	image_reg: autoDraw = False
855.7677 	EXP 	image_reg: autoDraw = False
855.7677 	EXP 	text_fixcross: autoDraw = True
859.4145 	EXP 	text_fixcross: autoDraw = False
859.4145 	EXP 	text_fixcross: autoDraw = False
859.4145 	EXP 	image_reg: image = 'Stimuli/9424.jpg'
859.4145 	EXP 	image_reg: autoDraw = True
865.4033 	EXP 	New trial (rep=0, index=13): {'ImageFile': 'Stimuli/225.jpg'}
865.4184 	EXP 	image_reg: autoDraw = False
865.4184 	EXP 	image_reg: autoDraw = False
865.4184 	EXP 	text_fixcross: autoDraw = True
870.1636 	EXP 	text_fixcross: autoDraw = False
870.1636 	EXP 	text_fixcross: autoDraw = False
870.1636 	EXP 	image_reg: image = 'Stimuli/225.jpg'
870.1636 	EXP 	image_reg: autoDraw = True
876.1537 	EXP 	New trial (rep=0, index=14): {'ImageFile': 'Stimuli/6836.jpg'}
876.1679 	EXP 	image_reg: autoDraw = False
876.1679 	EXP 	image_reg: autoDraw = False
876.1679 	EXP 	text_fixcross: autoDraw = True
880.5218 	EXP 	text_fixcross: autoDraw = False
880.5218 	EXP 	text_fixcross: autoDraw = False
880.5218 	EXP 	image_reg: image = 'Stimuli/6836.jpg'
880.5218 	EXP 	image_reg: autoDraw = True
886.5204 	EXP 	New trial (rep=0, index=15): {'ImageFile': 'Stimuli/255.jpg'}
886.5346 	EXP 	image_reg: autoDraw = False
886.5346 	EXP 	image_reg: autoDraw = False
886.5346 	EXP 	text_fixcross: autoDraw = True
889.6734 	EXP 	text_fixcross: autoDraw = False
889.6734 	EXP 	text_fixcross: autoDraw = False
889.6734 	EXP 	image_reg: image = 'Stimuli/255.jpg'
889.6734 	EXP 	image_reg: autoDraw = True
895.6701 	EXP 	New trial (rep=0, index=16): {'ImageFile': 'Stimuli/9300.jpg'}
895.6843 	EXP 	image_reg: autoDraw = False
895.6843 	EXP 	image_reg: autoDraw = False
895.6843 	EXP 	text_fixcross: autoDraw = True
900.6376 	EXP 	text_fixcross: autoDraw = False
900.6376 	EXP 	text_fixcross: autoDraw = False
900.6376 	EXP 	image_reg: image = 'Stimuli/9300.jpg'
900.6376 	EXP 	image_reg: autoDraw = True
906.6371 	EXP 	New trial (rep=0, index=17): {'ImageFile': 'Stimuli/1111.jpg'}
906.6513 	EXP 	image_reg: autoDraw = False
906.6513 	EXP 	image_reg: autoDraw = False
906.6513 	EXP 	text_fixcross: autoDraw = True
909.9988 	EXP 	text_fixcross: autoDraw = False
909.9988 	EXP 	text_fixcross: autoDraw = False
909.9988 	EXP 	image_reg: image = 'Stimuli/1111.jpg'
909.9988 	EXP 	image_reg: autoDraw = True
915.9871 	EXP 	New trial (rep=0, index=18): {'ImageFile': 'Stimuli/230.jpg'}
916.0016 	EXP 	image_reg: autoDraw = False
916.0016 	EXP 	image_reg: autoDraw = False
916.0016 	EXP 	text_fixcross: autoDraw = True
920.9490 	EXP 	text_fixcross: autoDraw = False
920.9490 	EXP 	text_fixcross: autoDraw = False
920.9490 	EXP 	image_reg: image = 'Stimuli/230.jpg'
920.9490 	EXP 	image_reg: autoDraw = True
926.9369 	EXP 	New trial (rep=0, index=19): {'ImageFile': 'Stimuli/9182.jpg'}
926.9508 	EXP 	image_reg: autoDraw = False
926.9508 	EXP 	image_reg: autoDraw = False
926.9508 	EXP 	text_fixcross: autoDraw = True
931.7095 	EXP 	text_fixcross: autoDraw = False
931.7095 	EXP 	text_fixcross: autoDraw = False
931.7095 	EXP 	image_reg: image = 'Stimuli/9182.jpg'
931.7095 	EXP 	image_reg: autoDraw = True
937.7371 	EXP 	image_reg: autoDraw = False
937.7371 	EXP 	image_reg: autoDraw = False
937.7371 	EXP 	slider_arousal: markerPos = None
937.7371 	EXP 	slider_arousal: markerPos = None
937.7371 	EXP 	slider_arousal: rating = None
937.7371 	EXP 	text_slider_arousal: autoDraw = True
937.7371 	EXP 	slider_arousal: autoDraw = True
941.1358 	DATA 	Mouse: Left button down, pos=(864,341)
941.1494 	EXP 	slider_arousal: markerPos = 164.44444444444443
941.1660 	EXP 	slider_arousal: markerPos = 164.44444444444443
941.1828 	EXP 	slider_arousal: markerPos = 164.44444444444443
941.2000 	EXP 	slider_arousal: markerPos = 164.44444444444443
941.2170 	EXP 	slider_arousal: markerPos = 164.44444444444443
941.2338 	EXP 	slider_arousal: markerPos = 164.44444444444443
941.2505 	EXP 	slider_arousal: markerPos = 164.44444444444443
941.2676 	EXP 	slider_arousal: markerPos = 164.44444444444443
941.2848 	EXP 	slider_arousal: markerPos = 164.44444444444443
941.2881 	DATA 	Mouse:  Left button up, pos=(864,341)
941.3013 	EXP 	slider_arousal: markerPos = 164.44444444444443
941.3013 	EXP 	slider_arousal: rating = 164.44444444444443
941.3219 	EXP 	text_slider_arousal: autoDraw = False
941.3219 	EXP 	slider_arousal: autoDraw = False
941.3219 	EXP 	slider_effort: markerPos = None
941.3219 	EXP 	slider_effort: markerPos = None
941.3219 	EXP 	slider_effort: rating = None
941.3219 	EXP 	text_slider_effort: autoDraw = True
941.3219 	EXP 	slider_effort: autoDraw = True
943.3861 	DATA 	Mouse: Left button down, pos=(665,344)
943.4008 	EXP 	slider_effort: markerPos = 90.74074074074075
943.4178 	EXP 	slider_effort: markerPos = 90.74074074074075
943.4455 	EXP 	slider_effort: markerPos = 90.74074074074075
943.4656 	EXP 	slider_effort: markerPos = 90.74074074074075
943.4826 	EXP 	slider_effort: markerPos = 90.74074074074075
943.4860 	DATA 	Mouse:  Left button up, pos=(665,344)
943.5005 	EXP 	slider_effort: markerPos = 90.74074074074075
943.5005 	EXP 	slider_effort: rating = 90.74074074074075
943.5048 	EXP 	New trial (rep=0, index=2): {'Block': 4, 'conds_reg_File': 'StimuliNegative.xlsx', 'n_reps': 1, 'TriggerBlockReg': 24, 'instr_1': 'DISTANZIEREN', 'instr_2': 'Nehmen Sie die Position eines uninvolvierten Beobachters ein. Denken Sie über das Bild in einer neutralen Weise nach.'}
943.5300 	EXP 	text_slider_effort: autoDraw = False
943.5300 	EXP 	slider_effort: autoDraw = False
943.5300 	EXP 	text_Instruction: text = 'DISTANZIEREN\n\nIn diesem Block werden Sie eine Reihe von Bildern sehen. Diese sollen Sie aufmerksam ansehen.\nNehmen Sie die Position eines uninvolvierten Beobachters ein. Denken Sie über das Bild in einer neutralen Weise nach.\n\nBitte konzentrieren Sie Ihre Regulationsbemühungen nur auf das Bild, nicht aber auf die Zeiträume zwischen den Bildern.\n\nZum Starten des Blocks Leertaste dürcken'
943.5300 	EXP 	text_Instruction: autoDraw = True
948.4946 	DATA 	Keypress: space
948.5338 	EXP 	Imported StimuliNegative_3.xlsx as conditions, 20 conditions, 1 params
948.5343 	EXP 	Created sequence: random, trialTypes=20, nReps=1, seed=None
948.5346 	EXP 	New trial (rep=0, index=0): {'ImageFile': 'Stimuli/9570.jpg'}
948.5417 	EXP 	text_Instruction: autoDraw = False
948.5417 	EXP 	text_fixcross: autoDraw = True
951.8877 	EXP 	text_fixcross: autoDraw = False
951.8877 	EXP 	text_fixcross: autoDraw = False
951.8877 	EXP 	image_reg: image = 'Stimuli/9570.jpg'
951.8877 	EXP 	image_reg: autoDraw = True
957.8878 	EXP 	New trial (rep=0, index=1): {'ImageFile': 'Stimuli/3350.jpg'}
957.9015 	EXP 	image_reg: autoDraw = False
957.9015 	EXP 	image_reg: autoDraw = False
957.9015 	EXP 	text_fixcross: autoDraw = True
962.6483 	EXP 	text_fixcross: autoDraw = False
962.6483 	EXP 	text_fixcross: autoDraw = False
962.6483 	EXP 	image_reg: image = 'Stimuli/3350.jpg'
962.6483 	EXP 	image_reg: autoDraw = True
968.6370 	EXP 	New trial (rep=0, index=2): {'ImageFile': 'Stimuli/6242.jpg'}
968.6509 	EXP 	image_reg: autoDraw = False
968.6509 	EXP 	image_reg: autoDraw = False
968.6509 	EXP 	text_fixcross: autoDraw = True
971.9953 	EXP 	text_fixcross: autoDraw = False
971.9953 	EXP 	text_fixcross: autoDraw = False
971.9953 	EXP 	image_reg: image = 'Stimuli/6242.jpg'
971.9953 	EXP 	image_reg: autoDraw = True
977.9868 	EXP 	New trial (rep=0, index=3): {'ImageFile': 'Stimuli/9140.jpg'}
978.0011 	EXP 	image_reg: autoDraw = False
978.0011 	EXP 	image_reg: autoDraw = False
978.0011 	EXP 	text_fixcross: autoDraw = True
982.3535 	EXP 	text_fixcross: autoDraw = False
982.3535 	EXP 	text_fixcross: autoDraw = False
982.3535 	EXP 	image_reg: image = 'Stimuli/9140.jpg'
982.3535 	EXP 	image_reg: autoDraw = True
988.3536 	EXP 	New trial (rep=0, index=4): {'ImageFile': 'Stimuli/1301.jpg'}
988.3679 	EXP 	image_reg: autoDraw = False
988.3679 	EXP 	image_reg: autoDraw = False
988.3679 	EXP 	text_fixcross: autoDraw = True
992.7167 	EXP 	text_fixcross: autoDraw = False
992.7167 	EXP 	text_fixcross: autoDraw = False
992.7167 	EXP 	image_reg: image = 'Stimuli/1301.jpg'
992.7167 	EXP 	image_reg: autoDraw = True
998.7034 	EXP 	New trial (rep=0, index=5): {'ImageFile': 'Stimuli/9409.jpg'}
998.7176 	EXP 	image_reg: autoDraw = False
998.7176 	EXP 	image_reg: autoDraw = False
998.7176 	EXP 	text_fixcross: autoDraw = True
1002.8673 	EXP 	text_fixcross: autoDraw = False
1002.8673 	EXP 	text_fixcross: autoDraw = False
1002.8673 	EXP 	image_reg: image = 'Stimuli/9409.jpg'
1002.8673 	EXP 	image_reg: autoDraw = True
1008.8537 	EXP 	New trial (rep=0, index=6): {'ImageFile': 'Stimuli/208.jpg'}
1008.8679 	EXP 	image_reg: autoDraw = False
1008.8679 	EXP 	image_reg: autoDraw = False
1008.8679 	EXP 	text_fixcross: autoDraw = True
1012.1167 	EXP 	text_fixcross: autoDraw = False
1012.1167 	EXP 	text_fixcross: autoDraw = False
1012.1167 	EXP 	image_reg: image = 'Stimuli/208.jpg'
1012.1167 	EXP 	image_reg: autoDraw = True
1018.1034 	EXP 	New trial (rep=0, index=7): {'ImageFile': 'Stimuli/6555.jpg'}
1018.1174 	EXP 	image_reg: autoDraw = False
1018.1174 	EXP 	image_reg: autoDraw = False
1018.1174 	EXP 	text_fixcross: autoDraw = True
1021.3475 	EXP 	text_fixcross: autoDraw = False
1021.3475 	EXP 	text_fixcross: autoDraw = False
1021.3475 	EXP 	image_reg: image = 'Stimuli/6555.jpg'
1021.3475 	EXP 	image_reg: autoDraw = True
1027.3369 	EXP 	New trial (rep=0, index=8): {'ImageFile': 'Stimuli/254.jpg'}
1027.3513 	EXP 	image_reg: autoDraw = False
1027.3513 	EXP 	image_reg: autoDraw = False
1027.3513 	EXP 	text_fixcross: autoDraw = True
1031.3959 	EXP 	text_fixcross: autoDraw = False
1031.3959 	EXP 	text_fixcross: autoDraw = False
1031.3959 	EXP 	image_reg: image = 'Stimuli/254.jpg'
1031.3959 	EXP 	image_reg: autoDraw = True
1037.3869 	EXP 	New trial (rep=0, index=9): {'ImageFile': 'Stimuli/6940.jpg'}
1037.4011 	EXP 	image_reg: autoDraw = False
1037.4011 	EXP 	image_reg: autoDraw = False
1037.4011 	EXP 	text_fixcross: autoDraw = True
1041.3541 	EXP 	text_fixcross: autoDraw = False
1041.3541 	EXP 	text_fixcross: autoDraw = False
1041.3541 	EXP 	image_reg: image = 'Stimuli/6940.jpg'
1041.3541 	EXP 	image_reg: autoDraw = True
1047.3534 	EXP 	New trial (rep=0, index=10): {'ImageFile': 'Stimuli/219.jpg'}
1047.3678 	EXP 	image_reg: autoDraw = False
1047.3678 	EXP 	image_reg: autoDraw = False
1047.3678 	EXP 	text_fixcross: autoDraw = True
1050.4081 	EXP 	text_fixcross: autoDraw = False
1050.4081 	EXP 	text_fixcross: autoDraw = False
1050.4081 	EXP 	image_reg: image = 'Stimuli/219.jpg'
1050.4081 	EXP 	image_reg: autoDraw = True
1056.4036 	EXP 	New trial (rep=0, index=11): {'ImageFile': 'Stimuli/9340.jpg'}
1056.4179 	EXP 	image_reg: autoDraw = False
1056.4179 	EXP 	image_reg: autoDraw = False
1056.4179 	EXP 	text_fixcross: autoDraw = True
1059.9671 	EXP 	text_fixcross: autoDraw = False
1059.9671 	EXP 	text_fixcross: autoDraw = False
1059.9671 	EXP 	image_reg: image = 'Stimuli/9340.jpg'
1059.9671 	EXP 	image_reg: autoDraw = True
1065.9536 	EXP 	New trial (rep=0, index=12): {'ImageFile': 'Stimuli/6410.jpg'}
1065.9678 	EXP 	image_reg: autoDraw = False
1065.9678 	EXP 	image_reg: autoDraw = False
1065.9678 	EXP 	text_fixcross: autoDraw = True
1069.6112 	EXP 	text_fixcross: autoDraw = False
1069.6112 	EXP 	text_fixcross: autoDraw = False
1069.6112 	EXP 	image_reg: image = 'Stimuli/6410.jpg'
1069.6112 	EXP 	image_reg: autoDraw = True
1075.6034 	EXP 	New trial (rep=0, index=13): {'ImageFile': 'Stimuli/9800.jpg'}
1075.6174 	EXP 	image_reg: autoDraw = False
1075.6174 	EXP 	image_reg: autoDraw = False
1075.6174 	EXP 	text_fixcross: autoDraw = True
1079.6690 	EXP 	text_fixcross: autoDraw = False
1079.6690 	EXP 	text_fixcross: autoDraw = False
1079.6690 	EXP 	image_reg: image = 'Stimuli/9800.jpg'
1079.6690 	EXP 	image_reg: autoDraw = True
1085.6702 	EXP 	New trial (rep=0, index=14): {'ImageFile': 'Stimuli/226.jpg'}
1085.6846 	EXP 	image_reg: autoDraw = False
1085.6846 	EXP 	image_reg: autoDraw = False
1085.6846 	EXP 	text_fixcross: autoDraw = True
1089.7333 	EXP 	text_fixcross: autoDraw = False
1089.7333 	EXP 	text_fixcross: autoDraw = False
1089.7333 	EXP 	image_reg: image = 'Stimuli/226.jpg'
1089.7333 	EXP 	image_reg: autoDraw = True
1095.7203 	EXP 	New trial (rep=0, index=15): {'ImageFile': 'Stimuli/326.jpg'}
1095.7346 	EXP 	image_reg: autoDraw = False
1095.7346 	EXP 	image_reg: autoDraw = False
1095.7346 	EXP 	text_fixcross: autoDraw = True
1099.9832 	EXP 	text_fixcross: autoDraw = False
1099.9832 	EXP 	text_fixcross: autoDraw = False
1099.9832 	EXP 	image_reg: image = 'Stimuli/326.jpg'
1099.9832 	EXP 	image_reg: autoDraw = True
1105.9702 	EXP 	New trial (rep=0, index=16): {'ImageFile': 'Stimuli/253.jpg'}
1105.9844 	EXP 	image_reg: autoDraw = False
1105.9844 	EXP 	image_reg: autoDraw = False
1105.9844 	EXP 	text_fixcross: autoDraw = True
1109.5253 	EXP 	text_fixcross: autoDraw = False
1109.5253 	EXP 	text_fixcross: autoDraw = False
1109.5253 	EXP 	image_reg: image = 'Stimuli/253.jpg'
1109.5253 	EXP 	image_reg: autoDraw = True
1115.5200 	EXP 	New trial (rep=0, index=17): {'ImageFile': 'Stimuli/6825.jpg'}
1115.5343 	EXP 	image_reg: autoDraw = False
1115.5343 	EXP 	image_reg: autoDraw = False
1115.5343 	EXP 	text_fixcross: autoDraw = True
1120.2925 	EXP 	text_fixcross: autoDraw = False
1120.2925 	EXP 	text_fixcross: autoDraw = False
1120.2925 	EXP 	image_reg: image = 'Stimuli/6825.jpg'
1120.2925 	EXP 	image_reg: autoDraw = True
1126.2868 	EXP 	New trial (rep=0, index=18): {'ImageFile': 'Stimuli/8230.jpg'}
1126.3010 	EXP 	image_reg: autoDraw = False
1126.3010 	EXP 	image_reg: autoDraw = False
1126.3010 	EXP 	text_fixcross: autoDraw = True
1130.9476 	EXP 	text_fixcross: autoDraw = False
1130.9476 	EXP 	text_fixcross: autoDraw = False
1130.9476 	EXP 	image_reg: image = 'Stimuli/8230.jpg'
1130.9476 	EXP 	image_reg: autoDraw = True
1136.9368 	EXP 	New trial (rep=0, index=19): {'ImageFile': 'Stimuli/9041.jpg'}
1136.9511 	EXP 	image_reg: autoDraw = False
1136.9511 	EXP 	image_reg: autoDraw = False
1136.9511 	EXP 	text_fixcross: autoDraw = True
1141.3986 	EXP 	text_fixcross: autoDraw = False
1141.3986 	EXP 	text_fixcross: autoDraw = False
1141.3986 	EXP 	image_reg: image = 'Stimuli/9041.jpg'
1141.3986 	EXP 	image_reg: autoDraw = True
1147.4204 	EXP 	image_reg: autoDraw = False
1147.4204 	EXP 	image_reg: autoDraw = False
1147.4204 	EXP 	slider_arousal: markerPos = None
1147.4204 	EXP 	slider_arousal: markerPos = None
1147.4204 	EXP 	slider_arousal: rating = None
1147.4204 	EXP 	text_slider_arousal: autoDraw = True
1147.4204 	EXP 	slider_arousal: autoDraw = True
1150.4054 	DATA 	Mouse: Left button down, pos=(823,325)
1150.4326 	EXP 	slider_arousal: markerPos = 149.25925925925924
1150.4491 	EXP 	slider_arousal: markerPos = 149.25925925925924
1150.4659 	EXP 	slider_arousal: markerPos = 149.25925925925924
1150.4826 	EXP 	slider_arousal: markerPos = 149.25925925925924
1150.4992 	EXP 	slider_arousal: markerPos = 149.25925925925924
1150.5160 	EXP 	slider_arousal: markerPos = 149.25925925925924
1150.5250 	DATA 	Mouse:  Left button up, pos=(823,325)
1150.5331 	EXP 	slider_arousal: markerPos = 149.25925925925924
1150.5508 	EXP 	slider_arousal: markerPos = 149.25925925925924
1150.5508 	EXP 	slider_arousal: rating = 149.25925925925924
1150.5717 	EXP 	text_slider_arousal: autoDraw = False
1150.5717 	EXP 	slider_arousal: autoDraw = False
1150.5717 	EXP 	slider_effort: markerPos = None
1150.5717 	EXP 	slider_effort: markerPos = None
1150.5717 	EXP 	slider_effort: rating = None
1150.5717 	EXP 	text_slider_effort: autoDraw = True
1150.5717 	EXP 	slider_effort: autoDraw = True
1154.9026 	DATA 	Mouse: Left button down, pos=(851,317)
1154.9171 	EXP 	slider_effort: markerPos = 159.62962962962962
1154.9454 	EXP 	slider_effort: markerPos = 159.25925925925927
1154.9656 	EXP 	slider_effort: markerPos = 158.8888888888889
1154.9845 	EXP 	slider_effort: markerPos = 158.8888888888889
1155.0010 	EXP 	slider_effort: markerPos = 158.8888888888889
1155.0287 	EXP 	slider_effort: markerPos = 158.8888888888889
1155.0322 	DATA 	Mouse:  Left button up, pos=(849,317)
1155.0487 	EXP 	slider_effort: markerPos = 158.8888888888889
1155.0487 	EXP 	slider_effort: rating = 158.8888888888889
1155.0657 	EXP 	text_slider_effort: autoDraw = False
1155.0657 	EXP 	slider_effort: autoDraw = False
1155.0657 	EXP 	text_EDinstruction: autoDraw = True
1172.9383 	EXP 	Imported Moneyvalues.xlsx as conditions, 7 conditions, 1 params
1172.9389 	EXP 	Created sequence: sequential, trialTypes=7, nReps=1, seed=None
1172.9394 	EXP 	New trial (rep=0, index=0): {'Currentstep': 0}
1172.9439 	DATA 	Keypress: space
1172.9479 	EXP 	text_EDinstruction: autoDraw = False
1172.9479 	EXP 	EDbufferscreen: autoDraw = True
1173.3352 	EXP 	EDbufferscreen: autoDraw = False
1173.3352 	EXP 	question: autoDraw = True
1179.3991 	DATA 	Mouse: Left button down, pos=(1129,252)
1179.4022 	EXP 	New trial (rep=0, index=1): {'Currentstep': 1}
1179.4256 	EXP 	question: autoDraw = False
1179.4256 	EXP 	EDbufferscreen: autoDraw = False
1179.4256 	EXP 	question: autoDraw = True
1179.5156 	DATA 	Mouse:  Left button up, pos=(1129,252)
1181.2069 	DATA 	Mouse: Left button down, pos=(775,229)
1181.2191 	EXP 	New trial (rep=0, index=2): {'Currentstep': 2}
1181.2381 	EXP 	question: autoDraw = False
1181.2381 	EXP 	EDbufferscreen: autoDraw = False
1181.2381 	EXP 	question: autoDraw = True
1181.3327 	DATA 	Mouse:  Left button up, pos=(775,229)
1184.0718 	DATA 	Mouse: Left button down, pos=(775,232)
1184.0850 	EXP 	New trial (rep=0, index=3): {'Currentstep': 3}
1184.1026 	EXP 	question: autoDraw = False
1184.1026 	EXP 	EDbufferscreen: autoDraw = False
1184.1026 	EXP 	question: autoDraw = True
1184.1491 	DATA 	Mouse:  Left button up, pos=(775,232)
1188.0721 	DATA 	Mouse: Left button down, pos=(799,227)
1188.0850 	EXP 	New trial (rep=0, index=4): {'Currentstep': 4}
1188.1025 	EXP 	question: autoDraw = False
1188.1025 	EXP 	EDbufferscreen: autoDraw = False
1188.1025 	EXP 	question: autoDraw = True
1188.1658 	DATA 	Mouse:  Left button up, pos=(799,227)
1191.9658 	DATA 	Mouse: Left button down, pos=(1073,243)
1191.9690 	EXP 	New trial (rep=0, index=5): {'Currentstep': 5}
1191.9954 	EXP 	question: autoDraw = False
1191.9954 	EXP 	EDbufferscreen: autoDraw = False
1191.9954 	EXP 	question: autoDraw = True
1192.0721 	DATA 	Mouse:  Left button up, pos=(1073,243)
1194.1489 	DATA 	Mouse: Left button down, pos=(1126,280)
1194.1520 	EXP 	New trial (rep=0, index=6): {'Currentstep': 6}
1194.1678 	EXP 	question: autoDraw = False
1194.1678 	EXP 	EDbufferscreen: autoDraw = False
1194.1678 	EXP 	question: autoDraw = True
1194.2323 	DATA 	Mouse:  Left button up, pos=(1124,279)
1196.7822 	DATA 	Mouse: Left button down, pos=(820,261)
1196.7898 	EXP 	Imported Moneyvalues.xlsx as conditions, 7 conditions, 1 params
1196.7901 	EXP 	Created sequence: sequential, trialTypes=7, nReps=1, seed=None
1196.7903 	EXP 	New trial (rep=0, index=0): {'Currentstep': 0}
1196.8013 	EXP 	question: autoDraw = False
1196.8013 	EXP 	EDbufferscreen: autoDraw = False
1196.8013 	EXP 	EDbufferscreen: autoDraw = True
1196.8711 	DATA 	Mouse:  Left button up, pos=(820,261)
1197.1376 	EXP 	EDbufferscreen: autoDraw = False
1197.1376 	EXP 	question: autoDraw = True
1202.1491 	DATA 	Mouse: Left button down, pos=(1109,281)
1202.1531 	EXP 	New trial (rep=0, index=1): {'Currentstep': 1}
1202.1680 	EXP 	question: autoDraw = False
1202.1680 	EXP 	EDbufferscreen: autoDraw = False
1202.1680 	EXP 	question: autoDraw = True
1202.2658 	DATA 	Mouse:  Left button up, pos=(1109,281)
1204.0158 	DATA 	Mouse: Left button down, pos=(853,245)
1204.0185 	EXP 	New trial (rep=0, index=2): {'Currentstep': 2}
1204.0346 	EXP 	question: autoDraw = False
1204.0346 	EXP 	EDbufferscreen: autoDraw = False
1204.0346 	EXP 	question: autoDraw = True
1204.1221 	DATA 	Mouse:  Left button up, pos=(853,245)
1208.0057 	DATA 	Mouse: Left button down, pos=(1179,242)
1208.0184 	EXP 	New trial (rep=0, index=3): {'Currentstep': 3}
1208.0344 	EXP 	question: autoDraw = False
1208.0344 	EXP 	EDbufferscreen: autoDraw = False
1208.0344 	EXP 	question: autoDraw = True
1208.1489 	DATA 	Mouse:  Left button up, pos=(1179,242)
1210.0491 	DATA 	Mouse: Left button down, pos=(837,215)
1210.0518 	EXP 	New trial (rep=0, index=4): {'Currentstep': 4}
1210.0721 	EXP 	question: autoDraw = False
1210.0721 	EXP 	EDbufferscreen: autoDraw = False
1210.0721 	EXP 	question: autoDraw = True
1210.1659 	DATA 	Mouse:  Left button up, pos=(837,215)
1214.7387 	DATA 	Mouse: Left button down, pos=(872,244)
1214.7518 	EXP 	New trial (rep=0, index=5): {'Currentstep': 5}
1214.7706 	EXP 	question: autoDraw = False
1214.7706 	EXP 	EDbufferscreen: autoDraw = False
1214.7706 	EXP 	question: autoDraw = True
1214.8554 	DATA 	Mouse:  Left button up, pos=(872,244)
1218.3492 	DATA 	Mouse: Left button down, pos=(1078,280)
1218.3530 	EXP 	New trial (rep=0, index=6): {'Currentstep': 6}
1218.3678 	EXP 	question: autoDraw = False
1218.3678 	EXP 	EDbufferscreen: autoDraw = False
1218.3678 	EXP 	question: autoDraw = True
1218.4489 	DATA 	Mouse:  Left button up, pos=(1078,280)
1219.6220 	DATA 	Mouse: Left button down, pos=(1090,278)
1219.6398 	EXP 	Imported Moneyvalues.xlsx as conditions, 7 conditions, 1 params
1219.6401 	EXP 	Created sequence: sequential, trialTypes=7, nReps=1, seed=None
1219.6403 	EXP 	New trial (rep=0, index=0): {'Currentstep': 0}
1219.6508 	EXP 	question: autoDraw = False
1219.6508 	EXP 	EDbufferscreen: autoDraw = False
1219.6508 	EXP 	EDbufferscreen: autoDraw = True
1219.7544 	DATA 	Mouse:  Left button up, pos=(1090,278)
1219.9798 	EXP 	EDbufferscreen: autoDraw = False
1219.9798 	EXP 	question: autoDraw = True
1222.8388 	DATA 	Mouse: Left button down, pos=(1077,279)
1222.8520 	EXP 	New trial (rep=0, index=1): {'Currentstep': 1}
1222.8677 	EXP 	question: autoDraw = False
1222.8677 	EXP 	EDbufferscreen: autoDraw = False
1222.8677 	EXP 	question: autoDraw = True
1222.9489 	DATA 	Mouse:  Left button up, pos=(1077,279)
1224.4222 	DATA 	Mouse: Left button down, pos=(849,231)
1224.4351 	EXP 	New trial (rep=0, index=2): {'Currentstep': 2}
1224.4510 	EXP 	question: autoDraw = False
1224.4510 	EXP 	EDbufferscreen: autoDraw = False
1224.4510 	EXP 	question: autoDraw = True
1224.5053 	DATA 	Mouse:  Left button up, pos=(849,231)
1231.4554 	DATA 	Mouse: Left button down, pos=(859,243)
1231.4685 	EXP 	New trial (rep=0, index=3): {'Currentstep': 3}
1231.4845 	EXP 	question: autoDraw = False
1231.4845 	EXP 	EDbufferscreen: autoDraw = False
1231.4845 	EXP 	question: autoDraw = True
1231.5822 	DATA 	Mouse:  Left button up, pos=(859,243)
1232.5990 	DATA 	Mouse: Left button down, pos=(1064,264)
1232.6018 	EXP 	New trial (rep=0, index=4): {'Currentstep': 4}
1232.6223 	EXP 	question: autoDraw = False
1232.6223 	EXP 	EDbufferscreen: autoDraw = False
1232.6223 	EXP 	question: autoDraw = True
1232.6892 	DATA 	Mouse:  Left button up, pos=(1064,264)
1233.6489 	DATA 	Mouse: Left button down, pos=(1064,264)
1233.6517 	EXP 	New trial (rep=0, index=5): {'Currentstep': 5}
1233.6678 	EXP 	question: autoDraw = False
1233.6678 	EXP 	EDbufferscreen: autoDraw = False
1233.6678 	EXP 	question: autoDraw = True
1233.7491 	DATA 	Mouse:  Left button up, pos=(1064,264)
1234.5156 	DATA 	Mouse: Left button down, pos=(871,253)
1234.5184 	EXP 	New trial (rep=0, index=6): {'Currentstep': 6}
1234.5363 	EXP 	question: autoDraw = False
1234.5363 	EXP 	EDbufferscreen: autoDraw = False
1234.5363 	EXP 	question: autoDraw = True
1234.6390 	DATA 	Mouse:  Left button up, pos=(871,253)
1235.4384 	DATA 	Mouse: Left button down, pos=(1057,266)
1235.4656 	EXP 	question: autoDraw = False
1235.4656 	EXP 	EDbufferscreen: autoDraw = False
1235.4656 	EXP 	text_choice: autoDraw = True
1235.5522 	DATA 	Mouse:  Left button up, pos=(1057,266)
1251.8888 	DATA 	Keypress: 3
1251.9237 	EXP 	text_choice: autoDraw = False
1251.9237 	EXP 	text_instr_choice: text = 'UNTERDRÜCKEN\n\nIn diesem Block werden Sie eine Reihe von Bildern sehen. Diese sollen Sie aufmerksam ansehen.\nUnterdrücken Sie alle aufkommenden Emotionen. Wenn Sie also die Bilder ansehen, verhalten Sie sich so, dass eine außenstehende Person nicht sehen kann, welche Emotionen Sie gerade empfinden.\n\nBitte konzentrieren Sie Ihre Regulationsbemühungen nur auf das Bild, nicht aber auf die Zeiträume zwischen den Bildern.\n\nZum Starten des Blocks Leertaste dürcken'
1251.9237 	EXP 	text_instr_choice: autoDraw = True
1257.7779 	DATA 	Keypress: space
1257.8171 	EXP 	Imported StimuliNegative_4.xlsx as conditions, 20 conditions, 1 params
1257.8176 	EXP 	Created sequence: random, trialTypes=20, nReps=1, seed=None
1257.8179 	EXP 	New trial (rep=0, index=0): {'ImageFile': 'Stimuli/9254.jpg'}
1257.8244 	EXP 	text_instr_choice: autoDraw = False
1257.8244 	EXP 	text_fixcross: autoDraw = True
1261.9801 	EXP 	text_fixcross: autoDraw = False
1261.9801 	EXP 	text_fixcross: autoDraw = False
1261.9801 	EXP 	image: image = 'Stimuli/9254.jpg'
1261.9801 	EXP 	image: autoDraw = True
1267.9710 	EXP 	New trial (rep=0, index=1): {'ImageFile': 'Stimuli/9599.jpg'}
1267.9846 	EXP 	image: autoDraw = False
1267.9846 	EXP 	image: autoDraw = False
1267.9846 	EXP 	text_fixcross: autoDraw = True
1271.6345 	EXP 	text_fixcross: autoDraw = False
1271.6345 	EXP 	text_fixcross: autoDraw = False
1271.6345 	EXP 	image: image = 'Stimuli/9599.jpg'
1271.6345 	EXP 	image: autoDraw = True
1277.6368 	EXP 	New trial (rep=0, index=2): {'ImageFile': 'Stimuli/2800.jpg'}
1277.6511 	EXP 	image: autoDraw = False
1277.6511 	EXP 	image: autoDraw = False
1277.6511 	EXP 	text_fixcross: autoDraw = True
1280.7973 	EXP 	text_fixcross: autoDraw = False
1280.7973 	EXP 	text_fixcross: autoDraw = False
1280.7973 	EXP 	image: image = 'Stimuli/2800.jpg'
1280.7973 	EXP 	image: autoDraw = True
1286.7866 	EXP 	New trial (rep=0, index=3): {'ImageFile': 'Stimuli/9181.jpg'}
1286.8009 	EXP 	image: autoDraw = False
1286.8009 	EXP 	image: autoDraw = False
1286.8009 	EXP 	text_fixcross: autoDraw = True
1291.5532 	EXP 	text_fixcross: autoDraw = False
1291.5532 	EXP 	text_fixcross: autoDraw = False
1291.5532 	EXP 	image: image = 'Stimuli/9181.jpg'
1291.5532 	EXP 	image: autoDraw = True
1297.5533 	EXP 	New trial (rep=0, index=4): {'ImageFile': 'Stimuli/3061.jpg'}
1297.5675 	EXP 	image: autoDraw = False
1297.5675 	EXP 	image: autoDraw = False
1297.5675 	EXP 	text_fixcross: autoDraw = True
1300.9123 	EXP 	text_fixcross: autoDraw = False
1300.9123 	EXP 	text_fixcross: autoDraw = False
1300.9123 	EXP 	image: image = 'Stimuli/3061.jpg'
1300.9123 	EXP 	image: autoDraw = True
1306.9012 	EXP 	New trial (rep=0, index=5): {'ImageFile': 'Stimuli/9411.jpg'}
1306.9163 	EXP 	image: autoDraw = False
1306.9163 	EXP 	image: autoDraw = False
1306.9163 	EXP 	text_fixcross: autoDraw = True
1310.6516 	EXP 	text_fixcross: autoDraw = False
1310.6516 	EXP 	text_fixcross: autoDraw = False
1310.6516 	EXP 	image: image = 'Stimuli/9411.jpg'
1310.6516 	EXP 	image: autoDraw = True
1316.6533 	EXP 	New trial (rep=0, index=6): {'ImageFile': 'Stimuli/227.jpg'}
1316.6674 	EXP 	image: autoDraw = False
1316.6674 	EXP 	image: autoDraw = False
1316.6674 	EXP 	text_fixcross: autoDraw = True
1320.4241 	EXP 	text_fixcross: autoDraw = False
1320.4241 	EXP 	text_fixcross: autoDraw = False
1320.4241 	EXP 	image: image = 'Stimuli/227.jpg'
1320.4241 	EXP 	image: autoDraw = True
1326.4201 	EXP 	New trial (rep=0, index=7): {'ImageFile': 'Stimuli/6561.jpg'}
1326.4345 	EXP 	image: autoDraw = False
1326.4345 	EXP 	image: autoDraw = False
1326.4345 	EXP 	text_fixcross: autoDraw = True
1329.8825 	EXP 	text_fixcross: autoDraw = False
1329.8825 	EXP 	text_fixcross: autoDraw = False
1329.8825 	EXP 	image: image = 'Stimuli/6561.jpg'
1329.8825 	EXP 	image: autoDraw = True
1335.8699 	EXP 	New trial (rep=0, index=8): {'ImageFile': 'Stimuli/252.jpg'}
1335.8839 	EXP 	image: autoDraw = False
1335.8839 	EXP 	image: autoDraw = False
1335.8839 	EXP 	text_fixcross: autoDraw = True
1339.5084 	EXP 	text_fixcross: autoDraw = False
1339.5084 	EXP 	text_fixcross: autoDraw = False
1339.5084 	EXP 	image: image = 'Stimuli/252.jpg'
1339.5084 	EXP 	image: autoDraw = True
1345.5034 	EXP 	New trial (rep=0, index=9): {'ImageFile': 'Stimuli/9295.jpg'}
1345.5176 	EXP 	image: autoDraw = False
1345.5176 	EXP 	image: autoDraw = False
1345.5176 	EXP 	text_fixcross: autoDraw = True
1349.8811 	EXP 	text_fixcross: autoDraw = False
1349.8811 	EXP 	text_fixcross: autoDraw = False
1349.8811 	EXP 	image: image = 'Stimuli/9295.jpg'
1349.8811 	EXP 	image: autoDraw = True
1355.8699 	EXP 	New trial (rep=0, index=10): {'ImageFile': 'Stimuli/9420.jpg'}
1355.8843 	EXP 	image: autoDraw = False
1355.8843 	EXP 	image: autoDraw = False
1355.8843 	EXP 	text_fixcross: autoDraw = True
1360.5305 	EXP 	text_fixcross: autoDraw = False
1360.5305 	EXP 	text_fixcross: autoDraw = False
1360.5305 	EXP 	image: image = 'Stimuli/9420.jpg'
1360.5305 	EXP 	image: autoDraw = True
1366.5200 	EXP 	New trial (rep=0, index=11): {'ImageFile': 'Stimuli/9905.jpg'}
1366.5342 	EXP 	image: autoDraw = False
1366.5342 	EXP 	image: autoDraw = False
1366.5342 	EXP 	text_fixcross: autoDraw = True
1369.9853 	EXP 	text_fixcross: autoDraw = False
1369.9853 	EXP 	text_fixcross: autoDraw = False
1369.9853 	EXP 	image: image = 'Stimuli/9905.jpg'
1369.9853 	EXP 	image: autoDraw = True
1375.9867 	EXP 	New trial (rep=0, index=12): {'ImageFile': 'Stimuli/9185.jpg'}
1376.0007 	EXP 	image: autoDraw = False
1376.0007 	EXP 	image: autoDraw = False
1376.0007 	EXP 	text_fixcross: autoDraw = True
1379.5552 	EXP 	text_fixcross: autoDraw = False
1379.5552 	EXP 	text_fixcross: autoDraw = False
1379.5552 	EXP 	image: image = 'Stimuli/9185.jpg'
1379.5552 	EXP 	image: autoDraw = True
1385.5535 	EXP 	New trial (rep=0, index=13): {'ImageFile': 'Stimuli/6838.jpg'}
1385.5676 	EXP 	image: autoDraw = False
1385.5676 	EXP 	image: autoDraw = False
1385.5676 	EXP 	text_fixcross: autoDraw = True
1390.3195 	EXP 	text_fixcross: autoDraw = False
1390.3195 	EXP 	text_fixcross: autoDraw = False
1390.3195 	EXP 	image: image = 'Stimuli/6838.jpg'
1390.3195 	EXP 	image: autoDraw = True
1396.3198 	EXP 	New trial (rep=0, index=14): {'ImageFile': 'Stimuli/1051.jpg'}
1396.3342 	EXP 	image: autoDraw = False
1396.3342 	EXP 	image: autoDraw = False
1396.3342 	EXP 	text_fixcross: autoDraw = True
1399.5770 	EXP 	text_fixcross: autoDraw = False
1399.5770 	EXP 	text_fixcross: autoDraw = False
1399.5770 	EXP 	image: image = 'Stimuli/1051.jpg'
1399.5770 	EXP 	image: autoDraw = True
1405.5699 	EXP 	New trial (rep=0, index=15): {'ImageFile': 'Stimuli/9230.jpg'}
1405.5840 	EXP 	image: autoDraw = False
1405.5840 	EXP 	image: autoDraw = False
1405.5840 	EXP 	text_fixcross: autoDraw = True
1409.7295 	EXP 	text_fixcross: autoDraw = False
1409.7295 	EXP 	text_fixcross: autoDraw = False
1409.7295 	EXP 	image: image = 'Stimuli/9230.jpg'
1409.7295 	EXP 	image: autoDraw = True
1415.7197 	EXP 	New trial (rep=0, index=16): {'ImageFile': 'Stimuli/9421.jpg'}
1415.7338 	EXP 	image: autoDraw = False
1415.7338 	EXP 	image: autoDraw = False
1415.7338 	EXP 	text_fixcross: autoDraw = True
1419.8685 	EXP 	text_fixcross: autoDraw = False
1419.8685 	EXP 	text_fixcross: autoDraw = False
1419.8685 	EXP 	image: image = 'Stimuli/9421.jpg'
1419.8685 	EXP 	image: autoDraw = True
1425.8701 	EXP 	New trial (rep=0, index=17): {'ImageFile': 'Stimuli/9332.jpg'}
1425.8844 	EXP 	image: autoDraw = False
1425.8844 	EXP 	image: autoDraw = False
1425.8844 	EXP 	text_fixcross: autoDraw = True
1430.6404 	EXP 	text_fixcross: autoDraw = False
1430.6404 	EXP 	text_fixcross: autoDraw = False
1430.6404 	EXP 	image: image = 'Stimuli/9332.jpg'
1430.6404 	EXP 	image: autoDraw = True
1436.6368 	EXP 	New trial (rep=0, index=18): {'ImageFile': 'Stimuli/3230.jpg'}
1436.6510 	EXP 	image: autoDraw = False
1436.6510 	EXP 	image: autoDraw = False
1436.6510 	EXP 	text_fixcross: autoDraw = True
1441.5028 	EXP 	text_fixcross: autoDraw = False
1441.5028 	EXP 	text_fixcross: autoDraw = False
1441.5028 	EXP 	image: image = 'Stimuli/3230.jpg'
1441.5028 	EXP 	image: autoDraw = True
1447.5033 	EXP 	New trial (rep=0, index=19): {'ImageFile': 'Stimuli/9120.jpg'}
1447.5178 	EXP 	image: autoDraw = False
1447.5178 	EXP 	image: autoDraw = False
1447.5178 	EXP 	text_fixcross: autoDraw = True
1452.2684 	EXP 	text_fixcross: autoDraw = False
1452.2684 	EXP 	text_fixcross: autoDraw = False
1452.2684 	EXP 	image: image = 'Stimuli/9120.jpg'
1452.2684 	EXP 	image: autoDraw = True
1458.2888 	EXP 	image: autoDraw = False
1458.2888 	EXP 	image: autoDraw = False
1458.2888 	EXP 	slider_arousal: markerPos = None
1458.2888 	EXP 	slider_arousal: markerPos = None
1458.2888 	EXP 	slider_arousal: rating = None
1458.2888 	EXP 	text_slider_arousal: autoDraw = True
1458.2888 	EXP 	slider_arousal: autoDraw = True
1461.6688 	DATA 	Mouse: Left button down, pos=(837,311)
1461.6830 	EXP 	slider_arousal: markerPos = 154.44444444444446
1461.7003 	EXP 	slider_arousal: markerPos = 154.44444444444446
1461.7174 	EXP 	slider_arousal: markerPos = 154.44444444444446
1461.7451 	EXP 	slider_arousal: markerPos = 154.44444444444446
1461.7653 	EXP 	slider_arousal: markerPos = 154.44444444444446
1461.7824 	EXP 	slider_arousal: markerPos = 154.44444444444446
1461.7918 	DATA 	Mouse:  Left button up, pos=(837,311)
1461.7997 	EXP 	slider_arousal: markerPos = 154.44444444444446
1461.8176 	EXP 	slider_arousal: markerPos = 154.44444444444446
1461.8176 	EXP 	slider_arousal: rating = 154.44444444444446
1461.8384 	EXP 	text_slider_arousal: autoDraw = False
1461.8384 	EXP 	slider_arousal: autoDraw = False
1461.8384 	EXP 	slider_effort: markerPos = None
1461.8384 	EXP 	slider_effort: markerPos = None
1461.8384 	EXP 	slider_effort: rating = None
1461.8384 	EXP 	text_slider_effort: autoDraw = True
1461.8384 	EXP 	slider_effort: autoDraw = True
1463.5029 	DATA 	Mouse: Left button down, pos=(699,313)
1463.5174 	EXP 	slider_effort: markerPos = 103.33333333333331
1463.5344 	EXP 	slider_effort: markerPos = 103.33333333333331
1463.5617 	EXP 	slider_effort: markerPos = 103.33333333333331
1463.5818 	EXP 	slider_effort: markerPos = 103.33333333333331
1463.5988 	EXP 	slider_effort: markerPos = 103.33333333333331
1463.6155 	EXP 	slider_effort: markerPos = 103.33333333333331
1463.6322 	EXP 	slider_effort: markerPos = 103.33333333333331
1463.6354 	DATA 	Mouse:  Left button up, pos=(699,313)
1463.6497 	EXP 	slider_effort: markerPos = 103.33333333333331
1463.6497 	EXP 	slider_effort: rating = 103.33333333333331
1463.6657 	EXP 	text_slider_effort: autoDraw = False
1463.6657 	EXP 	slider_effort: autoDraw = False
1463.6657 	EXP 	text_end: autoDraw = True
1529.7913 	DATA 	Keypress: space
1529.8176 	EXP 	text_end: autoDraw = False
1529.8918 	EXP 	window1: mouseVisible = True
