1.6208 	WARNING 	We strongly recommend you activate the PTB sound engine in PsychoPy prefs as the preferred audio engine. Its timing is vastly superior. Your prefs are currently set to use ['sounddevice', 'PTB', 'pyo', 'pygame'] (in that order).
9.6966 	WARNING 	Requested an unavailable screen number - using first available.
11.1769 	EXP 	Created window1 = Window(allowGUI=False, allowStencil=False, autoLog=True, backendConf=UNKNOWN, bitsMode=UNKNOWN, blendMode='avg', bpc=(8, 8, 8), color=array([0, 0, 0]), colorSpace='rgb', depthBits=8, fullscr=<method-wrapper '__getattribute__' of attributeSetter object at 0x0000020FF6EB7978>, gamma=None, gammaErrorPolicy='raise', lms=UNKNOWN, monitor=<psychopy.monitors.calibTools.Monitor object at 0x0000020FF6DE16A0>, multiSample=False, name='window1', numSamples=2, pos=[0.0, 0.0], screen=1, size=array([1920, 1080]), stencilBits=0, stereo=False, units='height', useFBO=True, useRetina=False, viewOri=0.0, viewPos=None, viewScale=None, waitBlanking=True, winType='pyglet')
11.1778 	EXP 	window1: mouseVisible = True
11.1779 	EXP 	window1: recordFrameIntervals = False
11.3422 	EXP 	window1: recordFrameIntervals = True
11.5261 	EXP 	window1: recordFrameIntervals = False
12.0484 	EXP 	Created WelcomeText = TextStim(__class__=<class 'psychopy.visual.text.TextStim'>, alignHoriz=method-wrapper(...), alignText='center', alignVert=method-wrapper(...), anchorHoriz='center', anchorVert='center', antialias=True, autoLog=True, bold=False, color=array([-1., -1., -1.]), colorSpace='rgb', contrast=1.0, depth=0.0, flipHoriz=False, flipVert=False, font='Open Sans', fontFiles=[], height=0.03, italic=False, languageStyle='LTR', name='WelcomeText', opacity=1, ori=0.0, pos=array([0., 0.]), rgb=UNKNOWN, text=str(...), units='height', win=Window(...), wrapWidth=1)
12.0759 	EXP 	Created text_ActiveViewing = TextStim(__class__=<class 'psychopy.visual.text.TextStim'>, alignHoriz=method-wrapper(...), alignText='center', alignVert=method-wrapper(...), anchorHoriz='center', anchorVert='center', antialias=True, autoLog=True, bold=False, color=array([-1., -1., -1.]), colorSpace='rgb', contrast=1.0, depth=0.0, flipHoriz=False, flipVert=False, font='Open Sans', fontFiles=[], height=0.04, italic=False, languageStyle='LTR', name='text_ActiveViewing', opacity=1, ori=0.0, pos=array([0., 0.]), rgb=UNKNOWN, text=str(...), units='height', win=Window(...), wrapWidth=1)
12.0825 	EXP 	Created image_view = ImageStim(__class__=<class 'psychopy.visual.image.ImageStim'>, autoLog=True, color=array([1., 1., 1.]), colorSpace='rgb', contrast=1.0, depth=0.0, flipHoriz=False, flipVert=False, image='sin', interpolate=True, mask=None, maskParams=None, name='image_view', opacity=1, ori=0.0, pos=array([0., 0.]), size=array([1.  , 0.75]), texRes=128.0, units='height', win=Window(...))
12.0897 	EXP 	Created text_fixcross = TextStim(__class__=<class 'psychopy.visual.text.TextStim'>, alignHoriz=method-wrapper(...), alignText='center', alignVert=method-wrapper(...), anchorHoriz='center', anchorVert='center', antialias=True, autoLog=True, bold=False, color=array([-1., -1., -1.]), colorSpace='rgb', contrast=1.0, depth=0.0, flipHoriz=False, flipVert=False, font='Open Sans', fontFiles=[], height=0.1, italic=False, languageStyle='LTR', name='text_fixcross', opacity=1, ori=0.0, pos=array([0., 0.]), rgb=UNKNOWN, text='+', units='height', win=Window(...), wrapWidth=1)
12.0910 	EXP 	Created text_Instruction = TextStim(__class__=<class 'psychopy.visual.text.TextStim'>, alignHoriz=method-wrapper(...), alignText='center', alignVert=method-wrapper(...), anchorHoriz='center', anchorVert='center', antialias=True, autoLog=True, bold=False, color=array([-1., -1., -1.]), colorSpace='rgb', contrast=1.0, depth=0.0, flipHoriz=False, flipVert=False, font='Open Sans', fontFiles=[], height=0.04, italic=False, languageStyle='LTR', name='text_Instruction', opacity=1, ori=0.0, pos=array([0., 0.]), rgb=UNKNOWN, text='', units='height', win=Window(...), wrapWidth=1)
12.0953 	EXP 	Created image_reg = ImageStim(__class__=<class 'psychopy.visual.image.ImageStim'>, autoLog=True, color=array([1., 1., 1.]), colorSpace='rgb', contrast=1.0, depth=0.0, flipHoriz=False, flipVert=False, image='sin', interpolate=True, mask=None, maskParams=None, name='image_reg', opacity=1, ori=0.0, pos=array([0., 0.]), size=array([1.  , 0.75]), texRes=128.0, units='height', win=Window(...))
12.1174 	EXP 	Created text_slider_arousal = TextStim(__class__=<class 'psychopy.visual.text.TextStim'>, alignHoriz=method-wrapper(...), alignText='center', alignVert=method-wrapper(...), anchorHoriz='center', anchorVert='center', antialias=True, autoLog=True, bold=False, color=array([-1., -1., -1.]), colorSpace='rgb', contrast=1.0, depth=0.0, flipHoriz=False, flipVert=False, font='Open Sans', fontFiles=[], height=0.05, italic=False, languageStyle='LTR', name='text_slider_arousal', opacity=1, ori=0.0, pos=array([0., 0.]), rgb=UNKNOWN, text=str(...), units='height', win=Window(...), wrapWidth=1)
12.1260 	EXP 	window1: mouseVisible = True
12.1408 	EXP 	Created slider_arousal = Slider(__class__=<class 'psychopy.visual.slider.Slider'>, autoDraw=False, autoLog=True, borderColor=None, color=None, colorSpace='rgb', depth=-1, fillColor=None, flip=False, font='Open Sans', granularity=0.0, labelHeight=0.05, labelWrapWidth=None, labels=('sehr gering', 'sehr hoch'), name='slider_arousal', opacity=None, pos=(0, -0.2), readOnly=False, self=UNKNOWN, size=[1.0, 0.1], startValue=None, style=method-wrapper(...), styleTweaks=method-wrapper(...), ticks=array([  0, 400]), units='height', win=Window(...))
12.1540 	EXP 	Created text_slider_effort = TextStim(__class__=<class 'psychopy.visual.text.TextStim'>, alignHoriz=method-wrapper(...), alignText='center', alignVert=method-wrapper(...), anchorHoriz='center', anchorVert='center', antialias=True, autoLog=True, bold=False, color=array([-1., -1., -1.]), colorSpace='rgb', contrast=1.0, depth=0.0, flipHoriz=False, flipVert=False, font='Open Sans', fontFiles=[], height=0.05, italic=False, languageStyle='LTR', name='text_slider_effort', opacity=1, ori=0.0, pos=array([0., 0.]), rgb=UNKNOWN, text=str(...), units='height', win=Window(...), wrapWidth=1)
12.1603 	EXP 	window1: mouseVisible = True
12.1730 	EXP 	Created slider_effort = Slider(__class__=<class 'psychopy.visual.slider.Slider'>, autoDraw=False, autoLog=True, borderColor=None, color=None, colorSpace='rgb', depth=-1, fillColor=None, flip=False, font='Open Sans', granularity=0.0, labelHeight=0.05, labelWrapWidth=None, labels=('sehr gering', 'sehr hoch'), name='slider_effort', opacity=None, pos=(0, -0.2), readOnly=False, self=UNKNOWN, size=(1.0, 0.1), startValue=None, style=method-wrapper(...), styleTweaks=method-wrapper(...), ticks=array([  0, 400]), units='height', win=Window(...))
12.2393 	EXP 	Created text_EDinstruction = TextStim(__class__=<class 'psychopy.visual.text.TextStim'>, alignHoriz=method-wrapper(...), alignText='center', alignVert=method-wrapper(...), anchorHoriz='center', anchorVert='center', antialias=True, autoLog=True, bold=False, color=array([-1., -1., -1.]), colorSpace='rgb', contrast=1.0, depth=0.0, flipHoriz=False, flipVert=False, font='Open Sans', fontFiles=[], height=0.03, italic=False, languageStyle='LTR', name='text_EDinstruction', opacity=1, ori=0.0, pos=array([0., 0.]), rgb=UNKNOWN, text=str(...), units='height', win=Window(...), wrapWidth=1)
12.2494 	EXP 	Created question = TextStim(__class__=<class 'psychopy.visual.text.TextStim'>, alignHoriz=method-wrapper(...), alignText='center', alignVert=method-wrapper(...), anchorHoriz='center', anchorVert='center', antialias=True, autoLog=True, bold=False, color=array([-1., -1., -1.]), colorSpace='rgb', contrast=1.0, depth=0.0, flipHoriz=False, flipVert=False, font='Open Sans', fontFiles=[], height=0.03, italic=False, languageStyle='LTR', name='question', opacity=1, ori=0.0, pos=array([0. , 0.1]), rgb=UNKNOWN, text=str(...), units='height', win=Window(...), wrapWidth=1)
12.2495 	EXP 	window1: mouseVisible = True
12.2606 	EXP 	window1: mouseVisible = True
12.2706 	EXP 	window1: mouseVisible = True
12.2755 	EXP 	Created EDbufferscreen = TextStim(__class__=<class 'psychopy.visual.text.TextStim'>, alignHoriz=method-wrapper(...), alignText='center', alignVert=method-wrapper(...), anchorHoriz='center', anchorVert='center', antialias=True, autoLog=True, bold=False, color=array([-1., -1., -1.]), colorSpace='rgb', contrast=1.0, depth=0.0, flipHoriz=False, flipVert=False, font='Open Sans', fontFiles=[], height=0.03, italic=False, languageStyle='LTR', name='EDbufferscreen', opacity=1, ori=0.0, pos=array([0. , 0.1]), rgb=UNKNOWN, text=str(...), units='height', win=Window(...), wrapWidth=1)
12.3097 	EXP 	Created text_choice = TextStim(__class__=<class 'psychopy.visual.text.TextStim'>, alignHoriz=method-wrapper(...), alignText='center', alignVert=method-wrapper(...), anchorHoriz='center', anchorVert='center', antialias=True, autoLog=True, bold=False, color=array([-1., -1., -1.]), colorSpace='rgb', contrast=1.0, depth=0.0, flipHoriz=False, flipVert=False, font='Open Sans', fontFiles=[], height=0.04, italic=False, languageStyle='LTR', name='text_choice', opacity=1, ori=0.0, pos=array([0., 0.]), rgb=UNKNOWN, text=str(...), units='height', win=Window(...), wrapWidth=1)
12.3110 	EXP 	Created text_instr_choice = TextStim(__class__=<class 'psychopy.visual.text.TextStim'>, alignHoriz=method-wrapper(...), alignText='center', alignVert=method-wrapper(...), anchorHoriz='center', anchorVert='center', antialias=True, autoLog=True, bold=False, color=array([-1., -1., -1.]), colorSpace='rgb', contrast=1.0, depth=-1.0, flipHoriz=False, flipVert=False, font='Open Sans', fontFiles=[], height=0.04, italic=False, languageStyle='LTR', name='text_instr_choice', opacity=1, ori=0.0, pos=array([0., 0.]), rgb=UNKNOWN, text='', units='height', win=Window(...), wrapWidth=1)
12.3153 	EXP 	Created image = ImageStim(__class__=<class 'psychopy.visual.image.ImageStim'>, autoLog=True, color=array([1., 1., 1.]), colorSpace='rgb', contrast=1.0, depth=0.0, flipHoriz=False, flipVert=False, image='sin', interpolate=True, mask=None, maskParams=None, name='image', opacity=1, ori=0.0, pos=array([0., 0.]), size=array([1.  , 0.75]), texRes=128.0, units='height', win=Window(...))
12.3329 	EXP 	Created text_end = TextStim(__class__=<class 'psychopy.visual.text.TextStim'>, alignHoriz=method-wrapper(...), alignText='center', alignVert=method-wrapper(...), anchorHoriz='center', anchorVert='center', antialias=True, autoLog=True, bold=False, color=array([-1., -1., -1.]), colorSpace='rgb', contrast=1.0, depth=0.0, flipHoriz=False, flipVert=False, font='Open Sans', fontFiles=[], height=0.05, italic=False, languageStyle='LTR', name='text_end', opacity=1, ori=0.0, pos=array([0., 0.]), rgb=UNKNOWN, text=str(...), units='height', win=Window(...), wrapWidth=1)
12.3699 	EXP 	slider_arousal: autoLog = True
12.3699 	EXP 	slider_arousal: markerPos = None
12.3699 	EXP 	slider_arousal: rating = None
12.3699 	EXP 	slider_arousal: markerPos = None
12.3699 	EXP 	slider_arousal: contrast = 1.0
12.3699 	EXP 	slider_arousal: autoLog = True
12.3699 	EXP 	slider_arousal: styleTweaks = []
12.3699 	EXP 	slider_arousal: style = 'slider'
12.3699 	EXP 	slider_arousal: styleTweaks = []
12.3699 	EXP 	slider_effort: autoLog = True
12.3699 	EXP 	slider_effort: markerPos = None
12.3699 	EXP 	slider_effort: rating = None
12.3699 	EXP 	slider_effort: markerPos = None
12.3699 	EXP 	slider_effort: contrast = 1.0
12.3699 	EXP 	slider_effort: autoLog = True
12.3699 	EXP 	slider_effort: styleTweaks = []
12.3699 	EXP 	slider_effort: style = 'slider'
12.3699 	EXP 	slider_effort: styleTweaks = []
12.3699 	EXP 	WelcomeText: autoDraw = True
78.6003 	DATA 	Keypress: space
78.6316 	EXP 	Imported blocks_view.xlsx as conditions, 2 conditions, 5 params
78.6323 	EXP 	Created sequence: sequential, trialTypes=2, nReps=1, seed=None
78.6327 	EXP 	New trial (rep=0, index=0): {'Block': 1, 'conds_view_File': 'StimuliNeutral.xlsx', 'n_reps': 1, 'instr_1': 'ANSCHAUEN', 'TriggerBlockView': 21}
78.6410 	EXP 	WelcomeText: autoDraw = False
78.6410 	EXP 	text_ActiveViewing: autoDraw = True
88.6987 	DATA 	Keypress: space
88.7410 	EXP 	Imported StimuliNeutral.xlsx as conditions, 20 conditions, 2 params
88.7417 	EXP 	Created sequence: random, trialTypes=20, nReps=1, seed=None
88.7421 	EXP 	New trial (rep=0, index=0): {'ImageFile': 'Stimuli/7004.jpg', 'Trigger': 1}
88.7493 	EXP 	text_ActiveViewing: autoDraw = False
88.7493 	EXP 	text_fixcross: autoDraw = True
92.3253 	EXP 	text_fixcross: autoDraw = False
92.3253 	EXP 	text_fixcross: autoDraw = False
92.3253 	EXP 	image_view: image = 'Stimuli/7004.jpg'
92.3253 	EXP 	image_view: autoDraw = True
98.3132 	EXP 	New trial (rep=0, index=1): {'ImageFile': 'Stimuli/140.jpg', 'Trigger': 1}
98.3271 	EXP 	image_view: autoDraw = False
98.3271 	EXP 	image_view: autoDraw = False
98.3271 	EXP 	text_fixcross: autoDraw = True
102.0867 	EXP 	text_fixcross: autoDraw = False
102.0867 	EXP 	text_fixcross: autoDraw = False
102.0867 	EXP 	image_view: image = 'Stimuli/140.jpg'
102.0867 	EXP 	image_view: autoDraw = True
108.0792 	EXP 	New trial (rep=0, index=2): {'ImageFile': 'Stimuli/7235.jpg', 'Trigger': 1}
108.0928 	EXP 	image_view: autoDraw = False
108.0928 	EXP 	image_view: autoDraw = False
108.0928 	EXP 	text_fixcross: autoDraw = True
112.4432 	EXP 	text_fixcross: autoDraw = False
112.4432 	EXP 	text_fixcross: autoDraw = False
112.4432 	EXP 	image_view: image = 'Stimuli/7235.jpg'
112.4432 	EXP 	image_view: autoDraw = True
118.4457 	EXP 	New trial (rep=0, index=3): {'ImageFile': 'Stimuli/7233.jpg', 'Trigger': 1}
118.4594 	EXP 	image_view: autoDraw = False
118.4594 	EXP 	image_view: autoDraw = False
118.4594 	EXP 	text_fixcross: autoDraw = True
122.8181 	EXP 	text_fixcross: autoDraw = False
122.8181 	EXP 	text_fixcross: autoDraw = False
122.8181 	EXP 	image_view: image = 'Stimuli/7233.jpg'
122.8181 	EXP 	image_view: autoDraw = True
128.8123 	EXP 	New trial (rep=0, index=4): {'ImageFile': 'Stimuli/7185.jpg', 'Trigger': 1}
128.8260 	EXP 	image_view: autoDraw = False
128.8260 	EXP 	image_view: autoDraw = False
128.8260 	EXP 	text_fixcross: autoDraw = True
132.0825 	EXP 	text_fixcross: autoDraw = False
132.0825 	EXP 	text_fixcross: autoDraw = False
132.0825 	EXP 	image_view: image = 'Stimuli/7185.jpg'
132.0825 	EXP 	image_view: autoDraw = True
138.0794 	EXP 	New trial (rep=0, index=5): {'ImageFile': 'Stimuli/143.jpg', 'Trigger': 1}
138.0928 	EXP 	image_view: autoDraw = False
138.0928 	EXP 	image_view: autoDraw = False
138.0928 	EXP 	text_fixcross: autoDraw = True
142.4409 	EXP 	text_fixcross: autoDraw = False
142.4409 	EXP 	text_fixcross: autoDraw = False
142.4409 	EXP 	image_view: image = 'Stimuli/143.jpg'
142.4409 	EXP 	image_view: autoDraw = True
148.4291 	EXP 	New trial (rep=0, index=6): {'ImageFile': 'Stimuli/124.jpg', 'Trigger': 1}
148.4429 	EXP 	image_view: autoDraw = False
148.4429 	EXP 	image_view: autoDraw = False
148.4429 	EXP 	text_fixcross: autoDraw = True
151.8781 	EXP 	text_fixcross: autoDraw = False
151.8781 	EXP 	text_fixcross: autoDraw = False
151.8781 	EXP 	image_view: image = 'Stimuli/124.jpg'
151.8781 	EXP 	image_view: autoDraw = True
157.8791 	EXP 	New trial (rep=0, index=7): {'ImageFile': 'Stimuli/7150.jpg', 'Trigger': 1}
157.8927 	EXP 	image_view: autoDraw = False
157.8927 	EXP 	image_view: autoDraw = False
157.8927 	EXP 	text_fixcross: autoDraw = True
162.8745 	EXP 	text_fixcross: autoDraw = False
162.8745 	EXP 	text_fixcross: autoDraw = False
162.8745 	EXP 	image_view: image = 'Stimuli/7150.jpg'
162.8745 	EXP 	image_view: autoDraw = True
168.8624 	EXP 	New trial (rep=0, index=8): {'ImageFile': 'Stimuli/107.jpg', 'Trigger': 1}
168.8762 	EXP 	image_view: autoDraw = False
168.8762 	EXP 	image_view: autoDraw = False
168.8762 	EXP 	text_fixcross: autoDraw = True
172.5203 	EXP 	text_fixcross: autoDraw = False
172.5203 	EXP 	text_fixcross: autoDraw = False
172.5203 	EXP 	image_view: image = 'Stimuli/107.jpg'
172.5203 	EXP 	image_view: autoDraw = True
178.5123 	EXP 	New trial (rep=0, index=9): {'ImageFile': 'Stimuli/7211.jpg', 'Trigger': 1}
178.5262 	EXP 	image_view: autoDraw = False
178.5262 	EXP 	image_view: autoDraw = False
178.5262 	EXP 	text_fixcross: autoDraw = True
182.9886 	EXP 	text_fixcross: autoDraw = False
182.9886 	EXP 	text_fixcross: autoDraw = False
182.9886 	EXP 	image_view: image = 'Stimuli/7211.jpg'
182.9886 	EXP 	image_view: autoDraw = True
188.9794 	EXP 	New trial (rep=0, index=10): {'ImageFile': 'Stimuli/083.jpg', 'Trigger': 1}
188.9928 	EXP 	image_view: autoDraw = False
188.9928 	EXP 	image_view: autoDraw = False
188.9928 	EXP 	text_fixcross: autoDraw = True
193.7475 	EXP 	text_fixcross: autoDraw = False
193.7475 	EXP 	text_fixcross: autoDraw = False
193.7475 	EXP 	image_view: image = 'Stimuli/083.jpg'
193.7475 	EXP 	image_view: autoDraw = True
199.7456 	EXP 	New trial (rep=0, index=11): {'ImageFile': 'Stimuli/7025.jpg', 'Trigger': 1}
199.7594 	EXP 	image_view: autoDraw = False
199.7594 	EXP 	image_view: autoDraw = False
199.7594 	EXP 	text_fixcross: autoDraw = True
204.1059 	EXP 	text_fixcross: autoDraw = False
204.1059 	EXP 	text_fixcross: autoDraw = False
204.1059 	EXP 	image_view: image = 'Stimuli/7025.jpg'
204.1059 	EXP 	image_view: autoDraw = True
210.0957 	EXP 	New trial (rep=0, index=12): {'ImageFile': 'Stimuli/7006.jpg', 'Trigger': 1}
210.1095 	EXP 	image_view: autoDraw = False
210.1095 	EXP 	image_view: autoDraw = False
210.1095 	EXP 	text_fixcross: autoDraw = True
214.0596 	EXP 	text_fixcross: autoDraw = False
214.0596 	EXP 	text_fixcross: autoDraw = False
214.0596 	EXP 	image_view: image = 'Stimuli/7006.jpg'
214.0596 	EXP 	image_view: autoDraw = True
220.0627 	EXP 	New trial (rep=0, index=13): {'ImageFile': 'Stimuli/7041.jpg', 'Trigger': 1}
220.0766 	EXP 	image_view: autoDraw = False
220.0766 	EXP 	image_view: autoDraw = False
220.0766 	EXP 	text_fixcross: autoDraw = True
225.1184 	EXP 	text_fixcross: autoDraw = False
225.1184 	EXP 	text_fixcross: autoDraw = False
225.1184 	EXP 	image_view: image = 'Stimuli/7041.jpg'
225.1184 	EXP 	image_view: autoDraw = True
231.1123 	EXP 	New trial (rep=0, index=14): {'ImageFile': 'Stimuli/7100.jpg', 'Trigger': 1}
231.1260 	EXP 	image_view: autoDraw = False
231.1260 	EXP 	image_view: autoDraw = False
231.1260 	EXP 	text_fixcross: autoDraw = True
234.9752 	EXP 	text_fixcross: autoDraw = False
234.9752 	EXP 	text_fixcross: autoDraw = False
234.9752 	EXP 	image_view: image = 'Stimuli/7100.jpg'
234.9752 	EXP 	image_view: autoDraw = True
240.9624 	EXP 	New trial (rep=0, index=15): {'ImageFile': 'Stimuli/7002.jpg', 'Trigger': 1}
240.9758 	EXP 	image_view: autoDraw = False
240.9758 	EXP 	image_view: autoDraw = False
240.9758 	EXP 	text_fixcross: autoDraw = True
245.6346 	EXP 	text_fixcross: autoDraw = False
245.6346 	EXP 	text_fixcross: autoDraw = False
245.6346 	EXP 	image_view: image = 'Stimuli/7002.jpg'
245.6346 	EXP 	image_view: autoDraw = True
251.6291 	EXP 	New trial (rep=0, index=16): {'ImageFile': 'Stimuli/7000.jpg', 'Trigger': 1}
251.6429 	EXP 	image_view: autoDraw = False
251.6429 	EXP 	image_view: autoDraw = False
251.6429 	EXP 	text_fixcross: autoDraw = True
256.3999 	EXP 	text_fixcross: autoDraw = False
256.3999 	EXP 	text_fixcross: autoDraw = False
256.3999 	EXP 	image_view: image = 'Stimuli/7000.jpg'
256.3999 	EXP 	image_view: autoDraw = True
262.3955 	EXP 	New trial (rep=0, index=17): {'ImageFile': 'Stimuli/7009.jpg', 'Trigger': 1}
262.4093 	EXP 	image_view: autoDraw = False
262.4093 	EXP 	image_view: autoDraw = False
262.4093 	EXP 	text_fixcross: autoDraw = True
267.2653 	EXP 	text_fixcross: autoDraw = False
267.2653 	EXP 	text_fixcross: autoDraw = False
267.2653 	EXP 	image_view: image = 'Stimuli/7009.jpg'
267.2653 	EXP 	image_view: autoDraw = True
273.2623 	EXP 	New trial (rep=0, index=18): {'ImageFile': 'Stimuli/7224.jpg', 'Trigger': 1}
273.2761 	EXP 	image_view: autoDraw = False
273.2761 	EXP 	image_view: autoDraw = False
273.2761 	EXP 	text_fixcross: autoDraw = True
278.0182 	EXP 	text_fixcross: autoDraw = False
278.0182 	EXP 	text_fixcross: autoDraw = False
278.0182 	EXP 	image_view: image = 'Stimuli/7224.jpg'
278.0182 	EXP 	image_view: autoDraw = True
284.0126 	EXP 	New trial (rep=0, index=19): {'ImageFile': 'Stimuli/7021.jpg', 'Trigger': 1}
284.0263 	EXP 	image_view: autoDraw = False
284.0263 	EXP 	image_view: autoDraw = False
284.0263 	EXP 	text_fixcross: autoDraw = True
287.1814 	EXP 	text_fixcross: autoDraw = False
287.1814 	EXP 	text_fixcross: autoDraw = False
287.1814 	EXP 	image_view: image = 'Stimuli/7021.jpg'
287.1814 	EXP 	image_view: autoDraw = True
293.2129 	EXP 	image_view: autoDraw = False
293.2129 	EXP 	image_view: autoDraw = False
293.2129 	EXP 	slider_arousal: markerPos = None
293.2129 	EXP 	slider_arousal: markerPos = None
293.2129 	EXP 	slider_arousal: rating = None
293.2129 	EXP 	text_slider_arousal: autoDraw = True
293.2129 	EXP 	slider_arousal: autoDraw = True
298.5945 	DATA 	Mouse: Left button down, pos=(432,327)
298.6078 	EXP 	slider_arousal: markerPos = 4.444444444444451
298.6243 	EXP 	slider_arousal: markerPos = 4.444444444444451
298.6411 	EXP 	slider_arousal: markerPos = 4.444444444444451
298.6577 	EXP 	slider_arousal: markerPos = 4.444444444444451
298.6743 	EXP 	slider_arousal: markerPos = 4.444444444444451
298.6910 	EXP 	slider_arousal: markerPos = 4.444444444444451
298.7075 	EXP 	slider_arousal: markerPos = 4.444444444444451
298.7157 	DATA 	Mouse:  Left button up, pos=(432,327)
298.7242 	EXP 	slider_arousal: markerPos = 4.444444444444451
298.7413 	EXP 	slider_arousal: markerPos = 4.444444444444451
298.7413 	EXP 	slider_arousal: rating = 4.444444444444451
298.7655 	EXP 	text_slider_arousal: autoDraw = False
298.7655 	EXP 	slider_arousal: autoDraw = False
298.7655 	EXP 	slider_effort: markerPos = None
298.7655 	EXP 	slider_effort: markerPos = None
298.7655 	EXP 	slider_effort: rating = None
298.7655 	EXP 	text_slider_effort: autoDraw = True
298.7655 	EXP 	slider_effort: autoDraw = True
302.0444 	DATA 	Mouse: Left button down, pos=(432,329)
302.0580 	EXP 	slider_effort: markerPos = 4.444444444444451
302.0744 	EXP 	slider_effort: markerPos = 4.444444444444451
302.0910 	EXP 	slider_effort: markerPos = 4.444444444444451
302.1077 	EXP 	slider_effort: markerPos = 4.444444444444451
302.1242 	EXP 	slider_effort: markerPos = 4.444444444444451
302.1410 	EXP 	slider_effort: markerPos = 4.444444444444451
302.1577 	EXP 	slider_effort: markerPos = 4.444444444444451
302.1742 	EXP 	slider_effort: markerPos = 4.444444444444451
302.1909 	EXP 	slider_effort: markerPos = 4.444444444444451
302.2076 	EXP 	slider_effort: markerPos = 4.444444444444451
302.2108 	DATA 	Mouse:  Left button up, pos=(432,329)
302.2246 	EXP 	slider_effort: markerPos = 4.444444444444451
302.2246 	EXP 	slider_effort: rating = 4.444444444444451
302.2288 	EXP 	New trial (rep=0, index=1): {'Block': 2, 'conds_view_File': 'StimuliNegative.xlsx', 'n_reps': 1, 'instr_1': 'ANSCHAUEN', 'TriggerBlockView': 22}
302.2409 	EXP 	text_slider_effort: autoDraw = False
302.2409 	EXP 	slider_effort: autoDraw = False
302.2409 	EXP 	text_ActiveViewing: autoDraw = True
305.8315 	DATA 	Keypress: space
305.8782 	EXP 	Imported StimuliNegative_2.xlsx as conditions, 20 conditions, 1 params
305.8788 	EXP 	Created sequence: random, trialTypes=20, nReps=1, seed=None
305.8791 	EXP 	New trial (rep=0, index=0): {'ImageFile': 'Stimuli/2703.jpg'}
305.8852 	EXP 	text_ActiveViewing: autoDraw = False
305.8852 	EXP 	text_fixcross: autoDraw = True
310.8344 	EXP 	text_fixcross: autoDraw = False
310.8344 	EXP 	text_fixcross: autoDraw = False
310.8344 	EXP 	image_view: image = 'Stimuli/2703.jpg'
310.8344 	EXP 	image_view: autoDraw = True
316.8298 	EXP 	New trial (rep=0, index=1): {'ImageFile': 'Stimuli/251.jpg'}
316.8438 	EXP 	image_view: autoDraw = False
316.8438 	EXP 	image_view: autoDraw = False
316.8438 	EXP 	text_fixcross: autoDraw = True
321.9077 	EXP 	text_fixcross: autoDraw = False
321.9077 	EXP 	text_fixcross: autoDraw = False
321.9077 	EXP 	image_view: image = 'Stimuli/251.jpg'
321.9077 	EXP 	image_view: autoDraw = True
327.8956 	EXP 	New trial (rep=0, index=2): {'ImageFile': 'Stimuli/228.jpg'}
327.9093 	EXP 	image_view: autoDraw = False
327.9093 	EXP 	image_view: autoDraw = False
327.9093 	EXP 	text_fixcross: autoDraw = True
331.4548 	EXP 	text_fixcross: autoDraw = False
331.4548 	EXP 	text_fixcross: autoDraw = False
331.4548 	EXP 	image_view: image = 'Stimuli/228.jpg'
331.4548 	EXP 	image_view: autoDraw = True
337.4456 	EXP 	New trial (rep=0, index=3): {'ImageFile': 'Stimuli/9145.jpg'}
337.4592 	EXP 	image_view: autoDraw = False
337.4592 	EXP 	image_view: autoDraw = False
337.4592 	EXP 	text_fixcross: autoDraw = True
342.5235 	EXP 	text_fixcross: autoDraw = False
342.5235 	EXP 	text_fixcross: autoDraw = False
342.5235 	EXP 	image_view: image = 'Stimuli/9145.jpg'
342.5235 	EXP 	image_view: autoDraw = True
348.5123 	EXP 	New trial (rep=0, index=4): {'ImageFile': 'Stimuli/3185.jpg'}
348.5259 	EXP 	image_view: autoDraw = False
348.5259 	EXP 	image_view: autoDraw = False
348.5259 	EXP 	text_fixcross: autoDraw = True
353.0834 	EXP 	text_fixcross: autoDraw = False
353.0834 	EXP 	text_fixcross: autoDraw = False
353.0834 	EXP 	image_view: image = 'Stimuli/3185.jpg'
353.0834 	EXP 	image_view: autoDraw = True
359.0785 	EXP 	New trial (rep=0, index=5): {'ImageFile': 'Stimuli/9040.jpg'}
359.0918 	EXP 	image_view: autoDraw = False
359.0918 	EXP 	image_view: autoDraw = False
359.0918 	EXP 	text_fixcross: autoDraw = True
363.0264 	EXP 	text_fixcross: autoDraw = False
363.0264 	EXP 	text_fixcross: autoDraw = False
363.0264 	EXP 	image_view: image = 'Stimuli/9040.jpg'
363.0264 	EXP 	image_view: autoDraw = True
369.0123 	EXP 	New trial (rep=0, index=6): {'ImageFile': 'Stimuli/3160.jpg'}
369.0261 	EXP 	image_view: autoDraw = False
369.0261 	EXP 	image_view: autoDraw = False
369.0261 	EXP 	text_fixcross: autoDraw = True
373.6819 	EXP 	text_fixcross: autoDraw = False
373.6819 	EXP 	text_fixcross: autoDraw = False
373.6819 	EXP 	image_view: image = 'Stimuli/3160.jpg'
373.6819 	EXP 	image_view: autoDraw = True
379.6790 	EXP 	New trial (rep=0, index=7): {'ImageFile': 'Stimuli/9031.jpg'}
379.6928 	EXP 	image_view: autoDraw = False
379.6928 	EXP 	image_view: autoDraw = False
379.6928 	EXP 	text_fixcross: autoDraw = True
384.6516 	EXP 	text_fixcross: autoDraw = False
384.6516 	EXP 	text_fixcross: autoDraw = False
384.6516 	EXP 	image_view: image = 'Stimuli/9031.jpg'
384.6516 	EXP 	image_view: autoDraw = True
390.6455 	EXP 	New trial (rep=0, index=8): {'ImageFile': 'Stimuli/6562.jpg'}
390.6592 	EXP 	image_view: autoDraw = False
390.6592 	EXP 	image_view: autoDraw = False
390.6592 	EXP 	text_fixcross: autoDraw = True
394.4078 	EXP 	text_fixcross: autoDraw = False
394.4078 	EXP 	text_fixcross: autoDraw = False
394.4078 	EXP 	image_view: image = 'Stimuli/6562.jpg'
394.4078 	EXP 	image_view: autoDraw = True
400.3957 	EXP 	New trial (rep=0, index=9): {'ImageFile': 'Stimuli/222.jpg'}
400.4095 	EXP 	image_view: autoDraw = False
400.4095 	EXP 	image_view: autoDraw = False
400.4095 	EXP 	text_fixcross: autoDraw = True
404.4584 	EXP 	text_fixcross: autoDraw = False
404.4584 	EXP 	text_fixcross: autoDraw = False
404.4584 	EXP 	image_view: image = 'Stimuli/222.jpg'
404.4584 	EXP 	image_view: autoDraw = True
410.4455 	EXP 	New trial (rep=0, index=10): {'ImageFile': 'Stimuli/9184.jpg'}
410.4593 	EXP 	image_view: autoDraw = False
410.4593 	EXP 	image_view: autoDraw = False
410.4593 	EXP 	text_fixcross: autoDraw = True
413.9112 	EXP 	text_fixcross: autoDraw = False
413.9112 	EXP 	text_fixcross: autoDraw = False
413.9112 	EXP 	image_view: image = 'Stimuli/9184.jpg'
413.9112 	EXP 	image_view: autoDraw = True
419.9122 	EXP 	New trial (rep=0, index=11): {'ImageFile': 'Stimuli/246.jpg'}
419.9261 	EXP 	image_view: autoDraw = False
419.9261 	EXP 	image_view: autoDraw = False
419.9261 	EXP 	text_fixcross: autoDraw = True
424.5699 	EXP 	text_fixcross: autoDraw = False
424.5699 	EXP 	text_fixcross: autoDraw = False
424.5699 	EXP 	image_view: image = 'Stimuli/246.jpg'
424.5699 	EXP 	image_view: autoDraw = True
430.5622 	EXP 	New trial (rep=0, index=12): {'ImageFile': 'Stimuli/9160.jpg'}
430.5760 	EXP 	image_view: autoDraw = False
430.5760 	EXP 	image_view: autoDraw = False
430.5760 	EXP 	text_fixcross: autoDraw = True
435.3425 	EXP 	text_fixcross: autoDraw = False
435.3425 	EXP 	text_fixcross: autoDraw = False
435.3425 	EXP 	image_view: image = 'Stimuli/9160.jpg'
435.3425 	EXP 	image_view: autoDraw = True
441.3289 	EXP 	New trial (rep=0, index=13): {'ImageFile': 'Stimuli/9043.jpg'}
441.3426 	EXP 	image_view: autoDraw = False
441.3426 	EXP 	image_view: autoDraw = False
441.3426 	EXP 	text_fixcross: autoDraw = True
446.2955 	EXP 	text_fixcross: autoDraw = False
446.2955 	EXP 	text_fixcross: autoDraw = False
446.2955 	EXP 	image_view: image = 'Stimuli/9043.jpg'
446.2955 	EXP 	image_view: autoDraw = True
452.2956 	EXP 	New trial (rep=0, index=14): {'ImageFile': 'Stimuli/210.jpg'}
452.3093 	EXP 	image_view: autoDraw = False
452.3093 	EXP 	image_view: autoDraw = False
452.3093 	EXP 	text_fixcross: autoDraw = True
455.8587 	EXP 	text_fixcross: autoDraw = False
455.8587 	EXP 	text_fixcross: autoDraw = False
455.8587 	EXP 	image_view: image = 'Stimuli/210.jpg'
455.8587 	EXP 	image_view: autoDraw = True
461.8454 	EXP 	New trial (rep=0, index=15): {'ImageFile': 'Stimuli/3301.jpg'}
461.8595 	EXP 	image_view: autoDraw = False
461.8595 	EXP 	image_view: autoDraw = False
461.8595 	EXP 	text_fixcross: autoDraw = True
466.6124 	EXP 	text_fixcross: autoDraw = False
466.6124 	EXP 	text_fixcross: autoDraw = False
466.6124 	EXP 	image_view: image = 'Stimuli/3301.jpg'
466.6124 	EXP 	image_view: autoDraw = True
472.6125 	EXP 	New trial (rep=0, index=16): {'ImageFile': 'Stimuli/218.jpg'}
472.6259 	EXP 	image_view: autoDraw = False
472.6259 	EXP 	image_view: autoDraw = False
472.6259 	EXP 	text_fixcross: autoDraw = True
476.2473 	EXP 	text_fixcross: autoDraw = False
476.2473 	EXP 	text_fixcross: autoDraw = False
476.2473 	EXP 	image_view: image = 'Stimuli/218.jpg'
476.2473 	EXP 	image_view: autoDraw = True
482.2455 	EXP 	New trial (rep=0, index=17): {'ImageFile': 'Stimuli/9042.jpg'}
482.2592 	EXP 	image_view: autoDraw = False
482.2592 	EXP 	image_view: autoDraw = False
482.2592 	EXP 	text_fixcross: autoDraw = True
486.5222 	EXP 	text_fixcross: autoDraw = False
486.5222 	EXP 	text_fixcross: autoDraw = False
486.5222 	EXP 	image_view: image = 'Stimuli/9042.jpg'
486.5222 	EXP 	image_view: autoDraw = True
492.5122 	EXP 	New trial (rep=0, index=18): {'ImageFile': 'Stimuli/3051.jpg'}
492.5260 	EXP 	image_view: autoDraw = False
492.5260 	EXP 	image_view: autoDraw = False
492.5260 	EXP 	text_fixcross: autoDraw = True
497.5658 	EXP 	text_fixcross: autoDraw = False
497.5658 	EXP 	text_fixcross: autoDraw = False
497.5658 	EXP 	image_view: image = 'Stimuli/3051.jpg'
497.5658 	EXP 	image_view: autoDraw = True
503.5623 	EXP 	New trial (rep=0, index=19): {'ImageFile': 'Stimuli/9904.jpg'}
503.5760 	EXP 	image_view: autoDraw = False
503.5760 	EXP 	image_view: autoDraw = False
503.5760 	EXP 	text_fixcross: autoDraw = True
508.5229 	EXP 	text_fixcross: autoDraw = False
508.5229 	EXP 	text_fixcross: autoDraw = False
508.5229 	EXP 	image_view: image = 'Stimuli/9904.jpg'
508.5229 	EXP 	image_view: autoDraw = True
514.5444 	EXP 	image_view: autoDraw = False
514.5444 	EXP 	image_view: autoDraw = False
514.5444 	EXP 	slider_arousal: markerPos = None
514.5444 	EXP 	slider_arousal: markerPos = None
514.5444 	EXP 	slider_arousal: rating = None
514.5444 	EXP 	text_slider_arousal: autoDraw = True
514.5444 	EXP 	slider_arousal: autoDraw = True
523.3278 	DATA 	Mouse: Left button down, pos=(615,329)
523.3413 	EXP 	slider_arousal: markerPos = 72.22222222222223
523.3579 	EXP 	slider_arousal: markerPos = 72.22222222222223
523.3743 	EXP 	slider_arousal: markerPos = 72.22222222222223
523.3910 	EXP 	slider_arousal: markerPos = 72.22222222222223
523.4075 	EXP 	slider_arousal: markerPos = 72.22222222222223
523.4243 	EXP 	slider_arousal: markerPos = 72.22222222222223
523.4329 	DATA 	Mouse:  Left button up, pos=(615,329)
523.4411 	EXP 	slider_arousal: markerPos = 72.22222222222223
523.4583 	EXP 	slider_arousal: markerPos = 72.22222222222223
523.4583 	EXP 	slider_arousal: rating = 72.22222222222223
523.4798 	EXP 	text_slider_arousal: autoDraw = False
523.4798 	EXP 	slider_arousal: autoDraw = False
523.4798 	EXP 	slider_effort: markerPos = None
523.4798 	EXP 	slider_effort: markerPos = None
523.4798 	EXP 	slider_effort: rating = None
523.4798 	EXP 	text_slider_effort: autoDraw = True
523.4798 	EXP 	slider_effort: autoDraw = True
527.4474 	DATA 	Mouse: Left button down, pos=(527,328)
527.4743 	EXP 	slider_effort: markerPos = 39.62962962962963
527.4912 	EXP 	slider_effort: markerPos = 39.62962962962963
527.5078 	EXP 	slider_effort: markerPos = 39.62962962962963
527.5246 	EXP 	slider_effort: markerPos = 39.62962962962963
527.5412 	EXP 	slider_effort: markerPos = 39.62962962962963
527.5578 	EXP 	slider_effort: markerPos = 39.62962962962963
527.5742 	EXP 	slider_effort: markerPos = 39.62962962962963
527.5775 	DATA 	Mouse:  Left button up, pos=(527,328)
527.5917 	EXP 	slider_effort: markerPos = 39.62962962962963
527.5917 	EXP 	slider_effort: rating = 39.62962962962963
527.6108 	EXP 	Imported blocks_reg.xlsx as conditions, 3 conditions, 6 params
527.6112 	EXP 	Created sequence: random, trialTypes=3, nReps=1, seed=None
527.6115 	EXP 	New trial (rep=0, index=0): {'Block': 5, 'conds_reg_File': 'StimuliNegative.xlsx', 'n_reps': 1, 'TriggerBlockReg': 25, 'instr_1': 'UNTERDRÜCKEN', 'instr_2': 'Unterdrücken Sie alle aufkommenden Emotionen. Wenn Sie also die Bilder ansehen, verhalten Sie sich so, dass eine außenstehende Person nicht sehen kann, welche Emotionen Sie gerade empfinden.'}
527.6448 	EXP 	text_slider_effort: autoDraw = False
527.6448 	EXP 	slider_effort: autoDraw = False
527.6448 	EXP 	text_Instruction: text = 'UNTERDRÜCKEN\n\nIn diesem Block werden Sie eine Reihe von Bildern sehen. Diese sollen Sie aufmerksam ansehen.\nUnterdrücken Sie alle aufkommenden Emotionen. Wenn Sie also die Bilder ansehen, verhalten Sie sich so, dass eine außenstehende Person nicht sehen kann, welche Emotionen Sie gerade empfinden.\n\nBitte konzentrieren Sie Ihre Regulationsbemühungen nur auf das Bild, nicht aber auf die Zeiträume zwischen den Bildern.\n\nZum Starten des Blocks Leertaste dürcken'
527.6448 	EXP 	text_Instruction: autoDraw = True
538.6990 	DATA 	Keypress: space
538.7432 	EXP 	Imported StimuliNegative_1.xlsx as conditions, 20 conditions, 1 params
538.7436 	EXP 	Created sequence: random, trialTypes=20, nReps=1, seed=None
538.7438 	EXP 	New trial (rep=0, index=0): {'ImageFile': 'Stimuli/225.jpg'}
538.7508 	EXP 	text_Instruction: autoDraw = False
538.7508 	EXP 	text_fixcross: autoDraw = True
543.6847 	EXP 	text_fixcross: autoDraw = False
543.6847 	EXP 	text_fixcross: autoDraw = False
543.6847 	EXP 	image_reg: image = 'Stimuli/225.jpg'
543.6847 	EXP 	image_reg: autoDraw = True
549.6796 	EXP 	New trial (rep=0, index=1): {'ImageFile': 'Stimuli/1111.jpg'}
549.6935 	EXP 	image_reg: autoDraw = False
549.6935 	EXP 	image_reg: autoDraw = False
549.6935 	EXP 	text_fixcross: autoDraw = True
554.0499 	EXP 	text_fixcross: autoDraw = False
554.0499 	EXP 	text_fixcross: autoDraw = False
554.0499 	EXP 	image_reg: image = 'Stimuli/1111.jpg'
554.0499 	EXP 	image_reg: autoDraw = True
560.0454 	EXP 	New trial (rep=0, index=2): {'ImageFile': 'Stimuli/3017.jpg'}
560.0593 	EXP 	image_reg: autoDraw = False
560.0593 	EXP 	image_reg: autoDraw = False
560.0593 	EXP 	text_fixcross: autoDraw = True
564.4183 	EXP 	text_fixcross: autoDraw = False
564.4183 	EXP 	text_fixcross: autoDraw = False
564.4183 	EXP 	image_reg: image = 'Stimuli/3017.jpg'
564.4183 	EXP 	image_reg: autoDraw = True
570.4121 	EXP 	New trial (rep=0, index=3): {'ImageFile': 'Stimuli/6190.jpg'}
570.4259 	EXP 	image_reg: autoDraw = False
570.4259 	EXP 	image_reg: autoDraw = False
570.4259 	EXP 	text_fixcross: autoDraw = True
574.4725 	EXP 	text_fixcross: autoDraw = False
574.4725 	EXP 	text_fixcross: autoDraw = False
574.4725 	EXP 	image_reg: image = 'Stimuli/6190.jpg'
574.4725 	EXP 	image_reg: autoDraw = True
580.4620 	EXP 	New trial (rep=0, index=4): {'ImageFile': 'Stimuli/9425.jpg'}
580.4759 	EXP 	image_reg: autoDraw = False
580.4759 	EXP 	image_reg: autoDraw = False
580.4759 	EXP 	text_fixcross: autoDraw = True
585.1227 	EXP 	text_fixcross: autoDraw = False
585.1227 	EXP 	text_fixcross: autoDraw = False
585.1227 	EXP 	image_reg: image = 'Stimuli/9425.jpg'
585.1227 	EXP 	image_reg: autoDraw = True
591.1119 	EXP 	New trial (rep=0, index=5): {'ImageFile': 'Stimuli/9253.jpg'}
591.1258 	EXP 	image_reg: autoDraw = False
591.1258 	EXP 	image_reg: autoDraw = False
591.1258 	EXP 	text_fixcross: autoDraw = True
594.9829 	EXP 	text_fixcross: autoDraw = False
594.9829 	EXP 	text_fixcross: autoDraw = False
594.9829 	EXP 	image_reg: image = 'Stimuli/9253.jpg'
594.9829 	EXP 	image_reg: autoDraw = True
600.9788 	EXP 	New trial (rep=0, index=6): {'ImageFile': 'Stimuli/9180.jpg'}
600.9928 	EXP 	image_reg: autoDraw = False
600.9928 	EXP 	image_reg: autoDraw = False
600.9928 	EXP 	text_fixcross: autoDraw = True
604.1434 	EXP 	text_fixcross: autoDraw = False
604.1434 	EXP 	text_fixcross: autoDraw = False
604.1434 	EXP 	image_reg: image = 'Stimuli/9180.jpg'
604.1434 	EXP 	image_reg: autoDraw = True
610.1455 	EXP 	New trial (rep=0, index=7): {'ImageFile': 'Stimuli/9920.jpg'}
610.1593 	EXP 	image_reg: autoDraw = False
610.1593 	EXP 	image_reg: autoDraw = False
610.1593 	EXP 	text_fixcross: autoDraw = True
613.3953 	EXP 	text_fixcross: autoDraw = False
613.3953 	EXP 	text_fixcross: autoDraw = False
613.3953 	EXP 	image_reg: image = 'Stimuli/9920.jpg'
613.3953 	EXP 	image_reg: autoDraw = True
619.3954 	EXP 	New trial (rep=0, index=8): {'ImageFile': 'Stimuli/255.jpg'}
619.4093 	EXP 	image_reg: autoDraw = False
619.4093 	EXP 	image_reg: autoDraw = False
619.4093 	EXP 	text_fixcross: autoDraw = True
624.2709 	EXP 	text_fixcross: autoDraw = False
624.2709 	EXP 	text_fixcross: autoDraw = False
624.2709 	EXP 	image_reg: image = 'Stimuli/255.jpg'
624.2709 	EXP 	image_reg: autoDraw = True
630.2622 	EXP 	New trial (rep=0, index=9): {'ImageFile': 'Stimuli/9300.jpg'}
630.2760 	EXP 	image_reg: autoDraw = False
630.2760 	EXP 	image_reg: autoDraw = False
630.2760 	EXP 	text_fixcross: autoDraw = True
634.4357 	EXP 	text_fixcross: autoDraw = False
634.4357 	EXP 	text_fixcross: autoDraw = False
634.4357 	EXP 	image_reg: image = 'Stimuli/9300.jpg'
634.4357 	EXP 	image_reg: autoDraw = True
640.4287 	EXP 	New trial (rep=0, index=10): {'ImageFile': 'Stimuli/3022.jpg'}
640.4424 	EXP 	image_reg: autoDraw = False
640.4424 	EXP 	image_reg: autoDraw = False
640.4424 	EXP 	text_fixcross: autoDraw = True
645.3842 	EXP 	text_fixcross: autoDraw = False
645.3842 	EXP 	text_fixcross: autoDraw = False
645.3842 	EXP 	image_reg: image = 'Stimuli/3022.jpg'
645.3842 	EXP 	image_reg: autoDraw = True
651.3787 	EXP 	New trial (rep=0, index=11): {'ImageFile': 'Stimuli/9326.jpg'}
651.3925 	EXP 	image_reg: autoDraw = False
651.3925 	EXP 	image_reg: autoDraw = False
651.3925 	EXP 	text_fixcross: autoDraw = True
656.2553 	EXP 	text_fixcross: autoDraw = False
656.2553 	EXP 	text_fixcross: autoDraw = False
656.2553 	EXP 	image_reg: image = 'Stimuli/9326.jpg'
656.2553 	EXP 	image_reg: autoDraw = True
662.2454 	EXP 	New trial (rep=0, index=12): {'ImageFile': 'Stimuli/6244.jpg'}
662.2591 	EXP 	image_reg: autoDraw = False
662.2591 	EXP 	image_reg: autoDraw = False
662.2591 	EXP 	text_fixcross: autoDraw = True
666.5127 	EXP 	text_fixcross: autoDraw = False
666.5127 	EXP 	text_fixcross: autoDraw = False
666.5127 	EXP 	image_reg: image = 'Stimuli/6244.jpg'
666.5127 	EXP 	image_reg: autoDraw = True
672.5123 	EXP 	New trial (rep=0, index=13): {'ImageFile': 'Stimuli/230.jpg'}
672.5259 	EXP 	image_reg: autoDraw = False
672.5259 	EXP 	image_reg: autoDraw = False
672.5259 	EXP 	text_fixcross: autoDraw = True
677.1654 	EXP 	text_fixcross: autoDraw = False
677.1654 	EXP 	text_fixcross: autoDraw = False
677.1654 	EXP 	image_reg: image = 'Stimuli/230.jpg'
677.1654 	EXP 	image_reg: autoDraw = True
683.1622 	EXP 	New trial (rep=0, index=14): {'ImageFile': 'Stimuli/327.jpg'}
683.1757 	EXP 	image_reg: autoDraw = False
683.1757 	EXP 	image_reg: autoDraw = False
683.1757 	EXP 	text_fixcross: autoDraw = True
687.8253 	EXP 	text_fixcross: autoDraw = False
687.8253 	EXP 	text_fixcross: autoDraw = False
687.8253 	EXP 	image_reg: image = 'Stimuli/327.jpg'
687.8253 	EXP 	image_reg: autoDraw = True
693.8121 	EXP 	New trial (rep=0, index=15): {'ImageFile': 'Stimuli/3180.jpg'}
693.8259 	EXP 	image_reg: autoDraw = False
693.8259 	EXP 	image_reg: autoDraw = False
693.8259 	EXP 	text_fixcross: autoDraw = True
698.8916 	EXP 	text_fixcross: autoDraw = False
698.8916 	EXP 	text_fixcross: autoDraw = False
698.8916 	EXP 	image_reg: image = 'Stimuli/3180.jpg'
698.8916 	EXP 	image_reg: autoDraw = True
704.8788 	EXP 	New trial (rep=0, index=16): {'ImageFile': 'Stimuli/9424.jpg'}
704.8924 	EXP 	image_reg: autoDraw = False
704.8924 	EXP 	image_reg: autoDraw = False
704.8924 	EXP 	text_fixcross: autoDraw = True
708.7414 	EXP 	text_fixcross: autoDraw = False
708.7414 	EXP 	text_fixcross: autoDraw = False
708.7414 	EXP 	image_reg: image = 'Stimuli/9424.jpg'
708.7414 	EXP 	image_reg: autoDraw = True
714.7285 	EXP 	New trial (rep=0, index=17): {'ImageFile': 'Stimuli/6836.jpg'}
714.7425 	EXP 	image_reg: autoDraw = False
714.7425 	EXP 	image_reg: autoDraw = False
714.7425 	EXP 	text_fixcross: autoDraw = True
717.7896 	EXP 	text_fixcross: autoDraw = False
717.7896 	EXP 	text_fixcross: autoDraw = False
717.7896 	EXP 	image_reg: image = 'Stimuli/6836.jpg'
717.7896 	EXP 	image_reg: autoDraw = True
723.7786 	EXP 	New trial (rep=0, index=18): {'ImageFile': 'Stimuli/3280.jpg'}
723.7924 	EXP 	image_reg: autoDraw = False
723.7924 	EXP 	image_reg: autoDraw = False
723.7924 	EXP 	text_fixcross: autoDraw = True
728.7241 	EXP 	text_fixcross: autoDraw = False
728.7241 	EXP 	text_fixcross: autoDraw = False
728.7241 	EXP 	image_reg: image = 'Stimuli/3280.jpg'
728.7241 	EXP 	image_reg: autoDraw = True
734.7121 	EXP 	New trial (rep=0, index=19): {'ImageFile': 'Stimuli/9182.jpg'}
734.7258 	EXP 	image_reg: autoDraw = False
734.7258 	EXP 	image_reg: autoDraw = False
734.7258 	EXP 	text_fixcross: autoDraw = True
739.6687 	EXP 	text_fixcross: autoDraw = False
739.6687 	EXP 	text_fixcross: autoDraw = False
739.6687 	EXP 	image_reg: image = 'Stimuli/9182.jpg'
739.6687 	EXP 	image_reg: autoDraw = True
745.6934 	EXP 	image_reg: autoDraw = False
745.6934 	EXP 	image_reg: autoDraw = False
745.6934 	EXP 	slider_arousal: markerPos = None
745.6934 	EXP 	slider_arousal: markerPos = None
745.6934 	EXP 	slider_arousal: rating = None
745.6934 	EXP 	text_slider_arousal: autoDraw = True
745.6934 	EXP 	slider_arousal: autoDraw = True
751.2443 	DATA 	Mouse: Left button down, pos=(570,330)
751.2576 	EXP 	slider_arousal: markerPos = 55.55555555555556
751.2742 	EXP 	slider_arousal: markerPos = 55.55555555555556
751.2905 	EXP 	slider_arousal: markerPos = 55.55555555555556
751.3073 	EXP 	slider_arousal: markerPos = 55.55555555555556
751.3240 	EXP 	slider_arousal: markerPos = 55.55555555555556
751.3406 	EXP 	slider_arousal: markerPos = 55.55555555555556
751.3573 	EXP 	slider_arousal: markerPos = 55.55555555555556
751.3740 	EXP 	slider_arousal: markerPos = 55.55555555555556
751.3906 	EXP 	slider_arousal: markerPos = 55.55555555555556
751.4072 	EXP 	slider_arousal: markerPos = 55.55555555555556
751.4239 	EXP 	slider_arousal: markerPos = 55.55555555555556
751.4406 	EXP 	slider_arousal: markerPos = 55.55555555555556
751.4574 	EXP 	slider_arousal: markerPos = 55.55555555555556
751.4740 	EXP 	slider_arousal: markerPos = 55.55555555555556
751.4907 	EXP 	slider_arousal: markerPos = 55.55555555555556
751.5073 	EXP 	slider_arousal: markerPos = 55.55555555555556
751.5239 	EXP 	slider_arousal: markerPos = 55.55555555555556
751.5272 	DATA 	Mouse:  Left button up, pos=(570,330)
751.5411 	EXP 	slider_arousal: markerPos = 55.55555555555556
751.5411 	EXP 	slider_arousal: rating = 55.55555555555556
751.5625 	EXP 	text_slider_arousal: autoDraw = False
751.5625 	EXP 	slider_arousal: autoDraw = False
751.5625 	EXP 	slider_effort: markerPos = None
751.5625 	EXP 	slider_effort: markerPos = None
751.5625 	EXP 	slider_effort: rating = None
751.5625 	EXP 	text_slider_effort: autoDraw = True
751.5625 	EXP 	slider_effort: autoDraw = True
762.4640 	DATA 	Mouse: Left button down, pos=(693,319)
762.4906 	EXP 	slider_effort: markerPos = 101.11111111111111
762.5074 	EXP 	slider_effort: markerPos = 101.11111111111111
762.5241 	EXP 	slider_effort: markerPos = 101.11111111111111
762.5408 	EXP 	slider_effort: markerPos = 101.11111111111111
762.5575 	EXP 	slider_effort: markerPos = 101.11111111111111
762.5739 	EXP 	slider_effort: markerPos = 101.11111111111111
762.5905 	EXP 	slider_effort: markerPos = 101.11111111111111
762.6072 	EXP 	slider_effort: markerPos = 101.11111111111111
762.6239 	EXP 	slider_effort: markerPos = 101.11111111111111
762.6406 	EXP 	slider_effort: markerPos = 101.11111111111111
762.6574 	EXP 	slider_effort: markerPos = 101.11111111111111
762.6606 	DATA 	Mouse:  Left button up, pos=(693,319)
762.6744 	EXP 	slider_effort: markerPos = 101.11111111111111
762.6744 	EXP 	slider_effort: rating = 101.11111111111111
762.6784 	EXP 	New trial (rep=0, index=1): {'Block': 3, 'conds_reg_File': 'StimuliNegative.xlsx', 'n_reps': 1, 'TriggerBlockReg': 23, 'instr_1': 'ABLENKEN', 'instr_2': 'Denken Sie während des Betrachtens der Bilder an etwas Neutrales, das mit dem Bild nichts zu tun hat. Das könnten geometrische Figuren, Alltagstätigkeiten oder bekannte Orte sein.'}
762.7089 	EXP 	text_slider_effort: autoDraw = False
762.7089 	EXP 	slider_effort: autoDraw = False
762.7089 	EXP 	text_Instruction: text = 'ABLENKEN\n\nIn diesem Block werden Sie eine Reihe von Bildern sehen. Diese sollen Sie aufmerksam ansehen.\nDenken Sie während des Betrachtens der Bilder an etwas Neutrales, das mit dem Bild nichts zu tun hat. Das könnten geometrische Figuren, Alltagstätigkeiten oder bekannte Orte sein.\n\nBitte konzentrieren Sie Ihre Regulationsbemühungen nur auf das Bild, nicht aber auf die Zeiträume zwischen den Bildern.\n\nZum Starten des Blocks Leertaste dürcken'
762.7089 	EXP 	text_Instruction: autoDraw = True
782.2119 	EXP 	Imported StimuliNegative_3.xlsx as conditions, 20 conditions, 1 params
782.2124 	EXP 	Created sequence: random, trialTypes=20, nReps=1, seed=None
782.2127 	EXP 	New trial (rep=0, index=0): {'ImageFile': 'Stimuli/326.jpg'}
782.2157 	DATA 	Keypress: space
782.2195 	EXP 	text_Instruction: autoDraw = False
782.2195 	EXP 	text_fixcross: autoDraw = True
786.0687 	EXP 	text_fixcross: autoDraw = False
786.0687 	EXP 	text_fixcross: autoDraw = False
786.0687 	EXP 	image_reg: image = 'Stimuli/326.jpg'
786.0687 	EXP 	image_reg: autoDraw = True
792.0626 	EXP 	New trial (rep=0, index=1): {'ImageFile': 'Stimuli/9041.jpg'}
792.0767 	EXP 	image_reg: autoDraw = False
792.0767 	EXP 	image_reg: autoDraw = False
792.0767 	EXP 	text_fixcross: autoDraw = True
796.9318 	EXP 	text_fixcross: autoDraw = False
796.9318 	EXP 	text_fixcross: autoDraw = False
796.9318 	EXP 	image_reg: image = 'Stimuli/9041.jpg'
796.9318 	EXP 	image_reg: autoDraw = True
802.9286 	EXP 	New trial (rep=0, index=2): {'ImageFile': 'Stimuli/219.jpg'}
802.9424 	EXP 	image_reg: autoDraw = False
802.9424 	EXP 	image_reg: autoDraw = False
802.9424 	EXP 	text_fixcross: autoDraw = True
806.5842 	EXP 	text_fixcross: autoDraw = False
806.5842 	EXP 	text_fixcross: autoDraw = False
806.5842 	EXP 	image_reg: image = 'Stimuli/219.jpg'
806.5842 	EXP 	image_reg: autoDraw = True
812.5785 	EXP 	New trial (rep=0, index=3): {'ImageFile': 'Stimuli/9570.jpg'}
812.5922 	EXP 	image_reg: autoDraw = False
812.5922 	EXP 	image_reg: autoDraw = False
812.5922 	EXP 	text_fixcross: autoDraw = True
816.4542 	EXP 	text_fixcross: autoDraw = False
816.4542 	EXP 	text_fixcross: autoDraw = False
816.4542 	EXP 	image_reg: image = 'Stimuli/9570.jpg'
816.4542 	EXP 	image_reg: autoDraw = True
822.4457 	EXP 	New trial (rep=0, index=4): {'ImageFile': 'Stimuli/9409.jpg'}
822.4592 	EXP 	image_reg: autoDraw = False
822.4592 	EXP 	image_reg: autoDraw = False
822.4592 	EXP 	text_fixcross: autoDraw = True
827.5165 	EXP 	text_fixcross: autoDraw = False
827.5165 	EXP 	text_fixcross: autoDraw = False
827.5165 	EXP 	image_reg: image = 'Stimuli/9409.jpg'
827.5165 	EXP 	image_reg: autoDraw = True
833.5120 	EXP 	New trial (rep=0, index=5): {'ImageFile': 'Stimuli/6242.jpg'}
833.5255 	EXP 	image_reg: autoDraw = False
833.5255 	EXP 	image_reg: autoDraw = False
833.5255 	EXP 	text_fixcross: autoDraw = True
837.1573 	EXP 	text_fixcross: autoDraw = False
837.1573 	EXP 	text_fixcross: autoDraw = False
837.1573 	EXP 	image_reg: image = 'Stimuli/6242.jpg'
837.1573 	EXP 	image_reg: autoDraw = True
843.1453 	EXP 	New trial (rep=0, index=6): {'ImageFile': 'Stimuli/6410.jpg'}
843.1591 	EXP 	image_reg: autoDraw = False
843.1591 	EXP 	image_reg: autoDraw = False
843.1591 	EXP 	text_fixcross: autoDraw = True
846.6071 	EXP 	text_fixcross: autoDraw = False
846.6071 	EXP 	text_fixcross: autoDraw = False
846.6071 	EXP 	image_reg: image = 'Stimuli/6410.jpg'
846.6071 	EXP 	image_reg: autoDraw = True
852.5954 	EXP 	New trial (rep=0, index=7): {'ImageFile': 'Stimuli/8230.jpg'}
852.6091 	EXP 	image_reg: autoDraw = False
852.6091 	EXP 	image_reg: autoDraw = False
852.6091 	EXP 	text_fixcross: autoDraw = True
856.1546 	EXP 	text_fixcross: autoDraw = False
856.1546 	EXP 	text_fixcross: autoDraw = False
856.1546 	EXP 	image_reg: image = 'Stimuli/8230.jpg'
856.1546 	EXP 	image_reg: autoDraw = True
862.1453 	EXP 	New trial (rep=0, index=8): {'ImageFile': 'Stimuli/3350.jpg'}
862.1591 	EXP 	image_reg: autoDraw = False
862.1591 	EXP 	image_reg: autoDraw = False
862.1591 	EXP 	text_fixcross: autoDraw = True
866.7054 	EXP 	text_fixcross: autoDraw = False
866.7054 	EXP 	text_fixcross: autoDraw = False
866.7054 	EXP 	image_reg: image = 'Stimuli/3350.jpg'
866.7054 	EXP 	image_reg: autoDraw = True
872.6955 	EXP 	New trial (rep=0, index=9): {'ImageFile': 'Stimuli/226.jpg'}
872.7089 	EXP 	image_reg: autoDraw = False
872.7089 	EXP 	image_reg: autoDraw = False
872.7089 	EXP 	text_fixcross: autoDraw = True
875.8436 	EXP 	text_fixcross: autoDraw = False
875.8436 	EXP 	text_fixcross: autoDraw = False
875.8436 	EXP 	image_reg: image = 'Stimuli/226.jpg'
875.8436 	EXP 	image_reg: autoDraw = True
881.8452 	EXP 	New trial (rep=0, index=10): {'ImageFile': 'Stimuli/208.jpg'}
881.8589 	EXP 	image_reg: autoDraw = False
881.8589 	EXP 	image_reg: autoDraw = False
881.8589 	EXP 	text_fixcross: autoDraw = True
886.7885 	EXP 	text_fixcross: autoDraw = False
886.7885 	EXP 	text_fixcross: autoDraw = False
886.7885 	EXP 	image_reg: image = 'Stimuli/208.jpg'
886.7885 	EXP 	image_reg: autoDraw = True
892.7786 	EXP 	New trial (rep=0, index=11): {'ImageFile': 'Stimuli/9140.jpg'}
892.7925 	EXP 	image_reg: autoDraw = False
892.7925 	EXP 	image_reg: autoDraw = False
892.7925 	EXP 	text_fixcross: autoDraw = True
896.0567 	EXP 	text_fixcross: autoDraw = False
896.0567 	EXP 	text_fixcross: autoDraw = False
896.0567 	EXP 	image_reg: image = 'Stimuli/9140.jpg'
896.0567 	EXP 	image_reg: autoDraw = True
902.0452 	EXP 	New trial (rep=0, index=12): {'ImageFile': 'Stimuli/253.jpg'}
902.0591 	EXP 	image_reg: autoDraw = False
902.0591 	EXP 	image_reg: autoDraw = False
902.0591 	EXP 	text_fixcross: autoDraw = True
905.8060 	EXP 	text_fixcross: autoDraw = False
905.8060 	EXP 	text_fixcross: autoDraw = False
905.8060 	EXP 	image_reg: image = 'Stimuli/253.jpg'
905.8060 	EXP 	image_reg: autoDraw = True
911.7953 	EXP 	New trial (rep=0, index=13): {'ImageFile': 'Stimuli/6555.jpg'}
911.8091 	EXP 	image_reg: autoDraw = False
911.8091 	EXP 	image_reg: autoDraw = False
911.8091 	EXP 	text_fixcross: autoDraw = True
916.8561 	EXP 	text_fixcross: autoDraw = False
916.8561 	EXP 	text_fixcross: autoDraw = False
916.8561 	EXP 	image_reg: image = 'Stimuli/6555.jpg'
916.8561 	EXP 	image_reg: autoDraw = True
922.8454 	EXP 	New trial (rep=0, index=14): {'ImageFile': 'Stimuli/9800.jpg'}
922.8590 	EXP 	image_reg: autoDraw = False
922.8590 	EXP 	image_reg: autoDraw = False
922.8590 	EXP 	text_fixcross: autoDraw = True
927.4901 	EXP 	text_fixcross: autoDraw = False
927.4901 	EXP 	text_fixcross: autoDraw = False
927.4901 	EXP 	image_reg: image = 'Stimuli/9800.jpg'
927.4901 	EXP 	image_reg: autoDraw = True
933.4785 	EXP 	New trial (rep=0, index=15): {'ImageFile': 'Stimuli/9340.jpg'}
933.4923 	EXP 	image_reg: autoDraw = False
933.4923 	EXP 	image_reg: autoDraw = False
933.4923 	EXP 	text_fixcross: autoDraw = True
937.9516 	EXP 	text_fixcross: autoDraw = False
937.9516 	EXP 	text_fixcross: autoDraw = False
937.9516 	EXP 	image_reg: image = 'Stimuli/9340.jpg'
937.9516 	EXP 	image_reg: autoDraw = True
943.9453 	EXP 	New trial (rep=0, index=16): {'ImageFile': 'Stimuli/6940.jpg'}
943.9590 	EXP 	image_reg: autoDraw = False
943.9590 	EXP 	image_reg: autoDraw = False
943.9590 	EXP 	text_fixcross: autoDraw = True
948.0101 	EXP 	text_fixcross: autoDraw = False
948.0101 	EXP 	text_fixcross: autoDraw = False
948.0101 	EXP 	image_reg: image = 'Stimuli/6940.jpg'
948.0101 	EXP 	image_reg: autoDraw = True
954.0118 	EXP 	New trial (rep=0, index=17): {'ImageFile': 'Stimuli/254.jpg'}
954.0255 	EXP 	image_reg: autoDraw = False
954.0255 	EXP 	image_reg: autoDraw = False
954.0255 	EXP 	text_fixcross: autoDraw = True
957.2741 	EXP 	text_fixcross: autoDraw = False
957.2741 	EXP 	text_fixcross: autoDraw = False
957.2741 	EXP 	image_reg: image = 'Stimuli/254.jpg'
957.2741 	EXP 	image_reg: autoDraw = True
963.2620 	EXP 	New trial (rep=0, index=18): {'ImageFile': 'Stimuli/1301.jpg'}
963.2756 	EXP 	image_reg: autoDraw = False
963.2756 	EXP 	image_reg: autoDraw = False
963.2756 	EXP 	text_fixcross: autoDraw = True
967.6306 	EXP 	text_fixcross: autoDraw = False
967.6306 	EXP 	text_fixcross: autoDraw = False
967.6306 	EXP 	image_reg: image = 'Stimuli/1301.jpg'
967.6306 	EXP 	image_reg: autoDraw = True
973.6284 	EXP 	New trial (rep=0, index=19): {'ImageFile': 'Stimuli/6825.jpg'}
973.6422 	EXP 	image_reg: autoDraw = False
973.6422 	EXP 	image_reg: autoDraw = False
973.6422 	EXP 	text_fixcross: autoDraw = True
976.8966 	EXP 	text_fixcross: autoDraw = False
976.8966 	EXP 	text_fixcross: autoDraw = False
976.8966 	EXP 	image_reg: image = 'Stimuli/6825.jpg'
976.8966 	EXP 	image_reg: autoDraw = True
982.9253 	EXP 	image_reg: autoDraw = False
982.9253 	EXP 	image_reg: autoDraw = False
982.9253 	EXP 	slider_arousal: markerPos = None
982.9253 	EXP 	slider_arousal: markerPos = None
982.9253 	EXP 	slider_arousal: rating = None
982.9253 	EXP 	text_slider_arousal: autoDraw = True
982.9253 	EXP 	slider_arousal: autoDraw = True
987.5437 	DATA 	Mouse: Left button down, pos=(446,326)
987.5573 	EXP 	slider_arousal: markerPos = 9.629629629629633
987.5738 	EXP 	slider_arousal: markerPos = 9.629629629629633
987.5906 	EXP 	slider_arousal: markerPos = 9.629629629629633
987.6071 	EXP 	slider_arousal: markerPos = 9.629629629629633
987.6238 	EXP 	slider_arousal: markerPos = 9.629629629629633
987.6405 	EXP 	slider_arousal: markerPos = 9.629629629629633
987.6571 	EXP 	slider_arousal: markerPos = 9.629629629629633
987.6653 	DATA 	Mouse:  Left button up, pos=(446,326)
987.6739 	EXP 	slider_arousal: markerPos = 9.629629629629633
987.6908 	EXP 	slider_arousal: markerPos = 9.629629629629633
987.6908 	EXP 	slider_arousal: rating = 9.629629629629633
987.7124 	EXP 	text_slider_arousal: autoDraw = False
987.7124 	EXP 	slider_arousal: autoDraw = False
987.7124 	EXP 	slider_effort: markerPos = None
987.7124 	EXP 	slider_effort: markerPos = None
987.7124 	EXP 	slider_effort: rating = None
987.7124 	EXP 	text_slider_effort: autoDraw = True
987.7124 	EXP 	slider_effort: autoDraw = True
993.8969 	DATA 	Mouse: Left button down, pos=(515,313)
993.9239 	EXP 	slider_effort: markerPos = 35.18518518518518
993.9404 	EXP 	slider_effort: markerPos = 35.18518518518518
993.9571 	EXP 	slider_effort: markerPos = 35.18518518518518
993.9740 	EXP 	slider_effort: markerPos = 35.18518518518518
993.9905 	EXP 	slider_effort: markerPos = 35.18518518518518
994.0071 	EXP 	slider_effort: markerPos = 35.18518518518518
994.0154 	DATA 	Mouse:  Left button up, pos=(515,313)
994.0237 	EXP 	slider_effort: markerPos = 35.18518518518518
994.0408 	EXP 	slider_effort: markerPos = 35.18518518518518
994.0408 	EXP 	slider_effort: rating = 35.18518518518518
994.0450 	EXP 	New trial (rep=0, index=2): {'Block': 4, 'conds_reg_File': 'StimuliNegative.xlsx', 'n_reps': 1, 'TriggerBlockReg': 24, 'instr_1': 'DISTANZIEREN', 'instr_2': 'Nehmen Sie die Position eines uninvolvierten Beobachters ein. Denken Sie über das Bild in einer neutralen Weise nach.'}
994.0714 	EXP 	text_slider_effort: autoDraw = False
994.0714 	EXP 	slider_effort: autoDraw = False
994.0714 	EXP 	text_Instruction: text = 'DISTANZIEREN\n\nIn diesem Block werden Sie eine Reihe von Bildern sehen. Diese sollen Sie aufmerksam ansehen.\nNehmen Sie die Position eines uninvolvierten Beobachters ein. Denken Sie über das Bild in einer neutralen Weise nach.\n\nBitte konzentrieren Sie Ihre Regulationsbemühungen nur auf das Bild, nicht aber auf die Zeiträume zwischen den Bildern.\n\nZum Starten des Blocks Leertaste dürcken'
994.0714 	EXP 	text_Instruction: autoDraw = True
1004.6156 	DATA 	Keypress: space
1004.6629 	EXP 	Imported StimuliNegative_5.xlsx as conditions, 20 conditions, 1 params
1004.6635 	EXP 	Created sequence: random, trialTypes=20, nReps=1, seed=None
1004.6638 	EXP 	New trial (rep=0, index=0): {'ImageFile': 'Stimuli/3181.jpg'}
1004.6704 	EXP 	text_Instruction: autoDraw = False
1004.6704 	EXP 	text_fixcross: autoDraw = True
1008.3079 	EXP 	text_fixcross: autoDraw = False
1008.3079 	EXP 	text_fixcross: autoDraw = False
1008.3079 	EXP 	image_reg: image = 'Stimuli/3181.jpg'
1008.3079 	EXP 	image_reg: autoDraw = True
1014.2959 	EXP 	New trial (rep=0, index=1): {'ImageFile': 'Stimuli/3215.jpg'}
1014.3100 	EXP 	image_reg: autoDraw = False
1014.3100 	EXP 	image_reg: autoDraw = False
1014.3100 	EXP 	text_fixcross: autoDraw = True
1019.0493 	EXP 	text_fixcross: autoDraw = False
1019.0493 	EXP 	text_fixcross: autoDraw = False
1019.0493 	EXP 	image_reg: image = 'Stimuli/3215.jpg'
1019.0493 	EXP 	image_reg: autoDraw = True
1025.0451 	EXP 	New trial (rep=0, index=2): {'ImageFile': 'Stimuli/9400.jpg'}
1025.0588 	EXP 	image_reg: autoDraw = False
1025.0588 	EXP 	image_reg: autoDraw = False
1025.0588 	EXP 	text_fixcross: autoDraw = True
1029.6059 	EXP 	text_fixcross: autoDraw = False
1029.6059 	EXP 	text_fixcross: autoDraw = False
1029.6059 	EXP 	image_reg: image = 'Stimuli/9400.jpg'
1029.6059 	EXP 	image_reg: autoDraw = True
1035.5952 	EXP 	New trial (rep=0, index=3): {'ImageFile': 'Stimuli/6831.jpg'}
1035.6090 	EXP 	image_reg: autoDraw = False
1035.6090 	EXP 	image_reg: autoDraw = False
1035.6090 	EXP 	text_fixcross: autoDraw = True
1040.3640 	EXP 	text_fixcross: autoDraw = False
1040.3640 	EXP 	text_fixcross: autoDraw = False
1040.3640 	EXP 	image_reg: image = 'Stimuli/6831.jpg'
1040.3640 	EXP 	image_reg: autoDraw = True
1046.3617 	EXP 	New trial (rep=0, index=4): {'ImageFile': 'Stimuli/3101.jpg'}
1046.3755 	EXP 	image_reg: autoDraw = False
1046.3755 	EXP 	image_reg: autoDraw = False
1046.3755 	EXP 	text_fixcross: autoDraw = True
1051.1187 	EXP 	text_fixcross: autoDraw = False
1051.1187 	EXP 	text_fixcross: autoDraw = False
1051.1187 	EXP 	image_reg: image = 'Stimuli/3101.jpg'
1051.1187 	EXP 	image_reg: autoDraw = True
1057.1118 	EXP 	New trial (rep=0, index=5): {'ImageFile': 'Stimuli/6020.jpg'}
1057.1257 	EXP 	image_reg: autoDraw = False
1057.1257 	EXP 	image_reg: autoDraw = False
1057.1257 	EXP 	text_fixcross: autoDraw = True
1060.7738 	EXP 	text_fixcross: autoDraw = False
1060.7738 	EXP 	text_fixcross: autoDraw = False
1060.7738 	EXP 	image_reg: image = 'Stimuli/6020.jpg'
1060.7738 	EXP 	image_reg: autoDraw = True
1066.7617 	EXP 	New trial (rep=0, index=6): {'ImageFile': 'Stimuli/238.jpg'}
1066.7754 	EXP 	image_reg: autoDraw = False
1066.7754 	EXP 	image_reg: autoDraw = False
1066.7754 	EXP 	text_fixcross: autoDraw = True
1070.1205 	EXP 	text_fixcross: autoDraw = False
1070.1205 	EXP 	text_fixcross: autoDraw = False
1070.1205 	EXP 	image_reg: image = 'Stimuli/238.jpg'
1070.1205 	EXP 	image_reg: autoDraw = True
1076.1118 	EXP 	New trial (rep=0, index=7): {'ImageFile': 'Stimuli/6571.jpg'}
1076.1255 	EXP 	image_reg: autoDraw = False
1076.1255 	EXP 	image_reg: autoDraw = False
1076.1255 	EXP 	text_fixcross: autoDraw = True
1079.7813 	EXP 	text_fixcross: autoDraw = False
1079.7813 	EXP 	text_fixcross: autoDraw = False
1079.7813 	EXP 	image_reg: image = 'Stimuli/6571.jpg'
1079.7813 	EXP 	image_reg: autoDraw = True
1085.7784 	EXP 	New trial (rep=0, index=8): {'ImageFile': 'Stimuli/2981.jpg'}
1085.7922 	EXP 	image_reg: autoDraw = False
1085.7922 	EXP 	image_reg: autoDraw = False
1085.7922 	EXP 	text_fixcross: autoDraw = True
1089.5355 	EXP 	text_fixcross: autoDraw = False
1089.5355 	EXP 	text_fixcross: autoDraw = False
1089.5355 	EXP 	image_reg: image = 'Stimuli/2981.jpg'
1089.5355 	EXP 	image_reg: autoDraw = True
1095.5284 	EXP 	New trial (rep=0, index=9): {'ImageFile': 'Stimuli/245.jpg'}
1095.5422 	EXP 	image_reg: autoDraw = False
1095.5422 	EXP 	image_reg: autoDraw = False
1095.5422 	EXP 	text_fixcross: autoDraw = True
1098.7883 	EXP 	text_fixcross: autoDraw = False
1098.7883 	EXP 	text_fixcross: autoDraw = False
1098.7883 	EXP 	image_reg: image = 'Stimuli/245.jpg'
1098.7883 	EXP 	image_reg: autoDraw = True
1104.7785 	EXP 	New trial (rep=0, index=10): {'ImageFile': 'Stimuli/3225.jpg'}
1104.7922 	EXP 	image_reg: autoDraw = False
1104.7922 	EXP 	image_reg: autoDraw = False
1104.7922 	EXP 	text_fixcross: autoDraw = True
1108.7537 	EXP 	text_fixcross: autoDraw = False
1108.7537 	EXP 	text_fixcross: autoDraw = False
1108.7537 	EXP 	image_reg: image = 'Stimuli/3225.jpg'
1108.7537 	EXP 	image_reg: autoDraw = True
1114.7450 	EXP 	New trial (rep=0, index=11): {'ImageFile': 'Stimuli/223.jpg'}
1114.7588 	EXP 	image_reg: autoDraw = False
1114.7588 	EXP 	image_reg: autoDraw = False
1114.7588 	EXP 	text_fixcross: autoDraw = True
1118.6018 	EXP 	text_fixcross: autoDraw = False
1118.6018 	EXP 	text_fixcross: autoDraw = False
1118.6018 	EXP 	image_reg: image = 'Stimuli/223.jpg'
1118.6018 	EXP 	image_reg: autoDraw = True
1124.5951 	EXP 	New trial (rep=0, index=12): {'ImageFile': 'Stimuli/3220.jpg'}
1124.6093 	EXP 	image_reg: autoDraw = False
1124.6093 	EXP 	image_reg: autoDraw = False
1124.6093 	EXP 	text_fixcross: autoDraw = True
1128.5615 	EXP 	text_fixcross: autoDraw = False
1128.5615 	EXP 	text_fixcross: autoDraw = False
1128.5615 	EXP 	image_reg: image = 'Stimuli/3220.jpg'
1128.5615 	EXP 	image_reg: autoDraw = True
1134.5618 	EXP 	New trial (rep=0, index=13): {'ImageFile': 'Stimuli/9402.jpg'}
1134.5755 	EXP 	image_reg: autoDraw = False
1134.5755 	EXP 	image_reg: autoDraw = False
1134.5755 	EXP 	text_fixcross: autoDraw = True
1138.0249 	EXP 	text_fixcross: autoDraw = False
1138.0249 	EXP 	text_fixcross: autoDraw = False
1138.0249 	EXP 	image_reg: image = 'Stimuli/9402.jpg'
1138.0249 	EXP 	image_reg: autoDraw = True
1144.0118 	EXP 	New trial (rep=0, index=14): {'ImageFile': 'Stimuli/9403.jpg'}
1144.0257 	EXP 	image_reg: autoDraw = False
1144.0257 	EXP 	image_reg: autoDraw = False
1144.0257 	EXP 	text_fixcross: autoDraw = True
1148.0907 	EXP 	text_fixcross: autoDraw = False
1148.0907 	EXP 	text_fixcross: autoDraw = False
1148.0907 	EXP 	image_reg: image = 'Stimuli/9403.jpg'
1148.0907 	EXP 	image_reg: autoDraw = True
1154.0784 	EXP 	New trial (rep=0, index=15): {'ImageFile': 'Stimuli/3016.jpg'}
1154.0923 	EXP 	image_reg: autoDraw = False
1154.0923 	EXP 	image_reg: autoDraw = False
1154.0923 	EXP 	text_fixcross: autoDraw = True
1158.5189 	EXP 	text_fixcross: autoDraw = False
1158.5189 	EXP 	text_fixcross: autoDraw = False
1158.5189 	EXP 	image_reg: image = 'Stimuli/3016.jpg'
1158.5189 	EXP 	image_reg: autoDraw = True
1164.5114 	EXP 	New trial (rep=0, index=16): {'ImageFile': 'Stimuli/9423.jpg'}
1164.5250 	EXP 	image_reg: autoDraw = False
1164.5250 	EXP 	image_reg: autoDraw = False
1164.5250 	EXP 	text_fixcross: autoDraw = True
1168.8659 	EXP 	text_fixcross: autoDraw = False
1168.8659 	EXP 	text_fixcross: autoDraw = False
1168.8659 	EXP 	image_reg: image = 'Stimuli/9423.jpg'
1168.8659 	EXP 	image_reg: autoDraw = True
1174.8618 	EXP 	New trial (rep=0, index=17): {'ImageFile': 'Stimuli/9373.jpg'}
1174.8754 	EXP 	image_reg: autoDraw = False
1174.8754 	EXP 	image_reg: autoDraw = False
1174.8754 	EXP 	text_fixcross: autoDraw = True
1178.6258 	EXP 	text_fixcross: autoDraw = False
1178.6258 	EXP 	text_fixcross: autoDraw = False
1178.6258 	EXP 	image_reg: image = 'Stimuli/9373.jpg'
1178.6258 	EXP 	image_reg: autoDraw = True
1184.6285 	EXP 	New trial (rep=0, index=18): {'ImageFile': 'Stimuli/9405.jpg'}
1184.6422 	EXP 	image_reg: autoDraw = False
1184.6422 	EXP 	image_reg: autoDraw = False
1184.6422 	EXP 	text_fixcross: autoDraw = True
1189.4996 	EXP 	text_fixcross: autoDraw = False
1189.4996 	EXP 	text_fixcross: autoDraw = False
1189.4996 	EXP 	image_reg: image = 'Stimuli/9405.jpg'
1189.4996 	EXP 	image_reg: autoDraw = True
1195.4952 	EXP 	New trial (rep=0, index=19): {'ImageFile': 'Stimuli/8231.jpg'}
1195.5088 	EXP 	image_reg: autoDraw = False
1195.5088 	EXP 	image_reg: autoDraw = False
1195.5088 	EXP 	text_fixcross: autoDraw = True
1199.9532 	EXP 	text_fixcross: autoDraw = False
1199.9532 	EXP 	text_fixcross: autoDraw = False
1199.9532 	EXP 	image_reg: image = 'Stimuli/8231.jpg'
1199.9532 	EXP 	image_reg: autoDraw = True
1205.9762 	EXP 	image_reg: autoDraw = False
1205.9762 	EXP 	image_reg: autoDraw = False
1205.9762 	EXP 	slider_arousal: markerPos = None
1205.9762 	EXP 	slider_arousal: markerPos = None
1205.9762 	EXP 	slider_arousal: rating = None
1205.9762 	EXP 	text_slider_arousal: autoDraw = True
1205.9762 	EXP 	slider_arousal: autoDraw = True
1213.3436 	DATA 	Mouse: Left button down, pos=(588,317)
1213.3568 	EXP 	slider_arousal: markerPos = 62.22222222222222
1213.3736 	EXP 	slider_arousal: markerPos = 62.22222222222222
1213.3902 	EXP 	slider_arousal: markerPos = 62.22222222222222
1213.4070 	EXP 	slider_arousal: markerPos = 62.22222222222222
1213.4236 	EXP 	slider_arousal: markerPos = 62.22222222222222
1213.4403 	EXP 	slider_arousal: markerPos = 62.22222222222222
1213.4570 	EXP 	slider_arousal: markerPos = 62.22222222222222
1213.4655 	DATA 	Mouse:  Left button up, pos=(588,317)
1213.4736 	EXP 	slider_arousal: markerPos = 62.22222222222222
1213.4909 	EXP 	slider_arousal: markerPos = 62.22222222222222
1213.4909 	EXP 	slider_arousal: rating = 62.22222222222222
1213.5125 	EXP 	text_slider_arousal: autoDraw = False
1213.5125 	EXP 	slider_arousal: autoDraw = False
1213.5125 	EXP 	slider_effort: markerPos = None
1213.5125 	EXP 	slider_effort: markerPos = None
1213.5125 	EXP 	slider_effort: rating = None
1213.5125 	EXP 	text_slider_effort: autoDraw = True
1213.5125 	EXP 	slider_effort: autoDraw = True
1219.4269 	DATA 	Mouse: Left button down, pos=(646,319)
1219.4404 	EXP 	slider_effort: markerPos = 83.7037037037037
1219.4569 	EXP 	slider_effort: markerPos = 83.7037037037037
1219.4737 	EXP 	slider_effort: markerPos = 83.7037037037037
1219.4903 	EXP 	slider_effort: markerPos = 83.7037037037037
1219.5070 	EXP 	slider_effort: markerPos = 83.7037037037037
1219.5237 	EXP 	slider_effort: markerPos = 83.7037037037037
1219.5403 	EXP 	slider_effort: markerPos = 83.7037037037037
1219.5570 	EXP 	slider_effort: markerPos = 83.7037037037037
1219.5737 	EXP 	slider_effort: markerPos = 83.7037037037037
1219.5904 	EXP 	slider_effort: markerPos = 83.7037037037037
1219.5936 	DATA 	Mouse:  Left button up, pos=(646,319)
1219.6074 	EXP 	slider_effort: markerPos = 83.7037037037037
1219.6074 	EXP 	slider_effort: rating = 83.7037037037037
1219.6238 	EXP 	text_slider_effort: autoDraw = False
1219.6238 	EXP 	slider_effort: autoDraw = False
1219.6238 	EXP 	text_EDinstruction: autoDraw = True
1261.9477 	DATA 	Keypress: space
1267.6212 	EXP 	Imported Moneyvalues.xlsx as conditions, 7 conditions, 1 params
1267.6218 	EXP 	Created sequence: sequential, trialTypes=7, nReps=1, seed=None
1267.6223 	EXP 	New trial (rep=0, index=0): {'Currentstep': 0}
1267.6266 	DATA 	Keypress: space
1267.6303 	EXP 	text_EDinstruction: autoDraw = False
1267.6303 	EXP 	EDbufferscreen: autoDraw = True
1267.9981 	EXP 	EDbufferscreen: autoDraw = False
1267.9981 	EXP 	question: autoDraw = True
1297.6905 	DATA 	Mouse: Left button down, pos=(791,247)
1297.6946 	EXP 	New trial (rep=0, index=1): {'Currentstep': 1}
1297.7167 	EXP 	question: autoDraw = False
1297.7167 	EXP 	EDbufferscreen: autoDraw = False
1297.7167 	EXP 	question: autoDraw = True
1297.8245 	DATA 	Mouse:  Left button up, pos=(791,247)
1304.1135 	DATA 	Mouse: Left button down, pos=(653,294)
1304.1266 	EXP 	New trial (rep=0, index=2): {'Currentstep': 2}
1304.1445 	EXP 	question: autoDraw = False
1304.1445 	EXP 	EDbufferscreen: autoDraw = False
1304.1445 	EXP 	question: autoDraw = True
1304.2634 	DATA 	Mouse:  Left button up, pos=(653,294)
1314.6406 	DATA 	Mouse: Left button down, pos=(758,295)
1314.6434 	EXP 	New trial (rep=0, index=3): {'Currentstep': 3}
1314.6588 	EXP 	question: autoDraw = False
1314.6588 	EXP 	EDbufferscreen: autoDraw = False
1314.6588 	EXP 	question: autoDraw = True
1314.7632 	DATA 	Mouse:  Left button up, pos=(758,295)
1316.1909 	DATA 	Mouse: Left button down, pos=(1091,291)
1316.1944 	EXP 	New trial (rep=0, index=4): {'Currentstep': 4}
1316.2178 	EXP 	question: autoDraw = False
1316.2178 	EXP 	EDbufferscreen: autoDraw = False
1316.2178 	EXP 	question: autoDraw = True
1316.3074 	DATA 	Mouse:  Left button up, pos=(1091,291)
1318.1470 	DATA 	Mouse: Left button down, pos=(1091,291)
1318.1601 	EXP 	New trial (rep=0, index=5): {'Currentstep': 5}
1318.1780 	EXP 	question: autoDraw = False
1318.1780 	EXP 	EDbufferscreen: autoDraw = False
1318.1780 	EXP 	question: autoDraw = True
1318.3073 	DATA 	Mouse:  Left button up, pos=(1091,291)
1319.4240 	DATA 	Mouse: Left button down, pos=(1091,291)
1319.4267 	EXP 	New trial (rep=0, index=6): {'Currentstep': 6}
1319.4443 	EXP 	question: autoDraw = False
1319.4443 	EXP 	EDbufferscreen: autoDraw = False
1319.4443 	EXP 	question: autoDraw = True
1319.5633 	DATA 	Mouse:  Left button up, pos=(1091,291)
1322.6972 	DATA 	Mouse: Left button down, pos=(1091,291)
1322.7148 	EXP 	Imported Moneyvalues.xlsx as conditions, 7 conditions, 1 params
1322.7151 	EXP 	Created sequence: sequential, trialTypes=7, nReps=1, seed=None
1322.7153 	EXP 	New trial (rep=0, index=0): {'Currentstep': 0}
1322.7256 	EXP 	question: autoDraw = False
1322.7256 	EXP 	EDbufferscreen: autoDraw = False
1322.7256 	EXP 	EDbufferscreen: autoDraw = True
1322.8623 	DATA 	Mouse:  Left button up, pos=(1091,291)
1323.0571 	EXP 	EDbufferscreen: autoDraw = False
1323.0571 	EXP 	question: autoDraw = True
1333.7239 	DATA 	Mouse: Left button down, pos=(740,277)
1333.7269 	EXP 	New trial (rep=0, index=1): {'Currentstep': 1}
1333.7425 	EXP 	question: autoDraw = False
1333.7425 	EXP 	EDbufferscreen: autoDraw = False
1333.7425 	EXP 	question: autoDraw = True
1333.8742 	DATA 	Mouse:  Left button up, pos=(740,277)
1336.2407 	DATA 	Mouse: Left button down, pos=(666,291)
1336.2445 	EXP 	New trial (rep=0, index=2): {'Currentstep': 2}
1336.2592 	EXP 	question: autoDraw = False
1336.2592 	EXP 	EDbufferscreen: autoDraw = False
1336.2592 	EXP 	question: autoDraw = True
1336.4072 	DATA 	Mouse:  Left button up, pos=(666,290)
1341.0406 	DATA 	Mouse: Left button down, pos=(666,290)
1341.0434 	EXP 	New trial (rep=0, index=3): {'Currentstep': 3}
1341.0589 	EXP 	question: autoDraw = False
1341.0589 	EXP 	EDbufferscreen: autoDraw = False
1341.0589 	EXP 	question: autoDraw = True
1341.1805 	DATA 	Mouse:  Left button up, pos=(666,290)
1344.3137 	DATA 	Mouse: Left button down, pos=(1115,221)
1344.3267 	EXP 	New trial (rep=0, index=4): {'Currentstep': 4}
1344.3424 	EXP 	question: autoDraw = False
1344.3424 	EXP 	EDbufferscreen: autoDraw = False
1344.3424 	EXP 	question: autoDraw = True
1344.4637 	DATA 	Mouse:  Left button up, pos=(1115,221)
1345.8469 	DATA 	Mouse: Left button down, pos=(1088,302)
1345.8599 	EXP 	New trial (rep=0, index=5): {'Currentstep': 5}
1345.8754 	EXP 	question: autoDraw = False
1345.8754 	EXP 	EDbufferscreen: autoDraw = False
1345.8754 	EXP 	question: autoDraw = True
1345.9908 	DATA 	Mouse:  Left button up, pos=(1088,302)
1351.5573 	DATA 	Mouse: Left button down, pos=(1088,302)
1351.5602 	EXP 	New trial (rep=0, index=6): {'Currentstep': 6}
1351.5760 	EXP 	question: autoDraw = False
1351.5760 	EXP 	EDbufferscreen: autoDraw = False
1351.5760 	EXP 	question: autoDraw = True
1351.7738 	DATA 	Mouse:  Left button up, pos=(1088,302)
1352.3908 	DATA 	Mouse: Left button down, pos=(1088,302)
1352.3989 	EXP 	Imported Moneyvalues.xlsx as conditions, 7 conditions, 1 params
1352.3992 	EXP 	Created sequence: sequential, trialTypes=7, nReps=1, seed=None
1352.3994 	EXP 	New trial (rep=0, index=0): {'Currentstep': 0}
1352.4089 	EXP 	question: autoDraw = False
1352.4089 	EXP 	EDbufferscreen: autoDraw = False
1352.4089 	EXP 	EDbufferscreen: autoDraw = True
1352.5956 	DATA 	Mouse:  Left button up, pos=(1088,302)
1352.7319 	EXP 	EDbufferscreen: autoDraw = False
1352.7319 	EXP 	question: autoDraw = True
1358.4074 	DATA 	Mouse: Left button down, pos=(702,288)
1358.4110 	EXP 	New trial (rep=0, index=1): {'Currentstep': 1}
1358.4261 	EXP 	question: autoDraw = False
1358.4261 	EXP 	EDbufferscreen: autoDraw = False
1358.4261 	EXP 	question: autoDraw = True
1358.5739 	DATA 	Mouse:  Left button up, pos=(702,288)
1366.5135 	DATA 	Mouse: Left button down, pos=(731,295)
1366.5266 	EXP 	New trial (rep=0, index=2): {'Currentstep': 2}
1366.5537 	EXP 	question: autoDraw = False
1366.5537 	EXP 	EDbufferscreen: autoDraw = False
1366.5537 	EXP 	question: autoDraw = True
1366.6740 	DATA 	Mouse:  Left button up, pos=(731,295)
1367.6635 	DATA 	Mouse: Left button down, pos=(1127,304)
1367.6766 	EXP 	New trial (rep=0, index=3): {'Currentstep': 3}
1367.6922 	EXP 	question: autoDraw = False
1367.6922 	EXP 	EDbufferscreen: autoDraw = False
1367.6922 	EXP 	question: autoDraw = True
1367.7571 	DATA 	Mouse:  Left button up, pos=(1127,304)
1372.1907 	DATA 	Mouse: Left button down, pos=(1082,299)
1372.1935 	EXP 	New trial (rep=0, index=4): {'Currentstep': 4}
1372.2090 	EXP 	question: autoDraw = False
1372.2090 	EXP 	EDbufferscreen: autoDraw = False
1372.2090 	EXP 	question: autoDraw = True
1372.3737 	DATA 	Mouse:  Left button up, pos=(1082,299)
1374.6972 	DATA 	Mouse: Left button down, pos=(1079,297)
1374.7100 	EXP 	New trial (rep=0, index=5): {'Currentstep': 5}
1374.7309 	EXP 	question: autoDraw = False
1374.7309 	EXP 	EDbufferscreen: autoDraw = False
1374.7309 	EXP 	question: autoDraw = True
1374.8969 	DATA 	Mouse:  Left button up, pos=(1079,297)
1377.0405 	DATA 	Mouse: Left button down, pos=(1079,297)
1377.0433 	EXP 	New trial (rep=0, index=6): {'Currentstep': 6}
1377.0587 	EXP 	question: autoDraw = False
1377.0587 	EXP 	EDbufferscreen: autoDraw = False
1377.0587 	EXP 	question: autoDraw = True
1377.1905 	DATA 	Mouse:  Left button up, pos=(1079,297)
1378.7570 	DATA 	Mouse: Left button down, pos=(1079,297)
1378.7736 	EXP 	question: autoDraw = False
1378.7736 	EXP 	EDbufferscreen: autoDraw = False
1378.7736 	EXP 	text_choice: autoDraw = True
1378.9106 	DATA 	Mouse:  Left button up, pos=(1079,297)
1407.3993 	DATA 	Keypress: space
1411.6976 	DATA 	Mouse: Left button down, pos=(1023,182)
1411.8289 	DATA 	Mouse:  Left button up, pos=(1023,182)
1419.3650 	DATA 	Keypress: num_3
1421.4320 	DATA 	Keypress: space
1424.3989 	DATA 	Mouse: Left button down, pos=(907,187)
1424.5131 	DATA 	Mouse:  Left button up, pos=(907,187)
1425.2637 	DATA 	Mouse: Left button down, pos=(768,184)
1425.3789 	DATA 	Mouse:  Left button up, pos=(768,184)
1428.9268 	DATA 	Keypress: 3
1428.9716 	EXP 	text_choice: autoDraw = False
1428.9716 	EXP 	text_instr_choice: text = 'UNTERDRÜCKEN\n\nIn diesem Block werden Sie eine Reihe von Bildern sehen. Diese sollen Sie aufmerksam ansehen.\nUnterdrücken Sie alle aufkommenden Emotionen. Wenn Sie also die Bilder ansehen, verhalten Sie sich so, dass eine außenstehende Person nicht sehen kann, welche Emotionen Sie gerade empfinden.\n\nBitte konzentrieren Sie Ihre Regulationsbemühungen nur auf das Bild, nicht aber auf die Zeiträume zwischen den Bildern.\n\nZum Starten des Blocks Leertaste dürcken'
1428.9716 	EXP 	text_instr_choice: autoDraw = True
1452.0435 	DATA 	Keypress: space
1452.0826 	EXP 	Imported StimuliNegative_4.xlsx as conditions, 20 conditions, 1 params
1452.0832 	EXP 	Created sequence: random, trialTypes=20, nReps=1, seed=None
1452.0835 	EXP 	New trial (rep=0, index=0): {'ImageFile': 'Stimuli/227.jpg'}
1452.0900 	EXP 	text_instr_choice: autoDraw = False
1452.0900 	EXP 	text_fixcross: autoDraw = True
1456.4277 	EXP 	text_fixcross: autoDraw = False
1456.4277 	EXP 	text_fixcross: autoDraw = False
1456.4277 	EXP 	image: image = 'Stimuli/227.jpg'
1456.4277 	EXP 	image: autoDraw = True
1462.4291 	EXP 	New trial (rep=0, index=1): {'ImageFile': 'Stimuli/9411.jpg'}
1462.4426 	EXP 	image: autoDraw = False
1462.4426 	EXP 	image: autoDraw = False
1462.4426 	EXP 	text_fixcross: autoDraw = True
1466.9056 	EXP 	text_fixcross: autoDraw = False
1466.9056 	EXP 	text_fixcross: autoDraw = False
1466.9056 	EXP 	image: image = 'Stimuli/9411.jpg'
1466.9056 	EXP 	image: autoDraw = True
1472.8951 	EXP 	New trial (rep=0, index=2): {'ImageFile': 'Stimuli/252.jpg'}
1472.9085 	EXP 	image: autoDraw = False
1472.9085 	EXP 	image: autoDraw = False
1472.9085 	EXP 	text_fixcross: autoDraw = True
1476.5501 	EXP 	text_fixcross: autoDraw = False
1476.5501 	EXP 	text_fixcross: autoDraw = False
1476.5501 	EXP 	image: image = 'Stimuli/252.jpg'
1476.5501 	EXP 	image: autoDraw = True
1482.5447 	EXP 	New trial (rep=0, index=3): {'ImageFile': 'Stimuli/9332.jpg'}
1482.5585 	EXP 	image: autoDraw = False
1482.5585 	EXP 	image: autoDraw = False
1482.5585 	EXP 	text_fixcross: autoDraw = True
1486.7026 	EXP 	text_fixcross: autoDraw = False
1486.7026 	EXP 	text_fixcross: autoDraw = False
1486.7026 	EXP 	image: image = 'Stimuli/9332.jpg'
1486.7026 	EXP 	image: autoDraw = True
1492.6948 	EXP 	New trial (rep=0, index=4): {'ImageFile': 'Stimuli/9421.jpg'}
1492.7085 	EXP 	image: autoDraw = False
1492.7085 	EXP 	image: autoDraw = False
1492.7085 	EXP 	text_fixcross: autoDraw = True
1496.3575 	EXP 	text_fixcross: autoDraw = False
1496.3575 	EXP 	text_fixcross: autoDraw = False
1496.3575 	EXP 	image: image = 'Stimuli/9421.jpg'
1496.3575 	EXP 	image: autoDraw = True
1502.3445 	EXP 	New trial (rep=0, index=5): {'ImageFile': 'Stimuli/9420.jpg'}
1502.3584 	EXP 	image: autoDraw = False
1502.3584 	EXP 	image: autoDraw = False
1502.3584 	EXP 	text_fixcross: autoDraw = True
1506.9168 	EXP 	text_fixcross: autoDraw = False
1506.9168 	EXP 	text_fixcross: autoDraw = False
1506.9168 	EXP 	image: image = 'Stimuli/9420.jpg'
1506.9168 	EXP 	image: autoDraw = True
1512.9116 	EXP 	New trial (rep=0, index=6): {'ImageFile': 'Stimuli/9905.jpg'}
1512.9253 	EXP 	image: autoDraw = False
1512.9253 	EXP 	image: autoDraw = False
1512.9253 	EXP 	text_fixcross: autoDraw = True
1516.3701 	EXP 	text_fixcross: autoDraw = False
1516.3701 	EXP 	text_fixcross: autoDraw = False
1516.3701 	EXP 	image: image = 'Stimuli/9905.jpg'
1516.3701 	EXP 	image: autoDraw = True
1522.3617 	EXP 	New trial (rep=0, index=7): {'ImageFile': 'Stimuli/6561.jpg'}
1522.3751 	EXP 	image: autoDraw = False
1522.3751 	EXP 	image: autoDraw = False
1522.3751 	EXP 	text_fixcross: autoDraw = True
1525.9304 	EXP 	text_fixcross: autoDraw = False
1525.9304 	EXP 	text_fixcross: autoDraw = False
1525.9304 	EXP 	image: image = 'Stimuli/6561.jpg'
1525.9304 	EXP 	image: autoDraw = True
1531.9280 	EXP 	New trial (rep=0, index=8): {'ImageFile': 'Stimuli/9120.jpg'}
1531.9418 	EXP 	image: autoDraw = False
1531.9418 	EXP 	image: autoDraw = False
1531.9418 	EXP 	text_fixcross: autoDraw = True
1536.7952 	EXP 	text_fixcross: autoDraw = False
1536.7952 	EXP 	text_fixcross: autoDraw = False
1536.7952 	EXP 	image: image = 'Stimuli/9120.jpg'
1536.7952 	EXP 	image: autoDraw = True
1542.7952 	EXP 	New trial (rep=0, index=9): {'ImageFile': 'Stimuli/1051.jpg'}
1542.8090 	EXP 	image: autoDraw = False
1542.8090 	EXP 	image: autoDraw = False
1542.8090 	EXP 	text_fixcross: autoDraw = True
1546.6561 	EXP 	text_fixcross: autoDraw = False
1546.6561 	EXP 	text_fixcross: autoDraw = False
1546.6561 	EXP 	image: image = 'Stimuli/1051.jpg'
1546.6561 	EXP 	image: autoDraw = True
1552.6448 	EXP 	New trial (rep=0, index=10): {'ImageFile': 'Stimuli/9599.jpg'}
1552.6584 	EXP 	image: autoDraw = False
1552.6584 	EXP 	image: autoDraw = False
1552.6584 	EXP 	text_fixcross: autoDraw = True
1557.4175 	EXP 	text_fixcross: autoDraw = False
1557.4175 	EXP 	text_fixcross: autoDraw = False
1557.4175 	EXP 	image: image = 'Stimuli/9599.jpg'
1557.4175 	EXP 	image: autoDraw = True
1563.4113 	EXP 	New trial (rep=0, index=11): {'ImageFile': 'Stimuli/9181.jpg'}
1563.4252 	EXP 	image: autoDraw = False
1563.4252 	EXP 	image: autoDraw = False
1563.4252 	EXP 	text_fixcross: autoDraw = True
1567.6728 	EXP 	text_fixcross: autoDraw = False
1567.6728 	EXP 	text_fixcross: autoDraw = False
1567.6728 	EXP 	image: image = 'Stimuli/9181.jpg'
1567.6728 	EXP 	image: autoDraw = True
1573.6618 	EXP 	New trial (rep=0, index=12): {'ImageFile': 'Stimuli/9230.jpg'}
1573.6754 	EXP 	image: autoDraw = False
1573.6754 	EXP 	image: autoDraw = False
1573.6754 	EXP 	text_fixcross: autoDraw = True
1578.7324 	EXP 	text_fixcross: autoDraw = False
1578.7324 	EXP 	text_fixcross: autoDraw = False
1578.7324 	EXP 	image: image = 'Stimuli/9230.jpg'
1578.7324 	EXP 	image: autoDraw = True
1584.7281 	EXP 	New trial (rep=0, index=13): {'ImageFile': 'Stimuli/9185.jpg'}
1584.7419 	EXP 	image: autoDraw = False
1584.7419 	EXP 	image: autoDraw = False
1584.7419 	EXP 	text_fixcross: autoDraw = True
1588.5881 	EXP 	text_fixcross: autoDraw = False
1588.5881 	EXP 	text_fixcross: autoDraw = False
1588.5881 	EXP 	image: image = 'Stimuli/9185.jpg'
1588.5881 	EXP 	image: autoDraw = True
1594.5778 	EXP 	New trial (rep=0, index=14): {'ImageFile': 'Stimuli/2800.jpg'}
1594.5912 	EXP 	image: autoDraw = False
1594.5912 	EXP 	image: autoDraw = False
1594.5912 	EXP 	text_fixcross: autoDraw = True
1599.1359 	EXP 	text_fixcross: autoDraw = False
1599.1359 	EXP 	text_fixcross: autoDraw = False
1599.1359 	EXP 	image: image = 'Stimuli/2800.jpg'
1599.1359 	EXP 	image: autoDraw = True
1605.1281 	EXP 	New trial (rep=0, index=15): {'ImageFile': 'Stimuli/3061.jpg'}
1605.1419 	EXP 	image: autoDraw = False
1605.1419 	EXP 	image: autoDraw = False
1605.1419 	EXP 	text_fixcross: autoDraw = True
1608.7958 	EXP 	text_fixcross: autoDraw = False
1608.7958 	EXP 	text_fixcross: autoDraw = False
1608.7958 	EXP 	image: image = 'Stimuli/3061.jpg'
1608.7958 	EXP 	image: autoDraw = True
1614.7948 	EXP 	New trial (rep=0, index=16): {'ImageFile': 'Stimuli/9254.jpg'}
1614.8084 	EXP 	image: autoDraw = False
1614.8084 	EXP 	image: autoDraw = False
1614.8084 	EXP 	text_fixcross: autoDraw = True
1617.8548 	EXP 	text_fixcross: autoDraw = False
1617.8548 	EXP 	text_fixcross: autoDraw = False
1617.8548 	EXP 	image: image = 'Stimuli/9254.jpg'
1617.8548 	EXP 	image: autoDraw = True
1623.8450 	EXP 	New trial (rep=0, index=17): {'ImageFile': 'Stimuli/9295.jpg'}
1623.8586 	EXP 	image: autoDraw = False
1623.8586 	EXP 	image: autoDraw = False
1623.8586 	EXP 	text_fixcross: autoDraw = True
1627.0167 	EXP 	text_fixcross: autoDraw = False
1627.0167 	EXP 	text_fixcross: autoDraw = False
1627.0167 	EXP 	image: image = 'Stimuli/9295.jpg'
1627.0167 	EXP 	image: autoDraw = True
1633.0113 	EXP 	New trial (rep=0, index=18): {'ImageFile': 'Stimuli/6838.jpg'}
1633.0252 	EXP 	image: autoDraw = False
1633.0252 	EXP 	image: autoDraw = False
1633.0252 	EXP 	text_fixcross: autoDraw = True
1636.2720 	EXP 	text_fixcross: autoDraw = False
1636.2720 	EXP 	text_fixcross: autoDraw = False
1636.2720 	EXP 	image: image = 'Stimuli/6838.jpg'
1636.2720 	EXP 	image: autoDraw = True
1642.2613 	EXP 	New trial (rep=0, index=19): {'ImageFile': 'Stimuli/3230.jpg'}
1642.2751 	EXP 	image: autoDraw = False
1642.2751 	EXP 	image: autoDraw = False
1642.2751 	EXP 	text_fixcross: autoDraw = True
1646.6241 	EXP 	text_fixcross: autoDraw = False
1646.6241 	EXP 	text_fixcross: autoDraw = False
1646.6241 	EXP 	image: image = 'Stimuli/3230.jpg'
1646.6241 	EXP 	image: autoDraw = True
1652.6418 	EXP 	image: autoDraw = False
1652.6418 	EXP 	image: autoDraw = False
1652.6418 	EXP 	slider_arousal: markerPos = None
1652.6418 	EXP 	slider_arousal: markerPos = None
1652.6418 	EXP 	slider_arousal: rating = None
1652.6418 	EXP 	text_slider_arousal: autoDraw = True
1652.6418 	EXP 	slider_arousal: autoDraw = True
1658.6267 	DATA 	Mouse: Left button down, pos=(619,329)
1658.6403 	EXP 	slider_arousal: markerPos = 73.7037037037037
1658.6567 	EXP 	slider_arousal: markerPos = 73.7037037037037
1658.6733 	EXP 	slider_arousal: markerPos = 73.7037037037037
1658.6901 	EXP 	slider_arousal: markerPos = 73.7037037037037
1658.7067 	EXP 	slider_arousal: markerPos = 73.7037037037037
1658.7233 	EXP 	slider_arousal: markerPos = 73.7037037037037
1658.7400 	EXP 	slider_arousal: markerPos = 73.7037037037037
1658.7567 	EXP 	slider_arousal: markerPos = 73.7037037037037
1658.7733 	EXP 	slider_arousal: markerPos = 73.7037037037037
1658.7901 	EXP 	slider_arousal: markerPos = 73.7037037037037
1658.8067 	EXP 	slider_arousal: markerPos = 73.7037037037037
1658.8233 	EXP 	slider_arousal: markerPos = 73.7037037037037
1658.8266 	DATA 	Mouse:  Left button up, pos=(619,329)
1658.8405 	EXP 	slider_arousal: markerPos = 73.7037037037037
1658.8405 	EXP 	slider_arousal: rating = 73.7037037037037
1658.8620 	EXP 	text_slider_arousal: autoDraw = False
1658.8620 	EXP 	slider_arousal: autoDraw = False
1658.8620 	EXP 	slider_effort: markerPos = None
1658.8620 	EXP 	slider_effort: markerPos = None
1658.8620 	EXP 	slider_effort: rating = None
1658.8620 	EXP 	text_slider_effort: autoDraw = True
1658.8620 	EXP 	slider_effort: autoDraw = True
1664.1933 	DATA 	Mouse: Left button down, pos=(705,327)
1664.2067 	EXP 	slider_effort: markerPos = 105.55555555555556
1664.2233 	EXP 	slider_effort: markerPos = 105.55555555555556
1664.2400 	EXP 	slider_effort: markerPos = 105.55555555555556
1664.2567 	EXP 	slider_effort: markerPos = 105.55555555555556
1664.2734 	EXP 	slider_effort: markerPos = 105.55555555555556
1664.2900 	EXP 	slider_effort: markerPos = 105.55555555555556
1664.3066 	EXP 	slider_effort: markerPos = 105.55555555555556
1664.3150 	DATA 	Mouse:  Left button up, pos=(705,327)
1664.3236 	EXP 	slider_effort: markerPos = 105.55555555555556
1664.3406 	EXP 	slider_effort: markerPos = 105.55555555555556
1664.3406 	EXP 	slider_effort: rating = 105.55555555555556
1664.3567 	EXP 	text_slider_effort: autoDraw = False
1664.3567 	EXP 	slider_effort: autoDraw = False
1664.3567 	EXP 	text_end: autoDraw = True
1677.2117 	DATA 	Keypress: space
1677.2241 	EXP 	text_end: autoDraw = False
1677.2924 	EXP 	window1: mouseVisible = True
