1.6211 	WARNING 	We strongly recommend you activate the PTB sound engine in PsychoPy prefs as the preferred audio engine. Its timing is vastly superior. Your prefs are currently set to use ['sounddevice', 'PTB', 'pyo', 'pygame'] (in that order).
9.7001 	WARNING 	Requested an unavailable screen number - using first available.
11.1566 	EXP 	Created window1 = Window(allowGUI=False, allowStencil=False, autoLog=True, backendConf=UNKNOWN, bitsMode=UNKNOWN, blendMode='avg', bpc=(8, 8, 8), color=array([0, 0, 0]), colorSpace='rgb', depthBits=8, fullscr=<method-wrapper '__getattribute__' of attributeSetter object at 0x000001F9A5E12908>, gamma=None, gammaErrorPolicy='raise', lms=UNKNOWN, monitor=<psychopy.monitors.calibTools.Monitor object at 0x000001F9A5D405F8>, multiSample=False, name='window1', numSamples=2, pos=[0.0, 0.0], screen=1, size=array([1920, 1080]), stencilBits=0, stereo=False, units='height', useFBO=True, useRetina=False, viewOri=0.0, viewPos=None, viewScale=None, waitBlanking=True, winType='pyglet')
11.1575 	EXP 	window1: mouseVisible = True
11.1576 	EXP 	window1: recordFrameIntervals = False
11.3216 	EXP 	window1: recordFrameIntervals = True
11.5054 	EXP 	window1: recordFrameIntervals = False
12.0155 	EXP 	Created WelcomeText = TextStim(__class__=<class 'psychopy.visual.text.TextStim'>, alignHoriz=method-wrapper(...), alignText='center', alignVert=method-wrapper(...), anchorHoriz='center', anchorVert='center', antialias=True, autoLog=True, bold=False, color=array([-1., -1., -1.]), colorSpace='rgb', contrast=1.0, depth=0.0, flipHoriz=False, flipVert=False, font='Open Sans', fontFiles=[], height=0.03, italic=False, languageStyle='LTR', name='WelcomeText', opacity=1, ori=0.0, pos=array([0., 0.]), rgb=UNKNOWN, text=str(...), units='height', win=Window(...), wrapWidth=1)
12.0446 	EXP 	Created text_ActiveViewing = TextStim(__class__=<class 'psychopy.visual.text.TextStim'>, alignHoriz=method-wrapper(...), alignText='center', alignVert=method-wrapper(...), anchorHoriz='center', anchorVert='center', antialias=True, autoLog=True, bold=False, color=array([-1., -1., -1.]), colorSpace='rgb', contrast=1.0, depth=0.0, flipHoriz=False, flipVert=False, font='Open Sans', fontFiles=[], height=0.04, italic=False, languageStyle='LTR', name='text_ActiveViewing', opacity=1, ori=0.0, pos=array([0., 0.]), rgb=UNKNOWN, text=str(...), units='height', win=Window(...), wrapWidth=1)
12.0508 	EXP 	Created image_view = ImageStim(__class__=<class 'psychopy.visual.image.ImageStim'>, autoLog=True, color=array([1., 1., 1.]), colorSpace='rgb', contrast=1.0, depth=0.0, flipHoriz=False, flipVert=False, image='sin', interpolate=True, mask=None, maskParams=None, name='image_view', opacity=1, ori=0.0, pos=array([0., 0.]), size=array([1.  , 0.75]), texRes=128.0, units='height', win=Window(...))
12.0580 	EXP 	Created text_fixcross = TextStim(__class__=<class 'psychopy.visual.text.TextStim'>, alignHoriz=method-wrapper(...), alignText='center', alignVert=method-wrapper(...), anchorHoriz='center', anchorVert='center', antialias=True, autoLog=True, bold=False, color=array([-1., -1., -1.]), colorSpace='rgb', contrast=1.0, depth=0.0, flipHoriz=False, flipVert=False, font='Open Sans', fontFiles=[], height=0.1, italic=False, languageStyle='LTR', name='text_fixcross', opacity=1, ori=0.0, pos=array([0., 0.]), rgb=UNKNOWN, text='+', units='height', win=Window(...), wrapWidth=1)
12.0593 	EXP 	Created text_Instruction = TextStim(__class__=<class 'psychopy.visual.text.TextStim'>, alignHoriz=method-wrapper(...), alignText='center', alignVert=method-wrapper(...), anchorHoriz='center', anchorVert='center', antialias=True, autoLog=True, bold=False, color=array([-1., -1., -1.]), colorSpace='rgb', contrast=1.0, depth=0.0, flipHoriz=False, flipVert=False, font='Open Sans', fontFiles=[], height=0.04, italic=False, languageStyle='LTR', name='text_Instruction', opacity=1, ori=0.0, pos=array([0., 0.]), rgb=UNKNOWN, text='', units='height', win=Window(...), wrapWidth=1)
12.0638 	EXP 	Created image_reg = ImageStim(__class__=<class 'psychopy.visual.image.ImageStim'>, autoLog=True, color=array([1., 1., 1.]), colorSpace='rgb', contrast=1.0, depth=0.0, flipHoriz=False, flipVert=False, image='sin', interpolate=True, mask=None, maskParams=None, name='image_reg', opacity=1, ori=0.0, pos=array([0., 0.]), size=array([1.  , 0.75]), texRes=128.0, units='height', win=Window(...))
12.0852 	EXP 	Created text_slider_arousal = TextStim(__class__=<class 'psychopy.visual.text.TextStim'>, alignHoriz=method-wrapper(...), alignText='center', alignVert=method-wrapper(...), anchorHoriz='center', anchorVert='center', antialias=True, autoLog=True, bold=False, color=array([-1., -1., -1.]), colorSpace='rgb', contrast=1.0, depth=0.0, flipHoriz=False, flipVert=False, font='Open Sans', fontFiles=[], height=0.05, italic=False, languageStyle='LTR', name='text_slider_arousal', opacity=1, ori=0.0, pos=array([0., 0.]), rgb=UNKNOWN, text=str(...), units='height', win=Window(...), wrapWidth=1)
12.0937 	EXP 	window1: mouseVisible = True
12.1087 	EXP 	Created slider_arousal = Slider(__class__=<class 'psychopy.visual.slider.Slider'>, autoDraw=False, autoLog=True, borderColor=None, color=None, colorSpace='rgb', depth=-1, fillColor=None, flip=False, font='Open Sans', granularity=0.0, labelHeight=0.05, labelWrapWidth=None, labels=('sehr gering', 'sehr hoch'), name='slider_arousal', opacity=None, pos=(0, -0.2), readOnly=False, self=UNKNOWN, size=[1.0, 0.1], startValue=None, style=method-wrapper(...), styleTweaks=method-wrapper(...), ticks=array([  0, 400]), units='height', win=Window(...))
12.1220 	EXP 	Created text_slider_effort = TextStim(__class__=<class 'psychopy.visual.text.TextStim'>, alignHoriz=method-wrapper(...), alignText='center', alignVert=method-wrapper(...), anchorHoriz='center', anchorVert='center', antialias=True, autoLog=True, bold=False, color=array([-1., -1., -1.]), colorSpace='rgb', contrast=1.0, depth=0.0, flipHoriz=False, flipVert=False, font='Open Sans', fontFiles=[], height=0.05, italic=False, languageStyle='LTR', name='text_slider_effort', opacity=1, ori=0.0, pos=array([0., 0.]), rgb=UNKNOWN, text=str(...), units='height', win=Window(...), wrapWidth=1)
12.1286 	EXP 	window1: mouseVisible = True
12.1410 	EXP 	Created slider_effort = Slider(__class__=<class 'psychopy.visual.slider.Slider'>, autoDraw=False, autoLog=True, borderColor=None, color=None, colorSpace='rgb', depth=-1, fillColor=None, flip=False, font='Open Sans', granularity=0.0, labelHeight=0.05, labelWrapWidth=None, labels=('sehr gering', 'sehr hoch'), name='slider_effort', opacity=None, pos=(0, -0.2), readOnly=False, self=UNKNOWN, size=(1.0, 0.1), startValue=None, style=method-wrapper(...), styleTweaks=method-wrapper(...), ticks=array([  0, 400]), units='height', win=Window(...))
12.2147 	EXP 	Created text_EDinstruction = TextStim(__class__=<class 'psychopy.visual.text.TextStim'>, alignHoriz=method-wrapper(...), alignText='center', alignVert=method-wrapper(...), anchorHoriz='center', anchorVert='center', antialias=True, autoLog=True, bold=False, color=array([-1., -1., -1.]), colorSpace='rgb', contrast=1.0, depth=0.0, flipHoriz=False, flipVert=False, font='Open Sans', fontFiles=[], height=0.03, italic=False, languageStyle='LTR', name='text_EDinstruction', opacity=1, ori=0.0, pos=array([0., 0.]), rgb=UNKNOWN, text=str(...), units='height', win=Window(...), wrapWidth=1)
12.2248 	EXP 	Created question = TextStim(__class__=<class 'psychopy.visual.text.TextStim'>, alignHoriz=method-wrapper(...), alignText='center', alignVert=method-wrapper(...), anchorHoriz='center', anchorVert='center', antialias=True, autoLog=True, bold=False, color=array([-1., -1., -1.]), colorSpace='rgb', contrast=1.0, depth=0.0, flipHoriz=False, flipVert=False, font='Open Sans', fontFiles=[], height=0.03, italic=False, languageStyle='LTR', name='question', opacity=1, ori=0.0, pos=array([0. , 0.1]), rgb=UNKNOWN, text=str(...), units='height', win=Window(...), wrapWidth=1)
12.2249 	EXP 	window1: mouseVisible = True
12.2359 	EXP 	window1: mouseVisible = True
12.2462 	EXP 	window1: mouseVisible = True
12.2514 	EXP 	Created EDbufferscreen = TextStim(__class__=<class 'psychopy.visual.text.TextStim'>, alignHoriz=method-wrapper(...), alignText='center', alignVert=method-wrapper(...), anchorHoriz='center', anchorVert='center', antialias=True, autoLog=True, bold=False, color=array([-1., -1., -1.]), colorSpace='rgb', contrast=1.0, depth=0.0, flipHoriz=False, flipVert=False, font='Open Sans', fontFiles=[], height=0.03, italic=False, languageStyle='LTR', name='EDbufferscreen', opacity=1, ori=0.0, pos=array([0. , 0.1]), rgb=UNKNOWN, text=str(...), units='height', win=Window(...), wrapWidth=1)
12.2871 	EXP 	Created text_choice = TextStim(__class__=<class 'psychopy.visual.text.TextStim'>, alignHoriz=method-wrapper(...), alignText='center', alignVert=method-wrapper(...), anchorHoriz='center', anchorVert='center', antialias=True, autoLog=True, bold=False, color=array([-1., -1., -1.]), colorSpace='rgb', contrast=1.0, depth=0.0, flipHoriz=False, flipVert=False, font='Open Sans', fontFiles=[], height=0.04, italic=False, languageStyle='LTR', name='text_choice', opacity=1, ori=0.0, pos=array([0., 0.]), rgb=UNKNOWN, text=str(...), units='height', win=Window(...), wrapWidth=1)
12.2884 	EXP 	Created text_instr_choice = TextStim(__class__=<class 'psychopy.visual.text.TextStim'>, alignHoriz=method-wrapper(...), alignText='center', alignVert=method-wrapper(...), anchorHoriz='center', anchorVert='center', antialias=True, autoLog=True, bold=False, color=array([-1., -1., -1.]), colorSpace='rgb', contrast=1.0, depth=-1.0, flipHoriz=False, flipVert=False, font='Open Sans', fontFiles=[], height=0.04, italic=False, languageStyle='LTR', name='text_instr_choice', opacity=1, ori=0.0, pos=array([0., 0.]), rgb=UNKNOWN, text='', units='height', win=Window(...), wrapWidth=1)
12.2928 	EXP 	Created image = ImageStim(__class__=<class 'psychopy.visual.image.ImageStim'>, autoLog=True, color=array([1., 1., 1.]), colorSpace='rgb', contrast=1.0, depth=0.0, flipHoriz=False, flipVert=False, image='sin', interpolate=True, mask=None, maskParams=None, name='image', opacity=1, ori=0.0, pos=array([0., 0.]), size=array([1.  , 0.75]), texRes=128.0, units='height', win=Window(...))
12.3120 	EXP 	Created text_end = TextStim(__class__=<class 'psychopy.visual.text.TextStim'>, alignHoriz=method-wrapper(...), alignText='center', alignVert=method-wrapper(...), anchorHoriz='center', anchorVert='center', antialias=True, autoLog=True, bold=False, color=array([-1., -1., -1.]), colorSpace='rgb', contrast=1.0, depth=0.0, flipHoriz=False, flipVert=False, font='Open Sans', fontFiles=[], height=0.05, italic=False, languageStyle='LTR', name='text_end', opacity=1, ori=0.0, pos=array([0., 0.]), rgb=UNKNOWN, text=str(...), units='height', win=Window(...), wrapWidth=1)
12.3438 	EXP 	slider_arousal: autoLog = True
12.3438 	EXP 	slider_arousal: markerPos = None
12.3438 	EXP 	slider_arousal: rating = None
12.3438 	EXP 	slider_arousal: markerPos = None
12.3438 	EXP 	slider_arousal: contrast = 1.0
12.3438 	EXP 	slider_arousal: autoLog = True
12.3438 	EXP 	slider_arousal: styleTweaks = []
12.3438 	EXP 	slider_arousal: style = 'slider'
12.3438 	EXP 	slider_arousal: styleTweaks = []
12.3438 	EXP 	slider_effort: autoLog = True
12.3438 	EXP 	slider_effort: markerPos = None
12.3438 	EXP 	slider_effort: rating = None
12.3438 	EXP 	slider_effort: markerPos = None
12.3438 	EXP 	slider_effort: contrast = 1.0
12.3438 	EXP 	slider_effort: autoLog = True
12.3438 	EXP 	slider_effort: styleTweaks = []
12.3438 	EXP 	slider_effort: style = 'slider'
12.3438 	EXP 	slider_effort: styleTweaks = []
12.3438 	EXP 	WelcomeText: autoDraw = True
88.6791 	DATA 	Keypress: space
88.7193 	EXP 	Imported blocks_view.xlsx as conditions, 2 conditions, 5 params
88.7200 	EXP 	Created sequence: sequential, trialTypes=2, nReps=1, seed=None
88.7204 	EXP 	New trial (rep=0, index=0): {'Block': 1, 'conds_view_File': 'StimuliNeutral.xlsx', 'n_reps': 1, 'instr_1': 'ANSCHAUEN', 'TriggerBlockView': 21}
88.7284 	EXP 	WelcomeText: autoDraw = False
88.7284 	EXP 	text_ActiveViewing: autoDraw = True
95.7901 	DATA 	Keypress: space
95.8189 	EXP 	Imported StimuliNeutral.xlsx as conditions, 20 conditions, 2 params
95.8196 	EXP 	Created sequence: random, trialTypes=20, nReps=1, seed=None
95.8200 	EXP 	New trial (rep=0, index=0): {'ImageFile': 'Stimuli/7009.jpg', 'Trigger': 1}
95.8275 	EXP 	text_ActiveViewing: autoDraw = False
95.8275 	EXP 	text_fixcross: autoDraw = True
99.4995 	EXP 	text_fixcross: autoDraw = False
99.4995 	EXP 	text_fixcross: autoDraw = False
99.4995 	EXP 	image_view: image = 'Stimuli/7009.jpg'
99.4995 	EXP 	image_view: autoDraw = True
105.4926 	EXP 	New trial (rep=0, index=1): {'ImageFile': 'Stimuli/083.jpg', 'Trigger': 1}
105.5068 	EXP 	image_view: autoDraw = False
105.5068 	EXP 	image_view: autoDraw = False
105.5068 	EXP 	text_fixcross: autoDraw = True
110.3718 	EXP 	text_fixcross: autoDraw = False
110.3718 	EXP 	text_fixcross: autoDraw = False
110.3718 	EXP 	image_view: image = 'Stimuli/083.jpg'
110.3718 	EXP 	image_view: autoDraw = True
116.3586 	EXP 	New trial (rep=0, index=2): {'ImageFile': 'Stimuli/124.jpg', 'Trigger': 1}
116.3724 	EXP 	image_view: autoDraw = False
116.3724 	EXP 	image_view: autoDraw = False
116.3724 	EXP 	text_fixcross: autoDraw = True
120.0023 	EXP 	text_fixcross: autoDraw = False
120.0023 	EXP 	text_fixcross: autoDraw = False
120.0023 	EXP 	image_view: image = 'Stimuli/124.jpg'
120.0023 	EXP 	image_view: autoDraw = True
125.9918 	EXP 	New trial (rep=0, index=3): {'ImageFile': 'Stimuli/143.jpg', 'Trigger': 1}
126.0057 	EXP 	image_view: autoDraw = False
126.0057 	EXP 	image_view: autoDraw = False
126.0057 	EXP 	text_fixcross: autoDraw = True
130.9498 	EXP 	text_fixcross: autoDraw = False
130.9498 	EXP 	text_fixcross: autoDraw = False
130.9498 	EXP 	image_view: image = 'Stimuli/143.jpg'
130.9498 	EXP 	image_view: autoDraw = True
136.9418 	EXP 	New trial (rep=0, index=4): {'ImageFile': 'Stimuli/7000.jpg', 'Trigger': 1}
136.9557 	EXP 	image_view: autoDraw = False
136.9557 	EXP 	image_view: autoDraw = False
136.9557 	EXP 	text_fixcross: autoDraw = True
141.2054 	EXP 	text_fixcross: autoDraw = False
141.2054 	EXP 	text_fixcross: autoDraw = False
141.2054 	EXP 	image_view: image = 'Stimuli/7000.jpg'
141.2054 	EXP 	image_view: autoDraw = True
147.1920 	EXP 	New trial (rep=0, index=5): {'ImageFile': 'Stimuli/7185.jpg', 'Trigger': 1}
147.2057 	EXP 	image_view: autoDraw = False
147.2057 	EXP 	image_view: autoDraw = False
147.2057 	EXP 	text_fixcross: autoDraw = True
150.6466 	EXP 	text_fixcross: autoDraw = False
150.6466 	EXP 	text_fixcross: autoDraw = False
150.6466 	EXP 	image_view: image = 'Stimuli/7185.jpg'
150.6466 	EXP 	image_view: autoDraw = True
156.6418 	EXP 	New trial (rep=0, index=6): {'ImageFile': 'Stimuli/7025.jpg', 'Trigger': 1}
156.6557 	EXP 	image_view: autoDraw = False
156.6557 	EXP 	image_view: autoDraw = False
156.6557 	EXP 	text_fixcross: autoDraw = True
159.8934 	EXP 	text_fixcross: autoDraw = False
159.8934 	EXP 	text_fixcross: autoDraw = False
159.8934 	EXP 	image_view: image = 'Stimuli/7025.jpg'
159.8934 	EXP 	image_view: autoDraw = True
165.8917 	EXP 	New trial (rep=0, index=7): {'ImageFile': 'Stimuli/7233.jpg', 'Trigger': 1}
165.9057 	EXP 	image_view: autoDraw = False
165.9057 	EXP 	image_view: autoDraw = False
165.9057 	EXP 	text_fixcross: autoDraw = True
170.6660 	EXP 	text_fixcross: autoDraw = False
170.6660 	EXP 	text_fixcross: autoDraw = False
170.6660 	EXP 	image_view: image = 'Stimuli/7233.jpg'
170.6660 	EXP 	image_view: autoDraw = True
176.6585 	EXP 	New trial (rep=0, index=8): {'ImageFile': 'Stimuli/140.jpg', 'Trigger': 1}
176.6723 	EXP 	image_view: autoDraw = False
176.6723 	EXP 	image_view: autoDraw = False
176.6723 	EXP 	text_fixcross: autoDraw = True
180.5190 	EXP 	text_fixcross: autoDraw = False
180.5190 	EXP 	text_fixcross: autoDraw = False
180.5190 	EXP 	image_view: image = 'Stimuli/140.jpg'
180.5190 	EXP 	image_view: autoDraw = True
186.5083 	EXP 	New trial (rep=0, index=9): {'ImageFile': 'Stimuli/7211.jpg', 'Trigger': 1}
186.5225 	EXP 	image_view: autoDraw = False
186.5225 	EXP 	image_view: autoDraw = False
186.5225 	EXP 	text_fixcross: autoDraw = True
189.6675 	EXP 	text_fixcross: autoDraw = False
189.6675 	EXP 	text_fixcross: autoDraw = False
189.6675 	EXP 	image_view: image = 'Stimuli/7211.jpg'
189.6675 	EXP 	image_view: autoDraw = True
195.6583 	EXP 	New trial (rep=0, index=10): {'ImageFile': 'Stimuli/7100.jpg', 'Trigger': 1}
195.6722 	EXP 	image_view: autoDraw = False
195.6722 	EXP 	image_view: autoDraw = False
195.6722 	EXP 	text_fixcross: autoDraw = True
198.8129 	EXP 	text_fixcross: autoDraw = False
198.8129 	EXP 	text_fixcross: autoDraw = False
198.8129 	EXP 	image_view: image = 'Stimuli/7100.jpg'
198.8129 	EXP 	image_view: autoDraw = True
204.8084 	EXP 	New trial (rep=0, index=11): {'ImageFile': 'Stimuli/7150.jpg', 'Trigger': 1}
204.8217 	EXP 	image_view: autoDraw = False
204.8217 	EXP 	image_view: autoDraw = False
204.8217 	EXP 	text_fixcross: autoDraw = True
209.0655 	EXP 	text_fixcross: autoDraw = False
209.0655 	EXP 	text_fixcross: autoDraw = False
209.0655 	EXP 	image_view: image = 'Stimuli/7150.jpg'
209.0655 	EXP 	image_view: autoDraw = True
215.0577 	EXP 	New trial (rep=0, index=12): {'ImageFile': 'Stimuli/7002.jpg', 'Trigger': 1}
215.0714 	EXP 	image_view: autoDraw = False
215.0714 	EXP 	image_view: autoDraw = False
215.0714 	EXP 	text_fixcross: autoDraw = True
219.5027 	EXP 	text_fixcross: autoDraw = False
219.5027 	EXP 	text_fixcross: autoDraw = False
219.5027 	EXP 	image_view: image = 'Stimuli/7002.jpg'
219.5027 	EXP 	image_view: autoDraw = True
225.4917 	EXP 	New trial (rep=0, index=13): {'ImageFile': 'Stimuli/7224.jpg', 'Trigger': 1}
225.5056 	EXP 	image_view: autoDraw = False
225.5056 	EXP 	image_view: autoDraw = False
225.5056 	EXP 	text_fixcross: autoDraw = True
229.1451 	EXP 	text_fixcross: autoDraw = False
229.1451 	EXP 	text_fixcross: autoDraw = False
229.1451 	EXP 	image_view: image = 'Stimuli/7224.jpg'
229.1451 	EXP 	image_view: autoDraw = True
235.1418 	EXP 	New trial (rep=0, index=14): {'ImageFile': 'Stimuli/7021.jpg', 'Trigger': 1}
235.1556 	EXP 	image_view: autoDraw = False
235.1556 	EXP 	image_view: autoDraw = False
235.1556 	EXP 	text_fixcross: autoDraw = True
240.1154 	EXP 	text_fixcross: autoDraw = False
240.1154 	EXP 	text_fixcross: autoDraw = False
240.1154 	EXP 	image_view: image = 'Stimuli/7021.jpg'
240.1154 	EXP 	image_view: autoDraw = True
246.1085 	EXP 	New trial (rep=0, index=15): {'ImageFile': 'Stimuli/7041.jpg', 'Trigger': 1}
246.1223 	EXP 	image_view: autoDraw = False
246.1223 	EXP 	image_view: autoDraw = False
246.1223 	EXP 	text_fixcross: autoDraw = True
250.2657 	EXP 	text_fixcross: autoDraw = False
250.2657 	EXP 	text_fixcross: autoDraw = False
250.2657 	EXP 	image_view: image = 'Stimuli/7041.jpg'
250.2657 	EXP 	image_view: autoDraw = True
256.2584 	EXP 	New trial (rep=0, index=16): {'ImageFile': 'Stimuli/7004.jpg', 'Trigger': 1}
256.2723 	EXP 	image_view: autoDraw = False
256.2723 	EXP 	image_view: autoDraw = False
256.2723 	EXP 	text_fixcross: autoDraw = True
259.3119 	EXP 	text_fixcross: autoDraw = False
259.3119 	EXP 	text_fixcross: autoDraw = False
259.3119 	EXP 	image_view: image = 'Stimuli/7004.jpg'
259.3119 	EXP 	image_view: autoDraw = True
265.3084 	EXP 	New trial (rep=0, index=17): {'ImageFile': 'Stimuli/7235.jpg', 'Trigger': 1}
265.3222 	EXP 	image_view: autoDraw = False
265.3222 	EXP 	image_view: autoDraw = False
265.3222 	EXP 	text_fixcross: autoDraw = True
269.9658 	EXP 	text_fixcross: autoDraw = False
269.9658 	EXP 	text_fixcross: autoDraw = False
269.9658 	EXP 	image_view: image = 'Stimuli/7235.jpg'
269.9658 	EXP 	image_view: autoDraw = True
275.9584 	EXP 	New trial (rep=0, index=18): {'ImageFile': 'Stimuli/7006.jpg', 'Trigger': 1}
275.9723 	EXP 	image_view: autoDraw = False
275.9723 	EXP 	image_view: autoDraw = False
275.9723 	EXP 	text_fixcross: autoDraw = True
280.4172 	EXP 	text_fixcross: autoDraw = False
280.4172 	EXP 	text_fixcross: autoDraw = False
280.4172 	EXP 	image_view: image = 'Stimuli/7006.jpg'
280.4172 	EXP 	image_view: autoDraw = True
286.4076 	EXP 	New trial (rep=0, index=19): {'ImageFile': 'Stimuli/107.jpg', 'Trigger': 1}
286.4213 	EXP 	image_view: autoDraw = False
286.4213 	EXP 	image_view: autoDraw = False
286.4213 	EXP 	text_fixcross: autoDraw = True
290.4446 	EXP 	text_fixcross: autoDraw = False
290.4446 	EXP 	text_fixcross: autoDraw = False
290.4446 	EXP 	image_view: image = 'Stimuli/107.jpg'
290.4446 	EXP 	image_view: autoDraw = True
296.4772 	EXP 	image_view: autoDraw = False
296.4772 	EXP 	image_view: autoDraw = False
296.4772 	EXP 	slider_arousal: markerPos = None
296.4772 	EXP 	slider_arousal: markerPos = None
296.4772 	EXP 	slider_arousal: rating = None
296.4772 	EXP 	text_slider_arousal: autoDraw = True
296.4772 	EXP 	slider_arousal: autoDraw = True
302.6237 	DATA 	Mouse: Left button down, pos=(429,336)
302.6372 	EXP 	slider_arousal: markerPos = 3.3333333333333437
302.6539 	EXP 	slider_arousal: markerPos = 3.3333333333333437
302.6707 	EXP 	slider_arousal: markerPos = 3.3333333333333437
302.6872 	EXP 	slider_arousal: markerPos = 3.3333333333333437
302.7039 	EXP 	slider_arousal: markerPos = 3.3333333333333437
302.7207 	EXP 	slider_arousal: markerPos = 3.3333333333333437
302.7372 	EXP 	slider_arousal: markerPos = 3.3333333333333437
302.7539 	EXP 	slider_arousal: markerPos = 3.3333333333333437
302.7705 	EXP 	slider_arousal: markerPos = 3.3333333333333437
302.7738 	DATA 	Mouse:  Left button up, pos=(429,336)
302.7881 	EXP 	slider_arousal: markerPos = 3.3333333333333437
302.7881 	EXP 	slider_arousal: rating = 3.3333333333333437
302.8114 	EXP 	text_slider_arousal: autoDraw = False
302.8114 	EXP 	slider_arousal: autoDraw = False
302.8114 	EXP 	slider_effort: markerPos = None
302.8114 	EXP 	slider_effort: markerPos = None
302.8114 	EXP 	slider_effort: rating = None
302.8114 	EXP 	text_slider_effort: autoDraw = True
302.8114 	EXP 	slider_effort: autoDraw = True
305.8769 	DATA 	Mouse: Left button down, pos=(450,334)
305.9039 	EXP 	slider_effort: markerPos = 11.111111111111116
305.9205 	EXP 	slider_effort: markerPos = 11.111111111111116
305.9372 	EXP 	slider_effort: markerPos = 11.111111111111116
305.9539 	EXP 	slider_effort: markerPos = 11.111111111111116
305.9705 	EXP 	slider_effort: markerPos = 11.111111111111116
305.9872 	EXP 	slider_effort: markerPos = 11.111111111111116
306.0038 	EXP 	slider_effort: markerPos = 11.111111111111116
306.0206 	EXP 	slider_effort: markerPos = 11.111111111111116
306.0374 	EXP 	slider_effort: markerPos = 11.111111111111116
306.0407 	DATA 	Mouse:  Left button up, pos=(450,334)
306.0551 	EXP 	slider_effort: markerPos = 11.111111111111116
306.0551 	EXP 	slider_effort: rating = 11.111111111111116
306.0587 	EXP 	New trial (rep=0, index=1): {'Block': 2, 'conds_view_File': 'StimuliNegative.xlsx', 'n_reps': 1, 'instr_1': 'ANSCHAUEN', 'TriggerBlockView': 22}
306.0705 	EXP 	text_slider_effort: autoDraw = False
306.0705 	EXP 	slider_effort: autoDraw = False
306.0705 	EXP 	text_ActiveViewing: autoDraw = True
316.0231 	DATA 	Keypress: space
316.0570 	EXP 	Imported StimuliNegative_1.xlsx as conditions, 20 conditions, 1 params
316.0575 	EXP 	Created sequence: random, trialTypes=20, nReps=1, seed=None
316.0578 	EXP 	New trial (rep=0, index=0): {'ImageFile': 'Stimuli/9182.jpg'}
316.0644 	EXP 	text_ActiveViewing: autoDraw = False
316.0644 	EXP 	text_fixcross: autoDraw = True
320.3229 	EXP 	text_fixcross: autoDraw = False
320.3229 	EXP 	text_fixcross: autoDraw = False
320.3229 	EXP 	image_view: image = 'Stimuli/9182.jpg'
320.3229 	EXP 	image_view: autoDraw = True
326.3257 	EXP 	New trial (rep=0, index=1): {'ImageFile': 'Stimuli/3280.jpg'}
326.3399 	EXP 	image_view: autoDraw = False
326.3399 	EXP 	image_view: autoDraw = False
326.3399 	EXP 	text_fixcross: autoDraw = True
330.1777 	EXP 	text_fixcross: autoDraw = False
330.1777 	EXP 	text_fixcross: autoDraw = False
330.1777 	EXP 	image_view: image = 'Stimuli/3280.jpg'
330.1777 	EXP 	image_view: autoDraw = True
336.1750 	EXP 	New trial (rep=0, index=2): {'ImageFile': 'Stimuli/327.jpg'}
336.1890 	EXP 	image_view: autoDraw = False
336.1890 	EXP 	image_view: autoDraw = False
336.1890 	EXP 	text_fixcross: autoDraw = True
341.0394 	EXP 	text_fixcross: autoDraw = False
341.0394 	EXP 	text_fixcross: autoDraw = False
341.0394 	EXP 	image_view: image = 'Stimuli/327.jpg'
341.0394 	EXP 	image_view: autoDraw = True
347.0419 	EXP 	New trial (rep=0, index=3): {'ImageFile': 'Stimuli/9425.jpg'}
347.0557 	EXP 	image_view: autoDraw = False
347.0557 	EXP 	image_view: autoDraw = False
347.0557 	EXP 	text_fixcross: autoDraw = True
351.8229 	EXP 	text_fixcross: autoDraw = False
351.8229 	EXP 	text_fixcross: autoDraw = False
351.8229 	EXP 	image_view: image = 'Stimuli/9425.jpg'
351.8229 	EXP 	image_view: autoDraw = True
357.8248 	EXP 	New trial (rep=0, index=4): {'ImageFile': 'Stimuli/6244.jpg'}
357.8388 	EXP 	image_view: autoDraw = False
357.8388 	EXP 	image_view: autoDraw = False
357.8388 	EXP 	text_fixcross: autoDraw = True
361.2771 	EXP 	text_fixcross: autoDraw = False
361.2771 	EXP 	text_fixcross: autoDraw = False
361.2771 	EXP 	image_view: image = 'Stimuli/6244.jpg'
361.2771 	EXP 	image_view: autoDraw = True
367.2754 	EXP 	New trial (rep=0, index=5): {'ImageFile': 'Stimuli/3022.jpg'}
367.2889 	EXP 	image_view: autoDraw = False
367.2889 	EXP 	image_view: autoDraw = False
367.2889 	EXP 	text_fixcross: autoDraw = True
372.3350 	EXP 	text_fixcross: autoDraw = False
372.3350 	EXP 	text_fixcross: autoDraw = False
372.3350 	EXP 	image_view: image = 'Stimuli/3022.jpg'
372.3350 	EXP 	image_view: autoDraw = True
378.3250 	EXP 	New trial (rep=0, index=6): {'ImageFile': 'Stimuli/9300.jpg'}
378.3390 	EXP 	image_view: autoDraw = False
378.3390 	EXP 	image_view: autoDraw = False
378.3390 	EXP 	text_fixcross: autoDraw = True
381.3838 	EXP 	text_fixcross: autoDraw = False
381.3838 	EXP 	text_fixcross: autoDraw = False
381.3838 	EXP 	image_view: image = 'Stimuli/9300.jpg'
381.3838 	EXP 	image_view: autoDraw = True
387.3730 	EXP 	New trial (rep=0, index=7): {'ImageFile': 'Stimuli/1111.jpg'}
387.3870 	EXP 	image_view: autoDraw = False
387.3870 	EXP 	image_view: autoDraw = False
387.3870 	EXP 	text_fixcross: autoDraw = True
390.8230 	EXP 	text_fixcross: autoDraw = False
390.8230 	EXP 	text_fixcross: autoDraw = False
390.8230 	EXP 	image_view: image = 'Stimuli/1111.jpg'
390.8230 	EXP 	image_view: autoDraw = True
396.8252 	EXP 	New trial (rep=0, index=8): {'ImageFile': 'Stimuli/9326.jpg'}
396.8391 	EXP 	image_view: autoDraw = False
396.8391 	EXP 	image_view: autoDraw = False
396.8391 	EXP 	text_fixcross: autoDraw = True
400.3895 	EXP 	text_fixcross: autoDraw = False
400.3895 	EXP 	text_fixcross: autoDraw = False
400.3895 	EXP 	image_view: image = 'Stimuli/9326.jpg'
400.3895 	EXP 	image_view: autoDraw = True
406.3916 	EXP 	New trial (rep=0, index=9): {'ImageFile': 'Stimuli/9424.jpg'}
406.4055 	EXP 	image_view: autoDraw = False
406.4055 	EXP 	image_view: autoDraw = False
406.4055 	EXP 	text_fixcross: autoDraw = True
409.9457 	EXP 	text_fixcross: autoDraw = False
409.9457 	EXP 	text_fixcross: autoDraw = False
409.9457 	EXP 	image_view: image = 'Stimuli/9424.jpg'
409.9457 	EXP 	image_view: autoDraw = True
415.9414 	EXP 	New trial (rep=0, index=10): {'ImageFile': 'Stimuli/9253.jpg'}
415.9553 	EXP 	image_view: autoDraw = False
415.9553 	EXP 	image_view: autoDraw = False
415.9553 	EXP 	text_fixcross: autoDraw = True
419.5029 	EXP 	text_fixcross: autoDraw = False
419.5029 	EXP 	text_fixcross: autoDraw = False
419.5029 	EXP 	image_view: image = 'Stimuli/9253.jpg'
419.5029 	EXP 	image_view: autoDraw = True
425.4917 	EXP 	New trial (rep=0, index=11): {'ImageFile': 'Stimuli/255.jpg'}
425.5058 	EXP 	image_view: autoDraw = False
425.5058 	EXP 	image_view: autoDraw = False
425.5058 	EXP 	text_fixcross: autoDraw = True
429.3521 	EXP 	text_fixcross: autoDraw = False
429.3521 	EXP 	text_fixcross: autoDraw = False
429.3521 	EXP 	image_view: image = 'Stimuli/255.jpg'
429.3521 	EXP 	image_view: autoDraw = True
435.3418 	EXP 	New trial (rep=0, index=12): {'ImageFile': 'Stimuli/3017.jpg'}
435.3559 	EXP 	image_view: autoDraw = False
435.3559 	EXP 	image_view: autoDraw = False
435.3559 	EXP 	text_fixcross: autoDraw = True
439.5124 	EXP 	text_fixcross: autoDraw = False
439.5124 	EXP 	text_fixcross: autoDraw = False
439.5124 	EXP 	image_view: image = 'Stimuli/3017.jpg'
439.5124 	EXP 	image_view: autoDraw = True
445.5082 	EXP 	New trial (rep=0, index=13): {'ImageFile': 'Stimuli/225.jpg'}
445.5223 	EXP 	image_view: autoDraw = False
445.5223 	EXP 	image_view: autoDraw = False
445.5223 	EXP 	text_fixcross: autoDraw = True
450.4703 	EXP 	text_fixcross: autoDraw = False
450.4703 	EXP 	text_fixcross: autoDraw = False
450.4703 	EXP 	image_view: image = 'Stimuli/225.jpg'
450.4703 	EXP 	image_view: autoDraw = True
456.4582 	EXP 	New trial (rep=0, index=14): {'ImageFile': 'Stimuli/3180.jpg'}
456.4721 	EXP 	image_view: autoDraw = False
456.4721 	EXP 	image_view: autoDraw = False
456.4721 	EXP 	text_fixcross: autoDraw = True
459.7239 	EXP 	text_fixcross: autoDraw = False
459.7239 	EXP 	text_fixcross: autoDraw = False
459.7239 	EXP 	image_view: image = 'Stimuli/3180.jpg'
459.7239 	EXP 	image_view: autoDraw = True
465.7249 	EXP 	New trial (rep=0, index=15): {'ImageFile': 'Stimuli/230.jpg'}
465.7388 	EXP 	image_view: autoDraw = False
465.7388 	EXP 	image_view: autoDraw = False
465.7388 	EXP 	text_fixcross: autoDraw = True
469.0728 	EXP 	text_fixcross: autoDraw = False
469.0728 	EXP 	text_fixcross: autoDraw = False
469.0728 	EXP 	image_view: image = 'Stimuli/230.jpg'
469.0728 	EXP 	image_view: autoDraw = True
475.0748 	EXP 	New trial (rep=0, index=16): {'ImageFile': 'Stimuli/9920.jpg'}
475.0889 	EXP 	image_view: autoDraw = False
475.0889 	EXP 	image_view: autoDraw = False
475.0889 	EXP 	text_fixcross: autoDraw = True
479.3419 	EXP 	text_fixcross: autoDraw = False
479.3419 	EXP 	text_fixcross: autoDraw = False
479.3419 	EXP 	image_view: image = 'Stimuli/9920.jpg'
479.3419 	EXP 	image_view: autoDraw = True
485.3416 	EXP 	New trial (rep=0, index=17): {'ImageFile': 'Stimuli/9180.jpg'}
485.3555 	EXP 	image_view: autoDraw = False
485.3555 	EXP 	image_view: autoDraw = False
485.3555 	EXP 	text_fixcross: autoDraw = True
489.6969 	EXP 	text_fixcross: autoDraw = False
489.6969 	EXP 	text_fixcross: autoDraw = False
489.6969 	EXP 	image_view: image = 'Stimuli/9180.jpg'
489.6969 	EXP 	image_view: autoDraw = True
495.6914 	EXP 	New trial (rep=0, index=18): {'ImageFile': 'Stimuli/6836.jpg'}
495.7054 	EXP 	image_view: autoDraw = False
495.7054 	EXP 	image_view: autoDraw = False
495.7054 	EXP 	text_fixcross: autoDraw = True
499.7581 	EXP 	text_fixcross: autoDraw = False
499.7581 	EXP 	text_fixcross: autoDraw = False
499.7581 	EXP 	image_view: image = 'Stimuli/6836.jpg'
499.7581 	EXP 	image_view: autoDraw = True
505.7582 	EXP 	New trial (rep=0, index=19): {'ImageFile': 'Stimuli/6190.jpg'}
505.7722 	EXP 	image_view: autoDraw = False
505.7722 	EXP 	image_view: autoDraw = False
505.7722 	EXP 	text_fixcross: autoDraw = True
509.1099 	EXP 	text_fixcross: autoDraw = False
509.1099 	EXP 	text_fixcross: autoDraw = False
509.1099 	EXP 	image_view: image = 'Stimuli/6190.jpg'
509.1099 	EXP 	image_view: autoDraw = True
515.1405 	EXP 	image_view: autoDraw = False
515.1405 	EXP 	image_view: autoDraw = False
515.1405 	EXP 	slider_arousal: markerPos = None
515.1405 	EXP 	slider_arousal: markerPos = None
515.1405 	EXP 	slider_arousal: rating = None
515.1405 	EXP 	text_slider_arousal: autoDraw = True
515.1405 	EXP 	slider_arousal: autoDraw = True
524.8068 	DATA 	Mouse: Left button down, pos=(688,338)
524.8206 	EXP 	slider_arousal: markerPos = 99.25925925925927
524.8371 	EXP 	slider_arousal: markerPos = 99.25925925925927
524.8538 	EXP 	slider_arousal: markerPos = 99.25925925925927
524.8705 	EXP 	slider_arousal: markerPos = 99.25925925925927
524.8869 	EXP 	slider_arousal: markerPos = 99.25925925925927
524.9035 	EXP 	slider_arousal: markerPos = 99.25925925925927
524.9202 	EXP 	slider_arousal: markerPos = 99.25925925925927
524.9369 	EXP 	slider_arousal: markerPos = 99.25925925925927
524.9402 	DATA 	Mouse:  Left button up, pos=(688,338)
524.9543 	EXP 	slider_arousal: markerPos = 99.25925925925927
524.9543 	EXP 	slider_arousal: rating = 99.25925925925927
524.9759 	EXP 	text_slider_arousal: autoDraw = False
524.9759 	EXP 	slider_arousal: autoDraw = False
524.9759 	EXP 	slider_effort: markerPos = None
524.9759 	EXP 	slider_effort: markerPos = None
524.9759 	EXP 	slider_effort: rating = None
524.9759 	EXP 	text_slider_effort: autoDraw = True
524.9759 	EXP 	slider_effort: autoDraw = True
529.1402 	DATA 	Mouse: Left button down, pos=(588,331)
529.1539 	EXP 	slider_effort: markerPos = 62.22222222222222
529.1705 	EXP 	slider_effort: markerPos = 62.22222222222222
529.1871 	EXP 	slider_effort: markerPos = 62.22222222222222
529.2034 	EXP 	slider_effort: markerPos = 62.22222222222222
529.2201 	EXP 	slider_effort: markerPos = 62.22222222222222
529.2368 	EXP 	slider_effort: markerPos = 62.22222222222222
529.2446 	DATA 	Mouse:  Left button up, pos=(588,331)
529.2536 	EXP 	slider_effort: markerPos = 62.22222222222222
529.2706 	EXP 	slider_effort: markerPos = 62.22222222222222
529.2706 	EXP 	slider_effort: rating = 62.22222222222222
529.2905 	EXP 	Imported blocks_reg.xlsx as conditions, 3 conditions, 6 params
529.2909 	EXP 	Created sequence: random, trialTypes=3, nReps=1, seed=None
529.2912 	EXP 	New trial (rep=0, index=0): {'Block': 3, 'conds_reg_File': 'StimuliNegative.xlsx', 'n_reps': 1, 'TriggerBlockReg': 23, 'instr_1': 'ABLENKEN', 'instr_2': 'Denken Sie während des Betrachtens der Bilder an etwas Neutrales, das mit dem Bild nichts zu tun hat. Das könnten geometrische Figuren, Alltagstätigkeiten oder bekannte Orte sein.'}
529.3236 	EXP 	text_slider_effort: autoDraw = False
529.3236 	EXP 	slider_effort: autoDraw = False
529.3236 	EXP 	text_Instruction: text = 'ABLENKEN\n\nIn diesem Block werden Sie eine Reihe von Bildern sehen. Diese sollen Sie aufmerksam ansehen.\nDenken Sie während des Betrachtens der Bilder an etwas Neutrales, das mit dem Bild nichts zu tun hat. Das könnten geometrische Figuren, Alltagstätigkeiten oder bekannte Orte sein.\n\nBitte konzentrieren Sie Ihre Regulationsbemühungen nur auf das Bild, nicht aber auf die Zeiträume zwischen den Bildern.\n\nZum Starten des Blocks Leertaste drücken'
529.3236 	EXP 	text_Instruction: autoDraw = True
545.3424 	EXP 	Imported StimuliNegative_3.xlsx as conditions, 20 conditions, 1 params
545.3429 	EXP 	Created sequence: random, trialTypes=20, nReps=1, seed=None
545.3433 	EXP 	New trial (rep=0, index=0): {'ImageFile': 'Stimuli/219.jpg'}
545.3465 	DATA 	Keypress: space
545.3502 	EXP 	text_Instruction: autoDraw = False
545.3502 	EXP 	text_fixcross: autoDraw = True
548.3813 	EXP 	text_fixcross: autoDraw = False
548.3813 	EXP 	text_fixcross: autoDraw = False
548.3813 	EXP 	image_reg: image = 'Stimuli/219.jpg'
548.3813 	EXP 	image_reg: autoDraw = True
554.3755 	EXP 	New trial (rep=0, index=1): {'ImageFile': 'Stimuli/6940.jpg'}
554.3897 	EXP 	image_reg: autoDraw = False
554.3897 	EXP 	image_reg: autoDraw = False
554.3897 	EXP 	text_fixcross: autoDraw = True
559.0456 	EXP 	text_fixcross: autoDraw = False
559.0456 	EXP 	text_fixcross: autoDraw = False
559.0456 	EXP 	image_reg: image = 'Stimuli/6940.jpg'
559.0456 	EXP 	image_reg: autoDraw = True
565.0416 	EXP 	New trial (rep=0, index=2): {'ImageFile': 'Stimuli/253.jpg'}
565.0556 	EXP 	image_reg: autoDraw = False
565.0556 	EXP 	image_reg: autoDraw = False
565.0556 	EXP 	text_fixcross: autoDraw = True
568.6959 	EXP 	text_fixcross: autoDraw = False
568.6959 	EXP 	text_fixcross: autoDraw = False
568.6959 	EXP 	image_reg: image = 'Stimuli/253.jpg'
568.6959 	EXP 	image_reg: autoDraw = True
574.6913 	EXP 	New trial (rep=0, index=3): {'ImageFile': 'Stimuli/9140.jpg'}
574.7049 	EXP 	image_reg: autoDraw = False
574.7049 	EXP 	image_reg: autoDraw = False
574.7049 	EXP 	text_fixcross: autoDraw = True
579.3615 	EXP 	text_fixcross: autoDraw = False
579.3615 	EXP 	text_fixcross: autoDraw = False
579.3615 	EXP 	image_reg: image = 'Stimuli/9140.jpg'
579.3615 	EXP 	image_reg: autoDraw = True
585.3583 	EXP 	New trial (rep=0, index=4): {'ImageFile': 'Stimuli/326.jpg'}
585.3724 	EXP 	image_reg: autoDraw = False
585.3724 	EXP 	image_reg: autoDraw = False
585.3724 	EXP 	text_fixcross: autoDraw = True
589.6282 	EXP 	text_fixcross: autoDraw = False
589.6282 	EXP 	text_fixcross: autoDraw = False
589.6282 	EXP 	image_reg: image = 'Stimuli/326.jpg'
589.6282 	EXP 	image_reg: autoDraw = True
595.6248 	EXP 	New trial (rep=0, index=5): {'ImageFile': 'Stimuli/8230.jpg'}
595.6388 	EXP 	image_reg: autoDraw = False
595.6388 	EXP 	image_reg: autoDraw = False
595.6388 	EXP 	text_fixcross: autoDraw = True
599.5851 	EXP 	text_fixcross: autoDraw = False
599.5851 	EXP 	text_fixcross: autoDraw = False
599.5851 	EXP 	image_reg: image = 'Stimuli/8230.jpg'
599.5851 	EXP 	image_reg: autoDraw = True
605.5748 	EXP 	New trial (rep=0, index=6): {'ImageFile': 'Stimuli/6410.jpg'}
605.5888 	EXP 	image_reg: autoDraw = False
605.5888 	EXP 	image_reg: autoDraw = False
605.5888 	EXP 	text_fixcross: autoDraw = True
610.0349 	EXP 	text_fixcross: autoDraw = False
610.0349 	EXP 	text_fixcross: autoDraw = False
610.0349 	EXP 	image_reg: image = 'Stimuli/6410.jpg'
610.0349 	EXP 	image_reg: autoDraw = True
616.0244 	EXP 	New trial (rep=0, index=7): {'ImageFile': 'Stimuli/6242.jpg'}
616.0379 	EXP 	image_reg: autoDraw = False
616.0379 	EXP 	image_reg: autoDraw = False
616.0379 	EXP 	text_fixcross: autoDraw = True
619.2692 	EXP 	text_fixcross: autoDraw = False
619.2692 	EXP 	text_fixcross: autoDraw = False
619.2692 	EXP 	image_reg: image = 'Stimuli/6242.jpg'
619.2692 	EXP 	image_reg: autoDraw = True
625.2580 	EXP 	New trial (rep=0, index=8): {'ImageFile': 'Stimuli/6555.jpg'}
625.2721 	EXP 	image_reg: autoDraw = False
625.2721 	EXP 	image_reg: autoDraw = False
625.2721 	EXP 	text_fixcross: autoDraw = True
629.3143 	EXP 	text_fixcross: autoDraw = False
629.3143 	EXP 	text_fixcross: autoDraw = False
629.3143 	EXP 	image_reg: image = 'Stimuli/6555.jpg'
629.3143 	EXP 	image_reg: autoDraw = True
635.3081 	EXP 	New trial (rep=0, index=9): {'ImageFile': 'Stimuli/9340.jpg'}
635.3220 	EXP 	image_reg: autoDraw = False
635.3220 	EXP 	image_reg: autoDraw = False
635.3220 	EXP 	text_fixcross: autoDraw = True
638.5623 	EXP 	text_fixcross: autoDraw = False
638.5623 	EXP 	text_fixcross: autoDraw = False
638.5623 	EXP 	image_reg: image = 'Stimuli/9340.jpg'
638.5623 	EXP 	image_reg: autoDraw = True
644.5583 	EXP 	New trial (rep=0, index=10): {'ImageFile': 'Stimuli/3350.jpg'}
644.5721 	EXP 	image_reg: autoDraw = False
644.5721 	EXP 	image_reg: autoDraw = False
644.5721 	EXP 	text_fixcross: autoDraw = True
649.6182 	EXP 	text_fixcross: autoDraw = False
649.6182 	EXP 	text_fixcross: autoDraw = False
649.6182 	EXP 	image_reg: image = 'Stimuli/3350.jpg'
649.6182 	EXP 	image_reg: autoDraw = True
655.6078 	EXP 	New trial (rep=0, index=11): {'ImageFile': 'Stimuli/9570.jpg'}
655.6214 	EXP 	image_reg: autoDraw = False
655.6214 	EXP 	image_reg: autoDraw = False
655.6214 	EXP 	text_fixcross: autoDraw = True
658.8589 	EXP 	text_fixcross: autoDraw = False
658.8589 	EXP 	text_fixcross: autoDraw = False
658.8589 	EXP 	image_reg: image = 'Stimuli/9570.jpg'
658.8589 	EXP 	image_reg: autoDraw = True
664.8585 	EXP 	New trial (rep=0, index=12): {'ImageFile': 'Stimuli/254.jpg'}
664.8721 	EXP 	image_reg: autoDraw = False
664.8721 	EXP 	image_reg: autoDraw = False
664.8721 	EXP 	text_fixcross: autoDraw = True
668.4215 	EXP 	text_fixcross: autoDraw = False
668.4215 	EXP 	text_fixcross: autoDraw = False
668.4215 	EXP 	image_reg: image = 'Stimuli/254.jpg'
668.4215 	EXP 	image_reg: autoDraw = True
674.4081 	EXP 	New trial (rep=0, index=13): {'ImageFile': 'Stimuli/9800.jpg'}
674.4220 	EXP 	image_reg: autoDraw = False
674.4220 	EXP 	image_reg: autoDraw = False
674.4220 	EXP 	text_fixcross: autoDraw = True
678.2682 	EXP 	text_fixcross: autoDraw = False
678.2682 	EXP 	text_fixcross: autoDraw = False
678.2682 	EXP 	image_reg: image = 'Stimuli/9800.jpg'
678.2682 	EXP 	image_reg: autoDraw = True
684.2582 	EXP 	New trial (rep=0, index=14): {'ImageFile': 'Stimuli/9041.jpg'}
684.2720 	EXP 	image_reg: autoDraw = False
684.2720 	EXP 	image_reg: autoDraw = False
684.2720 	EXP 	text_fixcross: autoDraw = True
687.4231 	EXP 	text_fixcross: autoDraw = False
687.4231 	EXP 	text_fixcross: autoDraw = False
687.4231 	EXP 	image_reg: image = 'Stimuli/9041.jpg'
687.4231 	EXP 	image_reg: autoDraw = True
693.4247 	EXP 	New trial (rep=0, index=15): {'ImageFile': 'Stimuli/9409.jpg'}
693.4385 	EXP 	image_reg: autoDraw = False
693.4385 	EXP 	image_reg: autoDraw = False
693.4385 	EXP 	text_fixcross: autoDraw = True
696.7803 	EXP 	text_fixcross: autoDraw = False
696.7803 	EXP 	text_fixcross: autoDraw = False
696.7803 	EXP 	image_reg: image = 'Stimuli/9409.jpg'
696.7803 	EXP 	image_reg: autoDraw = True
702.7748 	EXP 	New trial (rep=0, index=16): {'ImageFile': 'Stimuli/6825.jpg'}
702.7887 	EXP 	image_reg: autoDraw = False
702.7887 	EXP 	image_reg: autoDraw = False
702.7887 	EXP 	text_fixcross: autoDraw = True
706.7514 	EXP 	text_fixcross: autoDraw = False
706.7514 	EXP 	text_fixcross: autoDraw = False
706.7514 	EXP 	image_reg: image = 'Stimuli/6825.jpg'
706.7514 	EXP 	image_reg: autoDraw = True
712.7409 	EXP 	New trial (rep=0, index=17): {'ImageFile': 'Stimuli/1301.jpg'}
712.7544 	EXP 	image_reg: autoDraw = False
712.7544 	EXP 	image_reg: autoDraw = False
712.7544 	EXP 	text_fixcross: autoDraw = True
716.7776 	EXP 	text_fixcross: autoDraw = False
716.7776 	EXP 	text_fixcross: autoDraw = False
716.7776 	EXP 	image_reg: image = 'Stimuli/1301.jpg'
716.7776 	EXP 	image_reg: autoDraw = True
722.7747 	EXP 	New trial (rep=0, index=18): {'ImageFile': 'Stimuli/226.jpg'}
722.7886 	EXP 	image_reg: autoDraw = False
722.7886 	EXP 	image_reg: autoDraw = False
722.7886 	EXP 	text_fixcross: autoDraw = True
726.5298 	EXP 	text_fixcross: autoDraw = False
726.5298 	EXP 	text_fixcross: autoDraw = False
726.5298 	EXP 	image_reg: image = 'Stimuli/226.jpg'
726.5298 	EXP 	image_reg: autoDraw = True
732.5247 	EXP 	New trial (rep=0, index=19): {'ImageFile': 'Stimuli/208.jpg'}
732.5386 	EXP 	image_reg: autoDraw = False
732.5386 	EXP 	image_reg: autoDraw = False
732.5386 	EXP 	text_fixcross: autoDraw = True
736.0842 	EXP 	text_fixcross: autoDraw = False
736.0842 	EXP 	text_fixcross: autoDraw = False
736.0842 	EXP 	image_reg: image = 'Stimuli/208.jpg'
736.0842 	EXP 	image_reg: autoDraw = True
742.1002 	EXP 	image_reg: autoDraw = False
742.1002 	EXP 	image_reg: autoDraw = False
742.1002 	EXP 	slider_arousal: markerPos = None
742.1002 	EXP 	slider_arousal: markerPos = None
742.1002 	EXP 	slider_arousal: rating = None
742.1002 	EXP 	text_slider_arousal: autoDraw = True
742.1002 	EXP 	slider_arousal: autoDraw = True
747.4733 	DATA 	Mouse: Left button down, pos=(726,335)
747.4870 	EXP 	slider_arousal: markerPos = 113.33333333333333
747.5036 	EXP 	slider_arousal: markerPos = 113.33333333333333
747.5202 	EXP 	slider_arousal: markerPos = 113.33333333333333
747.5368 	EXP 	slider_arousal: markerPos = 113.33333333333333
747.5536 	EXP 	slider_arousal: markerPos = 113.33333333333333
747.5702 	EXP 	slider_arousal: markerPos = 113.33333333333333
747.5869 	EXP 	slider_arousal: markerPos = 113.33333333333333
747.5902 	DATA 	Mouse:  Left button up, pos=(726,335)
747.6043 	EXP 	slider_arousal: markerPos = 113.33333333333333
747.6043 	EXP 	slider_arousal: rating = 113.33333333333333
747.6255 	EXP 	text_slider_arousal: autoDraw = False
747.6255 	EXP 	slider_arousal: autoDraw = False
747.6255 	EXP 	slider_effort: markerPos = None
747.6255 	EXP 	slider_effort: markerPos = None
747.6255 	EXP 	slider_effort: rating = None
747.6255 	EXP 	text_slider_effort: autoDraw = True
747.6255 	EXP 	slider_effort: autoDraw = True
750.8233 	DATA 	Mouse: Left button down, pos=(687,342)
750.8367 	EXP 	slider_effort: markerPos = 98.88888888888889
750.8534 	EXP 	slider_effort: markerPos = 98.88888888888889
750.8700 	EXP 	slider_effort: markerPos = 98.88888888888889
750.8867 	EXP 	slider_effort: markerPos = 98.88888888888889
750.9033 	EXP 	slider_effort: markerPos = 98.88888888888889
750.9200 	EXP 	slider_effort: markerPos = 98.88888888888889
750.9367 	EXP 	slider_effort: markerPos = 98.88888888888889
750.9535 	EXP 	slider_effort: markerPos = 98.88888888888889
750.9567 	DATA 	Mouse:  Left button up, pos=(687,342)
750.9707 	EXP 	slider_effort: markerPos = 98.88888888888889
750.9707 	EXP 	slider_effort: rating = 98.88888888888889
750.9750 	EXP 	New trial (rep=0, index=1): {'Block': 5, 'conds_reg_File': 'StimuliNegative.xlsx', 'n_reps': 1, 'TriggerBlockReg': 25, 'instr_1': 'UNTERDRÜCKEN', 'instr_2': 'Unterdrücken Sie alle aufkommenden Emotionen. Wenn Sie also die Bilder ansehen, verhalten Sie sich so, dass eine außenstehende Person nicht sehen kann, welche Emotionen Sie gerade empfinden.'}
751.0064 	EXP 	text_slider_effort: autoDraw = False
751.0064 	EXP 	slider_effort: autoDraw = False
751.0064 	EXP 	text_Instruction: text = 'UNTERDRÜCKEN\n\nIn diesem Block werden Sie eine Reihe von Bildern sehen. Diese sollen Sie aufmerksam ansehen.\nUnterdrücken Sie alle aufkommenden Emotionen. Wenn Sie also die Bilder ansehen, verhalten Sie sich so, dass eine außenstehende Person nicht sehen kann, welche Emotionen Sie gerade empfinden.\n\nBitte konzentrieren Sie Ihre Regulationsbemühungen nur auf das Bild, nicht aber auf die Zeiträume zwischen den Bildern.\n\nZum Starten des Blocks Leertaste drücken'
751.0064 	EXP 	text_Instruction: autoDraw = True
771.6890 	EXP 	Imported StimuliNegative_5.xlsx as conditions, 20 conditions, 1 params
771.6896 	EXP 	Created sequence: random, trialTypes=20, nReps=1, seed=None
771.6899 	EXP 	New trial (rep=0, index=0): {'ImageFile': 'Stimuli/6831.jpg'}
771.6936 	DATA 	Keypress: space
771.6973 	EXP 	text_Instruction: autoDraw = False
771.6973 	EXP 	text_fixcross: autoDraw = True
776.5432 	EXP 	text_fixcross: autoDraw = False
776.5432 	EXP 	text_fixcross: autoDraw = False
776.5432 	EXP 	image_reg: image = 'Stimuli/6831.jpg'
776.5432 	EXP 	image_reg: autoDraw = True
782.5420 	EXP 	New trial (rep=0, index=1): {'ImageFile': 'Stimuli/3101.jpg'}
782.5562 	EXP 	image_reg: autoDraw = False
782.5562 	EXP 	image_reg: autoDraw = False
782.5562 	EXP 	text_fixcross: autoDraw = True
787.3941 	EXP 	text_fixcross: autoDraw = False
787.3941 	EXP 	text_fixcross: autoDraw = False
787.3941 	EXP 	image_reg: image = 'Stimuli/3101.jpg'
787.3941 	EXP 	image_reg: autoDraw = True
793.3914 	EXP 	New trial (rep=0, index=2): {'ImageFile': 'Stimuli/3215.jpg'}
793.4053 	EXP 	image_reg: autoDraw = False
793.4053 	EXP 	image_reg: autoDraw = False
793.4053 	EXP 	text_fixcross: autoDraw = True
798.2467 	EXP 	text_fixcross: autoDraw = False
798.2467 	EXP 	text_fixcross: autoDraw = False
798.2467 	EXP 	image_reg: image = 'Stimuli/3215.jpg'
798.2467 	EXP 	image_reg: autoDraw = True
804.2412 	EXP 	New trial (rep=0, index=3): {'ImageFile': 'Stimuli/6571.jpg'}
804.2552 	EXP 	image_reg: autoDraw = False
804.2552 	EXP 	image_reg: autoDraw = False
804.2552 	EXP 	text_fixcross: autoDraw = True
808.9014 	EXP 	text_fixcross: autoDraw = False
808.9014 	EXP 	text_fixcross: autoDraw = False
808.9014 	EXP 	image_reg: image = 'Stimuli/6571.jpg'
808.9014 	EXP 	image_reg: autoDraw = True
814.8913 	EXP 	New trial (rep=0, index=4): {'ImageFile': 'Stimuli/3220.jpg'}
814.9046 	EXP 	image_reg: autoDraw = False
814.9046 	EXP 	image_reg: autoDraw = False
814.9046 	EXP 	text_fixcross: autoDraw = True
819.5401 	EXP 	text_fixcross: autoDraw = False
819.5401 	EXP 	text_fixcross: autoDraw = False
819.5401 	EXP 	image_reg: image = 'Stimuli/3220.jpg'
819.5401 	EXP 	image_reg: autoDraw = True
825.5412 	EXP 	New trial (rep=0, index=5): {'ImageFile': 'Stimuli/245.jpg'}
825.5552 	EXP 	image_reg: autoDraw = False
825.5552 	EXP 	image_reg: autoDraw = False
825.5552 	EXP 	text_fixcross: autoDraw = True
830.2957 	EXP 	text_fixcross: autoDraw = False
830.2957 	EXP 	text_fixcross: autoDraw = False
830.2957 	EXP 	image_reg: image = 'Stimuli/245.jpg'
830.2957 	EXP 	image_reg: autoDraw = True
836.2914 	EXP 	New trial (rep=0, index=6): {'ImageFile': 'Stimuli/9400.jpg'}
836.3055 	EXP 	image_reg: autoDraw = False
836.3055 	EXP 	image_reg: autoDraw = False
836.3055 	EXP 	text_fixcross: autoDraw = True
841.3571 	EXP 	text_fixcross: autoDraw = False
841.3571 	EXP 	text_fixcross: autoDraw = False
841.3571 	EXP 	image_reg: image = 'Stimuli/9400.jpg'
841.3571 	EXP 	image_reg: autoDraw = True
847.3583 	EXP 	New trial (rep=0, index=7): {'ImageFile': 'Stimuli/9402.jpg'}
847.3719 	EXP 	image_reg: autoDraw = False
847.3719 	EXP 	image_reg: autoDraw = False
847.3719 	EXP 	text_fixcross: autoDraw = True
850.6176 	EXP 	text_fixcross: autoDraw = False
850.6176 	EXP 	text_fixcross: autoDraw = False
850.6176 	EXP 	image_reg: image = 'Stimuli/9402.jpg'
850.6176 	EXP 	image_reg: autoDraw = True
856.6079 	EXP 	New trial (rep=0, index=8): {'ImageFile': 'Stimuli/3225.jpg'}
856.6219 	EXP 	image_reg: autoDraw = False
856.6219 	EXP 	image_reg: autoDraw = False
856.6219 	EXP 	text_fixcross: autoDraw = True
861.1795 	EXP 	text_fixcross: autoDraw = False
861.1795 	EXP 	text_fixcross: autoDraw = False
861.1795 	EXP 	image_reg: image = 'Stimuli/3225.jpg'
861.1795 	EXP 	image_reg: autoDraw = True
867.1746 	EXP 	New trial (rep=0, index=9): {'ImageFile': 'Stimuli/6020.jpg'}
867.1885 	EXP 	image_reg: autoDraw = False
867.1885 	EXP 	image_reg: autoDraw = False
867.1885 	EXP 	text_fixcross: autoDraw = True
871.9266 	EXP 	text_fixcross: autoDraw = False
871.9266 	EXP 	text_fixcross: autoDraw = False
871.9266 	EXP 	image_reg: image = 'Stimuli/6020.jpg'
871.9266 	EXP 	image_reg: autoDraw = True
877.9246 	EXP 	New trial (rep=0, index=10): {'ImageFile': 'Stimuli/3181.jpg'}
877.9385 	EXP 	image_reg: autoDraw = False
877.9385 	EXP 	image_reg: autoDraw = False
877.9385 	EXP 	text_fixcross: autoDraw = True
881.1775 	EXP 	text_fixcross: autoDraw = False
881.1775 	EXP 	text_fixcross: autoDraw = False
881.1775 	EXP 	image_reg: image = 'Stimuli/3181.jpg'
881.1775 	EXP 	image_reg: autoDraw = True
887.1739 	EXP 	New trial (rep=0, index=11): {'ImageFile': 'Stimuli/3016.jpg'}
887.1875 	EXP 	image_reg: autoDraw = False
887.1875 	EXP 	image_reg: autoDraw = False
887.1875 	EXP 	text_fixcross: autoDraw = True
891.0131 	EXP 	text_fixcross: autoDraw = False
891.0131 	EXP 	text_fixcross: autoDraw = False
891.0131 	EXP 	image_reg: image = 'Stimuli/3016.jpg'
891.0131 	EXP 	image_reg: autoDraw = True
897.0078 	EXP 	New trial (rep=0, index=12): {'ImageFile': 'Stimuli/9373.jpg'}
897.0226 	EXP 	image_reg: autoDraw = False
897.0226 	EXP 	image_reg: autoDraw = False
897.0226 	EXP 	text_fixcross: autoDraw = True
900.8623 	EXP 	text_fixcross: autoDraw = False
900.8623 	EXP 	text_fixcross: autoDraw = False
900.8623 	EXP 	image_reg: image = 'Stimuli/9373.jpg'
900.8623 	EXP 	image_reg: autoDraw = True
906.8580 	EXP 	New trial (rep=0, index=13): {'ImageFile': 'Stimuli/9403.jpg'}
906.8720 	EXP 	image_reg: autoDraw = False
906.8720 	EXP 	image_reg: autoDraw = False
906.8720 	EXP 	text_fixcross: autoDraw = True
910.2183 	EXP 	text_fixcross: autoDraw = False
910.2183 	EXP 	text_fixcross: autoDraw = False
910.2183 	EXP 	image_reg: image = 'Stimuli/9403.jpg'
910.2183 	EXP 	image_reg: autoDraw = True
916.2080 	EXP 	New trial (rep=0, index=14): {'ImageFile': 'Stimuli/2981.jpg'}
916.2219 	EXP 	image_reg: autoDraw = False
916.2219 	EXP 	image_reg: autoDraw = False
916.2219 	EXP 	text_fixcross: autoDraw = True
920.2802 	EXP 	text_fixcross: autoDraw = False
920.2802 	EXP 	text_fixcross: autoDraw = False
920.2802 	EXP 	image_reg: image = 'Stimuli/2981.jpg'
920.2802 	EXP 	image_reg: autoDraw = True
926.2746 	EXP 	New trial (rep=0, index=15): {'ImageFile': 'Stimuli/223.jpg'}
926.2886 	EXP 	image_reg: autoDraw = False
926.2886 	EXP 	image_reg: autoDraw = False
926.2886 	EXP 	text_fixcross: autoDraw = True
931.0322 	EXP 	text_fixcross: autoDraw = False
931.0322 	EXP 	text_fixcross: autoDraw = False
931.0322 	EXP 	image_reg: image = 'Stimuli/223.jpg'
931.0322 	EXP 	image_reg: autoDraw = True
937.0247 	EXP 	New trial (rep=0, index=16): {'ImageFile': 'Stimuli/238.jpg'}
937.0385 	EXP 	image_reg: autoDraw = False
937.0385 	EXP 	image_reg: autoDraw = False
937.0385 	EXP 	text_fixcross: autoDraw = True
940.1752 	EXP 	text_fixcross: autoDraw = False
940.1752 	EXP 	text_fixcross: autoDraw = False
940.1752 	EXP 	image_reg: image = 'Stimuli/238.jpg'
940.1752 	EXP 	image_reg: autoDraw = True
946.1745 	EXP 	New trial (rep=0, index=17): {'ImageFile': 'Stimuli/8231.jpg'}
946.1885 	EXP 	image_reg: autoDraw = False
946.1885 	EXP 	image_reg: autoDraw = False
946.1885 	EXP 	text_fixcross: autoDraw = True
951.0393 	EXP 	text_fixcross: autoDraw = False
951.0393 	EXP 	text_fixcross: autoDraw = False
951.0393 	EXP 	image_reg: image = 'Stimuli/8231.jpg'
951.0393 	EXP 	image_reg: autoDraw = True
957.0410 	EXP 	New trial (rep=0, index=18): {'ImageFile': 'Stimuli/9405.jpg'}
957.0548 	EXP 	image_reg: autoDraw = False
957.0548 	EXP 	image_reg: autoDraw = False
957.0548 	EXP 	text_fixcross: autoDraw = True
960.8868 	EXP 	text_fixcross: autoDraw = False
960.8868 	EXP 	text_fixcross: autoDraw = False
960.8868 	EXP 	image_reg: image = 'Stimuli/9405.jpg'
960.8868 	EXP 	image_reg: autoDraw = True
966.8742 	EXP 	New trial (rep=0, index=19): {'ImageFile': 'Stimuli/9423.jpg'}
966.8881 	EXP 	image_reg: autoDraw = False
966.8881 	EXP 	image_reg: autoDraw = False
966.8881 	EXP 	text_fixcross: autoDraw = True
970.3294 	EXP 	text_fixcross: autoDraw = False
970.3294 	EXP 	text_fixcross: autoDraw = False
970.3294 	EXP 	image_reg: image = 'Stimuli/9423.jpg'
970.3294 	EXP 	image_reg: autoDraw = True
976.3569 	EXP 	image_reg: autoDraw = False
976.3569 	EXP 	image_reg: autoDraw = False
976.3569 	EXP 	slider_arousal: markerPos = None
976.3569 	EXP 	slider_arousal: markerPos = None
976.3569 	EXP 	slider_arousal: rating = None
976.3569 	EXP 	text_slider_arousal: autoDraw = True
976.3569 	EXP 	slider_arousal: autoDraw = True
986.0066 	DATA 	Mouse: Left button down, pos=(867,328)
986.0203 	EXP 	slider_arousal: markerPos = 165.55555555555554
986.0373 	EXP 	slider_arousal: markerPos = 165.55555555555554
986.0542 	EXP 	slider_arousal: markerPos = 165.55555555555554
986.0706 	EXP 	slider_arousal: markerPos = 165.55555555555554
986.0869 	EXP 	slider_arousal: markerPos = 165.55555555555554
986.1033 	EXP 	slider_arousal: markerPos = 165.55555555555554
986.1199 	EXP 	slider_arousal: markerPos = 165.55555555555554
986.1366 	EXP 	slider_arousal: markerPos = 165.55555555555554
986.1447 	DATA 	Mouse:  Left button up, pos=(867,328)
986.1532 	EXP 	slider_arousal: markerPos = 165.55555555555554
986.1702 	EXP 	slider_arousal: markerPos = 165.55555555555554
986.1702 	EXP 	slider_arousal: rating = 165.55555555555554
986.1915 	EXP 	text_slider_arousal: autoDraw = False
986.1915 	EXP 	slider_arousal: autoDraw = False
986.1915 	EXP 	slider_effort: markerPos = None
986.1915 	EXP 	slider_effort: markerPos = None
986.1915 	EXP 	slider_effort: rating = None
986.1915 	EXP 	text_slider_effort: autoDraw = True
986.1915 	EXP 	slider_effort: autoDraw = True
990.5235 	DATA 	Mouse: Left button down, pos=(735,338)
990.5378 	EXP 	slider_effort: markerPos = 116.66666666666666
990.5552 	EXP 	slider_effort: markerPos = 116.66666666666666
990.5717 	EXP 	slider_effort: markerPos = 116.66666666666666
990.5873 	EXP 	slider_effort: markerPos = 116.66666666666666
990.6034 	EXP 	slider_effort: markerPos = 116.66666666666666
990.6199 	EXP 	slider_effort: markerPos = 116.66666666666666
990.6366 	EXP 	slider_effort: markerPos = 116.66666666666666
990.6449 	DATA 	Mouse:  Left button up, pos=(735,338)
990.6534 	EXP 	slider_effort: markerPos = 116.66666666666666
990.6704 	EXP 	slider_effort: markerPos = 116.66666666666666
990.6704 	EXP 	slider_effort: rating = 116.66666666666666
990.6746 	EXP 	New trial (rep=0, index=2): {'Block': 4, 'conds_reg_File': 'StimuliNegative.xlsx', 'n_reps': 1, 'TriggerBlockReg': 24, 'instr_1': 'DISTANZIEREN', 'instr_2': 'Nehmen Sie die Position eines uninvolvierten Beobachters ein. Denken Sie über das Bild in einer neutralen Weise nach.'}
990.7017 	EXP 	text_slider_effort: autoDraw = False
990.7017 	EXP 	slider_effort: autoDraw = False
990.7017 	EXP 	text_Instruction: text = 'DISTANZIEREN\n\nIn diesem Block werden Sie eine Reihe von Bildern sehen. Diese sollen Sie aufmerksam ansehen.\nNehmen Sie die Position eines uninvolvierten Beobachters ein. Denken Sie über das Bild in einer neutralen Weise nach.\n\nBitte konzentrieren Sie Ihre Regulationsbemühungen nur auf das Bild, nicht aber auf die Zeiträume zwischen den Bildern.\n\nZum Starten des Blocks Leertaste drücken'
990.7017 	EXP 	text_Instruction: autoDraw = True
1004.0393 	EXP 	Imported StimuliNegative_2.xlsx as conditions, 20 conditions, 1 params
1004.0399 	EXP 	Created sequence: random, trialTypes=20, nReps=1, seed=None
1004.0402 	EXP 	New trial (rep=0, index=0): {'ImageFile': 'Stimuli/9040.jpg'}
1004.0436 	DATA 	Keypress: space
1004.0473 	EXP 	text_Instruction: autoDraw = False
1004.0473 	EXP 	text_fixcross: autoDraw = True
1007.2839 	EXP 	text_fixcross: autoDraw = False
1007.2839 	EXP 	text_fixcross: autoDraw = False
1007.2839 	EXP 	image_reg: image = 'Stimuli/9040.jpg'
1007.2839 	EXP 	image_reg: autoDraw = True
1013.2754 	EXP 	New trial (rep=0, index=1): {'ImageFile': 'Stimuli/222.jpg'}
1013.2896 	EXP 	image_reg: autoDraw = False
1013.2896 	EXP 	image_reg: autoDraw = False
1013.2896 	EXP 	text_fixcross: autoDraw = True
1016.8251 	EXP 	text_fixcross: autoDraw = False
1016.8251 	EXP 	text_fixcross: autoDraw = False
1016.8251 	EXP 	image_reg: image = 'Stimuli/222.jpg'
1016.8251 	EXP 	image_reg: autoDraw = True
1022.8245 	EXP 	New trial (rep=0, index=2): {'ImageFile': 'Stimuli/3301.jpg'}
1022.8384 	EXP 	image_reg: autoDraw = False
1022.8384 	EXP 	image_reg: autoDraw = False
1022.8384 	EXP 	text_fixcross: autoDraw = True
1026.9884 	EXP 	text_fixcross: autoDraw = False
1026.9884 	EXP 	text_fixcross: autoDraw = False
1026.9884 	EXP 	image_reg: image = 'Stimuli/3301.jpg'
1026.9884 	EXP 	image_reg: autoDraw = True
1032.9746 	EXP 	New trial (rep=0, index=3): {'ImageFile': 'Stimuli/9160.jpg'}
1032.9885 	EXP 	image_reg: autoDraw = False
1032.9885 	EXP 	image_reg: autoDraw = False
1032.9885 	EXP 	text_fixcross: autoDraw = True
1036.8276 	EXP 	text_fixcross: autoDraw = False
1036.8276 	EXP 	text_fixcross: autoDraw = False
1036.8276 	EXP 	image_reg: image = 'Stimuli/9160.jpg'
1036.8276 	EXP 	image_reg: autoDraw = True
1042.8244 	EXP 	New trial (rep=0, index=4): {'ImageFile': 'Stimuli/2703.jpg'}
1042.8384 	EXP 	image_reg: autoDraw = False
1042.8384 	EXP 	image_reg: autoDraw = False
1042.8384 	EXP 	text_fixcross: autoDraw = True
1046.8787 	EXP 	text_fixcross: autoDraw = False
1046.8787 	EXP 	text_fixcross: autoDraw = False
1046.8787 	EXP 	image_reg: image = 'Stimuli/2703.jpg'
1046.8787 	EXP 	image_reg: autoDraw = True
1052.8746 	EXP 	New trial (rep=0, index=5): {'ImageFile': 'Stimuli/3051.jpg'}
1052.8883 	EXP 	image_reg: autoDraw = False
1052.8883 	EXP 	image_reg: autoDraw = False
1052.8883 	EXP 	text_fixcross: autoDraw = True
1057.5505 	EXP 	text_fixcross: autoDraw = False
1057.5505 	EXP 	text_fixcross: autoDraw = False
1057.5505 	EXP 	image_reg: image = 'Stimuli/3051.jpg'
1057.5505 	EXP 	image_reg: autoDraw = True
1063.5410 	EXP 	New trial (rep=0, index=6): {'ImageFile': 'Stimuli/9043.jpg'}
1063.5544 	EXP 	image_reg: autoDraw = False
1063.5544 	EXP 	image_reg: autoDraw = False
1063.5544 	EXP 	text_fixcross: autoDraw = True
1066.9987 	EXP 	text_fixcross: autoDraw = False
1066.9987 	EXP 	text_fixcross: autoDraw = False
1066.9987 	EXP 	image_reg: image = 'Stimuli/9043.jpg'
1066.9987 	EXP 	image_reg: autoDraw = True
1072.9912 	EXP 	New trial (rep=0, index=7): {'ImageFile': 'Stimuli/6562.jpg'}
1073.0052 	EXP 	image_reg: autoDraw = False
1073.0052 	EXP 	image_reg: autoDraw = False
1073.0052 	EXP 	text_fixcross: autoDraw = True
1077.2449 	EXP 	text_fixcross: autoDraw = False
1077.2449 	EXP 	text_fixcross: autoDraw = False
1077.2449 	EXP 	image_reg: image = 'Stimuli/6562.jpg'
1077.2449 	EXP 	image_reg: autoDraw = True
1083.2416 	EXP 	New trial (rep=0, index=8): {'ImageFile': 'Stimuli/3185.jpg'}
1083.2556 	EXP 	image_reg: autoDraw = False
1083.2556 	EXP 	image_reg: autoDraw = False
1083.2556 	EXP 	text_fixcross: autoDraw = True
1088.0123 	EXP 	text_fixcross: autoDraw = False
1088.0123 	EXP 	text_fixcross: autoDraw = False
1088.0123 	EXP 	image_reg: image = 'Stimuli/3185.jpg'
1088.0123 	EXP 	image_reg: autoDraw = True
1094.0079 	EXP 	New trial (rep=0, index=9): {'ImageFile': 'Stimuli/228.jpg'}
1094.0219 	EXP 	image_reg: autoDraw = False
1094.0219 	EXP 	image_reg: autoDraw = False
1094.0219 	EXP 	text_fixcross: autoDraw = True
1097.0586 	EXP 	text_fixcross: autoDraw = False
1097.0586 	EXP 	text_fixcross: autoDraw = False
1097.0586 	EXP 	image_reg: image = 'Stimuli/228.jpg'
1097.0586 	EXP 	image_reg: autoDraw = True
1103.0579 	EXP 	New trial (rep=0, index=10): {'ImageFile': 'Stimuli/9042.jpg'}
1103.0722 	EXP 	image_reg: autoDraw = False
1103.0722 	EXP 	image_reg: autoDraw = False
1103.0722 	EXP 	text_fixcross: autoDraw = True
1106.6190 	EXP 	text_fixcross: autoDraw = False
1106.6190 	EXP 	text_fixcross: autoDraw = False
1106.6190 	EXP 	image_reg: image = 'Stimuli/9042.jpg'
1106.6190 	EXP 	image_reg: autoDraw = True
1112.6079 	EXP 	New trial (rep=0, index=11): {'ImageFile': 'Stimuli/3160.jpg'}
1112.6216 	EXP 	image_reg: autoDraw = False
1112.6216 	EXP 	image_reg: autoDraw = False
1112.6216 	EXP 	text_fixcross: autoDraw = True
1116.6716 	EXP 	text_fixcross: autoDraw = False
1116.6716 	EXP 	text_fixcross: autoDraw = False
1116.6716 	EXP 	image_reg: image = 'Stimuli/3160.jpg'
1116.6716 	EXP 	image_reg: autoDraw = True
1122.6578 	EXP 	New trial (rep=0, index=12): {'ImageFile': 'Stimuli/210.jpg'}
1122.6725 	EXP 	image_reg: autoDraw = False
1122.6725 	EXP 	image_reg: autoDraw = False
1122.6725 	EXP 	text_fixcross: autoDraw = True
1126.1110 	EXP 	text_fixcross: autoDraw = False
1126.1110 	EXP 	text_fixcross: autoDraw = False
1126.1110 	EXP 	image_reg: image = 'Stimuli/210.jpg'
1126.1110 	EXP 	image_reg: autoDraw = True
1132.1081 	EXP 	New trial (rep=0, index=13): {'ImageFile': 'Stimuli/246.jpg'}
1132.1217 	EXP 	image_reg: autoDraw = False
1132.1217 	EXP 	image_reg: autoDraw = False
1132.1217 	EXP 	text_fixcross: autoDraw = True
1136.3593 	EXP 	text_fixcross: autoDraw = False
1136.3593 	EXP 	text_fixcross: autoDraw = False
1136.3593 	EXP 	image_reg: image = 'Stimuli/246.jpg'
1136.3593 	EXP 	image_reg: autoDraw = True
1142.3580 	EXP 	New trial (rep=0, index=14): {'ImageFile': 'Stimuli/9031.jpg'}
1142.3717 	EXP 	image_reg: autoDraw = False
1142.3717 	EXP 	image_reg: autoDraw = False
1142.3717 	EXP 	text_fixcross: autoDraw = True
1145.9374 	EXP 	text_fixcross: autoDraw = False
1145.9374 	EXP 	text_fixcross: autoDraw = False
1145.9374 	EXP 	image_reg: image = 'Stimuli/9031.jpg'
1145.9374 	EXP 	image_reg: autoDraw = True
1151.9250 	EXP 	New trial (rep=0, index=15): {'ImageFile': 'Stimuli/9904.jpg'}
1151.9390 	EXP 	image_reg: autoDraw = False
1151.9390 	EXP 	image_reg: autoDraw = False
1151.9390 	EXP 	text_fixcross: autoDraw = True
1155.9817 	EXP 	text_fixcross: autoDraw = False
1155.9817 	EXP 	text_fixcross: autoDraw = False
1155.9817 	EXP 	image_reg: image = 'Stimuli/9904.jpg'
1155.9817 	EXP 	image_reg: autoDraw = True
1161.9740 	EXP 	New trial (rep=0, index=16): {'ImageFile': 'Stimuli/9184.jpg'}
1161.9879 	EXP 	image_reg: autoDraw = False
1161.9879 	EXP 	image_reg: autoDraw = False
1161.9879 	EXP 	text_fixcross: autoDraw = True
1167.0204 	EXP 	text_fixcross: autoDraw = False
1167.0204 	EXP 	text_fixcross: autoDraw = False
1167.0204 	EXP 	image_reg: image = 'Stimuli/9184.jpg'
1167.0204 	EXP 	image_reg: autoDraw = True
1173.0078 	EXP 	New trial (rep=0, index=17): {'ImageFile': 'Stimuli/251.jpg'}
1173.0217 	EXP 	image_reg: autoDraw = False
1173.0217 	EXP 	image_reg: autoDraw = False
1173.0217 	EXP 	text_fixcross: autoDraw = True
1176.7658 	EXP 	text_fixcross: autoDraw = False
1176.7658 	EXP 	text_fixcross: autoDraw = False
1176.7658 	EXP 	image_reg: image = 'Stimuli/251.jpg'
1176.7658 	EXP 	image_reg: autoDraw = True
1182.7573 	EXP 	New trial (rep=0, index=18): {'ImageFile': 'Stimuli/218.jpg'}
1182.7711 	EXP 	image_reg: autoDraw = False
1182.7711 	EXP 	image_reg: autoDraw = False
1182.7711 	EXP 	text_fixcross: autoDraw = True
1186.3978 	EXP 	text_fixcross: autoDraw = False
1186.3978 	EXP 	text_fixcross: autoDraw = False
1186.3978 	EXP 	image_reg: image = 'Stimuli/218.jpg'
1186.3978 	EXP 	image_reg: autoDraw = True
1192.3911 	EXP 	New trial (rep=0, index=19): {'ImageFile': 'Stimuli/9145.jpg'}
1192.4051 	EXP 	image_reg: autoDraw = False
1192.4051 	EXP 	image_reg: autoDraw = False
1192.4051 	EXP 	text_fixcross: autoDraw = True
1196.3656 	EXP 	text_fixcross: autoDraw = False
1196.3656 	EXP 	text_fixcross: autoDraw = False
1196.3656 	EXP 	image_reg: image = 'Stimuli/9145.jpg'
1196.3656 	EXP 	image_reg: autoDraw = True
1202.3833 	EXP 	image_reg: autoDraw = False
1202.3833 	EXP 	image_reg: autoDraw = False
1202.3833 	EXP 	slider_arousal: markerPos = None
1202.3833 	EXP 	slider_arousal: markerPos = None
1202.3833 	EXP 	slider_arousal: rating = None
1202.3833 	EXP 	text_slider_arousal: autoDraw = True
1202.3833 	EXP 	slider_arousal: autoDraw = True
1209.6065 	DATA 	Mouse: Left button down, pos=(814,342)
1209.6202 	EXP 	slider_arousal: markerPos = 145.92592592592592
1209.6369 	EXP 	slider_arousal: markerPos = 145.92592592592592
1209.6536 	EXP 	slider_arousal: markerPos = 145.92592592592592
1209.6700 	EXP 	slider_arousal: markerPos = 145.92592592592592
1209.6868 	EXP 	slider_arousal: markerPos = 145.92592592592592
1209.6954 	DATA 	Mouse:  Left button up, pos=(814,342)
1209.7036 	EXP 	slider_arousal: markerPos = 145.92592592592592
1209.7204 	EXP 	slider_arousal: markerPos = 145.92592592592592
1209.7204 	EXP 	slider_arousal: rating = 145.92592592592592
1209.7420 	EXP 	text_slider_arousal: autoDraw = False
1209.7420 	EXP 	slider_arousal: autoDraw = False
1209.7420 	EXP 	slider_effort: markerPos = None
1209.7420 	EXP 	slider_effort: markerPos = None
1209.7420 	EXP 	slider_effort: rating = None
1209.7420 	EXP 	text_slider_effort: autoDraw = True
1209.7420 	EXP 	slider_effort: autoDraw = True
1214.4231 	DATA 	Mouse: Left button down, pos=(698,345)
1214.4367 	EXP 	slider_effort: markerPos = 102.96296296296296
1214.4533 	EXP 	slider_effort: markerPos = 102.96296296296296
1214.4701 	EXP 	slider_effort: markerPos = 102.96296296296296
1214.4869 	EXP 	slider_effort: markerPos = 102.96296296296296
1214.4903 	DATA 	Mouse:  Left button up, pos=(698,345)
1214.5040 	EXP 	slider_effort: markerPos = 102.96296296296296
1214.5040 	EXP 	slider_effort: rating = 102.96296296296296
1214.5206 	EXP 	text_slider_effort: autoDraw = False
1214.5206 	EXP 	slider_effort: autoDraw = False
1214.5206 	EXP 	text_EDinstruction: autoDraw = True
1244.9320 	EXP 	Imported Moneyvalues.xlsx as conditions, 7 conditions, 1 params
1244.9326 	EXP 	Created sequence: sequential, trialTypes=7, nReps=1, seed=None
1244.9330 	EXP 	New trial (rep=0, index=0): {'Currentstep': 0}
1244.9370 	DATA 	Keypress: space
1244.9409 	EXP 	text_EDinstruction: autoDraw = False
1244.9409 	EXP 	EDbufferscreen: autoDraw = True
1245.3207 	EXP 	EDbufferscreen: autoDraw = False
1245.3207 	EXP 	question: autoDraw = True
1252.6200 	DATA 	Mouse: Left button down, pos=(805,330)
1252.6231 	EXP 	New trial (rep=0, index=1): {'Currentstep': 1}
1252.6478 	EXP 	question: autoDraw = False
1252.6478 	EXP 	EDbufferscreen: autoDraw = False
1252.6478 	EXP 	question: autoDraw = True
1252.7097 	DATA 	Mouse:  Left button up, pos=(805,330)
1254.6367 	DATA 	Mouse: Left button down, pos=(1165,353)
1254.6394 	EXP 	New trial (rep=0, index=2): {'Currentstep': 2}
1254.6571 	EXP 	question: autoDraw = False
1254.6571 	EXP 	EDbufferscreen: autoDraw = False
1254.6571 	EXP 	question: autoDraw = True
1254.7369 	DATA 	Mouse:  Left button up, pos=(1164,353)
1255.8368 	DATA 	Mouse: Left button down, pos=(1161,353)
1255.8401 	EXP 	New trial (rep=0, index=3): {'Currentstep': 3}
1255.8578 	EXP 	question: autoDraw = False
1255.8578 	EXP 	EDbufferscreen: autoDraw = False
1255.8578 	EXP 	question: autoDraw = True
1255.9703 	DATA 	Mouse:  Left button up, pos=(1161,353)
1257.3700 	DATA 	Mouse: Left button down, pos=(1161,353)
1257.3728 	EXP 	New trial (rep=0, index=4): {'Currentstep': 4}
1257.3905 	EXP 	question: autoDraw = False
1257.3905 	EXP 	EDbufferscreen: autoDraw = False
1257.3905 	EXP 	question: autoDraw = True
1257.4931 	DATA 	Mouse:  Left button up, pos=(1161,353)
1258.2201 	DATA 	Mouse: Left button down, pos=(1161,353)
1258.2228 	EXP 	New trial (rep=0, index=5): {'Currentstep': 5}
1258.2424 	EXP 	question: autoDraw = False
1258.2424 	EXP 	EDbufferscreen: autoDraw = False
1258.2424 	EXP 	question: autoDraw = True
1258.3368 	DATA 	Mouse:  Left button up, pos=(1161,353)
1258.8700 	DATA 	Mouse: Left button down, pos=(1161,353)
1258.8727 	EXP 	New trial (rep=0, index=6): {'Currentstep': 6}
1258.8886 	EXP 	question: autoDraw = False
1258.8886 	EXP 	EDbufferscreen: autoDraw = False
1258.8886 	EXP 	question: autoDraw = True
1259.0033 	DATA 	Mouse:  Left button up, pos=(1161,353)
1259.5429 	DATA 	Mouse: Left button down, pos=(1161,353)
1259.5609 	EXP 	Imported Moneyvalues.xlsx as conditions, 7 conditions, 1 params
1259.5612 	EXP 	Created sequence: sequential, trialTypes=7, nReps=1, seed=None
1259.5614 	EXP 	New trial (rep=0, index=0): {'Currentstep': 0}
1259.5716 	EXP 	question: autoDraw = False
1259.5716 	EXP 	EDbufferscreen: autoDraw = False
1259.5716 	EXP 	EDbufferscreen: autoDraw = True
1259.6756 	DATA 	Mouse:  Left button up, pos=(1161,353)
1259.8998 	EXP 	EDbufferscreen: autoDraw = False
1259.8998 	EXP 	question: autoDraw = True
1266.3534 	DATA 	Mouse: Left button down, pos=(816,340)
1266.3565 	EXP 	New trial (rep=0, index=1): {'Currentstep': 1}
1266.3720 	EXP 	question: autoDraw = False
1266.3720 	EXP 	EDbufferscreen: autoDraw = False
1266.3720 	EXP 	question: autoDraw = True
1266.4366 	DATA 	Mouse:  Left button up, pos=(816,340)
1269.1034 	DATA 	Mouse: Left button down, pos=(1126,353)
1269.1062 	EXP 	New trial (rep=0, index=2): {'Currentstep': 2}
1269.1221 	EXP 	question: autoDraw = False
1269.1221 	EXP 	EDbufferscreen: autoDraw = False
1269.1221 	EXP 	question: autoDraw = True
1269.2199 	DATA 	Mouse:  Left button up, pos=(1126,353)
1270.0201 	DATA 	Mouse: Left button down, pos=(1126,353)
1270.0229 	EXP 	New trial (rep=0, index=3): {'Currentstep': 3}
1270.0387 	EXP 	question: autoDraw = False
1270.0387 	EXP 	EDbufferscreen: autoDraw = False
1270.0387 	EXP 	question: autoDraw = True
1270.1200 	DATA 	Mouse:  Left button up, pos=(1126,353)
1270.5096 	DATA 	Mouse: Left button down, pos=(1126,353)
1270.5226 	EXP 	New trial (rep=0, index=4): {'Currentstep': 4}
1270.5386 	EXP 	question: autoDraw = False
1270.5386 	EXP 	EDbufferscreen: autoDraw = False
1270.5386 	EXP 	question: autoDraw = True
1270.6365 	DATA 	Mouse:  Left button up, pos=(1126,353)
1270.8931 	DATA 	Mouse: Left button down, pos=(1126,353)
1270.9061 	EXP 	New trial (rep=0, index=5): {'Currentstep': 5}
1270.9220 	EXP 	question: autoDraw = False
1270.9220 	EXP 	EDbufferscreen: autoDraw = False
1270.9220 	EXP 	question: autoDraw = True
1270.9928 	DATA 	Mouse:  Left button up, pos=(1126,353)
1271.2867 	DATA 	Mouse: Left button down, pos=(1126,353)
1271.2894 	EXP 	New trial (rep=0, index=6): {'Currentstep': 6}
1271.3052 	EXP 	question: autoDraw = False
1271.3052 	EXP 	EDbufferscreen: autoDraw = False
1271.3052 	EXP 	question: autoDraw = True
1271.3868 	DATA 	Mouse:  Left button up, pos=(1126,353)
1271.6870 	DATA 	Mouse: Left button down, pos=(1126,353)
1271.6952 	EXP 	Imported Moneyvalues.xlsx as conditions, 7 conditions, 1 params
1271.6955 	EXP 	Created sequence: sequential, trialTypes=7, nReps=1, seed=None
1271.6957 	EXP 	New trial (rep=0, index=0): {'Currentstep': 0}
1271.7053 	EXP 	question: autoDraw = False
1271.7053 	EXP 	EDbufferscreen: autoDraw = False
1271.7053 	EXP 	EDbufferscreen: autoDraw = True
1271.7581 	DATA 	Mouse:  Left button up, pos=(1126,353)
1272.0249 	EXP 	EDbufferscreen: autoDraw = False
1272.0249 	EXP 	question: autoDraw = True
1276.0367 	DATA 	Mouse: Left button down, pos=(1126,353)
1276.0404 	EXP 	New trial (rep=0, index=1): {'Currentstep': 1}
1276.0554 	EXP 	question: autoDraw = False
1276.0554 	EXP 	EDbufferscreen: autoDraw = False
1276.0554 	EXP 	question: autoDraw = True
1276.1597 	DATA 	Mouse:  Left button up, pos=(1126,353)
1277.1264 	DATA 	Mouse: Left button down, pos=(855,309)
1277.1394 	EXP 	New trial (rep=0, index=2): {'Currentstep': 2}
1277.1552 	EXP 	question: autoDraw = False
1277.1552 	EXP 	EDbufferscreen: autoDraw = False
1277.1552 	EXP 	question: autoDraw = True
1277.1927 	DATA 	Mouse:  Left button up, pos=(855,309)
1278.4366 	DATA 	Mouse: Left button down, pos=(856,310)
1278.4394 	EXP 	New trial (rep=0, index=3): {'Currentstep': 3}
1278.4552 	EXP 	question: autoDraw = False
1278.4552 	EXP 	EDbufferscreen: autoDraw = False
1278.4552 	EXP 	question: autoDraw = True
1278.5367 	DATA 	Mouse:  Left button up, pos=(856,310)
1279.0366 	DATA 	Mouse: Left button down, pos=(856,310)
1279.0404 	EXP 	New trial (rep=0, index=4): {'Currentstep': 4}
1279.0554 	EXP 	question: autoDraw = False
1279.0554 	EXP 	EDbufferscreen: autoDraw = False
1279.0554 	EXP 	question: autoDraw = True
1279.1204 	DATA 	Mouse:  Left button up, pos=(856,310)
1279.4930 	DATA 	Mouse: Left button down, pos=(856,310)
1279.5062 	EXP 	New trial (rep=0, index=5): {'Currentstep': 5}
1279.5220 	EXP 	question: autoDraw = False
1279.5220 	EXP 	EDbufferscreen: autoDraw = False
1279.5220 	EXP 	question: autoDraw = True
1279.5866 	DATA 	Mouse:  Left button up, pos=(856,310)
1279.9263 	DATA 	Mouse: Left button down, pos=(856,310)
1279.9395 	EXP 	New trial (rep=0, index=6): {'Currentstep': 6}
1279.9551 	EXP 	question: autoDraw = False
1279.9551 	EXP 	EDbufferscreen: autoDraw = False
1279.9551 	EXP 	question: autoDraw = True
1280.0035 	DATA 	Mouse:  Left button up, pos=(856,310)
1280.8931 	DATA 	Mouse: Left button down, pos=(859,311)
1280.9198 	EXP 	question: autoDraw = False
1280.9198 	EXP 	EDbufferscreen: autoDraw = False
1280.9198 	EXP 	text_choice: autoDraw = True
1280.9898 	DATA 	Mouse:  Left button up, pos=(859,311)
1311.4608 	DATA 	Keypress: 1
1311.5162 	EXP 	text_choice: autoDraw = False
1311.5162 	EXP 	text_instr_choice: text = 'ABLENKEN\n\nIn diesem Block werden Sie eine Reihe von Bildern sehen. Diese sollen Sie aufmerksam ansehen.\nDenken Sie während des Betrachtens der Bilder an etwas Neutrales, das mit dem Bild nichts zu tun hat. Das könnten geometrische Figuren, Alltagstätigkeiten oder bekannte Orte sein.\n\nBitte konzentrieren Sie Ihre Regulationsbemühungen nur auf das Bild, nicht aber auf die Zeiträume zwischen den Bildern.\n\nZum Starten des Blocks Leertaste drücken'
1311.5162 	EXP 	text_instr_choice: autoDraw = True
1313.5102 	DATA 	Keypress: space
1313.5569 	EXP 	Imported StimuliNegative_4.xlsx as conditions, 20 conditions, 1 params
1313.5574 	EXP 	Created sequence: random, trialTypes=20, nReps=1, seed=None
1313.5577 	EXP 	New trial (rep=0, index=0): {'ImageFile': 'Stimuli/9120.jpg'}
1313.5644 	EXP 	text_instr_choice: autoDraw = False
1313.5644 	EXP 	text_fixcross: autoDraw = True
1317.8099 	EXP 	text_fixcross: autoDraw = False
1317.8099 	EXP 	text_fixcross: autoDraw = False
1317.8099 	EXP 	image: image = 'Stimuli/9120.jpg'
1317.8099 	EXP 	image: autoDraw = True
1323.8083 	EXP 	New trial (rep=0, index=1): {'ImageFile': 'Stimuli/6561.jpg'}
1323.8227 	EXP 	image: autoDraw = False
1323.8227 	EXP 	image: autoDraw = False
1323.8227 	EXP 	text_fixcross: autoDraw = True
1327.5603 	EXP 	text_fixcross: autoDraw = False
1327.5603 	EXP 	text_fixcross: autoDraw = False
1327.5603 	EXP 	image: image = 'Stimuli/6561.jpg'
1327.5603 	EXP 	image: autoDraw = True
1333.5575 	EXP 	New trial (rep=0, index=2): {'ImageFile': 'Stimuli/9230.jpg'}
1333.5714 	EXP 	image: autoDraw = False
1333.5714 	EXP 	image: autoDraw = False
1333.5714 	EXP 	text_fixcross: autoDraw = True
1336.6172 	EXP 	text_fixcross: autoDraw = False
1336.6172 	EXP 	text_fixcross: autoDraw = False
1336.6172 	EXP 	image: image = 'Stimuli/9230.jpg'
1336.6172 	EXP 	image: autoDraw = True
1342.6075 	EXP 	New trial (rep=0, index=3): {'ImageFile': 'Stimuli/9411.jpg'}
1342.6215 	EXP 	image: autoDraw = False
1342.6215 	EXP 	image: autoDraw = False
1342.6215 	EXP 	text_fixcross: autoDraw = True
1345.7660 	EXP 	text_fixcross: autoDraw = False
1345.7660 	EXP 	text_fixcross: autoDraw = False
1345.7660 	EXP 	image: image = 'Stimuli/9411.jpg'
1345.7660 	EXP 	image: autoDraw = True
1351.7575 	EXP 	New trial (rep=0, index=4): {'ImageFile': 'Stimuli/252.jpg'}
1351.7715 	EXP 	image: autoDraw = False
1351.7715 	EXP 	image: autoDraw = False
1351.7715 	EXP 	text_fixcross: autoDraw = True
1356.5256 	EXP 	text_fixcross: autoDraw = False
1356.5256 	EXP 	text_fixcross: autoDraw = False
1356.5256 	EXP 	image: image = 'Stimuli/252.jpg'
1356.5256 	EXP 	image: autoDraw = True
1362.5243 	EXP 	New trial (rep=0, index=5): {'ImageFile': 'Stimuli/1051.jpg'}
1362.5385 	EXP 	image: autoDraw = False
1362.5385 	EXP 	image: autoDraw = False
1362.5385 	EXP 	text_fixcross: autoDraw = True
1365.9837 	EXP 	text_fixcross: autoDraw = False
1365.9837 	EXP 	text_fixcross: autoDraw = False
1365.9837 	EXP 	image: image = 'Stimuli/1051.jpg'
1365.9837 	EXP 	image: autoDraw = True
1371.9742 	EXP 	New trial (rep=0, index=6): {'ImageFile': 'Stimuli/9905.jpg'}
1371.9882 	EXP 	image: autoDraw = False
1371.9882 	EXP 	image: autoDraw = False
1371.9882 	EXP 	text_fixcross: autoDraw = True
1376.4340 	EXP 	text_fixcross: autoDraw = False
1376.4340 	EXP 	text_fixcross: autoDraw = False
1376.4340 	EXP 	image: image = 'Stimuli/9905.jpg'
1376.4340 	EXP 	image: autoDraw = True
1382.4243 	EXP 	New trial (rep=0, index=7): {'ImageFile': 'Stimuli/9185.jpg'}
1382.4382 	EXP 	image: autoDraw = False
1382.4382 	EXP 	image: autoDraw = False
1382.4382 	EXP 	text_fixcross: autoDraw = True
1387.1890 	EXP 	text_fixcross: autoDraw = False
1387.1890 	EXP 	text_fixcross: autoDraw = False
1387.1890 	EXP 	image: image = 'Stimuli/9185.jpg'
1387.1890 	EXP 	image: autoDraw = True
1393.1909 	EXP 	New trial (rep=0, index=8): {'ImageFile': 'Stimuli/227.jpg'}
1393.2049 	EXP 	image: autoDraw = False
1393.2049 	EXP 	image: autoDraw = False
1393.2049 	EXP 	text_fixcross: autoDraw = True
1396.9513 	EXP 	text_fixcross: autoDraw = False
1396.9513 	EXP 	text_fixcross: autoDraw = False
1396.9513 	EXP 	image: image = 'Stimuli/227.jpg'
1396.9513 	EXP 	image: autoDraw = True
1402.9409 	EXP 	New trial (rep=0, index=9): {'ImageFile': 'Stimuli/9599.jpg'}
1402.9548 	EXP 	image: autoDraw = False
1402.9548 	EXP 	image: autoDraw = False
1402.9548 	EXP 	text_fixcross: autoDraw = True
1407.1072 	EXP 	text_fixcross: autoDraw = False
1407.1072 	EXP 	text_fixcross: autoDraw = False
1407.1072 	EXP 	image: image = 'Stimuli/9599.jpg'
1407.1072 	EXP 	image: autoDraw = True
1413.1075 	EXP 	New trial (rep=0, index=10): {'ImageFile': 'Stimuli/9421.jpg'}
1413.1217 	EXP 	image: autoDraw = False
1413.1217 	EXP 	image: autoDraw = False
1413.1217 	EXP 	text_fixcross: autoDraw = True
1417.3666 	EXP 	text_fixcross: autoDraw = False
1417.3666 	EXP 	text_fixcross: autoDraw = False
1417.3666 	EXP 	image: image = 'Stimuli/9421.jpg'
1417.3666 	EXP 	image: autoDraw = True
1423.3574 	EXP 	New trial (rep=0, index=11): {'ImageFile': 'Stimuli/9181.jpg'}
1423.3715 	EXP 	image: autoDraw = False
1423.3715 	EXP 	image: autoDraw = False
1423.3715 	EXP 	text_fixcross: autoDraw = True
1427.9142 	EXP 	text_fixcross: autoDraw = False
1427.9142 	EXP 	text_fixcross: autoDraw = False
1427.9142 	EXP 	image: image = 'Stimuli/9181.jpg'
1427.9142 	EXP 	image: autoDraw = True
1433.9075 	EXP 	New trial (rep=0, index=12): {'ImageFile': 'Stimuli/3061.jpg'}
1433.9214 	EXP 	image: autoDraw = False
1433.9214 	EXP 	image: autoDraw = False
1433.9214 	EXP 	text_fixcross: autoDraw = True
1437.7594 	EXP 	text_fixcross: autoDraw = False
1437.7594 	EXP 	text_fixcross: autoDraw = False
1437.7594 	EXP 	image: image = 'Stimuli/3061.jpg'
1437.7594 	EXP 	image: autoDraw = True
1443.7575 	EXP 	New trial (rep=0, index=13): {'ImageFile': 'Stimuli/6838.jpg'}
1443.7716 	EXP 	image: autoDraw = False
1443.7716 	EXP 	image: autoDraw = False
1443.7716 	EXP 	text_fixcross: autoDraw = True
1448.0193 	EXP 	text_fixcross: autoDraw = False
1448.0193 	EXP 	text_fixcross: autoDraw = False
1448.0193 	EXP 	image: image = 'Stimuli/6838.jpg'
1448.0193 	EXP 	image: autoDraw = True
1454.0074 	EXP 	New trial (rep=0, index=14): {'ImageFile': 'Stimuli/9332.jpg'}
1454.0215 	EXP 	image: autoDraw = False
1454.0215 	EXP 	image: autoDraw = False
1454.0215 	EXP 	text_fixcross: autoDraw = True
1457.9758 	EXP 	text_fixcross: autoDraw = False
1457.9758 	EXP 	text_fixcross: autoDraw = False
1457.9758 	EXP 	image: image = 'Stimuli/9332.jpg'
1457.9758 	EXP 	image: autoDraw = True
1463.9744 	EXP 	New trial (rep=0, index=15): {'ImageFile': 'Stimuli/9295.jpg'}
1463.9881 	EXP 	image: autoDraw = False
1463.9881 	EXP 	image: autoDraw = False
1463.9881 	EXP 	text_fixcross: autoDraw = True
1468.1367 	EXP 	text_fixcross: autoDraw = False
1468.1367 	EXP 	text_fixcross: autoDraw = False
1468.1367 	EXP 	image: image = 'Stimuli/9295.jpg'
1468.1367 	EXP 	image: autoDraw = True
1474.1241 	EXP 	New trial (rep=0, index=16): {'ImageFile': 'Stimuli/2800.jpg'}
1474.1382 	EXP 	image: autoDraw = False
1474.1382 	EXP 	image: autoDraw = False
1474.1382 	EXP 	text_fixcross: autoDraw = True
1478.3781 	EXP 	text_fixcross: autoDraw = False
1478.3781 	EXP 	text_fixcross: autoDraw = False
1478.3781 	EXP 	image: image = 'Stimuli/2800.jpg'
1478.3781 	EXP 	image: autoDraw = True
1484.3742 	EXP 	New trial (rep=0, index=17): {'ImageFile': 'Stimuli/3230.jpg'}
1484.3881 	EXP 	image: autoDraw = False
1484.3881 	EXP 	image: autoDraw = False
1484.3881 	EXP 	text_fixcross: autoDraw = True
1488.0282 	EXP 	text_fixcross: autoDraw = False
1488.0282 	EXP 	text_fixcross: autoDraw = False
1488.0282 	EXP 	image: image = 'Stimuli/3230.jpg'
1488.0282 	EXP 	image: autoDraw = True
1494.0241 	EXP 	New trial (rep=0, index=18): {'ImageFile': 'Stimuli/9420.jpg'}
1494.0382 	EXP 	image: autoDraw = False
1494.0382 	EXP 	image: autoDraw = False
1494.0382 	EXP 	text_fixcross: autoDraw = True
1498.1973 	EXP 	text_fixcross: autoDraw = False
1498.1973 	EXP 	text_fixcross: autoDraw = False
1498.1973 	EXP 	image: image = 'Stimuli/9420.jpg'
1498.1973 	EXP 	image: autoDraw = True
1504.1909 	EXP 	New trial (rep=0, index=19): {'ImageFile': 'Stimuli/9254.jpg'}
1504.2048 	EXP 	image: autoDraw = False
1504.2048 	EXP 	image: autoDraw = False
1504.2048 	EXP 	text_fixcross: autoDraw = True
1507.8593 	EXP 	text_fixcross: autoDraw = False
1507.8593 	EXP 	text_fixcross: autoDraw = False
1507.8593 	EXP 	image: image = 'Stimuli/9254.jpg'
1507.8593 	EXP 	image: autoDraw = True
1513.8893 	EXP 	image: autoDraw = False
1513.8893 	EXP 	image: autoDraw = False
1513.8893 	EXP 	slider_arousal: markerPos = None
1513.8893 	EXP 	slider_arousal: markerPos = None
1513.8893 	EXP 	slider_arousal: rating = None
1513.8893 	EXP 	text_slider_arousal: autoDraw = True
1513.8893 	EXP 	slider_arousal: autoDraw = True
1518.7425 	DATA 	Mouse: Left button down, pos=(756,341)
1518.7697 	EXP 	slider_arousal: markerPos = 124.44444444444444
1518.7861 	EXP 	slider_arousal: markerPos = 124.44444444444444
1518.8027 	EXP 	slider_arousal: markerPos = 124.44444444444444
1518.8195 	EXP 	slider_arousal: markerPos = 124.44444444444444
1518.8362 	EXP 	slider_arousal: markerPos = 124.44444444444444
1518.8530 	EXP 	slider_arousal: markerPos = 124.44444444444444
1518.8697 	EXP 	slider_arousal: markerPos = 124.44444444444444
1518.8730 	DATA 	Mouse:  Left button up, pos=(756,341)
1518.8867 	EXP 	slider_arousal: markerPos = 124.44444444444444
1518.8867 	EXP 	slider_arousal: rating = 124.44444444444444
1518.9085 	EXP 	text_slider_arousal: autoDraw = False
1518.9085 	EXP 	slider_arousal: autoDraw = False
1518.9085 	EXP 	slider_effort: markerPos = None
1518.9085 	EXP 	slider_effort: markerPos = None
1518.9085 	EXP 	slider_effort: rating = None
1518.9085 	EXP 	text_slider_effort: autoDraw = True
1518.9085 	EXP 	slider_effort: autoDraw = True
1522.2924 	DATA 	Mouse: Left button down, pos=(704,347)
1522.3194 	EXP 	slider_effort: markerPos = 105.18518518518518
1522.3361 	EXP 	slider_effort: markerPos = 105.18518518518518
1522.3527 	EXP 	slider_effort: markerPos = 105.18518518518518
1522.3695 	EXP 	slider_effort: markerPos = 105.18518518518518
1522.3862 	EXP 	slider_effort: markerPos = 105.18518518518518
1522.4027 	EXP 	slider_effort: markerPos = 105.18518518518518
1522.4056 	DATA 	Mouse:  Left button up, pos=(704,347)
1522.4198 	EXP 	slider_effort: markerPos = 105.18518518518518
1522.4198 	EXP 	slider_effort: rating = 105.18518518518518
1522.4362 	EXP 	text_slider_effort: autoDraw = False
1522.4362 	EXP 	slider_effort: autoDraw = False
1522.4362 	EXP 	text_end: autoDraw = True
1694.2418 	DATA 	Keypress: space
1694.2542 	EXP 	text_end: autoDraw = False
1694.3227 	EXP 	window1: mouseVisible = True
