1.5935 	WARNING 	We strongly recommend you activate the PTB sound engine in PsychoPy prefs as the preferred audio engine. Its timing is vastly superior. Your prefs are currently set to use ['sounddevice', 'PTB', 'pyo', 'pygame'] (in that order).
8.8886 	WARNING 	Requested an unavailable screen number - using first available.
10.3586 	EXP 	Created window1 = Window(allowGUI=False, allowStencil=False, autoLog=True, backendConf=UNKNOWN, bitsMode=UNKNOWN, blendMode='avg', bpc=(8, 8, 8), color=array([0, 0, 0]), colorSpace='rgb', depthBits=8, fullscr=<method-wrapper '__getattribute__' of attributeSetter object at 0x00000210ED9B2860>, gamma=None, gammaErrorPolicy='raise', lms=UNKNOWN, monitor=<psychopy.monitors.calibTools.Monitor object at 0x00000210ED9A0550>, multiSample=False, name='window1', numSamples=2, pos=[0.0, 0.0], screen=1, size=array([1920, 1080]), stencilBits=0, stereo=False, units='height', useFBO=True, useRetina=False, viewOri=0.0, viewPos=None, viewScale=None, waitBlanking=True, winType='pyglet')
10.3594 	EXP 	window1: mouseVisible = True
10.3595 	EXP 	window1: recordFrameIntervals = False
10.5242 	EXP 	window1: recordFrameIntervals = True
10.7077 	EXP 	window1: recordFrameIntervals = False
11.2102 	EXP 	Created WelcomeText = TextStim(__class__=<class 'psychopy.visual.text.TextStim'>, alignHoriz=method-wrapper(...), alignText='center', alignVert=method-wrapper(...), anchorHoriz='center', anchorVert='center', antialias=True, autoLog=True, bold=False, color=array([-1., -1., -1.]), colorSpace='rgb', contrast=1.0, depth=0.0, flipHoriz=False, flipVert=False, font='Open Sans', fontFiles=[], height=0.03, italic=False, languageStyle='LTR', name='WelcomeText', opacity=1, ori=0.0, pos=array([0., 0.]), rgb=UNKNOWN, text=str(...), units='height', win=Window(...), wrapWidth=1)
11.2408 	EXP 	Created text_ActiveViewing = TextStim(__class__=<class 'psychopy.visual.text.TextStim'>, alignHoriz=method-wrapper(...), alignText='center', alignVert=method-wrapper(...), anchorHoriz='center', anchorVert='center', antialias=True, autoLog=True, bold=False, color=array([-1., -1., -1.]), colorSpace='rgb', contrast=1.0, depth=0.0, flipHoriz=False, flipVert=False, font='Open Sans', fontFiles=[], height=0.04, italic=False, languageStyle='LTR', name='text_ActiveViewing', opacity=1, ori=0.0, pos=array([0., 0.]), rgb=UNKNOWN, text=str(...), units='height', win=Window(...), wrapWidth=1)
11.2475 	EXP 	Created image_view = ImageStim(__class__=<class 'psychopy.visual.image.ImageStim'>, autoLog=True, color=array([1., 1., 1.]), colorSpace='rgb', contrast=1.0, depth=0.0, flipHoriz=False, flipVert=False, image='sin', interpolate=True, mask=None, maskParams=None, name='image_view', opacity=1, ori=0.0, pos=array([0., 0.]), size=array([1.  , 0.75]), texRes=128.0, units='height', win=Window(...))
11.2551 	EXP 	Created text_fixcross = TextStim(__class__=<class 'psychopy.visual.text.TextStim'>, alignHoriz=method-wrapper(...), alignText='center', alignVert=method-wrapper(...), anchorHoriz='center', anchorVert='center', antialias=True, autoLog=True, bold=False, color=array([-1., -1., -1.]), colorSpace='rgb', contrast=1.0, depth=0.0, flipHoriz=False, flipVert=False, font='Open Sans', fontFiles=[], height=0.1, italic=False, languageStyle='LTR', name='text_fixcross', opacity=1, ori=0.0, pos=array([0., 0.]), rgb=UNKNOWN, text='+', units='height', win=Window(...), wrapWidth=1)
11.2564 	EXP 	Created text_Instruction = TextStim(__class__=<class 'psychopy.visual.text.TextStim'>, alignHoriz=method-wrapper(...), alignText='center', alignVert=method-wrapper(...), anchorHoriz='center', anchorVert='center', antialias=True, autoLog=True, bold=False, color=array([-1., -1., -1.]), colorSpace='rgb', contrast=1.0, depth=0.0, flipHoriz=False, flipVert=False, font='Open Sans', fontFiles=[], height=0.04, italic=False, languageStyle='LTR', name='text_Instruction', opacity=1, ori=0.0, pos=array([0., 0.]), rgb=UNKNOWN, text='', units='height', win=Window(...), wrapWidth=1)
11.2609 	EXP 	Created image_reg = ImageStim(__class__=<class 'psychopy.visual.image.ImageStim'>, autoLog=True, color=array([1., 1., 1.]), colorSpace='rgb', contrast=1.0, depth=0.0, flipHoriz=False, flipVert=False, image='sin', interpolate=True, mask=None, maskParams=None, name='image_reg', opacity=1, ori=0.0, pos=array([0., 0.]), size=array([1.  , 0.75]), texRes=128.0, units='height', win=Window(...))
11.2856 	EXP 	Created text_slider_arousal = TextStim(__class__=<class 'psychopy.visual.text.TextStim'>, alignHoriz=method-wrapper(...), alignText='center', alignVert=method-wrapper(...), anchorHoriz='center', anchorVert='center', antialias=True, autoLog=True, bold=False, color=array([-1., -1., -1.]), colorSpace='rgb', contrast=1.0, depth=0.0, flipHoriz=False, flipVert=False, font='Open Sans', fontFiles=[], height=0.05, italic=False, languageStyle='LTR', name='text_slider_arousal', opacity=1, ori=0.0, pos=array([0., 0.]), rgb=UNKNOWN, text=str(...), units='height', win=Window(...), wrapWidth=1)
11.2940 	EXP 	window1: mouseVisible = True
11.3094 	EXP 	Created slider_arousal = Slider(__class__=<class 'psychopy.visual.slider.Slider'>, autoDraw=False, autoLog=True, borderColor=None, color=None, colorSpace='rgb', depth=-1, fillColor=None, flip=False, font='Open Sans', granularity=0.0, labelHeight=0.05, labelWrapWidth=None, labels=('sehr gering', 'sehr hoch'), name='slider_arousal', opacity=None, pos=(0, -0.2), readOnly=False, self=UNKNOWN, size=[1.0, 0.1], startValue=None, style=method-wrapper(...), styleTweaks=method-wrapper(...), ticks=array([  0, 400]), units='height', win=Window(...))
11.3227 	EXP 	Created text_slider_effort = TextStim(__class__=<class 'psychopy.visual.text.TextStim'>, alignHoriz=method-wrapper(...), alignText='center', alignVert=method-wrapper(...), anchorHoriz='center', anchorVert='center', antialias=True, autoLog=True, bold=False, color=array([-1., -1., -1.]), colorSpace='rgb', contrast=1.0, depth=0.0, flipHoriz=False, flipVert=False, font='Open Sans', fontFiles=[], height=0.05, italic=False, languageStyle='LTR', name='text_slider_effort', opacity=1, ori=0.0, pos=array([0., 0.]), rgb=UNKNOWN, text=str(...), units='height', win=Window(...), wrapWidth=1)
11.3291 	EXP 	window1: mouseVisible = True
11.3416 	EXP 	Created slider_effort = Slider(__class__=<class 'psychopy.visual.slider.Slider'>, autoDraw=False, autoLog=True, borderColor=None, color=None, colorSpace='rgb', depth=-1, fillColor=None, flip=False, font='Open Sans', granularity=0.0, labelHeight=0.05, labelWrapWidth=None, labels=('sehr gering', 'sehr hoch'), name='slider_effort', opacity=None, pos=(0, -0.2), readOnly=False, self=UNKNOWN, size=(1.0, 0.1), startValue=None, style=method-wrapper(...), styleTweaks=method-wrapper(...), ticks=array([  0, 400]), units='height', win=Window(...))
11.3983 	EXP 	Created text_EDinstruction = TextStim(__class__=<class 'psychopy.visual.text.TextStim'>, alignHoriz=method-wrapper(...), alignText='center', alignVert=method-wrapper(...), anchorHoriz='center', anchorVert='center', antialias=True, autoLog=True, bold=False, color=array([-1., -1., -1.]), colorSpace='rgb', contrast=1.0, depth=0.0, flipHoriz=False, flipVert=False, font='Open Sans', fontFiles=[], height=0.03, italic=False, languageStyle='LTR', name='text_EDinstruction', opacity=1, ori=0.0, pos=array([0., 0.]), rgb=UNKNOWN, text=str(...), units='height', win=Window(...), wrapWidth=1)
11.4087 	EXP 	Created question = TextStim(__class__=<class 'psychopy.visual.text.TextStim'>, alignHoriz=method-wrapper(...), alignText='center', alignVert=method-wrapper(...), anchorHoriz='center', anchorVert='center', antialias=True, autoLog=True, bold=False, color=array([-1., -1., -1.]), colorSpace='rgb', contrast=1.0, depth=0.0, flipHoriz=False, flipVert=False, font='Open Sans', fontFiles=[], height=0.03, italic=False, languageStyle='LTR', name='question', opacity=1, ori=0.0, pos=array([0. , 0.1]), rgb=UNKNOWN, text=str(...), units='height', win=Window(...), wrapWidth=1)
11.4087 	EXP 	window1: mouseVisible = True
11.4199 	EXP 	window1: mouseVisible = True
11.4302 	EXP 	window1: mouseVisible = True
11.4356 	EXP 	Created EDbufferscreen = TextStim(__class__=<class 'psychopy.visual.text.TextStim'>, alignHoriz=method-wrapper(...), alignText='center', alignVert=method-wrapper(...), anchorHoriz='center', anchorVert='center', antialias=True, autoLog=True, bold=False, color=array([-1., -1., -1.]), colorSpace='rgb', contrast=1.0, depth=0.0, flipHoriz=False, flipVert=False, font='Open Sans', fontFiles=[], height=0.03, italic=False, languageStyle='LTR', name='EDbufferscreen', opacity=1, ori=0.0, pos=array([0. , 0.1]), rgb=UNKNOWN, text=str(...), units='height', win=Window(...), wrapWidth=1)
11.4679 	EXP 	Created text_choice = TextStim(__class__=<class 'psychopy.visual.text.TextStim'>, alignHoriz=method-wrapper(...), alignText='center', alignVert=method-wrapper(...), anchorHoriz='center', anchorVert='center', antialias=True, autoLog=True, bold=False, color=array([-1., -1., -1.]), colorSpace='rgb', contrast=1.0, depth=0.0, flipHoriz=False, flipVert=False, font='Open Sans', fontFiles=[], height=0.04, italic=False, languageStyle='LTR', name='text_choice', opacity=1, ori=0.0, pos=array([0., 0.]), rgb=UNKNOWN, text=str(...), units='height', win=Window(...), wrapWidth=1)
11.4693 	EXP 	Created text_instr_choice = TextStim(__class__=<class 'psychopy.visual.text.TextStim'>, alignHoriz=method-wrapper(...), alignText='center', alignVert=method-wrapper(...), anchorHoriz='center', anchorVert='center', antialias=True, autoLog=True, bold=False, color=array([-1., -1., -1.]), colorSpace='rgb', contrast=1.0, depth=-1.0, flipHoriz=False, flipVert=False, font='Open Sans', fontFiles=[], height=0.04, italic=False, languageStyle='LTR', name='text_instr_choice', opacity=1, ori=0.0, pos=array([0., 0.]), rgb=UNKNOWN, text='', units='height', win=Window(...), wrapWidth=1)
11.4739 	EXP 	Created image = ImageStim(__class__=<class 'psychopy.visual.image.ImageStim'>, autoLog=True, color=array([1., 1., 1.]), colorSpace='rgb', contrast=1.0, depth=0.0, flipHoriz=False, flipVert=False, image='sin', interpolate=True, mask=None, maskParams=None, name='image', opacity=1, ori=0.0, pos=array([0., 0.]), size=array([1.  , 0.75]), texRes=128.0, units='height', win=Window(...))
11.4934 	EXP 	Created text_end = TextStim(__class__=<class 'psychopy.visual.text.TextStim'>, alignHoriz=method-wrapper(...), alignText='center', alignVert=method-wrapper(...), anchorHoriz='center', anchorVert='center', antialias=True, autoLog=True, bold=False, color=array([-1., -1., -1.]), colorSpace='rgb', contrast=1.0, depth=0.0, flipHoriz=False, flipVert=False, font='Open Sans', fontFiles=[], height=0.05, italic=False, languageStyle='LTR', name='text_end', opacity=1, ori=0.0, pos=array([0., 0.]), rgb=UNKNOWN, text=str(...), units='height', win=Window(...), wrapWidth=1)
11.5289 	EXP 	slider_arousal: autoLog = True
11.5289 	EXP 	slider_arousal: markerPos = None
11.5289 	EXP 	slider_arousal: rating = None
11.5289 	EXP 	slider_arousal: markerPos = None
11.5289 	EXP 	slider_arousal: contrast = 1.0
11.5289 	EXP 	slider_arousal: autoLog = True
11.5289 	EXP 	slider_arousal: styleTweaks = []
11.5289 	EXP 	slider_arousal: style = 'slider'
11.5289 	EXP 	slider_arousal: styleTweaks = []
11.5289 	EXP 	slider_effort: autoLog = True
11.5289 	EXP 	slider_effort: markerPos = None
11.5289 	EXP 	slider_effort: rating = None
11.5289 	EXP 	slider_effort: markerPos = None
11.5289 	EXP 	slider_effort: contrast = 1.0
11.5289 	EXP 	slider_effort: autoLog = True
11.5289 	EXP 	slider_effort: styleTweaks = []
11.5289 	EXP 	slider_effort: style = 'slider'
11.5289 	EXP 	slider_effort: styleTweaks = []
11.5289 	EXP 	WelcomeText: autoDraw = True
66.8265 	DATA 	Keypress: space
66.8467 	EXP 	Imported blocks_view.xlsx as conditions, 2 conditions, 5 params
66.8474 	EXP 	Created sequence: sequential, trialTypes=2, nReps=1, seed=None
66.8479 	EXP 	New trial (rep=0, index=0): {'Block': 1, 'conds_view_File': 'StimuliNeutral.xlsx', 'n_reps': 1, 'instr_1': 'ANSCHAUEN', 'TriggerBlockView': 21}
66.8559 	EXP 	WelcomeText: autoDraw = False
66.8559 	EXP 	text_ActiveViewing: autoDraw = True
71.3626 	DATA 	Keypress: space
71.3934 	EXP 	Imported StimuliNeutral.xlsx as conditions, 20 conditions, 2 params
71.3939 	EXP 	Created sequence: random, trialTypes=20, nReps=1, seed=None
71.3942 	EXP 	New trial (rep=0, index=0): {'ImageFile': 'Stimuli/107.jpg', 'Trigger': 1}
71.4007 	EXP 	text_ActiveViewing: autoDraw = False
71.4007 	EXP 	text_fixcross: autoDraw = True
74.8538 	EXP 	text_fixcross: autoDraw = False
74.8538 	EXP 	text_fixcross: autoDraw = False
74.8538 	EXP 	image_view: image = 'Stimuli/107.jpg'
74.8538 	EXP 	image_view: autoDraw = True
80.8452 	EXP 	New trial (rep=0, index=1): {'ImageFile': 'Stimuli/7002.jpg', 'Trigger': 1}
80.8593 	EXP 	image_view: autoDraw = False
80.8593 	EXP 	image_view: autoDraw = False
80.8593 	EXP 	text_fixcross: autoDraw = True
84.3115 	EXP 	text_fixcross: autoDraw = False
84.3115 	EXP 	text_fixcross: autoDraw = False
84.3115 	EXP 	image_view: image = 'Stimuli/7002.jpg'
84.3115 	EXP 	image_view: autoDraw = True
90.3113 	EXP 	New trial (rep=0, index=2): {'ImageFile': 'Stimuli/7025.jpg', 'Trigger': 1}
90.3250 	EXP 	image_view: autoDraw = False
90.3250 	EXP 	image_view: autoDraw = False
90.3250 	EXP 	text_fixcross: autoDraw = True
95.0702 	EXP 	text_fixcross: autoDraw = False
95.0702 	EXP 	text_fixcross: autoDraw = False
95.0702 	EXP 	image_view: image = 'Stimuli/7025.jpg'
95.0702 	EXP 	image_view: autoDraw = True
101.0605 	EXP 	New trial (rep=0, index=3): {'ImageFile': 'Stimuli/140.jpg', 'Trigger': 1}
101.0739 	EXP 	image_view: autoDraw = False
101.0739 	EXP 	image_view: autoDraw = False
101.0739 	EXP 	text_fixcross: autoDraw = True
106.0083 	EXP 	text_fixcross: autoDraw = False
106.0083 	EXP 	text_fixcross: autoDraw = False
106.0083 	EXP 	image_view: image = 'Stimuli/140.jpg'
106.0083 	EXP 	image_view: autoDraw = True
112.0105 	EXP 	New trial (rep=0, index=4): {'ImageFile': 'Stimuli/7224.jpg', 'Trigger': 1}
112.0240 	EXP 	image_view: autoDraw = False
112.0240 	EXP 	image_view: autoDraw = False
112.0240 	EXP 	text_fixcross: autoDraw = True
115.3464 	EXP 	text_fixcross: autoDraw = False
115.3464 	EXP 	text_fixcross: autoDraw = False
115.3464 	EXP 	image_view: image = 'Stimuli/7224.jpg'
115.3464 	EXP 	image_view: autoDraw = True
121.3444 	EXP 	New trial (rep=0, index=5): {'ImageFile': 'Stimuli/7235.jpg', 'Trigger': 1}
121.3581 	EXP 	image_view: autoDraw = False
121.3581 	EXP 	image_view: autoDraw = False
121.3581 	EXP 	text_fixcross: autoDraw = True
124.9949 	EXP 	text_fixcross: autoDraw = False
124.9949 	EXP 	text_fixcross: autoDraw = False
124.9949 	EXP 	image_view: image = 'Stimuli/7235.jpg'
124.9949 	EXP 	image_view: autoDraw = True
130.9938 	EXP 	New trial (rep=0, index=6): {'ImageFile': 'Stimuli/143.jpg', 'Trigger': 1}
131.0071 	EXP 	image_view: autoDraw = False
131.0071 	EXP 	image_view: autoDraw = False
131.0071 	EXP 	text_fixcross: autoDraw = True
134.7250 	EXP 	text_fixcross: autoDraw = False
134.7250 	EXP 	text_fixcross: autoDraw = False
134.7250 	EXP 	image_view: image = 'Stimuli/143.jpg'
134.7250 	EXP 	image_view: autoDraw = True
140.7272 	EXP 	New trial (rep=0, index=7): {'ImageFile': 'Stimuli/7211.jpg', 'Trigger': 1}
140.7405 	EXP 	image_view: autoDraw = False
140.7405 	EXP 	image_view: autoDraw = False
140.7405 	EXP 	text_fixcross: autoDraw = True
144.2647 	EXP 	text_fixcross: autoDraw = False
144.2647 	EXP 	text_fixcross: autoDraw = False
144.2647 	EXP 	image_view: image = 'Stimuli/7211.jpg'
144.2647 	EXP 	image_view: autoDraw = True
150.2605 	EXP 	New trial (rep=0, index=8): {'ImageFile': 'Stimuli/7009.jpg', 'Trigger': 1}
150.2737 	EXP 	image_view: autoDraw = False
150.2737 	EXP 	image_view: autoDraw = False
150.2737 	EXP 	text_fixcross: autoDraw = True
154.8980 	EXP 	text_fixcross: autoDraw = False
154.8980 	EXP 	text_fixcross: autoDraw = False
154.8980 	EXP 	image_view: image = 'Stimuli/7009.jpg'
154.8980 	EXP 	image_view: autoDraw = True
160.8941 	EXP 	New trial (rep=0, index=9): {'ImageFile': 'Stimuli/7000.jpg', 'Trigger': 1}
160.9078 	EXP 	image_view: autoDraw = False
160.9078 	EXP 	image_view: autoDraw = False
160.9078 	EXP 	text_fixcross: autoDraw = True
165.2509 	EXP 	text_fixcross: autoDraw = False
165.2509 	EXP 	text_fixcross: autoDraw = False
165.2509 	EXP 	image_view: image = 'Stimuli/7000.jpg'
165.2509 	EXP 	image_view: autoDraw = True
171.2437 	EXP 	New trial (rep=0, index=10): {'ImageFile': 'Stimuli/7185.jpg', 'Trigger': 1}
171.2570 	EXP 	image_view: autoDraw = False
171.2570 	EXP 	image_view: autoDraw = False
171.2570 	EXP 	text_fixcross: autoDraw = True
174.6779 	EXP 	text_fixcross: autoDraw = False
174.6779 	EXP 	text_fixcross: autoDraw = False
174.6779 	EXP 	image_view: image = 'Stimuli/7185.jpg'
174.6779 	EXP 	image_view: autoDraw = True
180.6779 	EXP 	New trial (rep=0, index=11): {'ImageFile': 'Stimuli/7100.jpg', 'Trigger': 1}
180.6918 	EXP 	image_view: autoDraw = False
180.6918 	EXP 	image_view: autoDraw = False
180.6918 	EXP 	text_fixcross: autoDraw = True
185.6273 	EXP 	text_fixcross: autoDraw = False
185.6273 	EXP 	text_fixcross: autoDraw = False
185.6273 	EXP 	image_view: image = 'Stimuli/7100.jpg'
185.6273 	EXP 	image_view: autoDraw = True
191.6270 	EXP 	New trial (rep=0, index=12): {'ImageFile': 'Stimuli/7041.jpg', 'Trigger': 1}
191.6404 	EXP 	image_view: autoDraw = False
191.6404 	EXP 	image_view: autoDraw = False
191.6404 	EXP 	text_fixcross: autoDraw = True
195.2638 	EXP 	text_fixcross: autoDraw = False
195.2638 	EXP 	text_fixcross: autoDraw = False
195.2638 	EXP 	image_view: image = 'Stimuli/7041.jpg'
195.2638 	EXP 	image_view: autoDraw = True
201.2607 	EXP 	New trial (rep=0, index=13): {'ImageFile': 'Stimuli/7004.jpg', 'Trigger': 1}
201.2740 	EXP 	image_view: autoDraw = False
201.2740 	EXP 	image_view: autoDraw = False
201.2740 	EXP 	text_fixcross: autoDraw = True
204.9935 	EXP 	text_fixcross: autoDraw = False
204.9935 	EXP 	text_fixcross: autoDraw = False
204.9935 	EXP 	image_view: image = 'Stimuli/7004.jpg'
204.9935 	EXP 	image_view: autoDraw = True
210.9940 	EXP 	New trial (rep=0, index=14): {'ImageFile': 'Stimuli/124.jpg', 'Trigger': 1}
211.0072 	EXP 	image_view: autoDraw = False
211.0072 	EXP 	image_view: autoDraw = False
211.0072 	EXP 	text_fixcross: autoDraw = True
215.5259 	EXP 	text_fixcross: autoDraw = False
215.5259 	EXP 	text_fixcross: autoDraw = False
215.5259 	EXP 	image_view: image = 'Stimuli/124.jpg'
215.5259 	EXP 	image_view: autoDraw = True
221.5275 	EXP 	New trial (rep=0, index=15): {'ImageFile': 'Stimuli/7021.jpg', 'Trigger': 1}
221.5412 	EXP 	image_view: autoDraw = False
221.5412 	EXP 	image_view: autoDraw = False
221.5412 	EXP 	text_fixcross: autoDraw = True
225.2860 	EXP 	text_fixcross: autoDraw = False
225.2860 	EXP 	text_fixcross: autoDraw = False
225.2860 	EXP 	image_view: image = 'Stimuli/7021.jpg'
225.2860 	EXP 	image_view: autoDraw = True
231.2771 	EXP 	New trial (rep=0, index=16): {'ImageFile': 'Stimuli/7006.jpg', 'Trigger': 1}
231.2907 	EXP 	image_view: autoDraw = False
231.2907 	EXP 	image_view: autoDraw = False
231.2907 	EXP 	text_fixcross: autoDraw = True
236.0165 	EXP 	text_fixcross: autoDraw = False
236.0165 	EXP 	text_fixcross: autoDraw = False
236.0165 	EXP 	image_view: image = 'Stimuli/7006.jpg'
236.0165 	EXP 	image_view: autoDraw = True
242.0111 	EXP 	New trial (rep=0, index=17): {'ImageFile': 'Stimuli/083.jpg', 'Trigger': 1}
242.0243 	EXP 	image_view: autoDraw = False
242.0243 	EXP 	image_view: autoDraw = False
242.0243 	EXP 	text_fixcross: autoDraw = True
245.9643 	EXP 	text_fixcross: autoDraw = False
245.9643 	EXP 	text_fixcross: autoDraw = False
245.9643 	EXP 	image_view: image = 'Stimuli/083.jpg'
245.9643 	EXP 	image_view: autoDraw = True
251.9613 	EXP 	New trial (rep=0, index=18): {'ImageFile': 'Stimuli/7150.jpg', 'Trigger': 1}
251.9749 	EXP 	image_view: autoDraw = False
251.9749 	EXP 	image_view: autoDraw = False
251.9749 	EXP 	text_fixcross: autoDraw = True
255.6141 	EXP 	text_fixcross: autoDraw = False
255.6141 	EXP 	text_fixcross: autoDraw = False
255.6141 	EXP 	image_view: image = 'Stimuli/7150.jpg'
255.6141 	EXP 	image_view: autoDraw = True
261.6105 	EXP 	New trial (rep=0, index=19): {'ImageFile': 'Stimuli/7233.jpg', 'Trigger': 1}
261.6237 	EXP 	image_view: autoDraw = False
261.6237 	EXP 	image_view: autoDraw = False
261.6237 	EXP 	text_fixcross: autoDraw = True
266.4501 	EXP 	text_fixcross: autoDraw = False
266.4501 	EXP 	text_fixcross: autoDraw = False
266.4501 	EXP 	image_view: image = 'Stimuli/7233.jpg'
266.4501 	EXP 	image_view: autoDraw = True
272.4729 	EXP 	image_view: autoDraw = False
272.4729 	EXP 	image_view: autoDraw = False
272.4729 	EXP 	slider_arousal: markerPos = None
272.4729 	EXP 	slider_arousal: markerPos = None
272.4729 	EXP 	slider_arousal: rating = None
272.4729 	EXP 	text_slider_arousal: autoDraw = True
272.4729 	EXP 	slider_arousal: autoDraw = True
277.1931 	DATA 	Mouse: Left button down, pos=(427,312)
277.2064 	EXP 	slider_arousal: markerPos = 2.592592592592591
277.2231 	EXP 	slider_arousal: markerPos = 2.592592592592591
277.2397 	EXP 	slider_arousal: markerPos = 2.592592592592591
277.2564 	EXP 	slider_arousal: markerPos = 2.592592592592591
277.2731 	EXP 	slider_arousal: markerPos = 2.592592592592591
277.2900 	EXP 	slider_arousal: markerPos = 2.592592592592591
277.3065 	EXP 	slider_arousal: markerPos = 2.592592592592591
277.3231 	EXP 	slider_arousal: markerPos = 2.592592592592591
277.3314 	DATA 	Mouse:  Left button up, pos=(427,312)
277.3398 	EXP 	slider_arousal: markerPos = 2.592592592592591
277.3570 	EXP 	slider_arousal: markerPos = 2.592592592592591
277.3570 	EXP 	slider_arousal: rating = 2.592592592592591
277.3813 	EXP 	text_slider_arousal: autoDraw = False
277.3813 	EXP 	slider_arousal: autoDraw = False
277.3813 	EXP 	slider_effort: markerPos = None
277.3813 	EXP 	slider_effort: markerPos = None
277.3813 	EXP 	slider_effort: rating = None
277.3813 	EXP 	text_slider_effort: autoDraw = True
277.3813 	EXP 	slider_effort: autoDraw = True
280.2425 	DATA 	Mouse: Left button down, pos=(425,320)
280.2564 	EXP 	slider_effort: markerPos = 1.85185185185186
280.2731 	EXP 	slider_effort: markerPos = 1.85185185185186
280.2896 	EXP 	slider_effort: markerPos = 1.85185185185186
280.3065 	EXP 	slider_effort: markerPos = 1.85185185185186
280.3232 	EXP 	slider_effort: markerPos = 1.85185185185186
280.3398 	EXP 	slider_effort: markerPos = 1.85185185185186
280.3480 	DATA 	Mouse:  Left button up, pos=(425,320)
280.3564 	EXP 	slider_effort: markerPos = 1.85185185185186
280.3736 	EXP 	slider_effort: markerPos = 1.85185185185186
280.3736 	EXP 	slider_effort: rating = 1.85185185185186
280.3776 	EXP 	New trial (rep=0, index=1): {'Block': 2, 'conds_view_File': 'StimuliNegative.xlsx', 'n_reps': 1, 'instr_1': 'ANSCHAUEN', 'TriggerBlockView': 22}
280.3901 	EXP 	text_slider_effort: autoDraw = False
280.3901 	EXP 	slider_effort: autoDraw = False
280.3901 	EXP 	text_ActiveViewing: autoDraw = True
282.9458 	DATA 	Keypress: space
282.9832 	EXP 	Imported StimuliNegative_1.xlsx as conditions, 20 conditions, 1 params
282.9837 	EXP 	Created sequence: random, trialTypes=20, nReps=1, seed=None
282.9840 	EXP 	New trial (rep=0, index=0): {'ImageFile': 'Stimuli/3017.jpg'}
282.9905 	EXP 	text_ActiveViewing: autoDraw = False
282.9905 	EXP 	text_fixcross: autoDraw = True
287.5181 	EXP 	text_fixcross: autoDraw = False
287.5181 	EXP 	text_fixcross: autoDraw = False
287.5181 	EXP 	image_view: image = 'Stimuli/3017.jpg'
287.5181 	EXP 	image_view: autoDraw = True
293.5111 	EXP 	New trial (rep=0, index=1): {'ImageFile': 'Stimuli/3022.jpg'}
293.5240 	EXP 	image_view: autoDraw = False
293.5240 	EXP 	image_view: autoDraw = False
293.5240 	EXP 	text_fixcross: autoDraw = True
298.2490 	EXP 	text_fixcross: autoDraw = False
298.2490 	EXP 	text_fixcross: autoDraw = False
298.2490 	EXP 	image_view: image = 'Stimuli/3022.jpg'
298.2490 	EXP 	image_view: autoDraw = True
304.2437 	EXP 	New trial (rep=0, index=2): {'ImageFile': 'Stimuli/9253.jpg'}
304.2570 	EXP 	image_view: autoDraw = False
304.2570 	EXP 	image_view: autoDraw = False
304.2570 	EXP 	text_fixcross: autoDraw = True
308.0784 	EXP 	text_fixcross: autoDraw = False
308.0784 	EXP 	text_fixcross: autoDraw = False
308.0784 	EXP 	image_view: image = 'Stimuli/9253.jpg'
308.0784 	EXP 	image_view: autoDraw = True
314.0774 	EXP 	New trial (rep=0, index=3): {'ImageFile': 'Stimuli/1111.jpg'}
314.0910 	EXP 	image_view: autoDraw = False
314.0910 	EXP 	image_view: autoDraw = False
314.0910 	EXP 	text_fixcross: autoDraw = True
317.7283 	EXP 	text_fixcross: autoDraw = False
317.7283 	EXP 	text_fixcross: autoDraw = False
317.7283 	EXP 	image_view: image = 'Stimuli/1111.jpg'
317.7283 	EXP 	image_view: autoDraw = True
323.7271 	EXP 	New trial (rep=0, index=4): {'ImageFile': 'Stimuli/327.jpg'}
323.7403 	EXP 	image_view: autoDraw = False
323.7403 	EXP 	image_view: autoDraw = False
323.7403 	EXP 	text_fixcross: autoDraw = True
327.8641 	EXP 	text_fixcross: autoDraw = False
327.8641 	EXP 	text_fixcross: autoDraw = False
327.8641 	EXP 	image_view: image = 'Stimuli/327.jpg'
327.8641 	EXP 	image_view: autoDraw = True
333.8606 	EXP 	New trial (rep=0, index=5): {'ImageFile': 'Stimuli/9326.jpg'}
333.8742 	EXP 	image_view: autoDraw = False
333.8742 	EXP 	image_view: autoDraw = False
333.8742 	EXP 	text_fixcross: autoDraw = True
338.4052 	EXP 	text_fixcross: autoDraw = False
338.4052 	EXP 	text_fixcross: autoDraw = False
338.4052 	EXP 	image_view: image = 'Stimuli/9326.jpg'
338.4052 	EXP 	image_view: autoDraw = True
344.3939 	EXP 	New trial (rep=0, index=6): {'ImageFile': 'Stimuli/9424.jpg'}
344.4071 	EXP 	image_view: autoDraw = False
344.4071 	EXP 	image_view: autoDraw = False
344.4071 	EXP 	text_fixcross: autoDraw = True
347.8272 	EXP 	text_fixcross: autoDraw = False
347.8272 	EXP 	text_fixcross: autoDraw = False
347.8272 	EXP 	image_view: image = 'Stimuli/9424.jpg'
347.8272 	EXP 	image_view: autoDraw = True
353.8278 	EXP 	New trial (rep=0, index=7): {'ImageFile': 'Stimuli/6190.jpg'}
353.8410 	EXP 	image_view: autoDraw = False
353.8410 	EXP 	image_view: autoDraw = False
353.8410 	EXP 	text_fixcross: autoDraw = True
358.2635 	EXP 	text_fixcross: autoDraw = False
358.2635 	EXP 	text_fixcross: autoDraw = False
358.2635 	EXP 	image_view: image = 'Stimuli/6190.jpg'
358.2635 	EXP 	image_view: autoDraw = True
364.2603 	EXP 	New trial (rep=0, index=8): {'ImageFile': 'Stimuli/9182.jpg'}
364.2737 	EXP 	image_view: autoDraw = False
364.2737 	EXP 	image_view: autoDraw = False
364.2737 	EXP 	text_fixcross: autoDraw = True
367.9981 	EXP 	text_fixcross: autoDraw = False
367.9981 	EXP 	text_fixcross: autoDraw = False
367.9981 	EXP 	image_view: image = 'Stimuli/9182.jpg'
367.9981 	EXP 	image_view: autoDraw = True
373.9937 	EXP 	New trial (rep=0, index=9): {'ImageFile': 'Stimuli/9920.jpg'}
374.0069 	EXP 	image_view: autoDraw = False
374.0069 	EXP 	image_view: autoDraw = False
374.0069 	EXP 	text_fixcross: autoDraw = True
378.9359 	EXP 	text_fixcross: autoDraw = False
378.9359 	EXP 	text_fixcross: autoDraw = False
378.9359 	EXP 	image_view: image = 'Stimuli/9920.jpg'
378.9359 	EXP 	image_view: autoDraw = True
384.9278 	EXP 	New trial (rep=0, index=10): {'ImageFile': 'Stimuli/9425.jpg'}
384.9416 	EXP 	image_view: autoDraw = False
384.9416 	EXP 	image_view: autoDraw = False
384.9416 	EXP 	text_fixcross: autoDraw = True
389.1873 	EXP 	text_fixcross: autoDraw = False
389.1873 	EXP 	text_fixcross: autoDraw = False
389.1873 	EXP 	image_view: image = 'Stimuli/9425.jpg'
389.1873 	EXP 	image_view: autoDraw = True
395.1777 	EXP 	New trial (rep=0, index=11): {'ImageFile': 'Stimuli/230.jpg'}
395.1913 	EXP 	image_view: autoDraw = False
395.1913 	EXP 	image_view: autoDraw = False
395.1913 	EXP 	text_fixcross: autoDraw = True
398.3266 	EXP 	text_fixcross: autoDraw = False
398.3266 	EXP 	text_fixcross: autoDraw = False
398.3266 	EXP 	image_view: image = 'Stimuli/230.jpg'
398.3266 	EXP 	image_view: autoDraw = True
404.3270 	EXP 	New trial (rep=0, index=12): {'ImageFile': 'Stimuli/9180.jpg'}
404.3405 	EXP 	image_view: autoDraw = False
404.3405 	EXP 	image_view: autoDraw = False
404.3405 	EXP 	text_fixcross: autoDraw = True
408.6705 	EXP 	text_fixcross: autoDraw = False
408.6705 	EXP 	text_fixcross: autoDraw = False
408.6705 	EXP 	image_view: image = 'Stimuli/9180.jpg'
408.6705 	EXP 	image_view: autoDraw = True
414.6604 	EXP 	New trial (rep=0, index=13): {'ImageFile': 'Stimuli/3280.jpg'}
414.6738 	EXP 	image_view: autoDraw = False
414.6738 	EXP 	image_view: autoDraw = False
414.6738 	EXP 	text_fixcross: autoDraw = True
419.3995 	EXP 	text_fixcross: autoDraw = False
419.3995 	EXP 	text_fixcross: autoDraw = False
419.3995 	EXP 	image_view: image = 'Stimuli/3280.jpg'
419.3995 	EXP 	image_view: autoDraw = True
425.3939 	EXP 	New trial (rep=0, index=14): {'ImageFile': 'Stimuli/225.jpg'}
425.4075 	EXP 	image_view: autoDraw = False
425.4075 	EXP 	image_view: autoDraw = False
425.4075 	EXP 	text_fixcross: autoDraw = True
429.9260 	EXP 	text_fixcross: autoDraw = False
429.9260 	EXP 	text_fixcross: autoDraw = False
429.9260 	EXP 	image_view: image = 'Stimuli/225.jpg'
429.9260 	EXP 	image_view: autoDraw = True
435.9271 	EXP 	New trial (rep=0, index=15): {'ImageFile': 'Stimuli/9300.jpg'}
435.9406 	EXP 	image_view: autoDraw = False
435.9406 	EXP 	image_view: autoDraw = False
435.9406 	EXP 	text_fixcross: autoDraw = True
439.9654 	EXP 	text_fixcross: autoDraw = False
439.9654 	EXP 	text_fixcross: autoDraw = False
439.9654 	EXP 	image_view: image = 'Stimuli/9300.jpg'
439.9654 	EXP 	image_view: autoDraw = True
445.9602 	EXP 	New trial (rep=0, index=16): {'ImageFile': 'Stimuli/255.jpg'}
445.9735 	EXP 	image_view: autoDraw = False
445.9735 	EXP 	image_view: autoDraw = False
445.9735 	EXP 	text_fixcross: autoDraw = True
449.9936 	EXP 	text_fixcross: autoDraw = False
449.9936 	EXP 	text_fixcross: autoDraw = False
449.9936 	EXP 	image_view: image = 'Stimuli/255.jpg'
449.9936 	EXP 	image_view: autoDraw = True
455.9943 	EXP 	New trial (rep=0, index=17): {'ImageFile': 'Stimuli/6836.jpg'}
456.0079 	EXP 	image_view: autoDraw = False
456.0079 	EXP 	image_view: autoDraw = False
456.0079 	EXP 	text_fixcross: autoDraw = True
460.8505 	EXP 	text_fixcross: autoDraw = False
460.8505 	EXP 	text_fixcross: autoDraw = False
460.8505 	EXP 	image_view: image = 'Stimuli/6836.jpg'
460.8505 	EXP 	image_view: autoDraw = True
466.8437 	EXP 	New trial (rep=0, index=18): {'ImageFile': 'Stimuli/3180.jpg'}
466.8570 	EXP 	image_view: autoDraw = False
466.8570 	EXP 	image_view: autoDraw = False
466.8570 	EXP 	text_fixcross: autoDraw = True
470.9840 	EXP 	text_fixcross: autoDraw = False
470.9840 	EXP 	text_fixcross: autoDraw = False
470.9840 	EXP 	image_view: image = 'Stimuli/3180.jpg'
470.9840 	EXP 	image_view: autoDraw = True
476.9772 	EXP 	New trial (rep=0, index=19): {'ImageFile': 'Stimuli/6244.jpg'}
476.9904 	EXP 	image_view: autoDraw = False
476.9904 	EXP 	image_view: autoDraw = False
476.9904 	EXP 	text_fixcross: autoDraw = True
482.0137 	EXP 	text_fixcross: autoDraw = False
482.0137 	EXP 	text_fixcross: autoDraw = False
482.0137 	EXP 	image_view: image = 'Stimuli/6244.jpg'
482.0137 	EXP 	image_view: autoDraw = True
488.0388 	EXP 	image_view: autoDraw = False
488.0388 	EXP 	image_view: autoDraw = False
488.0388 	EXP 	slider_arousal: markerPos = None
488.0388 	EXP 	slider_arousal: markerPos = None
488.0388 	EXP 	slider_arousal: rating = None
488.0388 	EXP 	text_slider_arousal: autoDraw = True
488.0388 	EXP 	slider_arousal: autoDraw = True
494.0430 	DATA 	Mouse: Left button down, pos=(517,322)
494.0563 	EXP 	slider_arousal: markerPos = 35.92592592592592
494.0730 	EXP 	slider_arousal: markerPos = 35.92592592592592
494.0897 	EXP 	slider_arousal: markerPos = 35.92592592592592
494.1064 	EXP 	slider_arousal: markerPos = 35.92592592592592
494.1231 	EXP 	slider_arousal: markerPos = 35.92592592592592
494.1397 	EXP 	slider_arousal: markerPos = 35.92592592592592
494.1565 	EXP 	slider_arousal: markerPos = 35.92592592592592
494.1597 	DATA 	Mouse:  Left button up, pos=(517,322)
494.1739 	EXP 	slider_arousal: markerPos = 35.92592592592592
494.1739 	EXP 	slider_arousal: rating = 35.92592592592592
494.1950 	EXP 	text_slider_arousal: autoDraw = False
494.1950 	EXP 	slider_arousal: autoDraw = False
494.1950 	EXP 	slider_effort: markerPos = None
494.1950 	EXP 	slider_effort: markerPos = None
494.1950 	EXP 	slider_effort: rating = None
494.1950 	EXP 	text_slider_effort: autoDraw = True
494.1950 	EXP 	slider_effort: autoDraw = True
499.0766 	DATA 	Mouse: Left button down, pos=(592,305)
499.0899 	EXP 	slider_effort: markerPos = 63.70370370370371
499.1064 	EXP 	slider_effort: markerPos = 63.70370370370371
499.1230 	EXP 	slider_effort: markerPos = 63.70370370370371
499.1397 	EXP 	slider_effort: markerPos = 63.70370370370371
499.1564 	EXP 	slider_effort: markerPos = 63.70370370370371
499.1730 	EXP 	slider_effort: markerPos = 63.70370370370371
499.1897 	EXP 	slider_effort: markerPos = 63.70370370370371
499.2068 	EXP 	slider_effort: markerPos = 63.70370370370371
499.2099 	DATA 	Mouse:  Left button up, pos=(592,305)
499.2238 	EXP 	slider_effort: markerPos = 63.70370370370371
499.2238 	EXP 	slider_effort: rating = 63.70370370370371
499.2328 	EXP 	Imported blocks_reg.xlsx as conditions, 3 conditions, 6 params
499.2331 	EXP 	Created sequence: random, trialTypes=3, nReps=1, seed=None
499.2334 	EXP 	New trial (rep=0, index=0): {'Block': 4, 'conds_reg_File': 'StimuliNegative.xlsx', 'n_reps': 1, 'TriggerBlockReg': 24, 'instr_1': 'DISTANZIEREN', 'instr_2': 'Nehmen Sie die Position eines uninvolvierten Beobachters ein. Denken Sie über das Bild in einer neutralen Weise nach.'}
499.2662 	EXP 	text_slider_effort: autoDraw = False
499.2662 	EXP 	slider_effort: autoDraw = False
499.2662 	EXP 	text_Instruction: text = 'DISTANZIEREN\n\nIn diesem Block werden Sie eine Reihe von Bildern sehen. Diese sollen Sie aufmerksam ansehen.\nNehmen Sie die Position eines uninvolvierten Beobachters ein. Denken Sie über das Bild in einer neutralen Weise nach.\n\nBitte konzentrieren Sie Ihre Regulationsbemühungen nur auf das Bild, nicht aber auf die Zeiträume zwischen den Bildern.\n\nZum Starten des Blocks Leertaste drücken'
499.2662 	EXP 	text_Instruction: autoDraw = True
512.5292 	DATA 	Keypress: space
512.5624 	EXP 	Imported StimuliNegative_2.xlsx as conditions, 20 conditions, 1 params
512.5629 	EXP 	Created sequence: random, trialTypes=20, nReps=1, seed=None
512.5632 	EXP 	New trial (rep=0, index=0): {'ImageFile': 'Stimuli/222.jpg'}
512.5698 	EXP 	text_Instruction: autoDraw = False
512.5698 	EXP 	text_fixcross: autoDraw = True
517.4944 	EXP 	text_fixcross: autoDraw = False
517.4944 	EXP 	text_fixcross: autoDraw = False
517.4944 	EXP 	image_reg: image = 'Stimuli/222.jpg'
517.4944 	EXP 	image_reg: autoDraw = True
523.4941 	EXP 	New trial (rep=0, index=1): {'ImageFile': 'Stimuli/3051.jpg'}
523.5074 	EXP 	image_reg: autoDraw = False
523.5074 	EXP 	image_reg: autoDraw = False
523.5074 	EXP 	text_fixcross: autoDraw = True
528.0442 	EXP 	text_fixcross: autoDraw = False
528.0442 	EXP 	text_fixcross: autoDraw = False
528.0442 	EXP 	image_reg: image = 'Stimuli/3051.jpg'
528.0442 	EXP 	image_reg: autoDraw = True
534.0434 	EXP 	New trial (rep=0, index=2): {'ImageFile': 'Stimuli/3185.jpg'}
534.0567 	EXP 	image_reg: autoDraw = False
534.0567 	EXP 	image_reg: autoDraw = False
534.0567 	EXP 	text_fixcross: autoDraw = True
538.1839 	EXP 	text_fixcross: autoDraw = False
538.1839 	EXP 	text_fixcross: autoDraw = False
538.1839 	EXP 	image_reg: image = 'Stimuli/3185.jpg'
538.1839 	EXP 	image_reg: autoDraw = True
544.1775 	EXP 	New trial (rep=0, index=3): {'ImageFile': 'Stimuli/9160.jpg'}
544.1909 	EXP 	image_reg: autoDraw = False
544.1909 	EXP 	image_reg: autoDraw = False
544.1909 	EXP 	text_fixcross: autoDraw = True
548.5323 	EXP 	text_fixcross: autoDraw = False
548.5323 	EXP 	text_fixcross: autoDraw = False
548.5323 	EXP 	image_reg: image = 'Stimuli/9160.jpg'
548.5323 	EXP 	image_reg: autoDraw = True
554.5270 	EXP 	New trial (rep=0, index=4): {'ImageFile': 'Stimuli/228.jpg'}
554.5403 	EXP 	image_reg: autoDraw = False
554.5403 	EXP 	image_reg: autoDraw = False
554.5403 	EXP 	text_fixcross: autoDraw = True
558.5686 	EXP 	text_fixcross: autoDraw = False
558.5686 	EXP 	text_fixcross: autoDraw = False
558.5686 	EXP 	image_reg: image = 'Stimuli/228.jpg'
558.5686 	EXP 	image_reg: autoDraw = True
564.5607 	EXP 	New trial (rep=0, index=5): {'ImageFile': 'Stimuli/9043.jpg'}
564.5744 	EXP 	image_reg: autoDraw = False
564.5744 	EXP 	image_reg: autoDraw = False
564.5744 	EXP 	text_fixcross: autoDraw = True
568.0162 	EXP 	text_fixcross: autoDraw = False
568.0162 	EXP 	text_fixcross: autoDraw = False
568.0162 	EXP 	image_reg: image = 'Stimuli/9043.jpg'
568.0162 	EXP 	image_reg: autoDraw = True
574.0106 	EXP 	New trial (rep=0, index=6): {'ImageFile': 'Stimuli/3301.jpg'}
574.0242 	EXP 	image_reg: autoDraw = False
574.0242 	EXP 	image_reg: autoDraw = False
574.0242 	EXP 	text_fixcross: autoDraw = True
578.8476 	EXP 	text_fixcross: autoDraw = False
578.8476 	EXP 	text_fixcross: autoDraw = False
578.8476 	EXP 	image_reg: image = 'Stimuli/3301.jpg'
578.8476 	EXP 	image_reg: autoDraw = True
584.8439 	EXP 	New trial (rep=0, index=7): {'ImageFile': 'Stimuli/246.jpg'}
584.8575 	EXP 	image_reg: autoDraw = False
584.8575 	EXP 	image_reg: autoDraw = False
584.8575 	EXP 	text_fixcross: autoDraw = True
589.2777 	EXP 	text_fixcross: autoDraw = False
589.2777 	EXP 	text_fixcross: autoDraw = False
589.2777 	EXP 	image_reg: image = 'Stimuli/246.jpg'
589.2777 	EXP 	image_reg: autoDraw = True
595.2771 	EXP 	New trial (rep=0, index=8): {'ImageFile': 'Stimuli/2703.jpg'}
595.2902 	EXP 	image_reg: autoDraw = False
595.2902 	EXP 	image_reg: autoDraw = False
595.2902 	EXP 	text_fixcross: autoDraw = True
599.9220 	EXP 	text_fixcross: autoDraw = False
599.9220 	EXP 	text_fixcross: autoDraw = False
599.9220 	EXP 	image_reg: image = 'Stimuli/2703.jpg'
599.9220 	EXP 	image_reg: autoDraw = True
605.9110 	EXP 	New trial (rep=0, index=9): {'ImageFile': 'Stimuli/9904.jpg'}
605.9247 	EXP 	image_reg: autoDraw = False
605.9247 	EXP 	image_reg: autoDraw = False
605.9247 	EXP 	text_fixcross: autoDraw = True
609.7644 	EXP 	text_fixcross: autoDraw = False
609.7644 	EXP 	text_fixcross: autoDraw = False
609.7644 	EXP 	image_reg: image = 'Stimuli/9904.jpg'
609.7644 	EXP 	image_reg: autoDraw = True
615.7603 	EXP 	New trial (rep=0, index=10): {'ImageFile': 'Stimuli/9145.jpg'}
615.7738 	EXP 	image_reg: autoDraw = False
615.7738 	EXP 	image_reg: autoDraw = False
615.7738 	EXP 	text_fixcross: autoDraw = True
619.7986 	EXP 	text_fixcross: autoDraw = False
619.7986 	EXP 	text_fixcross: autoDraw = False
619.7986 	EXP 	image_reg: image = 'Stimuli/9145.jpg'
619.7986 	EXP 	image_reg: autoDraw = True
625.7940 	EXP 	New trial (rep=0, index=11): {'ImageFile': 'Stimuli/9184.jpg'}
625.8080 	EXP 	image_reg: autoDraw = False
625.8080 	EXP 	image_reg: autoDraw = False
625.8080 	EXP 	text_fixcross: autoDraw = True
630.4519 	EXP 	text_fixcross: autoDraw = False
630.4519 	EXP 	text_fixcross: autoDraw = False
630.4519 	EXP 	image_reg: image = 'Stimuli/9184.jpg'
630.4519 	EXP 	image_reg: autoDraw = True
636.4435 	EXP 	New trial (rep=0, index=12): {'ImageFile': 'Stimuli/251.jpg'}
636.4568 	EXP 	image_reg: autoDraw = False
636.4568 	EXP 	image_reg: autoDraw = False
636.4568 	EXP 	text_fixcross: autoDraw = True
639.6819 	EXP 	text_fixcross: autoDraw = False
639.6819 	EXP 	text_fixcross: autoDraw = False
639.6819 	EXP 	image_reg: image = 'Stimuli/251.jpg'
639.6819 	EXP 	image_reg: autoDraw = True
645.6776 	EXP 	New trial (rep=0, index=13): {'ImageFile': 'Stimuli/9040.jpg'}
645.6914 	EXP 	image_reg: autoDraw = False
645.6914 	EXP 	image_reg: autoDraw = False
645.6914 	EXP 	text_fixcross: autoDraw = True
649.1333 	EXP 	text_fixcross: autoDraw = False
649.1333 	EXP 	text_fixcross: autoDraw = False
649.1333 	EXP 	image_reg: image = 'Stimuli/9040.jpg'
649.1333 	EXP 	image_reg: autoDraw = True
655.1270 	EXP 	New trial (rep=0, index=14): {'ImageFile': 'Stimuli/9042.jpg'}
655.1403 	EXP 	image_reg: autoDraw = False
655.1403 	EXP 	image_reg: autoDraw = False
655.1403 	EXP 	text_fixcross: autoDraw = True
659.5655 	EXP 	text_fixcross: autoDraw = False
659.5655 	EXP 	text_fixcross: autoDraw = False
659.5655 	EXP 	image_reg: image = 'Stimuli/9042.jpg'
659.5655 	EXP 	image_reg: autoDraw = True
665.5606 	EXP 	New trial (rep=0, index=15): {'ImageFile': 'Stimuli/3160.jpg'}
665.5739 	EXP 	image_reg: autoDraw = False
665.5739 	EXP 	image_reg: autoDraw = False
665.5739 	EXP 	text_fixcross: autoDraw = True
669.2021 	EXP 	text_fixcross: autoDraw = False
669.2021 	EXP 	text_fixcross: autoDraw = False
669.2021 	EXP 	image_reg: image = 'Stimuli/3160.jpg'
669.2021 	EXP 	image_reg: autoDraw = True
675.1933 	EXP 	New trial (rep=0, index=16): {'ImageFile': 'Stimuli/6562.jpg'}
675.2068 	EXP 	image_reg: autoDraw = False
675.2068 	EXP 	image_reg: autoDraw = False
675.2068 	EXP 	text_fixcross: autoDraw = True
678.9269 	EXP 	text_fixcross: autoDraw = False
678.9269 	EXP 	text_fixcross: autoDraw = False
678.9269 	EXP 	image_reg: image = 'Stimuli/6562.jpg'
678.9269 	EXP 	image_reg: autoDraw = True
684.9276 	EXP 	New trial (rep=0, index=17): {'ImageFile': 'Stimuli/218.jpg'}
684.9413 	EXP 	image_reg: autoDraw = False
684.9413 	EXP 	image_reg: autoDraw = False
684.9413 	EXP 	text_fixcross: autoDraw = True
688.1749 	EXP 	text_fixcross: autoDraw = False
688.1749 	EXP 	text_fixcross: autoDraw = False
688.1749 	EXP 	image_reg: image = 'Stimuli/218.jpg'
688.1749 	EXP 	image_reg: autoDraw = True
694.1770 	EXP 	New trial (rep=0, index=18): {'ImageFile': 'Stimuli/9031.jpg'}
694.1906 	EXP 	image_reg: autoDraw = False
694.1906 	EXP 	image_reg: autoDraw = False
694.1906 	EXP 	text_fixcross: autoDraw = True
698.2215 	EXP 	text_fixcross: autoDraw = False
698.2215 	EXP 	text_fixcross: autoDraw = False
698.2215 	EXP 	image_reg: image = 'Stimuli/9031.jpg'
698.2215 	EXP 	image_reg: autoDraw = True
704.2109 	EXP 	New trial (rep=0, index=19): {'ImageFile': 'Stimuli/210.jpg'}
704.2246 	EXP 	image_reg: autoDraw = False
704.2246 	EXP 	image_reg: autoDraw = False
704.2246 	EXP 	text_fixcross: autoDraw = True
709.1622 	EXP 	text_fixcross: autoDraw = False
709.1622 	EXP 	text_fixcross: autoDraw = False
709.1622 	EXP 	image_reg: image = 'Stimuli/210.jpg'
709.1622 	EXP 	image_reg: autoDraw = True
715.1880 	EXP 	image_reg: autoDraw = False
715.1880 	EXP 	image_reg: autoDraw = False
715.1880 	EXP 	slider_arousal: markerPos = None
715.1880 	EXP 	slider_arousal: markerPos = None
715.1880 	EXP 	slider_arousal: rating = None
715.1880 	EXP 	text_slider_arousal: autoDraw = True
715.1880 	EXP 	slider_arousal: autoDraw = True
720.7929 	DATA 	Mouse: Left button down, pos=(606,322)
720.8064 	EXP 	slider_arousal: markerPos = 68.88888888888889
720.8230 	EXP 	slider_arousal: markerPos = 68.88888888888889
720.8396 	EXP 	slider_arousal: markerPos = 68.88888888888889
720.8563 	EXP 	slider_arousal: markerPos = 68.88888888888889
720.8730 	EXP 	slider_arousal: markerPos = 68.88888888888889
720.8896 	EXP 	slider_arousal: markerPos = 68.88888888888889
720.9063 	EXP 	slider_arousal: markerPos = 68.88888888888889
720.9230 	EXP 	slider_arousal: markerPos = 68.88888888888889
720.9262 	DATA 	Mouse:  Left button up, pos=(606,322)
720.9404 	EXP 	slider_arousal: markerPos = 68.88888888888889
720.9404 	EXP 	slider_arousal: rating = 68.88888888888889
720.9617 	EXP 	text_slider_arousal: autoDraw = False
720.9617 	EXP 	slider_arousal: autoDraw = False
720.9617 	EXP 	slider_effort: markerPos = None
720.9617 	EXP 	slider_effort: markerPos = None
720.9617 	EXP 	slider_effort: rating = None
720.9617 	EXP 	text_slider_effort: autoDraw = True
720.9617 	EXP 	slider_effort: autoDraw = True
725.8097 	DATA 	Mouse: Left button down, pos=(877,309)
725.8230 	EXP 	slider_effort: markerPos = 169.25925925925927
725.8396 	EXP 	slider_effort: markerPos = 169.25925925925927
725.8563 	EXP 	slider_effort: markerPos = 169.25925925925927
725.8729 	EXP 	slider_effort: markerPos = 169.25925925925927
725.8896 	EXP 	slider_effort: markerPos = 169.25925925925927
725.9063 	EXP 	slider_effort: markerPos = 169.25925925925927
725.9230 	EXP 	slider_effort: markerPos = 169.25925925925927
725.9396 	EXP 	slider_effort: markerPos = 169.25925925925927
725.9563 	EXP 	slider_effort: markerPos = 169.25925925925927
725.9596 	DATA 	Mouse:  Left button up, pos=(877,309)
725.9737 	EXP 	slider_effort: markerPos = 169.25925925925927
725.9737 	EXP 	slider_effort: rating = 169.25925925925927
725.9777 	EXP 	New trial (rep=0, index=1): {'Block': 5, 'conds_reg_File': 'StimuliNegative.xlsx', 'n_reps': 1, 'TriggerBlockReg': 25, 'instr_1': 'UNTERDRÜCKEN', 'instr_2': 'Unterdrücken Sie alle aufkommenden Emotionen. Wenn Sie also die Bilder ansehen, verhalten Sie sich so, dass eine außenstehende Person nicht sehen kann, welche Emotionen Sie gerade empfinden.'}
726.0083 	EXP 	text_slider_effort: autoDraw = False
726.0083 	EXP 	slider_effort: autoDraw = False
726.0083 	EXP 	text_Instruction: text = 'UNTERDRÜCKEN\n\nIn diesem Block werden Sie eine Reihe von Bildern sehen. Diese sollen Sie aufmerksam ansehen.\nUnterdrücken Sie alle aufkommenden Emotionen. Wenn Sie also die Bilder ansehen, verhalten Sie sich so, dass eine außenstehende Person nicht sehen kann, welche Emotionen Sie gerade empfinden.\n\nBitte konzentrieren Sie Ihre Regulationsbemühungen nur auf das Bild, nicht aber auf die Zeiträume zwischen den Bildern.\n\nZum Starten des Blocks Leertaste drücken'
726.0083 	EXP 	text_Instruction: autoDraw = True
732.5623 	DATA 	Keypress: space
732.5936 	EXP 	Imported StimuliNegative_5.xlsx as conditions, 20 conditions, 1 params
732.5942 	EXP 	Created sequence: random, trialTypes=20, nReps=1, seed=None
732.5944 	EXP 	New trial (rep=0, index=0): {'ImageFile': 'Stimuli/223.jpg'}
732.6010 	EXP 	text_Instruction: autoDraw = False
732.6010 	EXP 	text_fixcross: autoDraw = True
737.4260 	EXP 	text_fixcross: autoDraw = False
737.4260 	EXP 	text_fixcross: autoDraw = False
737.4260 	EXP 	image_reg: image = 'Stimuli/223.jpg'
737.4260 	EXP 	image_reg: autoDraw = True
743.4277 	EXP 	New trial (rep=0, index=1): {'ImageFile': 'Stimuli/3016.jpg'}
743.4408 	EXP 	image_reg: autoDraw = False
743.4408 	EXP 	image_reg: autoDraw = False
743.4408 	EXP 	text_fixcross: autoDraw = True
748.3694 	EXP 	text_fixcross: autoDraw = False
748.3694 	EXP 	text_fixcross: autoDraw = False
748.3694 	EXP 	image_reg: image = 'Stimuli/3016.jpg'
748.3694 	EXP 	image_reg: autoDraw = True
754.3612 	EXP 	New trial (rep=0, index=2): {'ImageFile': 'Stimuli/3101.jpg'}
754.3744 	EXP 	image_reg: autoDraw = False
754.3744 	EXP 	image_reg: autoDraw = False
754.3744 	EXP 	text_fixcross: autoDraw = True
758.2091 	EXP 	text_fixcross: autoDraw = False
758.2091 	EXP 	text_fixcross: autoDraw = False
758.2091 	EXP 	image_reg: image = 'Stimuli/3101.jpg'
758.2091 	EXP 	image_reg: autoDraw = True
764.2105 	EXP 	New trial (rep=0, index=3): {'ImageFile': 'Stimuli/9405.jpg'}
764.2239 	EXP 	image_reg: autoDraw = False
764.2239 	EXP 	image_reg: autoDraw = False
764.2239 	EXP 	text_fixcross: autoDraw = True
768.4502 	EXP 	text_fixcross: autoDraw = False
768.4502 	EXP 	text_fixcross: autoDraw = False
768.4502 	EXP 	image_reg: image = 'Stimuli/9405.jpg'
768.4502 	EXP 	image_reg: autoDraw = True
774.4444 	EXP 	New trial (rep=0, index=4): {'ImageFile': 'Stimuli/6571.jpg'}
774.4582 	EXP 	image_reg: autoDraw = False
774.4582 	EXP 	image_reg: autoDraw = False
774.4582 	EXP 	text_fixcross: autoDraw = True
777.5938 	EXP 	text_fixcross: autoDraw = False
777.5938 	EXP 	text_fixcross: autoDraw = False
777.5938 	EXP 	image_reg: image = 'Stimuli/6571.jpg'
777.5938 	EXP 	image_reg: autoDraw = True
783.5942 	EXP 	New trial (rep=0, index=5): {'ImageFile': 'Stimuli/6020.jpg'}
783.6081 	EXP 	image_reg: autoDraw = False
783.6081 	EXP 	image_reg: autoDraw = False
783.6081 	EXP 	text_fixcross: autoDraw = True
788.1445 	EXP 	text_fixcross: autoDraw = False
788.1445 	EXP 	text_fixcross: autoDraw = False
788.1445 	EXP 	image_reg: image = 'Stimuli/6020.jpg'
788.1445 	EXP 	image_reg: autoDraw = True
794.1438 	EXP 	New trial (rep=0, index=6): {'ImageFile': 'Stimuli/9373.jpg'}
794.1571 	EXP 	image_reg: autoDraw = False
794.1571 	EXP 	image_reg: autoDraw = False
794.1571 	EXP 	text_fixcross: autoDraw = True
798.1763 	EXP 	text_fixcross: autoDraw = False
798.1763 	EXP 	text_fixcross: autoDraw = False
798.1763 	EXP 	image_reg: image = 'Stimuli/9373.jpg'
798.1763 	EXP 	image_reg: autoDraw = True
804.1772 	EXP 	New trial (rep=0, index=7): {'ImageFile': 'Stimuli/245.jpg'}
804.1906 	EXP 	image_reg: autoDraw = False
804.1906 	EXP 	image_reg: autoDraw = False
804.1906 	EXP 	text_fixcross: autoDraw = True
807.4071 	EXP 	text_fixcross: autoDraw = False
807.4071 	EXP 	text_fixcross: autoDraw = False
807.4071 	EXP 	image_reg: image = 'Stimuli/245.jpg'
807.4071 	EXP 	image_reg: autoDraw = True
813.3936 	EXP 	New trial (rep=0, index=8): {'ImageFile': 'Stimuli/6831.jpg'}
813.4070 	EXP 	image_reg: autoDraw = False
813.4070 	EXP 	image_reg: autoDraw = False
813.4070 	EXP 	text_fixcross: autoDraw = True
816.6306 	EXP 	text_fixcross: autoDraw = False
816.6306 	EXP 	text_fixcross: autoDraw = False
816.6306 	EXP 	image_reg: image = 'Stimuli/6831.jpg'
816.6306 	EXP 	image_reg: autoDraw = True
822.6276 	EXP 	New trial (rep=0, index=9): {'ImageFile': 'Stimuli/3220.jpg'}
822.6413 	EXP 	image_reg: autoDraw = False
822.6413 	EXP 	image_reg: autoDraw = False
822.6413 	EXP 	text_fixcross: autoDraw = True
826.7806 	EXP 	text_fixcross: autoDraw = False
826.7806 	EXP 	text_fixcross: autoDraw = False
826.7806 	EXP 	image_reg: image = 'Stimuli/3220.jpg'
826.7806 	EXP 	image_reg: autoDraw = True
832.7771 	EXP 	New trial (rep=0, index=10): {'ImageFile': 'Stimuli/9400.jpg'}
832.7907 	EXP 	image_reg: autoDraw = False
832.7907 	EXP 	image_reg: autoDraw = False
832.7907 	EXP 	text_fixcross: autoDraw = True
837.4142 	EXP 	text_fixcross: autoDraw = False
837.4142 	EXP 	text_fixcross: autoDraw = False
837.4142 	EXP 	image_reg: image = 'Stimuli/9400.jpg'
837.4142 	EXP 	image_reg: autoDraw = True
843.4103 	EXP 	New trial (rep=0, index=11): {'ImageFile': 'Stimuli/238.jpg'}
843.4234 	EXP 	image_reg: autoDraw = False
843.4234 	EXP 	image_reg: autoDraw = False
843.4234 	EXP 	text_fixcross: autoDraw = True
847.9434 	EXP 	text_fixcross: autoDraw = False
847.9434 	EXP 	text_fixcross: autoDraw = False
847.9434 	EXP 	image_reg: image = 'Stimuli/238.jpg'
847.9434 	EXP 	image_reg: autoDraw = True
853.9437 	EXP 	New trial (rep=0, index=12): {'ImageFile': 'Stimuli/3225.jpg'}
853.9569 	EXP 	image_reg: autoDraw = False
853.9569 	EXP 	image_reg: autoDraw = False
853.9569 	EXP 	text_fixcross: autoDraw = True
858.7912 	EXP 	text_fixcross: autoDraw = False
858.7912 	EXP 	text_fixcross: autoDraw = False
858.7912 	EXP 	image_reg: image = 'Stimuli/3225.jpg'
858.7912 	EXP 	image_reg: autoDraw = True
864.7776 	EXP 	New trial (rep=0, index=13): {'ImageFile': 'Stimuli/3215.jpg'}
864.7912 	EXP 	image_reg: autoDraw = False
864.7912 	EXP 	image_reg: autoDraw = False
864.7912 	EXP 	text_fixcross: autoDraw = True
868.4246 	EXP 	text_fixcross: autoDraw = False
868.4246 	EXP 	text_fixcross: autoDraw = False
868.4246 	EXP 	image_reg: image = 'Stimuli/3215.jpg'
868.4246 	EXP 	image_reg: autoDraw = True
874.4106 	EXP 	New trial (rep=0, index=14): {'ImageFile': 'Stimuli/9423.jpg'}
874.4242 	EXP 	image_reg: autoDraw = False
874.4242 	EXP 	image_reg: autoDraw = False
874.4242 	EXP 	text_fixcross: autoDraw = True
877.5610 	EXP 	text_fixcross: autoDraw = False
877.5610 	EXP 	text_fixcross: autoDraw = False
877.5610 	EXP 	image_reg: image = 'Stimuli/9423.jpg'
877.5610 	EXP 	image_reg: autoDraw = True
883.5603 	EXP 	New trial (rep=0, index=15): {'ImageFile': 'Stimuli/8231.jpg'}
883.5736 	EXP 	image_reg: autoDraw = False
883.5736 	EXP 	image_reg: autoDraw = False
883.5736 	EXP 	text_fixcross: autoDraw = True
887.8976 	EXP 	text_fixcross: autoDraw = False
887.8976 	EXP 	text_fixcross: autoDraw = False
887.8976 	EXP 	image_reg: image = 'Stimuli/8231.jpg'
887.8976 	EXP 	image_reg: autoDraw = True
893.8938 	EXP 	New trial (rep=0, index=16): {'ImageFile': 'Stimuli/9402.jpg'}
893.9068 	EXP 	image_reg: autoDraw = False
893.9068 	EXP 	image_reg: autoDraw = False
893.9068 	EXP 	text_fixcross: autoDraw = True
898.7271 	EXP 	text_fixcross: autoDraw = False
898.7271 	EXP 	text_fixcross: autoDraw = False
898.7271 	EXP 	image_reg: image = 'Stimuli/9402.jpg'
898.7271 	EXP 	image_reg: autoDraw = True
904.7275 	EXP 	New trial (rep=0, index=17): {'ImageFile': 'Stimuli/9403.jpg'}
904.7412 	EXP 	image_reg: autoDraw = False
904.7412 	EXP 	image_reg: autoDraw = False
904.7412 	EXP 	text_fixcross: autoDraw = True
909.1883 	EXP 	text_fixcross: autoDraw = False
909.1883 	EXP 	text_fixcross: autoDraw = False
909.1883 	EXP 	image_reg: image = 'Stimuli/9403.jpg'
909.1883 	EXP 	image_reg: autoDraw = True
915.1769 	EXP 	New trial (rep=0, index=18): {'ImageFile': 'Stimuli/2981.jpg'}
915.1906 	EXP 	image_reg: autoDraw = False
915.1906 	EXP 	image_reg: autoDraw = False
915.1906 	EXP 	text_fixcross: autoDraw = True
918.5116 	EXP 	text_fixcross: autoDraw = False
918.5116 	EXP 	text_fixcross: autoDraw = False
918.5116 	EXP 	image_reg: image = 'Stimuli/2981.jpg'
918.5116 	EXP 	image_reg: autoDraw = True
924.5106 	EXP 	New trial (rep=0, index=19): {'ImageFile': 'Stimuli/3181.jpg'}
924.5241 	EXP 	image_reg: autoDraw = False
924.5241 	EXP 	image_reg: autoDraw = False
924.5241 	EXP 	text_fixcross: autoDraw = True
928.3433 	EXP 	text_fixcross: autoDraw = False
928.3433 	EXP 	text_fixcross: autoDraw = False
928.3433 	EXP 	image_reg: image = 'Stimuli/3181.jpg'
928.3433 	EXP 	image_reg: autoDraw = True
934.3712 	EXP 	image_reg: autoDraw = False
934.3712 	EXP 	image_reg: autoDraw = False
934.3712 	EXP 	slider_arousal: markerPos = None
934.3712 	EXP 	slider_arousal: markerPos = None
934.3712 	EXP 	slider_arousal: rating = None
934.3712 	EXP 	text_slider_arousal: autoDraw = True
934.3712 	EXP 	slider_arousal: autoDraw = True
943.5430 	DATA 	Mouse: Left button down, pos=(769,299)
943.5564 	EXP 	slider_arousal: markerPos = 129.25925925925927
943.5729 	EXP 	slider_arousal: markerPos = 129.25925925925927
943.5896 	EXP 	slider_arousal: markerPos = 129.25925925925927
943.6062 	EXP 	slider_arousal: markerPos = 129.25925925925927
943.6229 	EXP 	slider_arousal: markerPos = 129.25925925925927
943.6395 	EXP 	slider_arousal: markerPos = 129.25925925925927
943.6565 	EXP 	slider_arousal: markerPos = 129.25925925925927
943.6647 	DATA 	Mouse:  Left button up, pos=(769,299)
943.6729 	EXP 	slider_arousal: markerPos = 129.25925925925927
943.6903 	EXP 	slider_arousal: markerPos = 129.25925925925927
943.6903 	EXP 	slider_arousal: rating = 129.25925925925927
943.7116 	EXP 	text_slider_arousal: autoDraw = False
943.7116 	EXP 	slider_arousal: autoDraw = False
943.7116 	EXP 	slider_effort: markerPos = None
943.7116 	EXP 	slider_effort: markerPos = None
943.7116 	EXP 	slider_effort: rating = None
943.7116 	EXP 	text_slider_effort: autoDraw = True
943.7116 	EXP 	slider_effort: autoDraw = True
948.0930 	DATA 	Mouse: Left button down, pos=(915,309)
948.1062 	EXP 	slider_effort: markerPos = 183.33333333333331
948.1228 	EXP 	slider_effort: markerPos = 183.33333333333331
948.1396 	EXP 	slider_effort: markerPos = 183.33333333333331
948.1561 	EXP 	slider_effort: markerPos = 183.33333333333331
948.1729 	EXP 	slider_effort: markerPos = 183.33333333333331
948.1762 	DATA 	Mouse:  Left button up, pos=(915,309)
948.1901 	EXP 	slider_effort: markerPos = 183.33333333333331
948.1901 	EXP 	slider_effort: rating = 183.33333333333331
948.1937 	EXP 	New trial (rep=0, index=2): {'Block': 3, 'conds_reg_File': 'StimuliNegative.xlsx', 'n_reps': 1, 'TriggerBlockReg': 23, 'instr_1': 'ABLENKEN', 'instr_2': 'Denken Sie während des Betrachtens der Bilder an etwas Neutrales, das mit dem Bild nichts zu tun hat. Das könnten geometrische Figuren, Alltagstätigkeiten oder bekannte Orte sein.'}
948.2229 	EXP 	text_slider_effort: autoDraw = False
948.2229 	EXP 	slider_effort: autoDraw = False
948.2229 	EXP 	text_Instruction: text = 'ABLENKEN\n\nIn diesem Block werden Sie eine Reihe von Bildern sehen. Diese sollen Sie aufmerksam ansehen.\nDenken Sie während des Betrachtens der Bilder an etwas Neutrales, das mit dem Bild nichts zu tun hat. Das könnten geometrische Figuren, Alltagstätigkeiten oder bekannte Orte sein.\n\nBitte konzentrieren Sie Ihre Regulationsbemühungen nur auf das Bild, nicht aber auf die Zeiträume zwischen den Bildern.\n\nZum Starten des Blocks Leertaste drücken'
948.2229 	EXP 	text_Instruction: autoDraw = True
968.1794 	DATA 	Keypress: space
968.2143 	EXP 	Imported StimuliNegative_3.xlsx as conditions, 20 conditions, 1 params
968.2148 	EXP 	Created sequence: random, trialTypes=20, nReps=1, seed=None
968.2151 	EXP 	New trial (rep=0, index=0): {'ImageFile': 'Stimuli/6940.jpg'}
968.2217 	EXP 	text_Instruction: autoDraw = False
968.2217 	EXP 	text_fixcross: autoDraw = True
972.9520 	EXP 	text_fixcross: autoDraw = False
972.9520 	EXP 	text_fixcross: autoDraw = False
972.9520 	EXP 	image_reg: image = 'Stimuli/6940.jpg'
972.9520 	EXP 	image_reg: autoDraw = True
978.9441 	EXP 	New trial (rep=0, index=1): {'ImageFile': 'Stimuli/6555.jpg'}
978.9572 	EXP 	image_reg: autoDraw = False
978.9572 	EXP 	image_reg: autoDraw = False
978.9572 	EXP 	text_fixcross: autoDraw = True
982.6754 	EXP 	text_fixcross: autoDraw = False
982.6754 	EXP 	text_fixcross: autoDraw = False
982.6754 	EXP 	image_reg: image = 'Stimuli/6555.jpg'
982.6754 	EXP 	image_reg: autoDraw = True
988.6769 	EXP 	New trial (rep=0, index=2): {'ImageFile': 'Stimuli/6242.jpg'}
988.6902 	EXP 	image_reg: autoDraw = False
988.6902 	EXP 	image_reg: autoDraw = False
988.6902 	EXP 	text_fixcross: autoDraw = True
992.9131 	EXP 	text_fixcross: autoDraw = False
992.9131 	EXP 	text_fixcross: autoDraw = False
992.9131 	EXP 	image_reg: image = 'Stimuli/6242.jpg'
992.9131 	EXP 	image_reg: autoDraw = True
998.9109 	EXP 	New trial (rep=0, index=3): {'ImageFile': 'Stimuli/9570.jpg'}
998.9247 	EXP 	image_reg: autoDraw = False
998.9247 	EXP 	image_reg: autoDraw = False
998.9247 	EXP 	text_fixcross: autoDraw = True
1003.1678 	EXP 	text_fixcross: autoDraw = False
1003.1678 	EXP 	text_fixcross: autoDraw = False
1003.1678 	EXP 	image_reg: image = 'Stimuli/9570.jpg'
1003.1678 	EXP 	image_reg: autoDraw = True
1009.1604 	EXP 	New trial (rep=0, index=4): {'ImageFile': 'Stimuli/253.jpg'}
1009.1738 	EXP 	image_reg: autoDraw = False
1009.1738 	EXP 	image_reg: autoDraw = False
1009.1738 	EXP 	text_fixcross: autoDraw = True
1012.9923 	EXP 	text_fixcross: autoDraw = False
1012.9923 	EXP 	text_fixcross: autoDraw = False
1012.9923 	EXP 	image_reg: image = 'Stimuli/253.jpg'
1012.9923 	EXP 	image_reg: autoDraw = True
1018.9937 	EXP 	New trial (rep=0, index=5): {'ImageFile': 'Stimuli/1301.jpg'}
1019.0068 	EXP 	image_reg: autoDraw = False
1019.0068 	EXP 	image_reg: autoDraw = False
1019.0068 	EXP 	text_fixcross: autoDraw = True
1022.2305 	EXP 	text_fixcross: autoDraw = False
1022.2305 	EXP 	text_fixcross: autoDraw = False
1022.2305 	EXP 	image_reg: image = 'Stimuli/1301.jpg'
1022.2305 	EXP 	image_reg: autoDraw = True
1028.2277 	EXP 	New trial (rep=0, index=6): {'ImageFile': 'Stimuli/226.jpg'}
1028.2413 	EXP 	image_reg: autoDraw = False
1028.2413 	EXP 	image_reg: autoDraw = False
1028.2413 	EXP 	text_fixcross: autoDraw = True
1031.7737 	EXP 	text_fixcross: autoDraw = False
1031.7737 	EXP 	text_fixcross: autoDraw = False
1031.7737 	EXP 	image_reg: image = 'Stimuli/226.jpg'
1031.7737 	EXP 	image_reg: autoDraw = True
1037.7610 	EXP 	New trial (rep=0, index=7): {'ImageFile': 'Stimuli/9140.jpg'}
1037.7745 	EXP 	image_reg: autoDraw = False
1037.7745 	EXP 	image_reg: autoDraw = False
1037.7745 	EXP 	text_fixcross: autoDraw = True
1041.0173 	EXP 	text_fixcross: autoDraw = False
1041.0173 	EXP 	text_fixcross: autoDraw = False
1041.0173 	EXP 	image_reg: image = 'Stimuli/9140.jpg'
1041.0173 	EXP 	image_reg: autoDraw = True
1047.0110 	EXP 	New trial (rep=0, index=8): {'ImageFile': 'Stimuli/3350.jpg'}
1047.0244 	EXP 	image_reg: autoDraw = False
1047.0244 	EXP 	image_reg: autoDraw = False
1047.0244 	EXP 	text_fixcross: autoDraw = True
1050.3626 	EXP 	text_fixcross: autoDraw = False
1050.3626 	EXP 	text_fixcross: autoDraw = False
1050.3626 	EXP 	image_reg: image = 'Stimuli/3350.jpg'
1050.3626 	EXP 	image_reg: autoDraw = True
1056.3597 	EXP 	New trial (rep=0, index=9): {'ImageFile': 'Stimuli/9340.jpg'}
1056.3735 	EXP 	image_reg: autoDraw = False
1056.3735 	EXP 	image_reg: autoDraw = False
1056.3735 	EXP 	text_fixcross: autoDraw = True
1060.5024 	EXP 	text_fixcross: autoDraw = False
1060.5024 	EXP 	text_fixcross: autoDraw = False
1060.5024 	EXP 	image_reg: image = 'Stimuli/9340.jpg'
1060.5024 	EXP 	image_reg: autoDraw = True
1066.4936 	EXP 	New trial (rep=0, index=10): {'ImageFile': 'Stimuli/254.jpg'}
1066.5068 	EXP 	image_reg: autoDraw = False
1066.5068 	EXP 	image_reg: autoDraw = False
1066.5068 	EXP 	text_fixcross: autoDraw = True
1071.2278 	EXP 	text_fixcross: autoDraw = False
1071.2278 	EXP 	text_fixcross: autoDraw = False
1071.2278 	EXP 	image_reg: image = 'Stimuli/254.jpg'
1071.2278 	EXP 	image_reg: autoDraw = True
1077.2278 	EXP 	New trial (rep=0, index=11): {'ImageFile': 'Stimuli/9041.jpg'}
1077.2412 	EXP 	image_reg: autoDraw = False
1077.2412 	EXP 	image_reg: autoDraw = False
1077.2412 	EXP 	text_fixcross: autoDraw = True
1081.4851 	EXP 	text_fixcross: autoDraw = False
1081.4851 	EXP 	text_fixcross: autoDraw = False
1081.4851 	EXP 	image_reg: image = 'Stimuli/9041.jpg'
1081.4851 	EXP 	image_reg: autoDraw = True
1087.4775 	EXP 	New trial (rep=0, index=12): {'ImageFile': 'Stimuli/6410.jpg'}
1087.4912 	EXP 	image_reg: autoDraw = False
1087.4912 	EXP 	image_reg: autoDraw = False
1087.4912 	EXP 	text_fixcross: autoDraw = True
1091.4257 	EXP 	text_fixcross: autoDraw = False
1091.4257 	EXP 	text_fixcross: autoDraw = False
1091.4257 	EXP 	image_reg: image = 'Stimuli/6410.jpg'
1091.4257 	EXP 	image_reg: autoDraw = True
1097.4268 	EXP 	New trial (rep=0, index=13): {'ImageFile': 'Stimuli/219.jpg'}
1097.4403 	EXP 	image_reg: autoDraw = False
1097.4403 	EXP 	image_reg: autoDraw = False
1097.4403 	EXP 	text_fixcross: autoDraw = True
1101.7615 	EXP 	text_fixcross: autoDraw = False
1101.7615 	EXP 	text_fixcross: autoDraw = False
1101.7615 	EXP 	image_reg: image = 'Stimuli/219.jpg'
1101.7615 	EXP 	image_reg: autoDraw = True
1107.7602 	EXP 	New trial (rep=0, index=14): {'ImageFile': 'Stimuli/9800.jpg'}
1107.7739 	EXP 	image_reg: autoDraw = False
1107.7739 	EXP 	image_reg: autoDraw = False
1107.7739 	EXP 	text_fixcross: autoDraw = True
1112.1996 	EXP 	text_fixcross: autoDraw = False
1112.1996 	EXP 	text_fixcross: autoDraw = False
1112.1996 	EXP 	image_reg: image = 'Stimuli/9800.jpg'
1112.1996 	EXP 	image_reg: autoDraw = True
1118.1933 	EXP 	New trial (rep=0, index=15): {'ImageFile': 'Stimuli/8230.jpg'}
1118.2067 	EXP 	image_reg: autoDraw = False
1118.2067 	EXP 	image_reg: autoDraw = False
1118.2067 	EXP 	text_fixcross: autoDraw = True
1123.0315 	EXP 	text_fixcross: autoDraw = False
1123.0315 	EXP 	text_fixcross: autoDraw = False
1123.0315 	EXP 	image_reg: image = 'Stimuli/8230.jpg'
1123.0315 	EXP 	image_reg: autoDraw = True
1129.0271 	EXP 	New trial (rep=0, index=16): {'ImageFile': 'Stimuli/9409.jpg'}
1129.0407 	EXP 	image_reg: autoDraw = False
1129.0407 	EXP 	image_reg: autoDraw = False
1129.0407 	EXP 	text_fixcross: autoDraw = True
1132.5783 	EXP 	text_fixcross: autoDraw = False
1132.5783 	EXP 	text_fixcross: autoDraw = False
1132.5783 	EXP 	image_reg: image = 'Stimuli/9409.jpg'
1132.5783 	EXP 	image_reg: autoDraw = True
1138.5775 	EXP 	New trial (rep=0, index=17): {'ImageFile': 'Stimuli/208.jpg'}
1138.5912 	EXP 	image_reg: autoDraw = False
1138.5912 	EXP 	image_reg: autoDraw = False
1138.5912 	EXP 	text_fixcross: autoDraw = True
1142.9316 	EXP 	text_fixcross: autoDraw = False
1142.9316 	EXP 	text_fixcross: autoDraw = False
1142.9316 	EXP 	image_reg: image = 'Stimuli/208.jpg'
1142.9316 	EXP 	image_reg: autoDraw = True
1148.9271 	EXP 	New trial (rep=0, index=18): {'ImageFile': 'Stimuli/326.jpg'}
1148.9409 	EXP 	image_reg: autoDraw = False
1148.9409 	EXP 	image_reg: autoDraw = False
1148.9409 	EXP 	text_fixcross: autoDraw = True
1153.6786 	EXP 	text_fixcross: autoDraw = False
1153.6786 	EXP 	text_fixcross: autoDraw = False
1153.6786 	EXP 	image_reg: image = 'Stimuli/326.jpg'
1153.6786 	EXP 	image_reg: autoDraw = True
1159.6767 	EXP 	New trial (rep=0, index=19): {'ImageFile': 'Stimuli/6825.jpg'}
1159.6900 	EXP 	image_reg: autoDraw = False
1159.6900 	EXP 	image_reg: autoDraw = False
1159.6900 	EXP 	text_fixcross: autoDraw = True
1164.5254 	EXP 	text_fixcross: autoDraw = False
1164.5254 	EXP 	text_fixcross: autoDraw = False
1164.5254 	EXP 	image_reg: image = 'Stimuli/6825.jpg'
1164.5254 	EXP 	image_reg: autoDraw = True
1170.5554 	EXP 	image_reg: autoDraw = False
1170.5554 	EXP 	image_reg: autoDraw = False
1170.5554 	EXP 	slider_arousal: markerPos = None
1170.5554 	EXP 	slider_arousal: markerPos = None
1170.5554 	EXP 	slider_arousal: rating = None
1170.5554 	EXP 	text_slider_arousal: autoDraw = True
1170.5554 	EXP 	slider_arousal: autoDraw = True
1174.5928 	DATA 	Mouse: Left button down, pos=(775,323)
1174.6061 	EXP 	slider_arousal: markerPos = 131.4814814814815
1174.6228 	EXP 	slider_arousal: markerPos = 131.4814814814815
1174.6395 	EXP 	slider_arousal: markerPos = 131.4814814814815
1174.6561 	EXP 	slider_arousal: markerPos = 131.4814814814815
1174.6729 	EXP 	slider_arousal: markerPos = 131.4814814814815
1174.6895 	EXP 	slider_arousal: markerPos = 131.4814814814815
1174.7063 	EXP 	slider_arousal: markerPos = 131.4814814814815
1174.7146 	DATA 	Mouse:  Left button up, pos=(775,323)
1174.7227 	EXP 	slider_arousal: markerPos = 131.4814814814815
1174.7399 	EXP 	slider_arousal: markerPos = 131.4814814814815
1174.7399 	EXP 	slider_arousal: rating = 131.4814814814815
1174.7617 	EXP 	text_slider_arousal: autoDraw = False
1174.7617 	EXP 	slider_arousal: autoDraw = False
1174.7617 	EXP 	slider_effort: markerPos = None
1174.7617 	EXP 	slider_effort: markerPos = None
1174.7617 	EXP 	slider_effort: rating = None
1174.7617 	EXP 	text_slider_effort: autoDraw = True
1174.7617 	EXP 	slider_effort: autoDraw = True
1178.8929 	DATA 	Mouse: Left button down, pos=(1035,309)
1178.9061 	EXP 	slider_effort: markerPos = 227.77777777777777
1178.9228 	EXP 	slider_effort: markerPos = 227.77777777777777
1178.9394 	EXP 	slider_effort: markerPos = 227.77777777777777
1178.9561 	EXP 	slider_effort: markerPos = 227.77777777777777
1178.9728 	EXP 	slider_effort: markerPos = 227.77777777777777
1178.9760 	DATA 	Mouse:  Left button up, pos=(1035,309)
1178.9901 	EXP 	slider_effort: markerPos = 227.77777777777777
1178.9901 	EXP 	slider_effort: rating = 227.77777777777777
1179.0068 	EXP 	text_slider_effort: autoDraw = False
1179.0068 	EXP 	slider_effort: autoDraw = False
1179.0068 	EXP 	text_EDinstruction: autoDraw = True
1217.6635 	DATA 	Keypress: space
1217.6908 	EXP 	Imported Moneyvalues.xlsx as conditions, 7 conditions, 1 params
1217.6916 	EXP 	Created sequence: sequential, trialTypes=7, nReps=1, seed=None
1217.6920 	EXP 	New trial (rep=0, index=0): {'Currentstep': 0}
1217.6992 	EXP 	text_EDinstruction: autoDraw = False
1217.6992 	EXP 	EDbufferscreen: autoDraw = True
1218.0656 	EXP 	EDbufferscreen: autoDraw = False
1218.0656 	EXP 	question: autoDraw = True
1225.8793 	DATA 	Mouse: Left button down, pos=(1140,266)
1225.8929 	EXP 	New trial (rep=0, index=1): {'Currentstep': 1}
1225.9143 	EXP 	question: autoDraw = False
1225.9143 	EXP 	EDbufferscreen: autoDraw = False
1225.9143 	EXP 	question: autoDraw = True
1226.0126 	DATA 	Mouse:  Left button up, pos=(1140,266)
1229.4231 	DATA 	Mouse: Left button down, pos=(755,245)
1229.4258 	EXP 	New trial (rep=0, index=2): {'Currentstep': 2}
1229.4436 	EXP 	question: autoDraw = False
1229.4436 	EXP 	EDbufferscreen: autoDraw = False
1229.4436 	EXP 	question: autoDraw = True
1229.4961 	DATA 	Mouse:  Left button up, pos=(755,245)
1231.3065 	DATA 	Mouse: Left button down, pos=(755,246)
1231.3092 	EXP 	New trial (rep=0, index=3): {'Currentstep': 3}
1231.3270 	EXP 	question: autoDraw = False
1231.3270 	EXP 	EDbufferscreen: autoDraw = False
1231.3270 	EXP 	question: autoDraw = True
1231.4073 	DATA 	Mouse:  Left button up, pos=(755,246)
1232.3566 	DATA 	Mouse: Left button down, pos=(755,246)
1232.3593 	EXP 	New trial (rep=0, index=4): {'Currentstep': 4}
1232.3771 	EXP 	question: autoDraw = False
1232.3771 	EXP 	EDbufferscreen: autoDraw = False
1232.3771 	EXP 	question: autoDraw = True
1232.4730 	DATA 	Mouse:  Left button up, pos=(755,246)
1232.9898 	DATA 	Mouse: Left button down, pos=(755,246)
1232.9925 	EXP 	New trial (rep=0, index=5): {'Currentstep': 5}
1233.0117 	EXP 	question: autoDraw = False
1233.0117 	EXP 	EDbufferscreen: autoDraw = False
1233.0117 	EXP 	question: autoDraw = True
1233.0568 	DATA 	Mouse:  Left button up, pos=(755,246)
1235.1628 	DATA 	Mouse: Left button down, pos=(755,246)
1235.1758 	EXP 	New trial (rep=0, index=6): {'Currentstep': 6}
1235.1914 	EXP 	question: autoDraw = False
1235.1914 	EXP 	EDbufferscreen: autoDraw = False
1235.1914 	EXP 	question: autoDraw = True
1235.2901 	DATA 	Mouse:  Left button up, pos=(755,246)
1236.3462 	DATA 	Mouse: Left button down, pos=(755,246)
1236.3637 	EXP 	Imported Moneyvalues.xlsx as conditions, 7 conditions, 1 params
1236.3640 	EXP 	Created sequence: sequential, trialTypes=7, nReps=1, seed=None
1236.3642 	EXP 	New trial (rep=0, index=0): {'Currentstep': 0}
1236.3747 	EXP 	question: autoDraw = False
1236.3747 	EXP 	EDbufferscreen: autoDraw = False
1236.3747 	EXP 	EDbufferscreen: autoDraw = True
1236.4615 	DATA 	Mouse:  Left button up, pos=(755,246)
1236.7019 	EXP 	EDbufferscreen: autoDraw = False
1236.7019 	EXP 	question: autoDraw = True
1240.8566 	DATA 	Mouse: Left button down, pos=(1079,261)
1240.8596 	EXP 	New trial (rep=0, index=1): {'Currentstep': 1}
1240.8863 	EXP 	question: autoDraw = False
1240.8863 	EXP 	EDbufferscreen: autoDraw = False
1240.8863 	EXP 	question: autoDraw = True
1240.9730 	DATA 	Mouse:  Left button up, pos=(1079,261)
1242.0731 	DATA 	Mouse: Left button down, pos=(756,255)
1242.0768 	EXP 	New trial (rep=0, index=2): {'Currentstep': 2}
1242.0918 	EXP 	question: autoDraw = False
1242.0918 	EXP 	EDbufferscreen: autoDraw = False
1242.0918 	EXP 	question: autoDraw = True
1242.1898 	DATA 	Mouse:  Left button up, pos=(756,255)
1243.1794 	DATA 	Mouse: Left button down, pos=(756,255)
1243.1926 	EXP 	New trial (rep=0, index=3): {'Currentstep': 3}
1243.2083 	EXP 	question: autoDraw = False
1243.2083 	EXP 	EDbufferscreen: autoDraw = False
1243.2083 	EXP 	question: autoDraw = True
1243.3065 	DATA 	Mouse:  Left button up, pos=(756,255)
1244.9795 	DATA 	Mouse: Left button down, pos=(756,255)
1244.9926 	EXP 	New trial (rep=0, index=4): {'Currentstep': 4}
1245.0080 	EXP 	question: autoDraw = False
1245.0080 	EXP 	EDbufferscreen: autoDraw = False
1245.0080 	EXP 	question: autoDraw = True
1245.0796 	DATA 	Mouse:  Left button up, pos=(756,255)
1247.2794 	DATA 	Mouse: Left button down, pos=(754,255)
1247.2925 	EXP 	New trial (rep=0, index=5): {'Currentstep': 5}
1247.3083 	EXP 	question: autoDraw = False
1247.3083 	EXP 	EDbufferscreen: autoDraw = False
1247.3083 	EXP 	question: autoDraw = True
1247.3958 	DATA 	Mouse:  Left button up, pos=(754,255)
1247.7567 	DATA 	Mouse: Left button down, pos=(754,255)
1247.7595 	EXP 	New trial (rep=0, index=6): {'Currentstep': 6}
1247.7752 	EXP 	question: autoDraw = False
1247.7752 	EXP 	EDbufferscreen: autoDraw = False
1247.7752 	EXP 	question: autoDraw = True
1247.8566 	DATA 	Mouse:  Left button up, pos=(754,255)
1248.4898 	DATA 	Mouse: Left button down, pos=(754,255)
1248.4971 	EXP 	Imported Moneyvalues.xlsx as conditions, 7 conditions, 1 params
1248.4974 	EXP 	Created sequence: sequential, trialTypes=7, nReps=1, seed=None
1248.4977 	EXP 	New trial (rep=0, index=0): {'Currentstep': 0}
1248.5079 	EXP 	question: autoDraw = False
1248.5079 	EXP 	EDbufferscreen: autoDraw = False
1248.5079 	EXP 	EDbufferscreen: autoDraw = True
1248.5940 	DATA 	Mouse:  Left button up, pos=(754,255)
1248.8240 	EXP 	EDbufferscreen: autoDraw = False
1248.8240 	EXP 	question: autoDraw = True
1251.6563 	DATA 	Mouse: Left button down, pos=(805,252)
1251.6594 	EXP 	New trial (rep=0, index=1): {'Currentstep': 1}
1251.6751 	EXP 	question: autoDraw = False
1251.6751 	EXP 	EDbufferscreen: autoDraw = False
1251.6751 	EXP 	question: autoDraw = True
1251.7567 	DATA 	Mouse:  Left button up, pos=(805,252)
1252.8959 	DATA 	Mouse: Left button down, pos=(1124,306)
1252.9092 	EXP 	New trial (rep=0, index=2): {'Currentstep': 2}
1252.9362 	EXP 	question: autoDraw = False
1252.9362 	EXP 	EDbufferscreen: autoDraw = False
1252.9362 	EXP 	question: autoDraw = True
1253.0232 	DATA 	Mouse:  Left button up, pos=(1124,306)
1253.6398 	DATA 	Mouse: Left button down, pos=(1124,306)
1253.6432 	EXP 	New trial (rep=0, index=3): {'Currentstep': 3}
1253.6586 	EXP 	question: autoDraw = False
1253.6586 	EXP 	EDbufferscreen: autoDraw = False
1253.6586 	EXP 	question: autoDraw = True
1253.7293 	DATA 	Mouse:  Left button up, pos=(1124,306)
1253.8731 	DATA 	Mouse: Left button down, pos=(1124,306)
1253.8758 	EXP 	New trial (rep=0, index=4): {'Currentstep': 4}
1253.8911 	EXP 	question: autoDraw = False
1253.8911 	EXP 	EDbufferscreen: autoDraw = False
1253.8911 	EXP 	question: autoDraw = True
1253.9627 	DATA 	Mouse:  Left button up, pos=(1124,306)
1254.0796 	DATA 	Mouse: Left button down, pos=(1124,306)
1254.0925 	EXP 	New trial (rep=0, index=5): {'Currentstep': 5}
1254.1083 	EXP 	question: autoDraw = False
1254.1083 	EXP 	EDbufferscreen: autoDraw = False
1254.1083 	EXP 	question: autoDraw = True
1254.1960 	DATA 	Mouse:  Left button up, pos=(1124,306)
1254.5567 	DATA 	Mouse: Left button down, pos=(1124,306)
1254.5594 	EXP 	New trial (rep=0, index=6): {'Currentstep': 6}
1254.5751 	EXP 	question: autoDraw = False
1254.5751 	EXP 	EDbufferscreen: autoDraw = False
1254.5751 	EXP 	question: autoDraw = True
1254.6567 	DATA 	Mouse:  Left button up, pos=(1124,306)
1255.4793 	DATA 	Mouse: Left button down, pos=(1124,306)
1255.5062 	EXP 	question: autoDraw = False
1255.5062 	EXP 	EDbufferscreen: autoDraw = False
1255.5062 	EXP 	text_choice: autoDraw = True
1255.5928 	DATA 	Mouse:  Left button up, pos=(1124,306)
1279.1594 	DATA 	Keypress: 2
1279.2000 	EXP 	text_choice: autoDraw = False
1279.2000 	EXP 	text_instr_choice: text = 'DISTANZIEREN\n\nIn diesem Block werden Sie eine Reihe von Bildern sehen. Diese sollen Sie aufmerksam ansehen.\nNehmen Sie die Position eines uninvolvierten Beobachters ein. Denken Sie über das Bild in einer neutralen Weise nach.\n\nBitte konzentrieren Sie Ihre Regulationsbemühungen nur auf das Bild, nicht aber auf die Zeiträume zwischen den Bildern.\n\nZum Starten des Blocks Leertaste drücken'
1279.2000 	EXP 	text_instr_choice: autoDraw = True
1285.6421 	DATA 	Keypress: space
1285.6655 	EXP 	Imported StimuliNegative_4.xlsx as conditions, 20 conditions, 1 params
1285.6659 	EXP 	Created sequence: random, trialTypes=20, nReps=1, seed=None
1285.6662 	EXP 	New trial (rep=0, index=0): {'ImageFile': 'Stimuli/9411.jpg'}
1285.6723 	EXP 	text_instr_choice: autoDraw = False
1285.6723 	EXP 	text_fixcross: autoDraw = True
1290.3075 	EXP 	text_fixcross: autoDraw = False
1290.3075 	EXP 	text_fixcross: autoDraw = False
1290.3075 	EXP 	image: image = 'Stimuli/9411.jpg'
1290.3075 	EXP 	image: autoDraw = True
1296.2947 	EXP 	New trial (rep=0, index=1): {'ImageFile': 'Stimuli/9254.jpg'}
1296.3074 	EXP 	image: autoDraw = False
1296.3074 	EXP 	image: autoDraw = False
1296.3074 	EXP 	text_fixcross: autoDraw = True
1300.3568 	EXP 	text_fixcross: autoDraw = False
1300.3568 	EXP 	text_fixcross: autoDraw = False
1300.3568 	EXP 	image: image = 'Stimuli/9254.jpg'
1300.3568 	EXP 	image: autoDraw = True
1306.3434 	EXP 	New trial (rep=0, index=2): {'ImageFile': 'Stimuli/9120.jpg'}
1306.3565 	EXP 	image: autoDraw = False
1306.3565 	EXP 	image: autoDraw = False
1306.3565 	EXP 	text_fixcross: autoDraw = True
1310.9862 	EXP 	text_fixcross: autoDraw = False
1310.9862 	EXP 	text_fixcross: autoDraw = False
1310.9862 	EXP 	image: image = 'Stimuli/9120.jpg'
1310.9862 	EXP 	image: autoDraw = True
1316.9767 	EXP 	New trial (rep=0, index=3): {'ImageFile': 'Stimuli/9181.jpg'}
1316.9899 	EXP 	image: autoDraw = False
1316.9899 	EXP 	image: autoDraw = False
1316.9899 	EXP 	text_fixcross: autoDraw = True
1320.9114 	EXP 	text_fixcross: autoDraw = False
1320.9114 	EXP 	text_fixcross: autoDraw = False
1320.9114 	EXP 	image: image = 'Stimuli/9181.jpg'
1320.9114 	EXP 	image: autoDraw = True
1326.9106 	EXP 	New trial (rep=0, index=4): {'ImageFile': 'Stimuli/9332.jpg'}
1326.9242 	EXP 	image: autoDraw = False
1326.9242 	EXP 	image: autoDraw = False
1326.9242 	EXP 	text_fixcross: autoDraw = True
1331.2673 	EXP 	text_fixcross: autoDraw = False
1331.2673 	EXP 	text_fixcross: autoDraw = False
1331.2673 	EXP 	image: image = 'Stimuli/9332.jpg'
1331.2673 	EXP 	image: autoDraw = True
1337.2604 	EXP 	New trial (rep=0, index=5): {'ImageFile': 'Stimuli/9295.jpg'}
1337.2739 	EXP 	image: autoDraw = False
1337.2739 	EXP 	image: autoDraw = False
1337.2739 	EXP 	text_fixcross: autoDraw = True
1341.1013 	EXP 	text_fixcross: autoDraw = False
1341.1013 	EXP 	text_fixcross: autoDraw = False
1341.1013 	EXP 	image: image = 'Stimuli/9295.jpg'
1341.1013 	EXP 	image: autoDraw = True
1347.0934 	EXP 	New trial (rep=0, index=6): {'ImageFile': 'Stimuli/6561.jpg'}
1347.1067 	EXP 	image: autoDraw = False
1347.1067 	EXP 	image: autoDraw = False
1347.1067 	EXP 	text_fixcross: autoDraw = True
1351.2316 	EXP 	text_fixcross: autoDraw = False
1351.2316 	EXP 	text_fixcross: autoDraw = False
1351.2316 	EXP 	image: image = 'Stimuli/6561.jpg'
1351.2316 	EXP 	image: autoDraw = True
1357.2262 	EXP 	New trial (rep=0, index=7): {'ImageFile': 'Stimuli/9420.jpg'}
1357.2400 	EXP 	image: autoDraw = False
1357.2400 	EXP 	image: autoDraw = False
1357.2400 	EXP 	text_fixcross: autoDraw = True
1361.1611 	EXP 	text_fixcross: autoDraw = False
1361.1611 	EXP 	text_fixcross: autoDraw = False
1361.1611 	EXP 	image: image = 'Stimuli/9420.jpg'
1361.1611 	EXP 	image: autoDraw = True
1367.1600 	EXP 	New trial (rep=0, index=8): {'ImageFile': 'Stimuli/6838.jpg'}
1367.1734 	EXP 	image: autoDraw = False
1367.1734 	EXP 	image: autoDraw = False
1367.1734 	EXP 	text_fixcross: autoDraw = True
1370.3966 	EXP 	text_fixcross: autoDraw = False
1370.3966 	EXP 	text_fixcross: autoDraw = False
1370.3966 	EXP 	image: image = 'Stimuli/6838.jpg'
1370.3966 	EXP 	image: autoDraw = True
1376.3935 	EXP 	New trial (rep=0, index=9): {'ImageFile': 'Stimuli/9185.jpg'}
1376.4070 	EXP 	image: autoDraw = False
1376.4070 	EXP 	image: autoDraw = False
1376.4070 	EXP 	text_fixcross: autoDraw = True
1380.5370 	EXP 	text_fixcross: autoDraw = False
1380.5370 	EXP 	text_fixcross: autoDraw = False
1380.5370 	EXP 	image: image = 'Stimuli/9185.jpg'
1380.5370 	EXP 	image: autoDraw = True
1386.5269 	EXP 	New trial (rep=0, index=10): {'ImageFile': 'Stimuli/252.jpg'}
1386.5404 	EXP 	image: autoDraw = False
1386.5404 	EXP 	image: autoDraw = False
1386.5404 	EXP 	text_fixcross: autoDraw = True
1390.3656 	EXP 	text_fixcross: autoDraw = False
1390.3656 	EXP 	text_fixcross: autoDraw = False
1390.3656 	EXP 	image: image = 'Stimuli/252.jpg'
1390.3656 	EXP 	image: autoDraw = True
1396.3600 	EXP 	New trial (rep=0, index=11): {'ImageFile': 'Stimuli/9905.jpg'}
1396.3733 	EXP 	image: autoDraw = False
1396.3733 	EXP 	image: autoDraw = False
1396.3733 	EXP 	text_fixcross: autoDraw = True
1399.7035 	EXP 	text_fixcross: autoDraw = False
1399.7035 	EXP 	text_fixcross: autoDraw = False
1399.7035 	EXP 	image: image = 'Stimuli/9905.jpg'
1399.7035 	EXP 	image: autoDraw = True
1405.6939 	EXP 	New trial (rep=0, index=12): {'ImageFile': 'Stimuli/3061.jpg'}
1405.7089 	EXP 	image: autoDraw = False
1405.7089 	EXP 	image: autoDraw = False
1405.7089 	EXP 	text_fixcross: autoDraw = True
1409.9540 	EXP 	text_fixcross: autoDraw = False
1409.9540 	EXP 	text_fixcross: autoDraw = False
1409.9540 	EXP 	image: image = 'Stimuli/3061.jpg'
1409.9540 	EXP 	image: autoDraw = True
1415.9439 	EXP 	New trial (rep=0, index=13): {'ImageFile': 'Stimuli/227.jpg'}
1415.9577 	EXP 	image: autoDraw = False
1415.9577 	EXP 	image: autoDraw = False
1415.9577 	EXP 	text_fixcross: autoDraw = True
1419.0035 	EXP 	text_fixcross: autoDraw = False
1419.0035 	EXP 	text_fixcross: autoDraw = False
1419.0035 	EXP 	image: image = 'Stimuli/227.jpg'
1419.0035 	EXP 	image: autoDraw = True
1424.9941 	EXP 	New trial (rep=0, index=14): {'ImageFile': 'Stimuli/9421.jpg'}
1425.0080 	EXP 	image: autoDraw = False
1425.0080 	EXP 	image: autoDraw = False
1425.0080 	EXP 	text_fixcross: autoDraw = True
1429.1561 	EXP 	text_fixcross: autoDraw = False
1429.1561 	EXP 	text_fixcross: autoDraw = False
1429.1561 	EXP 	image: image = 'Stimuli/9421.jpg'
1429.1561 	EXP 	image: autoDraw = True
1435.1439 	EXP 	New trial (rep=0, index=15): {'ImageFile': 'Stimuli/1051.jpg'}
1435.1576 	EXP 	image: autoDraw = False
1435.1576 	EXP 	image: autoDraw = False
1435.1576 	EXP 	text_fixcross: autoDraw = True
1438.3939 	EXP 	text_fixcross: autoDraw = False
1438.3939 	EXP 	text_fixcross: autoDraw = False
1438.3939 	EXP 	image: image = 'Stimuli/1051.jpg'
1438.3939 	EXP 	image: autoDraw = True
1444.3935 	EXP 	New trial (rep=0, index=16): {'ImageFile': 'Stimuli/3230.jpg'}
1444.4066 	EXP 	image: autoDraw = False
1444.4066 	EXP 	image: autoDraw = False
1444.4066 	EXP 	text_fixcross: autoDraw = True
1449.0325 	EXP 	text_fixcross: autoDraw = False
1449.0325 	EXP 	text_fixcross: autoDraw = False
1449.0325 	EXP 	image: image = 'Stimuli/3230.jpg'
1449.0325 	EXP 	image: autoDraw = True
1455.0265 	EXP 	New trial (rep=0, index=17): {'ImageFile': 'Stimuli/9599.jpg'}
1455.0400 	EXP 	image: autoDraw = False
1455.0400 	EXP 	image: autoDraw = False
1455.0400 	EXP 	text_fixcross: autoDraw = True
1459.3716 	EXP 	text_fixcross: autoDraw = False
1459.3716 	EXP 	text_fixcross: autoDraw = False
1459.3716 	EXP 	image: image = 'Stimuli/9599.jpg'
1459.3716 	EXP 	image: autoDraw = True
1465.3601 	EXP 	New trial (rep=0, index=18): {'ImageFile': 'Stimuli/2800.jpg'}
1465.3739 	EXP 	image: autoDraw = False
1465.3739 	EXP 	image: autoDraw = False
1465.3739 	EXP 	text_fixcross: autoDraw = True
1468.6926 	EXP 	text_fixcross: autoDraw = False
1468.6926 	EXP 	text_fixcross: autoDraw = False
1468.6926 	EXP 	image: image = 'Stimuli/2800.jpg'
1468.6926 	EXP 	image: autoDraw = True
1474.6940 	EXP 	New trial (rep=0, index=19): {'ImageFile': 'Stimuli/9230.jpg'}
1474.7078 	EXP 	image: autoDraw = False
1474.7078 	EXP 	image: autoDraw = False
1474.7078 	EXP 	text_fixcross: autoDraw = True
1478.0513 	EXP 	text_fixcross: autoDraw = False
1478.0513 	EXP 	text_fixcross: autoDraw = False
1478.0513 	EXP 	image: image = 'Stimuli/9230.jpg'
1478.0513 	EXP 	image: autoDraw = True
1484.0730 	EXP 	image: autoDraw = False
1484.0730 	EXP 	image: autoDraw = False
1484.0730 	EXP 	slider_arousal: markerPos = None
1484.0730 	EXP 	slider_arousal: markerPos = None
1484.0730 	EXP 	slider_arousal: rating = None
1484.0730 	EXP 	text_slider_arousal: autoDraw = True
1484.0730 	EXP 	slider_arousal: autoDraw = True
1488.8919 	DATA 	Mouse: Left button down, pos=(829,322)
1488.9060 	EXP 	slider_arousal: markerPos = 151.4814814814815
1488.9227 	EXP 	slider_arousal: markerPos = 151.4814814814815
1488.9394 	EXP 	slider_arousal: markerPos = 151.4814814814815
1488.9560 	EXP 	slider_arousal: markerPos = 151.4814814814815
1488.9727 	EXP 	slider_arousal: markerPos = 151.4814814814815
1488.9894 	EXP 	slider_arousal: markerPos = 151.4814814814815
1488.9924 	DATA 	Mouse:  Left button up, pos=(829,322)
1489.0065 	EXP 	slider_arousal: markerPos = 151.4814814814815
1489.0065 	EXP 	slider_arousal: rating = 151.4814814814815
1489.0282 	EXP 	text_slider_arousal: autoDraw = False
1489.0282 	EXP 	slider_arousal: autoDraw = False
1489.0282 	EXP 	slider_effort: markerPos = None
1489.0282 	EXP 	slider_effort: markerPos = None
1489.0282 	EXP 	slider_effort: rating = None
1489.0282 	EXP 	text_slider_effort: autoDraw = True
1489.0282 	EXP 	slider_effort: autoDraw = True
1493.6094 	DATA 	Mouse: Left button down, pos=(929,302)
1493.6227 	EXP 	slider_effort: markerPos = 188.51851851851853
1493.6394 	EXP 	slider_effort: markerPos = 188.51851851851853
1493.6560 	EXP 	slider_effort: markerPos = 188.51851851851853
1493.6727 	EXP 	slider_effort: markerPos = 188.51851851851853
1493.6894 	EXP 	slider_effort: markerPos = 188.51851851851853
1493.6979 	DATA 	Mouse:  Left button up, pos=(929,302)
1493.7061 	EXP 	slider_effort: markerPos = 188.51851851851853
1493.7234 	EXP 	slider_effort: markerPos = 188.51851851851853
1493.7234 	EXP 	slider_effort: rating = 188.51851851851853
1493.7393 	EXP 	text_slider_effort: autoDraw = False
1493.7393 	EXP 	slider_effort: autoDraw = False
1493.7393 	EXP 	text_end: autoDraw = True
1501.5607 	DATA 	Keypress: space
1501.5733 	EXP 	text_end: autoDraw = False
1501.6424 	EXP 	window1: mouseVisible = True
