This is pdfTeX, Version 3.141592653-2.6-1.40.24 (TeX Live 2022) (preloaded format=pdflatex 2022.6.9)  9 JUN 2022 12:51
entering extended mode
 restricted \write18 enabled.
 %&-line parsing enabled.
**Manuscript_ERED_Stage1.tex
(./Manuscript_ERED_Stage1.tex
LaTeX2e <2021-11-15> patch level 1
L3 programming layer <2022-06-02> (c:/Users/scheffel/AppData/Roaming/TinyTeX/texmf-dist/tex/latex/apa6/apa6.cls
Document Class: apa6 2020/01/13 v2.34 APA formatting (6th edition)
(c:/Users/scheffel/AppData/Roaming/TinyTeX/texmf-dist/tex/latex/base/article.cls
Document Class: article 2021/10/04 v1.4n Standard LaTeX document class
(c:/Users/scheffel/AppData/Roaming/TinyTeX/texmf-dist/tex/latex/base/size12.clo
File: size12.clo 2021/10/04 v1.4n Standard LaTeX file (size option)
)
\c@part=\count185
\c@section=\count186
\c@subsection=\count187
\c@subsubsection=\count188
\c@paragraph=\count189
\c@subparagraph=\count190
\c@figure=\count191
\c@table=\count192
\abovecaptionskip=\skip47
\belowcaptionskip=\skip48
\bibindent=\dimen138
) (c:/Users/scheffel/AppData/Roaming/TinyTeX/texmf-dist/tex/latex/etoolbox/etoolbox.sty
Package: etoolbox 2020/10/05 v2.5k e-TeX tools for LaTeX (JAW)
\etb@tempcnta=\count193
)
Class apa6 Info: No bibliography package was specified; defaulting to (but not loading) Biblatex on input line 213.
(c:/Users/scheffel/AppData/Roaming/TinyTeX/texmf-dist/tex/latex/lm/lmodern.sty
Package: lmodern 2015/05/01 v1.6.1 Latin Modern Fonts
LaTeX Font Info:    Overwriting symbol font `operators' in version `normal'
(Font)                  OT1/cmr/m/n --> OT1/lmr/m/n on input line 22.
LaTeX Font Info:    Overwriting symbol font `letters' in version `normal'
(Font)                  OML/cmm/m/it --> OML/lmm/m/it on input line 23.
LaTeX Font Info:    Overwriting symbol font `symbols' in version `normal'
(Font)                  OMS/cmsy/m/n --> OMS/lmsy/m/n on input line 24.
LaTeX Font Info:    Overwriting symbol font `largesymbols' in version `normal'
(Font)                  OMX/cmex/m/n --> OMX/lmex/m/n on input line 25.
LaTeX Font Info:    Overwriting symbol font `operators' in version `bold'
(Font)                  OT1/cmr/bx/n --> OT1/lmr/bx/n on input line 26.
LaTeX Font Info:    Overwriting symbol font `letters' in version `bold'
(Font)                  OML/cmm/b/it --> OML/lmm/b/it on input line 27.
LaTeX Font Info:    Overwriting symbol font `symbols' in version `bold'
(Font)                  OMS/cmsy/b/n --> OMS/lmsy/b/n on input line 28.
LaTeX Font Info:    Overwriting symbol font `largesymbols' in version `bold'
(Font)                  OMX/cmex/m/n --> OMX/lmex/m/n on input line 29.
LaTeX Font Info:    Overwriting math alphabet `\mathbf' in version `normal'
(Font)                  OT1/cmr/bx/n --> OT1/lmr/bx/n on input line 31.
LaTeX Font Info:    Overwriting math alphabet `\mathsf' in version `normal'
(Font)                  OT1/cmss/m/n --> OT1/lmss/m/n on input line 32.
LaTeX Font Info:    Overwriting math alphabet `\mathit' in version `normal'
(Font)                  OT1/cmr/m/it --> OT1/lmr/m/it on input line 33.
LaTeX Font Info:    Overwriting math alphabet `\mathtt' in version `normal'
(Font)                  OT1/cmtt/m/n --> OT1/lmtt/m/n on input line 34.
LaTeX Font Info:    Overwriting math alphabet `\mathbf' in version `bold'
(Font)                  OT1/cmr/bx/n --> OT1/lmr/bx/n on input line 35.
LaTeX Font Info:    Overwriting math alphabet `\mathsf' in version `bold'
(Font)                  OT1/cmss/bx/n --> OT1/lmss/bx/n on input line 36.
LaTeX Font Info:    Overwriting math alphabet `\mathit' in version `bold'
(Font)                  OT1/cmr/bx/it --> OT1/lmr/bx/it on input line 37.
LaTeX Font Info:    Overwriting math alphabet `\mathtt' in version `bold'
(Font)                  OT1/cmtt/m/n --> OT1/lmtt/m/n on input line 38.
) (c:/Users/scheffel/AppData/Roaming/TinyTeX/texmf-dist/tex/latex/base/fontenc.sty
Package: fontenc 2021/04/29 v2.0v Standard LaTeX package
LaTeX Font Info:    Trying to load font information for T1+lmr on input line 112.
(c:/Users/scheffel/AppData/Roaming/TinyTeX/texmf-dist/tex/latex/lm/t1lmr.fd
File: t1lmr.fd 2015/05/01 v1.6.1 Font defs for Latin Modern
)) (c:/Users/scheffel/AppData/Roaming/TinyTeX/texmf-dist/tex/latex/geometry/geometry.sty
Package: geometry 2020/01/02 v5.9 Page Geometry
(c:/Users/scheffel/AppData/Roaming/TinyTeX/texmf-dist/tex/latex/graphics/keyval.sty
Package: keyval 2014/10/28 v1.15 key=value parser (DPC)
\KV@toks@=\toks16
) (c:/Users/scheffel/AppData/Roaming/TinyTeX/texmf-dist/tex/generic/iftex/ifvtex.sty
Package: ifvtex 2019/10/25 v1.7 ifvtex legacy package. Use iftex instead.
(c:/Users/scheffel/AppData/Roaming/TinyTeX/texmf-dist/tex/generic/iftex/iftex.sty
Package: iftex 2022/02/03 v1.0f TeX engine tests
))
\Gm@cnth=\count194
\Gm@cntv=\count195
\c@Gm@tempcnt=\count196
\Gm@bindingoffset=\dimen139
\Gm@wd@mp=\dimen140
\Gm@odd@mp=\dimen141
\Gm@even@mp=\dimen142
\Gm@layoutwidth=\dimen143
\Gm@layoutheight=\dimen144
\Gm@layouthoffset=\dimen145
\Gm@layoutvoffset=\dimen146
\Gm@dimlist=\toks17
) (c:/Users/scheffel/AppData/Roaming/TinyTeX/texmf-dist/tex/latex/graphics/graphicx.sty
Package: graphicx 2021/09/16 v1.2d Enhanced LaTeX Graphics (DPC,SPQR)
(c:/Users/scheffel/AppData/Roaming/TinyTeX/texmf-dist/tex/latex/graphics/graphics.sty
Package: graphics 2021/03/04 v1.4d Standard LaTeX Graphics (DPC,SPQR)
(c:/Users/scheffel/AppData/Roaming/TinyTeX/texmf-dist/tex/latex/graphics/trig.sty
Package: trig 2021/08/11 v1.11 sin cos tan (DPC)
) (c:/Users/scheffel/AppData/Roaming/TinyTeX/texmf-dist/tex/latex/graphics-cfg/graphics.cfg
File: graphics.cfg 2016/06/04 v1.11 sample graphics configuration
)
Package graphics Info: Driver file: pdftex.def on input line 107.
(c:/Users/scheffel/AppData/Roaming/TinyTeX/texmf-dist/tex/latex/graphics-def/pdftex.def
File: pdftex.def 2020/10/05 v1.2a Graphics/color driver for pdftex
))
\Gin@req@height=\dimen147
\Gin@req@width=\dimen148
) (c:/Users/scheffel/AppData/Roaming/TinyTeX/texmf-dist/tex/latex/booktabs/booktabs.sty
Package: booktabs 2020/01/12 v1.61803398 Publication quality tables
\heavyrulewidth=\dimen149
\lightrulewidth=\dimen150
\cmidrulewidth=\dimen151
\belowrulesep=\dimen152
\belowbottomsep=\dimen153
\aboverulesep=\dimen154
\abovetopsep=\dimen155
\cmidrulesep=\dimen156
\cmidrulekern=\dimen157
\defaultaddspace=\dimen158
\@cmidla=\count197
\@cmidlb=\count198
\@aboverulesep=\dimen159
\@belowrulesep=\dimen160
\@thisruleclass=\count199
\@lastruleclass=\count266
\@thisrulewidth=\dimen161
) (c:/Users/scheffel/AppData/Roaming/TinyTeX/texmf-dist/tex/latex/threeparttable/threeparttable.sty
Package: threeparttable 2003/06/13  v 3.0
\@tempboxb=\box50
)
\b@level@one@skip=\skip49
\e@level@one@skip=\skip50
\b@level@two@skip=\skip51
\e@level@two@skip=\skip52
\b@level@three@skip=\skip53
\e@level@three@skip=\skip54
\b@level@four@skip=\skip55
\e@level@four@skip=\skip56
\b@level@five@skip=\skip57
\e@level@five@skip=\skip58
(c:/Users/scheffel/AppData/Roaming/TinyTeX/texmf-dist/tex/latex/caption/caption.sty
Package: caption 2022/03/01 v3.6b Customizing captions (AR)
(c:/Users/scheffel/AppData/Roaming/TinyTeX/texmf-dist/tex/latex/caption/caption3.sty
Package: caption3 2022/03/17 v2.3b caption3 kernel (AR)
\caption@tempdima=\dimen162
\captionmargin=\dimen163
\caption@leftmargin=\dimen164
\caption@rightmargin=\dimen165
\caption@width=\dimen166
\caption@indent=\dimen167
\caption@parindent=\dimen168
\caption@hangindent=\dimen169
Package caption Info: Standard document class detected.
)
\c@caption@flags=\count267
\c@continuedfloat=\count268
Package caption Info: threeparttable package is loaded.
)
\c@APAenum=\count269
\@text@par@indent=\skip59
\gr@box=\box51
\gr@boxwidth=\skip60
\gr@boxheight=\skip61
(c:/Users/scheffel/AppData/Roaming/TinyTeX/texmf-dist/tex/latex/tools/bm.sty
Package: bm 2021/04/25 v1.2e Bold Symbol Support (DPC/FMi)
\symboldoperators=\mathgroup4
\symboldletters=\mathgroup5
\symboldsymbols=\mathgroup6
Package bm Info: No bold for \OMX/lmex/m/n, using \pmb.
LaTeX Font Info:    Redeclaring math alphabet \mathbf on input line 149.
)
\c@appendix=\count270
(c:/Users/scheffel/AppData/Roaming/TinyTeX/texmf-dist/tex/latex/fancyhdr/fancyhdr.sty
Package: fancyhdr 2022/05/18 v4.0.3 Extensive control of page headers and footers
\f@nch@headwidth=\skip62
\f@nch@O@elh=\skip63
\f@nch@O@erh=\skip64
\f@nch@O@olh=\skip65
\f@nch@O@orh=\skip66
\f@nch@O@elf=\skip67
\f@nch@O@erf=\skip68
\f@nch@O@olf=\skip69
\f@nch@O@orf=\skip70
) (c:/Users/scheffel/AppData/Roaming/TinyTeX/texmf-dist/tex/latex/endfloat/endfloat.sty
Package: endfloat 2019/04/15 v2.7 LaTeX2e package puts figures and tables at end (jdm)
\c@posttable=\count271
\efloat@postttt=\write3
\@ef@tttopen=\count272
\c@postfigure=\count273
\efloat@postfff=\write4
\@ef@fffopen=\count274
) (c:/Users/scheffel/AppData/Roaming/TinyTeX/texmf-dist/tex/latex/float/float.sty
Package: float 2001/11/08 v1.3d Float enhancements (AL)
\c@float@type=\count275
\float@exts=\toks18
\float@box=\box52
\@float@everytoks=\toks19
\@floatcapt=\box53
)) (c:/Users/scheffel/AppData/Roaming/TinyTeX/texmf-dist/tex/latex/amsmath/amsmath.sty
Package: amsmath 2021/10/15 v2.17l AMS math features
\@mathmargin=\skip71
For additional information on amsmath, use the `?' option.
(c:/Users/scheffel/AppData/Roaming/TinyTeX/texmf-dist/tex/latex/amsmath/amstext.sty
Package: amstext 2021/08/26 v2.01 AMS text
(c:/Users/scheffel/AppData/Roaming/TinyTeX/texmf-dist/tex/latex/amsmath/amsgen.sty
File: amsgen.sty 1999/11/30 v2.0 generic functions
\@emptytoks=\toks20
\ex@=\dimen170
)) (c:/Users/scheffel/AppData/Roaming/TinyTeX/texmf-dist/tex/latex/amsmath/amsbsy.sty
Package: amsbsy 1999/11/29 v1.2d Bold Symbols
LaTeX Info: Redefining \boldsymbol on input line 28.
\pmbraise@=\dimen171
) (c:/Users/scheffel/AppData/Roaming/TinyTeX/texmf-dist/tex/latex/amsmath/amsopn.sty
Package: amsopn 2021/08/26 v2.02 operator names
)
\inf@bad=\count276
LaTeX Info: Redefining \frac on input line 234.
\uproot@=\count277
\leftroot@=\count278
LaTeX Info: Redefining \overline on input line 399.
\classnum@=\count279
\DOTSCASE@=\count280
LaTeX Info: Redefining \ldots on input line 496.
LaTeX Info: Redefining \dots on input line 499.
LaTeX Info: Redefining \cdots on input line 620.
\Mathstrutbox@=\box54
\strutbox@=\box55
\big@size=\dimen172
LaTeX Font Info:    Redeclaring font encoding OML on input line 743.
LaTeX Font Info:    Redeclaring font encoding OMS on input line 744.
\macc@depth=\count281
\c@MaxMatrixCols=\count282
\dotsspace@=\muskip16
\c@parentequation=\count283
\dspbrk@lvl=\count284
\tag@help=\toks21
\row@=\count285
\column@=\count286
\maxfields@=\count287
\andhelp@=\toks22
\eqnshift@=\dimen173
\alignsep@=\dimen174
\tagshift@=\dimen175
\tagwidth@=\dimen176
\totwidth@=\dimen177
\lineht@=\dimen178
\@envbody=\toks23
\multlinegap=\skip72
\multlinetaggap=\skip73
\mathdisplay@stack=\toks24
LaTeX Info: Redefining \[ on input line 2938.
LaTeX Info: Redefining \] on input line 2939.
) (c:/Users/scheffel/AppData/Roaming/TinyTeX/texmf-dist/tex/latex/amsfonts/amssymb.sty
Package: amssymb 2013/01/14 v3.01 AMS font symbols
(c:/Users/scheffel/AppData/Roaming/TinyTeX/texmf-dist/tex/latex/amsfonts/amsfonts.sty
Package: amsfonts 2013/01/14 v3.01 Basic AMSFonts support
\symAMSa=\mathgroup7
\symAMSb=\mathgroup8
LaTeX Font Info:    Redeclaring math symbol \hbar on input line 98.
LaTeX Font Info:    Overwriting math alphabet `\mathfrak' in version `bold'
(Font)                  U/euf/m/n --> U/euf/b/n on input line 106.
)) (c:/Users/scheffel/AppData/Roaming/TinyTeX/texmf-dist/tex/latex/base/fontenc.sty
Package: fontenc 2021/04/29 v2.0v Standard LaTeX package
) (c:/Users/scheffel/AppData/Roaming/TinyTeX/texmf-dist/tex/latex/base/inputenc.sty
Package: inputenc 2021/02/14 v1.3d Input encoding file
\inpenc@prehook=\toks25
\inpenc@posthook=\toks26
) (c:/Users/scheffel/AppData/Roaming/TinyTeX/texmf-dist/tex/latex/base/textcomp.sty
Package: textcomp 2020/02/02 v2.0n Standard LaTeX package
) (c:/Users/scheffel/AppData/Roaming/TinyTeX/texmf-dist/tex/latex/xcolor/xcolor.sty
Package: xcolor 2021/10/31 v2.13 LaTeX color extensions (UK)
(c:/Users/scheffel/AppData/Roaming/TinyTeX/texmf-dist/tex/latex/graphics-cfg/color.cfg
File: color.cfg 2016/01/02 v1.6 sample color configuration
)
Package xcolor Info: Driver file: pdftex.def on input line 227.
Package xcolor Info: Model `cmy' substituted by `cmy0' on input line 1352.
Package xcolor Info: Model `hsb' substituted by `rgb' on input line 1356.
Package xcolor Info: Model `RGB' extended on input line 1368.
Package xcolor Info: Model `HTML' substituted by `rgb' on input line 1370.
Package xcolor Info: Model `Hsb' substituted by `hsb' on input line 1371.
Package xcolor Info: Model `tHsb' substituted by `hsb' on input line 1372.
Package xcolor Info: Model `HSB' substituted by `hsb' on input line 1373.
Package xcolor Info: Model `Gray' substituted by `gray' on input line 1374.
Package xcolor Info: Model `wave' substituted by `hsb' on input line 1375.
)
\cslhangindent=\skip74
\csllabelwidth=\skip75
\cslentryspacingunit=\skip76
(c:/Users/scheffel/AppData/Roaming/TinyTeX/texmf-dist/tex/latex/tools/calc.sty
Package: calc 2017/05/25 v4.3 Infix arithmetic (KKT,FJ)
\calc@Acount=\count288
\calc@Bcount=\count289
\calc@Adimen=\dimen179
\calc@Bdimen=\dimen180
\calc@Askip=\skip77
\calc@Bskip=\skip78
LaTeX Info: Redefining \setlength on input line 80.
LaTeX Info: Redefining \addtolength on input line 81.
\calc@Ccount=\count290
\calc@Cskip=\skip79
) (c:/Users/scheffel/AppData/Roaming/TinyTeX/texmf-dist/tex/generic/babel/babel.sty
Package: babel 2022/06/06 3.76 The Babel package
\babel@savecnt=\count291
\U@D=\dimen181
\l@unhyphenated=\language3
(c:/Users/scheffel/AppData/Roaming/TinyTeX/texmf-dist/tex/generic/babel/txtbabel.def)
\bbl@readstream=\read2
\bbl@dirlevel=\count292
Package babel Info: You haven't specified a language. I'll use 'nil'
(babel)             as the main language. Reported on input line 4376.
(c:/Users/scheffel/AppData/Roaming/TinyTeX/texmf-dist/tex/generic/babel/nil.ldf
Language: nil 2022/06/06 3.76 Nil language
\l@nil=\language4
))
\everypar=\toks27
(c:/Users/scheffel/AppData/Roaming/TinyTeX/texmf-dist/tex/generic/babel/locale/en/babel-english.tex)
Package babel Info: Importing data for english
(babel)             from babel-en.ini. Reported on input line 90.
Package babel Info: Hyphen rules for 'english' set to \l@english
(babel)             (\language0). Reported on input line 90.
(c:/Users/scheffel/AppData/Roaming/TinyTeX/texmf-dist/tex/latex/was/upgreek.sty
Package: upgreek 2003/02/12 v2.0 (WaS)
Package upgreek Info: Using Euler Roman for upright Greek on input line 31.
\symugrf@m=\mathgroup9
LaTeX Font Info:    Overwriting symbol font `ugrf@m' in version `bold'
(Font)                  U/eur/m/n --> U/eur/b/n on input line 38.
) (c:/Users/scheffel/AppData/Roaming/TinyTeX/texmf-dist/tex/latex/tools/longtable.sty
Package: longtable 2021-09-01 v4.17 Multi-page Table package (DPC)
\LTleft=\skip80
\LTright=\skip81
\LTpre=\skip82
\LTpost=\skip83
\LTchunksize=\count293
\LTcapwidth=\dimen182
\LT@head=\box56
\LT@firsthead=\box57
\LT@foot=\box58
\LT@lastfoot=\box59
\LT@gbox=\box60
\LT@cols=\count294
\LT@rows=\count295
\c@LT@tables=\count296
\c@LT@chunks=\count297
\LT@p@ftn=\toks28
) (c:/Users/scheffel/AppData/Roaming/TinyTeX/texmf-dist/tex/latex/graphics/lscape.sty
Package: lscape 2020/05/28 v3.02 Landscape Pages (DPC)
) (c:/Users/scheffel/AppData/Roaming/TinyTeX/texmf-dist/tex/latex/multirow/multirow.sty
Package: multirow 2021/03/15 v2.8 Span multiple rows of a table
\multirow@colwidth=\skip84
\multirow@cntb=\count298
\multirow@dima=\skip85
\bigstrutjot=\dimen183
) (c:/Users/scheffel/AppData/Roaming/TinyTeX/texmf-dist/tex/latex/tools/tabularx.sty
Package: tabularx 2020/01/15 v2.11c `tabularx' package (DPC)
(c:/Users/scheffel/AppData/Roaming/TinyTeX/texmf-dist/tex/latex/tools/array.sty
Package: array 2021/10/04 v2.5f Tabular extension package (FMi)
\col@sep=\dimen184
\ar@mcellbox=\box61
\extrarowheight=\dimen185
\NC@list=\toks29
\extratabsurround=\skip86
\backup@length=\skip87
\ar@cellbox=\box62
)
\TX@col@width=\dimen186
\TX@old@table=\dimen187
\TX@old@col=\dimen188
\TX@target=\dimen189
\TX@delta=\dimen190
\TX@cols=\count299
\TX@ftn=\toks30
) (c:/Users/scheffel/AppData/Roaming/TinyTeX/texmf-dist/tex/latex/threeparttablex/threeparttablex.sty
Package: threeparttablex 2013/07/23 v0.3 by daleif
(c:/Users/scheffel/AppData/Roaming/TinyTeX/texmf-dist/tex/latex/environ/environ.sty
Package: environ 2014/05/04 v0.3 A new way to define environments
(c:/Users/scheffel/AppData/Roaming/TinyTeX/texmf-dist/tex/latex/trimspaces/trimspaces.sty
Package: trimspaces 2009/09/17 v1.1 Trim spaces around a token list
))
\TPTL@width=\skip88
)
\longtablewidth=\skip89
Failed to patch abstract.
Failed to patch title.
(c:/Users/scheffel/AppData/Roaming/TinyTeX/texmf-dist/tex/latex/xpatch/xpatch.sty (c:/Users/scheffel/AppData/Roaming/TinyTeX/texmf-dist/tex/latex/l3kernel/expl3.sty
Package: expl3 2022-06-02 L3 programming layer (loader) 
(c:/Users/scheffel/AppData/Roaming/TinyTeX/texmf-dist/tex/latex/l3backend/l3backend-pdftex.def
File: l3backend-pdftex.def 2022-04-20 L3 backend support: PDF output (pdfTeX)
\l__color_backend_stack_int=\count300
\l__pdf_internal_box=\box63
))
Package: xpatch 2020/03/25 v0.3a Extending etoolbox patching commands
(c:/Users/scheffel/AppData/Roaming/TinyTeX/texmf-dist/tex/latex/l3packages/xparse/xparse.sty
Package: xparse 2022-06-07 L3 Experimental document command parser
)) (c:/Users/scheffel/AppData/Roaming/TinyTeX/texmf-dist/tex/latex/lineno/lineno.sty
Package: lineno 2005/11/02 line numbers on paragraphs v4.41
\linenopenalty=\count301
\output=\toks31
\linenoprevgraf=\count302
\linenumbersep=\dimen191
\linenumberwidth=\dimen192
\c@linenumber=\count303
\c@pagewiselinenumber=\count304
\c@LN@truepage=\count305
\c@internallinenumber=\count306
\c@internallinenumbers=\count307
\quotelinenumbersep=\dimen193
\bframerule=\dimen194
\bframesep=\dimen195
\bframebox=\box64
LaTeX Info: Redefining \\ on input line 3056.
) (c:/Users/scheffel/AppData/Roaming/TinyTeX/texmf-dist/tex/latex/csquotes/csquotes.sty
Package: csquotes 2021-02-22 v5.2l context-sensitive quotations (JAW)
\csq@reset=\count308
\csq@gtype=\count309
\csq@glevel=\count310
\csq@qlevel=\count311
\csq@maxlvl=\count312
\csq@tshold=\count313
\csq@ltx@everypar=\toks32
(c:/Users/scheffel/AppData/Roaming/TinyTeX/texmf-dist/tex/latex/csquotes/csquotes.def
File: csquotes.def 2021-02-22 v5.2l csquotes generic definitions (JAW)
)
Package csquotes Info: Trying to load configuration file 'csquotes.cfg'...
Package csquotes Info: ... configuration file loaded successfully.
(c:/Users/scheffel/AppData/Roaming/TinyTeX/texmf-dist/tex/latex/csquotes/csquotes.cfg
File: csquotes.cfg 
)) (c:/Users/scheffel/AppData/Roaming/TinyTeX/texmf-dist/tex/latex/wrapfig/wrapfig.sty
\wrapoverhang=\dimen196
\WF@size=\dimen197
\c@WF@wrappedlines=\count314
\WF@box=\box65
\WF@everypar=\toks33
Package: wrapfig 2003/01/31  v 3.6
) (c:/Users/scheffel/AppData/Roaming/TinyTeX/texmf-dist/tex/latex/colortbl/colortbl.sty
Package: colortbl 2020/01/04 v1.0e Color table columns (DPC)
\everycr=\toks34
\minrowclearance=\skip90
) (c:/Users/scheffel/AppData/Roaming/TinyTeX/texmf-dist/tex/latex/pdflscape/pdflscape.sty
Package: pdflscape 2019/12/05 v0.12 Display of landscape pages in PDF (HO)
Package pdflscape Info: Auto-detected driver: pdftex on input line 81.
) (c:/Users/scheffel/AppData/Roaming/TinyTeX/texmf-dist/tex/latex/tabu/tabu.sty
Package: tabu 2019/01/11 v2.9 - flexible LaTeX tabulars (FC+tabu-fixed)
(c:/Users/scheffel/AppData/Roaming/TinyTeX/texmf-dist/tex/latex/varwidth/varwidth.sty
Package: varwidth 2009/03/30 ver 0.92;  Variable-width minipages
\@vwid@box=\box66
\sift@deathcycles=\count315
\@vwid@loff=\dimen198
\@vwid@roff=\dimen199
)
\c@taburow=\count316
\tabu@nbcols=\count317
\tabu@cnt=\count318
\tabu@Xcol=\count319
\tabu@alloc=\count320
\tabu@nested=\count321
\tabu@target=\dimen256
\tabu@spreadtarget=\dimen257
\tabu@naturalX=\dimen258
\tabucolX=\dimen259
\tabu@Xsum=\dimen260
\extrarowdepth=\dimen261
\abovetabulinesep=\dimen262
\belowtabulinesep=\dimen263
\tabustrutrule=\dimen264
\tabu@thebody=\toks35
\tabu@footnotes=\toks36
\tabu@box=\box67
\tabu@arstrutbox=\box68
\tabu@hleads=\box69
\tabu@vleads=\box70
\tabu@cellskip=\skip91
) (c:/Users/scheffel/AppData/Roaming/TinyTeX/texmf-dist/tex/generic/ulem/ulem.sty
\UL@box=\box71
\UL@hyphenbox=\box72
\UL@skip=\skip92
\UL@hook=\toks37
\UL@height=\dimen265
\UL@pe=\count322
\UL@pixel=\dimen266
\ULC@box=\box73
Package: ulem 2019/11/18
\ULdepth=\dimen267
) (c:/Users/scheffel/AppData/Roaming/TinyTeX/texmf-dist/tex/latex/makecell/makecell.sty
Package: makecell 2009/08/03 V0.1e Managing of Tab Column Heads and Cells
\rotheadsize=\dimen268
\c@nlinenum=\count323
\TeXr@lab=\toks38
) (c:/Users/scheffel/AppData/Roaming/TinyTeX/texmf-dist/tex/latex/setspace/setspace.sty
Package: setspace 2011/12/19 v6.7a set line spacing
) (c:/Users/scheffel/AppData/Roaming/TinyTeX/texmf-dist/tex/latex/pdfpages/pdfpages.sty
Package: pdfpages 2022/05/22 v0.5v Insert pages of external PDF documents (AM)
(c:/Users/scheffel/AppData/Roaming/TinyTeX/texmf-dist/tex/latex/base/ifthen.sty
Package: ifthen 2020/11/24 v1.1c Standard LaTeX ifthen package (DPC)
) (c:/Users/scheffel/AppData/Roaming/TinyTeX/texmf-dist/tex/latex/eso-pic/eso-pic.sty
Package: eso-pic 2020/10/14 v3.0a eso-pic (RN)
\ESO@tempdima=\dimen269
\ESO@tempdimb=\dimen270
)
\AM@pagewidth=\dimen271
\AM@pageheight=\dimen272
\AM@fboxrule=\dimen273
(c:/Users/scheffel/AppData/Roaming/TinyTeX/texmf-dist/tex/latex/pdfpages/pppdftex.def
File: pppdftex.def 2022/05/22 v0.5v Pdfpages driver for pdfTeX (AM)
)
\pdfpages@includegraphics@status=\count324
\AM@pagebox=\box74
\AM@global@opts=\toks39
\AM@pagecnt=\count325
\AM@toc@title=\toks40
\c@AM@survey=\count326
\AM@templatesizebox=\box75
) (c:/Users/scheffel/AppData/Roaming/TinyTeX/texmf-dist/tex/latex/chngcntr/chngcntr.sty
Package: chngcntr 2018/04/09 v1.1a change counter resetting
Package chngcntr Info: \counterwithout already defined.
(chngcntr)             Quitting chngcntr on input line 21.
) (c:/Users/scheffel/AppData/Roaming/TinyTeX/texmf-dist/tex/latex/hyperref/hyperref.sty
Package: hyperref 2022-05-17 v7.00q Hypertext links for LaTeX
(c:/Users/scheffel/AppData/Roaming/TinyTeX/texmf-dist/tex/generic/ltxcmds/ltxcmds.sty
Package: ltxcmds 2020-05-10 v1.25 LaTeX kernel commands for general use (HO)
) (c:/Users/scheffel/AppData/Roaming/TinyTeX/texmf-dist/tex/generic/pdftexcmds/pdftexcmds.sty
Package: pdftexcmds 2020-06-27 v0.33 Utility functions of pdfTeX for LuaTeX (HO)
(c:/Users/scheffel/AppData/Roaming/TinyTeX/texmf-dist/tex/generic/infwarerr/infwarerr.sty
Package: infwarerr 2019/12/03 v1.5 Providing info/warning/error messages (HO)
)
Package pdftexcmds Info: \pdf@primitive is available.
Package pdftexcmds Info: \pdf@ifprimitive is available.
Package pdftexcmds Info: \pdfdraftmode found.
) (c:/Users/scheffel/AppData/Roaming/TinyTeX/texmf-dist/tex/generic/kvsetkeys/kvsetkeys.sty
Package: kvsetkeys 2019/12/15 v1.18 Key value parser (HO)
) (c:/Users/scheffel/AppData/Roaming/TinyTeX/texmf-dist/tex/generic/kvdefinekeys/kvdefinekeys.sty
Package: kvdefinekeys 2019-12-19 v1.6 Define keys (HO)
) (c:/Users/scheffel/AppData/Roaming/TinyTeX/texmf-dist/tex/generic/pdfescape/pdfescape.sty
Package: pdfescape 2019/12/09 v1.15 Implements pdfTeX's escape features (HO)
) (c:/Users/scheffel/AppData/Roaming/TinyTeX/texmf-dist/tex/latex/hycolor/hycolor.sty
Package: hycolor 2020-01-27 v1.10 Color options for hyperref/bookmark (HO)
) (c:/Users/scheffel/AppData/Roaming/TinyTeX/texmf-dist/tex/latex/letltxmacro/letltxmacro.sty
Package: letltxmacro 2019/12/03 v1.6 Let assignment for LaTeX macros (HO)
) (c:/Users/scheffel/AppData/Roaming/TinyTeX/texmf-dist/tex/latex/auxhook/auxhook.sty
Package: auxhook 2019-12-17 v1.6 Hooks for auxiliary files (HO)
) (c:/Users/scheffel/AppData/Roaming/TinyTeX/texmf-dist/tex/latex/hyperref/nameref.sty
Package: nameref 2022-05-17 v2.50 Cross-referencing by name of section
(c:/Users/scheffel/AppData/Roaming/TinyTeX/texmf-dist/tex/latex/refcount/refcount.sty
Package: refcount 2019/12/15 v3.6 Data extraction from label references (HO)
) (c:/Users/scheffel/AppData/Roaming/TinyTeX/texmf-dist/tex/generic/gettitlestring/gettitlestring.sty
Package: gettitlestring 2019/12/15 v1.6 Cleanup title references (HO)
(c:/Users/scheffel/AppData/Roaming/TinyTeX/texmf-dist/tex/latex/kvoptions/kvoptions.sty
Package: kvoptions 2020-10-07 v3.14 Key value format for package options (HO)
))
\c@section@level=\count327
)
\@linkdim=\dimen274
\Hy@linkcounter=\count328
\Hy@pagecounter=\count329
(c:/Users/scheffel/AppData/Roaming/TinyTeX/texmf-dist/tex/latex/hyperref/pd1enc.def
File: pd1enc.def 2022-05-17 v7.00q Hyperref: PDFDocEncoding definition (HO)
Now handling font encoding PD1 ...
... no UTF-8 mapping file for font encoding PD1
) (c:/Users/scheffel/AppData/Roaming/TinyTeX/texmf-dist/tex/generic/intcalc/intcalc.sty
Package: intcalc 2019/12/15 v1.3 Expandable calculations with integers (HO)
) (c:/Users/scheffel/AppData/Roaming/TinyTeX/texmf-dist/tex/generic/etexcmds/etexcmds.sty
Package: etexcmds 2019/12/15 v1.7 Avoid name clashes with e-TeX commands (HO)
)
\Hy@SavedSpaceFactor=\count330
(c:/Users/scheffel/AppData/Roaming/TinyTeX/texmf-dist/tex/latex/hyperref/puenc.def
File: puenc.def 2022-05-17 v7.00q Hyperref: PDF Unicode definition (HO)
Now handling font encoding PU ...
... no UTF-8 mapping file for font encoding PU
)
Package hyperref Info: Option `unicode' set `true' on input line 4020.
Package hyperref Info: Hyper figures OFF on input line 4139.
Package hyperref Info: Link nesting OFF on input line 4144.
Package hyperref Info: Hyper index ON on input line 4147.
Package hyperref Info: Plain pages OFF on input line 4154.
Package hyperref Info: Backreferencing OFF on input line 4159.
Package hyperref Info: Implicit mode ON; LaTeX internals redefined.
Package hyperref Info: Bookmarks ON on input line 4385.
\c@Hy@tempcnt=\count331
(c:/Users/scheffel/AppData/Roaming/TinyTeX/texmf-dist/tex/latex/url/url.sty
\Urlmuskip=\muskip17
Package: url 2013/09/16  ver 3.4  Verb mode for urls, etc.
)
LaTeX Info: Redefining \url on input line 4723.
\XeTeXLinkMargin=\dimen275
(c:/Users/scheffel/AppData/Roaming/TinyTeX/texmf-dist/tex/generic/bitset/bitset.sty
Package: bitset 2019/12/09 v1.3 Handle bit-vector datatype (HO)
(c:/Users/scheffel/AppData/Roaming/TinyTeX/texmf-dist/tex/generic/bigintcalc/bigintcalc.sty
Package: bigintcalc 2019/12/15 v1.5 Expandable calculations on big integers (HO)
))
\Fld@menulength=\count332
\Field@Width=\dimen276
\Fld@charsize=\dimen277
Package hyperref Info: Hyper figures OFF on input line 6001.
Package hyperref Info: Link nesting OFF on input line 6006.
Package hyperref Info: Hyper index ON on input line 6009.
Package hyperref Info: backreferencing OFF on input line 6016.
Package hyperref Info: Link coloring OFF on input line 6021.
Package hyperref Info: Link coloring with OCG OFF on input line 6026.
Package hyperref Info: PDF/A mode OFF on input line 6031.
LaTeX Info: Redefining \ref on input line 6078.
LaTeX Info: Redefining \pageref on input line 6078.
(c:/Users/scheffel/AppData/Roaming/TinyTeX/texmf-dist/tex/latex/base/atbegshi-ltx.sty
Package: atbegshi-ltx 2021/01/10 v1.0c Emulation of the original atbegshi
package with kernel methods
)
\Hy@abspage=\count333
\c@Item=\count334
\c@Hfootnote=\count335
)
Package hyperref Info: Driver (autodetected): hpdftex.
(c:/Users/scheffel/AppData/Roaming/TinyTeX/texmf-dist/tex/latex/hyperref/hpdftex.def
File: hpdftex.def 2022-05-17 v7.00q Hyperref driver for pdfTeX
(c:/Users/scheffel/AppData/Roaming/TinyTeX/texmf-dist/tex/latex/base/atveryend-ltx.sty
Package: atveryend-ltx 2020/08/19 v1.0a Emulation of the original atveryend package
with kernel methods
)
\Fld@listcount=\count336
\c@bookmark@seq@number=\count337
(c:/Users/scheffel/AppData/Roaming/TinyTeX/texmf-dist/tex/latex/rerunfilecheck/rerunfilecheck.sty
Package: rerunfilecheck 2019/12/05 v1.9 Rerun checks for auxiliary files (HO)
(c:/Users/scheffel/AppData/Roaming/TinyTeX/texmf-dist/tex/generic/uniquecounter/uniquecounter.sty
Package: uniquecounter 2019/12/15 v1.4 Provide unlimited unique counter (HO)
)
Package uniquecounter Info: New unique counter `rerunfilecheck' on input line 286.
)
\Hy@SectionHShift=\skip93
)
Package csquotes Info: Checking for multilingual support...
Package csquotes Info: ... found 'babel' package.
Package csquotes Info: Adjusting default style.
Package csquotes Info: Redefining alias 'default' -> 'english'.
(./Manuscript_ERED_Stage1.aux)
\openout1 = `Manuscript_ERED_Stage1.aux'.

LaTeX Font Info:    Checking defaults for OML/cmm/m/it on input line 225.
LaTeX Font Info:    ... okay on input line 225.
LaTeX Font Info:    Checking defaults for OMS/cmsy/m/n on input line 225.
LaTeX Font Info:    ... okay on input line 225.
LaTeX Font Info:    Checking defaults for OT1/cmr/m/n on input line 225.
LaTeX Font Info:    ... okay on input line 225.
LaTeX Font Info:    Checking defaults for T1/cmr/m/n on input line 225.
LaTeX Font Info:    ... okay on input line 225.
LaTeX Font Info:    Checking defaults for TS1/cmr/m/n on input line 225.
LaTeX Font Info:    ... okay on input line 225.
LaTeX Font Info:    Checking defaults for OMX/cmex/m/n on input line 225.
LaTeX Font Info:    ... okay on input line 225.
LaTeX Font Info:    Checking defaults for U/cmr/m/n on input line 225.
LaTeX Font Info:    ... okay on input line 225.
LaTeX Font Info:    Checking defaults for PD1/pdf/m/n on input line 225.
LaTeX Font Info:    ... okay on input line 225.
LaTeX Font Info:    Checking defaults for PU/pdf/m/n on input line 225.
LaTeX Font Info:    ... okay on input line 225.
*geometry* driver: auto-detecting
*geometry* detected driver: pdftex
*geometry* verbose mode - [ preamble ] result:
* driver: pdftex
* paper: <default>
* layout: <same size as paper>
* layoutoffset:(h,v)=(0.0pt,0.0pt)
* modes: twoside 
* h-part:(L,W,R)=(72.26999pt, 469.75502pt, 72.26999pt)
* v-part:(T,H,B)=(72.26999pt, 650.43001pt, 72.26999pt)
* \paperwidth=614.295pt
* \paperheight=794.96999pt
* \textwidth=469.75502pt
* \textheight=650.43001pt
* \oddsidemargin=0.0pt
* \evensidemargin=0.0pt
* \topmargin=-37.0pt
* \headheight=15.2pt
* \headsep=25.0pt
* \topskip=12.0pt
* \footskip=30.0pt
* \marginparwidth=95.0pt
* \marginparsep=10.0pt
* \columnsep=10.0pt
* \skip\footins=10.8pt plus 4.0pt minus 2.0pt
* \hoffset=0.0pt
* \voffset=0.0pt
* \mag=1000
* \@twocolumnfalse
* \@twosidetrue
* \@mparswitchtrue
* \@reversemarginfalse
* (1in=72.27pt=25.4mm, 1cm=28.453pt)

(c:/Users/scheffel/AppData/Roaming/TinyTeX/texmf-dist/tex/latex/epstopdf-pkg/epstopdf-base.sty
Package: epstopdf-base 2020-01-24 v2.11 Base part for package epstopdf
Package epstopdf-base Info: Redefining graphics rule for `.eps' on input line 485.
(c:/Users/scheffel/AppData/Roaming/TinyTeX/texmf-dist/tex/latex/latexconfig/epstopdf-sys.cfg
File: epstopdf-sys.cfg 2010/07/13 v1.3 Configuration of (r)epstopdf for TeX Live
)) (c:/Users/scheffel/AppData/Roaming/TinyTeX/texmf-dist/tex/latex/apa6/config/APAamerican.txt
File: APAamerican.txt 2012/02/23 v1.25 apa6 configuration for American English
)
Package caption Info: Begin \AtBeginDocument code.
Package caption Info: float package is loaded.
Package caption Info: hyperref package is loaded.
Package caption Info: longtable package is loaded.
(c:/Users/scheffel/AppData/Roaming/TinyTeX/texmf-dist/tex/latex/caption/ltcaption.sty
Package: ltcaption 2021/01/08 v1.4c longtable captions (AR)
)
Package caption Info: wrapfig package is loaded.
Package caption Info: End \AtBeginDocument code.
Package hyperref Info: Link coloring OFF on input line 225.
(./Manuscript_ERED_Stage1.out) (./Manuscript_ERED_Stage1.out)
\@outlinefile=\write5
\openout5 = `Manuscript_ERED_Stage1.out'.

LaTeX Font Info:    Trying to load font information for T1+lmss on input line 227.
(c:/Users/scheffel/AppData/Roaming/TinyTeX/texmf-dist/tex/latex/lm/t1lmss.fd
File: t1lmss.fd 2015/05/01 v1.6.1 Font defs for Latin Modern
)
LaTeX Font Info:    Trying to load font information for OT1+lmr on input line 227.
(c:/Users/scheffel/AppData/Roaming/TinyTeX/texmf-dist/tex/latex/lm/ot1lmr.fd
File: ot1lmr.fd 2015/05/01 v1.6.1 Font defs for Latin Modern
)
LaTeX Font Info:    Trying to load font information for OML+lmm on input line 227.
(c:/Users/scheffel/AppData/Roaming/TinyTeX/texmf-dist/tex/latex/lm/omllmm.fd
File: omllmm.fd 2015/05/01 v1.6.1 Font defs for Latin Modern
)
LaTeX Font Info:    Trying to load font information for OMS+lmsy on input line 227.
(c:/Users/scheffel/AppData/Roaming/TinyTeX/texmf-dist/tex/latex/lm/omslmsy.fd
File: omslmsy.fd 2015/05/01 v1.6.1 Font defs for Latin Modern
)
LaTeX Font Info:    Trying to load font information for OMX+lmex on input line 227.
(c:/Users/scheffel/AppData/Roaming/TinyTeX/texmf-dist/tex/latex/lm/omxlmex.fd
File: omxlmex.fd 2015/05/01 v1.6.1 Font defs for Latin Modern
)
LaTeX Font Info:    External font `lmex10' loaded for size
(Font)              <12> on input line 227.
LaTeX Font Info:    External font `lmex10' loaded for size
(Font)              <8> on input line 227.
LaTeX Font Info:    External font `lmex10' loaded for size
(Font)              <6> on input line 227.
LaTeX Font Info:    Trying to load font information for U+msa on input line 227.
(c:/Users/scheffel/AppData/Roaming/TinyTeX/texmf-dist/tex/latex/amsfonts/umsa.fd
File: umsa.fd 2013/01/14 v3.01 AMS symbols A
)
LaTeX Font Info:    Trying to load font information for U+msb on input line 227.
(c:/Users/scheffel/AppData/Roaming/TinyTeX/texmf-dist/tex/latex/amsfonts/umsb.fd
File: umsb.fd 2013/01/14 v3.01 AMS symbols B
)
LaTeX Font Info:    External font `lmex10' loaded for size
(Font)              <5> on input line 227.
[1{c:/Users/scheffel/AppData/Roaming/TinyTeX/texmf-var/fonts/map/pdftex/updmap/pdftex.map}

] [2] [3] [4]
Underfull \vbox (badness 7649) has occurred while \output is active []

[5]
LaTeX Font Info:    Trying to load font information for TS1+lmr on input line 322.
(c:/Users/scheffel/AppData/Roaming/TinyTeX/texmf-dist/tex/latex/lm/ts1lmr.fd
File: ts1lmr.fd 2015/05/01 v1.6.1 Font defs for Latin Modern
)
Underfull \vbox (badness 7649) has occurred while \output is active []

[6]
Underfull \vbox (badness 10000) has occurred while \output is active []

[7]
<C:/Users/scheffel/Scheffel/Forschung/A_Projects/2021_CERED/CAD/06_Paper/ER-ED/figures/Paradigm_Scheme_T2.png, id=152, 590.6868pt x 372.9132pt>
File: C:/Users/scheffel/Scheffel/Forschung/A_Projects/2021_CERED/CAD/06_Paper/ER-ED/figures/Paradigm_Scheme_T2.png Graphic file (type png)
<use C:/Users/scheffel/Scheffel/Forschung/A_Projects/2021_CERED/CAD/06_Paper/ER-ED/figures/Paradigm_Scheme_T2.png>
Package pdftex.def Info: C:/Users/scheffel/Scheffel/Forschung/A_Projects/2021_CERED/CAD/06_Paper/ER-ED/figures/Paradigm_Scheme_T2.png  used on input line 335.
(pdftex.def)             Requested size: 469.77403pt x 296.57837pt.

Underfull \vbox (badness 7649) has occurred while \output is active []

[8] [9 <c:/Users/scheffel/Scheffel/Forschung/A_Projects/2021_CERED/CAD/06_Paper/ER-ED/figures/Paradigm_Scheme_T2.png>] [10] [11] [12]
Underfull \vbox (badness 7649) has occurred while \output is active []

[13]
<C:/Users/scheffel/Scheffel/Forschung/A_Projects/2021_CERED/CAD/06_Paper/ER-ED/figures/Design_ER-ED.png, id=205, 324.7332pt x 565.6332pt>
File: C:/Users/scheffel/Scheffel/Forschung/A_Projects/2021_CERED/CAD/06_Paper/ER-ED/figures/Design_ER-ED.png Graphic file (type png)
<use C:/Users/scheffel/Scheffel/Forschung/A_Projects/2021_CERED/CAD/06_Paper/ER-ED/figures/Design_ER-ED.png>
Package pdftex.def Info: C:/Users/scheffel/Scheffel/Forschung/A_Projects/2021_CERED/CAD/06_Paper/ER-ED/figures/Design_ER-ED.png  used on input line 455.
(pdftex.def)             Requested size: 324.7324pt x 565.6318pt.

LaTeX Warning: Float too large for page by 26.70178pt on input line 456.

[14] [15 <c:/Users/scheffel/Scheffel/Forschung/A_Projects/2021_CERED/CAD/06_Paper/ER-ED/figures/Design_ER-ED.png>] [16] [17]
Overfull \hbox (101.1205pt too wide) detected at line 529
\OML/lmm/m/it/12 SV \OMS/lmsy/m/n/12 ^^X \OML/lmm/m/it/12 strategy  \OT1/lmr/m/n/12 + [] + [] + [] + \OML/lmm/m/it/12 corrugator[] \OT1/lmr/m/n/12 + \OML/lmm/m/it/12 levator[] \OT1/lmr/m/n/12 + (\OML/lmm/m/it/12 strategy\OMS/lmsy/m/n/12 j\OML/lmm/m/it/12 subject\OT1/lmr/m/n/12 )
 []


Underfull \vbox (badness 10000) has occurred while \output is active []

[18] [19]
Overfull \hbox (36.135pt too wide) in paragraph at lines 569--572
 [][][] 
 []


Overfull \hbox (36.135pt too wide) in paragraph at lines 573--576
 [][][] 
 []


Overfull \hbox (36.135pt too wide) in paragraph at lines 577--580
 [][][] 
 []


Overfull \hbox (36.135pt too wide) in paragraph at lines 581--584
 [][][] 
 []


Overfull \hbox (36.135pt too wide) in paragraph at lines 585--588
 [][][] 
 []

[20]
Overfull \hbox (36.135pt too wide) in paragraph at lines 589--592
 [][][] 
 []


Overfull \hbox (36.135pt too wide) in paragraph at lines 593--596
 [][][] 
 []


Overfull \hbox (36.135pt too wide) in paragraph at lines 597--600
 [][][] 
 []


Overfull \hbox (36.135pt too wide) in paragraph at lines 601--604
 [][][] 
 []


Overfull \hbox (36.135pt too wide) in paragraph at lines 605--608
 [][][] 
 []


Overfull \hbox (36.135pt too wide) in paragraph at lines 609--612
 [][][] 
 []


Overfull \hbox (36.135pt too wide) in paragraph at lines 613--616
 [][][] 
 []


Overfull \hbox (36.135pt too wide) in paragraph at lines 617--620
 [][][] 
 []


Overfull \hbox (36.135pt too wide) in paragraph at lines 621--624
 [][][] 
 []


Underfull \vbox (badness 10000) has occurred while \output is active []

[21]
Overfull \hbox (36.135pt too wide) in paragraph at lines 625--628
 [][][] 
 []


Overfull \hbox (36.135pt too wide) in paragraph at lines 629--632
 [][][] 
 []


Overfull \hbox (36.135pt too wide) in paragraph at lines 633--636
 [][][] 
 []


Overfull \hbox (36.135pt too wide) in paragraph at lines 637--640
 [][][] 
 []


Overfull \hbox (36.135pt too wide) in paragraph at lines 641--644
 [][][] 
 []


Overfull \hbox (36.135pt too wide) in paragraph at lines 645--648
 [][][] 
 []


Overfull \hbox (36.135pt too wide) in paragraph at lines 649--652
 [][][] 
 []


Overfull \hbox (36.135pt too wide) in paragraph at lines 653--656
 [][][] 
 []


Overfull \hbox (36.135pt too wide) in paragraph at lines 657--660
 [][][] 
 []


Overfull \hbox (36.135pt too wide) in paragraph at lines 661--664
 [][][] 
 []


Underfull \vbox (badness 10000) has occurred while \output is active []

[22]
Overfull \hbox (36.135pt too wide) in paragraph at lines 665--668
 [][][] 
 []


Overfull \hbox (36.135pt too wide) in paragraph at lines 669--672
 [][][] 
 []


Overfull \hbox (36.135pt too wide) in paragraph at lines 673--676
 [][][] 
 []


Overfull \hbox (36.135pt too wide) in paragraph at lines 677--680
 [][][] 
 []


Overfull \hbox (36.135pt too wide) in paragraph at lines 681--684
 [][][] 
 []


Overfull \hbox (36.135pt too wide) in paragraph at lines 685--688
 [][][] 
 []


Overfull \hbox (36.135pt too wide) in paragraph at lines 689--692
 [][][] 
 []


Overfull \hbox (36.135pt too wide) in paragraph at lines 693--696
 [][][] 
 []


Overfull \hbox (36.135pt too wide) in paragraph at lines 697--700
 [][][] 
 []


Overfull \hbox (36.135pt too wide) in paragraph at lines 701--704
 [][][] 
 []


Overfull \hbox (36.135pt too wide) in paragraph at lines 705--708
 [][][] 
 []


Underfull \vbox (badness 10000) has occurred while \output is active []

[23]
Overfull \hbox (36.135pt too wide) in paragraph at lines 709--712
 [][][] 
 []


Overfull \hbox (36.135pt too wide) in paragraph at lines 713--716
 [][][] 
 []


Overfull \hbox (36.135pt too wide) in paragraph at lines 717--720
 [][][] 
 []


Overfull \hbox (36.135pt too wide) in paragraph at lines 721--724
 [][][] 
 []


Overfull \hbox (36.135pt too wide) in paragraph at lines 725--728
 [][][] 
 []


Overfull \hbox (36.135pt too wide) in paragraph at lines 729--732
 [][][] 
 []


Overfull \hbox (36.135pt too wide) in paragraph at lines 733--736
 [][][] 
 []


Overfull \hbox (36.135pt too wide) in paragraph at lines 737--740
 [][][] 
 []


Overfull \hbox (36.135pt too wide) in paragraph at lines 741--744
 [][][] 
 []


Overfull \hbox (36.135pt too wide) in paragraph at lines 745--748
 [][][] 
 []


Overfull \hbox (36.135pt too wide) in paragraph at lines 749--752
 [][][] 
 []


Underfull \vbox (badness 10000) has occurred while \output is active []

[24]
Overfull \hbox (36.135pt too wide) in paragraph at lines 753--756
 [][][] 
 []


Overfull \hbox (36.135pt too wide) in paragraph at lines 757--760
 [][][] 
 []


Overfull \hbox (36.135pt too wide) in paragraph at lines 761--764
 [][][] 
 []


Overfull \hbox (36.135pt too wide) in paragraph at lines 765--768
 [][][] 
 []


Overfull \hbox (36.135pt too wide) in paragraph at lines 769--772
 [][][] 
 []


Overfull \hbox (36.135pt too wide) in paragraph at lines 773--776
 [][][] 
 []


Overfull \hbox (36.135pt too wide) in paragraph at lines 777--780
 [][][] 
 []


Overfull \hbox (36.135pt too wide) in paragraph at lines 781--784
 [][][] 
 []


Overfull \hbox (36.135pt too wide) in paragraph at lines 785--788
 [][][] 
 []


Underfull \vbox (badness 10000) has occurred while \output is active []

[25]
Overfull \hbox (36.135pt too wide) in paragraph at lines 789--792
 [][][] 
 []


Overfull \hbox (36.135pt too wide) in paragraph at lines 793--796
 [][][] 
 []


Overfull \hbox (36.135pt too wide) in paragraph at lines 797--800
 [][][] 
 []


Overfull \hbox (36.135pt too wide) in paragraph at lines 801--804
 [][][] 
 []


Overfull \hbox (36.135pt too wide) in paragraph at lines 805--808
 [][][] 
 []


Overfull \hbox (36.135pt too wide) in paragraph at lines 809--812
 [][][] 
 []


Overfull \hbox (36.135pt too wide) in paragraph at lines 813--816
 [][][] 
 []


Overfull \hbox (36.135pt too wide) in paragraph at lines 817--820
 [][][] 
 []


Overfull \hbox (36.135pt too wide) in paragraph at lines 821--824
 [][][] 
 []


Underfull \vbox (badness 10000) has occurred while \output is active []

[26]
Overfull \hbox (36.135pt too wide) in paragraph at lines 825--828
 [][][] 
 []


Overfull \hbox (36.135pt too wide) in paragraph at lines 829--832
 [][][] 
 []


Overfull \hbox (36.135pt too wide) in paragraph at lines 833--836
 [][][] 
 []


Overfull \hbox (36.135pt too wide) in paragraph at lines 837--840
 [][][] 
 []


Overfull \hbox (36.135pt too wide) in paragraph at lines 841--844
 [][][] 
 []


Overfull \hbox (36.135pt too wide) in paragraph at lines 845--848
 [][][] 
 []


Overfull \hbox (36.135pt too wide) in paragraph at lines 849--852
 [][][] 
 []

[27] [28] [29]
File: C:/Users/scheffel/Scheffel/Forschung/A_Projects/2021_CERED/CAD/06_Paper/ER-ED/figures/Paradigm_Scheme_T2.png Graphic file (type png)
<use C:/Users/scheffel/Scheffel/Forschung/A_Projects/2021_CERED/CAD/06_Paper/ER-ED/figures/Paradigm_Scheme_T2.png>
Package pdftex.def Info: C:/Users/scheffel/Scheffel/Forschung/A_Projects/2021_CERED/CAD/06_Paper/ER-ED/figures/Paradigm_Scheme_T2.png  used on input line 882.
(pdftex.def)             Requested size: 469.77403pt x 296.57837pt.
File: C:/Users/scheffel/Scheffel/Forschung/A_Projects/2021_CERED/CAD/06_Paper/ER-ED/figures/Design_ER-ED.png Graphic file (type png)
<use C:/Users/scheffel/Scheffel/Forschung/A_Projects/2021_CERED/CAD/06_Paper/ER-ED/figures/Design_ER-ED.png>
Package pdftex.def Info: C:/Users/scheffel/Scheffel/Forschung/A_Projects/2021_CERED/CAD/06_Paper/ER-ED/figures/Design_ER-ED.png  used on input line 891.
(pdftex.def)             Requested size: 324.7324pt x 565.6318pt.

Underfull \vbox (badness 10000) has occurred while \output is active []

[30]
Underfull \vbox (badness 10000) has occurred while \output is active []

[31]
<Supplement/Design_Table_T2.pdf, id=493, 845.07718pt x 597.55246pt>
File: Supplement/Design_Table_T2.pdf Graphic file (type pdf)
<use Supplement/Design_Table_T2.pdf>
Package pdftex.def Info: Supplement/Design_Table_T2.pdf  used on input line 905.
(pdftex.def)             Requested size: 469.75839pt x 332.16525pt.
File: Supplement/Design_Table_T2.pdf Graphic file (type pdf)
<use Supplement/Design_Table_T2.pdf>
Package pdftex.def Info: Supplement/Design_Table_T2.pdf  used on input line 905.
(pdftex.def)             Requested size: 469.75839pt x 332.16525pt.
<Supplement/Design_Table_T2.pdf, id=496, page=1, 845.07718pt x 597.55246pt>
File: Supplement/Design_Table_T2.pdf Graphic file (type pdf)
<use Supplement/Design_Table_T2.pdf, page 1>
Package pdftex.def Info: Supplement/Design_Table_T2.pdf , page1 used on input line 905.
(pdftex.def)             Requested size: 845.07512pt x 597.551pt.
File: Supplement/Design_Table_T2.pdf Graphic file (type pdf)
<use Supplement/Design_Table_T2.pdf, page 1>
Package pdftex.def Info: Supplement/Design_Table_T2.pdf , page1 used on input line 905.
(pdftex.def)             Requested size: 795.0303pt x 562.1644pt.
[32]
File: Supplement/Design_Table_T2.pdf Graphic file (type pdf)
<use Supplement/Design_Table_T2.pdf, page 1>
Package pdftex.def Info: Supplement/Design_Table_T2.pdf , page1 used on input line 905.
(pdftex.def)             Requested size: 795.0303pt x 562.1644pt.
File: Supplement/Design_Table_T2.pdf Graphic file (type pdf)
<use Supplement/Design_Table_T2.pdf, page 1>
Package pdftex.def Info: Supplement/Design_Table_T2.pdf , page1 used on input line 905.
(pdftex.def)             Requested size: 795.0303pt x 562.1644pt.
File: Supplement/Design_Table_T2.pdf Graphic file (type pdf)
<use Supplement/Design_Table_T2.pdf, page 1>
Package pdftex.def Info: Supplement/Design_Table_T2.pdf , page1 used on input line 905.
(pdftex.def)             Requested size: 795.0303pt x 562.1644pt.
[33 <./Supplement/Design_Table_T2.pdf>]
<Supplement/Design_Table_T2.pdf, id=527, page=2, 845.07718pt x 597.55246pt>
File: Supplement/Design_Table_T2.pdf Graphic file (type pdf)
<use Supplement/Design_Table_T2.pdf, page 2>
Package pdftex.def Info: Supplement/Design_Table_T2.pdf , page2 used on input line 905.
(pdftex.def)             Requested size: 795.0303pt x 562.1644pt.
File: Supplement/Design_Table_T2.pdf Graphic file (type pdf)
<use Supplement/Design_Table_T2.pdf, page 2>
Package pdftex.def Info: Supplement/Design_Table_T2.pdf , page2 used on input line 905.
(pdftex.def)             Requested size: 795.0303pt x 562.1644pt.
File: Supplement/Design_Table_T2.pdf Graphic file (type pdf)
<use Supplement/Design_Table_T2.pdf, page 2>
Package pdftex.def Info: Supplement/Design_Table_T2.pdf , page2 used on input line 905.
(pdftex.def)             Requested size: 795.0303pt x 562.1644pt.
[34 <./Supplement/Design_Table_T2.pdf>]
<Supplement/Design_Table_T2.pdf, id=533, page=3, 845.07718pt x 597.55246pt>
File: Supplement/Design_Table_T2.pdf Graphic file (type pdf)
<use Supplement/Design_Table_T2.pdf, page 3>
Package pdftex.def Info: Supplement/Design_Table_T2.pdf , page3 used on input line 905.
(pdftex.def)             Requested size: 795.0303pt x 562.1644pt.
File: Supplement/Design_Table_T2.pdf Graphic file (type pdf)
<use Supplement/Design_Table_T2.pdf, page 3>
Package pdftex.def Info: Supplement/Design_Table_T2.pdf , page3 used on input line 905.
(pdftex.def)             Requested size: 795.0303pt x 562.1644pt.
File: Supplement/Design_Table_T2.pdf Graphic file (type pdf)
<use Supplement/Design_Table_T2.pdf, page 3>
Package pdftex.def Info: Supplement/Design_Table_T2.pdf , page3 used on input line 905.
(pdftex.def)             Requested size: 795.0303pt x 562.1644pt.
[35 <./Supplement/Design_Table_T2.pdf>]
<Supplement/Design_Table_T2.pdf, id=539, page=4, 845.07718pt x 597.55246pt>
File: Supplement/Design_Table_T2.pdf Graphic file (type pdf)
<use Supplement/Design_Table_T2.pdf, page 4>
Package pdftex.def Info: Supplement/Design_Table_T2.pdf , page4 used on input line 905.
(pdftex.def)             Requested size: 795.0303pt x 562.1644pt.
File: Supplement/Design_Table_T2.pdf Graphic file (type pdf)
<use Supplement/Design_Table_T2.pdf, page 4>
Package pdftex.def Info: Supplement/Design_Table_T2.pdf , page4 used on input line 905.
(pdftex.def)             Requested size: 795.0303pt x 562.1644pt.
File: Supplement/Design_Table_T2.pdf Graphic file (type pdf)
<use Supplement/Design_Table_T2.pdf, page 4>
Package pdftex.def Info: Supplement/Design_Table_T2.pdf , page4 used on input line 905.
(pdftex.def)             Requested size: 795.0303pt x 562.1644pt.
[36 <./Supplement/Design_Table_T2.pdf>]
<Supplement/Design_Table_T2.pdf, id=545, page=5, 845.07718pt x 597.55246pt>
File: Supplement/Design_Table_T2.pdf Graphic file (type pdf)
<use Supplement/Design_Table_T2.pdf, page 5>
Package pdftex.def Info: Supplement/Design_Table_T2.pdf , page5 used on input line 905.
(pdftex.def)             Requested size: 795.0303pt x 562.1644pt.
File: Supplement/Design_Table_T2.pdf Graphic file (type pdf)
<use Supplement/Design_Table_T2.pdf, page 5>
Package pdftex.def Info: Supplement/Design_Table_T2.pdf , page5 used on input line 905.
(pdftex.def)             Requested size: 795.0303pt x 562.1644pt.
File: Supplement/Design_Table_T2.pdf Graphic file (type pdf)
<use Supplement/Design_Table_T2.pdf, page 5>
Package pdftex.def Info: Supplement/Design_Table_T2.pdf , page5 used on input line 905.
(pdftex.def)             Requested size: 795.0303pt x 562.1644pt.
[37 <./Supplement/Design_Table_T2.pdf>]
<Supplement/Design_Table_T2.pdf, id=552, page=6, 845.07718pt x 597.55246pt>
File: Supplement/Design_Table_T2.pdf Graphic file (type pdf)
<use Supplement/Design_Table_T2.pdf, page 6>
Package pdftex.def Info: Supplement/Design_Table_T2.pdf , page6 used on input line 905.
(pdftex.def)             Requested size: 795.0303pt x 562.1644pt.
File: Supplement/Design_Table_T2.pdf Graphic file (type pdf)
<use Supplement/Design_Table_T2.pdf, page 6>
Package pdftex.def Info: Supplement/Design_Table_T2.pdf , page6 used on input line 905.
(pdftex.def)             Requested size: 795.0303pt x 562.1644pt.
File: Supplement/Design_Table_T2.pdf Graphic file (type pdf)
<use Supplement/Design_Table_T2.pdf, page 6>
Package pdftex.def Info: Supplement/Design_Table_T2.pdf , page6 used on input line 905.
(pdftex.def)             Requested size: 795.0303pt x 562.1644pt.
[38 <./Supplement/Design_Table_T2.pdf>]
<Supplement/Design_Table_T2.pdf, id=558, page=7, 845.07718pt x 597.55246pt>
File: Supplement/Design_Table_T2.pdf Graphic file (type pdf)
<use Supplement/Design_Table_T2.pdf, page 7>
Package pdftex.def Info: Supplement/Design_Table_T2.pdf , page7 used on input line 905.
(pdftex.def)             Requested size: 795.0303pt x 562.1644pt.
File: Supplement/Design_Table_T2.pdf Graphic file (type pdf)
<use Supplement/Design_Table_T2.pdf, page 7>
Package pdftex.def Info: Supplement/Design_Table_T2.pdf , page7 used on input line 905.
(pdftex.def)             Requested size: 795.0303pt x 562.1644pt.
File: Supplement/Design_Table_T2.pdf Graphic file (type pdf)
<use Supplement/Design_Table_T2.pdf, page 7>
Package pdftex.def Info: Supplement/Design_Table_T2.pdf , page7 used on input line 905.
(pdftex.def)             Requested size: 795.0303pt x 562.1644pt.
[39 <./Supplement/Design_Table_T2.pdf>]
<Supplement/Design_Table_T2.pdf, id=564, page=8, 845.07718pt x 597.55246pt>
File: Supplement/Design_Table_T2.pdf Graphic file (type pdf)
<use Supplement/Design_Table_T2.pdf, page 8>
Package pdftex.def Info: Supplement/Design_Table_T2.pdf , page8 used on input line 905.
(pdftex.def)             Requested size: 795.0303pt x 562.1644pt.
File: Supplement/Design_Table_T2.pdf Graphic file (type pdf)
<use Supplement/Design_Table_T2.pdf, page 8>
Package pdftex.def Info: Supplement/Design_Table_T2.pdf , page8 used on input line 905.
(pdftex.def)             Requested size: 795.0303pt x 562.1644pt.
File: Supplement/Design_Table_T2.pdf Graphic file (type pdf)
<use Supplement/Design_Table_T2.pdf, page 8>
Package pdftex.def Info: Supplement/Design_Table_T2.pdf , page8 used on input line 905.
(pdftex.def)             Requested size: 795.0303pt x 562.1644pt.
[40 <./Supplement/Design_Table_T2.pdf>]
<Supplement/Design_Table_T2.pdf, id=570, page=9, 845.07718pt x 597.55246pt>
File: Supplement/Design_Table_T2.pdf Graphic file (type pdf)
<use Supplement/Design_Table_T2.pdf, page 9>
Package pdftex.def Info: Supplement/Design_Table_T2.pdf , page9 used on input line 905.
(pdftex.def)             Requested size: 795.0303pt x 562.1644pt.
File: Supplement/Design_Table_T2.pdf Graphic file (type pdf)
<use Supplement/Design_Table_T2.pdf, page 9>
Package pdftex.def Info: Supplement/Design_Table_T2.pdf , page9 used on input line 905.
(pdftex.def)             Requested size: 795.0303pt x 562.1644pt.
File: Supplement/Design_Table_T2.pdf Graphic file (type pdf)
<use Supplement/Design_Table_T2.pdf, page 9>
Package pdftex.def Info: Supplement/Design_Table_T2.pdf , page9 used on input line 905.
(pdftex.def)             Requested size: 795.0303pt x 562.1644pt.
[41 <./Supplement/Design_Table_T2.pdf>]
<Supplement/Design_Table_T2.pdf, id=576, page=10, 845.07718pt x 597.55246pt>
File: Supplement/Design_Table_T2.pdf Graphic file (type pdf)
<use Supplement/Design_Table_T2.pdf, page 10>
Package pdftex.def Info: Supplement/Design_Table_T2.pdf , page10 used on input line 905.
(pdftex.def)             Requested size: 795.0303pt x 562.1644pt.
File: Supplement/Design_Table_T2.pdf Graphic file (type pdf)
<use Supplement/Design_Table_T2.pdf, page 10>
Package pdftex.def Info: Supplement/Design_Table_T2.pdf , page10 used on input line 905.
(pdftex.def)             Requested size: 795.0303pt x 562.1644pt.
File: Supplement/Design_Table_T2.pdf Graphic file (type pdf)
<use Supplement/Design_Table_T2.pdf, page 10>
Package pdftex.def Info: Supplement/Design_Table_T2.pdf , page10 used on input line 905.
(pdftex.def)             Requested size: 795.0303pt x 562.1644pt.
[42 <./Supplement/Design_Table_T2.pdf>]
<Supplement/StimList_Suppl.pdf, id=582, 845.07718pt x 597.55246pt>
File: Supplement/StimList_Suppl.pdf Graphic file (type pdf)
<use Supplement/StimList_Suppl.pdf>
Package pdftex.def Info: Supplement/StimList_Suppl.pdf  used on input line 912.
(pdftex.def)             Requested size: 469.75839pt x 332.16525pt.
File: Supplement/StimList_Suppl.pdf Graphic file (type pdf)
<use Supplement/StimList_Suppl.pdf>
Package pdftex.def Info: Supplement/StimList_Suppl.pdf  used on input line 912.
(pdftex.def)             Requested size: 469.75839pt x 332.16525pt.
<Supplement/StimList_Suppl.pdf, id=585, page=1, 845.07718pt x 597.55246pt>
File: Supplement/StimList_Suppl.pdf Graphic file (type pdf)
<use Supplement/StimList_Suppl.pdf, page 1>
Package pdftex.def Info: Supplement/StimList_Suppl.pdf , page1 used on input line 912.
(pdftex.def)             Requested size: 845.07512pt x 597.551pt.
File: Supplement/StimList_Suppl.pdf Graphic file (type pdf)
<use Supplement/StimList_Suppl.pdf, page 1>
Package pdftex.def Info: Supplement/StimList_Suppl.pdf , page1 used on input line 912.
(pdftex.def)             Requested size: 795.0303pt x 562.1644pt.
[43]
File: Supplement/StimList_Suppl.pdf Graphic file (type pdf)
<use Supplement/StimList_Suppl.pdf, page 1>
Package pdftex.def Info: Supplement/StimList_Suppl.pdf , page1 used on input line 912.
(pdftex.def)             Requested size: 795.0303pt x 562.1644pt.
File: Supplement/StimList_Suppl.pdf Graphic file (type pdf)
<use Supplement/StimList_Suppl.pdf, page 1>
Package pdftex.def Info: Supplement/StimList_Suppl.pdf , page1 used on input line 912.
(pdftex.def)             Requested size: 795.0303pt x 562.1644pt.
File: Supplement/StimList_Suppl.pdf Graphic file (type pdf)
<use Supplement/StimList_Suppl.pdf, page 1>
Package pdftex.def Info: Supplement/StimList_Suppl.pdf , page1 used on input line 912.
(pdftex.def)             Requested size: 795.0303pt x 562.1644pt.
[44 <./Supplement/StimList_Suppl.pdf>] [45] [46]
Overfull \hbox (23.2881pt too wide) in paragraph at lines 976--993
 [] 
 []

<Manuscript_ERED_Stage1_files/figure-latex/FigSubjArousalViewPilot-1.pdf, id=621, 469.755pt x 325.215pt>
File: Manuscript_ERED_Stage1_files/figure-latex/FigSubjArousalViewPilot-1.pdf Graphic file (type pdf)
<use Manuscript_ERED_Stage1_files/figure-latex/FigSubjArousalViewPilot-1.pdf>
Package pdftex.def Info: Manuscript_ERED_Stage1_files/figure-latex/FigSubjArousalViewPilot-1.pdf  used on input line 1000.
(pdftex.def)             Requested size: 352.31538pt x 243.91064pt.

Underfull \vbox (badness 10000) has occurred while \output is active []

[47]
Overfull \hbox (52.68124pt too wide) in paragraph at lines 1024--1046
 [] 
 []


Underfull \vbox (badness 10000) has occurred while \output is active []

[48 <./Manuscript_ERED_Stage1_files/figure-latex/FigSubjArousalViewPilot-1.pdf>]
<Manuscript_ERED_Stage1_files/figure-latex/FigSubjArousalRegPilot-1.pdf, id=641, 469.755pt x 325.215pt>
File: Manuscript_ERED_Stage1_files/figure-latex/FigSubjArousalRegPilot-1.pdf Graphic file (type pdf)
<use Manuscript_ERED_Stage1_files/figure-latex/FigSubjArousalRegPilot-1.pdf>
Package pdftex.def Info: Manuscript_ERED_Stage1_files/figure-latex/FigSubjArousalRegPilot-1.pdf  used on input line 1053.
(pdftex.def)             Requested size: 352.31538pt x 243.91064pt.

Underfull \vbox (badness 10000) has occurred while \output is active []

[49 <./Manuscript_ERED_Stage1_files/figure-latex/FigSubjArousalRegPilot-1.pdf>]
Overfull \hbox (47.44104pt too wide) in paragraph at lines 1077--1094
 [] 
 []


Overfull \hbox (15.29416pt too wide) in paragraph at lines 1116--1133
 [] 
 []

[50]
<Manuscript_ERED_Stage1_files/figure-latex/FigEMGCorrViewPilot-1.pdf, id=665, 469.755pt x 325.215pt>
File: Manuscript_ERED_Stage1_files/figure-latex/FigEMGCorrViewPilot-1.pdf Graphic file (type pdf)
<use Manuscript_ERED_Stage1_files/figure-latex/FigEMGCorrViewPilot-1.pdf>
Package pdftex.def Info: Manuscript_ERED_Stage1_files/figure-latex/FigEMGCorrViewPilot-1.pdf  used on input line 1140.
(pdftex.def)             Requested size: 352.31538pt x 243.91064pt.
<Manuscript_ERED_Stage1_files/figure-latex/FigEMGLevViewPilot-1.pdf, id=666, 469.755pt x 325.215pt>
File: Manuscript_ERED_Stage1_files/figure-latex/FigEMGLevViewPilot-1.pdf Graphic file (type pdf)
<use Manuscript_ERED_Stage1_files/figure-latex/FigEMGLevViewPilot-1.pdf>
Package pdftex.def Info: Manuscript_ERED_Stage1_files/figure-latex/FigEMGLevViewPilot-1.pdf  used on input line 1144.
(pdftex.def)             Requested size: 352.31538pt x 243.91064pt.
[51 <./Manuscript_ERED_Stage1_files/figure-latex/FigEMGCorrViewPilot-1.pdf> <./Manuscript_ERED_Stage1_files/figure-latex/FigEMGLevViewPilot-1.pdf>]
Overfull \hbox (63.93918pt too wide) in paragraph at lines 1168--1190
 [] 
 []


Overfull \hbox (54.14752pt too wide) in paragraph at lines 1212--1234
 [] 
 []


Underfull \vbox (badness 1400) has occurred while \output is active []

[52]
<Manuscript_ERED_Stage1_files/figure-latex/FigEMGCorrRegPilot-1.pdf, id=690, 469.755pt x 325.215pt>
File: Manuscript_ERED_Stage1_files/figure-latex/FigEMGCorrRegPilot-1.pdf Graphic file (type pdf)
<use Manuscript_ERED_Stage1_files/figure-latex/FigEMGCorrRegPilot-1.pdf>
Package pdftex.def Info: Manuscript_ERED_Stage1_files/figure-latex/FigEMGCorrRegPilot-1.pdf  used on input line 1241.
(pdftex.def)             Requested size: 352.31538pt x 243.91064pt.
<Manuscript_ERED_Stage1_files/figure-latex/FigEMGLevRegPilot-1.pdf, id=691, 469.755pt x 325.215pt>
File: Manuscript_ERED_Stage1_files/figure-latex/FigEMGLevRegPilot-1.pdf Graphic file (type pdf)
<use Manuscript_ERED_Stage1_files/figure-latex/FigEMGLevRegPilot-1.pdf>
Package pdftex.def Info: Manuscript_ERED_Stage1_files/figure-latex/FigEMGLevRegPilot-1.pdf  used on input line 1245.
(pdftex.def)             Requested size: 352.31538pt x 243.91064pt.

Underfull \vbox (badness 10000) has occurred while \output is active []

[53 <./Manuscript_ERED_Stage1_files/figure-latex/FigEMGCorrRegPilot-1.pdf>]
Overfull \hbox (52.68124pt too wide) in paragraph at lines 1269--1291
 [] 
 []


Underfull \vbox (badness 10000) has occurred while \output is active []

[54 <./Manuscript_ERED_Stage1_files/figure-latex/FigEMGLevRegPilot-1.pdf>]
<Manuscript_ERED_Stage1_files/figure-latex/FigSubjEffortPilot-1.pdf, id=715, 469.755pt x 325.215pt>
File: Manuscript_ERED_Stage1_files/figure-latex/FigSubjEffortPilot-1.pdf Graphic file (type pdf)
<use Manuscript_ERED_Stage1_files/figure-latex/FigSubjEffortPilot-1.pdf>
Package pdftex.def Info: Manuscript_ERED_Stage1_files/figure-latex/FigSubjEffortPilot-1.pdf  used on input line 1298.
(pdftex.def)             Requested size: 352.31538pt x 243.91064pt.
AED endfloat: Processing end Figures and Tables [55 <./Manuscript_ERED_Stage1_files/figure-latex/FigSubjEffortPilot-1.pdf>] (./Manuscript_ERED_Stage1.aux)
Package rerunfilecheck Info: File `Manuscript_ERED_Stage1.out' has not changed.
(rerunfilecheck)             Checksum: AB9E80A224614429C1C678969BD8ADC2;7624.
 ) 
Here is how much of TeX's memory you used:
 18241 strings out of 480253
 308399 string characters out of 5892445
 626778 words of memory out of 5000000
 35599 multiletter control sequences out of 15000+600000
 529362 words of font info for 76 fonts, out of 8000000 for 9000
 14 hyphenation exceptions out of 8191
 72i,17n,77p,1033b,589s stack positions out of 10000i,1000n,20000p,200000b,200000s

pdfTeX warning (dest): name{ux5cux23stimuli} has been referenced but does not exist, replaced by a fixed one

{c:/Users/scheffel/AppData/Roaming/TinyTeX/texmf-dist/fonts/enc/dvips/lm/lm-ec.enc}{c:/Users/scheffel/AppData/Roaming/TinyTeX/texmf-dist/fonts/enc/dvips/lm/lm-mathit.enc}{c:/Users/scheffel/AppData/Roaming/TinyTeX/texmf-dist/fonts/enc/dvips/lm/lm-rm.enc}{c:/Users/scheffel/AppData/Roaming/TinyTeX/texmf-dist/fonts/enc/dvips/lm/lm-mathsy.enc}{c:/Users/scheffel/AppData/Roaming/TinyTeX/texmf-dist/fonts/enc/dvips/lm/lm-ts1.enc}<c:/Users/scheffel/AppData/Roaming/TinyTeX/texmf-dist/fonts/type1/public/lm/lmbx12.pfb><c:/Users/scheffel/AppData/Roaming/TinyTeX/texmf-dist/fonts/type1/public/lm/lmbxi10.pfb><c:/Users/scheffel/AppData/Roaming/TinyTeX/texmf-dist/fonts/type1/public/lm/lmmi12.pfb><c:/Users/scheffel/AppData/Roaming/TinyTeX/texmf-dist/fonts/type1/public/lm/lmmi8.pfb><c:/Users/scheffel/AppData/Roaming/TinyTeX/texmf-dist/fonts/type1/public/lm/lmr12.pfb><c:/Users/scheffel/AppData/Roaming/TinyTeX/texmf-dist/fonts/type1/public/lm/lmr8.pfb><c:/Users/scheffel/AppData/Roaming/TinyTeX/texmf-dist/fonts/type1/public/lm/lmri12.pfb><c:/Users/scheffel/AppData/Roaming/TinyTeX/texmf-dist/fonts/type1/public/lm/lmri8.pfb><c:/Users/scheffel/AppData/Roaming/TinyTeX/texmf-dist/fonts/type1/public/lm/lmss8.pfb><c:/Users/scheffel/AppData/Roaming/TinyTeX/texmf-dist/fonts/type1/public/lm/lmsy10.pfb><c:/Users/scheffel/AppData/Roaming/TinyTeX/texmf-dist/fonts/type1/public/lm/lmsy8.pfb>
Output written on Manuscript_ERED_Stage1.pdf (55 pages, 1265241 bytes).
PDF statistics:
 835 PDF objects out of 1000 (max. 8388607)
 706 compressed objects within 8 object streams
 206 named destinations out of 1000 (max. 500000)
 347 words of extra memory for PDF output out of 10000 (max. 10000000)

