This is pdfTeX, Version 3.141592653-2.6-1.40.24 (TeX Live 2022) (preloaded format=pdflatex 2023.2.14)  14 FEB 2023 15:34
entering extended mode
 restricted \write18 enabled.
 %&-line parsing enabled.
**Manuscript_ERED_Stage2.tex
(./Manuscript_ERED_Stage2.tex
LaTeX2e <2022-11-01> patch level 1
L3 programming layer <2023-02-07> (c:/Users/scheffel/AppData/Roaming/TinyTeX/texmf-dist/tex/latex/apa6/apa6.cls
Document Class: apa6 2020/01/13 v2.34 APA formatting (6th edition)
(c:/Users/scheffel/AppData/Roaming/TinyTeX/texmf-dist/tex/latex/base/article.cls
Document Class: article 2022/07/02 v1.4n Standard LaTeX document class
(c:/Users/scheffel/AppData/Roaming/TinyTeX/texmf-dist/tex/latex/base/size12.clo
File: size12.clo 2022/07/02 v1.4n Standard LaTeX file (size option)
)
\c@part=\count185
\c@section=\count186
\c@subsection=\count187
\c@subsubsection=\count188
\c@paragraph=\count189
\c@subparagraph=\count190
\c@figure=\count191
\c@table=\count192
\abovecaptionskip=\skip48
\belowcaptionskip=\skip49
\bibindent=\dimen140
) (c:/Users/scheffel/AppData/Roaming/TinyTeX/texmf-dist/tex/latex/etoolbox/etoolbox.sty
Package: etoolbox 2020/10/05 v2.5k e-TeX tools for LaTeX (JAW)
\etb@tempcnta=\count193
)
Class apa6 Info: No bibliography package was specified; defaulting to (but not loading) Biblatex on input line 213.
(c:/Users/scheffel/AppData/Roaming/TinyTeX/texmf-dist/tex/latex/lm/lmodern.sty
Package: lmodern 2015/05/01 v1.6.1 Latin Modern Fonts
LaTeX Font Info:    Overwriting symbol font `operators' in version `normal'
(Font)                  OT1/cmr/m/n --> OT1/lmr/m/n on input line 22.
LaTeX Font Info:    Overwriting symbol font `letters' in version `normal'
(Font)                  OML/cmm/m/it --> OML/lmm/m/it on input line 23.
LaTeX Font Info:    Overwriting symbol font `symbols' in version `normal'
(Font)                  OMS/cmsy/m/n --> OMS/lmsy/m/n on input line 24.
LaTeX Font Info:    Overwriting symbol font `largesymbols' in version `normal'
(Font)                  OMX/cmex/m/n --> OMX/lmex/m/n on input line 25.
LaTeX Font Info:    Overwriting symbol font `operators' in version `bold'
(Font)                  OT1/cmr/bx/n --> OT1/lmr/bx/n on input line 26.
LaTeX Font Info:    Overwriting symbol font `letters' in version `bold'
(Font)                  OML/cmm/b/it --> OML/lmm/b/it on input line 27.
LaTeX Font Info:    Overwriting symbol font `symbols' in version `bold'
(Font)                  OMS/cmsy/b/n --> OMS/lmsy/b/n on input line 28.
LaTeX Font Info:    Overwriting symbol font `largesymbols' in version `bold'
(Font)                  OMX/cmex/m/n --> OMX/lmex/m/n on input line 29.
LaTeX Font Info:    Overwriting math alphabet `\mathbf' in version `normal'
(Font)                  OT1/cmr/bx/n --> OT1/lmr/bx/n on input line 31.
LaTeX Font Info:    Overwriting math alphabet `\mathsf' in version `normal'
(Font)                  OT1/cmss/m/n --> OT1/lmss/m/n on input line 32.
LaTeX Font Info:    Overwriting math alphabet `\mathit' in version `normal'
(Font)                  OT1/cmr/m/it --> OT1/lmr/m/it on input line 33.
LaTeX Font Info:    Overwriting math alphabet `\mathtt' in version `normal'
(Font)                  OT1/cmtt/m/n --> OT1/lmtt/m/n on input line 34.
LaTeX Font Info:    Overwriting math alphabet `\mathbf' in version `bold'
(Font)                  OT1/cmr/bx/n --> OT1/lmr/bx/n on input line 35.
LaTeX Font Info:    Overwriting math alphabet `\mathsf' in version `bold'
(Font)                  OT1/cmss/bx/n --> OT1/lmss/bx/n on input line 36.
LaTeX Font Info:    Overwriting math alphabet `\mathit' in version `bold'
(Font)                  OT1/cmr/bx/it --> OT1/lmr/bx/it on input line 37.
LaTeX Font Info:    Overwriting math alphabet `\mathtt' in version `bold'
(Font)                  OT1/cmtt/m/n --> OT1/lmtt/m/n on input line 38.
) (c:/Users/scheffel/AppData/Roaming/TinyTeX/texmf-dist/tex/latex/base/fontenc.sty
Package: fontenc 2021/04/29 v2.0v Standard LaTeX package
LaTeX Font Info:    Trying to load font information for T1+lmr on input line 112.
(c:/Users/scheffel/AppData/Roaming/TinyTeX/texmf-dist/tex/latex/lm/t1lmr.fd
File: t1lmr.fd 2015/05/01 v1.6.1 Font defs for Latin Modern
)) (c:/Users/scheffel/AppData/Roaming/TinyTeX/texmf-dist/tex/latex/geometry/geometry.sty
Package: geometry 2020/01/02 v5.9 Page Geometry
(c:/Users/scheffel/AppData/Roaming/TinyTeX/texmf-dist/tex/latex/graphics/keyval.sty
Package: keyval 2022/05/29 v1.15 key=value parser (DPC)
\KV@toks@=\toks16
) (c:/Users/scheffel/AppData/Roaming/TinyTeX/texmf-dist/tex/generic/iftex/ifvtex.sty
Package: ifvtex 2019/10/25 v1.7 ifvtex legacy package. Use iftex instead.
(c:/Users/scheffel/AppData/Roaming/TinyTeX/texmf-dist/tex/generic/iftex/iftex.sty
Package: iftex 2022/02/03 v1.0f TeX engine tests
))
\Gm@cnth=\count194
\Gm@cntv=\count195
\c@Gm@tempcnt=\count196
\Gm@bindingoffset=\dimen141
\Gm@wd@mp=\dimen142
\Gm@odd@mp=\dimen143
\Gm@even@mp=\dimen144
\Gm@layoutwidth=\dimen145
\Gm@layoutheight=\dimen146
\Gm@layouthoffset=\dimen147
\Gm@layoutvoffset=\dimen148
\Gm@dimlist=\toks17
) (c:/Users/scheffel/AppData/Roaming/TinyTeX/texmf-dist/tex/latex/graphics/graphicx.sty
Package: graphicx 2021/09/16 v1.2d Enhanced LaTeX Graphics (DPC,SPQR)
(c:/Users/scheffel/AppData/Roaming/TinyTeX/texmf-dist/tex/latex/graphics/graphics.sty
Package: graphics 2022/03/10 v1.4e Standard LaTeX Graphics (DPC,SPQR)
(c:/Users/scheffel/AppData/Roaming/TinyTeX/texmf-dist/tex/latex/graphics/trig.sty
Package: trig 2021/08/11 v1.11 sin cos tan (DPC)
) (c:/Users/scheffel/AppData/Roaming/TinyTeX/texmf-dist/tex/latex/graphics-cfg/graphics.cfg
File: graphics.cfg 2016/06/04 v1.11 sample graphics configuration
)
Package graphics Info: Driver file: pdftex.def on input line 107.
(c:/Users/scheffel/AppData/Roaming/TinyTeX/texmf-dist/tex/latex/graphics-def/pdftex.def
File: pdftex.def 2022/09/22 v1.2b Graphics/color driver for pdftex
))
\Gin@req@height=\dimen149
\Gin@req@width=\dimen150
) (c:/Users/scheffel/AppData/Roaming/TinyTeX/texmf-dist/tex/latex/booktabs/booktabs.sty
Package: booktabs 2020/01/12 v1.61803398 Publication quality tables
\heavyrulewidth=\dimen151
\lightrulewidth=\dimen152
\cmidrulewidth=\dimen153
\belowrulesep=\dimen154
\belowbottomsep=\dimen155
\aboverulesep=\dimen156
\abovetopsep=\dimen157
\cmidrulesep=\dimen158
\cmidrulekern=\dimen159
\defaultaddspace=\dimen160
\@cmidla=\count197
\@cmidlb=\count198
\@aboverulesep=\dimen161
\@belowrulesep=\dimen162
\@thisruleclass=\count199
\@lastruleclass=\count266
\@thisrulewidth=\dimen163
) (c:/Users/scheffel/AppData/Roaming/TinyTeX/texmf-dist/tex/latex/threeparttable/threeparttable.sty
Package: threeparttable 2003/06/13  v 3.0
\@tempboxb=\box51
)
\b@level@one@skip=\skip50
\e@level@one@skip=\skip51
\b@level@two@skip=\skip52
\e@level@two@skip=\skip53
\b@level@three@skip=\skip54
\e@level@three@skip=\skip55
\b@level@four@skip=\skip56
\e@level@four@skip=\skip57
\b@level@five@skip=\skip58
\e@level@five@skip=\skip59
(c:/Users/scheffel/AppData/Roaming/TinyTeX/texmf-dist/tex/latex/caption/caption.sty
Package: caption 2022/03/01 v3.6b Customizing captions (AR)
(c:/Users/scheffel/AppData/Roaming/TinyTeX/texmf-dist/tex/latex/caption/caption3.sty
Package: caption3 2022/03/17 v2.3b caption3 kernel (AR)
\caption@tempdima=\dimen164
\captionmargin=\dimen165
\caption@leftmargin=\dimen166
\caption@rightmargin=\dimen167
\caption@width=\dimen168
\caption@indent=\dimen169
\caption@parindent=\dimen170
\caption@hangindent=\dimen171
Package caption Info: Standard document class detected.
)
\c@caption@flags=\count267
\c@continuedfloat=\count268
Package caption Info: threeparttable package is loaded.
)
\c@APAenum=\count269
\@text@par@indent=\skip60
\gr@box=\box52
\gr@boxwidth=\skip61
\gr@boxheight=\skip62
(c:/Users/scheffel/AppData/Roaming/TinyTeX/texmf-dist/tex/latex/tools/bm.sty
Package: bm 2022/01/05 v1.2f Bold Symbol Support (DPC/FMi)
\symboldoperators=\mathgroup4
\symboldletters=\mathgroup5
\symboldsymbols=\mathgroup6
Package bm Info: No bold for \OMX/lmex/m/n, using \pmb.
LaTeX Font Info:    Redeclaring math alphabet \mathbf on input line 149.
)
\c@appendix=\count270
(c:/Users/scheffel/AppData/Roaming/TinyTeX/texmf-dist/tex/latex/fancyhdr/fancyhdr.sty
Package: fancyhdr 2022/05/18 v4.0.3 Extensive control of page headers and footers
\f@nch@headwidth=\skip63
\f@nch@O@elh=\skip64
\f@nch@O@erh=\skip65
\f@nch@O@olh=\skip66
\f@nch@O@orh=\skip67
\f@nch@O@elf=\skip68
\f@nch@O@erf=\skip69
\f@nch@O@olf=\skip70
\f@nch@O@orf=\skip71
) (c:/Users/scheffel/AppData/Roaming/TinyTeX/texmf-dist/tex/latex/endfloat/endfloat.sty
Package: endfloat 2019/04/15 v2.7 LaTeX2e package puts figures and tables at end (jdm)
\c@posttable=\count271
\efloat@postttt=\write3
\@ef@tttopen=\count272
\c@postfigure=\count273
\efloat@postfff=\write4
\@ef@fffopen=\count274
) (c:/Users/scheffel/AppData/Roaming/TinyTeX/texmf-dist/tex/latex/float/float.sty
Package: float 2001/11/08 v1.3d Float enhancements (AL)
\c@float@type=\count275
\float@exts=\toks18
\float@box=\box53
\@float@everytoks=\toks19
\@floatcapt=\box54
)) (c:/Users/scheffel/AppData/Roaming/TinyTeX/texmf-dist/tex/latex/amsmath/amsmath.sty
Package: amsmath 2022/04/08 v2.17n AMS math features
\@mathmargin=\skip72
For additional information on amsmath, use the `?' option.
(c:/Users/scheffel/AppData/Roaming/TinyTeX/texmf-dist/tex/latex/amsmath/amstext.sty
Package: amstext 2021/08/26 v2.01 AMS text
(c:/Users/scheffel/AppData/Roaming/TinyTeX/texmf-dist/tex/latex/amsmath/amsgen.sty
File: amsgen.sty 1999/11/30 v2.0 generic functions
\@emptytoks=\toks20
\ex@=\dimen172
)) (c:/Users/scheffel/AppData/Roaming/TinyTeX/texmf-dist/tex/latex/amsmath/amsbsy.sty
Package: amsbsy 1999/11/29 v1.2d Bold Symbols
LaTeX Info: Redefining \boldsymbol on input line 28.
\pmbraise@=\dimen173
) (c:/Users/scheffel/AppData/Roaming/TinyTeX/texmf-dist/tex/latex/amsmath/amsopn.sty
Package: amsopn 2022/04/08 v2.04 operator names
)
\inf@bad=\count276
LaTeX Info: Redefining \frac on input line 234.
\uproot@=\count277
\leftroot@=\count278
LaTeX Info: Redefining \overline on input line 399.
LaTeX Info: Redefining \colon on input line 410.
\classnum@=\count279
\DOTSCASE@=\count280
LaTeX Info: Redefining \ldots on input line 496.
LaTeX Info: Redefining \dots on input line 499.
LaTeX Info: Redefining \cdots on input line 620.
\Mathstrutbox@=\box55
\strutbox@=\box56
LaTeX Info: Redefining \big on input line 722.
LaTeX Info: Redefining \Big on input line 723.
LaTeX Info: Redefining \bigg on input line 724.
LaTeX Info: Redefining \Bigg on input line 725.
\big@size=\dimen174
LaTeX Font Info:    Redeclaring font encoding OML on input line 743.
LaTeX Font Info:    Redeclaring font encoding OMS on input line 744.
\macc@depth=\count281
LaTeX Info: Redefining \bmod on input line 905.
LaTeX Info: Redefining \pmod on input line 910.
LaTeX Info: Redefining \smash on input line 940.
LaTeX Info: Redefining \relbar on input line 970.
LaTeX Info: Redefining \Relbar on input line 971.
\c@MaxMatrixCols=\count282
\dotsspace@=\muskip16
\c@parentequation=\count283
\dspbrk@lvl=\count284
\tag@help=\toks21
\row@=\count285
\column@=\count286
\maxfields@=\count287
\andhelp@=\toks22
\eqnshift@=\dimen175
\alignsep@=\dimen176
\tagshift@=\dimen177
\tagwidth@=\dimen178
\totwidth@=\dimen179
\lineht@=\dimen180
\@envbody=\toks23
\multlinegap=\skip73
\multlinetaggap=\skip74
\mathdisplay@stack=\toks24
LaTeX Info: Redefining \[ on input line 2953.
LaTeX Info: Redefining \] on input line 2954.
) (c:/Users/scheffel/AppData/Roaming/TinyTeX/texmf-dist/tex/latex/amsfonts/amssymb.sty
Package: amssymb 2013/01/14 v3.01 AMS font symbols
(c:/Users/scheffel/AppData/Roaming/TinyTeX/texmf-dist/tex/latex/amsfonts/amsfonts.sty
Package: amsfonts 2013/01/14 v3.01 Basic AMSFonts support
\symAMSa=\mathgroup7
\symAMSb=\mathgroup8
LaTeX Font Info:    Redeclaring math symbol \hbar on input line 98.
LaTeX Font Info:    Overwriting math alphabet `\mathfrak' in version `bold'
(Font)                  U/euf/m/n --> U/euf/b/n on input line 106.
)) (c:/Users/scheffel/AppData/Roaming/TinyTeX/texmf-dist/tex/latex/base/fontenc.sty
Package: fontenc 2021/04/29 v2.0v Standard LaTeX package
) (c:/Users/scheffel/AppData/Roaming/TinyTeX/texmf-dist/tex/latex/base/inputenc.sty
Package: inputenc 2021/02/14 v1.3d Input encoding file
\inpenc@prehook=\toks25
\inpenc@posthook=\toks26
) (c:/Users/scheffel/AppData/Roaming/TinyTeX/texmf-dist/tex/latex/base/textcomp.sty
Package: textcomp 2020/02/02 v2.0n Standard LaTeX package
) (c:/Users/scheffel/AppData/Roaming/TinyTeX/texmf-dist/tex/latex/xcolor/xcolor.sty
Package: xcolor 2022/06/12 v2.14 LaTeX color extensions (UK)
(c:/Users/scheffel/AppData/Roaming/TinyTeX/texmf-dist/tex/latex/graphics-cfg/color.cfg
File: color.cfg 2016/01/02 v1.6 sample color configuration
)
Package xcolor Info: Driver file: pdftex.def on input line 227.
(c:/Users/scheffel/AppData/Roaming/TinyTeX/texmf-dist/tex/latex/graphics/mathcolor.ltx)
Package xcolor Info: Model `cmy' substituted by `cmy0' on input line 1353.
Package xcolor Info: Model `hsb' substituted by `rgb' on input line 1357.
Package xcolor Info: Model `RGB' extended on input line 1369.
Package xcolor Info: Model `HTML' substituted by `rgb' on input line 1371.
Package xcolor Info: Model `Hsb' substituted by `hsb' on input line 1372.
Package xcolor Info: Model `tHsb' substituted by `hsb' on input line 1373.
Package xcolor Info: Model `HSB' substituted by `hsb' on input line 1374.
Package xcolor Info: Model `Gray' substituted by `gray' on input line 1375.
Package xcolor Info: Model `wave' substituted by `hsb' on input line 1376.
)
\cslhangindent=\skip75
\csllabelwidth=\skip76
\cslentryspacingunit=\skip77
(c:/Users/scheffel/AppData/Roaming/TinyTeX/texmf-dist/tex/latex/tools/calc.sty
Package: calc 2017/05/25 v4.3 Infix arithmetic (KKT,FJ)
\calc@Acount=\count288
\calc@Bcount=\count289
\calc@Adimen=\dimen181
\calc@Bdimen=\dimen182
\calc@Askip=\skip78
\calc@Bskip=\skip79
LaTeX Info: Redefining \setlength on input line 80.
LaTeX Info: Redefining \addtolength on input line 81.
\calc@Ccount=\count290
\calc@Cskip=\skip80
) (c:/Users/scheffel/AppData/Roaming/TinyTeX/texmf-dist/tex/generic/babel/babel.sty
Package: babel 2023/02/13 3.86 The Babel package
\babel@savecnt=\count291
\U@D=\dimen183
\l@unhyphenated=\language3
(c:/Users/scheffel/AppData/Roaming/TinyTeX/texmf-dist/tex/generic/babel/txtbabel.def)
\bbl@readstream=\read2
\bbl@dirlevel=\count292
Package babel Info: You haven't specified a language as a class or package
(babel)             option. I'll load 'nil'. Reported on input line 4422.
(c:/Users/scheffel/AppData/Roaming/TinyTeX/texmf-dist/tex/generic/babel/nil.ldf
Language: nil 2023/02/13 3.86 Nil language
\l@nil=\language4
))
\everypar=\toks27
(c:/Users/scheffel/AppData/Roaming/TinyTeX/texmf-dist/tex/generic/babel/locale/en/babel-english.tex)
Package babel Info: Importing data for english
(babel)             from babel-en.ini. Reported on input line 90.
(c:/Users/scheffel/AppData/Roaming/TinyTeX/texmf-dist/tex/latex/was/upgreek.sty
Package: upgreek 2003/02/12 v2.0 (WaS)
Package upgreek Info: Using Euler Roman for upright Greek on input line 31.
\symugrf@m=\mathgroup9
LaTeX Font Info:    Overwriting symbol font `ugrf@m' in version `bold'
(Font)                  U/eur/m/n --> U/eur/b/n on input line 38.
) (c:/Users/scheffel/AppData/Roaming/TinyTeX/texmf-dist/tex/latex/tools/longtable.sty
Package: longtable 2021-09-01 v4.17 Multi-page Table package (DPC)
\LTleft=\skip81
\LTright=\skip82
\LTpre=\skip83
\LTpost=\skip84
\LTchunksize=\count293
\LTcapwidth=\dimen184
\LT@head=\box57
\LT@firsthead=\box58
\LT@foot=\box59
\LT@lastfoot=\box60
\LT@gbox=\box61
\LT@cols=\count294
\LT@rows=\count295
\c@LT@tables=\count296
\c@LT@chunks=\count297
\LT@p@ftn=\toks28
) (c:/Users/scheffel/AppData/Roaming/TinyTeX/texmf-dist/tex/latex/graphics/lscape.sty
Package: lscape 2020/05/28 v3.02 Landscape Pages (DPC)
) (c:/Users/scheffel/AppData/Roaming/TinyTeX/texmf-dist/tex/latex/multirow/multirow.sty
Package: multirow 2021/03/15 v2.8 Span multiple rows of a table
\multirow@colwidth=\skip85
\multirow@cntb=\count298
\multirow@dima=\skip86
\bigstrutjot=\dimen185
) (c:/Users/scheffel/AppData/Roaming/TinyTeX/texmf-dist/tex/latex/tools/tabularx.sty
Package: tabularx 2020/01/15 v2.11c `tabularx' package (DPC)
(c:/Users/scheffel/AppData/Roaming/TinyTeX/texmf-dist/tex/latex/tools/array.sty
Package: array 2022/09/04 v2.5g Tabular extension package (FMi)
\col@sep=\dimen186
\ar@mcellbox=\box62
\extrarowheight=\dimen187
\NC@list=\toks29
\extratabsurround=\skip87
\backup@length=\skip88
\ar@cellbox=\box63
)
\TX@col@width=\dimen188
\TX@old@table=\dimen189
\TX@old@col=\dimen190
\TX@target=\dimen191
\TX@delta=\dimen192
\TX@cols=\count299
\TX@ftn=\toks30
) (c:/Users/scheffel/AppData/Roaming/TinyTeX/texmf-dist/tex/latex/threeparttablex/threeparttablex.sty
Package: threeparttablex 2013/07/23 v0.3 by daleif
(c:/Users/scheffel/AppData/Roaming/TinyTeX/texmf-dist/tex/latex/environ/environ.sty
Package: environ 2014/05/04 v0.3 A new way to define environments
(c:/Users/scheffel/AppData/Roaming/TinyTeX/texmf-dist/tex/latex/trimspaces/trimspaces.sty
Package: trimspaces 2009/09/17 v1.1 Trim spaces around a token list
))
\TPTL@width=\skip89
)
\longtablewidth=\skip90
Failed to patch abstract.
Failed to patch title.
(c:/Users/scheffel/AppData/Roaming/TinyTeX/texmf-dist/tex/latex/xpatch/xpatch.sty (c:/Users/scheffel/AppData/Roaming/TinyTeX/texmf-dist/tex/latex/l3kernel/expl3.sty
Package: expl3 2023-02-07 L3 programming layer (loader) 
(c:/Users/scheffel/AppData/Roaming/TinyTeX/texmf-dist/tex/latex/l3backend/l3backend-pdftex.def
File: l3backend-pdftex.def 2023-01-16 L3 backend support: PDF output (pdfTeX)
\l__color_backend_stack_int=\count300
\l__pdf_internal_box=\box64
))
Package: xpatch 2020/03/25 v0.3a Extending etoolbox patching commands
(c:/Users/scheffel/AppData/Roaming/TinyTeX/texmf-dist/tex/latex/l3packages/xparse/xparse.sty
Package: xparse 2023-02-02 L3 Experimental document command parser
)) (c:/Users/scheffel/AppData/Roaming/TinyTeX/texmf-dist/tex/latex/lineno/lineno.sty
Package: lineno 2005/11/02 line numbers on paragraphs v4.41
\linenopenalty=\count301
\output=\toks31
\linenoprevgraf=\count302
\linenumbersep=\dimen193
\linenumberwidth=\dimen194
\c@linenumber=\count303
\c@pagewiselinenumber=\count304
\c@LN@truepage=\count305
\c@internallinenumber=\count306
\c@internallinenumbers=\count307
\quotelinenumbersep=\dimen195
\bframerule=\dimen196
\bframesep=\dimen197
\bframebox=\box65
LaTeX Info: Redefining \\ on input line 3056.
) (c:/Users/scheffel/AppData/Roaming/TinyTeX/texmf-dist/tex/latex/csquotes/csquotes.sty
Package: csquotes 2021-02-22 v5.2l context-sensitive quotations (JAW)
\csq@reset=\count308
\csq@gtype=\count309
\csq@glevel=\count310
\csq@qlevel=\count311
\csq@maxlvl=\count312
\csq@tshold=\count313
\csq@ltx@everypar=\toks32
(c:/Users/scheffel/AppData/Roaming/TinyTeX/texmf-dist/tex/latex/csquotes/csquotes.def
File: csquotes.def 2021-02-22 v5.2l csquotes generic definitions (JAW)
)
Package csquotes Info: Trying to load configuration file 'csquotes.cfg'...
Package csquotes Info: ... configuration file loaded successfully.
(c:/Users/scheffel/AppData/Roaming/TinyTeX/texmf-dist/tex/latex/csquotes/csquotes.cfg
File: csquotes.cfg 
)) (c:/Users/scheffel/AppData/Roaming/TinyTeX/texmf-dist/tex/latex/wrapfig/wrapfig.sty
\wrapoverhang=\dimen198
\WF@size=\dimen199
\c@WF@wrappedlines=\count314
\WF@box=\box66
\WF@everypar=\toks33
Package: wrapfig 2003/01/31  v 3.6
) (c:/Users/scheffel/AppData/Roaming/TinyTeX/texmf-dist/tex/latex/colortbl/colortbl.sty
Package: colortbl 2020/01/04 v1.0e Color table columns (DPC)
\everycr=\toks34
\minrowclearance=\skip91
) (c:/Users/scheffel/AppData/Roaming/TinyTeX/texmf-dist/tex/latex/pdflscape/pdflscape.sty
Package: pdflscape 2019/12/05 v0.12 Display of landscape pages in PDF (HO)
Package pdflscape Info: Auto-detected driver: pdftex on input line 81.
) (c:/Users/scheffel/AppData/Roaming/TinyTeX/texmf-dist/tex/latex/tabu/tabu.sty
Package: tabu 2019/01/11 v2.9 - flexible LaTeX tabulars (FC+tabu-fixed)
(c:/Users/scheffel/AppData/Roaming/TinyTeX/texmf-dist/tex/latex/varwidth/varwidth.sty
Package: varwidth 2009/03/30 ver 0.92;  Variable-width minipages
\@vwid@box=\box67
\sift@deathcycles=\count315
\@vwid@loff=\dimen256
\@vwid@roff=\dimen257
)
\c@taburow=\count316
\tabu@nbcols=\count317
\tabu@cnt=\count318
\tabu@Xcol=\count319
\tabu@alloc=\count320
\tabu@nested=\count321
\tabu@target=\dimen258
\tabu@spreadtarget=\dimen259
\tabu@naturalX=\dimen260
\tabucolX=\dimen261
\tabu@Xsum=\dimen262
\extrarowdepth=\dimen263
\abovetabulinesep=\dimen264
\belowtabulinesep=\dimen265
\tabustrutrule=\dimen266
\tabu@thebody=\toks35
\tabu@footnotes=\toks36
\tabu@box=\box68
\tabu@arstrutbox=\box69
\tabu@hleads=\box70
\tabu@vleads=\box71
\tabu@cellskip=\skip92
) (c:/Users/scheffel/AppData/Roaming/TinyTeX/texmf-dist/tex/generic/ulem/ulem.sty
\UL@box=\box72
\UL@hyphenbox=\box73
\UL@skip=\skip93
\UL@hook=\toks37
\UL@height=\dimen267
\UL@pe=\count322
\UL@pixel=\dimen268
\ULC@box=\box74
Package: ulem 2019/11/18
\ULdepth=\dimen269
) (c:/Users/scheffel/AppData/Roaming/TinyTeX/texmf-dist/tex/latex/makecell/makecell.sty
Package: makecell 2009/08/03 V0.1e Managing of Tab Column Heads and Cells
\rotheadsize=\dimen270
\c@nlinenum=\count323
\TeXr@lab=\toks38
) (c:/Users/scheffel/AppData/Roaming/TinyTeX/texmf-dist/tex/latex/setspace/setspace.sty
Package: setspace 2011/12/19 v6.7a set line spacing
) (c:/Users/scheffel/AppData/Roaming/TinyTeX/texmf-dist/tex/latex/pdfpages/pdfpages.sty
Package: pdfpages 2022/05/22 v0.5v Insert pages of external PDF documents (AM)
(c:/Users/scheffel/AppData/Roaming/TinyTeX/texmf-dist/tex/latex/base/ifthen.sty
Package: ifthen 2022/04/13 v1.1d Standard LaTeX ifthen package (DPC)
) (c:/Users/scheffel/AppData/Roaming/TinyTeX/texmf-dist/tex/latex/eso-pic/eso-pic.sty
Package: eso-pic 2020/10/14 v3.0a eso-pic (RN)
\ESO@tempdima=\dimen271
\ESO@tempdimb=\dimen272
)
\AM@pagewidth=\dimen273
\AM@pageheight=\dimen274
\AM@fboxrule=\dimen275
(c:/Users/scheffel/AppData/Roaming/TinyTeX/texmf-dist/tex/latex/pdfpages/pppdftex.def
File: pppdftex.def 2022/05/22 v0.5v Pdfpages driver for pdfTeX (AM)
)
\pdfpages@includegraphics@status=\count324
\AM@pagebox=\box75
\AM@global@opts=\toks39
\AM@pagecnt=\count325
\AM@toc@title=\toks40
\c@AM@survey=\count326
\AM@templatesizebox=\box76
) (c:/Users/scheffel/AppData/Roaming/TinyTeX/texmf-dist/tex/latex/chngcntr/chngcntr.sty
Package: chngcntr 2018/04/09 v1.1a change counter resetting
Package chngcntr Info: \counterwithout already defined.
(chngcntr)             Quitting chngcntr on input line 21.
) (c:/Users/scheffel/AppData/Roaming/TinyTeX/texmf-dist/tex/latex/hyperref/hyperref.sty
Package: hyperref 2023-02-07 v7.00v Hypertext links for LaTeX
(c:/Users/scheffel/AppData/Roaming/TinyTeX/texmf-dist/tex/generic/ltxcmds/ltxcmds.sty
Package: ltxcmds 2020-05-10 v1.25 LaTeX kernel commands for general use (HO)
) (c:/Users/scheffel/AppData/Roaming/TinyTeX/texmf-dist/tex/generic/pdftexcmds/pdftexcmds.sty
Package: pdftexcmds 2020-06-27 v0.33 Utility functions of pdfTeX for LuaTeX (HO)
(c:/Users/scheffel/AppData/Roaming/TinyTeX/texmf-dist/tex/generic/infwarerr/infwarerr.sty
Package: infwarerr 2019/12/03 v1.5 Providing info/warning/error messages (HO)
)
Package pdftexcmds Info: \pdf@primitive is available.
Package pdftexcmds Info: \pdf@ifprimitive is available.
Package pdftexcmds Info: \pdfdraftmode found.
) (c:/Users/scheffel/AppData/Roaming/TinyTeX/texmf-dist/tex/latex/kvsetkeys/kvsetkeys.sty
Package: kvsetkeys 2022-10-05 v1.19 Key value parser (HO)
) (c:/Users/scheffel/AppData/Roaming/TinyTeX/texmf-dist/tex/generic/kvdefinekeys/kvdefinekeys.sty
Package: kvdefinekeys 2019-12-19 v1.6 Define keys (HO)
) (c:/Users/scheffel/AppData/Roaming/TinyTeX/texmf-dist/tex/generic/pdfescape/pdfescape.sty
Package: pdfescape 2019/12/09 v1.15 Implements pdfTeX's escape features (HO)
) (c:/Users/scheffel/AppData/Roaming/TinyTeX/texmf-dist/tex/latex/hycolor/hycolor.sty
Package: hycolor 2020-01-27 v1.10 Color options for hyperref/bookmark (HO)
) (c:/Users/scheffel/AppData/Roaming/TinyTeX/texmf-dist/tex/latex/letltxmacro/letltxmacro.sty
Package: letltxmacro 2019/12/03 v1.6 Let assignment for LaTeX macros (HO)
) (c:/Users/scheffel/AppData/Roaming/TinyTeX/texmf-dist/tex/latex/auxhook/auxhook.sty
Package: auxhook 2019-12-17 v1.6 Hooks for auxiliary files (HO)
) (c:/Users/scheffel/AppData/Roaming/TinyTeX/texmf-dist/tex/latex/hyperref/nameref.sty
Package: nameref 2022-05-17 v2.50 Cross-referencing by name of section
(c:/Users/scheffel/AppData/Roaming/TinyTeX/texmf-dist/tex/latex/refcount/refcount.sty
Package: refcount 2019/12/15 v3.6 Data extraction from label references (HO)
) (c:/Users/scheffel/AppData/Roaming/TinyTeX/texmf-dist/tex/generic/gettitlestring/gettitlestring.sty
Package: gettitlestring 2019/12/15 v1.6 Cleanup title references (HO)
(c:/Users/scheffel/AppData/Roaming/TinyTeX/texmf-dist/tex/latex/kvoptions/kvoptions.sty
Package: kvoptions 2022-06-15 v3.15 Key value format for package options (HO)
))
\c@section@level=\count327
)
\@linkdim=\dimen276
\Hy@linkcounter=\count328
\Hy@pagecounter=\count329
(c:/Users/scheffel/AppData/Roaming/TinyTeX/texmf-dist/tex/latex/hyperref/pd1enc.def
File: pd1enc.def 2023-02-07 v7.00v Hyperref: PDFDocEncoding definition (HO)
Now handling font encoding PD1 ...
... no UTF-8 mapping file for font encoding PD1
) (c:/Users/scheffel/AppData/Roaming/TinyTeX/texmf-dist/tex/generic/intcalc/intcalc.sty
Package: intcalc 2019/12/15 v1.3 Expandable calculations with integers (HO)
) (c:/Users/scheffel/AppData/Roaming/TinyTeX/texmf-dist/tex/generic/etexcmds/etexcmds.sty
Package: etexcmds 2019/12/15 v1.7 Avoid name clashes with e-TeX commands (HO)
)
\Hy@SavedSpaceFactor=\count330
(c:/Users/scheffel/AppData/Roaming/TinyTeX/texmf-dist/tex/latex/hyperref/puenc.def
File: puenc.def 2023-02-07 v7.00v Hyperref: PDF Unicode definition (HO)
Now handling font encoding PU ...
... no UTF-8 mapping file for font encoding PU
)
Package hyperref Info: Option `unicode' set `true' on input line 4060.
Package hyperref Info: Hyper figures OFF on input line 4177.
Package hyperref Info: Link nesting OFF on input line 4182.
Package hyperref Info: Hyper index ON on input line 4185.
Package hyperref Info: Plain pages OFF on input line 4192.
Package hyperref Info: Backreferencing OFF on input line 4197.
Package hyperref Info: Implicit mode ON; LaTeX internals redefined.
Package hyperref Info: Bookmarks ON on input line 4425.
\c@Hy@tempcnt=\count331
(c:/Users/scheffel/AppData/Roaming/TinyTeX/texmf-dist/tex/latex/url/url.sty
\Urlmuskip=\muskip17
Package: url 2013/09/16  ver 3.4  Verb mode for urls, etc.
)
LaTeX Info: Redefining \url on input line 4763.
\XeTeXLinkMargin=\dimen277
(c:/Users/scheffel/AppData/Roaming/TinyTeX/texmf-dist/tex/generic/bitset/bitset.sty
Package: bitset 2019/12/09 v1.3 Handle bit-vector datatype (HO)
(c:/Users/scheffel/AppData/Roaming/TinyTeX/texmf-dist/tex/generic/bigintcalc/bigintcalc.sty
Package: bigintcalc 2019/12/15 v1.5 Expandable calculations on big integers (HO)
))
\Fld@menulength=\count332
\Field@Width=\dimen278
\Fld@charsize=\dimen279
Package hyperref Info: Hyper figures OFF on input line 6042.
Package hyperref Info: Link nesting OFF on input line 6047.
Package hyperref Info: Hyper index ON on input line 6050.
Package hyperref Info: backreferencing OFF on input line 6057.
Package hyperref Info: Link coloring OFF on input line 6062.
Package hyperref Info: Link coloring with OCG OFF on input line 6067.
Package hyperref Info: PDF/A mode OFF on input line 6072.
(c:/Users/scheffel/AppData/Roaming/TinyTeX/texmf-dist/tex/latex/base/atbegshi-ltx.sty
Package: atbegshi-ltx 2021/01/10 v1.0c Emulation of the original atbegshi
package with kernel methods
)
\Hy@abspage=\count333
\c@Item=\count334
\c@Hfootnote=\count335
)
Package hyperref Info: Driver (autodetected): hpdftex.
(c:/Users/scheffel/AppData/Roaming/TinyTeX/texmf-dist/tex/latex/hyperref/hpdftex.def
File: hpdftex.def 2023-02-07 v7.00v Hyperref driver for pdfTeX
(c:/Users/scheffel/AppData/Roaming/TinyTeX/texmf-dist/tex/latex/base/atveryend-ltx.sty
Package: atveryend-ltx 2020/08/19 v1.0a Emulation of the original atveryend package
with kernel methods
)
\Fld@listcount=\count336
\c@bookmark@seq@number=\count337
(c:/Users/scheffel/AppData/Roaming/TinyTeX/texmf-dist/tex/latex/rerunfilecheck/rerunfilecheck.sty
Package: rerunfilecheck 2022-07-10 v1.10 Rerun checks for auxiliary files (HO)
(c:/Users/scheffel/AppData/Roaming/TinyTeX/texmf-dist/tex/generic/uniquecounter/uniquecounter.sty
Package: uniquecounter 2019/12/15 v1.4 Provide unlimited unique counter (HO)
)
Package uniquecounter Info: New unique counter `rerunfilecheck' on input line 285.
)
\Hy@SectionHShift=\skip94
)
Package csquotes Info: Checking for multilingual support...
Package csquotes Info: ... found 'babel' package.
Package csquotes Info: Adjusting default style.
Package csquotes Info: Redefining alias 'default' -> 'english'.
(./Manuscript_ERED_Stage2.aux)
\openout1 = `Manuscript_ERED_Stage2.aux'.

LaTeX Font Info:    Checking defaults for OML/cmm/m/it on input line 225.
LaTeX Font Info:    ... okay on input line 225.
LaTeX Font Info:    Checking defaults for OMS/cmsy/m/n on input line 225.
LaTeX Font Info:    ... okay on input line 225.
LaTeX Font Info:    Checking defaults for OT1/cmr/m/n on input line 225.
LaTeX Font Info:    ... okay on input line 225.
LaTeX Font Info:    Checking defaults for T1/cmr/m/n on input line 225.
LaTeX Font Info:    ... okay on input line 225.
LaTeX Font Info:    Checking defaults for TS1/cmr/m/n on input line 225.
LaTeX Font Info:    ... okay on input line 225.
LaTeX Font Info:    Checking defaults for OMX/cmex/m/n on input line 225.
LaTeX Font Info:    ... okay on input line 225.
LaTeX Font Info:    Checking defaults for U/cmr/m/n on input line 225.
LaTeX Font Info:    ... okay on input line 225.
LaTeX Font Info:    Checking defaults for PD1/pdf/m/n on input line 225.
LaTeX Font Info:    ... okay on input line 225.
LaTeX Font Info:    Checking defaults for PU/pdf/m/n on input line 225.
LaTeX Font Info:    ... okay on input line 225.
*geometry* driver: auto-detecting
*geometry* detected driver: pdftex
*geometry* verbose mode - [ preamble ] result:
* driver: pdftex
* paper: <default>
* layout: <same size as paper>
* layoutoffset:(h,v)=(0.0pt,0.0pt)
* modes: twoside 
* h-part:(L,W,R)=(72.26999pt, 469.75502pt, 72.26999pt)
* v-part:(T,H,B)=(72.26999pt, 650.43001pt, 72.26999pt)
* \paperwidth=614.295pt
* \paperheight=794.96999pt
* \textwidth=469.75502pt
* \textheight=650.43001pt
* \oddsidemargin=0.0pt
* \evensidemargin=0.0pt
* \topmargin=-37.0pt
* \headheight=15.2pt
* \headsep=25.0pt
* \topskip=12.0pt
* \footskip=30.0pt
* \marginparwidth=95.0pt
* \marginparsep=10.0pt
* \columnsep=10.0pt
* \skip\footins=10.8pt plus 4.0pt minus 2.0pt
* \hoffset=0.0pt
* \voffset=0.0pt
* \mag=1000
* \@twocolumnfalse
* \@twosidetrue
* \@mparswitchtrue
* \@reversemarginfalse
* (1in=72.27pt=25.4mm, 1cm=28.453pt)

(c:/Users/scheffel/AppData/Roaming/TinyTeX/texmf-dist/tex/latex/epstopdf-pkg/epstopdf-base.sty
Package: epstopdf-base 2020-01-24 v2.11 Base part for package epstopdf
Package epstopdf-base Info: Redefining graphics rule for `.eps' on input line 485.
(c:/Users/scheffel/AppData/Roaming/TinyTeX/texmf-dist/tex/latex/latexconfig/epstopdf-sys.cfg
File: epstopdf-sys.cfg 2010/07/13 v1.3 Configuration of (r)epstopdf for TeX Live
)) (c:/Users/scheffel/AppData/Roaming/TinyTeX/texmf-dist/tex/latex/apa6/config/APAamerican.txt
File: APAamerican.txt 2012/02/23 v1.25 apa6 configuration for American English
)
Package caption Info: Begin \AtBeginDocument code.
Package caption Info: float package is loaded.
Package caption Info: hyperref package is loaded.
Package caption Info: longtable package is loaded.
(c:/Users/scheffel/AppData/Roaming/TinyTeX/texmf-dist/tex/latex/caption/ltcaption.sty
Package: ltcaption 2021/01/08 v1.4c longtable captions (AR)
)
Package caption Info: wrapfig package is loaded.
Package caption Info: End \AtBeginDocument code.
Package hyperref Info: Link coloring OFF on input line 225.
(./Manuscript_ERED_Stage2.out) (./Manuscript_ERED_Stage2.out)
\@outlinefile=\write5
\openout5 = `Manuscript_ERED_Stage2.out'.

LaTeX Font Info:    Trying to load font information for T1+lmss on input line 227.
(c:/Users/scheffel/AppData/Roaming/TinyTeX/texmf-dist/tex/latex/lm/t1lmss.fd
File: t1lmss.fd 2015/05/01 v1.6.1 Font defs for Latin Modern
)
LaTeX Font Info:    Trying to load font information for OT1+lmr on input line 227.
(c:/Users/scheffel/AppData/Roaming/TinyTeX/texmf-dist/tex/latex/lm/ot1lmr.fd
File: ot1lmr.fd 2015/05/01 v1.6.1 Font defs for Latin Modern
)
LaTeX Font Info:    Trying to load font information for OML+lmm on input line 227.
(c:/Users/scheffel/AppData/Roaming/TinyTeX/texmf-dist/tex/latex/lm/omllmm.fd
File: omllmm.fd 2015/05/01 v1.6.1 Font defs for Latin Modern
)
LaTeX Font Info:    Trying to load font information for OMS+lmsy on input line 227.
(c:/Users/scheffel/AppData/Roaming/TinyTeX/texmf-dist/tex/latex/lm/omslmsy.fd
File: omslmsy.fd 2015/05/01 v1.6.1 Font defs for Latin Modern
)
LaTeX Font Info:    Trying to load font information for OMX+lmex on input line 227.
(c:/Users/scheffel/AppData/Roaming/TinyTeX/texmf-dist/tex/latex/lm/omxlmex.fd
File: omxlmex.fd 2015/05/01 v1.6.1 Font defs for Latin Modern
)
LaTeX Font Info:    External font `lmex10' loaded for size
(Font)              <12> on input line 227.
LaTeX Font Info:    External font `lmex10' loaded for size
(Font)              <8> on input line 227.
LaTeX Font Info:    External font `lmex10' loaded for size
(Font)              <6> on input line 227.
LaTeX Font Info:    Trying to load font information for U+msa on input line 227.
(c:/Users/scheffel/AppData/Roaming/TinyTeX/texmf-dist/tex/latex/amsfonts/umsa.fd
File: umsa.fd 2013/01/14 v3.01 AMS symbols A
)
LaTeX Font Info:    Trying to load font information for U+msb on input line 227.
(c:/Users/scheffel/AppData/Roaming/TinyTeX/texmf-dist/tex/latex/amsfonts/umsb.fd
File: umsb.fd 2013/01/14 v3.01 AMS symbols B
)
LaTeX Font Info:    External font `lmex10' loaded for size
(Font)              <5> on input line 227.
[1{c:/Users/scheffel/AppData/Roaming/TinyTeX/texmf-var/fonts/map/pdftex/updmap/pdftex.map}

] [2] [3] [4]
Underfull \vbox (badness 7649) has occurred while \output is active []

[5]
LaTeX Font Info:    Trying to load font information for TS1+lmr on input line 322.
(c:/Users/scheffel/AppData/Roaming/TinyTeX/texmf-dist/tex/latex/lm/ts1lmr.fd
File: ts1lmr.fd 2015/05/01 v1.6.1 Font defs for Latin Modern
)
Underfull \vbox (badness 7649) has occurred while \output is active []

[6]
Underfull \vbox (badness 10000) has occurred while \output is active []

[7]
<figures/Paradigm_Scheme_T2.png, id=172, 590.6868pt x 372.9132pt>
File: figures/Paradigm_Scheme_T2.png Graphic file (type png)
<use figures/Paradigm_Scheme_T2.png>
Package pdftex.def Info: figures/Paradigm_Scheme_T2.png  used on input line 335.
(pdftex.def)             Requested size: 469.77403pt x 296.57837pt.

Underfull \vbox (badness 7649) has occurred while \output is active []

[8] [9 <./figures/Paradigm_Scheme_T2.png>] [10] [11] [12]
Underfull \vbox (badness 7649) has occurred while \output is active []

[13]
<figures/Design_ER-ED.png, id=225, 324.7332pt x 565.6332pt>
File: figures/Design_ER-ED.png Graphic file (type png)
<use figures/Design_ER-ED.png>
Package pdftex.def Info: figures/Design_ER-ED.png  used on input line 455.
(pdftex.def)             Requested size: 324.7324pt x 565.6318pt.

LaTeX Warning: Float too large for page by 26.70178pt on input line 456.

[14] [15 <./figures/Design_ER-ED.png>] [16] [17] [18] [19] [20]
Underfull \vbox (badness 7649) has occurred while \output is active []

[21]
Overfull \hbox (36.135pt too wide) in paragraph at lines 612--615
 [][][] 
 []


Overfull \hbox (36.135pt too wide) in paragraph at lines 616--619
 [][][] 
 []


Overfull \hbox (36.135pt too wide) in paragraph at lines 620--623
 [][][] 
 []


Overfull \hbox (36.135pt too wide) in paragraph at lines 624--627
 [][][] 
 []


Overfull \hbox (36.135pt too wide) in paragraph at lines 628--631
 [][][] 
 []


Overfull \hbox (36.135pt too wide) in paragraph at lines 632--635
 [][][] 
 []


Overfull \hbox (36.135pt too wide) in paragraph at lines 636--639
 [][][] 
 []

[22]
Overfull \hbox (36.135pt too wide) in paragraph at lines 640--643
 [][][] 
 []


Overfull \hbox (36.135pt too wide) in paragraph at lines 644--647
 [][][] 
 []


Overfull \hbox (36.135pt too wide) in paragraph at lines 648--651
 [][][] 
 []


Overfull \hbox (36.135pt too wide) in paragraph at lines 652--655
 [][][] 
 []


Overfull \hbox (36.135pt too wide) in paragraph at lines 656--659
 [][][] 
 []


Overfull \hbox (36.135pt too wide) in paragraph at lines 660--663
 [][][] 
 []


Overfull \hbox (36.135pt too wide) in paragraph at lines 664--667
 [][][] 
 []


Overfull \hbox (36.135pt too wide) in paragraph at lines 668--671
 [][][] 
 []


Overfull \hbox (36.135pt too wide) in paragraph at lines 672--675
 [][][] 
 []


Underfull \vbox (badness 10000) has occurred while \output is active []

[23]
Overfull \hbox (36.135pt too wide) in paragraph at lines 676--679
 [][][] 
 []


Overfull \hbox (36.135pt too wide) in paragraph at lines 680--683
 [][][] 
 []


Overfull \hbox (36.135pt too wide) in paragraph at lines 684--687
 [][][] 
 []


Overfull \hbox (36.135pt too wide) in paragraph at lines 688--691
 [][][] 
 []


Overfull \hbox (36.135pt too wide) in paragraph at lines 692--695
 [][][] 
 []


Overfull \hbox (36.135pt too wide) in paragraph at lines 696--699
 [][][] 
 []


Overfull \hbox (36.135pt too wide) in paragraph at lines 700--703
 [][][] 
 []


Overfull \hbox (36.135pt too wide) in paragraph at lines 704--707
 [][][] 
 []


Overfull \hbox (36.135pt too wide) in paragraph at lines 708--711
 [][][] 
 []


Overfull \hbox (36.135pt too wide) in paragraph at lines 712--715
 [][][] 
 []


Overfull \hbox (36.135pt too wide) in paragraph at lines 716--719
 [][][] 
 []


Underfull \vbox (badness 10000) has occurred while \output is active []

[24]
Overfull \hbox (36.135pt too wide) in paragraph at lines 720--723
 [][][] 
 []


Overfull \hbox (36.135pt too wide) in paragraph at lines 724--727
 [][][] 
 []


Overfull \hbox (36.135pt too wide) in paragraph at lines 728--731
 [][][] 
 []


Overfull \hbox (36.135pt too wide) in paragraph at lines 732--735
 [][][] 
 []


Overfull \hbox (36.135pt too wide) in paragraph at lines 736--739
 [][][] 
 []


Overfull \hbox (36.135pt too wide) in paragraph at lines 740--743
 [][][] 
 []


Overfull \hbox (36.135pt too wide) in paragraph at lines 744--747
 [][][] 
 []


Overfull \hbox (36.135pt too wide) in paragraph at lines 748--751
 [][][] 
 []


Overfull \hbox (36.135pt too wide) in paragraph at lines 752--755
 [][][] 
 []


Overfull \hbox (36.135pt too wide) in paragraph at lines 756--759
 [][][] 
 []


Overfull \hbox (36.135pt too wide) in paragraph at lines 760--763
 [][][] 
 []


Underfull \vbox (badness 10000) has occurred while \output is active []

[25]
Overfull \hbox (36.135pt too wide) in paragraph at lines 764--767
 [][][] 
 []


Overfull \hbox (36.135pt too wide) in paragraph at lines 768--771
 [][][] 
 []


Overfull \hbox (36.135pt too wide) in paragraph at lines 772--775
 [][][] 
 []


Overfull \hbox (36.135pt too wide) in paragraph at lines 776--779
 [][][] 
 []


Overfull \hbox (36.135pt too wide) in paragraph at lines 780--783
 [][][] 
 []


Overfull \hbox (36.135pt too wide) in paragraph at lines 784--787
 [][][] 
 []


Overfull \hbox (36.135pt too wide) in paragraph at lines 788--791
 [][][] 
 []


Overfull \hbox (36.135pt too wide) in paragraph at lines 792--795
 [][][] 
 []


Overfull \hbox (36.135pt too wide) in paragraph at lines 796--799
 [][][] 
 []


Overfull \hbox (36.135pt too wide) in paragraph at lines 800--803
 [][][] 
 []


Underfull \vbox (badness 10000) has occurred while \output is active []

[26]
Overfull \hbox (36.135pt too wide) in paragraph at lines 804--807
 [][][] 
 []


Overfull \hbox (36.135pt too wide) in paragraph at lines 808--811
 [][][] 
 []


Overfull \hbox (36.135pt too wide) in paragraph at lines 812--815
 [][][] 
 []


Overfull \hbox (36.135pt too wide) in paragraph at lines 816--819
 [][][] 
 []


Overfull \hbox (36.135pt too wide) in paragraph at lines 820--823
 [][][] 
 []


Overfull \hbox (36.135pt too wide) in paragraph at lines 824--827
 [][][] 
 []


Overfull \hbox (36.135pt too wide) in paragraph at lines 828--831
 [][][] 
 []


Overfull \hbox (36.135pt too wide) in paragraph at lines 832--835
 [][][] 
 []


Overfull \hbox (36.135pt too wide) in paragraph at lines 836--839
 [][][] 
 []


Overfull \hbox (36.135pt too wide) in paragraph at lines 840--843
 [][][] 
 []


Underfull \vbox (badness 10000) has occurred while \output is active []

[27]
Overfull \hbox (36.135pt too wide) in paragraph at lines 844--847
 [][][] 
 []


Overfull \hbox (36.135pt too wide) in paragraph at lines 848--851
 [][][] 
 []


Overfull \hbox (36.135pt too wide) in paragraph at lines 852--855
 [][][] 
 []


Overfull \hbox (36.135pt too wide) in paragraph at lines 856--859
 [][][] 
 []


Overfull \hbox (36.135pt too wide) in paragraph at lines 860--863
 [][][] 
 []


Overfull \hbox (36.135pt too wide) in paragraph at lines 864--867
 [][][] 
 []


Overfull \hbox (36.135pt too wide) in paragraph at lines 868--871
 [][][] 
 []


Overfull \hbox (36.135pt too wide) in paragraph at lines 872--875
 [][][] 
 []


Overfull \hbox (36.135pt too wide) in paragraph at lines 876--879
 [][][] 
 []


Underfull \vbox (badness 10000) has occurred while \output is active []

[28]
Overfull \hbox (36.135pt too wide) in paragraph at lines 880--883
 [][][] 
 []


Overfull \hbox (36.135pt too wide) in paragraph at lines 884--887
 [][][] 
 []


Overfull \hbox (36.135pt too wide) in paragraph at lines 888--891
 [][][] 
 []


Overfull \hbox (36.135pt too wide) in paragraph at lines 892--895
 [][][] 
 []

[29] [30] [31]
File: figures/Paradigm_Scheme_T2.png Graphic file (type png)
<use figures/Paradigm_Scheme_T2.png>
Package pdftex.def Info: figures/Paradigm_Scheme_T2.png  used on input line 925.
(pdftex.def)             Requested size: 469.77403pt x 296.57837pt.
File: figures/Design_ER-ED.png Graphic file (type png)
<use figures/Design_ER-ED.png>
Package pdftex.def Info: figures/Design_ER-ED.png  used on input line 934.
(pdftex.def)             Requested size: 324.7324pt x 565.6318pt.

Underfull \vbox (badness 10000) has occurred while \output is active []

[32]
Underfull \vbox (badness 10000) has occurred while \output is active []

[33]
<Supplement/Design_Table_T2.pdf, id=530, 845.07718pt x 597.55246pt>
File: Supplement/Design_Table_T2.pdf Graphic file (type pdf)
<use Supplement/Design_Table_T2.pdf>
Package pdftex.def Info: Supplement/Design_Table_T2.pdf  used on input line 948.
(pdftex.def)             Requested size: 469.75839pt x 332.16525pt.
File: Supplement/Design_Table_T2.pdf Graphic file (type pdf)
<use Supplement/Design_Table_T2.pdf>
Package pdftex.def Info: Supplement/Design_Table_T2.pdf  used on input line 948.
(pdftex.def)             Requested size: 469.75839pt x 332.16525pt.
<Supplement/Design_Table_T2.pdf, id=533, page=1, 845.07718pt x 597.55246pt>
File: Supplement/Design_Table_T2.pdf Graphic file (type pdf)
<use Supplement/Design_Table_T2.pdf, page 1>
Package pdftex.def Info: Supplement/Design_Table_T2.pdf , page1 used on input line 948.
(pdftex.def)             Requested size: 845.07512pt x 597.551pt.
File: Supplement/Design_Table_T2.pdf Graphic file (type pdf)
<use Supplement/Design_Table_T2.pdf, page 1>
Package pdftex.def Info: Supplement/Design_Table_T2.pdf , page1 used on input line 948.
(pdftex.def)             Requested size: 795.0303pt x 562.1644pt.
[34]
File: Supplement/Design_Table_T2.pdf Graphic file (type pdf)
<use Supplement/Design_Table_T2.pdf, page 1>
Package pdftex.def Info: Supplement/Design_Table_T2.pdf , page1 used on input line 948.
(pdftex.def)             Requested size: 795.0303pt x 562.1644pt.
File: Supplement/Design_Table_T2.pdf Graphic file (type pdf)
<use Supplement/Design_Table_T2.pdf, page 1>
Package pdftex.def Info: Supplement/Design_Table_T2.pdf , page1 used on input line 948.
(pdftex.def)             Requested size: 795.0303pt x 562.1644pt.
File: Supplement/Design_Table_T2.pdf Graphic file (type pdf)
<use Supplement/Design_Table_T2.pdf, page 1>
Package pdftex.def Info: Supplement/Design_Table_T2.pdf , page1 used on input line 948.
(pdftex.def)             Requested size: 795.0303pt x 562.1644pt.
[35 <./Supplement/Design_Table_T2.pdf>]
<Supplement/Design_Table_T2.pdf, id=563, page=2, 845.07718pt x 597.55246pt>
File: Supplement/Design_Table_T2.pdf Graphic file (type pdf)
<use Supplement/Design_Table_T2.pdf, page 2>
Package pdftex.def Info: Supplement/Design_Table_T2.pdf , page2 used on input line 948.
(pdftex.def)             Requested size: 795.0303pt x 562.1644pt.
File: Supplement/Design_Table_T2.pdf Graphic file (type pdf)
<use Supplement/Design_Table_T2.pdf, page 2>
Package pdftex.def Info: Supplement/Design_Table_T2.pdf , page2 used on input line 948.
(pdftex.def)             Requested size: 795.0303pt x 562.1644pt.
File: Supplement/Design_Table_T2.pdf Graphic file (type pdf)
<use Supplement/Design_Table_T2.pdf, page 2>
Package pdftex.def Info: Supplement/Design_Table_T2.pdf , page2 used on input line 948.
(pdftex.def)             Requested size: 795.0303pt x 562.1644pt.
[36 <./Supplement/Design_Table_T2.pdf>]
<Supplement/Design_Table_T2.pdf, id=569, page=3, 845.07718pt x 597.55246pt>
File: Supplement/Design_Table_T2.pdf Graphic file (type pdf)
<use Supplement/Design_Table_T2.pdf, page 3>
Package pdftex.def Info: Supplement/Design_Table_T2.pdf , page3 used on input line 948.
(pdftex.def)             Requested size: 795.0303pt x 562.1644pt.
File: Supplement/Design_Table_T2.pdf Graphic file (type pdf)
<use Supplement/Design_Table_T2.pdf, page 3>
Package pdftex.def Info: Supplement/Design_Table_T2.pdf , page3 used on input line 948.
(pdftex.def)             Requested size: 795.0303pt x 562.1644pt.
File: Supplement/Design_Table_T2.pdf Graphic file (type pdf)
<use Supplement/Design_Table_T2.pdf, page 3>
Package pdftex.def Info: Supplement/Design_Table_T2.pdf , page3 used on input line 948.
(pdftex.def)             Requested size: 795.0303pt x 562.1644pt.
[37 <./Supplement/Design_Table_T2.pdf>]
<Supplement/Design_Table_T2.pdf, id=576, page=4, 845.07718pt x 597.55246pt>
File: Supplement/Design_Table_T2.pdf Graphic file (type pdf)
<use Supplement/Design_Table_T2.pdf, page 4>
Package pdftex.def Info: Supplement/Design_Table_T2.pdf , page4 used on input line 948.
(pdftex.def)             Requested size: 795.0303pt x 562.1644pt.
File: Supplement/Design_Table_T2.pdf Graphic file (type pdf)
<use Supplement/Design_Table_T2.pdf, page 4>
Package pdftex.def Info: Supplement/Design_Table_T2.pdf , page4 used on input line 948.
(pdftex.def)             Requested size: 795.0303pt x 562.1644pt.
File: Supplement/Design_Table_T2.pdf Graphic file (type pdf)
<use Supplement/Design_Table_T2.pdf, page 4>
Package pdftex.def Info: Supplement/Design_Table_T2.pdf , page4 used on input line 948.
(pdftex.def)             Requested size: 795.0303pt x 562.1644pt.
[38 <./Supplement/Design_Table_T2.pdf>]
<Supplement/Design_Table_T2.pdf, id=582, page=5, 845.07718pt x 597.55246pt>
File: Supplement/Design_Table_T2.pdf Graphic file (type pdf)
<use Supplement/Design_Table_T2.pdf, page 5>
Package pdftex.def Info: Supplement/Design_Table_T2.pdf , page5 used on input line 948.
(pdftex.def)             Requested size: 795.0303pt x 562.1644pt.
File: Supplement/Design_Table_T2.pdf Graphic file (type pdf)
<use Supplement/Design_Table_T2.pdf, page 5>
Package pdftex.def Info: Supplement/Design_Table_T2.pdf , page5 used on input line 948.
(pdftex.def)             Requested size: 795.0303pt x 562.1644pt.
File: Supplement/Design_Table_T2.pdf Graphic file (type pdf)
<use Supplement/Design_Table_T2.pdf, page 5>
Package pdftex.def Info: Supplement/Design_Table_T2.pdf , page5 used on input line 948.
(pdftex.def)             Requested size: 795.0303pt x 562.1644pt.
[39 <./Supplement/Design_Table_T2.pdf>]
<Supplement/Design_Table_T2.pdf, id=588, page=6, 845.07718pt x 597.55246pt>
File: Supplement/Design_Table_T2.pdf Graphic file (type pdf)
<use Supplement/Design_Table_T2.pdf, page 6>
Package pdftex.def Info: Supplement/Design_Table_T2.pdf , page6 used on input line 948.
(pdftex.def)             Requested size: 795.0303pt x 562.1644pt.
File: Supplement/Design_Table_T2.pdf Graphic file (type pdf)
<use Supplement/Design_Table_T2.pdf, page 6>
Package pdftex.def Info: Supplement/Design_Table_T2.pdf , page6 used on input line 948.
(pdftex.def)             Requested size: 795.0303pt x 562.1644pt.
File: Supplement/Design_Table_T2.pdf Graphic file (type pdf)
<use Supplement/Design_Table_T2.pdf, page 6>
Package pdftex.def Info: Supplement/Design_Table_T2.pdf , page6 used on input line 948.
(pdftex.def)             Requested size: 795.0303pt x 562.1644pt.
[40 <./Supplement/Design_Table_T2.pdf>]
<Supplement/Design_Table_T2.pdf, id=594, page=7, 845.07718pt x 597.55246pt>
File: Supplement/Design_Table_T2.pdf Graphic file (type pdf)
<use Supplement/Design_Table_T2.pdf, page 7>
Package pdftex.def Info: Supplement/Design_Table_T2.pdf , page7 used on input line 948.
(pdftex.def)             Requested size: 795.0303pt x 562.1644pt.
File: Supplement/Design_Table_T2.pdf Graphic file (type pdf)
<use Supplement/Design_Table_T2.pdf, page 7>
Package pdftex.def Info: Supplement/Design_Table_T2.pdf , page7 used on input line 948.
(pdftex.def)             Requested size: 795.0303pt x 562.1644pt.
File: Supplement/Design_Table_T2.pdf Graphic file (type pdf)
<use Supplement/Design_Table_T2.pdf, page 7>
Package pdftex.def Info: Supplement/Design_Table_T2.pdf , page7 used on input line 948.
(pdftex.def)             Requested size: 795.0303pt x 562.1644pt.
[41 <./Supplement/Design_Table_T2.pdf>]
<Supplement/Design_Table_T2.pdf, id=600, page=8, 845.07718pt x 597.55246pt>
File: Supplement/Design_Table_T2.pdf Graphic file (type pdf)
<use Supplement/Design_Table_T2.pdf, page 8>
Package pdftex.def Info: Supplement/Design_Table_T2.pdf , page8 used on input line 948.
(pdftex.def)             Requested size: 795.0303pt x 562.1644pt.
File: Supplement/Design_Table_T2.pdf Graphic file (type pdf)
<use Supplement/Design_Table_T2.pdf, page 8>
Package pdftex.def Info: Supplement/Design_Table_T2.pdf , page8 used on input line 948.
(pdftex.def)             Requested size: 795.0303pt x 562.1644pt.
File: Supplement/Design_Table_T2.pdf Graphic file (type pdf)
<use Supplement/Design_Table_T2.pdf, page 8>
Package pdftex.def Info: Supplement/Design_Table_T2.pdf , page8 used on input line 948.
(pdftex.def)             Requested size: 795.0303pt x 562.1644pt.
[42 <./Supplement/Design_Table_T2.pdf>]
<Supplement/Design_Table_T2.pdf, id=606, page=9, 845.07718pt x 597.55246pt>
File: Supplement/Design_Table_T2.pdf Graphic file (type pdf)
<use Supplement/Design_Table_T2.pdf, page 9>
Package pdftex.def Info: Supplement/Design_Table_T2.pdf , page9 used on input line 948.
(pdftex.def)             Requested size: 795.0303pt x 562.1644pt.
File: Supplement/Design_Table_T2.pdf Graphic file (type pdf)
<use Supplement/Design_Table_T2.pdf, page 9>
Package pdftex.def Info: Supplement/Design_Table_T2.pdf , page9 used on input line 948.
(pdftex.def)             Requested size: 795.0303pt x 562.1644pt.
File: Supplement/Design_Table_T2.pdf Graphic file (type pdf)
<use Supplement/Design_Table_T2.pdf, page 9>
Package pdftex.def Info: Supplement/Design_Table_T2.pdf , page9 used on input line 948.
(pdftex.def)             Requested size: 795.0303pt x 562.1644pt.
[43 <./Supplement/Design_Table_T2.pdf>]
<Supplement/Design_Table_T2.pdf, id=613, page=10, 845.07718pt x 597.55246pt>
File: Supplement/Design_Table_T2.pdf Graphic file (type pdf)
<use Supplement/Design_Table_T2.pdf, page 10>
Package pdftex.def Info: Supplement/Design_Table_T2.pdf , page10 used on input line 948.
(pdftex.def)             Requested size: 795.0303pt x 562.1644pt.
File: Supplement/Design_Table_T2.pdf Graphic file (type pdf)
<use Supplement/Design_Table_T2.pdf, page 10>
Package pdftex.def Info: Supplement/Design_Table_T2.pdf , page10 used on input line 948.
(pdftex.def)             Requested size: 795.0303pt x 562.1644pt.
File: Supplement/Design_Table_T2.pdf Graphic file (type pdf)
<use Supplement/Design_Table_T2.pdf, page 10>
Package pdftex.def Info: Supplement/Design_Table_T2.pdf , page10 used on input line 948.
(pdftex.def)             Requested size: 795.0303pt x 562.1644pt.
[44 <./Supplement/Design_Table_T2.pdf>]
<Supplement/StimList_Suppl.pdf, id=619, 845.07718pt x 597.55246pt>
File: Supplement/StimList_Suppl.pdf Graphic file (type pdf)
<use Supplement/StimList_Suppl.pdf>
Package pdftex.def Info: Supplement/StimList_Suppl.pdf  used on input line 955.
(pdftex.def)             Requested size: 469.75839pt x 332.16525pt.
File: Supplement/StimList_Suppl.pdf Graphic file (type pdf)
<use Supplement/StimList_Suppl.pdf>
Package pdftex.def Info: Supplement/StimList_Suppl.pdf  used on input line 955.
(pdftex.def)             Requested size: 469.75839pt x 332.16525pt.
<Supplement/StimList_Suppl.pdf, id=622, page=1, 845.07718pt x 597.55246pt>
File: Supplement/StimList_Suppl.pdf Graphic file (type pdf)
<use Supplement/StimList_Suppl.pdf, page 1>
Package pdftex.def Info: Supplement/StimList_Suppl.pdf , page1 used on input line 955.
(pdftex.def)             Requested size: 845.07512pt x 597.551pt.
File: Supplement/StimList_Suppl.pdf Graphic file (type pdf)
<use Supplement/StimList_Suppl.pdf, page 1>
Package pdftex.def Info: Supplement/StimList_Suppl.pdf , page1 used on input line 955.
(pdftex.def)             Requested size: 795.0303pt x 562.1644pt.
[45]
File: Supplement/StimList_Suppl.pdf Graphic file (type pdf)
<use Supplement/StimList_Suppl.pdf, page 1>
Package pdftex.def Info: Supplement/StimList_Suppl.pdf , page1 used on input line 955.
(pdftex.def)             Requested size: 795.0303pt x 562.1644pt.
File: Supplement/StimList_Suppl.pdf Graphic file (type pdf)
<use Supplement/StimList_Suppl.pdf, page 1>
Package pdftex.def Info: Supplement/StimList_Suppl.pdf , page1 used on input line 955.
(pdftex.def)             Requested size: 795.0303pt x 562.1644pt.
File: Supplement/StimList_Suppl.pdf Graphic file (type pdf)
<use Supplement/StimList_Suppl.pdf, page 1>
Package pdftex.def Info: Supplement/StimList_Suppl.pdf , page1 used on input line 955.
(pdftex.def)             Requested size: 795.0303pt x 562.1644pt.
[46 <./Supplement/StimList_Suppl.pdf>] [47] [48]
Overfull \hbox (23.2881pt too wide) in paragraph at lines 1024--1041
 [] 
 []

<Manuscript_ERED_Stage2_files/figure-latex/FigSubjArousalViewPilot-1.pdf, id=658, 469.755pt x 325.215pt>
File: Manuscript_ERED_Stage2_files/figure-latex/FigSubjArousalViewPilot-1.pdf Graphic file (type pdf)
<use Manuscript_ERED_Stage2_files/figure-latex/FigSubjArousalViewPilot-1.pdf>
Package pdftex.def Info: Manuscript_ERED_Stage2_files/figure-latex/FigSubjArousalViewPilot-1.pdf  used on input line 1048.
(pdftex.def)             Requested size: 352.31538pt x 243.91064pt.

Underfull \vbox (badness 10000) has occurred while \output is active []

[49]
Overfull \hbox (52.68124pt too wide) in paragraph at lines 1072--1094
 [] 
 []


Underfull \vbox (badness 10000) has occurred while \output is active []

[50 <./Manuscript_ERED_Stage2_files/figure-latex/FigSubjArousalViewPilot-1.pdf>]
<Manuscript_ERED_Stage2_files/figure-latex/FigSubjArousalRegPilot-1.pdf, id=684, 469.755pt x 325.215pt>
File: Manuscript_ERED_Stage2_files/figure-latex/FigSubjArousalRegPilot-1.pdf Graphic file (type pdf)
<use Manuscript_ERED_Stage2_files/figure-latex/FigSubjArousalRegPilot-1.pdf>
Package pdftex.def Info: Manuscript_ERED_Stage2_files/figure-latex/FigSubjArousalRegPilot-1.pdf  used on input line 1101.
(pdftex.def)             Requested size: 352.31538pt x 243.91064pt.

Underfull \vbox (badness 10000) has occurred while \output is active []

[51 <./Manuscript_ERED_Stage2_files/figure-latex/FigSubjArousalRegPilot-1.pdf>]
Overfull \hbox (47.44104pt too wide) in paragraph at lines 1125--1142
 [] 
 []


Overfull \hbox (15.29416pt too wide) in paragraph at lines 1164--1181
 [] 
 []

[52]
<Manuscript_ERED_Stage2_files/figure-latex/FigEMGCorrViewPilot-1.pdf, id=711, 469.755pt x 325.215pt>
File: Manuscript_ERED_Stage2_files/figure-latex/FigEMGCorrViewPilot-1.pdf Graphic file (type pdf)
<use Manuscript_ERED_Stage2_files/figure-latex/FigEMGCorrViewPilot-1.pdf>
Package pdftex.def Info: Manuscript_ERED_Stage2_files/figure-latex/FigEMGCorrViewPilot-1.pdf  used on input line 1188.
(pdftex.def)             Requested size: 352.31538pt x 243.91064pt.
<Manuscript_ERED_Stage2_files/figure-latex/FigEMGLevViewPilot-1.pdf, id=712, 469.755pt x 325.215pt>
File: Manuscript_ERED_Stage2_files/figure-latex/FigEMGLevViewPilot-1.pdf Graphic file (type pdf)
<use Manuscript_ERED_Stage2_files/figure-latex/FigEMGLevViewPilot-1.pdf>
Package pdftex.def Info: Manuscript_ERED_Stage2_files/figure-latex/FigEMGLevViewPilot-1.pdf  used on input line 1192.
(pdftex.def)             Requested size: 352.31538pt x 243.91064pt.
[53 <./Manuscript_ERED_Stage2_files/figure-latex/FigEMGCorrViewPilot-1.pdf> <./Manuscript_ERED_Stage2_files/figure-latex/FigEMGLevViewPilot-1.pdf>]
Overfull \hbox (63.93918pt too wide) in paragraph at lines 1216--1238
 [] 
 []


Overfull \hbox (54.14752pt too wide) in paragraph at lines 1260--1282
 [] 
 []


Underfull \vbox (badness 1400) has occurred while \output is active []

[54]
<Manuscript_ERED_Stage2_files/figure-latex/FigEMGCorrRegPilot-1.pdf, id=748, 469.755pt x 325.215pt>
File: Manuscript_ERED_Stage2_files/figure-latex/FigEMGCorrRegPilot-1.pdf Graphic file (type pdf)
<use Manuscript_ERED_Stage2_files/figure-latex/FigEMGCorrRegPilot-1.pdf>
Package pdftex.def Info: Manuscript_ERED_Stage2_files/figure-latex/FigEMGCorrRegPilot-1.pdf  used on input line 1289.
(pdftex.def)             Requested size: 352.31538pt x 243.91064pt.
<Manuscript_ERED_Stage2_files/figure-latex/FigEMGLevRegPilot-1.pdf, id=749, 469.755pt x 325.215pt>
File: Manuscript_ERED_Stage2_files/figure-latex/FigEMGLevRegPilot-1.pdf Graphic file (type pdf)
<use Manuscript_ERED_Stage2_files/figure-latex/FigEMGLevRegPilot-1.pdf>
Package pdftex.def Info: Manuscript_ERED_Stage2_files/figure-latex/FigEMGLevRegPilot-1.pdf  used on input line 1293.
(pdftex.def)             Requested size: 352.31538pt x 243.91064pt.

Underfull \vbox (badness 10000) has occurred while \output is active []

[55 <./Manuscript_ERED_Stage2_files/figure-latex/FigEMGCorrRegPilot-1.pdf>]
Overfull \hbox (52.68124pt too wide) in paragraph at lines 1317--1339
 [] 
 []


Underfull \vbox (badness 10000) has occurred while \output is active []

[56 <./Manuscript_ERED_Stage2_files/figure-latex/FigEMGLevRegPilot-1.pdf>]
<Manuscript_ERED_Stage2_files/figure-latex/FigSubjEffortPilot-1.pdf, id=787, 469.755pt x 325.215pt>
File: Manuscript_ERED_Stage2_files/figure-latex/FigSubjEffortPilot-1.pdf Graphic file (type pdf)
<use Manuscript_ERED_Stage2_files/figure-latex/FigSubjEffortPilot-1.pdf>
Package pdftex.def Info: Manuscript_ERED_Stage2_files/figure-latex/FigSubjEffortPilot-1.pdf  used on input line 1346.
(pdftex.def)             Requested size: 352.31538pt x 243.91064pt.
AED endfloat: Processing end Figures and Tables [57 <./Manuscript_ERED_Stage2_files/figure-latex/FigSubjEffortPilot-1.pdf>] (./Manuscript_ERED_Stage2.aux)
Package rerunfilecheck Info: File `Manuscript_ERED_Stage2.out' has not changed.
(rerunfilecheck)             Checksum: E84C8FD7EE3B2F1E5313FBFCD9A10ECD;8543.
 ) 
Here is how much of TeX's memory you used:
 18320 strings out of 477989
 308363 string characters out of 5837643
 1872340 words of memory out of 5000000
 37922 multiletter control sequences out of 15000+600000
 572390 words of font info for 80 fonts, out of 8000000 for 9000
 14 hyphenation exceptions out of 8191
 75i,17n,77p,1033b,654s stack positions out of 10000i,1000n,20000p,200000b,200000s

pdfTeX warning (dest): name{ux5cux23stimuli} has been referenced but does not exist, replaced by a fixed one

{c:/Users/scheffel/AppData/Roaming/TinyTeX/texmf-dist/fonts/enc/dvips/lm/lm-ec.enc}{c:/Users/scheffel/AppData/Roaming/TinyTeX/texmf-dist/fonts/enc/dvips/lm/lm-mathit.enc}{c:/Users/scheffel/AppData/Roaming/TinyTeX/texmf-dist/fonts/enc/dvips/lm/lm-rm.enc}{c:/Users/scheffel/AppData/Roaming/TinyTeX/texmf-dist/fonts/enc/dvips/lm/lm-mathsy.enc}{c:/Users/scheffel/AppData/Roaming/TinyTeX/texmf-dist/fonts/enc/dvips/lm/lm-ts1.enc}<c:/Users/scheffel/AppData/Roaming/TinyTeX/texmf-dist/fonts/type1/public/lm/lmbx12.pfb><c:/Users/scheffel/AppData/Roaming/TinyTeX/texmf-dist/fonts/type1/public/lm/lmbxi10.pfb><c:/Users/scheffel/AppData/Roaming/TinyTeX/texmf-dist/fonts/type1/public/lm/lmmi12.pfb><c:/Users/scheffel/AppData/Roaming/TinyTeX/texmf-dist/fonts/type1/public/lm/lmmi8.pfb><c:/Users/scheffel/AppData/Roaming/TinyTeX/texmf-dist/fonts/type1/public/lm/lmr12.pfb><c:/Users/scheffel/AppData/Roaming/TinyTeX/texmf-dist/fonts/type1/public/lm/lmr8.pfb><c:/Users/scheffel/AppData/Roaming/TinyTeX/texmf-dist/fonts/type1/public/lm/lmri12.pfb><c:/Users/scheffel/AppData/Roaming/TinyTeX/texmf-dist/fonts/type1/public/lm/lmri8.pfb><c:/Users/scheffel/AppData/Roaming/TinyTeX/texmf-dist/fonts/type1/public/lm/lmss8.pfb><c:/Users/scheffel/AppData/Roaming/TinyTeX/texmf-dist/fonts/type1/public/lm/lmsy10.pfb><c:/Users/scheffel/AppData/Roaming/TinyTeX/texmf-dist/fonts/type1/public/lm/lmsy8.pfb>
Output written on Manuscript_ERED_Stage2.pdf (57 pages, 1330105 bytes).
PDF statistics:
 916 PDF objects out of 1000 (max. 8388607)
 785 compressed objects within 8 object streams
 220 named destinations out of 1000 (max. 500000)
 387 words of extra memory for PDF output out of 10000 (max. 10000000)

