\BOOKMARK [1][-]{section*.1}{\376\377\000A\000b\000s\000t\000r\000a\000c\000t}{}% 1
\BOOKMARK [1][-]{section*.2}{\376\377\000E\000s\000t\000i\000m\000a\000t\000i\000n\000g\000\040\000i\000n\000d\000i\000v\000i\000d\000u\000a\000l\000\040\000s\000u\000b\000j\000e\000c\000t\000i\000v\000e\000\040\000v\000a\000l\000u\000e\000s\000\040\000o\000f\000\040\000e\000m\000o\000t\000i\000o\000n\000\040\000r\000e\000g\000u\000l\000a\000t\000i\000o\000n\000\040\000s\000t\000r\000a\000t\000e\000g\000i\000e\000s}{}% 2
\BOOKMARK [1][-]{section*.3}{\376\377\0001\000.\000\040\000I\000n\000t\000r\000o\000d\000u\000c\000t\000i\000o\000n}{}% 3
\BOOKMARK [1][-]{section*.5}{\376\377\0002\000.\000\040\000M\000e\000t\000h\000o\000d}{}% 4
\BOOKMARK [2][-]{section*.6}{\376\377\0002\000.\0001\000\040\000E\000t\000h\000i\000c\000s\000\040\000i\000n\000f\000o\000r\000m\000a\000t\000i\000o\000n}{section*.5}% 5
\BOOKMARK [2][-]{section*.7}{\376\377\0002\000.\0002\000\040\000P\000i\000l\000o\000t\000\040\000d\000a\000t\000a}{section*.5}% 6
\BOOKMARK [2][-]{section*.8}{\376\377\0002\000.\0003\000\040\000D\000e\000s\000i\000g\000n}{section*.5}% 7
\BOOKMARK [3][-]{section*.9}{\376\377\0002\000.\0003\000.\0001\000\040\000P\000s\000y\000c\000h\000o\000m\000e\000t\000r\000i\000c\000\040\000m\000e\000a\000s\000u\000r\000e\000s}{section*.8}% 8
\BOOKMARK [3][-]{section*.10}{\376\377\0002\000.\0003\000.\0002\000\040\000E\000m\000o\000t\000i\000o\000n\000\040\000r\000e\000g\000u\000l\000a\000t\000i\000o\000n\000\040\000p\000a\000r\000a\000d\000i\000g\000m}{section*.8}% 9
\BOOKMARK [3][-]{section*.12}{\376\377\0002\000.\0003\000.\0003\000\040\000S\000t\000i\000m\000u\000l\000i}{section*.8}% 10
\BOOKMARK [3][-]{section*.13}{\376\377\0002\000.\0003\000.\0004\000\040\000F\000a\000c\000i\000a\000l\000\040\000e\000l\000e\000c\000t\000r\000o\000m\000y\000o\000g\000r\000a\000p\000h\000y}{section*.8}% 11
\BOOKMARK [2][-]{section*.14}{\376\377\0002\000.\0004\000\040\000S\000a\000m\000p\000l\000i\000n\000g\000\040\000p\000l\000a\000n}{section*.5}% 12
\BOOKMARK [2][-]{section*.15}{\376\377\0002\000.\0005\000\040\000A\000n\000a\000l\000y\000s\000i\000s\000\040\000p\000l\000a\000n}{section*.5}% 13
\BOOKMARK [2][-]{section*.16}{\376\377\000D\000a\000t\000a\000\040\000a\000v\000a\000i\000l\000a\000b\000i\000l\000i\000t\000y}{section*.5}% 14
\BOOKMARK [2][-]{section*.17}{\376\377\000C\000o\000d\000e\000\040\000a\000v\000a\000i\000l\000a\000b\000i\000l\000i\000t\000y}{section*.5}% 15
\BOOKMARK [1][-]{section*.18}{\376\377\0003\000.\000\040\000R\000e\000s\000u\000l\000t\000s}{}% 16
\BOOKMARK [2][-]{section*.19}{\376\377\0003\000.\0001\000\040\000P\000a\000r\000t\000i\000c\000i\000p\000a\000n\000t\000s\000\040\000a\000n\000d\000\040\000d\000e\000s\000c\000r\000i\000p\000t\000i\000v\000e\000\040\000s\000t\000a\000t\000i\000s\000t\000i\000c\000s}{section*.18}% 17
\BOOKMARK [2][-]{section*.20}{\376\377\0003\000.\0002\000.\000\040\000C\000o\000n\000f\000i\000r\000m\000a\000t\000o\000r\000y\000\040\000a\000n\000a\000l\000y\000s\000e\000s}{section*.18}% 18
\BOOKMARK [2][-]{section*.21}{\376\377\0003\000.\0003\000.\000\040\000E\000x\000p\000l\000o\000r\000a\000t\000o\000r\000y\000\040\000a\000n\000a\000l\000y\000s\000e\000s}{section*.18}% 19
\BOOKMARK [1][-]{section*.22}{\376\377\000R\000e\000f\000e\000r\000e\000n\000c\000e\000s}{}% 20
\BOOKMARK [1][-]{section*.23}{\376\377\000A\000c\000k\000n\000o\000w\000l\000e\000d\000g\000e\000m\000e\000n\000t\000s}{}% 21
\BOOKMARK [1][-]{section*.24}{\376\377\000C\000o\000m\000p\000e\000t\000i\000n\000g\000\040\000I\000n\000t\000e\000r\000e\000s\000t\000s}{}% 22
\BOOKMARK [1][-]{section*.25}{\376\377\000F\000i\000g\000u\000r\000e\000s\000\040\000a\000n\000d\000\040\000f\000i\000g\000u\000r\000e\000\040\000c\000a\000p\000t\000i\000o\000n\000s}{}% 23
\BOOKMARK [1][-]{section*.28}{\376\377\000D\000e\000s\000i\000g\000n\000\040\000T\000a\000b\000l\000e}{}% 24
\BOOKMARK [1][-]{section*.29}{\376\377\000S\000u\000p\000p\000l\000e\000m\000e\000n\000t\000a\000r\000y\000\040\000M\000a\000t\000e\000r\000i\000a\000l}{}% 25
\BOOKMARK [2][-]{section*.30}{\376\377\000D\000e\000t\000a\000i\000l\000e\000d\000\040\000i\000n\000f\000o\000r\000m\000a\000t\000i\000o\000n\000\040\000o\000n\000\040\000p\000s\000y\000c\000h\000o\000m\000e\000t\000r\000i\000c\000\040\000m\000e\000a\000s\000u\000r\000e\000s}{section*.29}% 26
\BOOKMARK [2][-]{section*.31}{\376\377\000P\000i\000l\000o\000t\000\040\000s\000t\000u\000d\000y\000:\000\040\000S\000u\000b\000j\000e\000c\000t\000i\000v\000e\000\040\000a\000r\000o\000u\000s\000a\000l\000\040\000i\000n\000\040\000t\000h\000e\000\040\000c\000o\000n\000d\000i\000t\000i\000o\000n\000s\000\040\000`\000`\000A\000c\000t\000i\000v\000e\000\040\000v\000i\000e\000w\000i\000n\000g\000\040\000-\000\040\000n\000e\000u\000t\000r\000a\000l\000'\000'\000\040\000a\000n\000d\000\040\000`\000`\000A\000c\000t\000i\000v\000e\000\040\000v\000i\000e\000w\000i\000n\000g\000\040\000-\000\040\000n\000e\000g\000a\000t\000i\000v\000e\000'\000'}{section*.29}% 27
\BOOKMARK [2][-]{section*.35}{\376\377\000P\000i\000l\000o\000t\000\040\000s\000t\000u\000d\000y\000:\000\040\000S\000u\000b\000j\000e\000c\000t\000i\000v\000e\000\040\000a\000r\000o\000u\000s\000a\000l\000\040\000i\000n\000\040\000t\000h\000e\000\040\000c\000o\000n\000d\000i\000t\000i\000o\000n\000s\000\040\000`\000`\000A\000c\000t\000i\000v\000e\000\040\000v\000i\000e\000w\000i\000n\000g\000\040\000-\000\040\000n\000e\000g\000a\000t\000i\000v\000e\000'\000'\000,\000\040\000`\000`\000D\000i\000s\000t\000r\000a\000c\000t\000i\000o\000n\000'\000'\000,\000\040\000`\000`\000D\000i\000s\000t\000a\000n\000c\000i\000n\000g\000'\000'\000,\000\040\000a\000n\000d\000\040\000`\000`\000S\000u\000p\000p\000r\000e\000s\000s\000i\000o\000n\000'\000'}{section*.29}% 28
\BOOKMARK [2][-]{section*.39}{\376\377\000P\000i\000l\000o\000t\000\040\000s\000t\000u\000d\000y\000:\000\040\000P\000h\000y\000s\000i\000o\000l\000o\000g\000i\000c\000a\000l\000\040\000r\000e\000s\000p\000o\000n\000d\000i\000n\000g\000\040\000\050\000C\000o\000r\000r\000u\000g\000a\000t\000o\000r\000\040\000a\000n\000d\000\040\000L\000e\000v\000a\000t\000o\000r\000\040\000a\000c\000t\000i\000v\000i\000t\000y\000\051\000\040\000i\000n\000\040\000t\000h\000e\000\040\000c\000o\000n\000d\000i\000t\000i\000o\000n\000s\000\040\000`\000`\000A\000c\000t\000i\000v\000e\000\040\000v\000i\000e\000w\000i\000n\000g\000\040\000-\000\040\000n\000e\000u\000t\000r\000a\000l\000'\000'\000\040\000a\000n\000d\000\040\000`\000`\000A\000c\000t\000i\000v\000e\000\040\000v\000i\000e\000w\000i\000n\000g\000\040\000-\000\040\000n\000e\000g\000a\000t\000i\000v\000e\000'\000'}{section*.29}% 29
\BOOKMARK [2][-]{section*.46}{\376\377\000P\000i\000l\000o\000t\000\040\000s\000t\000u\000d\000y\000:\000\040\000P\000h\000y\000s\000i\000o\000l\000o\000g\000i\000c\000a\000l\000\040\000r\000e\000s\000p\000o\000n\000d\000i\000n\000g\000\040\000\050\000C\000o\000r\000r\000u\000g\000a\000t\000o\000r\000\040\000a\000n\000d\000\040\000L\000e\000v\000a\000t\000o\000r\000\040\000a\000c\000t\000i\000v\000i\000t\000y\000\051\000\040\000i\000n\000\040\000t\000h\000e\000\040\000c\000o\000n\000d\000i\000t\000i\000o\000n\000s\000'\000'\000A\000c\000t\000i\000v\000e\000\040\000v\000i\000e\000w\000i\000n\000g\000\040\000-\000\040\000n\000e\000g\000a\000t\000i\000v\000e\000'\000'\000,\000\040\000`\000`\000D\000i\000s\000t\000r\000a\000c\000t\000i\000o\000n\000'\000'\000,\000\040\000`\000`\000D\000i\000s\000t\000a\000n\000c\000i\000n\000g\000'\000'\000,\000\040\000a\000n\000d\000\040\000`\000`\000S\000u\000p\000p\000r\000e\000s\000s\000i\000o\000n\000'\000'}{section*.29}% 30
\BOOKMARK [2][-]{section*.53}{\376\377\000P\000i\000l\000o\000t\000\040\000s\000t\000u\000d\000y\000:\000\040\000S\000u\000b\000j\000e\000c\000t\000i\000v\000e\000\040\000e\000f\000f\000o\000r\000t\000\040\000i\000n\000\040\000t\000h\000e\000\040\000c\000o\000n\000d\000i\000t\000i\000o\000n\000s\000\040\000`\000`\000A\000c\000t\000i\000v\000e\000\040\000v\000i\000e\000w\000i\000n\000g\000\040\000-\000\040\000n\000e\000g\000a\000t\000i\000v\000e\000'\000'\000,\000\040\000`\000`\000D\000i\000s\000t\000r\000a\000c\000t\000i\000o\000n\000'\000'\000,\000\040\000`\000`\000D\000i\000s\000t\000a\000n\000c\000i\000n\000g\000'\000'\000,\000\040\000a\000n\000d\000\040\000`\000`\000S\000u\000p\000p\000r\000e\000s\000s\000i\000o\000n\000'\000'}{section*.29}% 31
