11.4025 	WARNING 	User requested fullscreen with size [1024  768], but screen is actually [1920, 1080]. Using actual size
16.0838 	EXP 	Created window1 = Window(allowGUI=False, allowStencil=False, autoLog=True, backendConf=UNKNOWN, bitsMode=UNKNOWN, blendMode='avg', bpc=(8, 8, 8), color=array([0, 0, 0]), colorSpace='rgb', depthBits=8, fullscr=<method-wrapper '__getattribute__' of attributeSetter object at 0x000001F73656A208>, gamma=None, gammaErrorPolicy='raise', lms=UNKNOWN, monitor=<psychopy.monitors.calibTools.Monitor object at 0x000001F736605940>, multiSample=False, name='window1', numSamples=2, pos=[0.0, 0.0], screen=0, size=array([1920, 1080]), stencilBits=0, stereo=False, units='height', useFBO=True, useRetina=False, viewOri=0.0, viewPos=None, viewScale=None, waitBlanking=True, winType='pyglet')
16.0844 	EXP 	window1: mouseVisible = True
16.0845 	EXP 	window1: recordFrameIntervals = False
16.2491 	EXP 	window1: recordFrameIntervals = True
16.4329 	EXP 	window1: recordFrameIntervals = False
16.9225 	EXP 	Created WelcomeText = TextStim(__class__=<class 'psychopy.visual.text.TextStim'>, alignHoriz=method-wrapper(...), alignText='center', alignVert=method-wrapper(...), anchorHoriz='center', anchorVert='center', antialias=True, autoLog=True, bold=False, color=array([-1, -1, -1]), colorSpace='rgb', contrast=1.0, depth=0.0, flipHoriz=False, flipVert=False, font='Open Sans', fontFiles=[], height=0.03, italic=False, languageStyle='LTR', name='WelcomeText', opacity=1, ori=0.0, pos=array([0., 0.]), rgb=UNKNOWN, text=str(...), units='height', win=Window(...), wrapWidth=1)
16.9250 	EXP 	Created instructiontext = TextStim(__class__=<class 'psychopy.visual.text.TextStim'>, alignHoriz=method-wrapper(...), alignText='center', alignVert=method-wrapper(...), anchorHoriz='center', anchorVert='center', antialias=True, autoLog=True, bold=False, color=array([0, 0, 0]), colorSpace='rgb', contrast=1.0, depth=0.0, flipHoriz=False, flipVert=False, font='Open Sans', fontFiles=[], height=0.03, italic=False, languageStyle='LTR', name='instructiontext', opacity=0, ori=0.0, pos=array([0., 0.]), rgb=UNKNOWN, text='', units='height', win=Window(...), wrapWidth=1)
16.9424 	EXP 	Created fixcross = TextStim(__class__=<class 'psychopy.visual.text.TextStim'>, alignHoriz=method-wrapper(...), alignText='center', alignVert=method-wrapper(...), anchorHoriz='center', anchorVert='center', antialias=True, autoLog=True, bold=False, color=array([-1, -1, -1]), colorSpace='rgb', contrast=1.0, depth=0.0, flipHoriz=False, flipVert=False, font='Courier New', fontFiles=[], height=0.02, italic=False, languageStyle='LTR', name='fixcross', opacity=1, ori=0.0, pos=array([0., 0.]), rgb=UNKNOWN, text='+', units='height', win=Window(...), wrapWidth=1)
16.9466 	EXP 	Created trial = TextStim(__class__=<class 'psychopy.visual.text.TextStim'>, alignHoriz=method-wrapper(...), alignText='center', alignVert=method-wrapper(...), anchorHoriz='center', anchorVert='center', antialias=True, autoLog=True, bold=False, color=array([0, 0, 0]), colorSpace='rgb', contrast=1.0, depth=0.0, flipHoriz=False, flipVert=False, font='Courier New', fontFiles=[], height=0.05, italic=False, languageStyle='LTR', name='trial', opacity=0, ori=0.0, pos=array([0., 0.]), rgb=UNKNOWN, text='', units='height', win=Window(...), wrapWidth=1)
16.9489 	EXP 	Created feedback = TextStim(__class__=<class 'psychopy.visual.text.TextStim'>, alignHoriz=method-wrapper(...), alignText='center', alignVert=method-wrapper(...), anchorHoriz='center', anchorVert='center', antialias=True, autoLog=True, bold=False, color=array([-1, -1, -1]), colorSpace='rgb', contrast=1.0, depth=-1.0, flipHoriz=False, flipVert=False, font='Open Sans', fontFiles=[], height=0.03, italic=False, languageStyle='LTR', name='feedback', opacity=1, ori=0.0, pos=array([0., 0.]), rgb=UNKNOWN, text='', units='height', win=Window(...), wrapWidth=1)
17.1672 	EXP 	Created text = TextStim(__class__=<class 'psychopy.visual.text.TextStim'>, alignHoriz=method-wrapper(...), alignText='center', alignVert=method-wrapper(...), anchorHoriz='center', anchorVert='center', antialias=True, autoLog=True, bold=False, color=array([-1, -1, -1]), colorSpace='rgb', contrast=1.0, depth=0.0, flipHoriz=False, flipVert=False, font='Open Sans', fontFiles=[], height=0.025, italic=False, languageStyle='LTR', name='text', opacity=1, ori=0.0, pos=array([0., 0.]), rgb=UNKNOWN, text=str(...), units='height', win=Window(...), wrapWidth=1)
17.1969 	EXP 	Created question = TextStim(__class__=<class 'psychopy.visual.text.TextStim'>, alignHoriz=method-wrapper(...), alignText='center', alignVert=method-wrapper(...), anchorHoriz='center', anchorVert='center', antialias=True, autoLog=True, bold=False, color=array([-1, -1, -1]), colorSpace='rgb', contrast=1.0, depth=0.0, flipHoriz=False, flipVert=False, font='Open Sans', fontFiles=[], height=0.03, italic=False, languageStyle='LTR', name='question', opacity=1, ori=0.0, pos=array([0. , 0.1]), rgb=UNKNOWN, text=str(...), units='height', win=Window(...), wrapWidth=1)
17.1971 	EXP 	window1: mouseVisible = True
17.2375 	EXP 	window1: mouseVisible = True
17.2643 	EXP 	window1: mouseVisible = True
17.2702 	EXP 	Created EDbufferscreen = TextStim(__class__=<class 'psychopy.visual.text.TextStim'>, alignHoriz=method-wrapper(...), alignText='center', alignVert=method-wrapper(...), anchorHoriz='center', anchorVert='center', antialias=True, autoLog=True, bold=False, color=array([-1, -1, -1]), colorSpace='rgb', contrast=1.0, depth=0.0, flipHoriz=False, flipVert=False, font='Open Sans', fontFiles=[], height=0.03, italic=False, languageStyle='LTR', name='EDbufferscreen', opacity=1, ori=0.0, pos=array([0. , 0.1]), rgb=UNKNOWN, text=str(...), units='height', win=Window(...), wrapWidth=1)
17.2839 	EXP 	Created GoodbyeText = TextStim(__class__=<class 'psychopy.visual.text.TextStim'>, alignHoriz=method-wrapper(...), alignText='center', alignVert=method-wrapper(...), anchorHoriz='center', anchorVert='center', antialias=True, autoLog=True, bold=False, color=array([-1, -1, -1]), colorSpace='rgb', contrast=1.0, depth=0.0, flipHoriz=False, flipVert=False, font='Open Sans', fontFiles=[], height=0.03, italic=False, languageStyle='LTR', name='GoodbyeText', opacity=1, ori=0.0, pos=array([0., 0.]), rgb=UNKNOWN, text=str(...), units='height', win=Window(...), wrapWidth=1)
17.2848 	EXP 	Created finaln_instructiontext = TextStim(__class__=<class 'psychopy.visual.text.TextStim'>, alignHoriz=method-wrapper(...), alignText='center', alignVert=method-wrapper(...), anchorHoriz='center', anchorVert='center', antialias=True, autoLog=True, bold=False, color=array([0, 0, 0]), colorSpace='rgb', contrast=1.0, depth=0.0, flipHoriz=False, flipVert=False, font='Open Sans', fontFiles=[], height=0.03, italic=False, languageStyle='LTR', name='finaln_instructiontext', opacity=0, ori=0.0, pos=array([0., 0.]), rgb=UNKNOWN, text='', units='height', win=Window(...), wrapWidth=1)
17.2893 	EXP 	Created finaln_fixcross = TextStim(__class__=<class 'psychopy.visual.text.TextStim'>, alignHoriz=method-wrapper(...), alignText='center', alignVert=method-wrapper(...), anchorHoriz='center', anchorVert='center', antialias=True, autoLog=True, bold=False, color=array([-1, -1, -1]), colorSpace='rgb', contrast=1.0, depth=0.0, flipHoriz=False, flipVert=False, font='Courier New', fontFiles=[], height=0.02, italic=False, languageStyle='LTR', name='finaln_fixcross', opacity=1, ori=0.0, pos=array([0., 0.]), rgb=UNKNOWN, text='+', units='height', win=Window(...), wrapWidth=1)
17.2902 	EXP 	Created finaln_trial = TextStim(__class__=<class 'psychopy.visual.text.TextStim'>, alignHoriz=method-wrapper(...), alignText='center', alignVert=method-wrapper(...), anchorHoriz='center', anchorVert='center', antialias=True, autoLog=True, bold=False, color=array([0, 0, 0]), colorSpace='rgb', contrast=1.0, depth=0.0, flipHoriz=False, flipVert=False, font='Courier New', fontFiles=[], height=0.05, italic=False, languageStyle='LTR', name='finaln_trial', opacity=0, ori=0.0, pos=array([0., 0.]), rgb=UNKNOWN, text='', units='height', win=Window(...), wrapWidth=1)
17.3292 	EXP 	WelcomeText: autoDraw = True
18.2953 	DATA 	Keypress: space
18.2993 	EXP 	WelcomeText: autoDraw = False
18.2993 	EXP 	instructiontext: text = 'Schwarzes Level\n\nIhnen werden nun nacheinander Buchstaben auf dem Bildschirm präsentiert. Wenn der aktuelle Buchstabe der gleiche ist wie der, der direkt zuvor präsentiert wurde, dann drücken Sie bitte die rechte Pfeiltaste. Wenn es nicht der gleiche Buchstabe ist, drücken sie bitte die linke Pfeiltaste.\nReagieren Sie bei jedem Buchstaben bitte so schnell und richtig wie möglich.\n\nrechts = gleicher Buchstabe wie direkt zuvor\nlinks = nicht der gleiche Buchstabe wie zuvor\n\nDrücken Sie die Leertaste, um zu beginnen.'
18.2993 	EXP 	instructiontext: autoDraw = True
18.6482 	EXP 	Imported C:\Users\josep\Documents\04_Projekte\01_COG-ED_Revision\Stimuli_Short\1back_run1.xlsx as conditions, 14 conditions, 3 params
18.6492 	EXP 	Created sequence: sequential, trialTypes=14, nReps=1, seed=None
18.6501 	EXP 	New trial (rep=0, index=0): {'Letter': 'H', 'CorrAnswer': 'left', 'Stimulus': 'Distractor'}
18.6569 	DATA 	Keypress: space
18.6600 	EXP 	instructiontext: autoDraw = False
18.6600 	EXP 	fixcross: autoDraw = True
20.6567 	EXP 	fixcross: autoDraw = False
20.6567 	EXP 	trial: text = 'H'
20.6567 	EXP 	trial: autoDraw = True
21.0409 	DATA 	Keypress: left
22.1355 	EXP 	New trial (rep=0, index=1): {'Letter': 'Q', 'CorrAnswer': 'left', 'Stimulus': 'Pretarget'}
22.1487 	EXP 	trial: autoDraw = False
22.1487 	EXP 	fixcross: autoDraw = True
24.1536 	EXP 	fixcross: autoDraw = False
24.1536 	EXP 	trial: text = 'Q'
24.1536 	EXP 	trial: autoDraw = True
24.4741 	DATA 	Keypress: left
25.6339 	EXP 	New trial (rep=0, index=2): {'Letter': 'Q', 'CorrAnswer': 'right', 'Stimulus': 'Target'}
25.6481 	EXP 	trial: autoDraw = False
25.6481 	EXP 	fixcross: autoDraw = True
27.6484 	EXP 	fixcross: autoDraw = False
27.6484 	EXP 	trial: text = 'Q'
27.6484 	EXP 	trial: autoDraw = True
28.0071 	DATA 	Keypress: left
29.1334 	EXP 	New trial (rep=0, index=3): {'Letter': 'T', 'CorrAnswer': 'left', 'Stimulus': 'Distractor'}
29.1480 	EXP 	trial: autoDraw = False
29.1480 	EXP 	fixcross: autoDraw = True
31.1510 	EXP 	fixcross: autoDraw = False
31.1510 	EXP 	trial: text = 'T'
31.1510 	EXP 	trial: autoDraw = True
31.9069 	DATA 	Keypress: left
32.6340 	EXP 	New trial (rep=0, index=4): {'Letter': 'Q', 'CorrAnswer': 'left', 'Stimulus': 'Lure'}
32.6482 	EXP 	trial: autoDraw = False
32.6482 	EXP 	fixcross: autoDraw = True
34.6478 	EXP 	fixcross: autoDraw = False
34.6478 	EXP 	trial: text = 'Q'
34.6478 	EXP 	trial: autoDraw = True
35.0070 	DATA 	Keypress: right
36.1339 	EXP 	New trial (rep=0, index=5): {'Letter': 'L', 'CorrAnswer': 'left', 'Stimulus': 'Distractor'}
36.1480 	EXP 	trial: autoDraw = False
36.1480 	EXP 	fixcross: autoDraw = True
38.1501 	EXP 	fixcross: autoDraw = False
38.1501 	EXP 	trial: text = 'L'
38.1501 	EXP 	trial: autoDraw = True
38.6897 	DATA 	Keypress: right
39.6338 	EXP 	New trial (rep=0, index=6): {'Letter': 'V', 'CorrAnswer': 'left', 'Stimulus': 'Pretarget'}
39.6479 	EXP 	trial: autoDraw = False
39.6479 	EXP 	fixcross: autoDraw = True
41.6499 	EXP 	fixcross: autoDraw = False
41.6499 	EXP 	trial: text = 'V'
41.6499 	EXP 	trial: autoDraw = True
41.9734 	DATA 	Keypress: left
43.1336 	EXP 	New trial (rep=0, index=7): {'Letter': 'V', 'CorrAnswer': 'right', 'Stimulus': 'Target'}
43.1476 	EXP 	trial: autoDraw = False
43.1476 	EXP 	fixcross: autoDraw = True
45.1474 	EXP 	fixcross: autoDraw = False
45.1474 	EXP 	trial: text = 'V'
45.1474 	EXP 	trial: autoDraw = True
45.4568 	DATA 	Keypress: right
46.6333 	EXP 	New trial (rep=0, index=8): {'Letter': 'K', 'CorrAnswer': 'left', 'Stimulus': 'Distractor'}
46.6475 	EXP 	trial: autoDraw = False
46.6475 	EXP 	fixcross: autoDraw = True
48.6481 	EXP 	fixcross: autoDraw = False
48.6481 	EXP 	trial: text = 'K'
48.6481 	EXP 	trial: autoDraw = True
49.3225 	DATA 	Keypress: left
50.1329 	EXP 	New trial (rep=0, index=9): {'Letter': 'G', 'CorrAnswer': 'left', 'Stimulus': 'Pretarget'}
50.1471 	EXP 	trial: autoDraw = False
50.1471 	EXP 	fixcross: autoDraw = True
52.1481 	EXP 	fixcross: autoDraw = False
52.1481 	EXP 	trial: text = 'G'
52.1481 	EXP 	trial: autoDraw = True
52.7893 	DATA 	Keypress: right
53.6324 	EXP 	New trial (rep=0, index=10): {'Letter': 'G', 'CorrAnswer': 'right', 'Stimulus': 'Target'}
53.6470 	EXP 	trial: autoDraw = False
53.6470 	EXP 	fixcross: autoDraw = True
55.1886 	DATA 	Keypress: right
55.6470 	EXP 	fixcross: autoDraw = False
55.6470 	EXP 	trial: text = 'G'
55.6470 	EXP 	trial: autoDraw = True
56.1727 	DATA 	Keypress: right
57.1328 	EXP 	New trial (rep=0, index=11): {'Letter': 'G', 'CorrAnswer': 'right', 'Stimulus': 'Target'}
57.1469 	EXP 	trial: autoDraw = False
57.1469 	EXP 	fixcross: autoDraw = True
58.4548 	DATA 	Keypress: right
59.1469 	EXP 	fixcross: autoDraw = False
59.1469 	EXP 	trial: text = 'G'
59.1469 	EXP 	trial: autoDraw = True
60.6324 	EXP 	New trial (rep=0, index=12): {'Letter': 'P', 'CorrAnswer': 'left', 'Stimulus': 'Pretarget'}
60.6467 	EXP 	trial: autoDraw = False
60.6467 	EXP 	fixcross: autoDraw = True
60.6573 	DATA 	Keypress: right
62.6493 	EXP 	fixcross: autoDraw = False
62.6493 	EXP 	trial: text = 'P'
62.6493 	EXP 	trial: autoDraw = True
63.1713 	DATA 	Keypress: left
64.1324 	EXP 	New trial (rep=0, index=13): {'Letter': 'P', 'CorrAnswer': 'right', 'Stimulus': 'Target'}
64.1462 	EXP 	trial: autoDraw = False
64.1462 	EXP 	fixcross: autoDraw = True
66.1465 	EXP 	fixcross: autoDraw = False
66.1465 	EXP 	trial: text = 'P'
66.1465 	EXP 	trial: autoDraw = True
66.7235 	DATA 	Keypress: right
67.7222 	EXP 	trial: autoDraw = False
67.7222 	EXP 	feedback: text = 'In diesem Block haben Sie auf 37.5% der sich wiederholenden und auf 14.6% der einzelnen Buchstaben korrekt reagiert.\n\nBitte strengen Sie sich mehr an!\n\nDrücken Sie die Leertaste, um einen weiteren Durchgang dieses Levels zu beginnen.'
67.7222 	EXP 	feedback: autoDraw = True
69.3444 	EXP 	Imported C:\Users\josep\Documents\04_Projekte\01_COG-ED_Revision\Stimuli_Short\1back_run2.xlsx as conditions, 14 conditions, 3 params
69.3454 	EXP 	Created sequence: sequential, trialTypes=14, nReps=1, seed=None
69.3463 	EXP 	New trial (rep=0, index=0): {'Letter': 'R', 'CorrAnswer': 'left', 'Stimulus': 'Distractor'}
69.3529 	DATA 	Keypress: space
69.3560 	EXP 	feedback: autoDraw = False
69.3560 	EXP 	fixcross: autoDraw = True
71.3494 	EXP 	fixcross: autoDraw = False
71.3494 	EXP 	trial: text = 'R'
71.3494 	EXP 	trial: autoDraw = True
72.1040 	DATA 	Keypress: left
72.8327 	EXP 	New trial (rep=0, index=1): {'Letter': 'V', 'CorrAnswer': 'left', 'Stimulus': 'Distractor'}
72.8460 	EXP 	trial: autoDraw = False
72.8460 	EXP 	fixcross: autoDraw = True
74.8458 	EXP 	fixcross: autoDraw = False
74.8458 	EXP 	trial: text = 'V'
74.8458 	EXP 	trial: autoDraw = True
75.2890 	DATA 	Keypress: left
76.3315 	EXP 	New trial (rep=0, index=2): {'Letter': 'N', 'CorrAnswer': 'left', 'Stimulus': 'Pretarget'}
76.3456 	EXP 	trial: autoDraw = False
76.3456 	EXP 	fixcross: autoDraw = True
78.3470 	EXP 	fixcross: autoDraw = False
78.3470 	EXP 	trial: text = 'N'
78.3470 	EXP 	trial: autoDraw = True
79.0873 	DATA 	Keypress: left
79.8316 	EXP 	New trial (rep=0, index=3): {'Letter': 'N', 'CorrAnswer': 'right', 'Stimulus': 'Target'}
79.8457 	EXP 	trial: autoDraw = False
79.8457 	EXP 	fixcross: autoDraw = True
81.8457 	EXP 	fixcross: autoDraw = False
81.8457 	EXP 	trial: text = 'N'
81.8457 	EXP 	trial: autoDraw = True
82.3046 	DATA 	Keypress: right
83.3314 	EXP 	New trial (rep=0, index=4): {'Letter': 'S', 'CorrAnswer': 'left', 'Stimulus': 'Distractor'}
83.3456 	EXP 	trial: autoDraw = False
83.3456 	EXP 	fixcross: autoDraw = True
85.3466 	EXP 	fixcross: autoDraw = False
85.3466 	EXP 	trial: text = 'S'
85.3466 	EXP 	trial: autoDraw = True
85.7205 	DATA 	Keypress: left
86.8313 	EXP 	New trial (rep=0, index=5): {'Letter': 'N', 'CorrAnswer': 'left', 'Stimulus': 'Lure'}
86.8454 	EXP 	trial: autoDraw = False
86.8454 	EXP 	fixcross: autoDraw = True
88.8449 	EXP 	fixcross: autoDraw = False
88.8449 	EXP 	trial: text = 'N'
88.8449 	EXP 	trial: autoDraw = True
89.1875 	DATA 	Keypress: left
90.3310 	EXP 	New trial (rep=0, index=6): {'Letter': 'Z', 'CorrAnswer': 'left', 'Stimulus': 'Distractor'}
90.3448 	EXP 	trial: autoDraw = False
90.3448 	EXP 	fixcross: autoDraw = True
92.3477 	EXP 	fixcross: autoDraw = False
92.3477 	EXP 	trial: text = 'Z'
92.3477 	EXP 	trial: autoDraw = True
92.7042 	DATA 	Keypress: right
93.8308 	EXP 	New trial (rep=0, index=7): {'Letter': 'L', 'CorrAnswer': 'left', 'Stimulus': 'Pretarget'}
93.8450 	EXP 	trial: autoDraw = False
93.8450 	EXP 	fixcross: autoDraw = True
95.8445 	EXP 	fixcross: autoDraw = False
95.8445 	EXP 	trial: text = 'L'
95.8445 	EXP 	trial: autoDraw = True
96.2533 	DATA 	Keypress: left
97.3307 	EXP 	New trial (rep=0, index=8): {'Letter': 'L', 'CorrAnswer': 'right', 'Stimulus': 'Target'}
97.3448 	EXP 	trial: autoDraw = False
97.3448 	EXP 	fixcross: autoDraw = True
99.3447 	EXP 	fixcross: autoDraw = False
99.3447 	EXP 	trial: text = 'L'
99.3447 	EXP 	trial: autoDraw = True
99.7367 	DATA 	Keypress: right
100.8304 	EXP 	New trial (rep=0, index=9): {'Letter': 'H', 'CorrAnswer': 'left', 'Stimulus': 'Distractor'}
100.8446 	EXP 	trial: autoDraw = False
100.8446 	EXP 	fixcross: autoDraw = True
102.8449 	EXP 	fixcross: autoDraw = False
102.8449 	EXP 	trial: text = 'H'
102.8449 	EXP 	trial: autoDraw = True
103.1529 	DATA 	Keypress: left
104.3303 	EXP 	New trial (rep=0, index=10): {'Letter': 'L', 'CorrAnswer': 'left', 'Stimulus': 'Lure'}
104.3445 	EXP 	trial: autoDraw = False
104.3445 	EXP 	fixcross: autoDraw = True
106.3440 	EXP 	fixcross: autoDraw = False
106.3440 	EXP 	trial: text = 'L'
106.3440 	EXP 	trial: autoDraw = True
106.9029 	DATA 	Keypress: right
107.8301 	EXP 	New trial (rep=0, index=11): {'Letter': 'X', 'CorrAnswer': 'left', 'Stimulus': 'Pretarget'}
107.8443 	EXP 	trial: autoDraw = False
107.8443 	EXP 	fixcross: autoDraw = True
109.8480 	EXP 	fixcross: autoDraw = False
109.8480 	EXP 	trial: text = 'X'
109.8480 	EXP 	trial: autoDraw = True
110.3200 	DATA 	Keypress: left
111.3299 	EXP 	New trial (rep=0, index=12): {'Letter': 'X', 'CorrAnswer': 'right', 'Stimulus': 'Target'}
111.3441 	EXP 	trial: autoDraw = False
111.3441 	EXP 	fixcross: autoDraw = True
113.3436 	EXP 	fixcross: autoDraw = False
113.3436 	EXP 	trial: text = 'X'
113.3436 	EXP 	trial: autoDraw = True
113.8190 	DATA 	Keypress: left
114.8297 	EXP 	New trial (rep=0, index=13): {'Letter': 'X', 'CorrAnswer': 'right', 'Stimulus': 'Target'}
114.8436 	EXP 	trial: autoDraw = False
114.8436 	EXP 	fixcross: autoDraw = True
116.8435 	EXP 	fixcross: autoDraw = False
116.8435 	EXP 	trial: text = 'X'
116.8435 	EXP 	trial: autoDraw = True
117.2522 	DATA 	Keypress: right
118.3796 	EXP 	trial: autoDraw = False
118.3796 	EXP 	feedback: text = 'In diesem Block haben Sie auf 31.2% der sich wiederholenden und auf 18.8% der einzelnen Buchstaben korrekt reagiert.\n\nBitte strengen Sie sich mehr an!\n\nDrücken Sie die Leertaste, um die Instruktion des nächsten Levels zu lesen.'
118.3796 	EXP 	feedback: autoDraw = True
119.7304 	DATA 	Keypress: space
119.7346 	EXP 	feedback: autoDraw = False
119.7346 	EXP 	instructiontext: text = 'Rotes Level\n\nIhnen werden nun nacheinander Buchstaben auf dem Bildschirm präsentiert. Wenn der aktuelle Buchstabe der gleiche ist wie der, der zwei zuvor präsentiert wurde, dann drücken Sie bitte die rechte Pfeiltaste. Wenn es nicht der gleiche Buchstabe ist, drücken sie bitte die linke Pfeiltaste.\nReagieren Sie bei jedem Buchstaben bitte so schnell und richtig wie möglich.\n\nrechts = gleicher Buchstabe wie zwei zuvor\nlinks = nicht der gleiche Buchstabe wie zuvor\n\nDrücken Sie die Leertaste, um zu beginnen.'
119.7346 	EXP 	instructiontext: autoDraw = True
120.1355 	DATA 	Keypress: space
120.1743 	EXP 	Imported C:\Users\josep\Documents\04_Projekte\01_COG-ED_Revision\Stimuli_Short\2back_run1.xlsx as conditions, 14 conditions, 3 params
120.1752 	EXP 	Created sequence: sequential, trialTypes=14, nReps=1, seed=None
120.1761 	EXP 	New trial (rep=0, index=0): {'Letter': 'F', 'CorrAnswer': 'left', 'Stimulus': 'Distractor'}
120.1847 	EXP 	instructiontext: autoDraw = False
120.1847 	EXP 	fixcross: autoDraw = True
122.1798 	EXP 	fixcross: autoDraw = False
122.1798 	EXP 	trial: text = 'F'
122.1798 	EXP 	trial: autoDraw = True
123.6632 	EXP 	New trial (rep=0, index=1): {'Letter': 'N', 'CorrAnswer': 'left', 'Stimulus': 'Pretarget'}
123.6765 	EXP 	trial: autoDraw = False
123.6765 	EXP 	fixcross: autoDraw = True
125.6764 	EXP 	fixcross: autoDraw = False
125.6764 	EXP 	trial: text = 'N'
125.6764 	EXP 	trial: autoDraw = True
127.1619 	EXP 	New trial (rep=0, index=2): {'Letter': 'V', 'CorrAnswer': 'left', 'Stimulus': 'Distractor'}
127.1766 	EXP 	trial: autoDraw = False
127.1766 	EXP 	fixcross: autoDraw = True
129.1762 	EXP 	fixcross: autoDraw = False
129.1762 	EXP 	trial: text = 'V'
129.1762 	EXP 	trial: autoDraw = True
129.5691 	DATA 	Keypress: left
130.6625 	EXP 	New trial (rep=0, index=3): {'Letter': 'N', 'CorrAnswer': 'right', 'Stimulus': 'Target'}
130.6762 	EXP 	trial: autoDraw = False
130.6762 	EXP 	fixcross: autoDraw = True
132.6760 	EXP 	fixcross: autoDraw = False
132.6760 	EXP 	trial: text = 'N'
132.6760 	EXP 	trial: autoDraw = True
133.2848 	DATA 	Keypress: right
134.1619 	EXP 	New trial (rep=0, index=4): {'Letter': 'N', 'CorrAnswer': 'left', 'Stimulus': 'Lure'}
134.1761 	EXP 	trial: autoDraw = False
134.1761 	EXP 	fixcross: autoDraw = True
136.1761 	EXP 	fixcross: autoDraw = False
136.1761 	EXP 	trial: text = 'N'
136.1761 	EXP 	trial: autoDraw = True
136.6346 	DATA 	Keypress: right
137.6618 	EXP 	New trial (rep=0, index=5): {'Letter': 'X', 'CorrAnswer': 'left', 'Stimulus': 'Distractor'}
137.6760 	EXP 	trial: autoDraw = False
137.6760 	EXP 	fixcross: autoDraw = True
139.6756 	EXP 	fixcross: autoDraw = False
139.6756 	EXP 	trial: text = 'X'
139.6756 	EXP 	trial: autoDraw = True
140.1514 	DATA 	Keypress: right
141.1618 	EXP 	New trial (rep=0, index=6): {'Letter': 'G', 'CorrAnswer': 'left', 'Stimulus': 'Pretarget'}
141.1758 	EXP 	trial: autoDraw = False
141.1758 	EXP 	fixcross: autoDraw = True
143.1754 	EXP 	fixcross: autoDraw = False
143.1754 	EXP 	trial: text = 'G'
143.1754 	EXP 	trial: autoDraw = True
143.4847 	DATA 	Keypress: left
144.6616 	EXP 	New trial (rep=0, index=7): {'Letter': 'H', 'CorrAnswer': 'left', 'Stimulus': 'Pretarget'}
144.6757 	EXP 	trial: autoDraw = False
144.6757 	EXP 	fixcross: autoDraw = True
146.6759 	EXP 	fixcross: autoDraw = False
146.6759 	EXP 	trial: text = 'H'
146.6759 	EXP 	trial: autoDraw = True
147.4670 	DATA 	Keypress: left
148.1609 	EXP 	New trial (rep=0, index=8): {'Letter': 'G', 'CorrAnswer': 'right', 'Stimulus': 'Target'}
148.1755 	EXP 	trial: autoDraw = False
148.1755 	EXP 	fixcross: autoDraw = True
150.1753 	EXP 	fixcross: autoDraw = False
150.1753 	EXP 	trial: text = 'G'
150.1753 	EXP 	trial: autoDraw = True
151.2342 	DATA 	Keypress: left
151.6607 	EXP 	New trial (rep=0, index=9): {'Letter': 'H', 'CorrAnswer': 'right', 'Stimulus': 'Target'}
151.6753 	EXP 	trial: autoDraw = False
151.6753 	EXP 	fixcross: autoDraw = True
153.6748 	EXP 	fixcross: autoDraw = False
153.6748 	EXP 	trial: text = 'H'
153.6748 	EXP 	trial: autoDraw = True
154.4672 	DATA 	Keypress: right
155.1610 	EXP 	New trial (rep=0, index=10): {'Letter': 'T', 'CorrAnswer': 'left', 'Stimulus': 'Pretarget'}
155.1752 	EXP 	trial: autoDraw = False
155.1752 	EXP 	fixcross: autoDraw = True
157.1747 	EXP 	fixcross: autoDraw = False
157.1747 	EXP 	trial: text = 'T'
157.1747 	EXP 	trial: autoDraw = True
158.1998 	DATA 	Keypress: right
158.6608 	EXP 	New trial (rep=0, index=11): {'Letter': 'K', 'CorrAnswer': 'left', 'Stimulus': 'Distractor'}
158.6750 	EXP 	trial: autoDraw = False
158.6750 	EXP 	fixcross: autoDraw = True
160.6745 	EXP 	fixcross: autoDraw = False
160.6745 	EXP 	trial: text = 'K'
160.6745 	EXP 	trial: autoDraw = True
161.1509 	DATA 	Keypress: left
162.1606 	EXP 	New trial (rep=0, index=12): {'Letter': 'T', 'CorrAnswer': 'right', 'Stimulus': 'Target'}
162.1748 	EXP 	trial: autoDraw = False
162.1748 	EXP 	fixcross: autoDraw = True
164.1743 	EXP 	fixcross: autoDraw = False
164.1743 	EXP 	trial: text = 'T'
164.1743 	EXP 	trial: autoDraw = True
164.9662 	DATA 	Keypress: right
165.6604 	EXP 	New trial (rep=0, index=13): {'Letter': 'T', 'CorrAnswer': 'left', 'Stimulus': 'Lure'}
165.6743 	EXP 	trial: autoDraw = False
165.6743 	EXP 	fixcross: autoDraw = True
167.6740 	EXP 	fixcross: autoDraw = False
167.6740 	EXP 	trial: text = 'T'
167.6740 	EXP 	trial: autoDraw = True
168.2309 	DATA 	Keypress: right
169.2124 	EXP 	trial: autoDraw = False
169.2124 	EXP 	feedback: text = 'In diesem Block haben Sie auf 43.8% der sich wiederholenden und auf 10.4% der einzelnen Buchstaben korrekt reagiert.\n\nBitte strengen Sie sich mehr an!\n\nDrücken Sie die Leertaste, um einen weiteren Durchgang dieses Levels zu beginnen.'
169.2124 	EXP 	feedback: autoDraw = True
171.7242 	EXP 	Imported C:\Users\josep\Documents\04_Projekte\01_COG-ED_Revision\Stimuli_Short\2back_run2.xlsx as conditions, 14 conditions, 3 params
171.7253 	EXP 	Created sequence: sequential, trialTypes=14, nReps=1, seed=None
171.7263 	EXP 	New trial (rep=0, index=0): {'Letter': 'B', 'CorrAnswer': 'left', 'Stimulus': 'Pretarget'}
171.7326 	DATA 	Keypress: space
171.7359 	EXP 	feedback: autoDraw = False
171.7359 	EXP 	fixcross: autoDraw = True
173.7263 	EXP 	fixcross: autoDraw = False
173.7263 	EXP 	trial: text = 'B'
173.7263 	EXP 	trial: autoDraw = True
174.2663 	DATA 	Keypress: left
175.2108 	EXP 	New trial (rep=0, index=1): {'Letter': 'F', 'CorrAnswer': 'left', 'Stimulus': 'Distractor'}
175.2241 	EXP 	trial: autoDraw = False
175.2241 	EXP 	fixcross: autoDraw = True
177.2239 	EXP 	fixcross: autoDraw = False
177.2239 	EXP 	trial: text = 'F'
177.2239 	EXP 	trial: autoDraw = True
177.9004 	DATA 	Keypress: left
178.7098 	EXP 	New trial (rep=0, index=2): {'Letter': 'B', 'CorrAnswer': 'right', 'Stimulus': 'Target'}
178.7239 	EXP 	trial: autoDraw = False
178.7239 	EXP 	fixcross: autoDraw = True
180.7237 	EXP 	fixcross: autoDraw = False
180.7237 	EXP 	trial: text = 'B'
180.7237 	EXP 	trial: autoDraw = True
181.0660 	DATA 	Keypress: left
182.2090 	EXP 	New trial (rep=0, index=3): {'Letter': 'V', 'CorrAnswer': 'left', 'Stimulus': 'Distractor'}
182.2233 	EXP 	trial: autoDraw = False
182.2233 	EXP 	fixcross: autoDraw = True
184.2233 	EXP 	fixcross: autoDraw = False
184.2233 	EXP 	trial: text = 'V'
184.2233 	EXP 	trial: autoDraw = True
184.5989 	DATA 	Keypress: left
185.7094 	EXP 	New trial (rep=0, index=4): {'Letter': 'G', 'CorrAnswer': 'left', 'Stimulus': 'Pretarget'}
185.7236 	EXP 	trial: autoDraw = False
185.7236 	EXP 	fixcross: autoDraw = True
187.7234 	EXP 	fixcross: autoDraw = False
187.7234 	EXP 	trial: text = 'G'
187.7234 	EXP 	trial: autoDraw = True
188.0984 	DATA 	Keypress: right
189.2092 	EXP 	New trial (rep=0, index=5): {'Letter': 'B', 'CorrAnswer': 'left', 'Stimulus': 'Lure'}
189.2233 	EXP 	trial: autoDraw = False
189.2233 	EXP 	fixcross: autoDraw = True
191.2229 	EXP 	fixcross: autoDraw = False
191.2229 	EXP 	trial: text = 'B'
191.2229 	EXP 	trial: autoDraw = True
191.8822 	DATA 	Keypress: left
192.7090 	EXP 	New trial (rep=0, index=6): {'Letter': 'G', 'CorrAnswer': 'right', 'Stimulus': 'Target'}
192.7232 	EXP 	trial: autoDraw = False
192.7232 	EXP 	fixcross: autoDraw = True
194.7233 	EXP 	fixcross: autoDraw = False
194.7233 	EXP 	trial: text = 'G'
194.7233 	EXP 	trial: autoDraw = True
195.4828 	DATA 	Keypress: right
196.2088 	EXP 	New trial (rep=0, index=7): {'Letter': 'Y', 'CorrAnswer': 'left', 'Stimulus': 'Pretarget'}
196.2230 	EXP 	trial: autoDraw = False
196.2230 	EXP 	fixcross: autoDraw = True
198.2280 	EXP 	fixcross: autoDraw = False
198.2280 	EXP 	trial: text = 'Y'
198.2280 	EXP 	trial: autoDraw = True
199.0476 	DATA 	Keypress: left
199.7087 	EXP 	New trial (rep=0, index=8): {'Letter': 'P', 'CorrAnswer': 'left', 'Stimulus': 'Distractor'}
199.7228 	EXP 	trial: autoDraw = False
199.7228 	EXP 	fixcross: autoDraw = True
201.7231 	EXP 	fixcross: autoDraw = False
201.7231 	EXP 	trial: text = 'P'
201.7231 	EXP 	trial: autoDraw = True
202.3148 	DATA 	Keypress: left
203.2085 	EXP 	New trial (rep=0, index=9): {'Letter': 'Y', 'CorrAnswer': 'right', 'Stimulus': 'Target'}
203.2227 	EXP 	trial: autoDraw = False
203.2227 	EXP 	fixcross: autoDraw = True
205.2221 	EXP 	fixcross: autoDraw = False
205.2221 	EXP 	trial: text = 'Y'
205.2221 	EXP 	trial: autoDraw = True
205.7141 	DATA 	Keypress: left
206.7076 	EXP 	New trial (rep=0, index=10): {'Letter': 'X', 'CorrAnswer': 'left', 'Stimulus': 'Distractor'}
206.7220 	EXP 	trial: autoDraw = False
206.7220 	EXP 	fixcross: autoDraw = True
208.7220 	EXP 	fixcross: autoDraw = False
208.7220 	EXP 	trial: text = 'X'
208.7220 	EXP 	trial: autoDraw = True
209.1795 	DATA 	Keypress: left
210.2081 	EXP 	New trial (rep=0, index=11): {'Letter': 'Y', 'CorrAnswer': 'right', 'Stimulus': 'Target'}
210.2222 	EXP 	trial: autoDraw = False
210.2222 	EXP 	fixcross: autoDraw = True
212.2218 	EXP 	fixcross: autoDraw = False
212.2218 	EXP 	trial: text = 'Y'
212.2218 	EXP 	trial: autoDraw = True
213.7076 	EXP 	New trial (rep=0, index=12): {'Letter': 'N', 'CorrAnswer': 'left', 'Stimulus': 'Distractor'}
213.7221 	EXP 	trial: autoDraw = False
213.7221 	EXP 	fixcross: autoDraw = True
215.7216 	EXP 	fixcross: autoDraw = False
215.7216 	EXP 	trial: text = 'N'
215.7216 	EXP 	trial: autoDraw = True
216.0461 	DATA 	Keypress: right
217.2078 	EXP 	New trial (rep=0, index=13): {'Letter': 'Y', 'CorrAnswer': 'right', 'Stimulus': 'Target'}
217.2219 	EXP 	trial: autoDraw = False
217.2219 	EXP 	fixcross: autoDraw = True
219.2215 	EXP 	fixcross: autoDraw = False
219.2215 	EXP 	trial: text = 'Y'
219.2215 	EXP 	trial: autoDraw = True
219.8144 	DATA 	Keypress: left
220.7484 	EXP 	trial: autoDraw = False
220.7484 	EXP 	feedback: text = 'In diesem Block haben Sie auf 18.8% der sich wiederholenden und auf 20.8% der einzelnen Buchstaben korrekt reagiert.\n\nBitte strengen Sie sich mehr an!\n\nDrücken Sie die Leertaste, um die Instruktion des nächsten Levels zu lesen.'
220.7484 	EXP 	feedback: autoDraw = True
221.9972 	DATA 	Keypress: space
222.0885 	EXP 	feedback: autoDraw = False
222.0885 	EXP 	instructiontext: text = 'Blaues Level\n\nIhnen werden nun nacheinander Buchstaben auf dem Bildschirm präsentiert. Wenn der aktuelle Buchstabe der gleiche ist wie der, der drei zuvor präsentiert wurde, dann drücken Sie bitte die rechte Pfeiltaste. Wenn es nicht der gleiche Buchstabe ist, drücken sie bitte die linke Pfeiltaste.\nReagieren Sie bei jedem Buchstaben bitte so schnell und richtig wie möglich.\n\nrechts = gleicher Buchstabe wie drei zuvor\nlinks = nicht der gleiche Buchstabe wie zuvor\n\nDrücken Sie die Leertaste, um zu beginnen.'
222.0885 	EXP 	instructiontext: autoDraw = True
222.4979 	DATA 	Keypress: space
222.5444 	EXP 	Imported C:\Users\josep\Documents\04_Projekte\01_COG-ED_Revision\Stimuli_Short\3back_run1.xlsx as conditions, 14 conditions, 3 params
222.5461 	EXP 	Created sequence: sequential, trialTypes=14, nReps=1, seed=None
222.5474 	EXP 	New trial (rep=0, index=0): {'Letter': 'R', 'CorrAnswer': 'left', 'Stimulus': 'Distractor'}
222.5595 	EXP 	instructiontext: autoDraw = False
222.5595 	EXP 	fixcross: autoDraw = True
224.5378 	EXP 	fixcross: autoDraw = False
224.5378 	EXP 	trial: text = 'R'
224.5378 	EXP 	trial: autoDraw = True
224.9306 	DATA 	Keypress: left
226.0248 	EXP 	New trial (rep=0, index=1): {'Letter': 'P', 'CorrAnswer': 'left', 'Stimulus': 'Lure'}
226.0382 	EXP 	trial: autoDraw = False
226.0382 	EXP 	fixcross: autoDraw = True
228.0376 	EXP 	fixcross: autoDraw = False
228.0376 	EXP 	trial: text = 'P'
228.0376 	EXP 	trial: autoDraw = True
228.5463 	DATA 	Keypress: left
229.5238 	EXP 	New trial (rep=0, index=2): {'Letter': 'V', 'CorrAnswer': 'left', 'Stimulus': 'Distractor'}
229.5379 	EXP 	trial: autoDraw = False
229.5379 	EXP 	fixcross: autoDraw = True
231.5380 	EXP 	fixcross: autoDraw = False
231.5380 	EXP 	trial: text = 'V'
231.5380 	EXP 	trial: autoDraw = True
232.0135 	DATA 	Keypress: left
233.0235 	EXP 	New trial (rep=0, index=3): {'Letter': 'P', 'CorrAnswer': 'left', 'Stimulus': 'Pretarget'}
233.0377 	EXP 	trial: autoDraw = False
233.0377 	EXP 	fixcross: autoDraw = True
235.0373 	EXP 	fixcross: autoDraw = False
235.0373 	EXP 	trial: text = 'P'
235.0373 	EXP 	trial: autoDraw = True
235.7300 	DATA 	Keypress: left
236.5232 	EXP 	New trial (rep=0, index=4): {'Letter': 'Z', 'CorrAnswer': 'left', 'Stimulus': 'Distractor'}
236.5375 	EXP 	trial: autoDraw = False
236.5375 	EXP 	fixcross: autoDraw = True
238.5371 	EXP 	fixcross: autoDraw = False
238.5371 	EXP 	trial: text = 'Z'
238.5371 	EXP 	trial: autoDraw = True
239.5453 	DATA 	Keypress: left
240.0232 	EXP 	New trial (rep=0, index=5): {'Letter': 'L', 'CorrAnswer': 'left', 'Stimulus': 'Pretarget'}
240.0374 	EXP 	trial: autoDraw = False
240.0374 	EXP 	fixcross: autoDraw = True
242.0369 	EXP 	fixcross: autoDraw = False
242.0369 	EXP 	trial: text = 'L'
242.0369 	EXP 	trial: autoDraw = True
242.5123 	DATA 	Keypress: left
243.5231 	EXP 	New trial (rep=0, index=6): {'Letter': 'P', 'CorrAnswer': 'right', 'Stimulus': 'Target'}
243.5372 	EXP 	trial: autoDraw = False
243.5372 	EXP 	fixcross: autoDraw = True
245.5367 	EXP 	fixcross: autoDraw = False
245.5367 	EXP 	trial: text = 'P'
245.5367 	EXP 	trial: autoDraw = True
246.0785 	DATA 	Keypress: left
247.0228 	EXP 	New trial (rep=0, index=7): {'Letter': 'S', 'CorrAnswer': 'left', 'Stimulus': 'Distractor'}
247.0368 	EXP 	trial: autoDraw = False
247.0368 	EXP 	fixcross: autoDraw = True
249.0369 	EXP 	fixcross: autoDraw = False
249.0369 	EXP 	trial: text = 'S'
249.0369 	EXP 	trial: autoDraw = True
249.7283 	DATA 	Keypress: left
250.5227 	EXP 	New trial (rep=0, index=8): {'Letter': 'L', 'CorrAnswer': 'right', 'Stimulus': 'Target'}
250.5369 	EXP 	trial: autoDraw = False
250.5369 	EXP 	fixcross: autoDraw = True
252.5364 	EXP 	fixcross: autoDraw = False
252.5364 	EXP 	trial: text = 'L'
252.5364 	EXP 	trial: autoDraw = True
253.1280 	DATA 	Keypress: left
254.0225 	EXP 	New trial (rep=0, index=9): {'Letter': 'D', 'CorrAnswer': 'left', 'Stimulus': 'Distractor'}
254.0367 	EXP 	trial: autoDraw = False
254.0367 	EXP 	fixcross: autoDraw = True
256.0377 	EXP 	fixcross: autoDraw = False
256.0377 	EXP 	trial: text = 'D'
256.0377 	EXP 	trial: autoDraw = True
257.5221 	EXP 	New trial (rep=0, index=10): {'Letter': 'G', 'CorrAnswer': 'left', 'Stimulus': 'Distractor'}
257.5365 	EXP 	trial: autoDraw = False
257.5365 	EXP 	fixcross: autoDraw = True
259.5360 	EXP 	fixcross: autoDraw = False
259.5360 	EXP 	trial: text = 'G'
259.5360 	EXP 	trial: autoDraw = True
259.8936 	DATA 	Keypress: left
261.0218 	EXP 	New trial (rep=0, index=11): {'Letter': 'M', 'CorrAnswer': 'left', 'Stimulus': 'Pretarget'}
261.0363 	EXP 	trial: autoDraw = False
261.0363 	EXP 	fixcross: autoDraw = True
263.0378 	EXP 	fixcross: autoDraw = False
263.0378 	EXP 	trial: text = 'M'
263.0378 	EXP 	trial: autoDraw = True
264.5214 	EXP 	New trial (rep=0, index=12): {'Letter': 'Y', 'CorrAnswer': 'left', 'Stimulus': 'Distractor'}
264.5360 	EXP 	trial: autoDraw = False
264.5360 	EXP 	fixcross: autoDraw = True
266.5362 	EXP 	fixcross: autoDraw = False
266.5362 	EXP 	trial: text = 'Y'
266.5362 	EXP 	trial: autoDraw = True
268.0214 	EXP 	New trial (rep=0, index=13): {'Letter': 'V', 'CorrAnswer': 'left', 'Stimulus': 'Distractor'}
268.0359 	EXP 	trial: autoDraw = False
268.0359 	EXP 	fixcross: autoDraw = True
268.6446 	DATA 	Keypress: right
270.0355 	EXP 	fixcross: autoDraw = False
270.0355 	EXP 	trial: text = 'V'
270.0355 	EXP 	trial: autoDraw = True
270.5606 	DATA 	Keypress: left
271.5716 	EXP 	trial: autoDraw = False
271.5716 	EXP 	feedback: text = 'In diesem Block haben Sie auf 0.0% der sich wiederholenden und auf 22.9% der einzelnen Buchstaben korrekt reagiert.\n\nBitte strengen Sie sich mehr an!\n\nDrücken Sie die Leertaste, um einen weiteren Durchgang dieses Levels zu beginnen.'
271.5716 	EXP 	feedback: autoDraw = True
273.1668 	EXP 	Imported C:\Users\josep\Documents\04_Projekte\01_COG-ED_Revision\Stimuli_Short\3back_run2.xlsx as conditions, 14 conditions, 3 params
273.1678 	EXP 	Created sequence: sequential, trialTypes=14, nReps=1, seed=None
273.1687 	EXP 	New trial (rep=0, index=0): {'Letter': 'H', 'CorrAnswer': 'left', 'Stimulus': 'Lure'}
273.1751 	DATA 	Keypress: space
273.1782 	EXP 	feedback: autoDraw = False
273.1782 	EXP 	fixcross: autoDraw = True
275.1687 	EXP 	fixcross: autoDraw = False
275.1687 	EXP 	trial: text = 'H'
275.1687 	EXP 	trial: autoDraw = True
275.4610 	DATA 	Keypress: left
276.6554 	EXP 	New trial (rep=0, index=1): {'Letter': 'B', 'CorrAnswer': 'left', 'Stimulus': 'Distractor'}
276.6688 	EXP 	trial: autoDraw = False
276.6688 	EXP 	fixcross: autoDraw = True
278.6682 	EXP 	fixcross: autoDraw = False
278.6682 	EXP 	trial: text = 'B'
278.6682 	EXP 	trial: autoDraw = True
278.9772 	DATA 	Keypress: left
280.1543 	EXP 	New trial (rep=0, index=2): {'Letter': 'T', 'CorrAnswer': 'left', 'Stimulus': 'Distractor'}
280.1682 	EXP 	trial: autoDraw = False
280.1682 	EXP 	fixcross: autoDraw = True
282.1681 	EXP 	fixcross: autoDraw = False
282.1681 	EXP 	trial: text = 'T'
282.1681 	EXP 	trial: autoDraw = True
282.4935 	DATA 	Keypress: left
283.6543 	EXP 	New trial (rep=0, index=3): {'Letter': 'R', 'CorrAnswer': 'left', 'Stimulus': 'Distractor'}
283.6684 	EXP 	trial: autoDraw = False
283.6684 	EXP 	fixcross: autoDraw = True
285.6681 	EXP 	fixcross: autoDraw = False
285.6681 	EXP 	trial: text = 'R'
285.6681 	EXP 	trial: autoDraw = True
286.3431 	DATA 	Keypress: left
287.1541 	EXP 	New trial (rep=0, index=4): {'Letter': 'H', 'CorrAnswer': 'left', 'Stimulus': 'Pretarget'}
287.1679 	EXP 	trial: autoDraw = False
287.1679 	EXP 	fixcross: autoDraw = True
289.1678 	EXP 	fixcross: autoDraw = False
289.1678 	EXP 	trial: text = 'H'
289.1678 	EXP 	trial: autoDraw = True
289.5263 	DATA 	Keypress: left
290.6539 	EXP 	New trial (rep=0, index=5): {'Letter': 'K', 'CorrAnswer': 'left', 'Stimulus': 'Distractor'}
290.6681 	EXP 	trial: autoDraw = False
290.6681 	EXP 	fixcross: autoDraw = True
292.6676 	EXP 	fixcross: autoDraw = False
292.6676 	EXP 	trial: text = 'K'
292.6676 	EXP 	trial: autoDraw = True
292.9430 	DATA 	Keypress: left
294.1538 	EXP 	New trial (rep=0, index=6): {'Letter': 'G', 'CorrAnswer': 'left', 'Stimulus': 'Distractor'}
294.1678 	EXP 	trial: autoDraw = False
294.1678 	EXP 	fixcross: autoDraw = True
296.1674 	EXP 	fixcross: autoDraw = False
296.1674 	EXP 	trial: text = 'G'
296.1674 	EXP 	trial: autoDraw = True
296.5618 	DATA 	Keypress: left
297.6535 	EXP 	New trial (rep=0, index=7): {'Letter': 'H', 'CorrAnswer': 'right', 'Stimulus': 'Target'}
297.6677 	EXP 	trial: autoDraw = False
297.6677 	EXP 	fixcross: autoDraw = True
299.6674 	EXP 	fixcross: autoDraw = False
299.6674 	EXP 	trial: text = 'H'
299.6674 	EXP 	trial: autoDraw = True
300.0760 	DATA 	Keypress: left
301.1533 	EXP 	New trial (rep=0, index=8): {'Letter': 'Y', 'CorrAnswer': 'left', 'Stimulus': 'Pretarget'}
301.1675 	EXP 	trial: autoDraw = False
301.1675 	EXP 	fixcross: autoDraw = True
303.1670 	EXP 	fixcross: autoDraw = False
303.1670 	EXP 	trial: text = 'Y'
303.1670 	EXP 	trial: autoDraw = True
303.4434 	DATA 	Keypress: left
304.6529 	EXP 	New trial (rep=0, index=9): {'Letter': 'S', 'CorrAnswer': 'left', 'Stimulus': 'Distractor'}
304.6673 	EXP 	trial: autoDraw = False
304.6673 	EXP 	fixcross: autoDraw = True
306.0256 	DATA 	Keypress: left
306.6669 	EXP 	fixcross: autoDraw = False
306.6669 	EXP 	trial: text = 'S'
306.6669 	EXP 	trial: autoDraw = True
307.0089 	DATA 	Keypress: right
308.1530 	EXP 	New trial (rep=0, index=10): {'Letter': 'P', 'CorrAnswer': 'left', 'Stimulus': 'Distractor'}
308.1671 	EXP 	trial: autoDraw = False
308.1671 	EXP 	fixcross: autoDraw = True
310.1670 	EXP 	fixcross: autoDraw = False
310.1670 	EXP 	trial: text = 'P'
310.1670 	EXP 	trial: autoDraw = True
310.4588 	DATA 	Keypress: right
311.6528 	EXP 	New trial (rep=0, index=11): {'Letter': 'Y', 'CorrAnswer': 'right', 'Stimulus': 'Target'}
311.6667 	EXP 	trial: autoDraw = False
311.6667 	EXP 	fixcross: autoDraw = True
313.6665 	EXP 	fixcross: autoDraw = False
313.6665 	EXP 	trial: text = 'Y'
313.6665 	EXP 	trial: autoDraw = True
314.0758 	DATA 	Keypress: right
315.1527 	EXP 	New trial (rep=0, index=12): {'Letter': 'H', 'CorrAnswer': 'left', 'Stimulus': 'Lure'}
315.1668 	EXP 	trial: autoDraw = False
315.1668 	EXP 	fixcross: autoDraw = True
317.1663 	EXP 	fixcross: autoDraw = False
317.1663 	EXP 	trial: text = 'H'
317.1663 	EXP 	trial: autoDraw = True
317.4763 	DATA 	Keypress: left
318.6522 	EXP 	New trial (rep=0, index=13): {'Letter': 'Q', 'CorrAnswer': 'left', 'Stimulus': 'Distractor'}
318.6666 	EXP 	trial: autoDraw = False
318.6666 	EXP 	fixcross: autoDraw = True
320.6662 	EXP 	fixcross: autoDraw = False
320.6662 	EXP 	trial: text = 'Q'
320.6662 	EXP 	trial: autoDraw = True
320.9918 	DATA 	Keypress: left
322.1928 	EXP 	trial: autoDraw = False
322.1928 	EXP 	feedback: text = 'In diesem Block haben Sie auf 18.8% der sich wiederholenden und auf 22.9% der einzelnen Buchstaben korrekt reagiert.\n\nBitte strengen Sie sich mehr an!\n\nDrücken Sie die Leertaste, um die Instruktion des nächsten Levels zu lesen.'
322.1928 	EXP 	feedback: autoDraw = True
323.4664 	DATA 	Keypress: space
323.4704 	EXP 	feedback: autoDraw = False
323.4704 	EXP 	instructiontext: text = 'Grünes Level\n\nIhnen werden nun nacheinander Buchstaben auf dem Bildschirm präsentiert. Wenn der aktuelle Buchstabe der gleiche ist wie der, der vier zuvor präsentiert wurde, dann drücken Sie bitte die rechte Pfeiltaste. Wenn es nicht der gleiche Buchstabe ist, drücken sie bitte die linke Pfeiltaste.\nReagieren Sie bei jedem Buchstaben bitte so schnell und richtig wie möglich.\n\nrechts = gleicher Buchstabe wie vier zuvor\nlinks = nicht der gleiche Buchstabe wie zuvor\n\nDrücken Sie die Leertaste, um zu beginnen.'
323.4704 	EXP 	instructiontext: autoDraw = True
323.9420 	DATA 	Keypress: space
323.9819 	EXP 	Imported C:\Users\josep\Documents\04_Projekte\01_COG-ED_Revision\Stimuli_Short\4back_run1.xlsx as conditions, 14 conditions, 3 params
323.9828 	EXP 	Created sequence: sequential, trialTypes=14, nReps=1, seed=None
323.9837 	EXP 	New trial (rep=0, index=0): {'Letter': 'R', 'CorrAnswer': 'left', 'Stimulus': 'Distractor'}
323.9929 	EXP 	instructiontext: autoDraw = False
323.9929 	EXP 	fixcross: autoDraw = True
325.9826 	EXP 	fixcross: autoDraw = False
325.9826 	EXP 	trial: text = 'R'
325.9826 	EXP 	trial: autoDraw = True
326.3078 	DATA 	Keypress: left
327.4689 	EXP 	New trial (rep=0, index=1): {'Letter': 'F', 'CorrAnswer': 'left', 'Stimulus': 'Distractor'}
327.4823 	EXP 	trial: autoDraw = False
327.4823 	EXP 	fixcross: autoDraw = True
329.4823 	EXP 	fixcross: autoDraw = False
329.4823 	EXP 	trial: text = 'F'
329.4823 	EXP 	trial: autoDraw = True
329.9574 	DATA 	Keypress: left
330.9685 	EXP 	New trial (rep=0, index=2): {'Letter': 'P', 'CorrAnswer': 'left', 'Stimulus': 'Pretarget'}
330.9826 	EXP 	trial: autoDraw = False
330.9826 	EXP 	fixcross: autoDraw = True
332.9824 	EXP 	fixcross: autoDraw = False
332.9824 	EXP 	trial: text = 'P'
332.9824 	EXP 	trial: autoDraw = True
333.2906 	DATA 	Keypress: left
334.4683 	EXP 	New trial (rep=0, index=3): {'Letter': 'H', 'CorrAnswer': 'left', 'Stimulus': 'Distractor'}
334.4824 	EXP 	trial: autoDraw = False
334.4824 	EXP 	fixcross: autoDraw = True
336.4820 	EXP 	fixcross: autoDraw = False
336.4820 	EXP 	trial: text = 'H'
336.4820 	EXP 	trial: autoDraw = True
336.8097 	DATA 	Keypress: left
337.9677 	EXP 	New trial (rep=0, index=4): {'Letter': 'Z', 'CorrAnswer': 'left', 'Stimulus': 'Distractor'}
337.9820 	EXP 	trial: autoDraw = False
337.9820 	EXP 	fixcross: autoDraw = True
339.9818 	EXP 	fixcross: autoDraw = False
339.9818 	EXP 	trial: text = 'Z'
339.9818 	EXP 	trial: autoDraw = True
340.2746 	DATA 	Keypress: left
341.4679 	EXP 	New trial (rep=0, index=5): {'Letter': 'T', 'CorrAnswer': 'left', 'Stimulus': 'Distractor'}
341.4818 	EXP 	trial: autoDraw = False
341.4818 	EXP 	fixcross: autoDraw = True
342.2903 	DATA 	Keypress: left
343.4819 	EXP 	fixcross: autoDraw = False
343.4819 	EXP 	trial: text = 'T'
343.4819 	EXP 	trial: autoDraw = True
343.9061 	DATA 	Keypress: left
344.9678 	EXP 	New trial (rep=0, index=6): {'Letter': 'P', 'CorrAnswer': 'right', 'Stimulus': 'Target'}
344.9819 	EXP 	trial: autoDraw = False
344.9819 	EXP 	fixcross: autoDraw = True
346.9814 	EXP 	fixcross: autoDraw = False
346.9814 	EXP 	trial: text = 'P'
346.9814 	EXP 	trial: autoDraw = True
347.4568 	DATA 	Keypress: left
348.4676 	EXP 	New trial (rep=0, index=7): {'Letter': 'G', 'CorrAnswer': 'left', 'Stimulus': 'Distractor'}
348.4817 	EXP 	trial: autoDraw = False
348.4817 	EXP 	fixcross: autoDraw = True
350.4812 	EXP 	fixcross: autoDraw = False
350.4812 	EXP 	trial: text = 'G'
350.4812 	EXP 	trial: autoDraw = True
351.0231 	DATA 	Keypress: left
351.9673 	EXP 	New trial (rep=0, index=8): {'Letter': 'L', 'CorrAnswer': 'left', 'Stimulus': 'Distractor'}
351.9815 	EXP 	trial: autoDraw = False
351.9815 	EXP 	fixcross: autoDraw = True
353.9810 	EXP 	fixcross: autoDraw = False
353.9810 	EXP 	trial: text = 'L'
353.9810 	EXP 	trial: autoDraw = True
353.9908 	DATA 	Keypress: left
354.7567 	DATA 	Keypress: left
355.4672 	EXP 	New trial (rep=0, index=9): {'Letter': 'P', 'CorrAnswer': 'left', 'Stimulus': 'Lure'}
355.4810 	EXP 	trial: autoDraw = False
355.4810 	EXP 	fixcross: autoDraw = True
357.4811 	EXP 	fixcross: autoDraw = False
357.4811 	EXP 	trial: text = 'P'
357.4811 	EXP 	trial: autoDraw = True
358.1065 	DATA 	Keypress: left
358.1595 	DATA 	Keypress: right
358.9670 	EXP 	New trial (rep=0, index=10): {'Letter': 'Q', 'CorrAnswer': 'left', 'Stimulus': 'Pretarget'}
358.9811 	EXP 	trial: autoDraw = False
358.9811 	EXP 	fixcross: autoDraw = True
360.9807 	EXP 	fixcross: autoDraw = False
360.9807 	EXP 	trial: text = 'Q'
360.9807 	EXP 	trial: autoDraw = True
361.2891 	DATA 	Keypress: right
362.4668 	EXP 	New trial (rep=0, index=11): {'Letter': 'D', 'CorrAnswer': 'left', 'Stimulus': 'Distractor'}
362.4809 	EXP 	trial: autoDraw = False
362.4809 	EXP 	fixcross: autoDraw = True
364.4805 	EXP 	fixcross: autoDraw = False
364.4805 	EXP 	trial: text = 'D'
364.4805 	EXP 	trial: autoDraw = True
364.9744 	DATA 	Keypress: right
365.9659 	EXP 	New trial (rep=0, index=12): {'Letter': 'M', 'CorrAnswer': 'left', 'Stimulus': 'Pretarget'}
365.9802 	EXP 	trial: autoDraw = False
365.9802 	EXP 	fixcross: autoDraw = True
367.9806 	EXP 	fixcross: autoDraw = False
367.9806 	EXP 	trial: text = 'M'
367.9806 	EXP 	trial: autoDraw = True
368.2557 	DATA 	Keypress: left
369.4664 	EXP 	New trial (rep=0, index=13): {'Letter': 'C', 'CorrAnswer': 'left', 'Stimulus': 'Distractor'}
369.4806 	EXP 	trial: autoDraw = False
369.4806 	EXP 	fixcross: autoDraw = True
370.0884 	DATA 	Keypress: left
371.4848 	EXP 	fixcross: autoDraw = False
371.4848 	EXP 	trial: text = 'C'
371.4848 	EXP 	trial: autoDraw = True
371.7728 	DATA 	Keypress: left
373.0102 	EXP 	trial: autoDraw = False
373.0102 	EXP 	feedback: text = 'In diesem Block haben Sie auf 12.5% der sich wiederholenden und auf 25.0% der einzelnen Buchstaben korrekt reagiert.\n\nBitte strengen Sie sich mehr an!\n\nDrücken Sie die Leertaste, um einen weiteren Durchgang dieses Levels zu beginnen.'
373.0102 	EXP 	feedback: autoDraw = True
374.3216 	DATA 	Keypress: space
374.3613 	EXP 	Imported C:\Users\josep\Documents\04_Projekte\01_COG-ED_Revision\Stimuli_Short\4back_run2.xlsx as conditions, 14 conditions, 3 params
374.3623 	EXP 	Created sequence: sequential, trialTypes=14, nReps=1, seed=None
374.3632 	EXP 	New trial (rep=0, index=0): {'Letter': 'J', 'CorrAnswer': 'left', 'Stimulus': 'Pretarget'}
374.3722 	EXP 	feedback: autoDraw = False
374.3722 	EXP 	fixcross: autoDraw = True
376.3684 	EXP 	fixcross: autoDraw = False
376.3684 	EXP 	trial: text = 'J'
376.3684 	EXP 	trial: autoDraw = True
376.7053 	DATA 	Keypress: left
377.8497 	EXP 	New trial (rep=0, index=1): {'Letter': 'G', 'CorrAnswer': 'left', 'Stimulus': 'Pretarget'}
377.8634 	EXP 	trial: autoDraw = False
377.8634 	EXP 	fixcross: autoDraw = True
379.8633 	EXP 	fixcross: autoDraw = False
379.8633 	EXP 	trial: text = 'G'
379.8633 	EXP 	trial: autoDraw = True
380.4214 	DATA 	Keypress: right
381.3492 	EXP 	New trial (rep=0, index=2): {'Letter': 'Z', 'CorrAnswer': 'left', 'Stimulus': 'Distractor'}
381.3633 	EXP 	trial: autoDraw = False
381.3633 	EXP 	fixcross: autoDraw = True
383.3631 	EXP 	fixcross: autoDraw = False
383.3631 	EXP 	trial: text = 'Z'
383.3631 	EXP 	trial: autoDraw = True
383.7548 	DATA 	Keypress: right
384.8490 	EXP 	New trial (rep=0, index=3): {'Letter': 'F', 'CorrAnswer': 'left', 'Stimulus': 'Distractor'}
384.8631 	EXP 	trial: autoDraw = False
384.8631 	EXP 	fixcross: autoDraw = True
386.8627 	EXP 	fixcross: autoDraw = False
386.8627 	EXP 	trial: text = 'F'
386.8627 	EXP 	trial: autoDraw = True
387.4546 	DATA 	Keypress: right
388.3488 	EXP 	New trial (rep=0, index=4): {'Letter': 'J', 'CorrAnswer': 'right', 'Stimulus': 'Target'}
388.3626 	EXP 	trial: autoDraw = False
388.3626 	EXP 	fixcross: autoDraw = True
390.3625 	EXP 	fixcross: autoDraw = False
390.3625 	EXP 	trial: text = 'J'
390.3625 	EXP 	trial: autoDraw = True
390.6712 	DATA 	Keypress: left
391.8486 	EXP 	New trial (rep=0, index=5): {'Letter': 'G', 'CorrAnswer': 'right', 'Stimulus': 'Target'}
391.8627 	EXP 	trial: autoDraw = False
391.8627 	EXP 	fixcross: autoDraw = True
393.8623 	EXP 	fixcross: autoDraw = False
393.8623 	EXP 	trial: text = 'G'
393.8623 	EXP 	trial: autoDraw = True
394.4379 	DATA 	Keypress: left
395.3484 	EXP 	New trial (rep=0, index=6): {'Letter': 'H', 'CorrAnswer': 'left', 'Stimulus': 'Distractor'}
395.3626 	EXP 	trial: autoDraw = False
395.3626 	EXP 	fixcross: autoDraw = True
397.3623 	EXP 	fixcross: autoDraw = False
397.3623 	EXP 	trial: text = 'H'
397.3623 	EXP 	trial: autoDraw = True
397.6723 	DATA 	Keypress: right
398.8479 	EXP 	New trial (rep=0, index=7): {'Letter': 'P', 'CorrAnswer': 'left', 'Stimulus': 'Distractor'}
398.8624 	EXP 	trial: autoDraw = False
398.8624 	EXP 	fixcross: autoDraw = True
400.8619 	EXP 	fixcross: autoDraw = False
400.8619 	EXP 	trial: text = 'P'
400.8619 	EXP 	trial: autoDraw = True
401.2709 	DATA 	Keypress: right
402.3480 	EXP 	New trial (rep=0, index=8): {'Letter': 'G', 'CorrAnswer': 'left', 'Stimulus': 'Lure'}
402.3622 	EXP 	trial: autoDraw = False
402.3622 	EXP 	fixcross: autoDraw = True
404.3617 	EXP 	fixcross: autoDraw = False
404.3617 	EXP 	trial: text = 'G'
404.3617 	EXP 	trial: autoDraw = True
404.9218 	DATA 	Keypress: right
405.8478 	EXP 	New trial (rep=0, index=9): {'Letter': 'S', 'CorrAnswer': 'left', 'Stimulus': 'Distractor'}
405.8620 	EXP 	trial: autoDraw = False
405.8620 	EXP 	fixcross: autoDraw = True
407.8615 	EXP 	fixcross: autoDraw = False
407.8615 	EXP 	trial: text = 'S'
407.8615 	EXP 	trial: autoDraw = True
408.6706 	DATA 	Keypress: left
409.3477 	EXP 	New trial (rep=0, index=10): {'Letter': 'R', 'CorrAnswer': 'left', 'Stimulus': 'Pretarget'}
409.3616 	EXP 	trial: autoDraw = False
409.3616 	EXP 	fixcross: autoDraw = True
411.3618 	EXP 	fixcross: autoDraw = False
411.3618 	EXP 	trial: text = 'R'
411.3618 	EXP 	trial: autoDraw = True
412.0374 	DATA 	Keypress: left
412.8475 	EXP 	New trial (rep=0, index=11): {'Letter': 'T', 'CorrAnswer': 'left', 'Stimulus': 'Pretarget'}
412.8616 	EXP 	trial: autoDraw = False
412.8616 	EXP 	fixcross: autoDraw = True
414.8615 	EXP 	fixcross: autoDraw = False
414.8615 	EXP 	trial: text = 'T'
414.8615 	EXP 	trial: autoDraw = True
415.2220 	DATA 	Keypress: right
416.3473 	EXP 	New trial (rep=0, index=12): {'Letter': 'X', 'CorrAnswer': 'left', 'Stimulus': 'Distractor'}
416.3615 	EXP 	trial: autoDraw = False
416.3615 	EXP 	fixcross: autoDraw = True
418.3610 	EXP 	fixcross: autoDraw = False
418.3610 	EXP 	trial: text = 'X'
418.3610 	EXP 	trial: autoDraw = True
418.8205 	DATA 	Keypress: left
419.8471 	EXP 	New trial (rep=0, index=13): {'Letter': 'F', 'CorrAnswer': 'left', 'Stimulus': 'Pretarget'}
419.8613 	EXP 	trial: autoDraw = False
419.8613 	EXP 	fixcross: autoDraw = True
421.8609 	EXP 	fixcross: autoDraw = False
421.8609 	EXP 	trial: text = 'F'
421.8609 	EXP 	trial: autoDraw = True
422.5027 	DATA 	Keypress: right
423.3977 	EXP 	trial: autoDraw = False
423.3977 	EXP 	feedback: text = 'In diesem Block haben Sie auf 50.0% der sich wiederholenden und auf 12.5% der einzelnen Buchstaben korrekt reagiert.\n\nBitte strengen Sie sich mehr an!\n\nDrücken Sie die Leertaste, um mit dem nächsten Teil des Experiments zu beginnen.'
423.3977 	EXP 	feedback: autoDraw = True
427.2724 	DATA 	Keypress: space
427.2784 	EXP 	feedback: autoDraw = False
427.2784 	EXP 	text: autoDraw = True
428.3867 	DATA 	Keypress: space
428.4208 	EXP 	Imported C:\Users\josep\Documents\04_Projekte\01_COG-ED_Revision\Stimuli_Short\Moneyvalues.xlsx as conditions, 7 conditions, 1 params
428.4216 	EXP 	Created sequence: sequential, trialTypes=7, nReps=1, seed=None
428.4224 	EXP 	New trial (rep=0, index=0): {'Currentstep': 0}
428.4315 	EXP 	text: autoDraw = False
428.4315 	EXP 	EDbufferscreen: autoDraw = True
428.8656 	EXP 	EDbufferscreen: autoDraw = False
428.8656 	EXP 	question: autoDraw = True
430.5084 	DATA 	Mouse: Left button down, pos=(826,333)
430.5214 	EXP 	New trial (rep=0, index=1): {'Currentstep': 1}
430.5307 	EXP 	question: autoDraw = False
430.5307 	EXP 	EDbufferscreen: autoDraw = True
430.7021 	DATA 	Mouse:  Left button up, pos=(826,333)
430.8754 	EXP 	EDbufferscreen: autoDraw = False
430.8754 	EXP 	question: autoDraw = True
431.2700 	DATA 	Mouse: Left button down, pos=(826,333)
431.2819 	EXP 	New trial (rep=0, index=2): {'Currentstep': 2}
431.2908 	EXP 	question: autoDraw = False
431.2908 	EXP 	EDbufferscreen: autoDraw = True
431.5018 	DATA 	Mouse:  Left button up, pos=(826,333)
431.6419 	EXP 	EDbufferscreen: autoDraw = False
431.6419 	EXP 	question: autoDraw = True
431.9481 	DATA 	Mouse: Left button down, pos=(826,333)
431.9601 	EXP 	New trial (rep=0, index=3): {'Currentstep': 3}
431.9692 	EXP 	question: autoDraw = False
431.9692 	EXP 	EDbufferscreen: autoDraw = True
432.1695 	DATA 	Mouse:  Left button up, pos=(826,333)
432.2982 	EXP 	EDbufferscreen: autoDraw = False
432.2982 	EXP 	question: autoDraw = True
433.1639 	DATA 	Mouse: Left button down, pos=(1060,334)
433.1764 	EXP 	New trial (rep=0, index=4): {'Currentstep': 4}
433.1861 	EXP 	question: autoDraw = False
433.1861 	EXP 	EDbufferscreen: autoDraw = True
433.3866 	DATA 	Mouse:  Left button up, pos=(1060,334)
433.5378 	EXP 	EDbufferscreen: autoDraw = False
433.5378 	EXP 	question: autoDraw = True
433.8850 	DATA 	Mouse: Left button down, pos=(1060,334)
433.8969 	EXP 	New trial (rep=0, index=5): {'Currentstep': 5}
433.9061 	EXP 	question: autoDraw = False
433.9061 	EXP 	EDbufferscreen: autoDraw = True
434.1195 	DATA 	Mouse:  Left button up, pos=(1060,334)
434.2537 	EXP 	EDbufferscreen: autoDraw = False
434.2537 	EXP 	question: autoDraw = True
434.5337 	DATA 	Mouse: Left button down, pos=(1060,334)
434.5412 	EXP 	New trial (rep=0, index=6): {'Currentstep': 6}
434.5502 	EXP 	question: autoDraw = False
434.5502 	EXP 	EDbufferscreen: autoDraw = True
434.7518 	DATA 	Mouse:  Left button up, pos=(1060,334)
434.8906 	EXP 	EDbufferscreen: autoDraw = False
434.8906 	EXP 	question: autoDraw = True
435.9607 	DATA 	Mouse: Left button down, pos=(879,382)
435.9916 	EXP 	Imported C:\Users\josep\Documents\04_Projekte\01_COG-ED_Revision\Stimuli_Short\Moneyvalues.xlsx as conditions, 7 conditions, 1 params
435.9925 	EXP 	Created sequence: sequential, trialTypes=7, nReps=1, seed=None
435.9934 	EXP 	New trial (rep=0, index=0): {'Currentstep': 0}
436.0023 	EXP 	question: autoDraw = False
436.0023 	EXP 	EDbufferscreen: autoDraw = True
436.1867 	DATA 	Mouse:  Left button up, pos=(879,382)
436.3319 	EXP 	EDbufferscreen: autoDraw = False
436.3319 	EXP 	question: autoDraw = True
438.3206 	DATA 	Mouse: Left button down, pos=(783,386)
438.3345 	EXP 	New trial (rep=0, index=1): {'Currentstep': 1}
438.3438 	EXP 	question: autoDraw = False
438.3438 	EXP 	EDbufferscreen: autoDraw = True
438.5530 	DATA 	Mouse:  Left button up, pos=(783,386)
438.6815 	EXP 	EDbufferscreen: autoDraw = False
438.6815 	EXP 	question: autoDraw = True
438.9868 	DATA 	Mouse: Left button down, pos=(783,386)
438.9989 	EXP 	New trial (rep=0, index=2): {'Currentstep': 2}
439.0082 	EXP 	question: autoDraw = False
439.0082 	EXP 	EDbufferscreen: autoDraw = True
439.2184 	DATA 	Mouse:  Left button up, pos=(783,386)
439.3465 	EXP 	EDbufferscreen: autoDraw = False
439.3465 	EXP 	question: autoDraw = True
439.7242 	DATA 	Mouse: Left button down, pos=(783,386)
439.7362 	EXP 	New trial (rep=0, index=3): {'Currentstep': 3}
439.7450 	EXP 	question: autoDraw = False
439.7450 	EXP 	EDbufferscreen: autoDraw = True
439.9527 	DATA 	Mouse:  Left button up, pos=(783,386)
440.0803 	EXP 	EDbufferscreen: autoDraw = False
440.0803 	EXP 	question: autoDraw = True
440.3018 	DATA 	Mouse: Left button down, pos=(783,386)
440.3136 	EXP 	New trial (rep=0, index=4): {'Currentstep': 4}
440.3222 	EXP 	question: autoDraw = False
440.3222 	EXP 	EDbufferscreen: autoDraw = True
440.5358 	DATA 	Mouse:  Left button up, pos=(783,386)
440.6637 	EXP 	EDbufferscreen: autoDraw = False
440.6637 	EXP 	question: autoDraw = True
441.4025 	DATA 	Mouse: Left button down, pos=(1090,378)
441.4142 	EXP 	New trial (rep=0, index=5): {'Currentstep': 5}
441.4232 	EXP 	question: autoDraw = False
441.4232 	EXP 	EDbufferscreen: autoDraw = True
441.6021 	DATA 	Mouse:  Left button up, pos=(1090,378)
441.7755 	EXP 	EDbufferscreen: autoDraw = False
441.7755 	EXP 	question: autoDraw = True
442.1514 	DATA 	Mouse: Left button down, pos=(1090,378)
442.1635 	EXP 	New trial (rep=0, index=6): {'Currentstep': 6}
442.1727 	EXP 	question: autoDraw = False
442.1727 	EXP 	EDbufferscreen: autoDraw = True
442.3690 	DATA 	Mouse:  Left button up, pos=(1090,378)
442.5132 	EXP 	EDbufferscreen: autoDraw = False
442.5132 	EXP 	question: autoDraw = True
442.8912 	DATA 	Mouse: Left button down, pos=(1090,378)
442.9231 	EXP 	Imported C:\Users\josep\Documents\04_Projekte\01_COG-ED_Revision\Stimuli_Short\Moneyvalues.xlsx as conditions, 7 conditions, 1 params
442.9240 	EXP 	Created sequence: sequential, trialTypes=7, nReps=1, seed=None
442.9249 	EXP 	New trial (rep=0, index=0): {'Currentstep': 0}
442.9341 	EXP 	question: autoDraw = False
442.9341 	EXP 	EDbufferscreen: autoDraw = True
443.1187 	DATA 	Mouse:  Left button up, pos=(1090,378)
443.2791 	EXP 	EDbufferscreen: autoDraw = False
443.2791 	EXP 	question: autoDraw = True
444.1818 	DATA 	Mouse: Left button down, pos=(796,378)
444.1952 	EXP 	New trial (rep=0, index=1): {'Currentstep': 1}
444.2042 	EXP 	question: autoDraw = False
444.2042 	EXP 	EDbufferscreen: autoDraw = True
444.4023 	DATA 	Mouse:  Left button up, pos=(796,378)
444.5465 	EXP 	EDbufferscreen: autoDraw = False
444.5465 	EXP 	question: autoDraw = True
445.1625 	DATA 	Mouse: Left button down, pos=(796,378)
445.1745 	EXP 	New trial (rep=0, index=2): {'Currentstep': 2}
445.1846 	EXP 	question: autoDraw = False
445.1846 	EXP 	EDbufferscreen: autoDraw = True
445.3687 	DATA 	Mouse:  Left button up, pos=(796,378)
445.5134 	EXP 	EDbufferscreen: autoDraw = False
445.5134 	EXP 	question: autoDraw = True
446.2743 	DATA 	Mouse: Left button down, pos=(796,378)
446.2860 	EXP 	New trial (rep=0, index=3): {'Currentstep': 3}
446.2956 	EXP 	question: autoDraw = False
446.2956 	EXP 	EDbufferscreen: autoDraw = True
446.4849 	DATA 	Mouse:  Left button up, pos=(796,378)
446.6297 	EXP 	EDbufferscreen: autoDraw = False
446.6297 	EXP 	question: autoDraw = True
446.8438 	DATA 	Mouse: Left button down, pos=(796,378)
446.8557 	EXP 	New trial (rep=0, index=4): {'Currentstep': 4}
446.8648 	EXP 	question: autoDraw = False
446.8648 	EXP 	EDbufferscreen: autoDraw = True
447.0845 	DATA 	Mouse:  Left button up, pos=(796,378)
447.1967 	EXP 	EDbufferscreen: autoDraw = False
447.1967 	EXP 	question: autoDraw = True
447.4780 	DATA 	Mouse: Left button down, pos=(796,378)
447.4897 	EXP 	New trial (rep=0, index=5): {'Currentstep': 5}
447.4992 	EXP 	question: autoDraw = False
447.4992 	EXP 	EDbufferscreen: autoDraw = True
447.7016 	DATA 	Mouse:  Left button up, pos=(796,378)
447.8421 	EXP 	EDbufferscreen: autoDraw = False
447.8421 	EXP 	question: autoDraw = True
448.2725 	DATA 	Mouse: Left button down, pos=(796,378)
448.2804 	EXP 	New trial (rep=0, index=6): {'Currentstep': 6}
448.2888 	EXP 	question: autoDraw = False
448.2888 	EXP 	EDbufferscreen: autoDraw = True
448.5023 	DATA 	Mouse:  Left button up, pos=(796,378)
448.6298 	EXP 	EDbufferscreen: autoDraw = False
448.6298 	EXP 	question: autoDraw = True
449.1805 	DATA 	Mouse: Left button down, pos=(796,378)
449.2119 	EXP 	Imported C:\Users\josep\Documents\04_Projekte\01_COG-ED_Revision\Stimuli_Short\Moneyvalues.xlsx as conditions, 7 conditions, 1 params
449.2128 	EXP 	Created sequence: sequential, trialTypes=7, nReps=1, seed=None
449.2137 	EXP 	New trial (rep=0, index=0): {'Currentstep': 0}
449.2232 	EXP 	question: autoDraw = False
449.2232 	EXP 	EDbufferscreen: autoDraw = True
449.3851 	DATA 	Mouse:  Left button up, pos=(796,378)
449.5303 	EXP 	EDbufferscreen: autoDraw = False
449.5303 	EXP 	question: autoDraw = True
451.0471 	DATA 	Mouse: Left button down, pos=(1073,363)
451.0611 	EXP 	New trial (rep=0, index=1): {'Currentstep': 1}
451.0699 	EXP 	question: autoDraw = False
451.0699 	EXP 	EDbufferscreen: autoDraw = True
451.2851 	DATA 	Mouse:  Left button up, pos=(1073,363)
451.4135 	EXP 	EDbufferscreen: autoDraw = False
451.4135 	EXP 	question: autoDraw = True
451.7482 	DATA 	Mouse: Left button down, pos=(1073,363)
451.7602 	EXP 	New trial (rep=0, index=2): {'Currentstep': 2}
451.7690 	EXP 	question: autoDraw = False
451.7690 	EXP 	EDbufferscreen: autoDraw = True
451.9682 	DATA 	Mouse:  Left button up, pos=(1073,363)
452.0966 	EXP 	EDbufferscreen: autoDraw = False
452.0966 	EXP 	question: autoDraw = True
452.3184 	DATA 	Mouse: Left button down, pos=(1073,363)
452.3301 	EXP 	New trial (rep=0, index=3): {'Currentstep': 3}
452.3386 	EXP 	question: autoDraw = False
452.3386 	EXP 	EDbufferscreen: autoDraw = True
452.5516 	DATA 	Mouse:  Left button up, pos=(1073,363)
452.6799 	EXP 	EDbufferscreen: autoDraw = False
452.6799 	EXP 	question: autoDraw = True
453.4109 	DATA 	Mouse: Left button down, pos=(787,382)
453.4223 	EXP 	New trial (rep=0, index=4): {'Currentstep': 4}
453.4308 	EXP 	question: autoDraw = False
453.4308 	EXP 	EDbufferscreen: autoDraw = True
453.6345 	DATA 	Mouse:  Left button up, pos=(787,382)
453.7627 	EXP 	EDbufferscreen: autoDraw = False
453.7627 	EXP 	question: autoDraw = True
454.4176 	DATA 	Mouse: Left button down, pos=(1071,389)
454.4297 	EXP 	New trial (rep=0, index=5): {'Currentstep': 5}
454.4392 	EXP 	question: autoDraw = False
454.4392 	EXP 	EDbufferscreen: autoDraw = True
454.6354 	DATA 	Mouse:  Left button up, pos=(1071,389)
454.7797 	EXP 	EDbufferscreen: autoDraw = False
454.7797 	EXP 	question: autoDraw = True
455.0143 	DATA 	Mouse: Left button down, pos=(1071,389)
455.0268 	EXP 	New trial (rep=0, index=6): {'Currentstep': 6}
455.0357 	EXP 	question: autoDraw = False
455.0357 	EXP 	EDbufferscreen: autoDraw = True
455.2349 	DATA 	Mouse:  Left button up, pos=(1071,389)
455.3788 	EXP 	EDbufferscreen: autoDraw = False
455.3788 	EXP 	question: autoDraw = True
456.3375 	DATA 	Mouse: Left button down, pos=(1071,389)
456.3681 	EXP 	Imported C:\Users\josep\Documents\04_Projekte\01_COG-ED_Revision\Stimuli_Short\Moneyvalues.xlsx as conditions, 7 conditions, 1 params
456.3690 	EXP 	Created sequence: sequential, trialTypes=7, nReps=1, seed=None
456.3698 	EXP 	New trial (rep=0, index=0): {'Currentstep': 0}
456.3785 	EXP 	question: autoDraw = False
456.3785 	EXP 	EDbufferscreen: autoDraw = True
456.5511 	DATA 	Mouse:  Left button up, pos=(1071,389)
456.6963 	EXP 	EDbufferscreen: autoDraw = False
456.6963 	EXP 	question: autoDraw = True
457.1251 	DATA 	Mouse: Left button down, pos=(1071,389)
457.1388 	EXP 	New trial (rep=0, index=1): {'Currentstep': 1}
457.1474 	EXP 	question: autoDraw = False
457.1474 	EXP 	EDbufferscreen: autoDraw = True
457.3346 	DATA 	Mouse:  Left button up, pos=(1071,389)
457.4794 	EXP 	EDbufferscreen: autoDraw = False
457.4794 	EXP 	question: autoDraw = True
458.1700 	DATA 	Mouse: Left button down, pos=(1071,389)
458.1778 	EXP 	New trial (rep=0, index=2): {'Currentstep': 2}
458.1874 	EXP 	question: autoDraw = False
458.1874 	EXP 	EDbufferscreen: autoDraw = True
458.4010 	DATA 	Mouse:  Left button up, pos=(1071,389)
458.5297 	EXP 	EDbufferscreen: autoDraw = False
458.5297 	EXP 	question: autoDraw = True
459.2223 	DATA 	Mouse: Left button down, pos=(1071,389)
459.2307 	EXP 	New trial (rep=0, index=3): {'Currentstep': 3}
459.2398 	EXP 	question: autoDraw = False
459.2398 	EXP 	EDbufferscreen: autoDraw = True
459.4502 	DATA 	Mouse:  Left button up, pos=(1071,389)
459.5799 	EXP 	EDbufferscreen: autoDraw = False
459.5799 	EXP 	question: autoDraw = True
460.4455 	DATA 	Mouse: Left button down, pos=(1071,389)
460.4579 	EXP 	New trial (rep=0, index=4): {'Currentstep': 4}
460.4668 	EXP 	question: autoDraw = False
460.4668 	EXP 	EDbufferscreen: autoDraw = True
460.6836 	DATA 	Mouse:  Left button up, pos=(1071,389)
460.7963 	EXP 	EDbufferscreen: autoDraw = False
460.7963 	EXP 	question: autoDraw = True
462.4699 	DATA 	Mouse: Left button down, pos=(839,390)
462.4809 	EXP 	New trial (rep=0, index=5): {'Currentstep': 5}
462.4900 	EXP 	question: autoDraw = False
462.4900 	EXP 	EDbufferscreen: autoDraw = True
462.7015 	DATA 	Mouse:  Left button up, pos=(839,390)
462.8291 	EXP 	EDbufferscreen: autoDraw = False
462.8291 	EXP 	question: autoDraw = True
463.5868 	DATA 	Mouse: Left button down, pos=(839,390)
463.5984 	EXP 	New trial (rep=0, index=6): {'Currentstep': 6}
463.6076 	EXP 	question: autoDraw = False
463.6076 	EXP 	EDbufferscreen: autoDraw = True
463.8008 	DATA 	Mouse:  Left button up, pos=(839,390)
463.9449 	EXP 	EDbufferscreen: autoDraw = False
463.9449 	EXP 	question: autoDraw = True
465.1099 	DATA 	Mouse: Left button down, pos=(839,390)
465.1249 	EXP 	Imported C:\Users\josep\Documents\04_Projekte\01_COG-ED_Revision\Stimuli_Short\Moneyvalues.xlsx as conditions, 7 conditions, 1 params
465.1253 	EXP 	Created sequence: sequential, trialTypes=7, nReps=1, seed=None
465.1256 	EXP 	New trial (rep=0, index=0): {'Currentstep': 0}
465.1334 	EXP 	question: autoDraw = False
465.1334 	EXP 	EDbufferscreen: autoDraw = True
465.3344 	DATA 	Mouse:  Left button up, pos=(839,390)
465.4620 	EXP 	EDbufferscreen: autoDraw = False
465.4620 	EXP 	question: autoDraw = True
466.3955 	DATA 	Mouse: Left button down, pos=(839,390)
466.4085 	EXP 	New trial (rep=0, index=1): {'Currentstep': 1}
466.4179 	EXP 	question: autoDraw = False
466.4179 	EXP 	EDbufferscreen: autoDraw = True
466.5994 	DATA 	Mouse:  Left button up, pos=(839,390)
466.7463 	EXP 	EDbufferscreen: autoDraw = False
466.7463 	EXP 	question: autoDraw = True
466.9069 	DATA 	Mouse: Left button down, pos=(839,390)
466.9183 	EXP 	New trial (rep=0, index=2): {'Currentstep': 2}
466.9282 	EXP 	question: autoDraw = False
466.9282 	EXP 	EDbufferscreen: autoDraw = True
467.1172 	DATA 	Mouse:  Left button up, pos=(839,390)
467.2624 	EXP 	EDbufferscreen: autoDraw = False
467.2624 	EXP 	question: autoDraw = True
467.3310 	DATA 	Mouse: Left button down, pos=(839,390)
467.3433 	EXP 	New trial (rep=0, index=3): {'Currentstep': 3}
467.3522 	EXP 	question: autoDraw = False
467.3522 	EXP 	EDbufferscreen: autoDraw = True
467.5510 	DATA 	Mouse:  Left button up, pos=(839,390)
467.6947 	EXP 	EDbufferscreen: autoDraw = False
467.6947 	EXP 	question: autoDraw = True
467.7389 	DATA 	Mouse: Left button down, pos=(839,390)
467.7509 	EXP 	New trial (rep=0, index=4): {'Currentstep': 4}
467.7603 	EXP 	question: autoDraw = False
467.7603 	EXP 	EDbufferscreen: autoDraw = True
467.9675 	DATA 	Mouse:  Left button up, pos=(839,390)
468.0968 	EXP 	EDbufferscreen: autoDraw = False
468.0968 	EXP 	question: autoDraw = True
468.3121 	DATA 	Mouse: Left button down, pos=(839,390)
468.3243 	EXP 	New trial (rep=0, index=5): {'Currentstep': 5}
468.3332 	EXP 	question: autoDraw = False
468.3332 	EXP 	EDbufferscreen: autoDraw = True
468.5348 	DATA 	Mouse:  Left button up, pos=(839,390)
468.6626 	EXP 	EDbufferscreen: autoDraw = False
468.6626 	EXP 	question: autoDraw = True
469.3067 	DATA 	Mouse: Left button down, pos=(1116,391)
469.3187 	EXP 	New trial (rep=0, index=6): {'Currentstep': 6}
469.3284 	EXP 	question: autoDraw = False
469.3284 	EXP 	EDbufferscreen: autoDraw = True
469.5166 	DATA 	Mouse:  Left button up, pos=(1116,391)
469.6615 	EXP 	EDbufferscreen: autoDraw = False
469.6615 	EXP 	question: autoDraw = True
469.8457 	DATA 	Mouse: Left button down, pos=(1116,391)
469.9715 	EXP 	question: autoDraw = False
469.9715 	EXP 	finaln_instructiontext: text = 'Eine Ihrer Entscheidungen lautete:\n\n"Das Rote Level für 0.09€ oder das Grüne Level für 2.00€?"\n\nZufällig ausgewählt wurde das Grüne Level für 2.00€.\n\nIhnen werden nun nacheinander Buchstaben auf dem Bildschirm präsentiert. Wenn der aktuelle Buchstabe der gleiche ist wie der, der vier zuvor präsentiert wurde, dann drücken Sie bitte die rechte Pfeiltaste. Wenn es nicht der gleiche Buchstabe ist, drücken sie bitte die linke Pfeiltaste.\nReagieren Sie bei jedem Buchstaben bitte so schnell und richtig wie möglich.\n\nrechts = gleicher Buchstabe wie vier zuvor\nlinks = nicht der gleiche Buchstabe wie zuvor\n\nDrücken Sie die Leertaste, um zu beginnen.'
469.9715 	EXP 	finaln_instructiontext: autoDraw = True
470.0686 	DATA 	Mouse:  Left button up, pos=(1116,391)
472.0916 	EXP 	Imported C:\Users\josep\Documents\04_Projekte\01_COG-ED_Revision\Stimuli_Short\4back.xlsx as conditions, 14 conditions, 3 params
472.0926 	EXP 	Created sequence: sequential, trialTypes=14, nReps=1, seed=None
472.0936 	EXP 	New trial (rep=0, index=0): {'Letter': 'F', 'CorrAnswer': 'left', 'Stimulus': 'Distractor'}
472.1012 	DATA 	Keypress: space
472.1044 	EXP 	finaln_instructiontext: autoDraw = False
472.1044 	EXP 	finaln_fixcross: autoDraw = True
474.0914 	EXP 	finaln_fixcross: autoDraw = False
474.0914 	EXP 	finaln_trial: text = 'F'
474.0914 	EXP 	finaln_trial: autoDraw = True
475.1168 	DATA 	Keypress: left
475.5789 	EXP 	New trial (rep=0, index=1): {'Letter': 'P', 'CorrAnswer': 'left', 'Stimulus': 'Pretarget'}
475.5917 	EXP 	finaln_trial: autoDraw = False
475.5917 	EXP 	finaln_fixcross: autoDraw = True
477.5914 	EXP 	finaln_fixcross: autoDraw = False
477.5914 	EXP 	finaln_trial: text = 'P'
477.5914 	EXP 	finaln_trial: autoDraw = True
477.9338 	DATA 	Keypress: right
479.0773 	EXP 	New trial (rep=0, index=2): {'Letter': 'B', 'CorrAnswer': 'left', 'Stimulus': 'Distractor'}
479.0915 	EXP 	finaln_trial: autoDraw = False
479.0915 	EXP 	finaln_fixcross: autoDraw = True
481.0911 	EXP 	finaln_fixcross: autoDraw = False
481.0911 	EXP 	finaln_trial: text = 'B'
481.0911 	EXP 	finaln_trial: autoDraw = True
481.3994 	DATA 	Keypress: left
482.5774 	EXP 	New trial (rep=0, index=3): {'Letter': 'K', 'CorrAnswer': 'left', 'Stimulus': 'Pretarget'}
482.5913 	EXP 	finaln_trial: autoDraw = False
482.5913 	EXP 	finaln_fixcross: autoDraw = True
484.5912 	EXP 	finaln_fixcross: autoDraw = False
484.5912 	EXP 	finaln_trial: text = 'K'
484.5912 	EXP 	finaln_trial: autoDraw = True
484.8837 	DATA 	Keypress: left
486.0772 	EXP 	New trial (rep=0, index=4): {'Letter': 'H', 'CorrAnswer': 'left', 'Stimulus': 'Distractor'}
486.0912 	EXP 	finaln_trial: autoDraw = False
486.0912 	EXP 	finaln_fixcross: autoDraw = True
488.0910 	EXP 	finaln_fixcross: autoDraw = False
488.0910 	EXP 	finaln_trial: text = 'H'
488.0910 	EXP 	finaln_trial: autoDraw = True
489.5768 	EXP 	New trial (rep=0, index=5): {'Letter': 'P', 'CorrAnswer': 'right', 'Stimulus': 'Target'}
489.5910 	EXP 	finaln_trial: autoDraw = False
489.5910 	EXP 	finaln_fixcross: autoDraw = True
490.1990 	DATA 	Keypress: left
491.5907 	EXP 	finaln_fixcross: autoDraw = False
491.5907 	EXP 	finaln_trial: text = 'P'
491.5907 	EXP 	finaln_trial: autoDraw = True
493.0766 	EXP 	New trial (rep=0, index=6): {'Letter': 'L', 'CorrAnswer': 'left', 'Stimulus': 'Distractor'}
493.0908 	EXP 	finaln_trial: autoDraw = False
493.0908 	EXP 	finaln_fixcross: autoDraw = True
495.0906 	EXP 	finaln_fixcross: autoDraw = False
495.0906 	EXP 	finaln_trial: text = 'L'
495.0906 	EXP 	finaln_trial: autoDraw = True
496.5766 	EXP 	New trial (rep=0, index=7): {'Letter': 'K', 'CorrAnswer': 'right', 'Stimulus': 'Target'}
496.5907 	EXP 	finaln_trial: autoDraw = False
496.5907 	EXP 	finaln_fixcross: autoDraw = True
496.9671 	DATA 	Keypress: left
498.5901 	EXP 	finaln_fixcross: autoDraw = False
498.5901 	EXP 	finaln_trial: text = 'K'
498.5901 	EXP 	finaln_trial: autoDraw = True
499.6155 	DATA 	Keypress: left
500.0765 	EXP 	New trial (rep=0, index=8): {'Letter': 'Z', 'CorrAnswer': 'left', 'Stimulus': 'Pretarget'}
500.0904 	EXP 	finaln_trial: autoDraw = False
500.0904 	EXP 	finaln_fixcross: autoDraw = True
502.0899 	EXP 	finaln_fixcross: autoDraw = False
502.0899 	EXP 	finaln_trial: text = 'Z'
502.0899 	EXP 	finaln_trial: autoDraw = True
502.4154 	DATA 	Keypress: left
503.5756 	EXP 	New trial (rep=0, index=9): {'Letter': 'S', 'CorrAnswer': 'left', 'Stimulus': 'Pretarget'}
503.5902 	EXP 	finaln_trial: autoDraw = False
503.5902 	EXP 	finaln_fixcross: autoDraw = True
505.5898 	EXP 	finaln_fixcross: autoDraw = False
505.5898 	EXP 	finaln_trial: text = 'S'
505.5898 	EXP 	finaln_trial: autoDraw = True
505.8990 	DATA 	Keypress: right
507.0762 	EXP 	New trial (rep=0, index=10): {'Letter': 'N', 'CorrAnswer': 'left', 'Stimulus': 'Distractor'}
507.0901 	EXP 	finaln_trial: autoDraw = False
507.0901 	EXP 	finaln_fixcross: autoDraw = True
509.0896 	EXP 	finaln_fixcross: autoDraw = False
509.0896 	EXP 	finaln_trial: text = 'N'
509.0896 	EXP 	finaln_trial: autoDraw = True
509.3806 	DATA 	Keypress: right
510.5757 	EXP 	New trial (rep=0, index=11): {'Letter': 'M', 'CorrAnswer': 'left', 'Stimulus': 'Distractor'}
510.5899 	EXP 	finaln_trial: autoDraw = False
510.5899 	EXP 	finaln_fixcross: autoDraw = True
512.5897 	EXP 	finaln_fixcross: autoDraw = False
512.5897 	EXP 	finaln_trial: text = 'M'
512.5897 	EXP 	finaln_trial: autoDraw = True
512.9968 	DATA 	Keypress: right
514.0758 	EXP 	New trial (rep=0, index=12): {'Letter': 'Z', 'CorrAnswer': 'right', 'Stimulus': 'Target'}
514.0897 	EXP 	finaln_trial: autoDraw = False
514.0897 	EXP 	finaln_fixcross: autoDraw = True
516.0895 	EXP 	finaln_fixcross: autoDraw = False
516.0895 	EXP 	finaln_trial: text = 'Z'
516.0895 	EXP 	finaln_trial: autoDraw = True
517.0562 	DATA 	Keypress: left
517.5756 	EXP 	New trial (rep=0, index=13): {'Letter': 'S', 'CorrAnswer': 'right', 'Stimulus': 'Target'}
517.5895 	EXP 	finaln_trial: autoDraw = False
517.5895 	EXP 	finaln_fixcross: autoDraw = True
519.5890 	EXP 	finaln_fixcross: autoDraw = False
519.5890 	EXP 	finaln_trial: text = 'S'
519.5890 	EXP 	finaln_trial: autoDraw = True
520.1152 	DATA 	Keypress: left
520.1978 	DATA 	Keypress: right
521.0895 	EXP 	finaln_trial: autoDraw = False
521.0895 	EXP 	GoodbyeText: autoDraw = True
522.8464 	DATA 	Keypress: escape
525.5907 	EXP 	window1: mouseVisible = True
